[COT 2022-9M-21 20:2m:33] 76561198017844134: ESP: Clearing ESP
[COT 2022-9M-21 20:2m:34] 76561198017844134: ESP: Viewing ESP
[COT 2022-9M-21 20:3m:3s] 76561198017844134: Entered the Free Camera
[COT 2022-9M-21 20:8m:3s] 76561198017844134: Spawned Entity Brown Bear (Animal_UrsusArctos<2ff6f10>, -1, 800) at <1432.069458, 463.691467, 14052.348633>
[COT 2022-9M-21 20:10:10] 76561198017844134: ESP: Clearing ESP
[COT 2022-9M-21 20:10:10] 76561198017844134: ESP: Viewing ESP
[COT 2022-9M-21 20:10:45] 76561198017844134: ESP: Clearing ESP
[COT 2022-9M-21 20:10:47] 76561198017844134: ESP: Viewing ESP
[COT 2022-9M-21 20:11:10] 76561198017844134: ESP: Clearing ESP
[COT 2022-9M-21 20:11:12] 76561198017844134: ESP: Viewing ESP
[COT 2022-9M-21 20:11:16] 76561198015557715: Teleported to position <1394.619629, 305.242004, 9267.430664>
[COT 2022-9M-21 20:13:3s] 76561198017844134: ESP: Clearing ESP
[COT 2022-9M-21 20:13:3s] 76561198017844134: ESP: Viewing ESP
[COT 2022-9M-21 20:13:4s] 76561198015557715: Teleported to position <1697.296997, 448.144684, 13925.261719>
[COT 2022-9M-21 20:13:24] 76561198015557715: ESP: Viewing ESP
[COT 2022-9M-21 20:14:33] 76561198017844134: Left the Free Camera
[COT 2022-9M-21 20:15:15] 76561198015557715: Entered the Free Camera
[COT 2022-9M-21 20:15:29] 76561198015557715: Left the Free Camera
[COT 2022-9M-21 20:15:57] 76561198017844134: ESP: Clearing ESP
[COT 2022-9M-21 20:16:47] 76561198015557715: Entered the Free Camera
[COT 2022-9M-21 20:16:55] 76561198015557715: Left the Free Camera
[COT 2022-9M-21 20:19:5s] 76561198015557715: Spawned Entity Shemagh Facemask (Shemagh_Facemask_ColorBase<16cfa0d0>, -1, 75) at <1687.649048, 447.647430, 13914.262695>
[COT 2022-9M-21 20:23:29] 76561198017844134: ESP: Viewing ESP
[COT 2022-9M-21 20:24:12] 76561198017844134: ESP: Clearing ESP
[COT 2022-9M-21 20:24:14] 76561198017844134: ESP: Viewing ESP
[COT 2022-9M-21 20:24:26] 76561198017844134: Entered the Free Camera
[COT 2022-9M-21 20:26:40] 76561198017844134: Spawned Entity 5.56 DMR 100 round Stanag (TTC_DMR_556Stanag_100rnd<15c420e0>, 1, 100) at <1535.976318, 452.562866, 14173.758789>
[COT 2022-9M-21 20:27:50] 76561198017844134: Left the Free Camera
[COT 2022-9M-21 20:28:0s] 76561198017844134: Entered the Free Camera
[COT 2022-9M-21 20:32:49] 76561198017844134: Left the Free Camera
[COT 2022-9M-21 20:33:12] 76561198017844134: Spawned Entity Car Battery (CarBattery<170ab7a0>, 50, 200) at <1688.387329, 448.389740, 14209.554688>
[COT 2022-9M-21 20:33:22] 76561198017844134: Entered the Free Camera
[COT 2022-9M-21 20:35:15] 76561198017844134: Left the Free Camera
[COT 2022-9M-21 20:35:23] 76561198017844134: Entered the Free Camera
[COT 2022-9M-21 20:35:43] 76561198017844134: Left the Free Camera
[COT 2022-9M-21 20:35:57] 76561198017844134: Spawned Entity Metal Wire (MetalWire<17721f80>, -1, 500) at <1688.176880, 448.389740, 14209.748047>
[COT 2022-9M-21 20:36:33] 76561198015557715: Entered the Free Camera
[COT 2022-9M-21 20:36:47] 76561198015557715: ESP: Clearing ESP
[COT 2022-9M-21 20:36:47] 76561198015557715: ESP: Viewing ESP
[COT 2022-9M-21 20:37:7s] 76561198015557715: ESP: Clearing ESP
[COT 2022-9M-21 20:37:9s] 76561198015557715: ESP: ESP updating
[COT 2022-9M-21 20:37:20] 76561198015557715: ESP: Clearing ESP
[COT 2022-9M-21 20:37:23] 76561198015557715: ESP: Viewing ESP
[COT 2022-9M-21 20:37:25] 76561198017844134: Entered the Free Camera
[COT 2022-9M-21 20:37:43] 76561198015557715: Left the Free Camera
[COT 2022-9M-21 20:39:49] 76561198015557715: Spawned Entity Handcuffs (Handcuffs<1719b8c0>, -1, 200) at <1687.951172, 449.371155, 14208.995117>
[COT 2022-9M-21 20:40:10] 76561198017844134: Left the Free Camera
[COT 2022-9M-21 20:40:36] 76561198015557715: Spawned Entity Handcuff Keys (HandcuffKeys<16f0bca0>, -1, 100) at <1689.052856, 448.429688, 14210.256836>
[COT 2022-9M-21 20:41:45] 76561198017844134: Entered the Free Camera
[COT 2022-9M-21 20:41:46] 76561198017844134: Left the Free Camera
[COT 2022-9M-21 20:42:6s] 76561198017844134: Teleported to position <713.318359, 429.627167, 15291.724609>
[COT 2022-9M-21 20:42:13] 76561198017844134: Teleported to <1692.924316, 448.429688, 14214.185547> [guid=F6ba8Lb5rTfk7SPTvehszX71D171DjV-B9kT6vj9WHY=]
[COT 2022-9M-21 20:42:14] 76561198015557715: ESP: Clearing ESP
[COT 2022-9M-21 20:42:14] 76561198015557715: ESP: Viewing ESP
[COT 2022-9M-21 20:42:15] 76561198017844134: Teleported [guid=F6ba8Lb5rTfk7SPTvehszX71D171DjV-B9kT6vj9WHY=] to <713.318359, 429.627167, 15291.724609>
[COT 2022-9M-21 20:42:31] 76561198017844134: Teleported to position <730.828674, 428.900787, 15292.025391>
[COT 2022-9M-21 20:42:31] 76561198017844134: Teleported to position <730.828674, 428.900787, 15292.025391>
[COT 2022-9M-21 20:42:36] 76561198015557715: Teleported [guid=uQpbWOSqDfBH1eKt-Cxb6rOdSfp5cDaw7YoLwsAmzNU=] to <712.695313, 429.668823, 15291.676758>
[COT 2022-9M-21 20:42:46] 76561198017844134: ESP: Clearing ESP
[COT 2022-9M-21 20:42:47] 76561198017844134: ESP: Viewing ESP
[COT 2022-9M-21 20:48:41] 76561198015557715: Entered the Free Camera
[COT 2022-9M-21 20:48:56] 76561198015557715: Teleported to position <1328.194336, 163.912643, 6290.666016>
[COT 2022-9M-21 20:48:58] 76561198015557715: Left the Free Camera
[COT 2022-9M-21 20:49:4s] 76561198015557715: Entered the Free Camera
[COT 2022-9M-21 20:49:15] 76561198015557715: Left the Free Camera
[COT 2022-9M-21 20:49:49] 76561198015557715: Teleported to <689.498596, 431.172760, 15284.625977> [guid=uQpbWOSqDfBH1eKt-Cxb6rOdSfp5cDaw7YoLwsAmzNU=]
[COT 2022-9M-21 20:49:50] 76561198017844134: Teleported to position <1332.728149, 166.906357, 6296.980469>
[COT 2022-9M-21 20:49:53] 76561198015557715: Teleported to <1332.728149, 166.906357, 6296.980469> [guid=uQpbWOSqDfBH1eKt-Cxb6rOdSfp5cDaw7YoLwsAmzNU=]
[COT 2022-9M-21 20:50:39] 76561198015557715: Entered the Free Camera
[COT 2022-9M-21 20:51:28] 76561198015557715: Left the Free Camera
[COT 2022-9M-21 20:53:8s] 76561198015557715: Teleported to position <802.454651, 383.927856, 11044.438477>
[COT 2022-9M-21 20:53:13] 76561198015557715: Teleported [guid=uQpbWOSqDfBH1eKt-Cxb6rOdSfp5cDaw7YoLwsAmzNU=] to <801.888428, 384.296173, 11043.813477>
[COT 2022-9M-21 20:53:45] 76561198015557715: Entered the Free Camera
[COT 2022-9M-21 20:53:58] 76561198015557715: Left the Free Camera
[COT 2022-9M-21 21:0m:46] 76561198017844134: Set UnlimitedAmmo To true [guid=uQpbWOSqDfBH1eKt-Cxb6rOdSfp5cDaw7YoLwsAmzNU=]
[COT 2022-9M-21 21:0m:49] 76561198015557715: Teleported to position <5839.917480, 7.191358, 2103.925781>
[COT 2022-9M-21 21:0m:54] 76561198015557715: Teleported [guid=uQpbWOSqDfBH1eKt-Cxb6rOdSfp5cDaw7YoLwsAmzNU=] to <5839.917480, 7.191345, 2103.925781>
[COT 2022-9M-21 21:3m:37] 76561198017844134: Set UnlimitedAmmo To false [guid=uQpbWOSqDfBH1eKt-Cxb6rOdSfp5cDaw7YoLwsAmzNU=]
[COT 2022-9M-21 21:6m:12] 76561198015557715: Entered the Free Camera
[COT 2022-9M-21 21:6m:14] 76561198015557715: Left the Free Camera
[COT 2022-9M-21 21:7m:14] 76561198015557715: Teleported to position <6187.087402, 19.906548, 2787.049316>
[COT 2022-9M-21 21:7m:19] 76561198015557715: Teleported [guid=uQpbWOSqDfBH1eKt-Cxb6rOdSfp5cDaw7YoLwsAmzNU=] to <6187.087402, 19.906548, 2787.049316>
[COT 2022-9M-21 21:7m:29] 76561198015557715: ESP: Clearing ESP
[COT 2022-9M-21 21:15:46] 76561198017844134: Teleported to position <3463.861816, 195.060150, 13145.910156>
[COT 2022-9M-21 21:17:2s] 76561198017844134: Set Energy To 3000 [guid=uQpbWOSqDfBH1eKt-Cxb6rOdSfp5cDaw7YoLwsAmzNU=]
[COT 2022-9M-21 21:17:2s] 76561198017844134: Set Water To 3000 [guid=uQpbWOSqDfBH1eKt-Cxb6rOdSfp5cDaw7YoLwsAmzNU=]
[COT 2022-9M-21 21:17:12] 76561198017844134: ESP: Clearing ESP
[COT 2022-9M-21 21:17:13] 76561198017844134: ESP: Viewing ESP
[COT 2022-9M-21 21:17:37] 76561198017844134: ESP: Clearing ESP
[COT 2022-9M-21 21:17:37] 76561198017844134: ESP: Viewing ESP
[COT 2022-9M-21 21:17:50] 76561198017844134: Entered the Free Camera
[COT 2022-9M-21 21:18:5s] 76561198017844134: ESP: Clearing ESP
[COT 2022-9M-21 21:18:7s] 76561198017844134: ESP: Viewing ESP
[COT 2022-9M-21 21:18:57] 76561198017844134: Left the Free Camera
[COT 2022-9M-21 21:21:12] 76561198017844134: Entered the Free Camera
[COT 2022-9M-21 21:23:3s] 76561198017844134: Left the Free Camera
[COT 2022-9M-21 21:23:30] 76561198017844134: ESP: Clearing ESP
