[COT 2022-10-12 20:26:44] 76561198017844134: Spawned Entity Hunting Knife (HuntingKnife<a43810d0>, -1, 130) at <4088.729248, 339.239960, 11084.166016>
[COT 2022-10-12 20:30:59] 76561198017844134: Teleported to position <2944.263672, 211.951385, 12553.937500>
[COT 2022-10-12 20:31:7s] 76561198017844134: Teleported to position <4127.071777, 342.225098, 11190.492188>
[COT 2022-10-12 20:31:9s] 76561198017844134: Teleported to position <4125.073730, 342.305023, 11190.492188>
[COT 2022-10-12 20:31:9s] 76561198017844134: Teleported to position <4125.073730, 342.305023, 11190.492188>
[COT 2022-10-12 20:31:9s] 76561198017844134: Teleported to position <4125.073730, 342.305023, 11190.492188>
[COT 2022-10-12 20:41:55] 76561198017844134: ESP: Viewing ESP
[COT 2022-10-12 20:41:55] 76561198017844134: ESP: Clearing ESP
[COT 2022-10-12 21:0m:7s] 76561198017844134: ESP: Viewing ESP
[COT 2022-10-12 21:0m:8s] 76561198017844134: ESP: Clearing ESP
[COT 2022-10-12 21:9m:36] 76561198017844134: ESP: Viewing ESP
[COT 2022-10-12 21:9m:40] 76561198017844134: ESP: Clearing ESP
[COT 2022-10-12 21:9m:43] 76561198017844134: ESP: Viewing ESP
[COT 2022-10-12 21:10:5s] 76561198017844134: ESP: Clearing ESP
[COT 2022-10-12 21:11:50] 76561198017844134: Teleported to position <675.053650, 135.683136, 5940.710449>
[COT 2022-10-12 21:11:50] 76561198017844134: Teleported to position <675.053650, 135.683136, 5940.710449>
[COT 2022-10-12 21:11:50] 76561198017844134: Teleported to position <675.053650, 135.683136, 5940.710449>
[COT 2022-10-12 21:13:15] 76561198017844134: Teleported to position <4826.727539, 339.040009, 10432.432617>
[COT 2022-10-12 21:13:16] 76561198017844134: Teleported to position <4826.727539, 339.040009, 10432.432617>
[COT 2022-10-12 21:13:38] 76561198017844134: Teleported [guid=Ipsh3GxOJCRmyJdhssFMW1rBKq4k852X0-FvXIlTgcc=] to <4829.098145, 339.201233, 10436.403320>
[COT 2022-10-12 21:14:12] 76561198017844134: Set GodMode To true [guid=Ipsh3GxOJCRmyJdhssFMW1rBKq4k852X0-FvXIlTgcc=]
[COT 2022-10-12 21:14:56] 76561198017844134: Healed [guid=uQpbWOSqDfBH1eKt-Cxb6rOdSfp5cDaw7YoLwsAmzNU=]
[COT 2022-10-12 21:14:57] 76561198017844134: Healed [guid=uQpbWOSqDfBH1eKt-Cxb6rOdSfp5cDaw7YoLwsAmzNU=]
[COT 2022-10-12 21:14:59] 76561198017844134: Set GodMode To true [guid=uQpbWOSqDfBH1eKt-Cxb6rOdSfp5cDaw7YoLwsAmzNU=]
[COT 2022-10-12 21:16:9s] 76561198017844134: Set UnlimitedAmmo To true [guid=uQpbWOSqDfBH1eKt-Cxb6rOdSfp5cDaw7YoLwsAmzNU=]
[COT 2022-10-12 21:18:15] 76561198017844134: Teleported to position <6631.578125, 7.450000, 2585.840088>
