[COT 2022-10-1D 1h:40:29] 76561198015557715: Teleported to position <5001.028809, 9.282988, 2293.645020>
[COT 2022-10-1D 1h:40:32] 76561198015557715: Entered the Free Camera
[COT 2022-10-1D 1h:40:39] 76561198015557715: Left the Free Camera
[COT 2022-10-1D 1h:40:42] 76561198015557715: Entered the Free Camera
[COT 2022-10-1D 1h:41:11] 76561198015557715: Set rain to 0 0 0
[COT 2022-10-1D 1h:41:11] 76561198015557715: Set storm to 0 0.8 4000
[COT 2022-10-1D 1h:41:11] 76561198015557715: Set fog to 0.0222178 0 0
[COT 2022-10-1D 1h:41:11] 76561198015557715: Set overcast to 0.692913 0 0
[COT 2022-10-1D 1h:41:11] 76561198015557715: Set the date to 2022/10/8 6:45
[COT 2022-10-1D 1h:41:11] 76561198015557715: Set wind to 10.6794 10.6794 1
[COT 2022-10-1D 1h:41:16] 76561198015557715: Set rain to 0 0 0
[COT 2022-10-1D 1h:41:16] 76561198015557715: Set storm to 0 0.8 4000
[COT 2022-10-1D 1h:41:16] 76561198015557715: Set fog to 0.0222178 0 0
[COT 2022-10-1D 1h:41:16] 76561198015557715: Set overcast to 0.692913 0 0
[COT 2022-10-1D 1h:41:16] 76561198015557715: Set the date to 2022/10/8 10:4
[COT 2022-10-1D 1h:41:16] 76561198015557715: Set wind to 10.6794 10.6794 1
[COT 2022-10-1D 1h:41:22] 76561198015557715: Set rain to 0 0 0
[COT 2022-10-1D 1h:41:22] 76561198015557715: Set storm to 0 0.8 4000
[COT 2022-10-1D 1h:41:22] 76561198015557715: Set fog to 0 0 0
[COT 2022-10-1D 1h:41:22] 76561198015557715: Set overcast to 0.692913 0 0
[COT 2022-10-1D 1h:41:22] 76561198015557715: Set the date to 2022/10/8 10:4
[COT 2022-10-1D 1h:41:22] 76561198015557715: Set wind to 10.6794 10.6794 1
[COT 2022-10-1D 1h:41:23] 76561198015557715: Set rain to 0 0 0
[COT 2022-10-1D 1h:41:23] 76561198015557715: Set storm to 0 0.8 4000
[COT 2022-10-1D 1h:41:23] 76561198015557715: Set fog to 0 0 0
[COT 2022-10-1D 1h:41:23] 76561198015557715: Set overcast to 0.692913 0 0
[COT 2022-10-1D 1h:41:23] 76561198015557715: Set the date to 2022/10/8 10:4
[COT 2022-10-1D 1h:41:23] 76561198015557715: Set wind to 10.6794 10.6794 1
[COT 2022-10-1D 1h:41:23] 76561198015557715: Set rain to 0 0 0
[COT 2022-10-1D 1h:41:23] 76561198015557715: Set storm to 0 0.8 4000
[COT 2022-10-1D 1h:41:23] 76561198015557715: Set fog to 0 0 0
[COT 2022-10-1D 1h:41:23] 76561198015557715: Set overcast to 0.692913 0 0
[COT 2022-10-1D 1h:41:23] 76561198015557715: Set the date to 2022/10/8 10:4
[COT 2022-10-1D 1h:41:23] 76561198015557715: Set wind to 10.6794 10.6794 1
[COT 2022-10-1D 1h:41:23] 76561198015557715: Set rain to 0 0 0
[COT 2022-10-1D 1h:41:23] 76561198015557715: Set storm to 0 0.8 4000
[COT 2022-10-1D 1h:41:23] 76561198015557715: Set fog to 0 0 0
[COT 2022-10-1D 1h:41:23] 76561198015557715: Set overcast to 0.692913 0 0
[COT 2022-10-1D 1h:41:23] 76561198015557715: Set the date to 2022/10/8 10:4
[COT 2022-10-1D 1h:41:23] 76561198015557715: Set wind to 10.6794 10.6794 1
[COT 2022-10-1D 1h:41:27] 76561198015557715: Set rain to 0 0 0
[COT 2022-10-1D 1h:41:27] 76561198015557715: Set storm to 0 0.8 4000
[COT 2022-10-1D 1h:41:27] 76561198015557715: Set fog to 0 0 0
[COT 2022-10-1D 1h:41:27] 76561198015557715: Set overcast to 0.4 0 0
[COT 2022-10-1D 1h:41:27] 76561198015557715: Set the date to 2022/10/8 10:4
[COT 2022-10-1D 1h:41:27] 76561198015557715: Set wind to 10.6794 10.6794 1
[COT 2022-10-1D 1h:42:0s] 76561198015557715: Left the Free Camera
[COT 2022-10-1D 1h:42:10] 76561198015557715: Teleported to position <12156.028320, 139.997467, 12410.610352>
[COT 2022-10-1D 1h:42:11] 76561198015557715: Entered the Free Camera
[COT 2022-10-1D 1h:42:15] 76561198015557715: Left the Free Camera
[COT 2022-10-1D 1h:42:15] 76561198015557715: Entered the Free Camera
[COT 2022-10-1D 1h:42:17] 76561198015557715: Left the Free Camera
[COT 2022-10-1D 1h:42:19] 76561198015557715: Entered the Free Camera
[COT 2022-10-1D 1h:42:51] 76561198015557715: Left the Free Camera
[COT 2022-10-1D 1h:43:5s] 76561198015557715: Teleported to position <10367.369141, 6.070507, 2343.559570>
[COT 2022-10-1D 1h:43:9s] 76561198015557715: Entered the Free Camera
[COT 2022-10-1D 1h:43:45] 76561198015557715: Left the Free Camera
[COT 2022-10-1D 1h:44:3s] 76561198015557715: Teleported to position <3814.403809, 398.839294, 5929.884277>
[COT 2022-10-1D 1h:44:5s] 76561198015557715: Entered the Free Camera
[COT 2022-10-1D 1h:44:47] 76561198015557715: Left the Free Camera
[COT 2022-10-1D 1h:45:0s] 76561198015557715: Teleported to position <8276.953125, 462.982635, 9085.856445>
[COT 2022-10-1D 1h:45:1s] 76561198015557715: Entered the Free Camera
[COT 2022-10-1D 1h:45:16] 76561198015557715: Left the Free Camera
[COT 2022-10-1D 1h:45:25] 76561198015557715: Teleported to position <7218.542969, 252.928009, 6972.232422>
[COT 2022-10-1D 1h:45:35] 76561198015557715: Entered the Free Camera
