[COT 2022-10-6D 0h:21:50] 76561198015557715: ESP: Clearing ESP
[COT 2022-10-6D 0h:21:52] 76561198015557715: ESP: Viewing ESP
[COT 2022-10-6D 0h:22:0s] 76561198015557715: ESP index=0 target=TerritoryFlagKit:05575 position=<114.121109, 478.643097, 11281.063477> action=delete
[COT 2022-10-6D 0h:22:0s] 76561198015557715: ESP index=1 target=Msp_PlanterBox:05500 position=<115.932808, 478.601044, 11280.755859> action=delete
[COT 2022-10-6D 0h:22:0s] 76561198015557715: ESP index=2 target=Paper:04895 position=<114.555092, 478.557648, 11280.842773> action=delete
[COT 2022-10-6D 0h:22:0s] 76561198015557715: ESP index=3 target=Msp_PlanterBox:04862 position=<114.629929, 478.602997, 11281.839844> action=delete
[COT 2022-10-6D 0h:22:0s] 76561198015557715: ESP action=delete_all count=4 attempted=4
[COT 2022-10-6D 0h:22:19] 76561198015557715: ESP index=0 target=PlantMaterial:05351 position=<110.804199, 478.774231, 11285.733398> action=delete
[COT 2022-10-6D 0h:22:19] 76561198015557715: ESP index=1 target=Msp_Greenhouse:05232 position=<110.127663, 478.579407, 11284.420898> action=delete
[COT 2022-10-6D 0h:22:19] 76561198015557715: ESP index=2 target=PlantMaterial:04985 position=<111.644646, 478.839569, 11282.896484> action=delete
[COT 2022-10-6D 0h:22:19] 76561198015557715: ESP index=3 target=PlantMaterial:04900 position=<110.525795, 478.851379, 11283.005859> action=delete
[COT 2022-10-6D 0h:22:19] 76561198015557715: ESP action=delete_all count=4 attempted=4
[COT 2022-10-6D 0h:22:38] 76561198015557715: Spawned Entity Wall Kit (ExpansionWallKit<9a32cb90>, -1, 100) at <117.600815, 478.561371, 11278.070313>
[COT 2022-10-6D 0h:23:13] 76561198015557715: Spawned Entity Admin Hammer (Hammer<9a331200>, -1, 100) at <121.177765, 478.537170, 11284.608398>
[COT 2022-10-6D 0h:27:17] 76561198015557715: Spawned Entity Roof Kit (ExpansionRoofKit<9bb3b720>, -1, 100) at <114.513199, 478.551849, 11288.438477>
[COT 2022-10-6D 0h:30:26] 76561198015557715: ESP: Clearing ESP
[COT 2022-10-6D 0h:30:26] 76561198015557715: ESP: Viewing ESP
[COT 2022-10-6D 0h:30:30] 76561198015557715: ESP index=0 target=ExpansionRoofKit:025419 position=<119.280899, 478.612946, 11287.044922> action=delete
[COT 2022-10-6D 0h:30:30] 76561198015557715: ESP index=1 target=ExpansionFloor6x6:023653 position=<119.283852, 478.548004, 11287.049805> action=delete
[COT 2022-10-6D 0h:30:30] 76561198015557715: ESP action=delete_all count=2 attempted=2
[COT 2022-10-6D 0h:30:38] 76561198015557715: Spawned Entity Floor Kit (ExpansionFloorKit<9b86b2a0>, -1, 100) at <116.326378, 478.540375, 11290.042969>
[COT 2022-10-6D 0h:31:10] 76561198015557715: ESP: Clearing ESP
[COT 2022-10-6D 0h:31:11] 76561198015557715: ESP: Viewing ESP
[COT 2022-10-6D 0h:31:13] 76561198015557715: ESP index=0 target=ExpansionWallKit:014903 position=<116.439651, 478.584747, 11292.693359> action=delete
[COT 2022-10-6D 0h:31:13] 76561198015557715: ESP action=delete_all count=1 attempted=1
[COT 2022-10-6D 0h:31:19] 76561198015557715: ESP target=ExpansionFloorKit:024576 position=<119.280899, 478.597137, 11287.044922> action=delete
[COT 2022-10-6D 0h:31:23] 76561198015557715: ESP: Clearing ESP
[COT 2022-10-6D 0h:31:23] 76561198015557715: ESP: Viewing ESP
[COT 2022-10-6D 0h:31:37] 76561198015557715: ESP index=0 target=NailBox:024576 position=<9585.125000, 6.383838, 2008.462036> action=delete
[COT 2022-10-6D 0h:31:37] 76561198015557715: ESP index=1 target=ExpansionFloor6x6:018653 position=<119.283852, 478.548004, 11287.049805> action=delete
[COT 2022-10-6D 0h:31:37] 76561198015557715: ESP action=delete_all count=2 attempted=2
[COT 2022-10-6D 0h:31:47] 76561198015557715: Spawned Entity Code Lock (ExpansionCodeLock<8a0dc9f0>, -1, 100) at <113.459724, 478.556610, 11288.243164>
[COT 2022-10-6D 0h:31:48] 76561198015557715: Spawned Entity Code Lock (ExpansionCodeLock<8a0d8d90>, -1, 100) at <113.459724, 478.556610, 11288.243164>
[COT 2022-10-6D 0h:32:38] 76561198015557715: Spawned Entity Ada 4x4 (OffroadHatchback<78e762e0>, -1, 1000) at <105.329399, 478.598267, 11279.768555>
[COT 2022-10-6D 0h:33:7s] 76561198015557715: Spawned Entity Olga 24 Wheel (CivSedanWheel<a2423070>, -1, 200) at <107.487289, 478.602325, 11280.731445>
[COT 2022-10-6D 0h:33:8s] 76561198015557715: Spawned Entity Olga 24 Wheel (CivSedanWheel<a24280f0>, -1, 200) at <107.487289, 478.602325, 11280.731445>
[COT 2022-10-6D 0h:33:8s] 76561198015557715: Spawned Entity Olga 24 Wheel (CivSedanWheel<a2428b00>, -1, 200) at <107.487289, 478.602325, 11280.731445>
[COT 2022-10-6D 0h:33:8s] 76561198015557715: Spawned Entity Olga 24 Wheel (CivSedanWheel<a2424ea0>, -1, 200) at <107.487289, 478.602325, 11280.731445>
[COT 2022-10-6D 0h:33:32] 76561198015557715: ESP: Clearing ESP
[COT 2022-10-6D 0h:33:33] 76561198015557715: ESP: Viewing ESP
[COT 2022-10-6D 0h:33:42] 76561198015557715: Spawned Entity Ada 4x4 Wheel (HatchbackWheel<a243b8e0>, -1, 200) at <105.896812, 479.737366, 11280.352539>
[COT 2022-10-6D 0h:33:42] 76561198015557715: Spawned Entity Ada 4x4 Wheel (HatchbackWheel<a24390a0>, -1, 200) at <105.896812, 479.737366, 11280.352539>
[COT 2022-10-6D 0h:33:42] 76561198015557715: Spawned Entity Ada 4x4 Wheel (HatchbackWheel<a243f540>, -1, 200) at <105.896812, 479.737366, 11280.352539>
[COT 2022-10-6D 0h:33:42] 76561198015557715: Spawned Entity Ada 4x4 Wheel (HatchbackWheel<a2438690>, -1, 200) at <105.896812, 479.737366, 11280.352539>
[COT 2022-10-6D 0h:33:44] 76561198015557715: Spawned Entity Ada 4x4 Left Door (HatchbackDoors_Driver<a243d710>, -1, 500) at <105.896812, 479.737366, 11280.352539>
[COT 2022-10-6D 0h:33:46] 76561198015557715: Spawned Entity Ada 4x4 Right Door (HatchbackDoors_CoDriver<a243ff50>, -1, 500) at <105.896812, 479.737366, 11280.352539>
[COT 2022-10-6D 0h:33:48] 76561198015557715: Spawned Entity Ada 4x4 Hood (HatchbackHood<a2444fd0>, -1, 500) at <105.896812, 479.737366, 11280.352539>
[COT 2022-10-6D 0h:33:51] 76561198015557715: Spawned Entity Ada 4x4 Trunk Door (HatchbackTrunk<a244d2a0>, -1, 500) at <105.896812, 479.737366, 11280.352539>
[COT 2022-10-6D 0h:34:22] 76561198015557715: ESP target=CivSedanWheel:028555 position=<107.487289, 478.735229, 11280.731445> action=delete
[COT 2022-10-6D 0h:34:29] 76561198015557715: ESP: Clearing ESP
[COT 2022-10-6D 0h:34:30] 76561198015557715: ESP: Viewing ESP
[COT 2022-10-6D 0h:34:31] 76561198015557715: ESP index=0 target=CivSedanWheel:05124 position=<107.487289, 478.735229, 11280.731445> action=delete
[COT 2022-10-6D 0h:34:31] 76561198015557715: ESP action=delete_all count=1 attempted=1
[COT 2022-10-6D 0h:34:32] 76561198015557715: ESP: Clearing ESP
[COT 2022-10-6D 0h:34:32] 76561198015557715: ESP: Viewing ESP
[COT 2022-10-6D 0h:34:35] 76561198015557715: ESP index=0 target=CivSedanWheel:05026 position=<107.487289, 478.735229, 11280.731445> action=delete
[COT 2022-10-6D 0h:34:35] 76561198015557715: ESP action=delete_all count=1 attempted=1
[COT 2022-10-6D 0h:34:38] 76561198015557715: ESP index=0 target=CivSedanWheel:021039 position=<107.487289, 478.735229, 11280.731445> action=delete
[COT 2022-10-6D 0h:34:38] 76561198015557715: ESP action=delete_all count=1 attempted=1
[COT 2022-10-6D 0h:35:19] 76561198015557715: Spawned Entity Spark Plug (SparkPlug<954a5650>, -1, 20) at <103.836174, 478.645172, 11280.822266>
[COT 2022-10-6D 0h:35:29] 76561198015557715: Spawned Entity Car Battery (CarBattery<954a6060>, 50, 200) at <103.836174, 478.645172, 11280.822266>
[COT 2022-10-6D 0h:35:46] 76561198015557715: Spawned Entity Jerrycan (CanisterGasoline<a221d660>, 20000, 300) at <103.836174, 478.645172, 11280.822266>
[COT 2022-10-6D 0h:37:2s] 76561198015557715: Spawned Entity Car Radiator (CarRadiator<9b5121a0>, -1, 250) at <106.765846, 478.606110, 11280.666016>
[COT 2022-10-6D 0h:37:7s] 76561198015557715: Spawned Entity Keys (ExpansionCarKey<9b50c710>, -1, 100) at <106.765846, 478.606110, 11280.666016>
[COT 2022-10-6D 0h:38:57] 76561198015557715: Spawned Entity Camo Net (CamoNet<a2bdcc70>, -1, 120) at <112.914818, 478.564056, 11285.379883>
[COT 2022-10-6D 2h:0m:53] 76561198015557715: ESP: Clearing ESP
[COT 2022-10-6D 2h:1m:2s] 76561198015557715: ESP: Viewing ESP
[COT 2022-10-6D 2h:1m:7s] 76561198015557715: ESP: Clearing ESP
[COT 2022-10-6D 2h:1m:8s] 76561198015557715: ESP: Viewing ESP
[COT 2022-10-6D 2h:1m:19] 76561198015557715: ESP: Clearing ESP
[COT 2022-10-6D 2h:1m:20] 76561198015557715: ESP: Viewing ESP
[COT 2022-10-6D 2h:1m:23] 76561198015557715: ESP: Clearing ESP
[COT 2022-10-6D 2h:1m:25] 76561198015557715: Entered the Free Camera
[COT 2022-10-6D 2h:2m:14] 76561198015557715: Left the Free Camera
[COT 2022-10-6D 2h:2m:25] 76561198015557715: ESP: Viewing ESP
[COT 2022-10-6D 2h:2m:32] 76561198015557715: ESP: Clearing ESP
[COT 2022-10-6D 2h:2m:33] 76561198015557715: ESP: Viewing ESP
[COT 2022-10-6D 2h:4m:30] 76561198015557715: ESP: Clearing ESP
[COT 2022-10-6D 2h:4m:31] 76561198015557715: ESP: Viewing ESP
[COT 2022-10-6D 2h:4m:37] 76561198015557715: ESP: Clearing ESP
[COT 2022-10-6D 2h:4m:37] 76561198015557715: ESP: Viewing ESP
[COT 2022-10-6D 2h:4m:44] 76561198015557715: ESP: Clearing ESP
[COT 2022-10-6D 2h:4m:45] 76561198015557715: ESP: Viewing ESP
[COT 2022-10-6D 2h:6m:12] 76561198015557715: ESP: Clearing ESP
[COT 2022-10-6D 2h:6m:12] 76561198015557715: ESP: Viewing ESP
[COT 2022-10-6D 2h:6m:16] 76561198015557715: ESP: Clearing ESP
[COT 2022-10-6D 2h:6m:17] 76561198015557715: ESP: Viewing ESP
[COT 2022-10-6D 2h:6m:39] 76561198015557715: Spawned Entity Ada 4x4 (OffroadHatchback<78e77f00>, -1, 1000) at <111.441002, 478.562347, 11287.703125>
[COT 2022-10-6D 2h:6m:46] 76561198015557715: ESP: Clearing ESP
[COT 2022-10-6D 2h:6m:46] 76561198015557715: ESP: Viewing ESP
[COT 2022-10-6D 2h:22:6s] 76561198015557715: Spawned Entity .308 WIN Tracer Rounds (Ammo_308WinTracer<3121fa0>, 1, 100) at <113.707176, 478.552032, 11289.682617>
[COT 2022-10-6D 2h:22:7s] 76561198015557715: Spawned Entity .308 WIN Tracer Rounds (Ammo_308WinTracer<31233c0>, 1, 100) at <113.707176, 478.552032, 11289.682617>
[COT 2022-10-6D 2h:22:8s] 76561198015557715: Spawned Entity .308 WIN Tracer Rounds (Ammo_308WinTracer<312b690>, 1, 100) at <113.707176, 478.552032, 11289.682617>
[COT 2022-10-6D 2h:35:21] 76561198015557715: Spawned Entity Ada 4x4 Wheel (HatchbackWheel<f131ce20>, -1, 200) at <114.062729, 478.552551, 11289.063477>
[COT 2022-10-6D 2h:35:21] 76561198015557715: Spawned Entity Ada 4x4 Wheel (HatchbackWheel<f131d830>, -1, 200) at <114.062729, 478.552551, 11289.063477>
[COT 2022-10-6D 2h:35:21] 76561198015557715: Spawned Entity Ada 4x4 Wheel (HatchbackWheel<f1320070>, -1, 200) at <114.062729, 478.552551, 11289.063477>
[COT 2022-10-6D 2h:35:22] 76561198015557715: Spawned Entity Ada 4x4 Wheel (HatchbackWheel<f1326510>, -1, 200) at <114.062729, 478.552551, 11289.063477>
[COT 2022-10-6D 2h:35:24] 76561198015557715: Spawned Entity Ada 4x4 Left Door (HatchbackDoors_Driver<f1337ed0>, -1, 500) at <114.062729, 478.552551, 11289.063477>
[COT 2022-10-6D 2h:35:26] 76561198015557715: Spawned Entity Ada 4x4 Right Door (HatchbackDoors_CoDriver<f1334c80>, -1, 500) at <114.062729, 478.552551, 11289.063477>
[COT 2022-10-6D 2h:35:28] 76561198015557715: Spawned Entity Ada 4x4 Hood (HatchbackHood<f1332e50>, -1, 500) at <114.062729, 478.552551, 11289.063477>
[COT 2022-10-6D 2h:35:29] 76561198015557715: Spawned Entity Ada 4x4 Trunk Door (HatchbackTrunk<f13374c0>, -1, 500) at <114.062729, 478.552551, 11289.063477>
[COT 2022-10-6D 2h:35:34] 76561198015557715: Spawned Entity Car Battery (CarBattery<f133bb30>, 50, 200) at <114.062729, 478.552551, 11289.063477>
[COT 2022-10-6D 2h:35:38] 76561198015557715: Spawned Entity Car Radiator (CarRadiator<f1339d00>, -1, 250) at <114.062729, 478.552551, 11289.063477>
[COT 2022-10-6D 2h:35:44] 76561198015557715: Spawned Entity Spark Plug (SparkPlug<f133cf50>, -1, 20) at <114.062729, 478.552551, 11289.063477>
[COT 2022-10-6D 2h:35:50] 76561198015557715: Spawned Entity Jerrycan (CanisterGasoline<aac536f0>, 20000, 300) at <114.062729, 478.552551, 11289.063477>
[COT 2022-10-6D 2h:37:57] 76561198015557715: Spawned Entity Keys (ExpansionCarKey<9bb33e60>, -1, 100) at <113.725006, 478.552887, 11289.318359>
[COT 2022-10-6D 2h:38:25] 76561198015557715: Spawned Entity Universal Flashlight (UniversalLight<9bb41bc0>, -1, 70) at <112.331161, 478.554840, 11291.543945>
[COT 2022-10-6D 2h:38:44] 76561198015557715: Spawned Entity 9V Battery (Battery9V<eaf3c0d0>, 50, 20) at <112.331161, 478.554840, 11291.543945>
