[COT 2022-10-18 18:59:1s] 76561198017844134: ESP: Viewing ESP
[COT 2022-10-18 18:59:4s] 76561198017844134: ESP: Clearing ESP
[COT 2022-10-18 19:8m:7s] 76561198017844134: ESP: Viewing ESP
[COT 2022-10-18 19:8m:8s] 76561198017844134: ESP: Clearing ESP
[COT 2022-10-18 19:12:29] 76561198015557715: ESP: Viewing ESP
[COT 2022-10-18 19:12:33] 76561198015557715: ESP: Clearing ESP
[COT 2022-10-18 19:12:35] 76561198015557715: ESP: Viewing ESP
[COT 2022-10-18 19:13:28] 76561198015557715: ESP: Clearing ESP
[COT 2022-10-18 19:16:57] 76561198017844134: Spawned Entity 12ga 00 Buckshots (Ammo_12gaPellets<80770d30>, 1, 100) at <6640.496582, 11.379785, 2585.587402>
[COT 2022-10-18 19:18:50] 76561198017844134: Spawned Entity Head Torch (Headtorch_Black<807507a0>, -1, 25) at <6629.212402, 11.419729, 2592.373779>
[COT 2022-10-18 19:18:56] 76561198017844134: Spawned Entity 9V Battery (Battery9V<80753c70>, 50, 20) at <6629.212402, 11.419729, 2592.373779>
[COT 2022-10-18 19:25:39] 76561198017844134: Spawned Entity Firefighter Jacket (FirefighterJacket_Black<74cc3340>, -1, 150) at <6249.151367, 14.368545, 2720.967529>
[COT 2022-10-18 19:25:46] 76561198015557715: ESP: Viewing ESP
[COT 2022-10-18 19:25:53] 76561198015557715: ESP: Clearing ESP
[COT 2022-10-18 19:28:27] 76561198015557715: ESP: Viewing ESP
[COT 2022-10-18 19:28:36] 76561198015557715: ESP: Clearing ESP
[COT 2022-10-18 19:28:39] 76561198015557715: ESP: Viewing ESP
[COT 2022-10-18 19:29:1s] 76561198015557715: ESP: Clearing ESP
[COT 2022-10-18 19:29:3s] 76561198015557715: ESP: Viewing ESP
[COT 2022-10-18 19:29:10] 76561198015557715: ESP: Clearing ESP
[COT 2022-10-18 19:30:5s] 76561198015557715: ESP: Viewing ESP
[COT 2022-10-18 19:30:11] 76561198015557715: ESP: Clearing ESP
[COT 2022-10-18 19:30:14] 76561198015557715: ESP: Viewing ESP
[COT 2022-10-18 19:30:27] 76561198015557715: ESP: Clearing ESP
[COT 2022-10-18 19:34:50] 76561198017844134: Spawned Entity Iodine Tincture (IodineTincture<847767a0>, 250, 30) at <6193.177734, 26.790773, 2921.580811>
[COT 2022-10-18 19:57:42] 76561198017844134: Spawned Entity Lighter (PetrolLighter<84778750>, 20, 20) at <3346.083496, 185.870987, 3897.500244>
