[COT 2022-10-19 17:23:18] 76561198017844134: Spawned Entity PSO-1 Scope (PSO1Optic<64604f0>, -1, 50) at <1074.803589, 152.493027, 6584.587402>
[COT 2022-10-19 17:24:9s] 76561198017844134: Spawned Entity PBS-1 Suppressor (TTC_AKMod_Suppressor<b9e7900>, -1, 100) at <1074.807739, 152.493027, 6584.587891>
[COT 2022-10-19 17:24:19] 76561198017844134: Spawned Entity MAK-39/54 Buttstock (TTC_AKMod_bttstk<1b9e22d0>, -1, 100) at <1074.780518, 152.544067, 6584.583984>
[COT 2022-10-19 17:24:33] 76561198017844134: Deleted Entity MilitaryGear_HighCapVest_Tiger:06305 at <1075.357788, 152.503922, 6584.916016>
[COT 2022-10-19 17:24:35] 76561198017844134: Deleted Entity TTC_AKMod_Snow_bttstk:027310 at <1074.780518, 152.566391, 6584.583984>
[COT 2022-10-19 17:25:5s] 76561198017844134: Spawned Entity KA Polymer Buttstock (AK_PlasticBttstck<232bdfa0>, -1, 200) at <1074.815552, 152.493027, 6584.586426>
[COT 2022-10-19 17:25:39] 76561198017844134: ESP: Viewing ESP
[COT 2022-10-19 17:25:41] 76561198017844134: ESP: Clearing ESP
[COT 2022-10-19 17:26:1s] 76561198017844134: Spawned Entity Bandage (BandageDressing<26c59570>, 4, 50) at <1077.841187, 152.532990, 6584.862793>
[COT 2022-10-19 17:26:2s] 76561198017844134: Spawned Entity Bandage (BandageDressing<26c526c0>, 4, 50) at <1077.841187, 152.532990, 6584.862793>
[COT 2022-10-19 17:27:5s] 76561198017844134: Spawned Entity Rangefinder (Rangefinder<1fd3ca80>, -1, 70) at <1353.702026, 170.075989, 6629.103516>
[COT 2022-10-19 17:27:11] 76561198017844134: Spawned Entity 9V Battery (Battery9V<27177670>, 50, 20) at <1353.702026, 170.075989, 6629.103516>
[COT 2022-10-19 17:40:3s] 76561198017844134: Teleported to position <3070.501465, 364.269623, 6458.054688>
[COT 2022-10-19 17:44:58] 76561198017844134: Entered the Free Camera
[COT 2022-10-19 17:45:30] 76561198017844134: Spawned Entity Infected (ZmbM_SoldierNormal_Base<38bf5010>, -1, 115) at <3705.250488, 402.000000, 5963.898926>
[COT 2022-10-19 17:45:31] 76561198017844134: Spawned Entity Infected (ZmbM_SoldierNormal_Base<38bfc8d0>, -1, 115) at <3705.200928, 402.298553, 5964.209473>
[COT 2022-10-19 17:45:35] 76561198017844134: Spawned Entity Infected (ZmbM_SoldierNormal_Base<38bef580>, -1, 115) at <3703.156494, 401.999969, 5961.651367>
[COT 2022-10-19 17:45:37] 76561198017844134: Spawned Entity Infected (ZmbM_SoldierNormal_Base<38bfbec0>, -1, 115) at <3702.447510, 402.000000, 5959.338867>
[COT 2022-10-19 17:45:41] 76561198017844134: Spawned Entity Infected (ZmbM_SoldierNormal_Base<38be86d0>, -1, 115) at <3705.550781, 402.000000, 5959.170410>
[COT 2022-10-19 17:45:48] 76561198017844134: Spawned Entity Infected (ZmbM_SoldierNormal_Base<38bde5d0>, -1, 115) at <3701.798584, 401.999969, 5957.665527>
[COT 2022-10-19 17:48:37] 76561198017844134: Spawned Entity Wolf (Animal_CanisLupus<319a2db0>, -1, 200) at <3515.643311, 303.946167, 5664.852051>
[COT 2022-10-19 17:48:39] 76561198017844134: Spawned Entity Wolf (Animal_CanisLupus<3199c480>, -1, 200) at <3514.854248, 303.859161, 5665.004395>
[COT 2022-10-19 17:48:40] 76561198017844134: Spawned Entity Wolf (Animal_CanisLupus<319a7a30>, -1, 200) at <3513.716553, 303.720856, 5665.026367>
[COT 2022-10-19 17:48:42] 76561198017844134: Spawned Entity Wolf (Animal_CanisLupus<319abd20>, -1, 200) at <3511.788574, 303.627625, 5666.215332>
[COT 2022-10-19 17:48:43] 76561198017844134: Spawned Entity Wolf (Animal_CanisLupus<319a70a0>, -1, 200) at <3509.074707, 303.268494, 5666.030273>
[COT 2022-10-19 17:48:46] 76561198017844134: Spawned Entity Wolf (Animal_CanisLupus<319aaa00>, -1, 200) at <3507.717285, 303.266510, 5667.386719>
[COT 2022-10-19 17:52:13] 76561198017844134: Spawned Entity Infected (ZmbM_SoldierNormal_Base<386a07c0>, -1, 115) at <3703.863770, 402.000000, 5991.010742>
[COT 2022-10-19 17:52:15] 76561198017844134: Spawned Entity Infected (ZmbM_SoldierNormal_Base<3869e990>, -1, 115) at <3707.135254, 401.999969, 5992.815918>
[COT 2022-10-19 17:56:56] 76561198017844134: Teleported to position <6535.859863, 13.546457, 3086.545654>
[COT 2022-10-19 17:57:3s] 76561198017844134: Teleported to position <6534.664551, 13.666035, 3087.741455>
[COT 2022-10-19 17:57:3s] 76561198017844134: Teleported to position <6534.664551, 13.666035, 3087.741455>
[COT 2022-10-19 18:7m:3s] 76561198015557715: Teleported to position <12010.207031, 53.704193, 9202.960938>
[COT 2022-10-19 18:13:18] 76561198015557715: Entered the Free Camera
[COT 2022-10-19 18:13:42] 76561198015557715: Left the Free Camera
[COT 2022-10-19 18:14:29] 76561198015557715: Entered the Free Camera
[COT 2022-10-19 18:14:41] 76561198015557715: Left the Free Camera
