[COT 2022-9M-16 20:30:27] 76561198015557715: Teleported to position <7218.399414, 252.930115, 6971.867188>
[COT 2022-9M-16 20:30:29] 76561198015557715: Entered the Free Camera
[COT 2022-9M-16 20:31:13] 76561198015557715: Left the Free Camera
[COT 2022-9M-16 20:55:13] 76561198017844134: Teleported to position <2226.490234, 432.812469, 15266.389648>
[COT 2022-9M-16 20:55:24] 76561198017844134: Teleported [guid=hSqM7sZq4fS7_rPNSjlbvMePJ3fmimmG_KguBGRCRtg=] to <2226.490234, 432.812469, 15266.389648>
[COT 2022-9M-16 20:56:3s] 76561198017844134: Teleported to position <3740.670898, 363.216278, 14795.167969>
[COT 2022-9M-16 20:56:11] 76561198017844134: Teleported [guid=hSqM7sZq4fS7_rPNSjlbvMePJ3fmimmG_KguBGRCRtg=] to <3740.670898, 363.216278, 14795.167969>
[COT 2022-9M-16 20:57:45] 76561198017844134: Teleported to position <5719.417969, 480.993561, 14883.965820>
[COT 2022-9M-16 20:58:47] 76561198017844134: Teleported to position <3471.179443, 283.385925, 14760.812500>
[COT 2022-9M-16 20:58:53] 76561198017844134: Teleported [guid=hSqM7sZq4fS7_rPNSjlbvMePJ3fmimmG_KguBGRCRtg=] to <3471.179443, 283.385925, 14760.812500>
[COT 2022-9M-16 21:0m:24] 76561198017844134: Set GodMode To true [guid=hSqM7sZq4fS7_rPNSjlbvMePJ3fmimmG_KguBGRCRtg=]
[COT 2022-9M-16 21:0m:24] 76561198017844134: Set GodMode To true [guid=uQpbWOSqDfBH1eKt-Cxb6rOdSfp5cDaw7YoLwsAmzNU=]
[COT 2022-9M-16 21:0m:27] 76561198017844134: Set UnlimitedAmmo To true [guid=hSqM7sZq4fS7_rPNSjlbvMePJ3fmimmG_KguBGRCRtg=]
[COT 2022-9M-16 21:0m:27] 76561198017844134: Set UnlimitedAmmo To true [guid=uQpbWOSqDfBH1eKt-Cxb6rOdSfp5cDaw7YoLwsAmzNU=]
[COT 2022-9M-16 21:1m:12] 76561198017844134: Teleported to position <6742.021973, 386.218597, 14056.863281>
[COT 2022-9M-16 21:1m:20] 76561198017844134: Teleported [guid=hSqM7sZq4fS7_rPNSjlbvMePJ3fmimmG_KguBGRCRtg=] to <6742.021973, 386.218597, 14056.863281>
[COT 2022-9M-16 21:2m:21] 76561198017844134: Teleported to position <7287.034180, 230.273621, 13635.717773>
[COT 2022-9M-16 21:2m:28] 76561198017844134: Teleported to position <7445.452148, 216.231079, 13545.344727>
[COT 2022-9M-16 21:2m:34] 76561198017844134: Teleported to position <6779.671387, 216.530457, 13281.510742>
[COT 2022-9M-16 21:3m:38] 76561198017844134: Teleported to position <5928.918945, 209.842285, 13278.029297>
[COT 2022-9M-16 21:3m:59] 76561198017844134: Teleported to position <5208.350586, 203.721085, 13526.053711>
[COT 2022-9M-16 21:4m:16] 76561198017844134: Teleported [guid=hSqM7sZq4fS7_rPNSjlbvMePJ3fmimmG_KguBGRCRtg=] to <5220.168457, 203.842651, 13518.064453>
[COT 2022-9M-16 21:5m:37] 76561198017844134: Teleported to position <9269.031250, 105.635567, 13485.717773>
[COT 2022-9M-16 21:5m:50] 76561198017844134: Teleported [guid=hSqM7sZq4fS7_rPNSjlbvMePJ3fmimmG_KguBGRCRtg=] to <9269.031250, 105.635567, 13485.717773>
[COT 2022-9M-16 21:7m:14] 76561198017844134: Teleported to position <8531.476563, 379.350555, 15061.163086>
[COT 2022-9M-16 21:7m:19] 76561198017844134: Teleported [guid=hSqM7sZq4fS7_rPNSjlbvMePJ3fmimmG_KguBGRCRtg=] to <8531.476563, 379.350555, 15061.163086>
[COT 2022-9M-16 21:10:26] 76561198017844134: Teleported to position <1448.228516, 433.533417, 15295.584961>
[COT 2022-9M-16 21:10:50] 76561198017844134: Teleported [guid=hSqM7sZq4fS7_rPNSjlbvMePJ3fmimmG_KguBGRCRtg=] to <1448.228516, 433.545624, 15295.584961>
[COT 2022-9M-16 21:11:33] 76561198017844134: Teleported to position <182.125656, 385.825531, 12535.965820>
[COT 2022-9M-16 21:11:39] 76561198017844134: Teleported [guid=hSqM7sZq4fS7_rPNSjlbvMePJ3fmimmG_KguBGRCRtg=] to <182.125656, 385.837646, 12535.965820>
[COT 2022-9M-16 21:12:55] 76561198017844134: Teleported to position <240.581268, 542.732666, 11885.038086>
[COT 2022-9M-16 21:13:2s] 76561198017844134: Teleported [guid=hSqM7sZq4fS7_rPNSjlbvMePJ3fmimmG_KguBGRCRtg=] to <240.581268, 542.732666, 11885.038086>
[COT 2022-9M-16 21:14:43] 76561198017844134: Teleported to position <11557.799805, 58.075104, 14753.522461>
[COT 2022-9M-16 21:15:1s] 76561198017844134: Teleported [guid=hSqM7sZq4fS7_rPNSjlbvMePJ3fmimmG_KguBGRCRtg=] to <11557.799805, 58.075104, 14753.522461>
[COT 2022-9M-16 21:16:35] 76561198017844134: Teleported to position <218.483307, 312.989197, 7520.980469>
[COT 2022-9M-16 21:16:44] 76561198017844134: Teleported [guid=hSqM7sZq4fS7_rPNSjlbvMePJ3fmimmG_KguBGRCRtg=] to <218.483307, 313.014282, 7520.980469>
[COT 2022-9M-16 21:18:9s] 76561198017844134: Teleported to position <6542.019043, 391.699951, 5598.445313>
[COT 2022-9M-16 21:18:19] 76561198017844134: Teleported [guid=hSqM7sZq4fS7_rPNSjlbvMePJ3fmimmG_KguBGRCRtg=] to <6542.019043, 391.699951, 5598.445313>
[COT 2022-9M-16 21:19:14] 76561198017844134: Spawned Entity Flag Pole Kit (TerritoryFlagKit<c0d19d70>, -1, 200) at <6553.527344, 392.705170, 5596.494629>
[COT 2022-9M-16 21:19:28] 76561198017844134: Spawned Entity Floor Kit (ExpansionFloorKit<c0d23460>, -1, 100) at <6553.520996, 392.820190, 5596.596680>
[COT 2022-9M-16 21:19:31] 76561198017844134: Spawned Entity Roof Kit (ExpansionRoofKit<c0d266b0>, -1, 100) at <6553.514160, 392.952423, 5596.713379>
[COT 2022-9M-16 21:19:40] 76561198017844134: Spawned Entity Admin Hammer (Hammer<c0d1e3e0>, -1, 100) at <6553.514160, 392.952423, 5596.713379>
[COT 2022-9M-16 21:23:18] 76561198017844134: Spawned Entity Wall Kit (ExpansionWallKit<c0d27ad0>, -1, 100) at <6552.803711, 396.843842, 5597.910156>
[COT 2022-9M-16 21:27:59] 76561198017844134: Spawned Entity Floor Kit (ExpansionFloorKit<c0d3c6e0>, -1, 100) at <6543.107422, 392.056763, 5598.201172>
[COT 2022-9M-16 21:27:59] 76561198017844134: Spawned Entity Floor Kit (ExpansionFloorKit<c0d14cf0>, -1, 100) at <6543.107422, 392.056763, 5598.201172>
[COT 2022-9M-16 21:27:59] 76561198017844134: Spawned Entity Floor Kit (ExpansionFloorKit<c0d1cfc0>, -1, 100) at <6543.107422, 392.056763, 5598.201172>
[COT 2022-9M-16 21:28:2s] 76561198017844134: Spawned Entity Wall Kit (ExpansionWallKit<c4c63d40>, -1, 100) at <6543.107422, 392.056763, 5598.201172>
[COT 2022-9M-16 21:28:3s] 76561198017844134: Spawned Entity Wall Kit (ExpansionWallKit<c4c62920>, -1, 100) at <6543.107422, 392.056763, 5598.201172>
[COT 2022-9M-16 21:32:4s] 76561198017844134: ESP: Viewing ESP
[COT 2022-9M-16 21:32:8s] 76561198017844134: ESP index=0 target=ExpansionFloor6x6:07261 position=<6554.346680, 407.352875, 5597.405762> action=delete
[COT 2022-9M-16 21:32:8s] 76561198017844134: ESP action=delete_all count=1 attempted=1
[COT 2022-9M-16 21:32:17] 76561198017844134: ESP: Clearing ESP
[COT 2022-9M-16 21:40:39] 76561198017844134: ESP: Viewing ESP
[COT 2022-9M-16 21:41:22] 76561198017844134: ESP index=0 target=ExpansionFloor6x6:05713 position=<6551.964844, 399.330719, 5593.714844> action=delete
[COT 2022-9M-16 21:41:22] 76561198017844134: ESP action=delete_all count=1 attempted=1
[COT 2022-9M-16 21:42:47] 76561198017844134: Spawned Entity Wall Kit (ExpansionWallKit<bb8a3fd0>, -1, 100) at <6552.659668, 392.746796, 5597.102051>
[COT 2022-9M-16 21:42:54] 76561198017844134: Spawned Entity Code Lock (ExpansionCodeLock<bb8a1790>, -1, 100) at <6552.659668, 392.746796, 5597.102051>
[COT 2022-9M-16 21:43:54] 76561198017844134: ESP index=0 target=ExpansionFloor6x6:05628 position=<6551.850098, 399.331177, 5599.713867> action=delete
[COT 2022-9M-16 21:43:54] 76561198017844134: ESP action=delete_all count=1 attempted=1
[COT 2022-9M-16 21:49:7s] 76561198017844134: ESP index=0 target=ExpansionWall6x3:05304 position=<6554.790039, 396.594147, 5595.095215> action=delete
[COT 2022-9M-16 21:49:7s] 76561198017844134: ESP index=1 target=ExpansionFloor6x6:010109 position=<6554.864258, 396.593689, 5598.094238> action=delete
[COT 2022-9M-16 21:49:7s] 76561198017844134: ESP index=2 target=ExpansionFloor6x6:07289 position=<6550.063477, 396.697784, 5598.023438> action=delete
[COT 2022-9M-16 21:49:7s] 76561198017844134: ESP action=delete_all count=3 attempted=3
[COT 2022-9M-16 21:49:17] 76561198017844134: ESP index=0 target=ExpansionFloorKit:09829 position=<6554.858398, 396.067505, 5598.092773> action=delete
[COT 2022-9M-16 21:49:17] 76561198017844134: ESP action=delete_all count=1 attempted=1
[COT 2022-9M-16 21:51:37] 76561198017844134: ESP: Clearing ESP
[COT 2022-9M-16 21:51:37] 76561198017844134: ESP: Viewing ESP
[COT 2022-9M-16 21:51:45] 76561198017844134: ESP index=0 target=ExpansionWall6x3:05120 position=<6554.941895, 393.527008, 5600.207031> action=delete
[COT 2022-9M-16 21:51:45] 76561198017844134: ESP index=1 target=ExpansionWall6x3:09914 position=<6554.941895, 396.526550, 5600.207031> action=delete
[COT 2022-9M-16 21:51:45] 76561198017844134: ESP action=delete_all count=2 attempted=2
[COT 2022-9M-16 21:52:26] 76561198017844134: Healed [guid=hSqM7sZq4fS7_rPNSjlbvMePJ3fmimmG_KguBGRCRtg=]
[COT 2022-9M-16 21:52:45] 76561198017844134: Healed [guid=uQpbWOSqDfBH1eKt-Cxb6rOdSfp5cDaw7YoLwsAmzNU=]
[COT 2022-9M-16 21:52:51] 76561198017844134: Set GodMode To false [guid=hSqM7sZq4fS7_rPNSjlbvMePJ3fmimmG_KguBGRCRtg=]
[COT 2022-9M-16 21:52:51] 76561198017844134: Set UnlimitedAmmo To false [guid=hSqM7sZq4fS7_rPNSjlbvMePJ3fmimmG_KguBGRCRtg=]
[COT 2022-9M-16 21:52:53] 76561198017844134: Healed [guid=hSqM7sZq4fS7_rPNSjlbvMePJ3fmimmG_KguBGRCRtg=]
[COT 2022-9M-16 21:52:58] 76561198017844134: Healed [guid=hSqM7sZq4fS7_rPNSjlbvMePJ3fmimmG_KguBGRCRtg=]
[COT 2022-9M-16 21:53:1s] 76561198017844134: Healed [guid=uQpbWOSqDfBH1eKt-Cxb6rOdSfp5cDaw7YoLwsAmzNU=]
[COT 2022-9M-16 21:54:54] 76561198017844134: ESP index=0 target=ExpansionFloor6x6:015638 position=<6549.803711, 412.247772, 5597.220215> action=delete
[COT 2022-9M-16 21:54:54] 76561198017844134: ESP action=delete_all count=1 attempted=1
