[COT 2022-9M-29 15:26:12] 76561198017844134: Teleported to position <606.733521, 137.273697, 5918.685547>
[COT 2022-9M-29 15:26:24] 76561198017844134: Set rain to 0 0 0
[COT 2022-9M-29 15:26:24] 76561198017844134: Set storm to 0 0.8 4000
[COT 2022-9M-29 15:26:24] 76561198017844134: Set fog to 0 0 0
[COT 2022-9M-29 15:26:24] 76561198017844134: Set overcast to 0 0 0
[COT 2022-9M-29 15:26:24] 76561198017844134: Set the date to 2022/9/23 11:31
[COT 2022-9M-29 15:26:24] 76561198017844134: Set wind to 0 0 1
[COT 2022-9M-29 15:27:23] 76561198017844134: Spawned Entity Boxed Nails (NailBox<1778e490>, -1, 80) at <650.281494, 135.153870, 5924.187988>
[COT 2022-9M-29 15:27:23] 76561198017844134: Spawned Entity Boxed Nails (NailBox<1778d070>, -1, 80) at <650.281494, 135.153870, 5924.187988>
[COT 2022-9M-29 15:27:23] 76561198017844134: Spawned Entity Boxed Nails (NailBox<1778c660>, -1, 80) at <650.281494, 135.153870, 5924.187988>
[COT 2022-9M-29 15:27:23] 76561198017844134: Spawned Entity Boxed Nails (NailBox<1778a830>, -1, 80) at <650.281494, 135.153870, 5924.187988>
[COT 2022-9M-29 15:27:24] 76561198017844134: Spawned Entity Boxed Nails (NailBox<1778da80>, -1, 80) at <650.281494, 135.153870, 5924.187988>
[COT 2022-9M-29 15:27:24] 76561198017844134: Spawned Entity Boxed Nails (NailBox<1778b240>, -1, 80) at <650.281494, 135.153870, 5924.187988>
[COT 2022-9M-29 15:27:24] 76561198017844134: Spawned Entity Boxed Nails (NailBox<1778eea0>, -1, 80) at <650.281494, 135.153870, 5924.187988>
[COT 2022-9M-29 15:27:25] 76561198017844134: Spawned Entity Boxed Nails (NailBox<17787ff0>, -1, 80) at <650.281494, 135.153870, 5924.187988>
[COT 2022-9M-29 15:27:25] 76561198017844134: Spawned Entity Boxed Nails (NailBox<17788a00>, -1, 80) at <650.281494, 135.153870, 5924.187988>
[COT 2022-9M-29 15:27:41] 76561198017844134: Spawned Entity Lumber (3m) (ExpansionLumber3<18371480>, 10, 100) at <652.766479, 135.157959, 5924.914063>
[COT 2022-9M-29 15:27:43] 76561198017844134: Spawned Entity Lumber (3m) (ExpansionLumber3<18376f10>, 10, 100) at <652.475098, 135.160828, 5924.871094>
[COT 2022-9M-29 15:27:45] 76561198017844134: Spawned Entity Lumber (3m) (ExpansionLumber3<18370060>, 10, 100) at <652.369141, 135.159149, 5924.802734>
[COT 2022-9M-29 15:27:46] 76561198017844134: Spawned Entity Lumber (3m) (ExpansionLumber3<18377920>, 10, 100) at <652.175781, 135.155762, 5924.709473>
[COT 2022-9M-29 15:27:48] 76561198017844134: Spawned Entity Lumber (3m) (ExpansionLumber3<18378330>, 10, 100) at <651.985718, 135.152374, 5924.621582>
[COT 2022-9M-29 15:27:50] 76561198017844134: Spawned Entity Lumber (3m) (ExpansionLumber3<18378d40>, 10, 100) at <651.779602, 135.148300, 5924.564453>
[COT 2022-9M-29 15:27:52] 76561198017844134: Spawned Entity Lumber (3m) (ExpansionLumber3<18371e90>, 10, 100) at <651.520874, 135.143356, 5924.477539>
[COT 2022-9M-29 15:28:4s] 76561198017844134: Spawned Entity Plank (WoodenPlank<1837d3b0>, 10, 100) at <655.667236, 135.086807, 5925.941895>
[COT 2022-9M-29 15:28:6s] 76561198017844134: Spawned Entity Plank (WoodenPlank<18385680>, 10, 100) at <655.561890, 135.148987, 5925.891113>
[COT 2022-9M-29 15:28:8s] 76561198017844134: Spawned Entity Plank (WoodenPlank<183888d0>, 10, 100) at <655.560303, 135.082932, 5925.982910>
[COT 2022-9M-29 15:28:10] 76561198017844134: Spawned Entity Plank (WoodenPlank<18387ec0>, 10, 100) at <655.417053, 135.074417, 5926.077148>
[COT 2022-9M-29 15:28:11] 76561198017844134: Spawned Entity Plank (WoodenPlank<18381a20>, 10, 100) at <655.359802, 135.064484, 5926.189941>
[COT 2022-9M-29 15:28:13] 76561198017844134: Spawned Entity Plank (WoodenPlank<18389cf0>, 10, 100) at <655.244507, 135.046677, 5926.391602>
[COT 2022-9M-29 15:28:15] 76561198017844134: Spawned Entity Plank (WoodenPlank<18382e40>, 10, 100) at <655.112488, 135.036407, 5926.506348>
[COT 2022-9M-29 15:28:17] 76561198017844134: Spawned Entity Plank (WoodenPlank<18384c70>, 10, 100) at <655.049011, 135.046707, 5926.385254>
[COT 2022-9M-29 15:28:19] 76561198017844134: Spawned Entity Plank (WoodenPlank<183892e0>, 10, 100) at <655.051758, 135.155853, 5926.313477>
[COT 2022-9M-29 15:28:21] 76561198017844134: Spawned Entity Plank (WoodenPlank<1838a700>, 10, 100) at <654.971924, 135.264954, 5926.167480>
[COT 2022-9M-29 15:28:24] 76561198017844134: Spawned Entity Plank (WoodenPlank<18383850>, 10, 100) at <655.081665, 135.374176, 5926.005859>
[COT 2022-9M-29 15:28:27] 76561198017844134: Spawned Entity Plank (WoodenPlank<1838b110>, 10, 100) at <655.388733, 135.026932, 5926.624023>
[COT 2022-9M-29 15:28:30] 76561198017844134: Spawned Entity Plank (WoodenPlank<18384260>, 10, 100) at <655.235413, 135.155762, 5926.591309>
[COT 2022-9M-29 15:28:32] 76561198017844134: Spawned Entity Plank (WoodenPlank<191b31a0>, 10, 100) at <655.202148, 135.264908, 5926.616699>
[COT 2022-9M-29 15:28:37] 76561198017844134: Spawned Entity Plank (WoodenPlank<191b4fd0>, 10, 100) at <655.591064, 134.954590, 5927.465332>
[COT 2022-9M-29 15:28:38] 76561198017844134: Spawned Entity Plank (WoodenPlank<191b8220>, 10, 100) at <655.574707, 135.063782, 5927.351074>
[COT 2022-9M-29 15:28:39] 76561198017844134: Spawned Entity Plank (WoodenPlank<191bb470>, 10, 100) at <655.525085, 135.172958, 5927.259766>
[COT 2022-9M-29 15:28:40] 76561198017844134: Spawned Entity Plank (WoodenPlank<191ba050>, 10, 100) at <655.478882, 135.272720, 5927.177734>
[COT 2022-9M-29 15:28:59] 76561198017844134: Spawned Entity Hammer (Hammer<191c73a0>, 0, 100) at <650.127991, 135.159622, 5924.441406>
[COT 2022-9M-29 15:29:0s] 76561198017844134: Spawned Entity Hammer (Hammer<191c0f00>, 0, 100) at <650.127991, 135.159622, 5924.441406>
[COT 2022-9M-29 15:29:0s] 76561198017844134: Spawned Entity Hammer (Hammer<191cc420>, 0, 100) at <650.127991, 135.159622, 5924.441406>
[COT 2022-9M-29 15:29:1s] 76561198017844134: Spawned Entity Hammer (Hammer<191d0080>, 0, 100) at <650.127991, 135.159622, 5924.441406>
[COT 2022-9M-29 15:29:12] 76561198017844134: Spawned Entity Floor Kit (ExpansionFloorKit<191e2e60>, 0, 100) at <650.127991, 135.159622, 5924.441406>
[COT 2022-9M-29 15:29:13] 76561198017844134: Spawned Entity Floor Kit (ExpansionFloorKit<191eb130>, 0, 100) at <650.127991, 135.159622, 5924.441406>
[COT 2022-9M-29 15:29:13] 76561198017844134: Spawned Entity Floor Kit (ExpansionFloorKit<191ec550>, 0, 100) at <650.127991, 135.159622, 5924.441406>
[COT 2022-9M-29 15:29:13] 76561198017844134: Spawned Entity Floor Kit (ExpansionFloorKit<19c369e0>, 0, 100) at <650.127991, 135.159622, 5924.441406>
[COT 2022-9M-29 15:29:13] 76561198017844134: Spawned Entity Floor Kit (ExpansionFloorKit<19c39c30>, 0, 100) at <650.127991, 135.159622, 5924.441406>
[COT 2022-9M-29 15:29:14] 76561198017844134: Spawned Entity Floor Kit (ExpansionFloorKit<19c341a0>, 0, 100) at <650.127991, 135.159622, 5924.441406>
[COT 2022-9M-29 15:29:14] 76561198017844134: Spawned Entity Floor Kit (ExpansionFloorKit<19c3ba60>, 0, 100) at <650.127991, 135.159622, 5924.441406>
[COT 2022-9M-29 15:29:14] 76561198017844134: Spawned Entity Floor Kit (ExpansionFloorKit<19c355c0>, 0, 100) at <650.127991, 135.159622, 5924.441406>
[COT 2022-9M-29 15:29:15] 76561198017844134: Spawned Entity Floor Kit (ExpansionFloorKit<19c35fd0>, 0, 100) at <650.127991, 135.159622, 5924.441406>
[COT 2022-9M-29 15:29:15] 76561198017844134: Spawned Entity Floor Kit (ExpansionFloorKit<19c3d890>, 0, 100) at <650.127991, 135.159622, 5924.441406>
[COT 2022-9M-29 15:29:19] 76561198017844134: Spawned Entity Wall Kit (ExpansionWallKit<19c3ecb0>, 0, 100) at <650.127991, 135.159622, 5924.441406>
[COT 2022-9M-29 15:29:20] 76561198017844134: Spawned Entity Wall Kit (ExpansionWallKit<19c3f6c0>, 0, 100) at <650.127991, 135.159622, 5924.441406>
[COT 2022-9M-29 15:29:20] 76561198017844134: Spawned Entity Wall Kit (ExpansionWallKit<19c400d0>, 0, 100) at <650.127991, 135.159622, 5924.441406>
[COT 2022-9M-29 15:29:20] 76561198017844134: Spawned Entity Wall Kit (ExpansionWallKit<19c41f00>, 0, 100) at <650.127991, 135.159622, 5924.441406>
[COT 2022-9M-29 15:29:20] 76561198017844134: Spawned Entity Wall Kit (ExpansionWallKit<19c42910>, 0, 100) at <650.127991, 135.159622, 5924.441406>
[COT 2022-9M-29 15:29:21] 76561198017844134: Spawned Entity Wall Kit (ExpansionWallKit<19c47990>, 0, 100) at <650.127991, 135.159622, 5924.441406>
[COT 2022-9M-29 15:29:21] 76561198017844134: Spawned Entity Wall Kit (ExpansionWallKit<19c414f0>, 0, 100) at <650.127991, 135.159622, 5924.441406>
[COT 2022-9M-29 15:29:21] 76561198017844134: Spawned Entity Wall Kit (ExpansionWallKit<19c43320>, 0, 100) at <650.127991, 135.159622, 5924.441406>
[COT 2022-9M-29 15:29:21] 76561198017844134: Spawned Entity Wall Kit (ExpansionWallKit<19c4a1d0>, 0, 100) at <650.127991, 135.159622, 5924.441406>
[COT 2022-9M-29 15:29:22] 76561198017844134: Spawned Entity Wall Kit (ExpansionWallKit<19c45b60>, 0, 100) at <650.127991, 135.159622, 5924.441406>
[COT 2022-9M-29 15:29:40] 76561198017844134: Spawned Entity Flag Pole Kit (TerritoryFlagKit<19c57f30>, -1, 200) at <650.127991, 135.159622, 5924.441406>
[COT 2022-9M-29 15:39:29] 76561198017844134: ESP: Viewing ESP
[COT 2022-9M-29 15:39:40] 76561198017844134: ESP target=ExpansionWallBase<81e76420> action=position value=<642.700989, 131.753998, 5928.479980>
[COT 2022-9M-29 15:40:42] 76561198017844134: ESP: Clearing ESP
[COT 2022-9M-29 15:40:42] 76561198017844134: ESP: Viewing ESP
[COT 2022-9M-29 15:40:53] 76561198017844134: ESP target=ExpansionWallBase<18ef36b0> action=built part=wood_base required_materials=false
[COT 2022-9M-29 15:40:56] 76561198017844134: ESP target=ExpansionWallBase<18ef36b0> action=built part=wood_wallframe required_materials=false
[COT 2022-9M-29 15:41:27] 76561198017844134: ESP: Clearing ESP
[COT 2022-9M-29 15:41:27] 76561198017844134: ESP: Viewing ESP
[COT 2022-9M-29 15:41:33] 76561198017844134: ESP target=ExpansionWallBase<18ebfed0> action=built part=wood_base required_materials=false
[COT 2022-9M-29 15:41:35] 76561198017844134: ESP target=ExpansionWallBase<18ebfed0> action=built part=wood_wallframe required_materials=false
[COT 2022-9M-29 15:42:42] 76561198017844134: Spawned Entity Firewood (Firewood<1a7b9810>, 1, 500) at <654.172668, 135.428589, 5929.538574>
[COT 2022-9M-29 15:42:45] 76561198017844134: Spawned Entity Firewood (Firewood<1a7b79e0>, 1, 500) at <653.786438, 135.378967, 5929.292480>
[COT 2022-9M-29 15:42:46] 76561198017844134: Spawned Entity Firewood (Firewood<1a7ba220>, 1, 500) at <653.933105, 135.397171, 5929.383301>
[COT 2022-9M-29 15:42:48] 76561198017844134: Spawned Entity Firewood (Firewood<1a7b83f0>, 1, 500) at <654.122192, 135.565201, 5929.421875>
[COT 2022-9M-29 15:42:50] 76561198017844134: Spawned Entity Firewood (Firewood<1a7b3370>, 1, 500) at <654.298523, 135.430115, 5929.365723>
[COT 2022-9M-29 15:42:52] 76561198017844134: Spawned Entity Firewood (Firewood<1a7b4790>, 1, 500) at <654.399963, 135.431030, 5929.428711>
[COT 2022-9M-29 15:43:3s] 76561198017844134: Spawned Entity Fireplace (Fireplace<b9a67860>, 6, 100) at <654.538147, 135.500732, 5930.843262>
[COT 2022-9M-29 15:44:11] 76561198017844134: ESP: Clearing ESP
[COT 2022-9M-29 15:44:11] 76561198017844134: ESP: Viewing ESP
[COT 2022-9M-29 15:44:16] 76561198017844134: ESP target=ExpansionWallBase<18ec7d90> action=built part=wood_base required_materials=false
[COT 2022-9M-29 15:44:18] 76561198017844134: ESP target=ExpansionWallBase<18ec7d90> action=built part=wood_wallframe required_materials=false
[COT 2022-9M-29 15:45:4s] 76561198017844134: ESP: Clearing ESP
[COT 2022-9M-29 15:45:4s] 76561198017844134: ESP: Viewing ESP
[COT 2022-9M-29 15:45:8s] 76561198017844134: ESP target=ExpansionWallBase<18edcf90> action=built part=wood_base required_materials=false
[COT 2022-9M-29 15:45:12] 76561198017844134: ESP target=ExpansionWallBase<18edcf90> action=built part=wood_wallframe required_materials=false
[COT 2022-9M-29 15:51:50] 76561198017844134: ESP: Clearing ESP
[COT 2022-9M-29 15:55:15] 76561198017844134: ESP: Viewing ESP
[COT 2022-9M-29 15:55:15] 76561198017844134: ESP: Clearing ESP
[COT 2022-9M-29 15:55:15] 76561198017844134: ESP: Viewing ESP
[COT 2022-9M-29 15:55:19] 76561198017844134: ESP target=ExpansionWallBase<1a3bdaf0> action=built part=wood_base required_materials=false
[COT 2022-9M-29 15:55:21] 76561198017844134: ESP target=ExpansionWallBase<1a3bdaf0> action=built part=wood_wallframe required_materials=false
[COT 2022-9M-29 15:56:1s] 76561198017844134: ESP: Clearing ESP
[COT 2022-9M-29 15:56:1s] 76561198017844134: ESP: Viewing ESP
[COT 2022-9M-29 15:56:5s] 76561198017844134: ESP target=ExpansionWallBase<1a3cd870> action=built part=wood_base required_materials=false
[COT 2022-9M-29 15:56:7s] 76561198017844134: ESP target=ExpansionWallBase<1a3cd870> action=built part=wood_wallframe required_materials=false
[COT 2022-9M-29 15:56:46] 76561198017844134: ESP: Clearing ESP
[COT 2022-9M-29 15:56:46] 76561198017844134: ESP: Viewing ESP
[COT 2022-9M-29 15:56:51] 76561198017844134: ESP target=ExpansionFloorBase<1a3cc350> action=built part=wood_base required_materials=false
[COT 2022-9M-29 15:56:54] 76561198017844134: ESP target=ExpansionFloorBase<1a3cc350> action=built part=wood_floorframe required_materials=false
[COT 2022-9M-29 15:56:57] 76561198017844134: ESP target=ExpansionFloorBase<1a3cc350> action=built part=wood_floorfinished required_materials=false
