[COT 2022-10-8D 16:4m:50] 76561198015557715: ESP: Clearing ESP
[COT 2022-10-8D 16:4m:51] 76561198015557715: ESP: Viewing ESP
[COT 2022-10-8D 16:6m:51] 76561198017844134: Entered the Free Camera
[COT 2022-10-8D 16:7m:2s] 76561198017844134: Left the Free Camera
[COT 2022-10-8D 16:9m:7s] 76561198017844134: Spawned Entity Leupold Deltapoint Reflex Sight (ExpansionDeltapointOptic<938d6200>, -1, 30) at <13156.801758, 11.200559, 10230.259766>
[COT 2022-10-8D 16:9m:27] 76561198015557715: ESP: Clearing ESP
[COT 2022-10-8D 16:9m:28] 76561198015557715: ESP: Viewing ESP
[COT 2022-10-8D 16:9m:30] 76561198015557715: ESP index=0 target=MilitaryBoots_Brown:030277 position=<13157.652344, 5.626570, 10260.774414> action=delete
[COT 2022-10-8D 16:9m:30] 76561198015557715: ESP action=delete_all count=1 attempted=1
[COT 2022-10-8D 16:9m:31] 76561198015557715: ESP index=0 target=CargoPants_Grey:030276 position=<13157.652344, 5.623659, 10260.774414> action=delete
[COT 2022-10-8D 16:9m:31] 76561198015557715: ESP action=delete_all count=1 attempted=1
[COT 2022-10-8D 16:9m:33] 76561198015557715: ESP index=0 target=Hoodie_Green:029797 position=<13157.652344, 5.623611, 10260.774414> action=delete
[COT 2022-10-8D 16:9m:33] 76561198015557715: ESP action=delete_all count=1 attempted=1
[COT 2022-10-8D 16:11:28] 76561198017844134: Teleported to position <1270.906250, 149.866318, 6340.263184>
[COT 2022-10-8D 16:11:28] 76561198015557715: Teleported to position <1338.611572, 170.229645, 6316.884277>
[COT 2022-10-8D 16:11:40] 76561198015557715: Entered the Free Camera
[COT 2022-10-8D 16:11:47] 76561198015557715: Left the Free Camera
[COT 2022-10-8D 16:13:47] 76561198015557715: Teleported [guid=uQpbWOSqDfBH1eKt-Cxb6rOdSfp5cDaw7YoLwsAmzNU=] to <1224.516968, 132.227936, 6189.783691>
[COT 2022-10-8D 16:15:13] 76561198017844134: ESP: Viewing ESP
[COT 2022-10-8D 16:15:15] 76561198017844134: ESP: Clearing ESP
[COT 2022-10-8D 16:15:16] 76561198017844134: ESP: Viewing ESP
[COT 2022-10-8D 16:17:15] 76561198015557715: ESP: Clearing ESP
[COT 2022-10-8D 16:17:15] 76561198015557715: ESP: Viewing ESP
[COT 2022-10-8D 16:17:37] 76561198015557715: Entered the Free Camera
[COT 2022-10-8D 16:18:32] 76561198015557715: Left the Free Camera
[COT 2022-10-8D 16:26:6s] 76561198017844134: Spawned Entity Wooden Crate (WoodenCrate<9c7d2990>, -1, 400) at <1230.125122, 148.794266, 6217.981445>
[COT 2022-10-8D 16:26:16] 76561198017844134: Spawned Entity Gold Bar (ExpansionGoldBar<9c7d33a0>, 1, 100) at <1230.152100, 148.834305, 6219.415039>
[COT 2022-10-8D 16:37:44] 76561198017844134: Teleported to position <8462.765625, 144.298386, 13244.108398>
[COT 2022-10-8D 16:37:52] 76561198017844134: Teleported to position <8464.651367, 144.491104, 13248.823242>
[COT 2022-10-8D 16:37:52] 76561198017844134: Teleported to position <8464.651367, 144.491104, 13248.823242>
[COT 2022-10-8D 16:38:14] 76561198017844134: ESP: Clearing ESP
[COT 2022-10-8D 16:38:15] 76561198017844134: ESP: Viewing ESP
[COT 2022-10-8D 16:38:37] 76561198017844134: ESP: Clearing ESP
[COT 2022-10-8D 16:38:38] 76561198017844134: ESP: Viewing ESP
[COT 2022-10-8D 16:39:16] 76561198017844134: Teleported to position <244.004578, 447.602600, 15211.325195>
[COT 2022-10-8D 16:41:16] 76561198017844134: Teleported to position <8460.977539, 144.327713, 13245.711914>
[COT 2022-10-8D 16:41:17] 76561198017844134: Teleported to position <8460.977539, 144.327713, 13245.711914>
[COT 2022-10-8D 16:41:17] 76561198017844134: Teleported to position <8460.977539, 144.327713, 13245.711914>
[COT 2022-10-8D 16:41:17] 76561198017844134: Teleported to position <8460.977539, 144.327713, 13245.711914>
[COT 2022-10-8D 16:41:17] 76561198017844134: Teleported to position <8460.977539, 144.327713, 13245.711914>
[COT 2022-10-8D 16:42:25] 76561198017844134: ESP: Clearing ESP
[COT 2022-10-8D 16:42:27] 76561198017844134: ESP: Viewing ESP
[COT 2022-10-8D 16:45:9s] 76561198017844134: ESP: Clearing ESP
[COT 2022-10-8D 16:50:45] 76561198017844134: Teleported to position <8473.169922, 300.218933, 14545.719727>
[COT 2022-10-8D 16:51:8s] 76561198017844134: Teleported to position <8558.929688, 374.308136, 15028.468750>
[COT 2022-10-8D 16:51:22] 76561198017844134: ESP: Viewing ESP
[COT 2022-10-8D 16:52:33] 76561198017844134: Teleported to position <9024.623047, 260.691895, 14601.209961>
[COT 2022-10-8D 16:59:35] 76561198017844134: Teleported to position <667.049072, 135.184418, 5922.878906>
[COT 2022-10-8D 16:59:38] 76561198017844134: Teleported to position <667.049072, 135.184418, 5922.878906>
[COT 2022-10-8D 17:18:13] 76561198015557715: Teleported to position <5039.104004, 9.490224, 2412.555664>
[COT 2022-10-8D 17:19:12] 76561198015557715: ESP: Viewing ESP
[COT 2022-10-8D 17:19:14] 76561198015557715: ESP index=0 target=MP5K:012955 position=<5039.729492, 19.587261, 2501.983398> action=delete
[COT 2022-10-8D 17:19:14] 76561198015557715: ESP action=delete_all count=1 attempted=1
[COT 2022-10-8D 17:19:23] 76561198015557715: ESP target=GorkaEJacket_Summer:011785 position=<5037.873535, 10.111421, 2493.982666> action=delete
[COT 2022-10-8D 17:19:33] 76561198015557715: ESP target=Mag_MP5_30Rnd:012199 position=<5034.199707, 11.386030, 2507.833496> action=delete
[COT 2022-10-8D 17:19:39] 76561198015557715: ESP target=AssaultBag_Black:012725 position=<5029.003906, 11.075794, 2507.304443> action=delete
[COT 2022-10-8D 17:19:46] 76561198015557715: Entered the Free Camera
[COT 2022-10-8D 17:20:3s] 76561198015557715: ESP: Clearing ESP
[COT 2022-10-8D 17:20:4s] 76561198015557715: ESP: Viewing ESP
[COT 2022-10-8D 17:20:13] 76561198015557715: ESP target=AmmoBox_9x39_20Rnd:013264 position=<5040.852051, 19.598455, 2501.484619> action=delete
[COT 2022-10-8D 17:20:37] 76561198015557715: ESP: Clearing ESP
[COT 2022-10-8D 17:20:47] 76561198015557715: ESP: Viewing ESP
[COT 2022-10-8D 17:20:57] 76561198015557715: ESP index=0 target=MilitaryBelt:013375 position=<5104.016113, 19.653124, 2399.096436> action=delete
[COT 2022-10-8D 17:20:57] 76561198015557715: ESP index=1 target=GorkaPants_Summer:013133 position=<5107.555664, 21.734167, 2401.289063> action=delete
[COT 2022-10-8D 17:20:57] 76561198015557715: ESP index=2 target=TortillaBag:012909 position=<5109.433105, 15.847129, 2408.066406> action=delete
[COT 2022-10-8D 17:20:57] 76561198015557715: ESP index=3 target=AmmoBox_45ACP_25rnd:012543 position=<5102.079102, 19.669676, 2404.526855> action=delete
[COT 2022-10-8D 17:20:57] 76561198015557715: ESP index=4 target=AssaultBag_Green:011869 position=<5103.456543, 19.764191, 2400.721191> action=delete
[COT 2022-10-8D 17:20:57] 76561198015557715: ESP index=5 target=Mag_MP5_30Rnd:011785 position=<8611.101563, 146.256012, 13592.322266> action=delete
[COT 2022-10-8D 17:20:57] 76561198015557715: ESP action=delete_all count=6 attempted=6
[COT 2022-10-8D 17:21:7s] 76561198015557715: Left the Free Camera
[COT 2022-10-8D 17:21:31] 76561198015557715: Entered the Free Camera
[COT 2022-10-8D 17:21:45] 76561198015557715: ESP: Clearing ESP
[COT 2022-10-8D 17:21:46] 76561198015557715: ESP: Viewing ESP
[COT 2022-10-8D 17:22:45] 76561198015557715: ESP: Clearing ESP
[COT 2022-10-8D 17:24:8s] 76561198015557715: ESP: Viewing ESP
[COT 2022-10-8D 17:24:19] 76561198015557715: ESP target=CamoNetWinter:014162 position=<5148.883789, 13.558879, 2218.102295> action=delete
[COT 2022-10-8D 17:24:27] 76561198015557715: ESP: Clearing ESP
[COT 2022-10-8D 17:24:40] 76561198015557715: ESP: Viewing ESP
[COT 2022-10-8D 17:25:3s] 76561198015557715: ESP: Clearing ESP
[COT 2022-10-8D 17:25:5s] 76561198015557715: ESP: Viewing ESP
[COT 2022-10-8D 17:25:14] 76561198015557715: ESP index=0 target=AssaultBag_Ttsko:013473 position=<5119.145996, 33.589413, 2406.082275> action=delete
[COT 2022-10-8D 17:25:14] 76561198015557715: ESP index=1 target=KashtanOptic:012656 position=<5112.258301, 34.347973, 2408.910156> action=delete
[COT 2022-10-8D 17:25:14] 76561198015557715: ESP action=delete_all count=2 attempted=2
[COT 2022-10-8D 17:25:36] 76561198015557715: ESP: Clearing ESP
[COT 2022-10-8D 17:25:36] 76561198015557715: ESP: Viewing ESP
[COT 2022-10-8D 17:30:23] 76561198015557715: Left the Free Camera
[COT 2022-10-8D 17:30:32] 76561198015557715: Entered the Free Camera
[COT 2022-10-8D 17:30:40] 76561198015557715: Left the Free Camera
[COT 2022-10-8D 17:30:58] 76561198015557715: ESP: Clearing ESP
