[COT 2022-11-16 11:12:59] 76561198017844134: Spawned Entity Plank (WoodenPlank<2da620b0>, 10, 100) at <9676.742188, 299.515320, 8918.079102>
[COT 2022-11-16 11:13:0s] 76561198017844134: Spawned Entity Plank (WoodenPlank<2da5ee60>, 10, 100) at <9676.785156, 299.624451, 8918.182617>
[COT 2022-11-16 11:13:0s] 76561198017844134: Spawned Entity Plank (WoodenPlank<2da5f870>, 10, 100) at <9676.807617, 299.732422, 8918.269531>
[COT 2022-11-16 11:13:1s] 76561198017844134: Spawned Entity Plank (WoodenPlank<2da5e450>, 10, 100) at <9676.839844, 299.841614, 8918.366211>
[COT 2022-11-16 11:13:1s] 76561198017844134: Spawned Entity Plank (WoodenPlank<2da5c620>, 10, 100) at <9676.901367, 299.950745, 8918.473633>
[COT 2022-11-16 11:13:2s] 76561198017844134: Spawned Entity Plank (WoodenPlank<2da5d030>, 10, 100) at <9676.931641, 300.059875, 8918.561523>
[COT 2022-11-16 11:13:2s] 76561198017844134: Spawned Entity Plank (WoodenPlank<2da60c90>, 10, 100) at <9676.961914, 300.169037, 8918.654297>
[COT 2022-11-16 11:13:2s] 76561198017844134: Spawned Entity Plank (WoodenPlank<2da62ac0>, 10, 100) at <9676.992188, 300.276062, 8918.745117>
[COT 2022-11-16 11:13:3s] 76561198017844134: Spawned Entity Plank (WoodenPlank<2da5bc10>, 10, 100) at <9677.025391, 300.385193, 8918.836914>
[COT 2022-11-16 11:13:14] 76561198017844134: Spawned Entity Nails (Nail<2a5126c0>, 70, 80) at <9678.507813, 299.553955, 8919.177734>
[COT 2022-11-16 11:13:14] 76561198017844134: Spawned Entity Nails (Nail<2a50cc30>, 70, 80) at <9678.507813, 299.553955, 8919.177734>
[COT 2022-11-16 11:13:15] 76561198017844134: Spawned Entity Nails (Nail<2c2bdce0>, 70, 80) at <9678.507813, 299.553955, 8919.177734>
[COT 2022-11-16 11:13:15] 76561198017844134: Spawned Entity Nails (Nail<2901dfd0>, 70, 80) at <9678.507813, 299.553955, 8919.177734>
[COT 2022-11-16 11:13:15] 76561198017844134: Spawned Entity Nails (Nail<2901c1a0>, 70, 80) at <9678.507813, 299.553955, 8919.177734>
[COT 2022-11-16 11:13:16] 76561198017844134: Spawned Entity Nails (Nail<2901f3f0>, 70, 80) at <9678.507813, 299.553955, 8919.177734>
[COT 2022-11-16 11:13:16] 76561198017844134: Spawned Entity Nails (Nail<2434d550>, 70, 80) at <9678.507813, 299.553955, 8919.177734>
[COT 2022-11-16 11:13:16] 76561198017844134: Spawned Entity Nails (Nail<2434e970>, 70, 80) at <9678.507813, 299.553955, 8919.177734>
[COT 2022-11-16 11:13:17] 76561198017844134: Spawned Entity Nails (Nail<2434cb40>, 70, 80) at <9678.507813, 299.553955, 8919.177734>
[COT 2022-11-16 11:13:17] 76561198017844134: Spawned Entity Nails (Nail<2a507e70>, 70, 80) at <9678.507813, 299.553955, 8919.177734>
[COT 2022-11-16 11:13:23] 76561198017844134: Spawned Entity Hammer (Hammer<2a3b7940>, -1, 100) at <9678.507813, 299.553955, 8919.177734>
[COT 2022-11-16 11:13:23] 76561198017844134: Spawned Entity Hammer (Hammer<2a3b32d0>, -1, 100) at <9678.507813, 299.553955, 8919.177734>
[COT 2022-11-16 11:13:23] 76561198017844134: Spawned Entity Hammer (Hammer<2a3b3ce0>, -1, 100) at <9678.507813, 299.553955, 8919.177734>
[COT 2022-11-16 11:13:33] 76561198017844134: Spawned Entity Wall Kit (ExpansionWallKit<2d93d400>, -1, 100) at <9678.507813, 299.553955, 8919.177734>
[COT 2022-11-16 11:13:45] 76561198017844134: Spawned Entity Lumber (3m) (ExpansionLumber3<2d3ed0f0>, 10, 100) at <9678.643555, 299.514374, 8916.479492>
[COT 2022-11-16 11:13:46] 76561198017844134: Spawned Entity Lumber (3m) (ExpansionLumber3<2d3ee510>, 10, 100) at <9678.626953, 299.640991, 8916.674805>
[COT 2022-11-16 11:13:46] 76561198017844134: Spawned Entity Lumber (3m) (ExpansionLumber3<2d3e8070>, 10, 100) at <9678.616211, 299.713837, 8916.785156>
[COT 2022-11-16 11:13:47] 76561198017844134: Spawned Entity Lumber (3m) (ExpansionLumber3<2be4ca90>, 10, 100) at <9678.605469, 299.815857, 8916.947266>
[COT 2022-11-16 11:13:47] 76561198017844134: Spawned Entity Lumber (3m) (ExpansionLumber3<2be45be0>, 10, 100) at <9678.600586, 299.882813, 8917.053711>
[COT 2022-11-16 11:13:48] 76561198017844134: Spawned Entity Lumber (3m) (ExpansionLumber3<2be465f0>, 10, 100) at <9678.586914, 300.016510, 8917.261719>
[COT 2022-11-16 11:14:13] 76561198017844134: Spawned Entity Flag Pole Kit (TerritoryFlagKit<2bf750f0>, -1, 200) at <9679.562500, 299.553253, 8919.289063>
[COT 2022-11-16 11:16:23] 76561198017844134: Set rain to 0 0 0
[COT 2022-11-16 11:16:23] 76561198017844134: Set storm to 0 0.8 4000
[COT 2022-11-16 11:16:23] 76561198017844134: Set fog to 0.425091 0 0
[COT 2022-11-16 11:16:23] 76561198017844134: Set overcast to 0.428211 0 0
[COT 2022-11-16 11:16:23] 76561198017844134: Set the date to 2022/1/20 9:49
[COT 2022-11-16 11:16:23] 76561198017844134: Set wind to 6.29099 6.29099 1
[COT 2022-11-16 11:17:12] 76561198017844134: Set GodMode To true [guid=uQpbWOSqDfBH1eKt-Cxb6rOdSfp5cDaw7YoLwsAmzNU=]
[COT 2022-11-16 11:17:12] 76561198017844134: Set UnlimitedAmmo To true [guid=uQpbWOSqDfBH1eKt-Cxb6rOdSfp5cDaw7YoLwsAmzNU=]
[COT 2022-11-16 11:17:19] 76561198017844134: Set Health To 100 [guid=uQpbWOSqDfBH1eKt-Cxb6rOdSfp5cDaw7YoLwsAmzNU=]
[COT 2022-11-16 11:17:40] 76561198017844134: Healed [guid=uQpbWOSqDfBH1eKt-Cxb6rOdSfp5cDaw7YoLwsAmzNU=]
[COT 2022-11-16 11:17:41] 76561198017844134: Healed [guid=uQpbWOSqDfBH1eKt-Cxb6rOdSfp5cDaw7YoLwsAmzNU=]
[COT 2022-11-16 11:17:41] 76561198017844134: Healed [guid=uQpbWOSqDfBH1eKt-Cxb6rOdSfp5cDaw7YoLwsAmzNU=]
[COT 2022-11-16 11:17:41] 76561198017844134: Healed [guid=uQpbWOSqDfBH1eKt-Cxb6rOdSfp5cDaw7YoLwsAmzNU=]
[COT 2022-11-16 11:17:41] 76561198017844134: Healed [guid=uQpbWOSqDfBH1eKt-Cxb6rOdSfp5cDaw7YoLwsAmzNU=]
[COT 2022-11-16 11:17:41] 76561198017844134: Healed [guid=uQpbWOSqDfBH1eKt-Cxb6rOdSfp5cDaw7YoLwsAmzNU=]
[COT 2022-11-16 11:17:41] 76561198017844134: Healed [guid=uQpbWOSqDfBH1eKt-Cxb6rOdSfp5cDaw7YoLwsAmzNU=]
[COT 2022-11-16 11:17:42] 76561198017844134: Healed [guid=uQpbWOSqDfBH1eKt-Cxb6rOdSfp5cDaw7YoLwsAmzNU=]
[COT 2022-11-16 11:17:42] 76561198017844134: Healed [guid=uQpbWOSqDfBH1eKt-Cxb6rOdSfp5cDaw7YoLwsAmzNU=]
[COT 2022-11-16 11:17:42] 76561198017844134: Healed [guid=uQpbWOSqDfBH1eKt-Cxb6rOdSfp5cDaw7YoLwsAmzNU=]
[COT 2022-11-16 11:17:42] 76561198017844134: Healed [guid=uQpbWOSqDfBH1eKt-Cxb6rOdSfp5cDaw7YoLwsAmzNU=]
[COT 2022-11-16 11:17:42] 76561198017844134: Healed [guid=uQpbWOSqDfBH1eKt-Cxb6rOdSfp5cDaw7YoLwsAmzNU=]
[COT 2022-11-16 11:17:49] 76561198017844134: Set GodMode To false [guid=uQpbWOSqDfBH1eKt-Cxb6rOdSfp5cDaw7YoLwsAmzNU=]
[COT 2022-11-16 11:17:50] 76561198017844134: Healed [guid=uQpbWOSqDfBH1eKt-Cxb6rOdSfp5cDaw7YoLwsAmzNU=]
[COT 2022-11-16 11:17:57] 76561198017844134: Healed [guid=uQpbWOSqDfBH1eKt-Cxb6rOdSfp5cDaw7YoLwsAmzNU=]
[COT 2022-11-16 11:17:57] 76561198017844134: Healed [guid=uQpbWOSqDfBH1eKt-Cxb6rOdSfp5cDaw7YoLwsAmzNU=]
[COT 2022-11-16 11:17:57] 76561198017844134: Healed [guid=uQpbWOSqDfBH1eKt-Cxb6rOdSfp5cDaw7YoLwsAmzNU=]
[COT 2022-11-16 11:17:57] 76561198017844134: Healed [guid=uQpbWOSqDfBH1eKt-Cxb6rOdSfp5cDaw7YoLwsAmzNU=]
[COT 2022-11-16 11:17:59] 76561198017844134: Set GodMode To true [guid=uQpbWOSqDfBH1eKt-Cxb6rOdSfp5cDaw7YoLwsAmzNU=]
[COT 2022-11-16 11:34:1s] 76561198017844134: Spawned Entity Plank (WoodenPlank<3530a970>, 10, 100) at <9685.594727, 299.505554, 8942.379883>
[COT 2022-11-16 11:34:4s] 76561198017844134: Spawned Entity Plank (WoodenPlank<3530b380>, 10, 100) at <9688.904297, 299.503143, 8944.036133>
[COT 2022-11-16 11:34:7s] 76561198017844134: Spawned Entity Plank (WoodenPlank<3530bd90>, 10, 100) at <9684.887695, 299.506775, 8937.913086>
[COT 2022-11-16 11:34:7s] 76561198017844134: Spawned Entity Plank (WoodenPlank<35e5b6e0>, 10, 100) at <9684.892578, 299.506744, 8937.916992>
[COT 2022-11-16 11:34:7s] 76561198017844134: Spawned Entity Plank (WoodenPlank<35e5c0f0>, 10, 100) at <9684.878906, 299.506775, 8937.924805>
[COT 2022-11-16 11:34:7s] 76561198017844134: Spawned Entity Plank (WoodenPlank<35e58490>, 10, 100) at <9684.884766, 299.506775, 8937.928711>
[COT 2022-11-16 11:34:7s] 76561198017844134: Spawned Entity Plank (WoodenPlank<35e57070>, 10, 100) at <9685.042969, 299.615845, 8938.072266>
[COT 2022-11-16 11:34:8s] 76561198017844134: Spawned Entity Plank (WoodenPlank<35e5df20>, 10, 100) at <9685.041016, 299.616028, 8938.065430>
[COT 2022-11-16 11:34:8s] 76561198017844134: Spawned Entity Plank (WoodenPlank<35e5cb00>, 10, 100) at <9685.210938, 299.724731, 8938.195313>
[COT 2022-11-16 11:34:8s] 76561198017844134: Spawned Entity Plank (WoodenPlank<35e58ea0>, 10, 100) at <9685.233398, 299.725098, 8938.178711>
[COT 2022-11-16 11:34:8s] 76561198017844134: Spawned Entity Plank (WoodenPlank<35e5e930>, 10, 100) at <9685.244141, 299.725098, 8938.174805>
[COT 2022-11-16 11:34:8s] 76561198017844134: Spawned Entity Plank (WoodenPlank<35e57a80>, 10, 100) at <9685.245117, 299.725098, 8938.173828>
[COT 2022-11-16 11:37:4s] 76561198017844134: Spawned Entity Canopy Tent (PartyTent_Brown<89aa62e0>, -1, 1400) at <9682.850586, 299.507996, 8938.442383>
[COT 2022-11-16 11:37:5s] 76561198017844134: Spawned Entity Canopy Tent (PartyTent_Brown<89a867e0>, -1, 1400) at <9682.532227, 299.508148, 8938.681641>
[COT 2022-11-16 11:37:7s] 76561198017844134: Spawned Entity Canopy Tent (PartyTent_Brown<89a92600>, -1, 1400) at <9681.838867, 299.508667, 8938.308594>
[COT 2022-11-16 11:37:9s] 76561198017844134: Spawned Entity Canopy Tent (PartyTent_Brown<89a8e6a0>, -1, 1400) at <9682.443359, 299.508362, 8937.763672>
[COT 2022-11-16 11:37:10] 76561198017844134: Spawned Entity Canopy Tent (PartyTent_Brown<6bb8cee0>, -1, 1400) at <9683.048828, 299.507996, 8937.616211>
[COT 2022-11-16 11:37:13] 76561198017844134: Spawned Entity Canopy Tent (PartyTent_Brown<6bb92df0>, -1, 1400) at <9683.626953, 299.507599, 8937.696289>
[COT 2022-11-16 11:37:28] 76561198017844134: Spawned Entity Car Tent (Dark Splinter) (CarTent<6bb9c1d0>, -1, 1700) at <9683.879883, 299.507660, 8936.514648>
[COT 2022-11-16 11:37:38] 76561198017844134: Spawned Entity Large Tent (Dark Splinter) (LargeTent<905c3270>, -1, 2000) at <9682.683594, 299.508606, 8935.436523>
[COT 2022-11-16 11:37:40] 76561198017844134: Spawned Entity Large Tent (Dark Splinter) (LargeTent<905c5220>, -1, 2000) at <9682.534180, 299.508606, 8935.917969>
[COT 2022-11-16 11:37:42] 76561198017844134: Spawned Entity Large Tent (Dark Splinter) (LargeTent<905db940>, -1, 2000) at <9681.889648, 299.509033, 8935.920898>
[COT 2022-11-16 11:37:44] 76561198017844134: Spawned Entity Large Tent (Dark Splinter) (LargeTent<905dc3d0>, -1, 2000) at <9681.843750, 299.509155, 8935.425781>
[COT 2022-11-16 11:37:46] 76561198017844134: Spawned Entity Large Tent (Dark Splinter) (LargeTent<905eac30>, -1, 2000) at <9682.127930, 299.509033, 8935.014648>
[COT 2022-11-16 11:37:48] 76561198017844134: Spawned Entity Large Tent (Dark Splinter) (LargeTent<80451930>, -1, 2000) at <9682.991211, 299.508484, 8934.974609>
[COT 2022-11-16 11:38:16] 76561198017844134: Spawned Entity Medium Tent (MediumTent<93414320>, -1, 600) at <9680.998047, 299.509766, 8934.977539>
[COT 2022-11-16 11:38:17] 76561198017844134: Spawned Entity Medium Tent (MediumTent<9341e190>, -1, 600) at <9680.906250, 299.509674, 8935.773438>
[COT 2022-11-16 11:38:19] 76561198017844134: Spawned Entity Medium Tent (MediumTent<9341ec20>, -1, 600) at <9681.336914, 299.509277, 8936.520508>
[COT 2022-11-16 11:38:20] 76561198017844134: Spawned Entity Medium Tent (MediumTent<8fa7e480>, -1, 600) at <9681.731445, 299.508972, 8936.875977>
[COT 2022-11-16 11:44:31] 76561198017844134: ESP: Viewing ESP
[COT 2022-11-16 11:44:37] 76561198017844134: ESP: Clearing ESP
[COT 2022-11-16 11:44:38] 76561198017844134: ESP: Viewing ESP
[COT 2022-11-16 11:44:41] 76561198017844134: ESP index=0 target=WoodenPlank:012791 position=<9685.245117, 299.810089, 8938.173828> action=delete
[COT 2022-11-16 11:44:41] 76561198017844134: ESP action=delete_all count=1 attempted=1
[COT 2022-11-16 11:44:44] 76561198017844134: ESP index=0 target=WoodenPlank:011432 position=<9685.244141, 299.810089, 8938.174805> action=delete
[COT 2022-11-16 11:44:44] 76561198017844134: ESP index=1 target=WoodenPlank:011254 position=<9685.041016, 299.701019, 8938.065430> action=delete
[COT 2022-11-16 11:44:44] 76561198017844134: ESP index=2 target=WoodenPlank:09988 position=<9684.884766, 299.591766, 8937.928711> action=delete
[COT 2022-11-16 11:44:44] 76561198017844134: ESP action=delete_all count=3 attempted=3
[COT 2022-11-16 11:44:47] 76561198017844134: ESP index=0 target=WoodenPlank:06858 position=<9684.878906, 299.591766, 8937.924805> action=delete
[COT 2022-11-16 11:44:47] 76561198017844134: ESP index=1 target=WoodenPlank:011539 position=<9685.233398, 299.810089, 8938.178711> action=delete
[COT 2022-11-16 11:44:47] 76561198017844134: ESP index=2 target=WoodenPlank:010260 position=<9685.042969, 299.700836, 8938.072266> action=delete
[COT 2022-11-16 11:44:47] 76561198017844134: ESP action=delete_all count=3 attempted=3
[COT 2022-11-16 11:44:49] 76561198017844134: ESP index=0 target=WoodenPlank:011255 position=<9685.210938, 299.809723, 8938.195313> action=delete
[COT 2022-11-16 11:44:49] 76561198017844134: ESP index=1 target=WoodenPlank:06189 position=<9684.892578, 299.591736, 8937.916992> action=delete
[COT 2022-11-16 11:44:49] 76561198017844134: ESP action=delete_all count=2 attempted=2
[COT 2022-11-16 11:44:51] 76561198017844134: ESP index=0 target=WoodenPlank:016046 position=<9684.887695, 299.591766, 8937.913086> action=delete
[COT 2022-11-16 11:44:51] 76561198017844134: ESP action=delete_all count=1 attempted=1
[COT 2022-11-16 11:45:43] 76561198017844134: ESP: Clearing ESP
[COT 2022-11-16 11:48:56] 76561198017844134: ESP: Viewing ESP
[COT 2022-11-16 11:49:0s] 76561198017844134: ESP: Clearing ESP
[COT 2022-11-16 11:55:13] 76561198017844134: ESP: Viewing ESP
[COT 2022-11-16 11:55:18] 76561198017844134: ESP index=0 target=ExpansionLumber3:019078 position=<9680.034180, 299.666931, 8920.479492> action=delete
[COT 2022-11-16 11:55:18] 76561198017844134: ESP index=1 target=ExpansionLumber3:029519 position=<9681.042969, 299.095795, 8919.676758> action=delete
[COT 2022-11-16 11:55:18] 76561198017844134: ESP index=2 target=ExpansionLumber3:029515 position=<9681.558594, 299.592926, 8920.473633> action=delete
[COT 2022-11-16 11:55:18] 76561198017844134: ESP index=3 target=ExpansionLumber3:029520 position=<9681.353516, 299.593048, 8921.328125> action=delete
[COT 2022-11-16 11:55:18] 76561198017844134: ESP index=4 target=ExpansionLumber3:029521 position=<9678.645508, 299.097321, 8919.981445> action=delete
[COT 2022-11-16 11:55:18] 76561198017844134: ESP index=5 target=ExpansionLumber3:029523 position=<9680.914063, 299.593292, 8919.976563> action=delete
[COT 2022-11-16 11:55:18] 76561198017844134: ESP action=delete_all count=6 attempted=6
[COT 2022-11-16 11:55:43] 76561198017844134: Spawned Entity Canopy Tent (PartyTent_Brown<99b84dc0>, -1, 1400) at <9682.400391, 299.508728, 8935.669922>
[COT 2022-11-16 11:55:43] 76561198017844134: Spawned Entity Canopy Tent (PartyTent_Brown<99b6dc10>, -1, 1400) at <9682.334961, 299.624420, 8935.511719>
[COT 2022-11-16 11:56:41] 76561198017844134: ESP: Clearing ESP
[COT 2022-11-16 11:58:4s] 76561198017844134: Teleported to position <7218.814453, 252.924026, 6974.275879>
[COT 2022-11-16 11:58:5s] 76561198017844134: Teleported to position <7218.814453, 252.924026, 6974.275879>
[COT 2022-11-16 11:58:58] 76561198017844134: Spawned Entity Hryvnia Banknotes Stack (ExpansionBanknoteHryvnia<3b077dc0>, 10000, 100) at <7232.417480, 252.550003, 6962.320801>
[COT 2022-11-16 11:59:34] 76561198017844134: Spawned Entity Hryvnia Banknotes Stack (ExpansionBanknoteHryvnia<2db5bcd0>, 20000, 100) at <7232.966797, 253.356750, 6966.366699>
[COT 2022-11-16 12:7m:46] 76561198017844134: Spawned Entity Code Lock (ExpansionCodeLock<3546aa80>, -1, 100) at <9683.268555, 299.547455, 8939.777344>
[COT 2022-11-16 12:7m:47] 76561198017844134: Spawned Entity Code Lock (ExpansionCodeLock<3546bea0>, -1, 100) at <9683.268555, 299.547455, 8939.777344>
[COT 2022-11-16 12:7m:47] 76561198017844134: Spawned Entity Code Lock (ExpansionCodeLock<35472340>, -1, 100) at <9683.268555, 299.547455, 8939.777344>
[COT 2022-11-16 12:7m:47] 76561198017844134: Spawned Entity Code Lock (ExpansionCodeLock<3546b490>, -1, 100) at <9683.268555, 299.547455, 8939.777344>
[COT 2022-11-16 12:15:55] 76561198017844134: Spawned Entity Night Vision Goggles (NVGoggles<42395390>, -1, 100) at <9682.438477, 299.548279, 8938.003906>
[COT 2022-11-16 12:16:2s] 76561198017844134: Spawned Entity 9V Battery (Battery9V<425a4250>, 50, 20) at <9682.438477, 299.548279, 8938.003906>
[COT 2022-11-16 12:17:2s] 76561198017844134: Spawned Entity Military Locker (Msp_Item<99db6cc0>, -1, 100) at <9682.690430, 299.508667, 8935.047852>
[COT 2022-11-16 12:17:6s] 76561198017844134: Deleted Entity Msp_MilitaryLocker:027366 at <9682.690430, 299.553711, 8935.047852>
[COT 2022-11-16 12:17:17] 76561198017844134: Spawned Entity Military Locker Kit (Msp_Kit<99db6cc0>, -1, 100) at <9682.569336, 299.508759, 8934.933594>
[COT 2022-11-16 12:17:19] 76561198017844134: Spawned Entity Military Locker Kit (Msp_Kit<99dc2bf0>, -1, 100) at <9682.679688, 299.508606, 8935.364258>
[COT 2022-11-16 12:17:21] 76561198017844134: Spawned Entity Military Locker Kit (Msp_Kit<99dc5e40>, -1, 100) at <9682.806641, 299.508453, 8935.748047>
[COT 2022-11-16 12:17:25] 76561198017844134: Spawned Entity Military Locker Kit (Msp_Kit<2bee0fa0>, -1, 100) at <9682.653320, 299.835602, 8934.890625>
