[COT 2022-9M-17 14:53:47] 76561198017844134: Spawned Entity Storage Box Kit (Msp_Kit<459f73b0>, -1, 100) at <6550.630859, 404.287415, 5599.785645>
[COT 2022-9M-17 14:56:24] 76561198017844134: Spawned Entity Storage Box Kit (Msp_Kit<3fdd8ff0>, -1, 100) at <6554.003418, 399.775787, 5599.915039>
[COT 2022-9M-17 14:57:28] 76561198017844134: Spawned Entity Admin Feet (ItemBase<8d65d5f0>, -1, 100) at <6553.087891, 399.775787, 5599.393066>
[COT 2022-9M-17 14:57:29] 76561198017844134: Spawned Entity Admin Pants (HunterPants_ColorBase<98ec7550>, -1, 150) at <6553.087891, 399.775787, 5599.393066>
[COT 2022-9M-17 14:57:30] 76561198017844134: Spawned Entity Admin Top (GorkaEJacket_ColorBase<98ed4890>, -1, 130) at <6553.087891, 399.775787, 5599.393066>
[COT 2022-9M-17 14:57:32] 76561198017844134: Spawned Entity Admin Arms (ItemBase<8d62c510>, -1, 100) at <6553.087891, 399.775787, 5599.393066>
[COT 2022-9M-17 14:57:33] 76561198017844134: Spawned Entity Admin head (Head_Admin<98ed0930>, -1, 100) at <6553.087891, 399.775787, 5599.393066>
[COT 2022-9M-17 14:57:36] 76561198017844134: Spawned Entity Admin Backpack (AliceBag_ColorBase<98ecdef0>, -1, 130) at <6553.087891, 399.775787, 5599.393066>
[COT 2022-9M-17 14:58:20] 76561198017844134: Set Health To 100 [guid=uQpbWOSqDfBH1eKt-Cxb6rOdSfp5cDaw7YoLwsAmzNU=]
[COT 2022-9M-17 14:58:20] 76561198017844134: Set Blood To 5000 [guid=uQpbWOSqDfBH1eKt-Cxb6rOdSfp5cDaw7YoLwsAmzNU=]
[COT 2022-9M-17 14:58:20] 76561198017844134: Set Energy To 5000 [guid=uQpbWOSqDfBH1eKt-Cxb6rOdSfp5cDaw7YoLwsAmzNU=]
[COT 2022-9M-17 14:58:20] 76561198017844134: Set Water To 5000 [guid=uQpbWOSqDfBH1eKt-Cxb6rOdSfp5cDaw7YoLwsAmzNU=]
[COT 2022-9M-17 14:58:33] 76561198017844134: Set Blood To 500 [guid=uQpbWOSqDfBH1eKt-Cxb6rOdSfp5cDaw7YoLwsAmzNU=]
[COT 2022-9M-17 14:58:44] 76561198017844134: Healed [guid=uQpbWOSqDfBH1eKt-Cxb6rOdSfp5cDaw7YoLwsAmzNU=]
[COT 2022-9M-17 14:58:48] 76561198017844134: Healed [guid=uQpbWOSqDfBH1eKt-Cxb6rOdSfp5cDaw7YoLwsAmzNU=]
[COT 2022-9M-17 14:58:48] 76561198017844134: Healed [guid=uQpbWOSqDfBH1eKt-Cxb6rOdSfp5cDaw7YoLwsAmzNU=]
[COT 2022-9M-17 14:58:48] 76561198017844134: Healed [guid=uQpbWOSqDfBH1eKt-Cxb6rOdSfp5cDaw7YoLwsAmzNU=]
[COT 2022-9M-17 14:58:49] 76561198017844134: Healed [guid=uQpbWOSqDfBH1eKt-Cxb6rOdSfp5cDaw7YoLwsAmzNU=]
[COT 2022-9M-17 14:58:49] 76561198017844134: Healed [guid=uQpbWOSqDfBH1eKt-Cxb6rOdSfp5cDaw7YoLwsAmzNU=]
[COT 2022-9M-17 14:58:49] 76561198017844134: Healed [guid=uQpbWOSqDfBH1eKt-Cxb6rOdSfp5cDaw7YoLwsAmzNU=]
[COT 2022-9M-17 14:58:49] 76561198017844134: Healed [guid=uQpbWOSqDfBH1eKt-Cxb6rOdSfp5cDaw7YoLwsAmzNU=]
[COT 2022-9M-17 14:58:53] 76561198017844134: Set GodMode To true [guid=uQpbWOSqDfBH1eKt-Cxb6rOdSfp5cDaw7YoLwsAmzNU=]
[COT 2022-9M-17 14:59:2s] 76561198017844134: Set GodMode To true [guid=uQpbWOSqDfBH1eKt-Cxb6rOdSfp5cDaw7YoLwsAmzNU=]
[COT 2022-9M-17 14:59:14] 76561198017844134: Set GodMode To true [guid=uQpbWOSqDfBH1eKt-Cxb6rOdSfp5cDaw7YoLwsAmzNU=]
[COT 2022-9M-17 15:3m:17] 76561198017844134: Bleeding stopped [guid=uQpbWOSqDfBH1eKt-Cxb6rOdSfp5cDaw7YoLwsAmzNU=]
[COT 2022-9M-17 15:3m:18] 76561198017844134: Bleeding stopped [guid=uQpbWOSqDfBH1eKt-Cxb6rOdSfp5cDaw7YoLwsAmzNU=]
[COT 2022-9M-17 15:3m:19] 76561198017844134: Bleeding stopped [guid=uQpbWOSqDfBH1eKt-Cxb6rOdSfp5cDaw7YoLwsAmzNU=]
[COT 2022-9M-17 15:3m:19] 76561198017844134: Bleeding stopped [guid=uQpbWOSqDfBH1eKt-Cxb6rOdSfp5cDaw7YoLwsAmzNU=]
[COT 2022-9M-17 15:3m:23] 76561198017844134: Healed [guid=uQpbWOSqDfBH1eKt-Cxb6rOdSfp5cDaw7YoLwsAmzNU=]
[COT 2022-9M-17 15:3m:24] 76561198017844134: Healed [guid=uQpbWOSqDfBH1eKt-Cxb6rOdSfp5cDaw7YoLwsAmzNU=]
[COT 2022-9M-17 15:3m:25] 76561198017844134: Healed [guid=uQpbWOSqDfBH1eKt-Cxb6rOdSfp5cDaw7YoLwsAmzNU=]
[COT 2022-9M-17 15:3m:25] 76561198017844134: Healed [guid=uQpbWOSqDfBH1eKt-Cxb6rOdSfp5cDaw7YoLwsAmzNU=]
[COT 2022-9M-17 15:3m:25] 76561198017844134: Healed [guid=uQpbWOSqDfBH1eKt-Cxb6rOdSfp5cDaw7YoLwsAmzNU=]
[COT 2022-9M-17 15:3m:25] 76561198017844134: Healed [guid=uQpbWOSqDfBH1eKt-Cxb6rOdSfp5cDaw7YoLwsAmzNU=]
[COT 2022-9M-17 15:3m:25] 76561198017844134: Healed [guid=uQpbWOSqDfBH1eKt-Cxb6rOdSfp5cDaw7YoLwsAmzNU=]
[COT 2022-9M-17 15:3m:43] 76561198017844134: Set GodMode To true [guid=uQpbWOSqDfBH1eKt-Cxb6rOdSfp5cDaw7YoLwsAmzNU=]
[COT 2022-9M-17 15:4m:2s] 76561198017844134: ESP: Viewing ESP
[COT 2022-9M-17 15:5m:52] 76561198017844134: Spawned Entity Beowulf .50 (TTC_Beowulf_Base<9126c2c0>, -1, 400) at <6551.097168, 401.928619, 5594.138672>
[COT 2022-9M-17 15:6m:5s] 76561198017844134: Spawned Entity DMR AFG (TTC_DMR_AFG<870c5d30>, -1, 100) at <6551.097168, 401.928619, 5594.138672>
[COT 2022-9M-17 15:6m:36] 76561198017844134: Spawned Entity DMR Atlas Bipod (TTC_DMR_Bipod<870acab0>, -1, 100) at <6553.551270, 399.775757, 5600.005371>
[COT 2022-9M-17 15:6m:52] 76561198017844134: Spawned Entity Konkav AR Buttstock for AR type rifles (TTC_Buttstock3<8bf3dd50>, -1, 100) at <6553.551270, 399.775757, 5600.005371>
[COT 2022-9M-17 15:7m:16] 76561198017844134: Set UnlimitedAmmo To true [guid=uQpbWOSqDfBH1eKt-Cxb6rOdSfp5cDaw7YoLwsAmzNU=]
[COT 2022-9M-17 15:8m:10] 76561198017844134: Teleported to position <2653.088379, 324.354034, 6419.276855>
[COT 2022-9M-17 15:10:18] 76561198017844134: Entered the Free Camera
[COT 2022-9M-17 15:11:6s] 76561198017844134: ESP: Clearing ESP
[COT 2022-9M-17 15:11:6s] 76561198017844134: ESP: Viewing ESP
[COT 2022-9M-17 15:12:7s] 76561198017844134: Left the Free Camera
[COT 2022-9M-17 15:12:21] 76561198017844134: ESP: Clearing ESP
[COT 2022-9M-17 15:12:25] 76561198017844134: ESP: Viewing ESP
[COT 2022-9M-17 15:15:49] 76561198017844134: Teleported to position <1298.212402, 205.219147, 7298.340332>
[COT 2022-9M-17 15:18:58] 76561198017844134: Teleported to position <5445.005371, 64.344193, 2672.165283>
[COT 2022-9M-17 15:19:10] 76561198017844134: Entered the Free Camera
[COT 2022-9M-17 15:19:25] 76561198017844134: Left the Free Camera
[COT 2022-9M-17 15:19:30] 76561198017844134: ESP: Clearing ESP
[COT 2022-9M-17 15:19:30] 76561198017844134: ESP: Viewing ESP
[COT 2022-9M-17 15:28:57] 76561198017844134: Entered the Free Camera
[COT 2022-9M-17 15:29:21] 76561198017844134: Left the Free Camera
[COT 2022-9M-17 15:29:37] 76561198017844134: Stripped [guid=uQpbWOSqDfBH1eKt-Cxb6rOdSfp5cDaw7YoLwsAmzNU=]
[COT 2022-9M-17 15:29:40] 76561198017844134: Stripped [guid=uQpbWOSqDfBH1eKt-Cxb6rOdSfp5cDaw7YoLwsAmzNU=]
[COT 2022-9M-17 15:29:55] 76561198017844134: Spawned Entity Ghillie Hood (GhillieHood_Woodland<94704020>, -1, 50) at <5801.617676, 73.632668, 2934.365479>
[COT 2022-9M-17 15:29:59] 76561198017844134: Spawned Entity Ghillie Rifle Wrap (GhillieAtt_ColorBase<3de236d0>, -1, 300) at <5801.617676, 73.632668, 2934.365479>
[COT 2022-9M-17 15:30:4s] 76561198017844134: Spawned Entity Ghillie Suit (GhillieSuit_Woodland<94732e10>, -1, 50) at <5801.617676, 73.632668, 2934.365479>
[COT 2022-9M-17 15:30:54] 76561198017844134: Spawned Entity Skull Balaclava (Dark Splinter) (Balaclava3Holes_ColorBase<8c748ea0>, -1, 100) at <5799.886719, 74.076866, 2936.509277>
[COT 2022-9M-17 15:31:2s] 76561198017844134: Spawned Entity Ghillie Suit (Dark Splinter) (GhillieSuit_ColorBase<8c758c20>, -1, 100) at <5799.910156, 74.119423, 2936.456299>
[COT 2022-9M-17 15:31:7s] 76561198017844134: Spawned Entity Ghillie Gun Wrap (Dark Splinter) (GhillieAtt_ColorBase<7fe35ea0>, -1, 100) at <5799.905273, 74.119659, 2936.454834>
[COT 2022-9M-17 15:31:14] 76561198017844134: Spawned Entity Plate Carrier (Dark Splinter) (PlateCarrierVest<8c7596b0>, -1, 225) at <5799.937988, 74.179939, 2936.384521>
[COT 2022-9M-17 15:31:17] 76561198017844134: Spawned Entity Plate Carrier Holster (Dark Splinter) (PlateCarrierHolster<9407d2c0>, -1, 100) at <5800.013184, 74.317108, 2936.227783>
[COT 2022-9M-17 15:31:57] 76561198017844134: ESP: Clearing ESP
[COT 2022-9M-17 15:31:57] 76561198017844134: ESP: Viewing ESP
[COT 2022-9M-17 15:32:5s] 76561198017844134: ESP: Clearing ESP
[COT 2022-9M-17 15:32:8s] 76561198017844134: ESP: Viewing ESP
[COT 2022-9M-17 15:32:13] 76561198017844134: ESP index=0 target=GhillieSuit_Woodland:020890 position=<5801.617676, 73.797974, 2934.365479> action=delete
[COT 2022-9M-17 15:32:13] 76561198017844134: ESP index=1 target=GhillieHood_Woodland:07107 position=<5801.617676, 73.691673, 2934.365479> action=delete
[COT 2022-9M-17 15:32:13] 76561198017844134: ESP action=delete_all count=2 attempted=2
[COT 2022-9M-17 15:32:18] 76561198017844134: ESP: Clearing ESP
[COT 2022-9M-17 15:32:18] 76561198017844134: ESP: Viewing ESP
[COT 2022-9M-17 15:32:20] 76561198017844134: ESP index=0 target=GhillieAtt_Woodland:020902 position=<5801.617676, 73.659073, 2934.365479> action=delete
[COT 2022-9M-17 15:32:20] 76561198017844134: ESP action=delete_all count=1 attempted=1
[COT 2022-9M-17 15:32:29] 76561198017844134: Spawned Entity .50 Beowulf Mag (TTC_50Beo_mag<6878aae0>, 1, 100) at <5800.362793, 73.931900, 2935.342041>
[COT 2022-9M-17 15:32:29] 76561198017844134: Spawned Entity .50 Beowulf Mag (TTC_50Beo_mag<68784bd0>, 1, 100) at <5800.362793, 73.931900, 2935.342041>
[COT 2022-9M-17 15:32:43] 76561198017844134: Spawned Entity 9rd Deagle Mag (Mag_Deagle_9rnd<7e0f2880>, 1, 100) at <5800.362793, 73.931900, 2935.342041>
[COT 2022-9M-17 15:32:44] 76561198017844134: Spawned Entity 9rd Deagle Mag (Mag_Deagle_9rnd<7e0ef3b0>, 1, 100) at <5800.362793, 73.931900, 2935.342041>
[COT 2022-9M-17 15:32:44] 76561198017844134: Spawned Entity 9rd Deagle Mag (Mag_Deagle_9rnd<7e0fa740>, 1, 100) at <5800.362793, 73.931900, 2935.342041>
[COT 2022-9M-17 15:32:44] 76561198017844134: Spawned Entity 9rd Deagle Mag (Mag_Deagle_9rnd<7e0fd180>, 1, 100) at <5800.362793, 73.931900, 2935.342041>
[COT 2022-9M-17 15:32:46] 76561198017844134: Spawned Entity Deagle (Deagle<8a4a4170>, -1, 220) at <5800.362793, 73.931900, 2935.342041>
[COT 2022-9M-17 15:33:19] 76561198017844134: Spawned Entity Ghillie Hood (Dark Splinter) (GhillieHood_ColorBase<67952b20>, -1, 50) at <5800.362793, 73.931900, 2935.342041>
[COT 2022-9M-17 15:33:34] 76561198017844134: Spawned Entity Field Jacket (Dark Splinter) (M65Jacket_ColorBase<96408d20>, -1, 150) at <5800.362793, 73.931900, 2935.342041>
[COT 2022-9M-17 15:33:47] 76561198017844134: Spawned Entity Tactical Pants (Dark Splinter) (CargoPants_ColorBase<96402380>, -1, 100) at <5800.362793, 73.931900, 2935.342041>
[COT 2022-9M-17 15:34:6s] 76561198017844134: Spawned Entity Nota Cola (SodaCan_ColorBase<8f6ebeb0>, 300, 30) at <5800.362793, 73.931900, 2935.342041>
[COT 2022-9M-17 15:34:7s] 76561198017844134: Spawned Entity Nota Cola (SodaCan_ColorBase<8f6fbc30>, 300, 30) at <5800.362793, 73.931900, 2935.342041>
[COT 2022-9M-17 15:34:7s] 76561198017844134: Spawned Entity Nota Cola (SodaCan_ColorBase<8f6deb70>, 300, 30) at <5800.362793, 73.931900, 2935.342041>
[COT 2022-9M-17 15:34:7s] 76561198017844134: Spawned Entity Nota Cola (SodaCan_ColorBase<8f6e2040>, 300, 30) at <5800.362793, 73.931900, 2935.342041>
[COT 2022-9M-17 15:34:9s] 76561198017844134: Spawned Entity Canteen (Canteen<8f6df600>, 1000, 100) at <5800.362793, 73.931900, 2935.342041>
[COT 2022-9M-17 15:34:14] 76561198017844134: Spawned Entity Honey (Honey<8f6e2ad0>, 400, 40) at <5800.362793, 73.931900, 2935.342041>
[COT 2022-9M-17 15:34:14] 76561198017844134: Spawned Entity Honey (Honey<8f6e3ff0>, 400, 40) at <5800.362793, 73.931900, 2935.342041>
[COT 2022-9M-17 15:34:33] 76561198017844134: Spawned Entity Bandage (BandageDressing<92b29b30>, 4, 50) at <5800.362793, 73.931900, 2935.342041>
[COT 2022-9M-17 15:34:33] 76561198017844134: Spawned Entity Bandage (BandageDressing<92b14510>, 4, 50) at <5800.362793, 73.931900, 2935.342041>
[COT 2022-9M-17 15:34:33] 76561198017844134: Spawned Entity Bandage (BandageDressing<92b15930>, 4, 50) at <5800.362793, 73.931900, 2935.342041>
[COT 2022-9M-17 15:34:34] 76561198017844134: Spawned Entity Bandage (BandageDressing<92b22c80>, 4, 50) at <5800.362793, 73.931900, 2935.342041>
[COT 2022-9M-17 15:35:1s] 76561198017844134: Spawned Entity IV Saline Bag (SalineBagIV<97a6f020>, -1, 20) at <5800.362793, 73.931900, 2935.342041>
[COT 2022-9M-17 15:35:1s] 76561198017844134: Spawned Entity IV Saline Bag (SalineBagIV<97a813f0>, -1, 20) at <5800.362793, 73.931900, 2935.342041>
[COT 2022-9M-17 15:35:41] 76561198017844134: Spawned Entity Gold Bar (ExpansionGoldBar<97a608b0>, 1, 100) at <5800.362793, 73.951378, 2935.342041>
[COT 2022-9M-17 15:36:10] 76561198017844134: Spawned Entity Ammo .50 Beowulf (TTC_Ammo_50Beo<8a20d8b0>, 1, 100) at <5800.714844, 73.831825, 2934.613281>
[COT 2022-9M-17 15:36:24] 76561198017844134: Spawned Entity Ammo .50 Beowulf (TTC_Ammo_50Beo<8a1f86b0>, 1, 100) at <5800.714844, 73.831963, 2934.616943>
[COT 2022-9M-17 15:36:31] 76561198017844134: ESP: Clearing ESP
[COT 2022-9M-17 15:36:34] 76561198017844134: ESP: Viewing ESP
[COT 2022-9M-17 15:36:53] 76561198017844134: ESP: Clearing ESP
[COT 2022-9M-17 15:36:53] 76561198017844134: ESP: Viewing ESP
[COT 2022-9M-17 15:37:30] 76561198017844134: Teleported to position <5791.541016, 81.887344, 2788.341064>
[COT 2022-9M-17 15:38:33] 76561198017844134: Set GodMode To false [guid=uQpbWOSqDfBH1eKt-Cxb6rOdSfp5cDaw7YoLwsAmzNU=]
[COT 2022-9M-17 15:38:33] 76561198017844134: Set UnlimitedAmmo To false [guid=uQpbWOSqDfBH1eKt-Cxb6rOdSfp5cDaw7YoLwsAmzNU=]
[COT 2022-9M-17 15:38:35] 76561198017844134: Set UnlimitedAmmo To true [guid=uQpbWOSqDfBH1eKt-Cxb6rOdSfp5cDaw7YoLwsAmzNU=]
[COT 2022-9M-17 15:39:12] 76561198017844134: Spawned Entity Jungle Boots (JungleBoots_Black<744d1560>, -1, 150) at <5881.229492, 121.408669, 2742.098145>
[COT 2022-9M-17 15:39:24] 76561198017844134: Spawned Entity Tactical Gloves (TacticalGloves_Black<7f2b5fd0>, -1, 165) at <5881.229492, 121.408669, 2742.098145>
[COT 2022-9M-17 15:43:54] 76561198017844134: Teleported to position <5888.834961, 78.365860, 2741.672119>
[COT 2022-9M-17 15:45:14] 76561198017844134: Spawned Entity Hunting Knife (HuntingKnife<815ca610>, -1, 130) at <5892.132813, 78.592827, 2754.025635>
[COT 2022-9M-17 15:45:51] 76561198017844134: ESP: Clearing ESP
[COT 2022-9M-17 15:45:51] 76561198017844134: ESP: Viewing ESP
[COT 2022-9M-17 15:46:6s] 76561198017844134: ESP index=0 target=Lard:07817 position=<5892.565918, 78.594475, 2755.388672> action=delete
[COT 2022-9M-17 15:46:6s] 76561198017844134: ESP index=1 target=HumanSteakMeat:08219 position=<5892.371582, 78.596710, 2755.426270> action=delete
[COT 2022-9M-17 15:46:6s] 76561198017844134: ESP index=2 target=HumanSteakMeat:06930 position=<5892.866211, 78.569534, 2754.955322> action=delete
[COT 2022-9M-17 15:46:6s] 76561198017844134: ESP index=3 target=HumanSteakMeat:06919 position=<5893.147461, 78.566254, 2755.134766> action=delete
[COT 2022-9M-17 15:46:6s] 76561198017844134: ESP index=4 target=HumanSteakMeat:05651 position=<5893.263672, 78.564217, 2755.476807> action=delete
[COT 2022-9M-17 15:46:6s] 76561198017844134: ESP index=5 target=HumanSteakMeat:06255 position=<5893.275879, 78.562622, 2755.403809> action=delete
[COT 2022-9M-17 15:46:6s] 76561198017844134: ESP index=6 target=Guts:07666 position=<5892.909180, 78.594727, 2755.559570> action=delete
[COT 2022-9M-17 15:46:6s] 76561198017844134: ESP index=7 target=HumanSteakMeat:05000 position=<5893.336426, 78.557602, 2755.226074> action=delete
[COT 2022-9M-17 15:46:6s] 76561198017844134: ESP index=8 target=HumanSteakMeat:05077 position=<5892.415527, 78.593033, 2755.326904> action=delete
[COT 2022-9M-17 15:46:6s] 76561198017844134: ESP index=9 target=HumanSteakMeat:014311 position=<5892.869141, 78.585754, 2755.675781> action=delete
[COT 2022-9M-17 15:46:6s] 76561198017844134: ESP index=10 target=HumanSteakMeat:012103 position=<5893.239258, 78.561195, 2755.106445> action=delete
[COT 2022-9M-17 15:46:6s] 76561198017844134: ESP index=11 target=HumanSteakMeat:05222 position=<5893.314941, 78.570045, 2755.465332> action=delete
[COT 2022-9M-17 15:46:6s] 76561198017844134: ESP index=12 target=MilitaryBoots_Brown:05946 position=<5892.132813, 78.578018, 2754.025635> action=delete
[COT 2022-9M-17 15:46:6s] 76561198017844134: ESP action=delete_all count=13 attempted=13
[COT 2022-9M-17 15:46:9s] 76561198017844134: ESP index=0 target=Bone:08352 position=<5892.597656, 78.581055, 2755.143066> action=delete
[COT 2022-9M-17 15:46:9s] 76561198017844134: ESP index=1 target=Bone:09480 position=<5892.883789, 78.568085, 2754.760254> action=delete
[COT 2022-9M-17 15:46:9s] 76561198017844134: ESP index=2 target=CargoPants_Grey:06818 position=<5892.132813, 78.575066, 2754.025635> action=delete
[COT 2022-9M-17 15:46:9s] 76561198017844134: ESP action=delete_all count=3 attempted=3
[COT 2022-9M-17 15:46:12] 76561198017844134: ESP index=0 target=Hoodie_Green:09920 position=<5892.132813, 78.575066, 2754.025635> action=delete
[COT 2022-9M-17 15:46:12] 76561198017844134: ESP action=delete_all count=1 attempted=1
[COT 2022-9M-17 15:46:22] 76561198017844134: Entered the Free Camera
[COT 2022-9M-17 15:46:33] 76561198017844134: Left the Free Camera
[COT 2022-9M-17 15:47:4s] 76561198017844134: ESP: Clearing ESP
[COT 2022-9M-17 15:47:4s] 76561198017844134: ESP: Viewing ESP
[COT 2022-9M-17 15:47:52] 76561198017844134: Stripped [guid=uQpbWOSqDfBH1eKt-Cxb6rOdSfp5cDaw7YoLwsAmzNU=]
[COT 2022-9M-17 15:48:2s] 76561198017844134: Teleported to position <5863.812012, 78.772682, 2734.426514>
[COT 2022-9M-17 15:48:11] 76561198017844134: Set GodMode To true [guid=uQpbWOSqDfBH1eKt-Cxb6rOdSfp5cDaw7YoLwsAmzNU=]
[COT 2022-9M-17 15:49:2s] 76561198017844134: ESP: Clearing ESP
[COT 2022-9M-17 15:49:3s] 76561198017844134: ESP: Viewing ESP
[COT 2022-9M-17 15:49:5s] 76561198017844134: ESP: Clearing ESP
[COT 2022-9M-17 15:49:5s] 76561198017844134: ESP: Viewing ESP
[COT 2022-9M-17 15:51:45] 76561198017844134: Teleported to position <7216.181152, 252.962646, 6966.522461>
[COT 2022-9M-17 15:52:21] 76561198017844134: Teleported to position <6543.387695, 392.395569, 5601.118652>
[COT 2022-9M-17 15:52:21] 76561198017844134: Teleported to position <6543.387695, 392.395569, 5601.118652>
[COT 2022-9M-17 15:56:8s] 76561198017844134: Set GodMode To false [guid=uQpbWOSqDfBH1eKt-Cxb6rOdSfp5cDaw7YoLwsAmzNU=]
[COT 2022-9M-17 15:56:11] 76561198017844134: Stripped [guid=uQpbWOSqDfBH1eKt-Cxb6rOdSfp5cDaw7YoLwsAmzNU=]
[COT 2022-9M-17 15:56:12] 76561198017844134: Healed [guid=uQpbWOSqDfBH1eKt-Cxb6rOdSfp5cDaw7YoLwsAmzNU=]
