[COT 2022-10-20 16:39:18] 76561198017844134: Stripped [guid=uQpbWOSqDfBH1eKt-Cxb6rOdSfp5cDaw7YoLwsAmzNU=]
[COT 2022-10-20 16:39:19] 76561198017844134: Stripped [guid=uQpbWOSqDfBH1eKt-Cxb6rOdSfp5cDaw7YoLwsAmzNU=]
[COT 2022-10-20 16:39:32] 76561198017844134: Spawned Entity Hunter Pants (HunterPants_Winter<ff50b7e0>, -1, 150) at <6537.047852, 15.889828, 3088.651855>
[COT 2022-10-20 16:39:36] 76561198017844134: Spawned Entity Hunter Jacket (HuntingJacket_Winter<ff4f4390>, -1, 150) at <6537.614258, 15.889828, 3088.647461>
[COT 2022-10-20 16:39:48] 76561198017844134: Spawned Entity Arctic Military Boots (MilitaryBoots_ColorBase<17ea2c0>, -1, 180) at <6537.562012, 15.889828, 3087.791504>
[COT 2022-10-20 16:39:59] 76561198017844134: Spawned Entity Winter Hunting Backpack (HuntingBag<1802b30>, -1, 160) at <6537.523926, 16.020027, 3087.887207>
[COT 2022-10-20 16:40:22] 76561198017844134: Spawned Entity Ski Mask (BalaclavaMask_White<11ef8f30>, -1, 100) at <6537.122070, 15.929827, 3089.163086>
[COT 2022-10-20 16:41:21] 76561198017844134: Spawned Entity VSD (SVD_Base<ff949060>, -1, 250) at <6537.296875, 15.889828, 3088.394043>
[COT 2022-10-20 16:41:41] 76561198017844134: Spawned Entity Engraved Kolt 1911 (Engraved1911<1d08a110>, -1, 200) at <6537.302246, 15.889828, 3088.398193>
[COT 2022-10-20 16:41:55] 76561198017844134: Spawned Entity M4-A1 (M4A1_Base<ff953650>, -1, 200) at <6537.297363, 15.943914, 3088.418457>
[COT 2022-10-20 16:42:49] 76561198017844134: Spawned Entity White Ushanka (Ushanka_ColorBase<257710b0>, -1, 50) at <6537.122070, 15.929827, 3089.163086>
[COT 2022-10-20 16:43:16] 76561198017844134: Spawned Entity Arctic Plate Carrier Vest (PlateCarrierVest<2590ef20>, -1, 225) at <6537.254883, 15.889828, 3088.592285>
[COT 2022-10-20 16:43:20] 76561198017844134: Spawned Entity Arctic Plate Carrier Pouches (PlateCarrierPouches<25919a30>, -1, 200) at <6537.274414, 16.026991, 3088.491943>
[COT 2022-10-20 16:43:23] 76561198017844134: Spawned Entity Arctic Plate Carrier Holster (PlateCarrierHolster<2328f1f0>, -1, 100) at <6537.437988, 16.108715, 3088.532471>
[COT 2022-10-20 16:43:32] 76561198017844134: Spawned Entity Arctic Tactical Gloves (TacticalGloves_ColorBase<2328d3c0>, -1, 165) at <6537.448730, 16.186378, 3088.606201>
[COT 2022-10-20 16:44:21] 76561198017844134: Spawned Entity Hryvnia Banknotes Stack (ExpansionBanknoteHryvnia<23277da0>, 50000, 100) at <6537.335449, 15.889828, 3088.720459>
[COT 2022-10-20 16:44:29] 76561198017844134: ESP: Viewing ESP
[COT 2022-10-20 16:44:31] 76561198017844134: ESP: Clearing ESP
[COT 2022-10-20 16:44:53] 76561198017844134: Teleported to position <7217.375977, 252.945145, 6971.239746>
[COT 2022-10-20 16:50:25] 76561198017844134: Spawned Entity Military Combat Belt (Modular_Belt_Base<2fa121d0>, -1, 100) at <7199.205566, 252.979996, 6980.805176>
[COT 2022-10-20 16:52:6s] 76561198017844134: Spawned Entity Hunting Knife (HuntingKnife<2fe85770>, -1, 130) at <7183.741699, 252.981705, 6980.490723>
[COT 2022-10-20 16:53:59] 76561198017844134: Spawned Entity 9V Battery (Battery9V<1fff28e0>, 50, 20) at <7194.380859, 252.979980, 6975.293457>
[COT 2022-10-20 16:54:8s] 76561198017844134: Spawned Entity Rangefinder (Rangefinder<88bab190>, -1, 70) at <7194.395508, 252.991882, 6975.286133>
[COT 2022-10-20 16:54:39] 76561198017844134: Spawned Entity Compass (Compass<2ff25070>, -1, 70) at <7196.419434, 253.019821, 6970.905762>
[COT 2022-10-20 16:55:2s] 76561198017844134: Spawned Entity 9V Battery (Battery9V<2ff40120>, 50, 20) at <7196.419434, 253.019821, 6970.905762>
[COT 2022-10-20 16:55:13] 76561198017844134: Spawned Entity Night Vision Goggles (NVGoggles<8b63f370>, -1, 100) at <7196.419434, 253.019821, 6970.905762>
[COT 2022-10-20 16:55:29] 76561198017844134: Spawned Entity NVG Headstrap (NVGHeadstrap<2ff57570>, -1, 200) at <7196.419434, 253.019821, 6970.905762>
[COT 2022-10-20 16:56:12] 76561198017844134: Teleported to position <9948.654297, 180.340134, 10728.694336>
[COT 2022-10-20 16:58:12] 76561198017844134: Entered the Free Camera
[COT 2022-10-20 16:59:5s] 76561198017844134: Left the Free Camera
[COT 2022-10-20 17:2m:52] 76561198017844134: Teleported to position <4457.105469, 326.102722, 8110.889160>
[COT 2022-10-20 17:3m:39] 76561198017844134: Teleported to position <10100.577148, 154.184845, 10640.719727>
[COT 2022-10-20 17:3m:39] 76561198017844134: Teleported to position <10100.577148, 154.184845, 10640.719727>
[COT 2022-10-20 17:9m:37] 76561198017844134: Teleported to position <9789.368164, 204.732452, 12658.750977>
[COT 2022-10-20 17:10:18] 76561198017844134: Teleported to position <10077.287109, 158.698776, 10653.805664>
[COT 2022-10-20 17:14:55] 76561198017844134: Spawned Entity EOTech Vudu (TTC_EotechVudu_AK_Optic<66b7e780>, -1, 30) at <10071.054688, 159.383484, 10644.380859>
[COT 2022-10-20 17:17:5s] 76561198017844134: Teleported to position <8180.083008, 249.416672, 10998.562500>
[COT 2022-10-20 17:18:27] 76561198017844134: Spawned Entity Flag Pole Kit (TerritoryFlagKit<378de300>, -1, 200) at <8172.866211, 248.799194, 11008.995117>
[COT 2022-10-20 17:20:24] 76561198017844134: Spawned Entity Plank (WoodenPlank<39dd02a0>, 10, 100) at <8166.480957, 248.802368, 11010.800781>
[COT 2022-10-20 17:20:24] 76561198017844134: Spawned Entity Plank (WoodenPlank<39dd7b60>, 10, 100) at <8166.480957, 248.802368, 11010.800781>
[COT 2022-10-20 17:20:24] 76561198017844134: Spawned Entity Plank (WoodenPlank<39dd8570>, 10, 100) at <8166.480957, 248.802368, 11010.800781>
[COT 2022-10-20 17:20:24] 76561198017844134: Spawned Entity Plank (WoodenPlank<39dd8f80>, 10, 100) at <8166.480957, 248.802368, 11010.800781>
[COT 2022-10-20 17:20:24] 76561198017844134: Spawned Entity Plank (WoodenPlank<39dd9990>, 10, 100) at <8166.480957, 248.802368, 11010.800781>
[COT 2022-10-20 17:20:24] 76561198017844134: Spawned Entity Plank (WoodenPlank<39dda3a0>, 10, 100) at <8166.480957, 248.802368, 11010.800781>
[COT 2022-10-20 17:20:24] 76561198017844134: Spawned Entity Plank (WoodenPlank<39ddadb0>, 10, 100) at <8166.480957, 248.802368, 11010.800781>
[COT 2022-10-20 17:20:25] 76561198017844134: Spawned Entity Plank (WoodenPlank<39dd3f00>, 10, 100) at <8166.480957, 248.802368, 11010.800781>
[COT 2022-10-20 17:20:25] 76561198017844134: Spawned Entity Plank (WoodenPlank<39de0840>, 10, 100) at <8166.480957, 248.802368, 11010.800781>
[COT 2022-10-20 17:20:25] 76561198017844134: Spawned Entity Plank (WoodenPlank<39de1250>, 10, 100) at <8166.480957, 248.802368, 11010.800781>
[COT 2022-10-20 17:20:25] 76561198017844134: Spawned Entity Plank (WoodenPlank<39de1c60>, 10, 100) at <8166.480957, 248.802368, 11010.800781>
[COT 2022-10-20 17:20:25] 76561198017844134: Spawned Entity Plank (WoodenPlank<39ddd5f0>, 10, 100) at <8166.480957, 248.802368, 11010.800781>
[COT 2022-10-20 17:20:25] 76561198017844134: Spawned Entity Plank (WoodenPlank<39ddea10>, 10, 100) at <8166.480957, 248.802368, 11010.800781>
[COT 2022-10-20 17:20:25] 76561198017844134: Spawned Entity Plank (WoodenPlank<39dde000>, 10, 100) at <8166.480957, 248.802368, 11010.800781>
[COT 2022-10-20 17:20:26] 76561198017844134: Spawned Entity Plank (WoodenPlank<39ddcbe0>, 10, 100) at <8166.480957, 248.802368, 11010.800781>
[COT 2022-10-20 17:20:26] 76561198017844134: Spawned Entity Plank (WoodenPlank<39ddfe30>, 10, 100) at <8166.480957, 248.802368, 11010.800781>
[COT 2022-10-20 17:20:26] 76561198017844134: Spawned Entity Plank (WoodenPlank<39ddf420>, 10, 100) at <8166.480957, 248.802368, 11010.800781>
[COT 2022-10-20 17:20:26] 76561198017844134: Spawned Entity Plank (WoodenPlank<39de2670>, 10, 100) at <8166.480957, 248.802368, 11010.800781>
[COT 2022-10-20 17:20:26] 76561198017844134: Spawned Entity Plank (WoodenPlank<39ddb7c0>, 10, 100) at <8166.480957, 248.802368, 11010.800781>
[COT 2022-10-20 17:20:26] 76561198017844134: Spawned Entity Plank (WoodenPlank<39de3080>, 10, 100) at <8166.480957, 248.802368, 11010.800781>
[COT 2022-10-20 17:20:26] 76561198017844134: Spawned Entity Plank (WoodenPlank<39ddc1d0>, 10, 100) at <8166.480957, 248.802368, 11010.800781>
[COT 2022-10-20 17:20:26] 76561198017844134: Spawned Entity Plank (WoodenPlank<39de3a90>, 10, 100) at <8166.480957, 248.802368, 11010.800781>
[COT 2022-10-20 17:20:27] 76561198017844134: Spawned Entity Plank (WoodenPlank<39de44a0>, 10, 100) at <8166.480957, 248.802368, 11010.800781>
[COT 2022-10-20 17:20:27] 76561198017844134: Spawned Entity Plank (WoodenPlank<39de4eb0>, 10, 100) at <8166.480957, 248.802368, 11010.800781>
[COT 2022-10-20 17:20:27] 76561198017844134: Spawned Entity Plank (WoodenPlank<39de58c0>, 10, 100) at <8166.480957, 248.802368, 11010.800781>
[COT 2022-10-20 17:20:27] 76561198017844134: Spawned Entity Plank (WoodenPlank<39de62d0>, 10, 100) at <8166.480957, 248.802368, 11010.800781>
[COT 2022-10-20 17:20:27] 76561198017844134: Spawned Entity Plank (WoodenPlank<39dae340>, 10, 100) at <8166.480957, 248.802368, 11010.800781>
[COT 2022-10-20 17:20:27] 76561198017844134: Spawned Entity Plank (WoodenPlank<39daed50>, 10, 100) at <8166.480957, 248.802368, 11010.800781>
[COT 2022-10-20 17:20:27] 76561198017844134: Spawned Entity Plank (WoodenPlank<39db9860>, 10, 100) at <8166.480957, 248.802368, 11010.800781>
[COT 2022-10-20 17:20:28] 76561198017844134: Spawned Entity Plank (WoodenPlank<39db7020>, 10, 100) at <8166.480957, 248.802368, 11010.800781>
[COT 2022-10-20 17:20:28] 76561198017844134: Spawned Entity Plank (WoodenPlank<39db33c0>, 10, 100) at <8166.480957, 248.802368, 11010.800781>
[COT 2022-10-20 17:20:28] 76561198017844134: Spawned Entity Plank (WoodenPlank<39db29b0>, 10, 100) at <8166.480957, 248.802368, 11010.800781>
[COT 2022-10-20 17:20:28] 76561198017844134: Spawned Entity Plank (WoodenPlank<39db3dd0>, 10, 100) at <8166.480957, 248.802368, 11010.800781>
[COT 2022-10-20 17:20:28] 76561198017844134: Spawned Entity Plank (WoodenPlank<39dc1b30>, 10, 100) at <8166.480957, 248.802368, 11010.800781>
[COT 2022-10-20 17:20:28] 76561198017844134: Spawned Entity Plank (WoodenPlank<39dbded0>, 10, 100) at <8166.480957, 248.802368, 11010.800781>
[COT 2022-10-20 17:20:28] 76561198017844134: Spawned Entity Plank (WoodenPlank<39dbcab0>, 10, 100) at <8166.480957, 248.802368, 11010.800781>
[COT 2022-10-20 17:20:29] 76561198017844134: Spawned Entity Plank (WoodenPlank<39dbd4c0>, 10, 100) at <8166.480957, 248.802368, 11010.800781>
[COT 2022-10-20 17:20:29] 76561198017844134: Spawned Entity Plank (WoodenPlank<39dc0710>, 10, 100) at <8166.480957, 248.802368, 11010.800781>
[COT 2022-10-20 17:20:29] 76561198017844134: Spawned Entity Plank (WoodenPlank<39dbe8e0>, 10, 100) at <8166.480957, 248.802368, 11010.800781>
[COT 2022-10-20 17:20:43] 76561198017844134: Spawned Entity Nails (Nail<39dc5790>, 99, 80) at <8164.620605, 248.803299, 11008.590820>
[COT 2022-10-20 17:20:43] 76561198017844134: Spawned Entity Nails (Nail<39dc61a0>, 99, 80) at <8164.620605, 248.803299, 11008.590820>
[COT 2022-10-20 17:20:44] 76561198017844134: Spawned Entity Nails (Nail<39dc6bb0>, 99, 80) at <8164.620605, 248.803299, 11008.590820>
[COT 2022-10-20 17:20:44] 76561198017844134: Spawned Entity Nails (Nail<39dc2540>, 99, 80) at <8164.620605, 248.803299, 11008.590820>
[COT 2022-10-20 17:20:45] 76561198017844134: Spawned Entity Nails (Nail<39dc75c0>, 99, 80) at <8164.620605, 248.803299, 11008.590820>
[COT 2022-10-20 17:20:45] 76561198017844134: Spawned Entity Nails (Nail<39dcd050>, 99, 80) at <8164.620605, 248.803299, 11008.590820>
[COT 2022-10-20 17:20:54] 76561198017844134: Spawned Entity Code Lock (ExpansionCodeLock<39dcda60>, 0, 100) at <8163.332031, 248.763916, 11006.512695>
[COT 2022-10-20 17:20:55] 76561198017844134: Spawned Entity Code Lock (ExpansionCodeLock<149d6010>, 0, 100) at <8163.332031, 248.763916, 11006.507813>
[COT 2022-10-20 17:20:56] 76561198017844134: Spawned Entity Code Lock (ExpansionCodeLock<149d7430>, 0, 100) at <8163.339844, 248.763916, 11006.510742>
[COT 2022-10-20 17:21:18] 76561198017844134: Spawned Entity Lumber (3m) (ExpansionLumber3<32b8acd0>, 10, 100) at <8169.179688, 248.800980, 11009.892578>
[COT 2022-10-20 17:21:18] 76561198017844134: Spawned Entity Lumber (3m) (ExpansionLumber3<32b8b6e0>, 10, 100) at <8169.179688, 248.800980, 11009.892578>
[COT 2022-10-20 17:21:18] 76561198017844134: Spawned Entity Lumber (3m) (ExpansionLumber3<32b87070>, 10, 100) at <8169.179688, 248.800980, 11009.892578>
[COT 2022-10-20 17:21:18] 76561198017844134: Spawned Entity Lumber (3m) (ExpansionLumber3<32b8d510>, 10, 100) at <8169.179688, 248.800980, 11009.892578>
[COT 2022-10-20 17:21:19] 76561198017844134: Spawned Entity Lumber (3m) (ExpansionLumber3<32b8df20>, 10, 100) at <8169.179688, 248.800980, 11009.892578>
[COT 2022-10-20 17:21:19] 76561198017844134: Spawned Entity Lumber (3m) (ExpansionLumber3<32b957e0>, 10, 100) at <8169.179688, 248.800980, 11009.892578>
[COT 2022-10-20 17:21:19] 76561198017844134: Spawned Entity Lumber (3m) (ExpansionLumber3<32b961f0>, 10, 100) at <8169.179688, 248.800980, 11009.892578>
[COT 2022-10-20 17:21:20] 76561198017844134: Spawned Entity Lumber (3m) (ExpansionLumber3<32b96c00>, 10, 100) at <8169.179688, 248.800980, 11009.892578>
[COT 2022-10-20 17:21:21] 76561198017844134: Spawned Entity Lumber (3m) (ExpansionLumber3<32b8fd50>, 10, 100) at <8169.179688, 248.800980, 11009.892578>
[COT 2022-10-20 17:21:21] 76561198017844134: Spawned Entity Lumber (3m) (ExpansionLumber3<32ba99e0>, 10, 100) at <8169.179688, 248.800980, 11009.892578>
[COT 2022-10-20 17:21:35] 76561198017844134: Spawned Entity Wall Kit (ExpansionWallKit<32bb12a0>, 0, 100) at <8167.416992, 248.761932, 11011.792969>
[COT 2022-10-20 17:21:52] 76561198017844134: Spawned Entity Hammer (Hammer<3761c6c0>, -1, 100) at <8166.742676, 248.762253, 11012.474609>
[COT 2022-10-20 17:38:14] 76561198017844134: Spawned Entity Flag Pole Kit (TerritoryFlagKit<820a7370>, -1, 200) at <8168.141113, 248.761566, 11010.493164>
[COT 2022-10-20 17:42:27] 76561198015557715: Spawned Entity Keys (ExpansionCarKey<82a185d0>, -1, 100) at <234.606033, 252.329788, 5871.737793>
[COT 2022-10-20 17:44:26] 76561198015557715: ESP: Viewing ESP
[COT 2022-10-20 17:44:28] 76561198015557715: ESP index=0 target=ExpansionCarKey:021392 position=<234.977768, 252.275040, 5869.452148> action=delete
[COT 2022-10-20 17:44:28] 76561198015557715: ESP action=delete_all count=1 attempted=1
[COT 2022-10-20 17:44:33] 76561198015557715: Spawned vehicle Ada 4x4 (OffroadHatchback) at <232.898605, 252.305038, 5868.002930>
[COT 2022-10-20 17:44:45] 76561198017844134: Deleted Entity WoodenPlank:024386 at <8166.480957, 248.887344, 11010.800781>
[COT 2022-10-20 17:44:45] 76561198015557715: Spawned Entity Keys (ExpansionCarKey<3a0b5460>, -1, 100) at <230.867401, 252.343781, 5867.931641>
[COT 2022-10-20 17:44:46] 76561198017844134: Deleted Entity WoodenPlank:028774 at <8166.480957, 248.887344, 11010.800781>
[COT 2022-10-20 17:44:48] 76561198017844134: Deleted Entity WoodenPlank:010925 at <8166.480957, 248.887344, 11010.800781>
[COT 2022-10-20 17:44:49] 76561198017844134: Deleted Entity WoodenPlank:011056 at <8166.480957, 248.887344, 11010.800781>
[COT 2022-10-20 17:44:51] 76561198017844134: Deleted Entity WoodenPlank:05788 at <8166.480957, 248.887344, 11010.800781>
[COT 2022-10-20 17:44:52] 76561198017844134: Deleted Entity WoodenPlank:018753 at <8166.480957, 248.887344, 11010.800781>
[COT 2022-10-20 17:44:53] 76561198017844134: Deleted Entity WoodenPlank:09743 at <8166.480957, 248.887344, 11010.800781>
[COT 2022-10-20 17:44:57] 76561198017844134: Deleted Entity WoodenPlank:015487 at <8166.480957, 248.887344, 11010.800781>
[COT 2022-10-20 17:44:58] 76561198017844134: Deleted Entity WoodenPlank:025218 at <8166.480957, 248.887344, 11010.800781>
[COT 2022-10-20 17:44:59] 76561198017844134: Deleted Entity WoodenPlank:019296 at <8166.480957, 248.887344, 11010.800781>
[COT 2022-10-20 17:45:2s] 76561198017844134: Deleted Entity WoodenPlank:013332 at <8166.480957, 248.887344, 11010.800781>
[COT 2022-10-20 17:45:3s] 76561198017844134: Deleted Entity WoodenPlank:021628 at <8166.480957, 248.887344, 11010.800781>
[COT 2022-10-20 17:45:5s] 76561198017844134: Deleted Entity WoodenPlank:09051 at <8166.480957, 248.887344, 11010.800781>
[COT 2022-10-20 17:45:7s] 76561198017844134: Deleted Entity WoodenPlank:011999 at <8166.480957, 248.887344, 11010.800781>
[COT 2022-10-20 17:45:8s] 76561198017844134: Deleted Entity WoodenPlank:07652 at <8166.480957, 248.887344, 11010.800781>
[COT 2022-10-20 17:45:10] 76561198017844134: Deleted Entity WoodenPlank:020724 at <8166.480957, 248.887344, 11010.800781>
[COT 2022-10-20 17:45:11] 76561198017844134: Deleted Entity WoodenPlank:09772 at <8166.480957, 248.887344, 11010.800781>
[COT 2022-10-20 17:45:13] 76561198017844134: Deleted Entity WoodenPlank:018604 at <8166.480957, 248.887344, 11010.800781>
[COT 2022-10-20 17:45:14] 76561198017844134: Deleted Entity WoodenPlank:011506 at <8166.480957, 248.887344, 11010.800781>
[COT 2022-10-20 17:45:16] 76561198017844134: Deleted Entity WoodenPlank:06142 at <8166.480957, 248.887344, 11010.800781>
[COT 2022-10-20 17:53:23] 76561198017844134: ESP: Viewing ESP
[COT 2022-10-20 17:53:24] 76561198017844134: ESP: Clearing ESP
[COT 2022-10-20 17:53:30] 76561198017844134: ESP: Viewing ESP
[COT 2022-10-20 17:53:39] 76561198017844134: ESP: Clearing ESP
[COT 2022-10-20 17:53:42] 76561198017844134: ESP: Viewing ESP
[COT 2022-10-20 17:53:51] 76561198017844134: ESP index=0 target=ExpansionLumber3:013542 position=<8167.549316, 248.860214, 11011.916016> action=delete
[COT 2022-10-20 17:53:51] 76561198017844134: ESP index=1 target=ExpansionLumber3:09677 position=<8169.179688, 248.874084, 11009.892578> action=delete
[COT 2022-10-20 17:53:51] 76561198017844134: ESP index=2 target=ExpansionLumber3:09950 position=<8166.966309, 248.860489, 11013.667969> action=delete
[COT 2022-10-20 17:53:51] 76561198017844134: ESP action=delete_all count=3 attempted=3
[COT 2022-10-20 17:53:53] 76561198017844134: ESP index=0 target=ExpansionLumber3:06836 position=<8169.179688, 248.874084, 11009.892578> action=delete
[COT 2022-10-20 17:53:53] 76561198017844134: ESP action=delete_all count=1 attempted=1
[COT 2022-10-20 17:53:55] 76561198017844134: ESP index=0 target=ExpansionLumber3:07970 position=<8169.179688, 248.874084, 11009.892578> action=delete
[COT 2022-10-20 17:53:55] 76561198017844134: ESP action=delete_all count=1 attempted=1
[COT 2022-10-20 17:54:0s] 76561198017844134: ESP index=0 target=ExpansionLumber3:07173 position=<8168.242188, 248.994644, 11009.266602> action=delete
[COT 2022-10-20 17:54:0s] 76561198017844134: ESP index=1 target=ExpansionLumber3:028823 position=<8169.179688, 248.874084, 11009.892578> action=delete
[COT 2022-10-20 17:54:0s] 76561198017844134: ESP action=delete_all count=2 attempted=2
[COT 2022-10-20 17:54:2s] 76561198017844134: ESP index=0 target=ExpansionLumber3:06298 position=<8169.179688, 248.874084, 11009.892578> action=delete
[COT 2022-10-20 17:54:2s] 76561198017844134: ESP action=delete_all count=1 attempted=1
[COT 2022-10-20 17:54:11] 76561198017844134: ESP index=0 target=ExpansionLumber3:06084 position=<8169.755859, 248.811264, 11006.693359> action=delete
[COT 2022-10-20 17:54:11] 76561198017844134: ESP action=delete_all count=1 attempted=1
[COT 2022-10-20 17:54:27] 76561198017844134: ESP: Clearing ESP
[COT 2022-10-20 17:55:22] 76561198017844134: Teleported to position <8936.530273, 140.219635, 13617.411133>
[COT 2022-10-20 17:56:44] 76561198017844134: Entered the Free Camera
[COT 2022-10-20 17:57:4s] 76561198017844134: Left the Free Camera
[COT 2022-10-20 18:2m:21] 76561198017844134: ESP: Viewing ESP
[COT 2022-10-20 18:2m:24] 76561198017844134: ESP: Clearing ESP
[COT 2022-10-20 18:3m:24] 76561198017844134: Entered the Free Camera
[COT 2022-10-20 18:5m:40] 76561198017844134: Left the Free Camera
[COT 2022-10-20 18:25:12] 76561198017844134: Spawned Entity Tripwire (TripwireTrap<90911230>, -1, 50) at <10018.128906, 152.552582, 10349.083984>
[COT 2022-10-20 18:25:13] 76561198017844134: Spawned Entity Tripwire (TripwireTrap<9091c330>, -1, 50) at <10018.128906, 152.552582, 10349.083984>
[COT 2022-10-20 18:25:20] 76561198017844134: Spawned Entity 8-M4 Flashbang (FlashGrenade<87e1c9d0>, -1, 20) at <10018.128906, 152.552582, 10349.083984>
[COT 2022-10-20 18:25:21] 76561198017844134: Spawned Entity 8-M4 Flashbang (FlashGrenade<87e3a520>, -1, 20) at <10018.128906, 152.552582, 10349.083984>
[COT 2022-10-20 18:27:0s] 76561198017844134: Teleported to position <8153.494141, 248.023132, 11016.005859>
[COT 2022-10-20 18:27:1s] 76561198017844134: Teleported to position <8153.494141, 248.023132, 11016.005859>
