[COT 2022-9M-18 14:54:50] 76561198017844134: ESP: Viewing ESP
[COT 2022-9M-18 14:54:51] 76561198017844134: ESP: Clearing ESP
[COT 2022-9M-18 15:0m:12] 76561198017844134: ESP: Viewing ESP
[COT 2022-9M-18 15:1m:44] 76561198017844134: ESP index=0 target=ExpansionWall6x3:015354 position=<6551.292480, 404.350128, 5597.325684> action=delete
[COT 2022-9M-18 15:1m:44] 76561198017844134: ESP index=1 target=ExpansionWall6x3:015311 position=<6554.367676, 408.856079, 5600.452637> action=delete
[COT 2022-9M-18 15:1m:44] 76561198017844134: ESP index=2 target=ExpansionWall6x3:015140 position=<6530.781250, 388.875183, 5569.867188> action=delete
[COT 2022-9M-18 15:1m:44] 76561198017844134: ESP index=3 target=ExpansionFloor6x6:015025 position=<6554.400879, 408.855621, 5597.452637> action=delete
[COT 2022-9M-18 15:1m:44] 76561198017844134: ESP index=4 target=ExpansionWall6x3:014894 position=<6554.941895, 399.526093, 5600.207031> action=delete
[COT 2022-9M-18 15:1m:44] 76561198017844134: ESP index=5 target=ExpansionFloor6x6:014891 position=<6530.409180, 388.875183, 5572.843750> action=delete
[COT 2022-9M-18 15:1m:44] 76561198017844134: ESP index=6 target=ExpansionFloor6x6:014616 position=<6532.365723, 388.876801, 5578.552246> action=delete
[COT 2022-9M-18 15:1m:44] 76561198017844134: ESP index=7 target=ExpansionFloor6x6:014611 position=<6551.886719, 402.528839, 5600.194824> action=delete
[COT 2022-9M-18 15:1m:44] 76561198017844134: ESP index=8 target=ExpansionWall6x3:014602 position=<6551.346680, 407.352875, 5597.372559> action=delete
[COT 2022-9M-18 15:1m:44] 76561198017844134: ESP index=9 target=ExpansionWall6x3:014544 position=<6529.331055, 388.896729, 5581.268066> action=delete
[COT 2022-9M-18 15:1m:44] 76561198017844134: ESP index=10 target=ExpansionWall6x3:014317 position=<6554.313477, 407.353333, 5600.405762> action=delete
[COT 2022-9M-18 15:1m:44] 76561198017844134: ESP index=11 target=ExpansionWall6x3:014090 position=<6551.400879, 408.855621, 5597.419434> action=delete
[COT 2022-9M-18 15:1m:44] 76561198017844134: ESP index=12 target=ExpansionWall6x3:014184 position=<6530.833984, 385.872437, 5569.818359> action=delete
[COT 2022-9M-18 15:1m:44] 76561198017844134: ESP index=13 target=ExpansionWall6x3:013982 position=<6554.259277, 404.350586, 5600.358887> action=delete
[COT 2022-9M-18 15:1m:44] 76561198017844134: ESP index=14 target=ExpansionWall6x3:013961 position=<6529.333984, 385.896729, 5581.230469> action=delete
[COT 2022-9M-18 15:1m:44] 76561198017844134: ESP index=15 target=ExpansionStairS1_5x3x3:013817 position=<6527.618164, 385.875183, 5577.029785> action=delete
[COT 2022-9M-18 15:1m:44] 76561198017844134: ESP action=delete_all count=16 attempted=16
[COT 2022-9M-18 15:2m:37] 76561198017844134: Spawned Entity Hammer (Hammer<11b27130>, -1, 100) at <6553.483887, 399.775726, 5600.549805>
[COT 2022-9M-18 15:2m:45] 76561198017844134: Spawned Entity Nails (Nail<e5da4b0>, 70, 80) at <6553.483887, 399.775726, 5600.549805>
[COT 2022-9M-18 15:2m:45] 76561198017844134: Spawned Entity Nails (Nail<9bbab60>, 70, 80) at <6553.483887, 399.775726, 5600.549805>
[COT 2022-9M-18 15:2m:45] 76561198017844134: Spawned Entity Nails (Nail<9bb5ae0>, 70, 80) at <6553.483887, 399.775726, 5600.549805>
[COT 2022-9M-18 15:4m:40] 76561198017844134: ESP: Clearing ESP
[COT 2022-9M-18 15:4m:43] 76561198017844134: ESP: Viewing ESP
[COT 2022-9M-18 15:4m:46] 76561198017844134: ESP index=0 target=Msp_StorageBox:014675 position=<6553.915527, 399.775818, 5602.045410> action=delete
[COT 2022-9M-18 15:4m:46] 76561198017844134: ESP action=delete_all count=1 attempted=1
[COT 2022-9M-18 15:10:27] 76561198017844134: Spawned Entity Rangefinder (Rangefinder<b548270>, -1, 70) at <6311.508301, 270.253601, 5515.028320>
[COT 2022-9M-18 15:10:33] 76561198017844134: Spawned Entity 9V Battery (Battery9V<c4e33280>, 50, 20) at <6311.508301, 270.253601, 5515.028320>
[COT 2022-9M-18 15:15:11] 76561198017844134: ESP: Clearing ESP
[COT 2022-9M-18 15:30:21] 76561198017844134: Spawned Entity Gun Cleaning Kit (WeaponCleaningKit<fe441a90>, 100, 100) on 76561198017844134
[COT 2022-9M-18 15:47:37] 76561198017844134: Spawned Entity Gold Bar (ExpansionGoldBar<cec5afa0>, 2, 100) at <6558.882813, 391.929382, 5604.675781>
[COT 2022-9M-18 15:48:6s] 76561198017844134: ESP: Viewing ESP
[COT 2022-9M-18 15:48:6s] 76561198017844134: ESP: Clearing ESP
[COT 2022-9M-18 15:48:6s] 76561198017844134: ESP: Viewing ESP
[COT 2022-9M-18 15:48:9s] 76561198017844134: ESP index=0 target=ExpansionGoldBar:021943 position=<6635.569824, 364.363861, 5641.469727> action=delete
[COT 2022-9M-18 15:48:9s] 76561198017844134: ESP action=delete_all count=1 attempted=1
[COT 2022-9M-18 15:54:18] 76561198017844134: Spawned Entity Gold Bar (ExpansionGoldBar<f812740>, 10, 100) on 76561198017844134
[COT 2022-9M-18 15:56:42] 76561198017844134: ESP: Clearing ESP
