[COT 2022-10-7D 16:2m:44] 76561198017844134: Spawned Entity Hryvnia Banknotes Stack (ExpansionBanknoteHryvnia<eb1a6010>, 50000, 100) at <1386.178345, 303.207947, 9283.306641>
[COT 2022-10-7D 16:3m:15] 76561198017844134: Spawned Entity Hryvnia Banknotes Stack (ExpansionBanknoteHryvnia<ca3f000>, 50000, 100) at <1386.178345, 303.208008, 9283.306641>
[COT 2022-10-7D 16:3m:15] 76561198017844134: Spawned Entity Hryvnia Banknotes Stack (ExpansionBanknoteHryvnia<ca3dbe0>, 50000, 100) at <1386.178345, 303.208008, 9283.306641>
[COT 2022-10-7D 16:15:18] 76561198015557715: Teleported to position <8637.594727, 108.955032, 13286.564453>
[COT 2022-10-7D 16:15:24] 76561198015557715: Entered the Free Camera
[COT 2022-10-7D 16:16:24] 76561198015557715: Left the Free Camera
[COT 2022-10-7D 16:27:18] 76561198015557715: Teleported to position <7218.789063, 252.924423, 6969.771484>
[COT 2022-10-7D 16:27:44] 76561198015557715: Teleported to position <7217.001953, 251.763107, 6921.474609>
[COT 2022-10-7D 16:28:3s] 76561198015557715: ESP: Viewing ESP
[COT 2022-10-7D 16:31:41] 76561198015557715: Spawned Entity 6-M7 Frag Grenade (M67Grenade<88838c40>, -1, 50) at <7196.252930, 253.019821, 6971.120117>
[COT 2022-10-7D 16:37:8s] 76561198017844134: Teleported to position <1672.554077, 451.731018, 14197.184570>
[COT 2022-10-7D 16:37:11] 76561198015557715: Teleported to position <1672.310181, 451.740875, 14186.769531>
[COT 2022-10-7D 16:41:27] 76561198015557715: Spawned Entity Boxed 5.56x45mm Rounds (AmmoBox_556x45_20Rnd<28475be0>, -1, 100) at <1691.614868, 453.556824, 14146.154297>
[COT 2022-10-7D 16:41:28] 76561198015557715: Spawned Entity Boxed 5.56x45mm Rounds (AmmoBox_556x45_20Rnd<284747c0>, -1, 100) at <1691.614868, 453.556824, 14146.154297>
[COT 2022-10-7D 16:46:35] 76561198017844134: Spawned Entity Tobacco Leaf (CP_Tobacco<2d9f6da0>, -1, 100) at <1583.864014, 452.778778, 14063.486328>
[COT 2022-10-7D 16:46:51] 76561198015557715: ESP: Clearing ESP
[COT 2022-10-7D 16:46:52] 76561198015557715: ESP: Viewing ESP
[COT 2022-10-7D 16:52:41] 76561198017844134: Teleported to position <7209.524902, 252.979996, 6972.254395>
[COT 2022-10-7D 17:17:56] 76561198017844134: Spawned Entity Packed Cannabis Future Seeds (CP_CannabisSeedsPackFuture<86f2b870>, -1, 5) at <638.405823, 135.004410, 5937.928711>
[COT 2022-10-7D 17:17:57] 76561198017844134: Spawned Entity Packed Cannabis Future Seeds (CP_CannabisSeedsPackFuture<86f395d0>, -1, 5) at <638.405823, 135.004410, 5937.928711>
[COT 2022-10-7D 17:17:57] 76561198017844134: Spawned Entity Packed Cannabis Future Seeds (CP_CannabisSeedsPackFuture<86f3a9f0>, -1, 5) at <638.405823, 135.004410, 5937.928711>
[COT 2022-10-7D 18:0m:11] 76561198017844134: ESP: Viewing ESP
[COT 2022-10-7D 18:0m:13] 76561198017844134: ESP: Clearing ESP
[COT 2022-10-7D 18:1m:15] 76561198017844134: ESP: Viewing ESP
[COT 2022-10-7D 18:2m:29] 76561198017844134: ESP: Clearing ESP
[COT 2022-10-7D 18:7m:21] 76561198017844134: ESP: Viewing ESP
