[COT 2022-11-16 21:9m:25] 76561198017844134: Set GodMode To true [guid=uQpbWOSqDfBH1eKt-Cxb6rOdSfp5cDaw7YoLwsAmzNU=]
[COT 2022-11-16 21:9m:25] 76561198017844134: Set UnlimitedAmmo To true [guid=uQpbWOSqDfBH1eKt-Cxb6rOdSfp5cDaw7YoLwsAmzNU=]
[COT 2022-11-16 21:14:26] 76561198017844134: Teleported to position <4604.687988, 339.000000, 10076.449219>
[COT 2022-11-16 21:14:27] 76561198017844134: Teleported to position <4604.687988, 339.000000, 10076.449219>
[COT 2022-11-16 21:14:28] 76561198017844134: Teleported to position <4697.212891, 341.034119, 10061.028320>
[COT 2022-11-16 21:14:29] 76561198017844134: Teleported to position <4697.212891, 341.034119, 10061.028320>
[COT 2022-11-16 21:14:29] 76561198017844134: Teleported to position <4697.212891, 341.034119, 10061.028320>
[COT 2022-11-16 21:14:29] 76561198017844134: Teleported to position <4697.212891, 341.034119, 10061.028320>
[COT 2022-11-16 21:14:29] 76561198017844134: Teleported to position <4697.212891, 341.034119, 10061.028320>
[COT 2022-11-16 21:14:29] 76561198017844134: Teleported to position <4697.212891, 341.034119, 10061.028320>
[COT 2022-11-16 21:14:29] 76561198017844134: Teleported to position <4697.212891, 341.034119, 10061.028320>
[COT 2022-11-16 21:22:45] 76561198017844134: Teleported to position <9674.578125, 298.991913, 8901.904297>
[COT 2022-11-16 21:22:45] 76561198017844134: Teleported to position <9674.578125, 298.991913, 8901.904297>
[COT 2022-11-16 21:22:45] 76561198017844134: Teleported to position <9674.578125, 298.991913, 8901.904297>
[COT 2022-11-16 21:22:45] 76561198017844134: Teleported to position <9674.578125, 298.991913, 8901.904297>
[COT 2022-11-16 21:23:14] 76561198017844134: ESP: Viewing ESP
[COT 2022-11-16 21:23:17] 76561198017844134: ESP: Clearing ESP
[COT 2022-11-16 21:23:17] 76561198017844134: ESP: Viewing ESP
[COT 2022-11-16 21:23:18] 76561198017844134: ESP: Clearing ESP
[COT 2022-11-16 21:24:26] 76561198017844134: Teleported to position <4440.508789, 336.621155, 8090.184570>
[COT 2022-11-16 21:25:27] 76561198017844134: Spawned Entity Schmidt & Bender PM II 3-20x50 (TTC_G28_Optic<9d166f50>, -1, 30) at <4470.150391, 335.752930, 8073.695801>
[COT 2022-11-16 21:25:56] 76561198017844134: ESP: Viewing ESP
[COT 2022-11-16 21:25:58] 76561198017844134: ESP: Clearing ESP
[COT 2022-11-16 21:26:0s] 76561198017844134: ESP: Viewing ESP
[COT 2022-11-16 21:28:44] 76561198017844134: Entered the Free Camera
[COT 2022-11-16 21:29:27] 76561198017844134: Left the Free Camera
[COT 2022-11-16 21:33:48] 76561198017844134: Teleported to position <9672.519531, 299.005219, 8903.573242>
[COT 2022-11-16 21:33:48] 76561198017844134: Teleported to position <9672.519531, 299.005219, 8903.573242>
[COT 2022-11-16 21:33:48] 76561198017844134: Teleported to position <9672.519531, 299.005219, 8903.573242>
[COT 2022-11-16 21:34:57] 76561198017844134: Spawned Entity Hunter Pants (HunterPants_Winter<3faad280>, -1, 150) at <9681.848633, 299.509430, 8933.705078>
[COT 2022-11-16 21:35:2s] 76561198017844134: Spawned Entity Hunter Jacket (HuntingJacket_Winter<42f4a080>, -1, 150) at <9682.119141, 299.509216, 8933.987305>
[COT 2022-11-16 21:35:16] 76561198017844134: Spawned Entity Arctic Balaclava (BalaclavaMask_ColorBase<42f59c10>, -1, 100) at <9681.745117, 299.509399, 8934.335938>
[COT 2022-11-16 21:35:48] 76561198017844134: Spawned Entity Winter Assault Vest (UKAssVest_ColorBase<42f65130>, -1, 120) at <9682.073242, 299.509186, 8934.336914>
[COT 2022-11-16 21:35:58] 76561198017844134: Spawned Entity Winter Tortilla Backpack (TortillaBag<42f5ec90>, -1, 170) at <9682.322266, 299.509003, 8934.378906>
[COT 2022-11-16 21:36:2s] 76561198017844134: Spawned Entity Arctic Military Boots (MilitaryBoots_ColorBase<42f80bf0>, -1, 180) at <9682.602539, 299.734100, 8934.198242>
[COT 2022-11-16 21:36:28] 76561198017844134: Spawned Entity Arctic Tactical Gloves (TacticalGloves_ColorBase<430f6910>, -1, 165) at <9681.428711, 299.509583, 8934.419922>
[COT 2022-11-16 21:38:39] 76561198017844134: Spawned Entity Arctic Plate Carrier Holster (PlateCarrierHolster<43114b90>, -1, 100) at <9678.885742, 299.579132, 8937.671875>
[COT 2022-11-16 21:39:18] 76561198017844134: Spawned Entity Warrior Combat Helmet (Mich2001Helmet<426f52d0>, -1, 115) at <9681.341797, 299.510132, 8931.503906>
[COT 2022-11-16 21:42:22] 76561198017844134: Deleted Entity ExpansionCarKey:019778 at <9681.679688, 299.519958, 8934.477539>
[COT 2022-11-16 21:42:27] 76561198017844134: Deleted Entity Chemlight_White:012930 at <9682.364258, 299.532379, 8935.398438>
[COT 2022-11-16 21:43:0s] 76561198017844134: Spawned Entity Arctic Ghillie Gun Wrap (GhillieAtt_ColorBase<44a73620>, -1, 100) at <9682.055664, 299.549133, 8934.434570>
[COT 2022-11-16 21:43:1s] 76561198017844134: Spawned Entity Arctic Ghillie Gun Wrap (GhillieAtt_ColorBase<44a70de0>, -1, 100) at <9682.055664, 299.549133, 8934.434570>
