[COT 2022-9M-19 13:17:19] 76561198015557715: Spawned Entity Donation Barrel (Msp_Static_Barrel_Donation<2faa6640>, 0, 100) at <7198.541992, 252.980011, 6977.705566>
[COT 2022-9M-19 13:17:35] 76561198015557715: Spawned Entity Trash Can (Msp_Static_TrashCan<292935c0>, -1, 100) at <7195.101563, 252.979996, 6977.723145>
[COT 2022-9M-19 13:17:48] 76561198015557715: ESP: Viewing ESP
[COT 2022-9M-19 13:17:59] 76561198015557715: ESP target=Msp_Static_TrashCan<292935c0> action=position value=<7195.000000, 252.990997, 6977.720215>
[COT 2022-9M-19 13:18:6s] 76561198015557715: ESP target=Msp_Static_TrashCan<292935c0> action=position value=<7195.299805, 252.990997, 6977.720215>
[COT 2022-9M-19 13:18:17] 76561198015557715: ESP target=Msp_Static_TrashCan<292935c0> action=position value=<7195.399902, 252.990997, 6977.720215>
[COT 2022-9M-19 13:18:34] 76561198015557715: ESP target=Msp_Static_Barrel_Donation<2faa6640> action=orientation value=<45.000000, 0.000000, -0.000000>
[COT 2022-9M-19 13:18:42] 76561198015557715: ESP target=Msp_Static_Barrel_Donation<2faa6640> action=position value=<7198.399902, 252.970993, 6977.709961>
[COT 2022-9M-19 13:18:46] 76561198015557715: ESP target=Msp_Static_Barrel_Donation<2faa6640> action=position value=<7198.100098, 252.970993, 6977.709961>
[COT 2022-9M-19 13:18:53] 76561198015557715: ESP target=Msp_Static_Barrel_Donation<2faa6640> action=position value=<7198.100098, 252.970993, 6977.660156>
[COT 2022-9M-19 13:18:59] 76561198015557715: ESP target=Msp_Static_Barrel_Donation<2faa6640> action=position value=<7198.100098, 252.970993, 6977.399902>
[COT 2022-9M-19 13:19:2s] 76561198015557715: ESP target=Msp_Static_Barrel_Donation<2faa6640> action=position value=<7198.100098, 252.970993, 6977.000000>
[COT 2022-9M-19 13:19:7s] 76561198015557715: ESP target=Msp_Static_Barrel_Donation<2faa6640> action=position value=<7198.000000, 252.970993, 6977.000000>
[COT 2022-9M-19 13:19:19] 76561198015557715: ESP target=Msp_Static_Barrel_Donation<2faa6640> action=orientation value=<50.000000, 0.000000, -0.000000>
[COT 2022-9M-19 13:19:23] 76561198015557715: ESP target=Msp_Static_Barrel_Donation<2faa6640> action=orientation value=<20.000000, 0.000000, -0.000000>
[COT 2022-9M-19 13:20:35] 76561198015557715: ESP target=Msp_Static_Barrel_Donation:023738 position=<7198.000000, 252.970993, 6977.000000> action=delete
[COT 2022-9M-19 13:20:36] 76561198015557715: ESP target=Msp_Static_TrashCan:026285 position=<7195.399902, 252.990997, 6977.720215> action=delete
[COT 2022-9M-19 13:23:2s] 76561198015557715: ESP: Clearing ESP
[COT 2022-9M-19 13:23:4s] 76561198015557715: ESP: Viewing ESP
[COT 2022-9M-19 13:23:11] 76561198015557715: ESP target=ExpansionTraderKaito:06 position=<7180.631348, 253.030258, 6981.018555> action=delete
[COT 2022-9M-19 13:23:17] 76561198015557715: ESP: Clearing ESP
[COT 2022-9M-19 13:23:18] 76561198015557715: ESP: Viewing ESP
