[COT 2022-9M-8D 23:14:0s] 76561198015557715: Spawned Entity Ammo .30-06 (TTC_Ammo_3006<1092b5c0>, 1, 100) at <4269.385254, 1.291428, 2245.709229>
[COT 2022-9M-8D 23:14:18] 76561198015557715: Spawned Entity Ammo .303 British (TTC_Ammo_303<1092a1a0>, 1, 100) at <4269.385254, 1.291422, 2245.709229>
[COT 2022-9M-8D 23:14:26] 76561198015557715: Spawned Entity AmmoBox .303 British (TTC_AmmoBox_303_20Rnd<10926540>, -1, 100) at <4269.385254, 1.291422, 2245.709229>
[COT 2022-9M-8D 23:17:4s] 76561198015557715: Spawned Entity Ammo .45-70 (TTC_Ammo_4570<10932470>, 1, 100) at <4269.385254, 1.291506, 2245.709229>
[COT 2022-9M-8D 23:17:19] 76561198015557715: Spawned Entity Ammo .50 Action Express (TTC_Ammo_50AE<10933890>, 1, 100) at <4269.385254, 1.291506, 2245.709229>
[COT 2022-9M-8D 23:17:21] 76561198015557715: Spawned Entity AmmoBox .50 AE (TTC_AmmoBox_50AE<109360d0>, -1, 100) at <4269.385254, 1.291506, 2245.709229>
[COT 2022-9M-8D 23:17:53] 76561198015557715: Spawned Entity Ammo 7.92×33mm Kurz (TTC_Ammo_792x33<109374f0>, 1, 100) at <4269.385254, 1.291521, 2245.709229>
[COT 2022-9M-8D 23:17:58] 76561198015557715: Spawned Entity 7.92×33mm Kurz Ammobox (TTC_AmmoBox_792x33_20Rnd<109356c0>, -1, 100) at <4269.385254, 1.291521, 2245.709229>
[COT 2022-9M-8D 23:48:4s] 76561198015557715: Set rain to 0 0 0
[COT 2022-9M-8D 23:48:4s] 76561198015557715: Set storm to 0 0.8 4000
[COT 2022-9M-8D 23:48:4s] 76561198015557715: Set fog to 0.088585 0 0
[COT 2022-9M-8D 23:48:4s] 76561198015557715: Set overcast to 0.636036 0 0
[COT 2022-9M-8D 23:48:4s] 76561198015557715: Set the date to 2022/10/1 4:12
[COT 2022-9M-8D 23:48:4s] 76561198015557715: Set wind to 10.4454 10.4454 1
[COT 2022-9M-8D 23:48:7s] 76561198015557715: Set rain to 0 0 0
[COT 2022-9M-8D 23:48:7s] 76561198015557715: Set storm to 0 0.8 4000
[COT 2022-9M-8D 23:48:7s] 76561198015557715: Set fog to 0.088585 0 0
[COT 2022-9M-8D 23:48:7s] 76561198015557715: Set overcast to 0.636036 0 0
[COT 2022-9M-8D 23:48:7s] 76561198015557715: Set the date to 2022/10/1 10:4
[COT 2022-9M-8D 23:48:7s] 76561198015557715: Set wind to 10.4454 10.4454 1
[COT 2022-9M-8D 23:48:12] 76561198015557715: Set rain to 0 0 0
[COT 2022-9M-8D 23:48:12] 76561198015557715: Set storm to 0 0.8 4000
[COT 2022-9M-8D 23:48:12] 76561198015557715: Set fog to 0.088585 0 0
[COT 2022-9M-8D 23:48:12] 76561198015557715: Set overcast to 0.636036 0 0
[COT 2022-9M-8D 23:48:12] 76561198015557715: Set the date to 2022/10/1 10:4
[COT 2022-9M-8D 23:48:12] 76561198015557715: Set wind to 0.21 0.21 1
[COT 2022-9M-8D 23:48:26] 76561198015557715: Healed [guid=F6ba8Lb5rTfk7SPTvehszX71D171DjV-B9kT6vj9WHY=]
[COT 2022-9M-8D 23:48:27] 76561198015557715: Set GodMode To true [guid=F6ba8Lb5rTfk7SPTvehszX71D171DjV-B9kT6vj9WHY=]
[COT 2022-9M-8D 23:57:38] 76561198015557715: Spawned Entity Ammo .44 Magnums (TTC_Ammo_44Mag<206a8200>, 1, 100) at <4271.352539, 1.383730, 2248.630371>
[COT 2022-9M-8D 23:57:40] 76561198015557715: Spawned Entity AmmoBox .44 Magnum (TTC_AmmoBox_44Mag<206a3180>, -1, 100) at <4271.352539, 1.383730, 2248.630371>
[COT 2022-9M-8D 23:58:8s] 76561198015557715: Spawned Entity Ammo .300BLK (TTC_Ammo_300blk<206b4130>, 1, 100) at <4271.352539, 1.383730, 2248.630371>
[COT 2022-9M-9D 0h:1m:27] 76561198015557715: Spawned Entity .380 ACP Rounds (Ammo_380<1093c570>, 1, 100) at <4271.352539, 1.383698, 2248.630371>
[COT 2022-9M-9D 0h:1m:31] 76561198015557715: Spawned Entity Boxed .380 ACP Rounds (AmmoBox_380_35rnd<10936ae0>, -1, 100) at <4271.352539, 1.383698, 2248.630371>
[COT 2022-9M-9D 0h:16:51] 76561198015557715: Spawned Entity M72 LAW Warhead (Ammunition_Base<20362bb0>, 1, 100) at <4271.352539, 1.383969, 2248.630371>
[COT 2022-9M-9D 0h:17:10] 76561198015557715: Spawned Entity Ammo .277 FURY (TTC_Ammo_277<20363fd0>, 1, 100) at <4271.352539, 1.383969, 2248.630371>
[COT 2022-9M-9D 1h:50:56] 76561198015557715: Spawned Entity .338 Lapua Magnum Rounds (Ammunition_Base<203a2d90>, 1, 100) at <4271.402832, 1.381129, 2248.590088>
[COT 2022-9M-9D 1h:50:59] 76561198015557715: Spawned Entity Boxed .338 Lapua Magnum Rounds (Box_Base<203aa650>, -1, 100) at <4271.402832, 1.381129, 2248.590088>
[COT 2022-9M-9D 1h:56:50] 76561198015557715: Spawned Entity .338 Lapua Magnum Rounds (Ammunition_Base<1d18d4f0>, 1, 100) at <4264.444824, 1.610876, 2253.652588>
[COT 2022-9M-9D 1h:57:14] 76561198015557715: Spawned Entity 4.6x30mm Armor-Piercing Rounds (Ammunition_Base<1d191b60>, 1, 100) at <4264.444824, 1.610876, 2253.652588>
[COT 2022-9M-9D 1h:57:46] 76561198015557715: Spawned Entity 7.92x57mm Mauser Rounds (Ammunition_Base<1d18f320>, 1, 100) at <4264.444824, 1.610857, 2253.652588>
[COT 2022-9M-9D 1h:59:21] 76561198015557715: Spawned Entity M203 Smoke (White) (Ammunition_Base<1db97bc0>, 1, 100) at <4262.858887, 1.672189, 2255.161133>
[COT 2022-9M-9D 2h:0m:20] 76561198015557715: Spawned Entity M203 Teargas Grenade (Ammunition_Base<1dbae600>, 1, 100) at <4262.858887, 1.672189, 2255.161133>
[COT 2022-9M-9D 2h:0m:32] 76561198015557715: Spawned Entity M203 Teargas Grenade (Ammunition_Base<1dbadbf0>, 1, 100) at <4262.858887, 1.672183, 2255.161133>
[COT 2022-9M-9D 2h:1m:5s] 76561198015557715: Spawned Entity M203 HE (Ammunition_Base<1dbb2c70>, 1, 100) at <4252.645996, 1.477028, 2264.944824>
[COT 2022-9M-9D 2h:1m:59] 76561198015557715: Spawned Entity Ammo .50 Action Express (TTC_Ammo_50AE<20713a10>, 1, 100) at <4252.645996, 1.477028, 2264.944824>
[COT 2022-9M-9D 2h:2m:0s] 76561198015557715: Spawned Entity AmmoBox .50 AE (TTC_AmmoBox_50AE<20716250>, -1, 100) at <4252.645996, 1.477028, 2264.944824>
[COT 2022-9M-9D 2h:2m:45] 76561198015557715: Spawned Entity Ammo 7.92×33mm Kurz (TTC_Ammo_792x33<206de2c0>, 1, 100) at <4252.645996, 1.477028, 2264.944824>
[COT 2022-9M-9D 2h:3m:46] 76561198015557715: Spawned Entity Ammo .50 BMG (TTC_Ammo_50BMG<206fa790>, 1, 100) at <4254.967285, 1.641959, 2271.175537>
[COT 2022-9M-9D 2h:4m:10] 76561198015557715: Spawned Entity Ammo .50 Beowulf (TTC_Ammo_50Beo<206f7f50>, 1, 100) at <4254.967285, 1.641959, 2271.175537>
[COT 2022-9M-9D 2h:4m:21] 76561198015557715: Spawned Entity Ammo HK 4.6×30mm (TTC_Ammo_4630<a4008f10>, 1, 100) at <4254.967285, 1.641959, 2271.175537>
[COT 2022-9M-9D 2h:4m:38] 76561198015557715: Spawned Entity 8mm Mauser (TTC_Ammo_8mm<a40070e0>, 1, 100) at <4254.967285, 1.641959, 2271.175537>
[COT 2022-9M-9D 2h:5m:4s] 76561198015557715: Spawned Entity Ammo .45-70 (TTC_Ammo_4570<a4011bf0>, 1, 100) at <4254.967285, 1.641959, 2271.175537>
[COT 2022-9M-9D 2h:5m:45] 76561198015557715: Spawned Entity Ammo .303 British (TTC_Ammo_303<a4017680>, 1, 100) at <4254.967285, 1.641959, 2271.175537>
[COT 2022-9M-9D 2h:6m:8s] 76561198015557715: Spawned Entity Ammo .30-06 (TTC_Ammo_3006<2069b8c0>, 1, 100) at <4254.967285, 1.641959, 2271.175537>
[COT 2022-9M-9D 2h:6m:32] 76561198015557715: Spawned Entity Ammo 7.92×33mm Kurz (TTC_Ammo_792x33<263170e0>, 1, 100) at <4254.967285, 1.641959, 2271.175537>
[COT 2022-9M-9D 2h:7m:42] 76561198015557715: Spawned Entity Ammo .338 (TTC_Ammo_338<26328090>, 1, 100) at <4254.967285, 1.641959, 2271.175537>
[COT 2022-9M-9D 2h:9m:4s] 76561198015557715: Spawned Entity 40mm Explosive Grenade (Ammo_40mm_Explosive<262fe870>, 1, 50) at <4254.967285, 1.641959, 2271.175537>
[COT 2022-9M-9D 2h:9m:6s] 76561198015557715: Spawned Entity 40mm PO-X Grenade (Ammo_40mm_ChemGas<262f79c0>, 1, 50) at <4254.967285, 1.641959, 2271.175537>
[COT 2022-9M-9D 2h:9m:8s] 76561198015557715: Spawned Entity 40mm Smoke Grenade (Ammo_40mm_Smoke_Red<262ff280>, 1, 50) at <4254.967285, 1.641959, 2271.175537>
[COT 2022-9M-9D 2h:11:49] 76561198015557715: Spawned Entity Flare (Ammo_Flare<2063dc60>, 1, 100) at <4254.967285, 1.641920, 2271.175537>
[COT 2022-9M-9D 2h:16:30] 76561198015557715: Teleported to position <7216.360840, 252.960022, 6964.091309>
[COT 2022-9M-9D 2h:16:56] 76561198015557715: Entered the Free Camera
[COT 2022-9M-9D 2h:17:12] 76561198015557715: Left the Free Camera
[COT 2022-9M-9D 2h:17:48] 76561198015557715: Teleported to position <1415.094482, 308.749603, 9260.326172>
