[COT 2022-9M-19 22:17:11] 76561198015557715: Spawned Entity Land Rover Defender Back-Left Door (Expansion_Landrover_Left<88fdbde0>, -1, 500) at <7229.544922, 252.576599, 6959.475098>
[COT 2022-9M-19 22:17:12] 76561198015557715: Spawned Entity Land Rover Defender Back- Right Door (Expansion_Landrover_Right<88fda9c0>, -1, 500) at <7229.544922, 252.576599, 6959.475098>
[COT 2022-9M-19 22:19:6s] 76561198015557715: ESP: Viewing ESP
[COT 2022-9M-19 22:19:24] 76561198015557715: ESP target=Expansion_Landrover:08236 position=<7231.704102, 252.514267, 6958.912109> action=delete
[COT 2022-9M-19 22:19:40] 76561198015557715: Spawned Entity Land Rover Defender (Expansion_Landrover<3d661350>, -1, 3000) at <7230.585938, 252.537094, 6956.778809>
[COT 2022-9M-19 22:20:18] 76561198015557715: Spawned Entity Land Rover Defender Trunk (Expansion_Landrover_Trunk<7c6b44d0>, -1, 500) at <7227.945801, 252.637299, 6957.580566>
[COT 2022-9M-19 22:20:20] 76561198015557715: Spawned Entity Land Rover Defender Hood (Expansion_Landrover_Hood<7c6ad620>, -1, 500) at <7227.945801, 252.637299, 6957.580566>
[COT 2022-9M-19 22:20:21] 76561198015557715: Spawned Entity Land Rover Defender Wheel (CarWheel<7c6b4ee0>, -1, 800) at <7228.158203, 252.665665, 6957.923340>
[COT 2022-9M-19 22:20:22] 76561198015557715: Spawned Entity Land Rover Defender Wheel (CarWheel<7c6bd1b0>, -1, 800) at <7228.158203, 252.665665, 6957.923340>
[COT 2022-9M-19 22:20:22] 76561198015557715: Spawned Entity Land Rover Defender Wheel (CarWheel<7c6b8b40>, -1, 800) at <7228.158203, 252.665665, 6957.923340>
[COT 2022-9M-19 22:20:22] 76561198015557715: Spawned Entity Land Rover Defender Wheel (CarWheel<7c6b8130>, -1, 800) at <7228.158203, 252.665665, 6957.923340>
[COT 2022-9M-19 22:20:57] 76561198015557715: Spawned Entity Land Rover Defender Front-Right Door (Expansion_Landrover_Codriverdoor<8a143fb0>, -1, 500) at <7228.158203, 252.665665, 6957.923340>
[COT 2022-9M-19 22:21:3s] 76561198015557715: Spawned Entity Land Rover Defender Front-Left Door (Expansion_Landrover_Driverdoor<8a1453d0>, -1, 500) at <7228.158203, 252.665665, 6957.923340>
[COT 2022-9M-19 22:21:13] 76561198015557715: Spawned Entity Car Battery (CarBattery<8a15e650>, 50, 200) at <7228.158203, 252.665665, 6957.923340>
[COT 2022-9M-19 22:21:19] 76561198015557715: Spawned Entity Car Radiator (CarRadiator<8a15a9f0>, -1, 250) at <7228.158203, 252.665665, 6957.923340>
[COT 2022-9M-19 22:21:28] 76561198015557715: Spawned Entity Headlight Bulb (HeadlightH7<983f0910>, -1, 10) at <7229.362793, 252.574417, 6956.978027>
[COT 2022-9M-19 22:21:29] 76561198015557715: Spawned Entity Headlight Bulb (HeadlightH7<983c5cd0>, -1, 10) at <7229.362793, 252.574417, 6956.978027>
[COT 2022-9M-19 22:21:47] 76561198015557715: Spawned Entity Spark Plug (SparkPlug<983c8f20>, -1, 20) at <7228.977539, 252.592285, 6957.346191>
[COT 2022-9M-19 22:22:32] 76561198015557715: Spawned Entity #STR_EXPANSION_ADMIN #STR_EXPANSION_CAR_KEYS (ExpansionCarAdminKey<9411d680>, -1, 100) at <7226.816895, 252.688522, 6957.509766>
[COT 2022-9M-19 22:24:23] 76561198015557715: Spawned Entity Keys (ExpansionCarKey<97272000>, -1, 100) at <7228.818848, 252.601440, 6957.258301>
[COT 2022-9M-19 22:25:6s] 76561198015557715: ESP: Clearing ESP
[COT 2022-9M-19 22:27:33] 76561198015557715: Spawned Entity Jerrycan (CanisterGasoline<910fb830>, 20000, 300) at <7228.089844, 252.639328, 6958.594727>
[COT 2022-9M-19 22:35:6s] 76561198015557715: Spawned Entity Wooden Crate (WoodenCrate<9a2bca90>, -1, 400) at <7229.500488, 252.584854, 6959.722168>
[COT 2022-9M-19 22:35:6s] 76561198015557715: Spawned Entity Wooden Crate (WoodenCrate<9a2c2520>, -1, 400) at <7229.500488, 252.584854, 6959.722168>
[COT 2022-9M-19 22:35:6s] 76561198015557715: Spawned Entity Wooden Crate (WoodenCrate<9a2bd4a0>, -1, 400) at <7229.500488, 252.584854, 6959.722168>
[COT 2022-9M-19 22:35:11] 76561198015557715: Spawned Entity Sea Chest (SeaChest<9a2bfce0>, -1, 600) at <7229.500488, 252.584854, 6959.722168>
