[COT 2022-9M-21 16:27:13] 76561198017844134: ESP: Viewing ESP
[COT 2022-9M-21 16:27:14] 76561198017844134: ESP: Clearing ESP
[COT 2022-9M-21 16:59:9s] 76561198017844134: Entered the Free Camera
[COT 2022-9M-21 17:0m:4s] 76561198017844134: Left the Free Camera
[COT 2022-9M-21 17:19:33] 76561198017844134: Spawned Entity Construction Light (Spotlight<824c5cd0>, -1, 80) at <6552.147949, 392.746765, 5597.246582>
[COT 2022-9M-21 17:19:35] 76561198017844134: Spawned Entity Construction Light (Spotlight<824ce9b0>, -1, 80) at <6552.147949, 392.746765, 5597.246582>
[COT 2022-9M-21 17:27:54] 76561198017844134: Teleported to position <1393.327271, 303.934418, 9270.148438>
[COT 2022-9M-21 17:28:27] 76561198017844134: Teleported to position <7199.248047, 252.979996, 6977.966309>
[COT 2022-9M-21 17:29:24] 76561198017844134: Teleported to position <1418.019531, 308.569946, 9262.789063>
[COT 2022-9M-21 17:34:41] 76561198017844134: Teleported to position <7203.932129, 252.979996, 6974.295898>
[COT 2022-9M-21 17:36:50] 76561198017844134: ESP: Viewing ESP
[COT 2022-9M-21 17:39:25] 76561198017844134: ESP: Clearing ESP
[COT 2022-9M-21 17:40:24] 76561198017844134: Teleported to position <6543.428223, 391.188965, 5595.060547>
[COT 2022-9M-21 17:40:25] 76561198017844134: Teleported to position <6543.428223, 391.188965, 5595.060547>
[COT 2022-9M-21 19:24:46] 76561198017844134: ESP: Viewing ESP
[COT 2022-9M-21 19:24:47] 76561198017844134: ESP: Clearing ESP
[COT 2022-9M-21 19:25:18] 76561198017844134: Teleported to position <3499.881836, 209.167984, 13298.768555>
[COT 2022-9M-21 19:25:31] 76561198017844134: Entered the Free Camera
[COT 2022-9M-21 19:31:51] 76561198017844134: Left the Free Camera
[COT 2022-9M-21 19:32:13] 76561198017844134: Entered the Free Camera
[COT 2022-9M-21 19:36:11] 76561198017844134: ESP: Viewing ESP
[COT 2022-9M-21 19:36:11] 76561198017844134: ESP: Clearing ESP
[COT 2022-9M-21 19:36:13] 76561198017844134: ESP: Viewing ESP
[COT 2022-9M-21 19:43:26] 76561198017844134: ESP: Clearing ESP
[COT 2022-9M-21 19:43:27] 76561198017844134: ESP: Viewing ESP
[COT 2022-9M-21 19:54:59] 76561198017844134: Left the Free Camera
[COT 2022-9M-21 19:55:59] 76561198017844134: Entered the Free Camera
[COT 2022-9M-21 19:56:29] 76561198017844134: ESP: Clearing ESP
[COT 2022-9M-21 19:56:29] 76561198017844134: ESP: Viewing ESP
[COT 2022-9M-21 19:56:55] 76561198017844134: Left the Free Camera
[COT 2022-9M-21 19:58:9s] 76561198017844134: Entered the Free Camera
[COT 2022-9M-21 19:58:43] 76561198017844134: Left the Free Camera
