[COT 2022-12-22 2h:16:57] 76561198015557715: Set rain to 0 0 0
[COT 2022-12-22 2h:16:57] 76561198015557715: Set storm to 0 0.8 4000
[COT 2022-12-22 2h:16:57] 76561198015557715: Set fog to 0.165969 0 0
[COT 2022-12-22 2h:16:57] 76561198015557715: Set overcast to 0.240157 0 0
[COT 2022-12-22 2h:16:57] 76561198015557715: Set the date to 2022/1/20 10:18
[COT 2022-12-22 2h:16:57] 76561198015557715: Set wind to 4.63779 4.63779 1
[COT 2022-12-22 2h:28:24] 76561198015557715: ESP: Viewing ESP
[COT 2022-12-22 2h:28:34] 76561198015557715: ESP: Clearing ESP
[COT 2022-12-22 2h:28:34] 76561198015557715: ESP: Viewing ESP
[COT 2022-12-22 2h:28:36] 76561198015557715: ESP: Clearing ESP
[COT 2022-12-22 2h:28:37] 76561198015557715: ESP: Viewing ESP
[COT 2022-12-22 2h:28:41] 76561198015557715: ESP: Clearing ESP
[COT 2022-12-22 2h:28:42] 76561198015557715: ESP: Viewing ESP
[COT 2022-12-22 2h:28:49] 76561198015557715: ESP index=0 target=Land_Container_1Bo_DE:027246 position=<7189.166992, 254.188278, 6998.202637> action=delete
[COT 2022-12-22 2h:28:49] 76561198015557715: ESP action=delete_all count=1 attempted=1
[COT 2022-12-22 2h:28:50] 76561198015557715: ESP index=0 target=Land_Container_1Bo_DE:027270 position=<7189.166992, 254.188278, 6998.202637> action=delete
[COT 2022-12-22 2h:28:50] 76561198015557715: ESP action=delete_all count=1 attempted=1
[COT 2022-12-22 2h:28:51] 76561198015557715: ESP index=0 target=Land_Container_1Bo_DE:027194 position=<7189.166992, 254.188278, 6998.202637> action=delete
[COT 2022-12-22 2h:28:51] 76561198015557715: ESP action=delete_all count=1 attempted=1
[COT 2022-12-22 2h:28:53] 76561198015557715: ESP index=0 target=Land_Container_1Bo_DE:027336 position=<7189.166992, 254.188278, 6998.202637> action=delete
[COT 2022-12-22 2h:28:53] 76561198015557715: ESP action=delete_all count=1 attempted=1
[COT 2022-12-22 2h:28:54] 76561198015557715: ESP index=0 target=Land_Container_1Bo_DE:027280 position=<7189.166992, 254.188278, 6998.202637> action=delete
[COT 2022-12-22 2h:28:54] 76561198015557715: ESP action=delete_all count=1 attempted=1
[COT 2022-12-22 2h:28:55] 76561198015557715: ESP index=0 target=Land_Container_1Bo_DE:027249 position=<7189.166992, 254.188278, 6998.202637> action=delete
[COT 2022-12-22 2h:28:55] 76561198015557715: ESP action=delete_all count=1 attempted=1
[COT 2022-12-22 2h:28:57] 76561198015557715: ESP index=0 target=Land_Container_1Bo_DE:027191 position=<7189.166992, 254.188278, 6998.202637> action=delete
[COT 2022-12-22 2h:28:57] 76561198015557715: ESP action=delete_all count=1 attempted=1
[COT 2022-12-22 2h:28:58] 76561198015557715: ESP index=0 target=Land_Container_1Bo_DE:027218 position=<7189.166992, 254.188278, 6998.202637> action=delete
[COT 2022-12-22 2h:28:58] 76561198015557715: ESP action=delete_all count=1 attempted=1
[COT 2022-12-22 2h:29:0s] 76561198015557715: ESP index=0 target=Land_Container_1Bo_DE:05095 position=<7189.166992, 254.188278, 6998.202637> action=delete
[COT 2022-12-22 2h:29:0s] 76561198015557715: ESP action=delete_all count=1 attempted=1
[COT 2022-12-22 2h:29:1s] 76561198015557715: ESP index=0 target=Land_Container_1Bo_DE:027292 position=<7189.166992, 254.188278, 6998.202637> action=delete
[COT 2022-12-22 2h:29:1s] 76561198015557715: ESP action=delete_all count=1 attempted=1
[COT 2022-12-22 2h:29:3s] 76561198015557715: ESP index=0 target=Land_Container_1Bo_DE:027315 position=<7189.166992, 254.188278, 6998.202637> action=delete
[COT 2022-12-22 2h:29:3s] 76561198015557715: ESP action=delete_all count=1 attempted=1
[COT 2022-12-22 2h:29:8s] 76561198015557715: ESP: Clearing ESP
[COT 2022-12-22 2h:31:13] 76561198015557715: Teleported to position <8231.722656, 469.179993, 9028.905273>
