[COT 2022-12-15 7h:52:41] 76561198017844134: ESP: Viewing ESP
[COT 2022-12-15 7h:52:42] 76561198017844134: ESP: Clearing ESP
[COT 2022-12-15 7h:53:0s] 76561198017844134: Teleported to position <14128.418945, 138.249405, 13833.964844>
[COT 2022-12-15 7h:53:0s] 76561198017844134: Teleported to position <14128.418945, 138.249405, 13833.964844>
[COT 2022-12-15 7h:55:41] 76561198017844134: Entered the Free Camera
[COT 2022-12-15 7h:56:36] 76561198017844134: Left the Free Camera
[COT 2022-12-15 7h:57:17] 76561198017844134: Teleported to position <10016.935547, 152.534317, 10333.937500>
[COT 2022-12-15 7h:57:53] 76561198017844134: Spawned Entity Satchel Charge (ExpansionExplosive<90c003d0>, -1, 100) at <10007.430664, 152.102417, 10352.647461>
[COT 2022-12-15 7h:57:53] 76561198017844134: Spawned Entity Satchel Charge (ExpansionExplosive<80b64f00>, -1, 100) at <10007.430664, 152.102417, 10352.647461>
[COT 2022-12-15 8h:2m:3s] 76561198017844134: Teleported to position <1550.531860, 8.983426, 2293.614746>
[COT 2022-12-15 8h:2m:17] 76561198017844134: ESP: Viewing ESP
[COT 2022-12-15 8h:3m:2s] 76561198017844134: Teleported to position <10038.088867, 152.784592, 10331.291016>
[COT 2022-12-15 8h:3m:2s] 76561198017844134: Teleported to position <10038.088867, 152.784592, 10331.291016>
[COT 2022-12-15 8h:12:23] 76561198017844134: Set UnlimitedAmmo To true [guid=uQpbWOSqDfBH1eKt-Cxb6rOdSfp5cDaw7YoLwsAmzNU=]
[COT 2022-12-15 8h:12:54] 76561198017844134: Set UnlimitedAmmo To true [guid=uQpbWOSqDfBH1eKt-Cxb6rOdSfp5cDaw7YoLwsAmzNU=]
[COT 2022-12-15 8h:14:35] 76561198017844134: Set UnlimitedAmmo To false [guid=uQpbWOSqDfBH1eKt-Cxb6rOdSfp5cDaw7YoLwsAmzNU=]
[COT 2022-12-15 8h:14:37] 76561198017844134: Set Broken Legs To true [guid=uQpbWOSqDfBH1eKt-Cxb6rOdSfp5cDaw7YoLwsAmzNU=]
[COT 2022-12-15 8h:14:38] 76561198017844134: Set Broken Legs To false [guid=uQpbWOSqDfBH1eKt-Cxb6rOdSfp5cDaw7YoLwsAmzNU=]
[COT 2022-12-15 8h:14:42] 76561198017844134: Healed [guid=uQpbWOSqDfBH1eKt-Cxb6rOdSfp5cDaw7YoLwsAmzNU=]
[COT 2022-12-15 8h:17:26] 76561198017844134: Set Broken Legs To false [guid=uQpbWOSqDfBH1eKt-Cxb6rOdSfp5cDaw7YoLwsAmzNU=]
[COT 2022-12-15 8h:17:28] 76561198017844134: Set Broken Legs To false [guid=uQpbWOSqDfBH1eKt-Cxb6rOdSfp5cDaw7YoLwsAmzNU=]
[COT 2022-12-15 8h:17:31] 76561198017844134: Healed [guid=uQpbWOSqDfBH1eKt-Cxb6rOdSfp5cDaw7YoLwsAmzNU=]
[COT 2022-12-15 8h:22:39] 76561198017844134: Set Broken Legs To true [guid=uQpbWOSqDfBH1eKt-Cxb6rOdSfp5cDaw7YoLwsAmzNU=]
[COT 2022-12-15 8h:22:40] 76561198017844134: Set Broken Legs To false [guid=uQpbWOSqDfBH1eKt-Cxb6rOdSfp5cDaw7YoLwsAmzNU=]
[COT 2022-12-15 8h:23:54] 76561198017844134: Teleported to position <2139.630859, 88.432114, 3313.475586>
[COT 2022-12-15 8h:24:2s] 76561198017844134: Set GodMode To true [guid=uQpbWOSqDfBH1eKt-Cxb6rOdSfp5cDaw7YoLwsAmzNU=]
[COT 2022-12-15 8h:25:40] 76561198017844134: ESP: Clearing ESP
[COT 2022-12-15 8h:25:41] 76561198017844134: ESP: Viewing ESP
[COT 2022-12-15 8h:25:50] 76561198017844134: ESP: Clearing ESP
[COT 2022-12-15 8h:25:51] 76561198017844134: ESP: Viewing ESP
[COT 2022-12-15 8h:26:39] 76561198017844134: ESP: Clearing ESP
[COT 2022-12-15 8h:26:40] 76561198017844134: ESP: Viewing ESP
[COT 2022-12-15 8h:26:43] 76561198017844134: ESP: Clearing ESP
[COT 2022-12-15 8h:26:47] 76561198017844134: ESP: Viewing ESP
[COT 2022-12-15 8h:28:42] 76561198017844134: ESP: Clearing ESP
[COT 2022-12-15 8h:35:49] 76561198017844134: Set GodMode To false [guid=uQpbWOSqDfBH1eKt-Cxb6rOdSfp5cDaw7YoLwsAmzNU=]
[COT 2022-12-15 8h:35:49] 76561198017844134: Set UnlimitedAmmo To true [guid=uQpbWOSqDfBH1eKt-Cxb6rOdSfp5cDaw7YoLwsAmzNU=]
