[COT 2022-10-21 12:49:47] 76561198015557715: Teleported to position <5040.962402, 5.684131, 2168.690186>
[COT 2022-10-21 12:49:52] 76561198015557715: Entered the Free Camera
[COT 2022-10-21 12:50:23] 76561198015557715: Left the Free Camera
[COT 2022-10-21 12:50:41] 76561198015557715: ESP: Viewing ESP
[COT 2022-10-21 12:50:43] 76561198015557715: Entered the Free Camera
[COT 2022-10-21 13:34:48] 76561198017844134: ESP: Viewing ESP
[COT 2022-10-21 13:34:49] 76561198017844134: ESP: Clearing ESP
[COT 2022-10-21 13:37:28] 76561198017844134: Spawned Entity Packed Cannabis Future Seeds (CP_CannabisSeedsPackFuture<1d034390>, -1, 5) at <7957.145508, 162.759262, 12216.746094>
[COT 2022-10-21 13:37:29] 76561198017844134: Spawned Entity Packed Cannabis Future Seeds (CP_CannabisSeedsPackFuture<1d0128e0>, -1, 5) at <7957.145508, 162.759262, 12216.746094>
[COT 2022-10-21 13:45:25] 76561198017844134: Spawned Entity Military Combat Rucksack (MountainBag_ColorBase<8220bc90>, -1, 300) at <8022.914551, 209.464325, 13805.174805>
[COT 2022-10-21 13:59:17] 76561198017844134: Entered the Free Camera
[COT 2022-10-21 13:59:29] 76561198017844134: Left the Free Camera
[COT 2022-10-21 14:26:6s] 76561198017844134: ESP: Viewing ESP
[COT 2022-10-21 14:26:7s] 76561198017844134: ESP: Clearing ESP
[COT 2022-10-21 14:45:37] 76561198017844134: Spawned Entity EOTech Vudu (TTC_EotechVudu_Optic<916c1d60>, -1, 30) at <8528.041016, 252.278305, 11128.240234>
[COT 2022-10-21 14:46:35] 76561198017844134: ESP: Viewing ESP
[COT 2022-10-21 14:46:39] 76561198017844134: ESP: Clearing ESP
[COT 2022-10-21 14:46:54] 76561198017844134: Spawned Entity 20rd M14 Mag (Mag_Expansion_M14_20Rnd<94e77a90>, 1, 100) at <8535.438477, 251.942978, 11132.670898>
[COT 2022-10-21 14:47:4s] 76561198017844134: Deleted Entity Mag_Expansion_M14_20Rnd:025201 at <8535.438477, 251.985214, 11132.670898>
[COT 2022-10-21 14:47:8s] 76561198017844134: Spawned Entity M14 Magazine (TTC_M14_Mag_20rnd<94e77a90>, 1, 100) at <8535.435547, 251.943085, 11132.670898>
[COT 2022-10-21 14:47:9s] 76561198017844134: Spawned Entity M14 Magazine (TTC_M14_Mag_20rnd<94e78eb0>, 1, 100) at <8535.435547, 251.943192, 11132.669922>
[COT 2022-10-21 14:48:41] 76561198017844134: Spawned Entity Binoculars (Binoculars<666ad8c0>, -1, 70) at <8982.018555, 249.289291, 11203.350586>
[COT 2022-10-21 15:22:52] 76561198017844134: Spawned Entity Compact Military Pack (MountainBag_ColorBase<8db1a670>, -1, 300) at <8170.676270, 251.538559, 11012.254883>
[COT 2022-10-21 15:34:11] 76561198017844134: Teleported to position <4583.669434, 338.380005, 10880.557617>
[COT 2022-10-21 15:36:43] 76561198017844134: ESP: Viewing ESP
[COT 2022-10-21 15:38:20] 76561198017844134: ESP: Clearing ESP
[COT 2022-10-21 15:54:13] 76561198017844134: ESP: Viewing ESP
[COT 2022-10-21 15:54:13] 76561198017844134: ESP: Clearing ESP
[COT 2022-10-21 15:55:27] 76561198017844134: Teleported to position <8182.287598, 249.643356, 10998.852539>
