[COT 2022-10-25 16:8m:20] 76561198015557715: Entered the Free Camera
[COT 2022-10-25 16:8m:28] 76561198015557715: Left the Free Camera
[COT 2022-10-25 16:9m:43] 76561198015557715: Teleported to <7031.384277, 379.326141, 9617.842773> [guid=Ipsh3GxOJCRmyJdhssFMW1rBKq4k852X0-FvXIlTgcc=]
[COT 2022-10-25 16:10:9s] 76561198015557715: Spawned Entity M1025 (Offroad_02<1bbd4a60>, -1, 1000) at <7032.759277, 380.379883, 9645.920898>
[COT 2022-10-25 16:10:21] 76561198015557715: Spawned Entity M1025 Wheel (Offroad_02_Wheel<37f91f80>, -1, 200) at <7035.052734, 380.608429, 9650.105469>
[COT 2022-10-25 16:10:22] 76561198015557715: Spawned Entity M1025 Wheel (Offroad_02_Wheel<37f93db0>, -1, 200) at <7035.052734, 380.608429, 9650.105469>
[COT 2022-10-25 16:10:22] 76561198015557715: Spawned Entity M1025 Wheel (Offroad_02_Wheel<37f95be0>, -1, 200) at <7035.052734, 380.608429, 9650.105469>
[COT 2022-10-25 16:10:23] 76561198015557715: Spawned Entity M1025 Wheel (Offroad_02_Wheel<37f8ed30>, -1, 200) at <7035.052734, 380.608429, 9650.105469>
[COT 2022-10-25 16:10:31] 76561198015557715: Spawned Entity M1025 Trunk Door (Offroad_02_Trunk<37f9c080>, -1, 500) at <7035.052734, 380.608429, 9650.105469>
[COT 2022-10-25 16:10:33] 76561198015557715: Spawned Entity M1025 Rear Right Door (Offroad_02_Door_2_2<37f9ca90>, -1, 500) at <7035.055176, 380.895020, 9650.106445>
[COT 2022-10-25 16:10:34] 76561198015557715: Spawned Entity M1025 Rear Left Door (Offroad_02_Door_1_2<37f9deb0>, -1, 500) at <7035.082031, 381.277527, 9650.033203>
[COT 2022-10-25 16:10:36] 76561198015557715: Spawned Entity M1025 Front Right Door (Offroad_02_Door_2_1<37f9d4a0>, -1, 500) at <7035.133301, 381.466766, 9650.052734>
[COT 2022-10-25 16:10:38] 76561198015557715: Spawned Entity M1025 Front Left Door (Offroad_02_Door_1_1<37f6c3c0>, -1, 500) at <7035.195801, 381.847290, 9650.120117>
[COT 2022-10-25 16:10:54] 76561198015557715: Spawned Entity Keys (ExpansionCarKey<2f9c8b00>, -1, 100) at <7035.803223, 380.562775, 9648.462891>
[COT 2022-10-25 16:10:59] 76561198015557715: Spawned Entity Car Battery (CarBattery<2f9ca930>, 50, 200) at <7035.803223, 380.562775, 9648.462891>
[COT 2022-10-25 16:11:4s] 76561198015557715: Spawned Entity Glow Plug (GlowPlug<2f9c4ea0>, -1, 20) at <7035.803223, 380.562775, 9648.462891>
[COT 2022-10-25 16:11:10] 76561198015557715: Spawned Entity Jerrycan (CanisterGasoline<78940920>, 20000, 300) at <7035.803223, 380.562775, 9648.462891>
[COT 2022-10-25 16:11:28] 76561198015557715: Set GodMode To true [guid=F6ba8Lb5rTfk7SPTvehszX71D171DjV-B9kT6vj9WHY=]
[COT 2022-10-25 16:11:40] 76561198015557715: Healed [guid=F6ba8Lb5rTfk7SPTvehszX71D171DjV-B9kT6vj9WHY=]
[COT 2022-10-25 16:12:53] 76561198015557715: Spawned Entity M1025 Hood (Offroad_02_Hood<2f9f3740>, -1, 500) at <7034.736816, 380.556335, 9649.013672>
[COT 2022-10-25 16:13:27] 76561198015557715: ESP: Viewing ESP
[COT 2022-10-25 16:13:29] 76561198015557715: ESP index=0 target=Offroad_02_Hood:06022 position=<7035.187988, 380.706024, 9646.633789> action=delete
[COT 2022-10-25 16:13:29] 76561198015557715: ESP action=delete_all count=1 attempted=1
[COT 2022-10-25 16:13:53] 76561198015557715: ESP: Clearing ESP
[COT 2022-10-25 16:13:54] 76561198015557715: ESP: Viewing ESP
[COT 2022-10-25 16:13:58] 76561198015557715: ESP index=0 target=ExpansionCarKey:027659 position=<7029.270508, 380.411407, 9649.349609> action=delete
[COT 2022-10-25 16:13:58] 76561198015557715: ESP action=delete_all count=1 attempted=1
[COT 2022-10-25 16:14:17] 76561198015557715: ESP: Clearing ESP
[COT 2022-10-25 16:14:17] 76561198015557715: ESP: Viewing ESP
[COT 2022-10-25 16:14:29] 76561198015557715: ESP target=ExpansionCarKey:027660 position=<7026.933105, 380.380066, 9650.125000> action=delete
[COT 2022-10-25 16:15:43] 76561198015557715: Teleported to position <8641.680664, 143.186401, 13585.631836>
[COT 2022-10-25 16:15:47] 76561198015557715: Entered the Free Camera
[COT 2022-10-25 16:15:57] 76561198015557715: Left the Free Camera
[COT 2022-10-25 16:16:7s] 76561198015557715: Bleeding stopped [guid=F6ba8Lb5rTfk7SPTvehszX71D171DjV-B9kT6vj9WHY=]
[COT 2022-10-25 16:16:9s] 76561198015557715: Healed [guid=F6ba8Lb5rTfk7SPTvehszX71D171DjV-B9kT6vj9WHY=]
[COT 2022-10-25 16:16:11] 76561198015557715: Set GodMode To false [guid=F6ba8Lb5rTfk7SPTvehszX71D171DjV-B9kT6vj9WHY=]
[COT 2022-10-25 16:16:12] 76561198015557715: Healed [guid=F6ba8Lb5rTfk7SPTvehszX71D171DjV-B9kT6vj9WHY=]
[COT 2022-10-25 16:16:17] 76561198015557715: Set GodMode To true [guid=F6ba8Lb5rTfk7SPTvehszX71D171DjV-B9kT6vj9WHY=]
[COT 2022-10-25 16:17:0s] 76561198015557715: Entered the Free Camera
[COT 2022-10-25 16:17:19] 76561198015557715: Left the Free Camera
[COT 2022-10-25 16:17:57] 76561198015557715: Entered the Free Camera
[COT 2022-10-25 16:18:13] 76561198015557715: Left the Free Camera
