[COT 2022-10-7D 20:2m:11] 76561198017844134: Spawned Entity Brick of Stardawg Weed (CP_CannabisBrickStardawg<eccbe200>, -1, 30) at <8501.719727, 205.255066, 14041.371094>
[COT 2022-10-7D 20:2m:11] 76561198017844134: Spawned Entity Brick of Stardawg Weed (CP_CannabisBrickStardawg<eccc6ee0>, -1, 30) at <8501.719727, 205.255066, 14041.371094>
[COT 2022-10-7D 20:2m:12] 76561198017844134: Spawned Entity Brick of Stardawg Weed (CP_CannabisBrickStardawg<eccc5ac0>, -1, 30) at <8501.719727, 205.255066, 14041.371094>
[COT 2022-10-7D 20:3m:44] 76561198017844134: ESP: Viewing ESP
[COT 2022-10-7D 20:4m:30] 76561198017844134: ESP: Clearing ESP
[COT 2022-10-7D 20:6m:12] 76561198015557715: Teleported to position <8520.000000, 8.525445, 2633.650879>
[COT 2022-10-7D 20:6m:56] 76561198015557715: Teleported to position <8647.084961, 139.866196, 13562.898438>
[COT 2022-10-7D 20:7m:5s] 76561198015557715: Entered the Free Camera
[COT 2022-10-7D 20:7m:12] 76561198015557715: Left the Free Camera
[COT 2022-10-7D 20:7m:31] 76561198017844134: ESP: Viewing ESP
[COT 2022-10-7D 20:7m:34] 76561198017844134: ESP: Clearing ESP
[COT 2022-10-7D 20:7m:47] 76561198015557715: Teleported to position <13507.117188, 57.919361, 12123.419922>
[COT 2022-10-7D 20:19:23] 76561198015557715: Spawned Entity Plastic Explosive (Plastic_Explosive<73ec2dd0>, -1, 50) at <13582.390625, 52.942417, 12144.001953>
[COT 2022-10-7D 20:19:37] 76561198015557715: Spawned Entity Protective Case (SmallProtectorCase<252694d0>, -1, 750) at <13582.390625, 52.942417, 12144.001953>
[COT 2022-10-7D 20:20:6s] 76561198015557715: Spawned Entity Electrical Repair Kit (ElectronicRepairKit<26d44ea0>, 100, 50) at <13582.390625, 52.942417, 12144.001953>
[COT 2022-10-7D 20:22:1s] 76561198015557715: Spawned Entity Remote Detonator (RemoteDetonatorTrigger<2691ca80>, -1, 40) at <13582.390625, 52.942425, 12144.001953>
[COT 2022-10-7D 20:22:28] 76561198015557715: Spawned Entity Remote Detonation Unit (RemoteDetonator<4018b50>, -1, 40) at <13582.390625, 52.942429, 12144.001953>
[COT 2022-10-7D 20:22:29] 76561198015557715: Spawned Entity Detonator Receiver (RemoteDetonatorReceiver<26924d50>, -1, 40) at <13582.390625, 52.942429, 12144.001953>
[COT 2022-10-7D 20:29:47] 76561198015557715: Spawned Entity Plastic Explosive (Plastic_Explosive<24f2bb30>, -1, 50) at <13574.264648, 52.962467, 12133.114258>
[COT 2022-10-7D 20:29:58] 76561198015557715: Spawned Entity Remote Detonation Unit (RemoteDetonator<29d79470>, -1, 40) at <13574.264648, 52.962467, 12133.114258>
[COT 2022-10-7D 20:35:45] 76561198015557715: Spawned Entity Claymore (ClaymoreMine<849b38a0>, -1, 50) at <13572.827148, 52.962463, 12132.454102>
[COT 2022-10-7D 20:40:15] 76561198017844134: Spawned Entity Pipe Wrench (PipeWrench<2dda5c30>, -1, 400) on 76561198017844134
[COT 2022-10-7D 20:40:49] 76561198017844134: Spawned Entity Spark Plug (SparkPlug<2ddafd30>, -1, 20) on 76561198017844134
[COT 2022-10-7D 20:41:4s] 76561198017844134: Spawned Entity Car Battery (CarBattery<2de77fa0>, 50, 200) on 76561198017844134
[COT 2022-10-7D 20:51:40] 76561198017844134: Spawned Entity Shovel (Shovel<2dbf7730>, -1, 200) on 76561198017844134
[COT 2022-10-7D 21:4m:49] 76561198017844134: ESP: Viewing ESP
[COT 2022-10-7D 21:4m:50] 76561198017844134: ESP: Clearing ESP
[COT 2022-10-7D 21:10:52] 76561198017844134: Set Broken Legs To false [guid=uQpbWOSqDfBH1eKt-Cxb6rOdSfp5cDaw7YoLwsAmzNU=]
[COT 2022-10-7D 21:11:0s] 76561198017844134: Set Broken Legs To false [guid=uQpbWOSqDfBH1eKt-Cxb6rOdSfp5cDaw7YoLwsAmzNU=]
[COT 2022-10-7D 21:51:8s] 76561198017844134: Teleported to position <13576.426758, 52.946194, 12127.650391>
[COT 2022-10-7D 21:54:55] 76561198017844134: Set GodMode To true [guid=F6ba8Lb5rTfk7SPTvehszX71D171DjV-B9kT6vj9WHY=]
[COT 2022-10-7D 22:2m:25] 76561198017844134: Spawned Entity Car Battery (CarBattery<7bf8f0d0>, 50, 200) at <13543.728516, 55.807232, 12116.986328>
[COT 2022-10-7D 22:2m:52] 76561198017844134: Spawned Entity Handheld Transceiver (PersonalRadio<7b42d300>, -1, 50) at <13543.728516, 55.807232, 12116.986328>
[COT 2022-10-7D 22:2m:52] 76561198017844134: Spawned Entity Handheld Transceiver (PersonalRadio<7b41e180>, -1, 50) at <13543.728516, 55.807232, 12116.986328>
[COT 2022-10-7D 22:2m:58] 76561198017844134: Spawned Entity 9V Battery (Battery9V<7b42dd10>, 50, 20) at <13543.728516, 55.807232, 12116.986328>
[COT 2022-10-7D 22:2m:58] 76561198017844134: Spawned Entity 9V Battery (Battery9V<7b42e720>, 50, 20) at <13543.728516, 55.807232, 12116.986328>
[COT 2022-10-7D 22:3m:20] 76561198017844134: Spawned Entity Handheld Transceiver (PersonalRadio<202bc510>, -1, 50) at <13544.438477, 52.919884, 12114.976563>
[COT 2022-10-7D 22:3m:38] 76561198017844134: Spawned Entity 9V Battery (Battery9V<7bab7b90>, 50, 20) at <13544.438477, 52.935947, 12114.976563>
[COT 2022-10-7D 22:3m:40] 76561198017844134: Spawned Entity 9V Battery (Battery9V<77b05700>, 50, 20) at <13544.438477, 52.935947, 12114.976563>
[COT 2022-10-7D 22:4m:31] 76561198017844134: Teleported to position <1680.748413, 451.766602, 14190.634766>
[COT 2022-10-7D 22:4m:31] 76561198017844134: Teleported to position <1680.748413, 451.766602, 14190.634766>
[COT 2022-10-7D 22:5m:6s] 76561198017844134: Teleported to position <595.726807, 501.779144, 13688.139648>
[COT 2022-10-7D 22:5m:6s] 76561198017844134: Teleported to position <595.726807, 501.779144, 13688.139648>
[COT 2022-10-7D 22:5m:16] 76561198017844134: Teleported to position <1686.746826, 451.757690, 14192.309570>
[COT 2022-10-7D 22:5m:58] 76561198017844134: Teleported to position <616.947266, 501.600769, 13705.578125>
[COT 2022-10-7D 22:9m:45] 76561198017844134: Teleported to position <1681.953735, 451.763672, 14188.814453>
[COT 2022-10-7D 22:10:54] 76561198017844134: Teleported to position <9636.629883, 208.384003, 6570.604980>
[COT 2022-10-7D 22:10:54] 76561198017844134: Teleported to position <9636.629883, 208.384003, 6570.604980>
[COT 2022-10-7D 22:14:5s] 76561198017844134: ESP: Viewing ESP
[COT 2022-10-7D 22:14:9s] 76561198017844134: ESP: Clearing ESP
[COT 2022-10-7D 22:14:9s] 76561198017844134: ESP: Viewing ESP
[COT 2022-10-7D 22:14:28] 76561198017844134: Entered the Free Camera
[COT 2022-10-7D 22:14:43] 76561198017844134: Left the Free Camera
[COT 2022-10-7D 22:18:7s] 76561198017844134: Teleported to position <2417.856934, 349.917053, 13922.988281>
[COT 2022-10-7D 22:18:8s] 76561198017844134: Teleported to position <2417.856934, 349.917053, 13922.988281>
[COT 2022-10-7D 22:19:51] 76561198017844134: Spawned Entity  (Bonfire<1f938690>, -1, 0) at <2414.171143, 350.105316, 13923.263672>
[COT 2022-10-7D 22:20:32] 76561198017844134: Teleported to position <1414.571045, 308.870270, 9258.994141>
[COT 2022-10-7D 22:20:32] 76561198017844134: Teleported to position <1414.571045, 308.870270, 9258.994141>
[COT 2022-10-7D 22:22:16] 76561198017844134: Teleported to position <2417.023926, 349.887024, 13922.168945>
[COT 2022-10-7D 22:22:17] 76561198017844134: Teleported to position <2417.023926, 349.887024, 13922.168945>
[COT 2022-10-7D 22:25:28] 76561198017844134: Spawned Entity Plastic Explosive (Plastic_Explosive<4d28fa60>, -1, 50) at <2420.201660, 349.775238, 13922.179688>
[COT 2022-10-7D 22:25:37] 76561198017844134: Spawned Entity Remote Detonation Unit (RemoteDetonator<85f682d0>, -1, 40) at <2420.201660, 349.775238, 13922.179688>
[COT 2022-10-7D 22:28:48] 76561198017844134: ESP: Clearing ESP
[COT 2022-10-7D 22:28:49] 76561198017844134: ESP: Viewing ESP
[COT 2022-10-7D 22:29:1s] 76561198017844134: ESP: Clearing ESP
[COT 2022-10-7D 22:29:2s] 76561198017844134: ESP: Viewing ESP
[COT 2022-10-7D 22:29:15] 76561198017844134: ESP target=Bonfire:031074 position=<2414.171143, 350.105316, 13923.263672> action=delete
[COT 2022-10-7D 22:29:18] 76561198017844134: ESP: Clearing ESP
[COT 2022-10-7D 22:34:14] 76561198017844134: Teleported to position <9451.869141, 207.683151, 14380.546875>
[COT 2022-10-7D 22:34:36] 76561198017844134: Entered the Free Camera
[COT 2022-10-7D 22:35:32] 76561198017844134: Left the Free Camera
[COT 2022-10-7D 22:37:30] 76561198015557715: Healed [guid=F6ba8Lb5rTfk7SPTvehszX71D171DjV-B9kT6vj9WHY=]
[COT 2022-10-7D 22:37:37] 76561198015557715: Healed [guid=F6ba8Lb5rTfk7SPTvehszX71D171DjV-B9kT6vj9WHY=]
[COT 2022-10-7D 22:37:54] 76561198015557715: Spawned Entity Short Stick (WoodenStick<2d7f5350>, 1, 50) at <13565.582031, 52.956562, 12137.213867>
[COT 2022-10-7D 22:37:54] 76561198015557715: Spawned Entity Short Stick (WoodenStick<2d7f6770>, 1, 50) at <13565.582031, 52.956562, 12137.213867>
[COT 2022-10-7D 22:38:13] 76561198017844134: ESP: Viewing ESP
[COT 2022-10-7D 22:38:18] 76561198017844134: ESP: Clearing ESP
[COT 2022-10-7D 22:38:18] 76561198017844134: ESP: Viewing ESP
[COT 2022-10-7D 22:38:26] 76561198017844134: ESP: Clearing ESP
[COT 2022-10-7D 22:38:26] 76561198017844134: ESP: Viewing ESP
[COT 2022-10-7D 22:38:35] 76561198017844134: ESP: Clearing ESP
[COT 2022-10-7D 22:38:36] 76561198017844134: ESP: Viewing ESP
[COT 2022-10-7D 22:38:47] 76561198017844134: ESP: Clearing ESP
[COT 2022-10-7D 22:45:8s] 76561198017844134: Entered the Free Camera
[COT 2022-10-7D 22:45:12] 76561198017844134: Left the Free Camera
[COT 2022-10-7D 22:45:14] 76561198017844134: Entered the Free Camera
[COT 2022-10-7D 22:45:56] 76561198017844134: Left the Free Camera
[COT 2022-10-7D 22:46:26] 76561198017844134: Spawned Entity Admin Backpack (AliceBag_ColorBase<78541920>, -1, 130) at <9133.993164, 278.225311, 14763.023438>
[COT 2022-10-7D 22:49:29] 76561198017844134: Spawned Entity Admin Feet (ItemBase<89716180>, -1, 100) on 76561198017844134
[COT 2022-10-7D 22:49:31] 76561198017844134: Spawned Entity Admin Pants (HunterPants_ColorBase<80939120>, -1, 150) on 76561198017844134
[COT 2022-10-7D 22:49:33] 76561198017844134: Spawned Entity Admin Top (GorkaEJacket_ColorBase<62a7a8b0>, -1, 130) on 76561198017844134
[COT 2022-10-7D 22:49:36] 76561198017844134: Spawned Entity Admin Arms (ItemBase<6ec092d0>, -1, 100) on 76561198017844134
[COT 2022-10-7D 22:49:38] 76561198017844134: Spawned Entity Admin head (Head_Admin<4d6e1a80>, -1, 100) on 76561198017844134
[COT 2022-10-7D 22:49:51] 76561198017844134: Entered the Free Camera
[COT 2022-10-7D 22:50:30] 76561198017844134: Left the Free Camera
[COT 2022-10-7D 22:54:1s] 76561198017844134: Entered the Free Camera
[COT 2022-10-7D 22:57:21] 76561198017844134: Left the Free Camera
[COT 2022-10-7D 22:57:51] 76561198017844134: Entered the Free Camera
[COT 2022-10-7D 22:58:0s] 76561198017844134: Left the Free Camera
[COT 2022-10-7D 22:58:38] 76561198017844134: Teleported to position <4389.814453, 326.367249, 8970.104492>
[COT 2022-10-7D 22:58:38] 76561198017844134: Teleported to position <4389.814453, 326.367249, 8970.104492>
[COT 2022-10-7D 22:59:36] 76561198017844134: Set Broken Legs To false [guid=uQpbWOSqDfBH1eKt-Cxb6rOdSfp5cDaw7YoLwsAmzNU=]
[COT 2022-10-7D 22:59:40] 76561198017844134: Set Broken Legs To false [guid=uQpbWOSqDfBH1eKt-Cxb6rOdSfp5cDaw7YoLwsAmzNU=]
[COT 2022-10-7D 22:59:47] 76561198017844134: Healed [guid=uQpbWOSqDfBH1eKt-Cxb6rOdSfp5cDaw7YoLwsAmzNU=]
[COT 2022-10-7D 22:59:47] 76561198017844134: Healed [guid=uQpbWOSqDfBH1eKt-Cxb6rOdSfp5cDaw7YoLwsAmzNU=]
[COT 2022-10-7D 22:59:47] 76561198017844134: Healed [guid=uQpbWOSqDfBH1eKt-Cxb6rOdSfp5cDaw7YoLwsAmzNU=]
[COT 2022-10-7D 22:59:51] 76561198017844134: Set GodMode To true [guid=uQpbWOSqDfBH1eKt-Cxb6rOdSfp5cDaw7YoLwsAmzNU=]
[COT 2022-10-7D 23:0m:13] 76561198017844134: ESP: Viewing ESP
[COT 2022-10-7D 23:1m:21] 76561198017844134: Teleported to position <4614.543457, 339.000000, 10439.482422>
[COT 2022-10-7D 23:3m:44] 76561198017844134: Teleported to position <3471.468018, 194.638351, 13133.287109>
[COT 2022-10-7D 23:8m:36] 76561198017844134: Entered the Free Camera
[COT 2022-10-7D 23:10:28] 76561198017844134: Teleported to position <9236.353516, 265.815216, 14726.264648>
[COT 2022-10-7D 23:10:34] 76561198017844134: Left the Free Camera
[COT 2022-10-7D 23:10:51] 76561198017844134: Spawned Entity Heat Pack (Heatpack<cc3d060>, -1, 30) at <9236.353516, 265.772949, 14726.264648>
[COT 2022-10-7D 23:10:52] 76561198017844134: Spawned Entity Heat Pack (Heatpack<7b786180>, -1, 30) at <9236.353516, 265.772949, 14726.264648>
[COT 2022-10-7D 23:10:52] 76561198017844134: Spawned Entity Heat Pack (Heatpack<826873b0>, -1, 30) at <9236.353516, 265.772949, 14726.264648>
[COT 2022-10-7D 23:10:52] 76561198017844134: Spawned Entity Heat Pack (Heatpack<82671380>, -1, 30) at <9236.353516, 265.772949, 14726.264648>
[COT 2022-10-7D 23:10:53] 76561198017844134: Spawned Entity Heat Pack (Heatpack<58dad100>, -1, 30) at <9236.353516, 265.772949, 14726.264648>
[COT 2022-10-7D 23:10:53] 76561198017844134: Spawned Entity Heat Pack (Heatpack<7a2040a0>, -1, 30) at <9236.353516, 265.772949, 14726.264648>
[COT 2022-10-7D 23:10:53] 76561198017844134: Spawned Entity Heat Pack (Heatpack<6ccb82c0>, -1, 30) at <9236.353516, 265.772949, 14726.264648>
[COT 2022-10-7D 23:11:39] 76561198017844134: Entered the Free Camera
[COT 2022-10-7D 23:14:0s] 76561198017844134: Left the Free Camera
