[COT 2022-10-8D 15:27:9s] 76561198017844134: Spawned Entity Ghillie Suit (Dark Splinter) (GhillieSuit_ColorBase<6386d60>, -1, 100) at <637.383484, 135.004425, 5946.931641>
[COT 2022-10-8D 15:27:30] 76561198017844134: Spawned Entity NVG Headstrap (NVGHeadstrap<878ca10>, -1, 200) at <637.383484, 135.004425, 5946.931641>
[COT 2022-10-8D 15:27:47] 76561198017844134: Spawned Entity Ghillie Hood (Dark Splinter) (GhillieHood_ColorBase<8792eb0>, -1, 50) at <637.383484, 135.004425, 5946.931641>
[COT 2022-10-8D 15:31:18] 76561198017844134: Spawned Entity Ghillie Gun Wrap (Dark Splinter) (GhillieAtt_ColorBase<140e6c0>, -1, 100) at <638.438049, 134.984375, 5926.064941>
[COT 2022-10-8D 15:31:19] 76561198017844134: Spawned Entity Ghillie Gun Wrap (Dark Splinter) (GhillieAtt_ColorBase<140f0d0>, -1, 100) at <638.445557, 135.044647, 5926.127930>
[COT 2022-10-8D 15:33:20] 76561198015557715: Teleported to position <761.585388, 173.909729, 5995.392090>
[COT 2022-10-8D 15:33:36] 76561198015557715: ESP: Viewing ESP
[COT 2022-10-8D 15:36:16] 76561198015557715: Teleported to position <8643.814453, 141.665573, 13578.262695>
[COT 2022-10-8D 15:36:22] 76561198015557715: Teleported [guid=uQpbWOSqDfBH1eKt-Cxb6rOdSfp5cDaw7YoLwsAmzNU=] to <8643.814453, 141.665573, 13578.262695>
[COT 2022-10-8D 15:42:25] 76561198015557715: Entered the Free Camera
[COT 2022-10-8D 15:42:36] 76561198015557715: Left the Free Camera
[COT 2022-10-8D 15:44:26] 76561198015557715: Spawned Entity Protective Case (SmallProtectorCase<ad8f760>, -1, 750) at <8748.310547, 143.368515, 13476.489258>
[COT 2022-10-8D 15:44:38] 76561198015557715: Spawned Entity Electrical Repair Kit (ElectronicRepairKit<ad90b80>, 100, 50) at <8748.757813, 143.316574, 13476.250977>
[COT 2022-10-8D 15:46:31] 76561198015557715: Spawned Entity Claymore (ClaymoreMine<f64bbc70>, -1, 50) at <8748.841797, 143.342300, 13476.300781>
[COT 2022-10-8D 15:49:55] 76561198015557715: Set GodMode To true [guid=uQpbWOSqDfBH1eKt-Cxb6rOdSfp5cDaw7YoLwsAmzNU=]
[COT 2022-10-8D 15:49:55] 76561198015557715: Set GodMode To true [guid=F6ba8Lb5rTfk7SPTvehszX71D171DjV-B9kT6vj9WHY=]
[COT 2022-10-8D 15:50:6s] 76561198015557715: Spawned Entity Claymore (ClaymoreMine<aa39cc30>, -1, 50) at <8763.440430, 143.459030, 13480.550781>
[COT 2022-10-8D 15:50:11] 76561198015557715: Spawned Entity Tripwire (TripwireTrap<aa39b710>, -1, 50) at <8763.440430, 143.459030, 13480.550781>
[COT 2022-10-8D 15:51:48] 76561198015557715: Set GodMode To true [guid=uQpbWOSqDfBH1eKt-Cxb6rOdSfp5cDaw7YoLwsAmzNU=]
[COT 2022-10-8D 15:51:48] 76561198015557715: Set GodMode To true [guid=F6ba8Lb5rTfk7SPTvehszX71D171DjV-B9kT6vj9WHY=]
[COT 2022-10-8D 15:53:11] 76561198017844134: Spawned Entity Tripwire (TripwireTrap<aa3ab490>, -1, 50) at <8769.442383, 143.123779, 13471.342773>
[COT 2022-10-8D 15:54:56] 76561198017844134: Teleported to position <13174.541016, 6.423912, 10244.816406>
[COT 2022-10-8D 15:54:56] 76561198017844134: Teleported to position <13174.541016, 6.423912, 10244.816406>
[COT 2022-10-8D 15:55:21] 76561198015557715: Teleported to <13172.184570, 5.830137, 10236.817383> [guid=uQpbWOSqDfBH1eKt-Cxb6rOdSfp5cDaw7YoLwsAmzNU=]
[COT 2022-10-8D 15:55:31] 76561198017844134: Set GodMode To false [guid=uQpbWOSqDfBH1eKt-Cxb6rOdSfp5cDaw7YoLwsAmzNU=]
