[COT 2022-9M-19 16:31:54] 76561198017844134: ESP: Viewing ESP
[COT 2022-9M-19 16:31:55] 76561198017844134: ESP: Clearing ESP
[COT 2022-9M-19 16:35:4s] 76561198017844134: Teleported to position <5950.250000, 336.973633, 8981.244141>
[COT 2022-9M-19 16:35:36] 76561198017844134: ESP: Viewing ESP
[COT 2022-9M-19 16:35:50] 76561198017844134: ESP: Clearing ESP
[COT 2022-9M-19 16:36:9s] 76561198017844134: Teleported to position <5442.700195, 310.553741, 7237.001953>
[COT 2022-9M-19 17:20:56] 76561198017844134: Spawned Entity Car Radiator (CarRadiator<c666b8d0>, -1, 250) at <4292.334473, 338.999969, 10475.466797>
[COT 2022-9M-19 17:21:24] 76561198017844134: Spawned Entity Canteen (Canteen<231cf00>, 1000, 100) at <4293.752930, 339.000031, 10475.315430>
[COT 2022-9M-19 17:21:25] 76561198017844134: Spawned Entity Canteen (Canteen<23218f0>, 1000, 100) at <4293.653809, 339.072693, 10475.272461>
[COT 2022-9M-19 17:21:26] 76561198017844134: Spawned Entity Canteen (Canteen<2324dc0>, 1000, 100) at <4293.589844, 339.118591, 10475.243164>
[COT 2022-9M-19 17:21:26] 76561198017844134: Spawned Entity Canteen (Canteen<2301360>, 1000, 100) at <4293.497559, 339.180847, 10475.208984>
[COT 2022-9M-19 18:6m:15] 76561198015557715: Teleported to position <5885.415039, 253.815628, 6127.440430>
[COT 2022-9M-19 18:6m:55] 76561198015557715: ESP: Viewing ESP
[COT 2022-9M-19 18:8m:45] 76561198015557715: Teleported to position <6536.685547, 380.770111, 5556.643066>
[COT 2022-9M-19 18:8m:48] 76561198015557715: Entered the Free Camera
[COT 2022-9M-19 18:9m:19] 76561198015557715: Left the Free Camera
[COT 2022-9M-19 18:10:31] 76561198015557715: Teleported to position <665.599976, 445.290100, 14567.083008>
[COT 2022-9M-19 19:46:20] 76561198017844134: Teleported to position <4079.725342, 340.561432, 11112.360352>
[COT 2022-9M-19 19:46:32] 76561198017844134: ESP: Viewing ESP
[COT 2022-9M-19 19:46:32] 76561198017844134: ESP: Clearing ESP
[COT 2022-9M-19 19:46:36] 76561198017844134: ESP: Viewing ESP
[COT 2022-9M-19 19:47:4s] 76561198015557715: Teleported to position <1416.227051, 308.719757, 9260.896484>
[COT 2022-9M-19 19:48:29] 76561198017844134: Entered the Free Camera
[COT 2022-9M-19 19:48:52] 76561198017844134: Left the Free Camera
[COT 2022-9M-19 19:49:55] 76561198015557715: Teleported to position <7201.627930, 252.979996, 6969.342773>
[COT 2022-9M-19 19:50:2s] 76561198017844134: Set rain to 0 0 0
[COT 2022-9M-19 19:50:2s] 76561198017844134: Set storm to 0 0.8 4000
[COT 2022-9M-19 19:50:2s] 76561198017844134: Set fog to 0.00736339 0 0
[COT 2022-9M-19 19:50:2s] 76561198017844134: Set overcast to 0.84 0 0
[COT 2022-9M-19 19:50:2s] 76561198017844134: Set the date to 2022/10/20 14:37
[COT 2022-9M-19 19:50:2s] 76561198017844134: Set wind to 3.2433 3.2433 1
[COT 2022-9M-19 19:53:15] 76561198015557715: Spawned Entity Universal Suppressor TAVOR Tan (ItemSuppressor<dfa16b60>, -1, 12) at <7193.828613, 253.013153, 6985.658203>
[COT 2022-9M-19 19:53:30] 76561198015557715: Spawned Entity $UNT$Makarov PB6P9 Suppressor (MakarovPBSuppressor<dfa1da10>, -1, 5) at <7193.828613, 253.013153, 6985.658203>
[COT 2022-9M-19 19:53:32] 76561198015557715: Spawned Entity $UNT$Groza-4 Barrel Suppressor (Groza_Barrel_Suppressor<dfa1ee30>, -1, 4) at <7193.828613, 253.013153, 6985.658203>
[COT 2022-9M-19 19:53:38] 76561198015557715: Spawned Entity MCX Spear Suppressor (TTC_MCX_Spear_Suppressor<dfa1f840>, -1, 12) at <7193.828613, 253.013153, 6985.658203>
[COT 2022-9M-19 19:53:43] 76561198017844134: ESP: Clearing ESP
[COT 2022-9M-19 19:53:44] 76561198017844134: ESP: Viewing ESP
[COT 2022-9M-19 19:54:2s] 76561198017844134: ESP: Clearing ESP
[COT 2022-9M-19 19:55:43] 76561198017844134: Teleported to position <6545.014160, 392.444672, 5598.056152>
