[COT 2022-9M-22 9h:33:35] 76561198017844134: ESP: Viewing ESP
[COT 2022-9M-22 9h:33:37] 76561198017844134: Entered the Free Camera
[COT 2022-9M-22 9h:34:33] 76561198017844134: Left the Free Camera
[COT 2022-9M-22 9h:36:53] 76561198017844134: ESP: Clearing ESP
[COT 2022-9M-22 9h:36:53] 76561198017844134: ESP: Viewing ESP
[COT 2022-9M-22 9h:36:57] 76561198017844134: ESP: Clearing ESP
[COT 2022-9M-22 9h:37:6s] 76561198017844134: ESP: Viewing ESP
[COT 2022-9M-22 9h:40:4s] 76561198017844134: ESP: Clearing ESP
[COT 2022-9M-22 9h:55:37] 76561198017844134: Teleported to position <7203.658203, 252.979996, 6979.520020>
[COT 2022-9M-22 9h:58:11] 76561198017844134: Teleported to position <6551.133301, 392.652863, 5596.357910>
[COT 2022-9M-22 10:7m:0s] 76561198017844134: Set rain to 0 0 0
[COT 2022-9M-22 10:7m:0s] 76561198017844134: Set storm to 0 0.8 4000
[COT 2022-9M-22 10:7m:0s] 76561198017844134: Set fog to 0 0 0
[COT 2022-9M-22 10:7m:0s] 76561198017844134: Set overcast to 0 0 0
[COT 2022-9M-22 10:7m:0s] 76561198017844134: Set the date to 2022/10/11 8:38
[COT 2022-9M-22 10:7m:0s] 76561198017844134: Set wind to 0 0 1
[COT 2022-9M-22 10:23:14] 76561198017844134: Spawned Entity Plank (WoodenPlank<8220da40>, 10, 100) at <6529.839355, 386.235901, 5577.982910>
[COT 2022-9M-22 10:23:14] 76561198017844134: Spawned Entity Plank (WoodenPlank<8221a380>, 10, 100) at <6529.827637, 386.345032, 5578.077637>
[COT 2022-9M-22 10:23:15] 76561198017844134: Spawned Entity Plank (WoodenPlank<8221fe10>, 10, 100) at <6529.813477, 386.454224, 5578.166504>
[COT 2022-9M-22 10:23:15] 76561198017844134: Spawned Entity Plank (WoodenPlank<82220820>, 10, 100) at <6529.802246, 386.563354, 5578.252441>
[COT 2022-9M-22 10:23:17] 76561198017844134: Spawned Entity Plank (WoodenPlank<7a4970d0>, 10, 100) at <6529.793457, 386.672485, 5578.348633>
[COT 2022-9M-22 10:23:18] 76561198017844134: Spawned Entity Plank (WoodenPlank<7a4952a0>, 10, 100) at <6529.778809, 386.781616, 5578.435547>
[COT 2022-9M-22 10:23:38] 76561198017844134: Spawned Entity Plank (WoodenPlank<762c2670>, 10, 100) at <6529.109863, 386.263336, 5577.048340>
[COT 2022-9M-22 10:23:38] 76561198017844134: Spawned Entity Plank (WoodenPlank<762c1250>, 10, 100) at <6529.205078, 386.360138, 5577.063477>
[COT 2022-9M-22 10:23:40] 76561198017844134: Spawned Entity Plank (WoodenPlank<6f4e0270>, 10, 100) at <6529.307129, 386.464111, 5577.078613>
[COT 2022-9M-22 10:23:41] 76561198017844134: Spawned Entity Plank (WoodenPlank<6f4e7b30>, 10, 100) at <6529.416504, 386.573303, 5577.095215>
[COT 2022-9M-22 10:23:41] 76561198017844134: Spawned Entity Plank (WoodenPlank<6f4ff990>, 10, 100) at <6529.522949, 386.682495, 5577.115234>
[COT 2022-9M-22 10:23:41] 76561198017844134: Spawned Entity Plank (WoodenPlank<8234d2c0>, 10, 100) at <6529.633301, 386.791718, 5577.130859>
[COT 2022-9M-22 10:24:32] 76561198017844134: Spawned Entity Lumber (3m) (ExpansionLumber3<7be558a0>, 10, 100) at <6531.000488, 386.214966, 5578.594727>
[COT 2022-9M-22 10:24:34] 76561198017844134: Spawned Entity Lumber (3m) (ExpansionLumber3<8084a580>, 10, 100) at <6531.076172, 386.224091, 5578.229980>
[COT 2022-9M-22 11:40:39] 76561198015557715: Teleported to position <7217.890137, 252.937607, 6969.418945>
