[COT 2022-9M-20 16:19:25] 76561198015557715: Spawned Entity Gold Bar (ExpansionGoldBar<956dbbe0>, 1, 100) at <7233.043945, 253.396744, 6966.404297>
[COT 2022-9M-20 16:19:25] 76561198015557715: Spawned Entity Gold Bar (ExpansionGoldBar<956d8990>, 1, 100) at <7233.043945, 253.396744, 6966.404297>
[COT 2022-9M-20 16:26:27] 76561198015557715: Spawned Entity Camo Net (CamoNet<95de4dc0>, -1, 120) at <7229.930176, 252.563538, 6959.613770>
[COT 2022-9M-20 16:28:54] 76561198015557715: ESP: Viewing ESP
[COT 2022-9M-20 16:28:57] 76561198015557715: ESP index=0 target=OffroadHatchback:023600 position=<7231.695801, 252.585312, 6958.886230> action=delete
[COT 2022-9M-20 16:28:57] 76561198015557715: ESP action=delete_all count=1 attempted=1
[COT 2022-9M-20 16:35:25] 76561198017844134: ESP: Viewing ESP
[COT 2022-9M-20 16:35:26] 76561198017844134: ESP: Clearing ESP
[COT 2022-9M-20 16:35:50] 76561198015557715: ESP: Clearing ESP
[COT 2022-9M-20 16:35:51] 76561198015557715: ESP: Viewing ESP
[COT 2022-9M-20 16:36:5s] 76561198017844134: ESP: Viewing ESP
[COT 2022-9M-20 16:36:24] 76561198017844134: ESP: Clearing ESP
[COT 2022-9M-20 16:38:48] 76561198015557715: Spawned Entity MP7 (CZ61_Base<96089fb0>, -1, 175) at <7194.079102, 252.992508, 6982.519531>
[COT 2022-9M-20 16:46:54] 76561198015557715: ESP: Clearing ESP
[COT 2022-9M-20 16:46:55] 76561198015557715: ESP: Viewing ESP
[COT 2022-9M-20 16:48:8s] 76561198015557715: ESP: Clearing ESP
[COT 2022-9M-20 16:48:9s] 76561198015557715: ESP: Viewing ESP
[COT 2022-9M-20 16:49:53] 76561198015557715: Teleported to position <1395.632568, 305.362762, 9267.557617>
[COT 2022-9M-20 16:50:54] 76561198015557715: Teleported to position <7201.446289, 252.979996, 6972.663574>
[COT 2022-9M-20 17:15:37] 76561198017844134: Teleported to position <6542.416016, 391.520264, 5597.369141>
