[COT 2022-10-9D 13:49:15] 76561198015557715: Teleported to position <7199.963379, 252.979996, 6973.003418>
[COT 2022-10-9D 13:49:27] 76561198015557715: Spawned Entity Burlap Sack (BurlapSack<4792740>, -1, 200) at <7199.963379, 252.992462, 6973.003418>
[COT 2022-10-9D 13:49:27] 76561198015557715: Spawned Entity Burlap Sack (BurlapSack<4793150>, -1, 200) at <7199.963379, 252.992462, 6973.003418>
[COT 2022-10-9D 13:49:27] 76561198015557715: Spawned Entity Burlap Sack (BurlapSack<478c2a0>, -1, 200) at <7199.963379, 252.992462, 6973.003418>
[COT 2022-10-9D 13:49:28] 76561198015557715: Spawned Entity Burlap Sack (BurlapSack<4793b60>, -1, 200) at <7199.963379, 252.992462, 6973.003418>
[COT 2022-10-9D 13:49:28] 76561198015557715: Spawned Entity Burlap Sack (BurlapSack<478ccb0>, -1, 200) at <7199.963379, 252.992462, 6973.003418>
[COT 2022-10-9D 13:49:28] 76561198015557715: Spawned Entity Burlap Sack (BurlapSack<47977c0>, -1, 200) at <7199.963379, 252.992462, 6973.003418>
[COT 2022-10-9D 13:49:28] 76561198015557715: Spawned Entity Burlap Sack (BurlapSack<4798be0>, -1, 200) at <7199.963379, 252.992462, 6973.003418>
[COT 2022-10-9D 13:49:28] 76561198015557715: Spawned Entity Burlap Sack (BurlapSack<47995f0>, -1, 200) at <7199.963379, 252.992462, 6973.003418>
[COT 2022-10-9D 13:49:28] 76561198015557715: Spawned Entity Burlap Sack (BurlapSack<479a000>, -1, 200) at <7199.963379, 252.992462, 6973.003418>
[COT 2022-10-9D 13:49:29] 76561198015557715: Spawned Entity Burlap Sack (BurlapSack<479aa10>, -1, 200) at <7199.963379, 252.992462, 6973.003418>
[COT 2022-10-9D 13:50:45] 76561198015557715: Spawned Entity Netting (Netting<1e3ccb0>, 1, 200) at <7199.776855, 252.992462, 6972.516113>
[COT 2022-10-9D 13:50:45] 76561198015557715: Spawned Entity Netting (Netting<1e3b890>, 1, 200) at <7199.776855, 252.992462, 6972.516113>
[COT 2022-10-9D 13:50:46] 76561198015557715: Spawned Entity Netting (Netting<1e41320>, 1, 200) at <7199.776855, 252.992462, 6972.516113>
[COT 2022-10-9D 13:54:0s] 76561198015557715: ESP: Viewing ESP
[COT 2022-10-9D 13:57:52] 76561198015557715: Spawned Entity Ghillie Bushrag (Tiger) (GhillieBushrag_ColorBase<1ed29770>, -1, 100) at <7194.546875, 253.997040, 6986.705078>
[COT 2022-10-9D 13:59:26] 76561198015557715: Spawned Entity Ghillie Suit (Splinter) (GhillieSuit_ColorBase<1f961ef0>, -1, 100) at <7194.210449, 252.992477, 6983.987305>
[COT 2022-10-9D 13:59:45] 76561198015557715: ESP: Clearing ESP
[COT 2022-10-9D 13:59:45] 76561198015557715: ESP: Viewing ESP
[COT 2022-10-9D 13:59:50] 76561198015557715: ESP index=0 target=GhillieSuit_Tan:021275 position=<7194.368164, 253.145309, 6984.343750> action=delete
[COT 2022-10-9D 13:59:50] 76561198015557715: ESP index=1 target=MilitaryGear_GhillieSuit_Splinter:014772 position=<7194.209961, 253.145309, 6984.364746> action=delete
[COT 2022-10-9D 13:59:50] 76561198015557715: ESP index=2 target=MilitaryGear_GhillieBushrag_Tiger:026095 position=<7194.161133, 253.145309, 6983.520020> action=delete
[COT 2022-10-9D 13:59:50] 76561198015557715: ESP action=delete_all count=3 attempted=3
[COT 2022-10-9D 14:23:15] 76561198015557715: Spawned Entity Ghillie Top (CADPAT) (GhillieTop_ColorBase<21a79680>, -1, 100) at <7195.268066, 252.992447, 6981.947266>
[COT 2022-10-9D 15:28:44] 76561198017844134: Spawned Entity Lighter (PetrolLighter<7ee5f4d0>, 20, 20) on 76561198017844134
[COT 2022-10-9D 15:29:20] 76561198017844134: Spawned Entity Cooking Pot (Pot<65fc5f80>, 0, 200) at <1520.394531, 226.346680, 6363.957520>
[COT 2022-10-9D 15:29:50] 76561198017844134: Spawned Entity Chlorine Tablets (PurificationTablets<7c1e34b0>, 10, 30) on 76561198017844134
