[COT 2022-8M-25 12:56:25] 76561198015557715: ESP: Viewing ESP
[COT 2022-8M-25 13:0m:1s] 76561198015557715: ESP: Clearing ESP
[COT 2022-8M-25 13:0m:1s] 76561198015557715: ESP: Viewing ESP
[COT 2022-8M-25 13:0m:51] 76561198015557715: ESP: Clearing ESP
[COT 2022-8M-25 13:0m:52] 76561198015557715: ESP: Viewing ESP
[COT 2022-8M-25 13:1m:43] 76561198015557715: ESP: Clearing ESP
[COT 2022-8M-25 13:1m:43] 76561198015557715: ESP: Viewing ESP
[COT 2022-8M-25 13:2m:40] 76561198015557715: ESP: Clearing ESP
[COT 2022-8M-25 13:2m:41] 76561198015557715: ESP: Viewing ESP
[COT 2022-8M-25 13:4m:20] 76561198015557715: ESP: Clearing ESP
[COT 2022-8M-25 13:4m:20] 76561198015557715: ESP: Viewing ESP
[COT 2022-8M-25 13:4m:53] 76561198015557715: ESP: Clearing ESP
[COT 2022-8M-25 13:4m:54] 76561198015557715: ESP: Viewing ESP
[COT 2022-8M-25 13:5m:23] 76561198015557715: ESP: Clearing ESP
[COT 2022-8M-25 13:5m:24] 76561198015557715: ESP: Viewing ESP
[COT 2022-8M-25 13:6m:1s] 76561198015557715: ESP: Clearing ESP
[COT 2022-8M-25 13:6m:1s] 76561198015557715: ESP: Viewing ESP
[COT 2022-8M-25 13:7m:14] 76561198015557715: ESP: Clearing ESP
[COT 2022-8M-25 13:7m:14] 76561198015557715: ESP: Viewing ESP
[COT 2022-8M-25 13:16:34] 76561198015557715: Set GodMode To true [guid=F6ba8Lb5rTfk7SPTvehszX71D171DjV-B9kT6vj9WHY=]
[COT 2022-8M-25 13:17:4s] 76561198015557715: Healed [guid=F6ba8Lb5rTfk7SPTvehszX71D171DjV-B9kT6vj9WHY=]
