[COT 2022-9M-21 8h:37:44] 76561198017844134: Set UnlimitedAmmo To true [guid=uQpbWOSqDfBH1eKt-Cxb6rOdSfp5cDaw7YoLwsAmzNU=]
[COT 2022-9M-21 8h:38:6s] 76561198017844134: Set UnlimitedAmmo To false [guid=uQpbWOSqDfBH1eKt-Cxb6rOdSfp5cDaw7YoLwsAmzNU=]
[COT 2022-9M-21 9h:5m:41] 76561198017844134: Set Broken Legs To false [guid=uQpbWOSqDfBH1eKt-Cxb6rOdSfp5cDaw7YoLwsAmzNU=]
[COT 2022-9M-21 9h:5m:42] 76561198017844134: Healed [guid=uQpbWOSqDfBH1eKt-Cxb6rOdSfp5cDaw7YoLwsAmzNU=]
[COT 2022-9M-21 9h:59:40] 76561198017844134: ESP: Viewing ESP
[COT 2022-9M-21 9h:59:57] 76561198017844134: ESP target=ExpansionFloorBase<75ceec30> action=position value=<6552.910156, 397.239990, 5595.069824>
[COT 2022-9M-21 10:0m:3s] 76561198017844134: ESP target=ExpansionFloorBase<75ceec30> action=position value=<6552.910156, 397.200012, 5595.069824>
[COT 2022-9M-21 10:0m:9s] 76561198017844134: ESP target=ExpansionFloorBase<75ceec30> action=position value=<6552.910156, 396.799988, 5595.069824>
[COT 2022-9M-21 10:0m:15] 76561198017844134: ESP target=ExpansionFloorBase<75ceec30> action=position value=<6552.910156, 396.929993, 5595.069824>
[COT 2022-9M-21 10:0m:19] 76561198017844134: ESP target=ExpansionFloorBase<75ceec30> action=position value=<6552.910156, 396.980011, 5595.069824>
[COT 2022-9M-21 10:0m:35] 76561198017844134: ESP target=ExpansionFloorBase<75ceec30> action=position value=<6552.910156, 396.994385, 5595.069824>
[COT 2022-9M-21 10:0m:45] 76561198017844134: ESP: Clearing ESP
[COT 2022-9M-21 10:5m:20] 76561198017844134: Spawned Entity Lumber (3m) (ExpansionLumber3<794faf50>, 1, 100) at <6551.688477, 392.773773, 5596.500977>
[COT 2022-9M-21 10:5m:21] 76561198017844134: Spawned Entity Lumber (3m) (ExpansionLumber3<794f40a0>, 1, 100) at <6551.688477, 392.773773, 5596.500977>
[COT 2022-9M-21 10:6m:3s] 76561198017844134: Spawned Entity Plank (WoodenPlank<7f268430>, 10, 100) at <6551.577148, 392.669312, 5596.733887>
[COT 2022-9M-21 10:6m:3s] 76561198017844134: Spawned Entity Plank (WoodenPlank<7f261580>, 10, 100) at <6551.601563, 392.778473, 5596.729492>
[COT 2022-9M-21 10:17:23] 76561198017844134: Spawned Entity Plank (WoodenPlank<75d732f0>, 10, 100) at <6551.222168, 399.775635, 5600.747559>
[COT 2022-9M-21 10:17:45] 76561198017844134: Spawned Entity Plank (WoodenPlank<8353b020>, 10, 100) at <6552.860840, 392.675842, 5595.615234>
[COT 2022-9M-21 10:35:25] 76561198017844134: Spawned Entity Plank (WoodenPlank<6fe35610>, 10, 100) at <6553.012207, 404.350128, 5597.794434>
[COT 2022-9M-21 10:35:26] 76561198017844134: Spawned Entity Plank (WoodenPlank<6fe30fa0>, 10, 100) at <6553.310547, 404.350128, 5598.244141>
[COT 2022-9M-21 10:35:29] 76561198017844134: Spawned Entity Plank (WoodenPlank<6fe42960>, 10, 100) at <6553.584473, 404.350128, 5598.757324>
[COT 2022-9M-21 10:35:31] 76561198017844134: Spawned Entity Plank (WoodenPlank<6fe56b60>, 10, 100) at <6554.254395, 404.350128, 5599.081055>
[COT 2022-9M-21 10:35:33] 76561198017844134: Spawned Entity Plank (WoodenPlank<6fe62080>, 10, 100) at <6554.714844, 404.350128, 5598.008789>
[COT 2022-9M-21 10:35:37] 76561198017844134: Spawned Entity Plank (WoodenPlank<6fe63eb0>, 10, 100) at <6553.736816, 404.350128, 5596.915039>
[COT 2022-9M-21 10:35:49] 76561198017844134: Spawned Entity Lumber (3m) (ExpansionLumber3<7ed5a8a0>, 10, 100) at <6552.902344, 404.350128, 5599.069824>
[COT 2022-9M-21 10:35:53] 76561198017844134: Spawned Entity Lumber (3m) (ExpansionLumber3<7ed59e90>, 10, 100) at <6553.699219, 404.350128, 5599.470215>
[COT 2022-9M-21 11:16:19] 76561198017844134: Spawned Entity Plank (WoodenPlank<5b5a2640>, 10, 100) at <6552.844727, 404.350128, 5597.038574>
[COT 2022-9M-21 11:16:21] 76561198017844134: Spawned Entity Plank (WoodenPlank<5b5a3050>, 10, 100) at <6552.960938, 404.350128, 5596.875977>
[COT 2022-9M-21 11:16:22] 76561198017844134: Spawned Entity Plank (WoodenPlank<5b5a76c0>, 10, 100) at <6553.102539, 404.350128, 5596.666504>
[COT 2022-9M-21 11:16:24] 76561198017844134: Spawned Entity Plank (WoodenPlank<7481fc30>, 10, 100) at <6553.689941, 404.350128, 5596.421875>
[COT 2022-9M-21 11:16:26] 76561198017844134: Spawned Entity Plank (WoodenPlank<748398c0>, 10, 100) at <6553.392578, 404.459167, 5596.501465>
[COT 2022-9M-21 11:16:28] 76561198017844134: Spawned Entity Plank (WoodenPlank<7f5576f0>, 10, 100) at <6553.011719, 404.459351, 5596.974121>
[COT 2022-9M-21 11:16:51] 76561198017844134: Entered the Free Camera
[COT 2022-9M-21 11:17:2s] 76561198017844134: ESP: Viewing ESP
[COT 2022-9M-21 11:17:20] 76561198017844134: ESP target=ExpansionFloorBase<250ad3e0> action=position value=<6550.399902, 407.342987, 5603.100098>
[COT 2022-9M-21 11:17:25] 76561198017844134: ESP target=ExpansionFloorBase<250ad3e0> action=position value=<6550.399902, 407.342987, 5603.000000>
[COT 2022-9M-21 11:17:30] 76561198017844134: ESP target=ExpansionFloorBase<250ad3e0> action=position value=<6550.399902, 407.342987, 5602.799805>
[COT 2022-9M-21 11:17:35] 76561198017844134: ESP target=ExpansionFloorBase<250ad3e0> action=position value=<6552.000000, 407.342987, 5602.799805>
[COT 2022-9M-21 11:18:34] 76561198017844134: ESP target=ExpansionFloorBase<23d35420> action=position value=<6554.899902, 407.325989, 5599.209961>
[COT 2022-9M-21 11:19:5s] 76561198017844134: ESP target=ExpansionFloorBase<250ad3e0> action=position value=<6552.000000, 407.342987, 5601.000000>
[COT 2022-9M-21 11:19:42] 76561198017844134: ESP target=ExpansionFloorBase<23d35420> action=position value=<6554.100098, 407.325989, 5599.209961>
[COT 2022-9M-21 11:19:55] 76561198017844134: ESP target=ExpansionFloorBase<23d35420> action=position value=<6554.100098, 407.325989, 5600.000000>
[COT 2022-9M-21 11:20:11] 76561198017844134: ESP target=ExpansionFloorBase<23d35420> action=position value=<6554.100098, 407.325989, 5601.000000>
[COT 2022-9M-21 11:20:21] 76561198017844134: ESP: Clearing ESP
[COT 2022-9M-21 11:20:22] 76561198017844134: Left the Free Camera
[COT 2022-9M-21 11:28:27] 76561198017844134: Entered the Free Camera
[COT 2022-9M-21 11:28:55] 76561198017844134: ESP: Viewing ESP
[COT 2022-9M-21 11:29:16] 76561198017844134: ESP target=ExpansionWallBase<2a2f7ab0> action=position value=<6550.799805, 407.325989, 5597.740234>
[COT 2022-9M-21 11:29:26] 76561198017844134: ESP target=ExpansionWallBase<2a2f7ab0> action=position value=<6550.899902, 407.325989, 5597.740234>
[COT 2022-9M-21 11:29:42] 76561198017844134: ESP target=ExpansionWallBase<2a2f7ab0> action=position value=<6551.100098, 407.325989, 5597.740234>
[COT 2022-9M-21 11:29:48] 76561198017844134: ESP target=ExpansionWallBase<2a2f7ab0> action=position value=<6551.200195, 407.325989, 5597.740234>
[COT 2022-9M-21 11:30:12] 76561198017844134: ESP target=ExpansionWallBase<250b2860> action=dismantle part=wood_doorfinished
[COT 2022-9M-21 11:30:14] 76561198017844134: ESP target=ExpansionWallBase<250b2860> action=dismantle part=wood_doorframe
[COT 2022-9M-21 11:30:20] 76561198017844134: Left the Free Camera
[COT 2022-9M-21 11:30:27] 76561198017844134: ESP: Clearing ESP
[COT 2022-9M-21 11:32:48] 76561198017844134: Entered the Free Camera
[COT 2022-9M-21 11:33:26] 76561198017844134: Left the Free Camera
[COT 2022-9M-21 11:36:0s] 76561198017844134: Entered the Free Camera
[COT 2022-9M-21 11:36:20] 76561198017844134: ESP: Viewing ESP
[COT 2022-9M-21 11:36:30] 76561198017844134: ESP target=ExpansionFloorBase<2a3140e0> action=position value=<6553.000000, 410.218994, 5601.120117>
[COT 2022-9M-21 11:36:38] 76561198017844134: ESP target=ExpansionFloorBase<2a3140e0> action=position value=<6554.500000, 410.218994, 5601.120117>
[COT 2022-9M-21 11:37:7s] 76561198017844134: ESP index=0 target=ExpansionWall6x3:022792 position=<6551.200195, 407.325989, 5597.740234> action=delete
[COT 2022-9M-21 11:37:7s] 76561198017844134: ESP index=1 target=ExpansionWall6x3:026911 position=<6554.319824, 407.325989, 5598.007813> action=delete
[COT 2022-9M-21 11:37:7s] 76561198017844134: ESP action=delete_all count=2 attempted=2
[COT 2022-9M-21 11:37:31] 76561198017844134: ESP target=ExpansionFloorBase<2a3140e0> action=built part=wood_base required_materials=false
[COT 2022-9M-21 11:37:34] 76561198017844134: ESP target=ExpansionFloorBase<2a3140e0> action=built part=wood_floorframe required_materials=false
[COT 2022-9M-21 11:37:38] 76561198017844134: ESP target=ExpansionFloorBase<2a3140e0> action=built part=wood_floorfinished required_materials=false
[COT 2022-9M-21 11:37:42] 76561198017844134: Left the Free Camera
[COT 2022-9M-21 11:37:46] 76561198017844134: ESP: Clearing ESP
[COT 2022-9M-21 11:38:9s] 76561198017844134: ESP: Viewing ESP
[COT 2022-9M-21 11:38:23] 76561198017844134: ESP target=ExpansionFloorBase<a5043790> action=position value=<6552.000000, 410.218994, 5601.029785>
[COT 2022-9M-21 11:38:46] 76561198017844134: ESP target=ExpansionFloorBase<a5043790> action=position value=<6550.000000, 410.218994, 5601.029785>
[COT 2022-9M-21 11:38:58] 76561198017844134: Entered the Free Camera
[COT 2022-9M-21 11:39:10] 76561198017844134: ESP target=ExpansionFloorBase<a5043790> action=position value=<6552.000000, 410.218994, 5601.029785>
[COT 2022-9M-21 11:39:16] 76561198017844134: ESP target=ExpansionFloorBase<a5043790> action=position value=<6551.000000, 410.218994, 5601.029785>
[COT 2022-9M-21 11:39:21] 76561198017844134: ESP target=ExpansionFloorBase<a5043790> action=position value=<6551.200195, 410.218994, 5601.029785>
[COT 2022-9M-21 11:39:27] 76561198017844134: ESP target=ExpansionFloorBase<a5043790> action=position value=<6551.255859, 410.218994, 5601.029785>
[COT 2022-9M-21 11:39:29] 76561198017844134: Left the Free Camera
[COT 2022-9M-21 11:39:40] 76561198017844134: ESP target=ExpansionFloorBase<a5043790> action=built part=wood_base required_materials=false
[COT 2022-9M-21 11:39:43] 76561198017844134: ESP target=ExpansionFloorBase<a5043790> action=built part=wood_floorframe required_materials=false
[COT 2022-9M-21 11:39:44] 76561198017844134: ESP target=ExpansionFloorBase<a5043790> action=built part=wood_floorfinished required_materials=false
[COT 2022-9M-21 11:39:54] 76561198017844134: ESP: Clearing ESP
