[COT 2022-11-16 10:14:38] 76561198017844134: Teleported to position <719.532410, 6.004987, 1801.926270>
[COT 2022-11-16 10:14:38] 76561198017844134: Teleported to position <719.532410, 6.004987, 1801.926270>
[COT 2022-11-16 10:20:2s] 76561198017844134: Teleported to position <1174.207275, 185.339996, 7243.145020>
[COT 2022-11-16 10:20:2s] 76561198017844134: Teleported to position <1174.207275, 185.339996, 7243.145020>
[COT 2022-11-16 10:20:40] 76561198017844134: Set GodMode To true [guid=uQpbWOSqDfBH1eKt-Cxb6rOdSfp5cDaw7YoLwsAmzNU=]
[COT 2022-11-16 10:20:40] 76561198017844134: Set UnlimitedAmmo To true [guid=uQpbWOSqDfBH1eKt-Cxb6rOdSfp5cDaw7YoLwsAmzNU=]
[COT 2022-11-16 10:23:8s] 76561198017844134: Spawned Entity 20rd Drum Vaiga Mag (Mag_Saiga_Drum20Rnd<b97530e0>, 1, 100) at <1166.731201, 185.339996, 7236.078613>
[COT 2022-11-16 10:24:56] 76561198017844134: Teleported to position <1619.071289, 451.862732, 13959.005859>
[COT 2022-11-16 10:24:56] 76561198017844134: Teleported to position <1619.071289, 451.862732, 13959.005859>
[COT 2022-11-16 10:24:58] 76561198017844134: Teleported to position <1619.071289, 451.862732, 13959.005859>
[COT 2022-11-16 10:24:58] 76561198017844134: Teleported to position <1619.071289, 451.862732, 13959.005859>
[COT 2022-11-16 10:24:59] 76561198017844134: Teleported to position <1619.071289, 451.862732, 13959.005859>
[COT 2022-11-16 10:45:15] 76561198017844134: Set rain to 0 0 0
[COT 2022-11-16 10:45:15] 76561198017844134: Set storm to 0 0.8 4000
[COT 2022-11-16 10:45:15] 76561198017844134: Set fog to 0 0 0
[COT 2022-11-16 10:45:15] 76561198017844134: Set overcast to 0 0 0
[COT 2022-11-16 10:45:15] 76561198017844134: Set the date to 2022/1/21 12:40
[COT 2022-11-16 10:45:15] 76561198017844134: Set wind to 0.02 0.02 1
[COT 2022-11-16 10:45:20] 76561198017844134: Entered the Free Camera
[COT 2022-11-16 10:45:29] 76561198017844134: Left the Free Camera
[COT 2022-11-16 10:46:30] 76561198017844134: Teleported to position <1332.701660, 271.076996, 9343.417969>
[COT 2022-11-16 10:46:31] 76561198017844134: Teleported to position <1332.701660, 271.076996, 9343.417969>
[COT 2022-11-16 10:46:31] 76561198017844134: Teleported to position <1332.701660, 271.076996, 9343.417969>
[COT 2022-11-16 10:49:20] 76561198017844134: Teleported to position <14602.010742, 108.621429, 13820.473633>
[COT 2022-11-16 10:49:21] 76561198017844134: Teleported to position <14602.010742, 108.621429, 13820.473633>
[COT 2022-11-16 10:49:21] 76561198017844134: Teleported to position <14602.010742, 108.621429, 13820.473633>
[COT 2022-11-16 10:49:21] 76561198017844134: Teleported to position <14602.010742, 108.621429, 13820.473633>
[COT 2022-11-16 10:49:29] 76561198017844134: Entered the Free Camera
[COT 2022-11-16 10:53:57] 76561198017844134: Set rain to 0.02 0 0
[COT 2022-11-16 10:53:57] 76561198017844134: Set storm to 0.0004 0.8 4000
[COT 2022-11-16 10:53:57] 76561198017844134: Set fog to 0.01 0 0
[COT 2022-11-16 10:53:57] 76561198017844134: Set overcast to 0.02 0 0
[COT 2022-11-16 10:53:57] 76561198017844134: Set the date to 2022/1/21 13:31
[COT 2022-11-16 10:53:57] 76561198017844134: Set wind to 0.01 0.01 1
[COT 2022-11-16 10:56:18] 76561198017844134: Left the Free Camera
[COT 2022-11-16 11:0m:52] 76561198017844134: Teleported to position <897.024048, 454.728333, 14721.560547>
[COT 2022-11-16 11:0m:52] 76561198017844134: Teleported to position <897.024048, 454.728333, 14721.560547>
[COT 2022-11-16 11:0m:52] 76561198017844134: Teleported to position <897.024048, 454.728333, 14721.560547>
[COT 2022-11-16 11:1m:10] 76561198017844134: Teleported to position <220.643555, 313.070190, 7516.527832>
[COT 2022-11-16 11:1m:47] 76561198017844134: Teleported to position <9689.201172, 299.000000, 8900.484375>
[COT 2022-11-16 11:1m:47] 76561198017844134: Teleported to position <9689.201172, 299.000000, 8900.484375>
[COT 2022-11-16 11:1m:48] 76561198017844134: Teleported to position <9689.201172, 299.000000, 8900.484375>
[COT 2022-11-16 11:1m:48] 76561198017844134: Teleported to position <9689.201172, 299.000000, 8900.484375>
[COT 2022-11-16 11:3m:42] 76561198017844134: Spawned Entity Barrel (Barrel_Blue<1373d720>, 0, 1300) at <9678.050781, 299.513336, 8925.024414>
[COT 2022-11-16 11:3m:46] 76561198017844134: Spawned Entity Barrel (Barrel_Red<fcd6bbc0>, 0, 1300) at <9678.934570, 299.512756, 8925.011719>
[COT 2022-11-16 11:3m:49] 76561198017844134: Spawned Entity Barrel (Barrel_Yellow<e38bae0>, 0, 1300) at <9679.497070, 299.512390, 8924.967773>
[COT 2022-11-16 11:3m:53] 76561198017844134: Spawned Entity Barrel (Barrel_Green<71f1d670>, 0, 1300) at <9680.067383, 299.512054, 8924.797852>
[COT 2022-11-16 11:7m:31] 76561198017844134: Set Energy To 6000 [guid=uQpbWOSqDfBH1eKt-Cxb6rOdSfp5cDaw7YoLwsAmzNU=]
[COT 2022-11-16 11:7m:31] 76561198017844134: Set Water To 6000 [guid=uQpbWOSqDfBH1eKt-Cxb6rOdSfp5cDaw7YoLwsAmzNU=]
[COT 2022-11-16 11:7m:36] 76561198017844134: Set UnlimitedAmmo To true [guid=uQpbWOSqDfBH1eKt-Cxb6rOdSfp5cDaw7YoLwsAmzNU=]
[COT 2022-11-16 11:8m:2s] 76561198017844134: Spawned Entity Plank (WoodenPlank<f7d7fa20>, 10, 100) at <9682.229492, 299.551605, 8918.855469>
[COT 2022-11-16 11:8m:4s] 76561198017844134: Spawned Entity Plank (WoodenPlank<f7d82260>, 10, 100) at <9682.292969, 299.551422, 8919.661133>
[COT 2022-11-16 11:8m:4s] 76561198017844134: Spawned Entity Plank (WoodenPlank<f7d84090>, 10, 100) at <9682.292969, 299.551422, 8919.661133>
[COT 2022-11-16 11:8m:4s] 76561198017844134: Spawned Entity Plank (WoodenPlank<f7d85ec0>, 10, 100) at <9682.292969, 299.551422, 8919.661133>
[COT 2022-11-16 11:8m:5s] 76561198017844134: Spawned Entity Plank (WoodenPlank<fa374e20>, 10, 100) at <9682.292969, 299.551422, 8919.661133>
[COT 2022-11-16 11:8m:5s] 76561198017844134: Spawned Entity Plank (WoodenPlank<fa373a00>, 10, 100) at <9682.292969, 299.551422, 8919.661133>
[COT 2022-11-16 11:8m:5s] 76561198017844134: Spawned Entity Plank (WoodenPlank<fa371bd0>, 10, 100) at <9682.292969, 299.551422, 8919.661133>
[COT 2022-11-16 11:8m:5s] 76561198017844134: Spawned Entity Plank (WoodenPlank<fa36e980>, 10, 100) at <9682.292969, 299.551422, 8919.661133>
[COT 2022-11-16 11:8m:5s] 76561198017844134: Spawned Entity Plank (WoodenPlank<fa37f930>, 10, 100) at <9682.292969, 299.551422, 8919.661133>
[COT 2022-11-16 11:8m:5s] 76561198017844134: Spawned Entity Plank (WoodenPlank<fa380340>, 10, 100) at <9682.292969, 299.551422, 8919.661133>
[COT 2022-11-16 11:8m:6s] 76561198017844134: Spawned Entity Plank (WoodenPlank<fa37b2c0>, 10, 100) at <9682.292969, 299.551422, 8919.661133>
[COT 2022-11-16 11:8m:6s] 76561198017844134: Spawned Entity Plank (WoodenPlank<fa37bcd0>, 10, 100) at <9682.292969, 299.551422, 8919.661133>
[COT 2022-11-16 11:8m:6s] 76561198017844134: Spawned Entity Plank (WoodenPlank<fa343330>, 10, 100) at <9682.292969, 299.551422, 8919.661133>
[COT 2022-11-16 11:8m:6s] 76561198017844134: Spawned Entity Plank (WoodenPlank<fa344750>, 10, 100) at <9682.292969, 299.551422, 8919.661133>
[COT 2022-11-16 11:8m:6s] 76561198017844134: Spawned Entity Plank (WoodenPlank<fa345b70>, 10, 100) at <9682.292969, 299.551422, 8919.661133>
[COT 2022-11-16 11:8m:6s] 76561198017844134: Spawned Entity Plank (WoodenPlank<fa341f10>, 10, 100) at <9682.292969, 299.551422, 8919.661133>
[COT 2022-11-16 11:8m:6s] 76561198017844134: Spawned Entity Plank (WoodenPlank<fa34abf0>, 10, 100) at <9682.292969, 299.551422, 8919.661133>
[COT 2022-11-16 11:8m:7s] 76561198017844134: Spawned Entity Plank (WoodenPlank<fa3538d0>, 10, 100) at <9682.292969, 299.551422, 8919.661133>
[COT 2022-11-16 11:8m:7s] 76561198017844134: Spawned Entity Plank (WoodenPlank<fa352ec0>, 10, 100) at <9682.292969, 299.551422, 8919.661133>
[COT 2022-11-16 11:8m:7s] 76561198017844134: Spawned Entity Plank (WoodenPlank<fa35bba0>, 10, 100) at <9682.292969, 299.551422, 8919.661133>
[COT 2022-11-16 11:8m:7s] 76561198017844134: Spawned Entity Plank (WoodenPlank<fa354cf0>, 10, 100) at <9682.292969, 299.551422, 8919.661133>
[COT 2022-11-16 11:8m:7s] 76561198017844134: Spawned Entity Plank (WoodenPlank<fa35cfc0>, 10, 100) at <9682.292969, 299.551422, 8919.661133>
[COT 2022-11-16 11:8m:7s] 76561198017844134: Spawned Entity Plank (WoodenPlank<fa35d9d0>, 10, 100) at <9682.292969, 299.551422, 8919.661133>
[COT 2022-11-16 11:8m:7s] 76561198017844134: Spawned Entity Plank (WoodenPlank<fa356b20>, 10, 100) at <9682.292969, 299.551422, 8919.661133>
[COT 2022-11-16 11:8m:8s] 76561198017844134: Spawned Entity Plank (WoodenPlank<fa365290>, 10, 100) at <9682.292969, 299.551422, 8919.661133>
[COT 2022-11-16 11:8m:8s] 76561198017844134: Spawned Entity Plank (WoodenPlank<fa362040>, 10, 100) at <9682.292969, 299.551422, 8919.661133>
[COT 2022-11-16 11:8m:8s] 76561198017844134: Spawned Entity Plank (WoodenPlank<fa3666b0>, 10, 100) at <9682.292969, 299.551422, 8919.661133>
[COT 2022-11-16 11:8m:8s] 76561198017844134: Spawned Entity Plank (WoodenPlank<fa360210>, 10, 100) at <9682.292969, 299.551422, 8919.661133>
[COT 2022-11-16 11:8m:8s] 76561198017844134: Spawned Entity Plank (WoodenPlank<fa367ad0>, 10, 100) at <9682.292969, 299.551422, 8919.661133>
[COT 2022-11-16 11:8m:8s] 76561198017844134: Spawned Entity Plank (WoodenPlank<b157e0e0>, 10, 100) at <9682.292969, 299.551422, 8919.661133>
[COT 2022-11-16 11:8m:8s] 76561198017844134: Spawned Entity Plank (WoodenPlank<b157ff10>, 10, 100) at <9682.292969, 299.551422, 8919.661133>
[COT 2022-11-16 11:8m:9s] 76561198017844134: Spawned Entity Plank (WoodenPlank<b1584580>, 10, 100) at <9682.292969, 299.551422, 8919.661133>
[COT 2022-11-16 11:8m:9s] 76561198017844134: Spawned Entity Plank (WoodenPlank<b15859a0>, 10, 100) at <9682.292969, 299.551422, 8919.661133>
[COT 2022-11-16 11:8m:9s] 76561198017844134: Spawned Entity Plank (WoodenPlank<b15863b0>, 10, 100) at <9682.292969, 299.551422, 8919.661133>
