[COT 2022-12-17 9h:2m:20] 76561198017844134: Spawned Entity Arctic Mosin (Mosin9130<5e3ead00>, -1, 250) at <9682.031250, 299.509125, 8934.772461>
[COT 2022-12-17 9h:2m:22] 76561198017844134: Spawned Entity Arctic AKM (AKM_Base<5e3e5f90>, -1, 300) at <9682.043945, 299.540283, 8934.786133>
[COT 2022-12-17 9h:2m:44] 76561198017844134: Spawned Entity 75rd KA-M Drum Mag (Mag_AKM_Drum75Rnd<883d7150>, 1, 100) at <9682.043945, 299.540283, 8934.786133>
[COT 2022-12-17 9h:2m:54] 76561198017844134: Spawned Entity PU Scope (PUScopeOptic<900e3610>, -1, 50) at <9682.059570, 299.612488, 8934.832031>
[COT 2022-12-17 9h:3m:10] 76561198017844134: Spawned Entity 7.62x54mmR Rounds (Ammo_762x54<907d1340>, 1, 100) at <9682.062500, 299.670715, 8934.863281>
[COT 2022-12-17 9h:3m:11] 76561198017844134: Spawned Entity 7.62x54mmR Rounds (Ammo_762x54<907ca490>, 1, 100) at <9682.065430, 299.670715, 8934.868164>
[COT 2022-12-17 9h:3m:38] 76561198017844134: Spawned Entity 7.62x39mm Rounds (Ammo_762x39<a0a047b0>, 1, 100) at <9682.273438, 299.540283, 8934.880859>
[COT 2022-12-17 9h:3m:38] 76561198017844134: Spawned Entity 7.62x39mm Rounds (Ammo_762x39<a09fd900>, 1, 100) at <9682.270508, 299.540283, 8934.878906>
[COT 2022-12-17 9h:3m:39] 76561198017844134: Spawned Entity 7.62x39mm Rounds (Ammo_762x39<a0a05bd0>, 1, 100) at <9682.272461, 299.540283, 8934.883789>
[COT 2022-12-17 9h:3m:39] 76561198017844134: Spawned Entity 7.62x39mm Rounds (Ammo_762x39<a0a0d490>, 1, 100) at <9682.272461, 299.540283, 8934.883789>
[COT 2022-12-17 9h:6m:43] 76561198017844134: Spawned Entity KA Rail Handguard (AK_RailHndgrd<b6674550>, -1, 220) at <9682.546875, 299.508820, 8934.548828>
[COT 2022-12-17 9h:6m:50] 76561198017844134: Spawned Entity KA Polymer Buttstock (AK_PlasticBttstck<b667be10>, -1, 200) at <9682.559570, 299.564484, 8934.581055>
[COT 2022-12-17 9h:7m:13] 76561198017844134: Spawned Entity PBS-1 Suppressor (TTC_AKMod_Suppressor<b668f600>, -1, 100) at <9682.545898, 299.508850, 8934.544922>
[COT 2022-12-17 9h:7m:43] 76561198017844134: ESP: Viewing ESP
[COT 2022-12-17 9h:7m:45] 76561198017844134: ESP: Clearing ESP
[COT 2022-12-17 9h:7m:48] 76561198017844134: ESP: Viewing ESP
[COT 2022-12-17 9h:8m:20] 76561198017844134: Teleported to position <4759.003906, 265.223938, 6676.246094>
[COT 2022-12-17 9h:9m:29] 76561198017844134: Spawned Entity PSO-1 Scope (PSO1Optic<ae8e9a80>, -1, 50) at <4888.648438, 290.918610, 6315.728027>
[COT 2022-12-17 9h:11:9s] 76561198017844134: Set UnlimitedAmmo To true [guid=uQpbWOSqDfBH1eKt-Cxb6rOdSfp5cDaw7YoLwsAmzNU=]
[COT 2022-12-17 9h:11:17] 76561198017844134: Set UnlimitedAmmo To false [guid=uQpbWOSqDfBH1eKt-Cxb6rOdSfp5cDaw7YoLwsAmzNU=]
[COT 2022-12-17 9h:13:42] 76561198017844134: Teleported to position <7215.522949, 252.886658, 6957.215820>
[COT 2022-12-17 9h:13:42] 76561198017844134: Teleported to position <7215.522949, 252.886658, 6957.215820>
[COT 2022-12-17 9h:13:42] 76561198017844134: Teleported to position <7215.522949, 252.886658, 6957.215820>
[COT 2022-12-17 9h:13:43] 76561198017844134: Teleported to position <7215.522949, 252.886658, 6957.215820>
[COT 2022-12-17 9h:13:43] 76561198017844134: Teleported to position <7215.522949, 252.886658, 6957.215820>
[COT 2022-12-17 9h:13:43] 76561198017844134: Teleported to position <7215.522949, 252.886658, 6957.215820>
[COT 2022-12-17 9h:14:3s] 76561198017844134: ESP: Clearing ESP
[COT 2022-12-17 9h:14:52] 76561198017844134: Teleported to position <6593.676270, 6.000000, 2403.282227>
[COT 2022-12-17 9h:14:52] 76561198017844134: Teleported to position <6593.676270, 6.000000, 2403.282227>
[COT 2022-12-17 9h:14:52] 76561198017844134: Teleported to position <6593.676270, 6.000000, 2403.282227>
[COT 2022-12-17 9h:14:52] 76561198017844134: Teleported to position <6593.676270, 6.000000, 2403.282227>
