[COT 2022-10-23 20:14:44] 76561198015557715: Teleported to position <7218.415527, 252.929901, 6969.249512>
[COT 2022-10-23 20:34:44] 76561198017844134: ESP: Viewing ESP
[COT 2022-10-23 20:34:44] 76561198017844134: ESP: Clearing ESP
[COT 2022-10-23 20:48:30] 76561198015557715: Spawned Entity Hryvnia Banknotes Stack (ExpansionBanknoteHryvnia<50e18b60>, 1, 100) at <7193.627441, 253.013153, 6984.835449>
[COT 2022-10-23 20:48:30] 76561198015557715: Spawned Entity Hryvnia Banknotes Stack (ExpansionBanknoteHryvnia<50e1c7c0>, 1, 100) at <7193.627441, 253.013153, 6984.835449>
[COT 2022-10-23 20:48:31] 76561198015557715: Spawned Entity Hryvnia Banknotes Stack (ExpansionBanknoteHryvnia<50e1dbe0>, 1, 100) at <7193.627441, 253.013153, 6984.835449>
[COT 2022-10-23 20:48:31] 76561198015557715: Spawned Entity Hryvnia Banknotes Stack (ExpansionBanknoteHryvnia<50e1d1d0>, 1, 100) at <7193.627441, 253.013153, 6984.835449>
[COT 2022-10-23 20:48:31] 76561198015557715: Spawned Entity Hryvnia Banknotes Stack (ExpansionBanknoteHryvnia<50e1f000>, 1, 100) at <7193.627441, 253.013153, 6984.835449>
[COT 2022-10-23 20:48:41] 76561198015557715: Spawned Entity Hryvnia Banknotes Stack (ExpansionBanknoteHryvnia<52597ed0>, 1, 100) at <7193.587402, 253.012146, 6984.792480>
[COT 2022-10-23 20:48:41] 76561198015557715: Spawned Entity Hryvnia Banknotes Stack (ExpansionBanknoteHryvnia<52599d00>, 1, 100) at <7193.587891, 253.012299, 6984.794434>
[COT 2022-10-23 20:48:42] 76561198015557715: Spawned Entity Hryvnia Banknotes Stack (ExpansionBanknoteHryvnia<52592e50>, 1, 100) at <7193.587891, 253.012299, 6984.794434>
[COT 2022-10-23 20:48:42] 76561198015557715: Spawned Entity Hryvnia Banknotes Stack (ExpansionBanknoteHryvnia<525a15c0>, 1, 100) at <7193.587891, 253.012299, 6984.794434>
[COT 2022-10-23 20:48:42] 76561198015557715: Spawned Entity Hryvnia Banknotes Stack (ExpansionBanknoteHryvnia<525a0bb0>, 1, 100) at <7193.587891, 253.012299, 6984.794434>
[COT 2022-10-23 20:48:42] 76561198015557715: Spawned Entity Hryvnia Banknotes Stack (ExpansionBanknoteHryvnia<525a01a0>, 1, 100) at <7193.587891, 253.012299, 6984.794434>
[COT 2022-10-23 20:48:42] 76561198015557715: Spawned Entity Hryvnia Banknotes Stack (ExpansionBanknoteHryvnia<5259a710>, 1, 100) at <7193.587891, 253.012299, 6984.794434>
[COT 2022-10-23 20:48:43] 76561198015557715: Spawned Entity Hryvnia Banknotes Stack (ExpansionBanknoteHryvnia<5259d960>, 1, 100) at <7193.587891, 253.012299, 6984.794434>
[COT 2022-10-23 20:49:22] 76561198015557715: Spawned Entity Gold Bar (ExpansionGoldBar<525b6be0>, 1, 100) at <7193.910156, 253.013123, 6984.992188>
[COT 2022-10-23 20:49:47] 76561198015557715: ESP: Viewing ESP
[COT 2022-10-23 20:50:12] 76561198015557715: ESP: Clearing ESP
[COT 2022-10-23 20:50:12] 76561198015557715: ESP: Viewing ESP
[COT 2022-10-23 20:52:15] 76561198017844134: Spawned Entity Strawberry Jam (Marmalade<4ed480a0>, 400, 40) at <5569.304199, 333.464417, 8224.073242>
[COT 2022-10-23 21:2m:12] 76561198015557715: ESP: Clearing ESP
[COT 2022-10-23 21:2m:12] 76561198015557715: ESP: Viewing ESP
[COT 2022-10-23 21:3m:29] 76561198015557715: ESP: Clearing ESP
[COT 2022-10-23 21:3m:30] 76561198015557715: ESP: Viewing ESP
[COT 2022-10-23 21:7m:48] 76561198015557715: ESP: Clearing ESP
[COT 2022-10-23 21:7m:48] 76561198015557715: ESP: Viewing ESP
[COT 2022-10-23 21:13:11] 76561198015557715: ESP: Clearing ESP
[COT 2022-10-23 21:17:17] 76561198015557715: ESP: Viewing ESP
[COT 2022-10-23 21:17:32] 76561198015557715: ESP: Clearing ESP
[COT 2022-10-23 21:17:46] 76561198015557715: Teleported to position <10983.822266, 122.737648, 10423.152344>
[COT 2022-10-23 21:17:55] 76561198015557715: ESP: Viewing ESP
[COT 2022-10-23 21:18:1s] 76561198015557715: Entered the Free Camera
[COT 2022-10-23 21:20:43] 76561198015557715: Left the Free Camera
[COT 2022-10-23 21:25:34] 76561198015557715: Teleported to position <7689.915039, 289.660156, 10593.841797>
[COT 2022-10-23 21:25:56] 76561198015557715: Teleported to position <7772.007813, 263.384186, 10907.830078>
[COT 2022-10-23 21:26:1s] 76561198015557715: ESP: Clearing ESP
[COT 2022-10-23 21:26:2s] 76561198015557715: ESP: Viewing ESP
[COT 2022-10-23 21:26:11] 76561198015557715: Entered the Free Camera
[COT 2022-10-23 21:26:57] 76561198015557715: ESP: Clearing ESP
[COT 2022-10-23 21:27:14] 76561198015557715: ESP: Viewing ESP
[COT 2022-10-23 21:33:35] 76561198015557715: Left the Free Camera
[COT 2022-10-23 21:34:9s] 76561198015557715: Entered the Free Camera
[COT 2022-10-23 21:35:15] 76561198017844134: Teleported to position <8082.959473, 224.189301, 11097.267578>
[COT 2022-10-23 21:35:43] 76561198017844134: Entered the Free Camera
[COT 2022-10-23 21:37:31] 76561198015557715: Spawned Entity Wolf (Animal_CanisLupus<293dfa90>, -1, 200) at <7856.625977, 297.526459, 10642.957031>
[COT 2022-10-23 21:37:31] 76561198015557715: Spawned Entity Wolf (Animal_CanisLupus<293dcac0>, -1, 200) at <7856.716797, 297.631500, 10642.810547>
[COT 2022-10-23 21:37:32] 76561198015557715: Spawned Entity Wolf (Animal_CanisLupus<293e0db0>, -1, 200) at <7856.796387, 297.723480, 10642.682617>
[COT 2022-10-23 21:37:35] 76561198015557715: Spawned Entity Wolf (Animal_CanisLupus<293e4710>, -1, 200) at <7856.875977, 297.815704, 10642.554688>
[COT 2022-10-23 21:37:36] 76561198017844134: Left the Free Camera
[COT 2022-10-23 21:37:50] 76561198015557715: ESP: Clearing ESP
[COT 2022-10-23 21:37:51] 76561198015557715: ESP: Viewing ESP
[COT 2022-10-23 21:40:57] 76561198017844134: Teleported to position <775.370117, 429.894531, 15204.556641>
[COT 2022-10-23 21:42:48] 76561198017844134: Teleported to position <13270.909180, 3.928658, 10095.284180>
