[COT 2022-10-6D 20:48:55] 76561198015557715: Entered the Free Camera
[COT 2022-10-6D 20:49:35] 76561198015557715: ESP: Viewing ESP
[COT 2022-10-6D 20:49:54] 76561198015557715: ESP: Clearing ESP
[COT 2022-10-6D 20:49:55] 76561198015557715: ESP: Viewing ESP
[COT 2022-10-6D 20:50:7s] 76561198015557715: ESP target=ExpansionFloorKit:05017 position=<631.765076, 134.400848, 5938.634277> action=delete
[COT 2022-10-6D 20:50:10] 76561198015557715: ESP target=ExpansionFloorKit:05043 position=<637.614136, 134.385056, 5939.749023> action=delete
[COT 2022-10-6D 20:50:13] 76561198015557715: ESP target=ExpansionFloorKit:05436 position=<636.545532, 134.385056, 5945.653320> action=delete
[COT 2022-10-6D 20:50:20] 76561198015557715: ESP target=ExpansionFloorKit:05194 position=<630.696106, 134.400848, 5944.538086> action=delete
[COT 2022-10-6D 20:50:31] 76561198015557715: ESP: Clearing ESP
[COT 2022-10-6D 20:50:32] 76561198015557715: ESP: Viewing ESP
[COT 2022-10-6D 20:50:32] 76561198015557715: ESP: Clearing ESP
[COT 2022-10-6D 20:50:40] 76561198015557715: Left the Free Camera
[COT 2022-10-6D 20:51:25] 76561198015557715: Teleported to position <9586.104492, 207.103607, 6568.877441>
[COT 2022-10-6D 20:55:57] 76561198015557715: Spawned Entity Land Rover Defender (Expansion_Landrover<602a5cd0>, -1, 3000) at <9584.840820, 206.572861, 6571.870117>
[COT 2022-10-6D 20:57:42] 76561198017844134: ESP: Viewing ESP
[COT 2022-10-6D 20:57:44] 76561198017844134: ESP: Clearing ESP
[COT 2022-10-6D 20:58:2s] 76561198015557715: Spawned vehicle Ada 4x4 (OffroadHatchback) at <9587.141602, 205.687836, 6578.121582>
[COT 2022-10-6D 20:58:19] 76561198017844134: Teleported to position <9578.716797, 208.815933, 6561.066406>
[COT 2022-10-6D 20:59:43] 76561198017844134: Spawned vehicle Ada 4x4 (OffroadHatchback) at <9579.526367, 205.012848, 6585.552246>
[COT 2022-10-6D 21:0m:21] 76561198017844134: ESP: Viewing ESP
[COT 2022-10-6D 21:0m:25] 76561198017844134: ESP target=OffroadHatchback:025005 position=<9579.533203, 205.039856, 6585.549805> action=delete
[COT 2022-10-6D 21:1m:5s] 76561198017844134: Spawned Entity Gold Bar (ExpansionGoldBar<a7ae1490>, 1, 100) at <9580.642578, 205.177399, 6583.494141>
[COT 2022-10-6D 21:1m:35] 76561198015557715: ESP: Viewing ESP
[COT 2022-10-6D 21:1m:39] 76561198015557715: ESP index=0 target=SodaCan_Spite:05017 position=<3538.213623, 345.839203, 6411.906738> action=delete
[COT 2022-10-6D 21:1m:39] 76561198015557715: ESP index=1 target=OffroadHatchback:025664 position=<9587.152344, 205.714050, 6578.110352> action=delete
[COT 2022-10-6D 21:1m:39] 76561198015557715: ESP index=2 target=Expansion_Landrover:018174 position=<9584.875000, 206.251999, 6571.898438> action=delete
[COT 2022-10-6D 21:1m:39] 76561198015557715: ESP action=delete_all count=3 attempted=3
[COT 2022-10-6D 21:2m:29] 76561198017844134: ESP: Clearing ESP
[COT 2022-10-6D 21:5m:26] 76561198015557715: Spawned Entity Splint (Splint<fdc3ede0>, -1, 70) at <9580.030273, 208.085892, 6567.375977>
[COT 2022-10-6D 21:7m:4s] 76561198015557715: ESP: Clearing ESP
[COT 2022-10-6D 21:7m:4s] 76561198015557715: ESP: Viewing ESP
[COT 2022-10-6D 21:7m:58] 76561198015557715: ESP: Clearing ESP
[COT 2022-10-6D 21:8m:7s] 76561198015557715: ESP: Viewing ESP
[COT 2022-10-6D 21:21:41] 76561198015557715: Teleported to position <2962.619141, 277.248077, 11544.916992>
[COT 2022-10-6D 21:21:51] 76561198015557715: Teleported [guid=uQpbWOSqDfBH1eKt-Cxb6rOdSfp5cDaw7YoLwsAmzNU=] to <2962.619141, 277.248077, 11544.916992>
[COT 2022-10-6D 21:21:51] 76561198015557715: Teleported [guid=f1XBrgCUQ0VMLq6pukm5ccgh2KiLVWSDJMynlan3WMQ=] to <2962.619141, 277.248077, 11544.916992>
[COT 2022-10-6D 21:24:9s] 76561198017844134: Spawned Entity Gunrack (ExpansionGunrack<4315e40>, -1, 600) at <2907.988525, 275.751434, 11591.263672>
[COT 2022-10-6D 21:25:49] 76561198017844134: ESP: Viewing ESP
[COT 2022-10-6D 21:25:53] 76561198017844134: ESP target=ExpansionGunrack:029151 position=<2907.988525, 275.750885, 11591.263672> action=delete
[COT 2022-10-6D 21:26:0s] 76561198017844134: ESP: Clearing ESP
[COT 2022-10-6D 21:27:34] 76561198017844134: Teleported to position <7227.154297, 252.777267, 6995.465820>
[COT 2022-10-6D 21:27:44] 76561198017844134: Teleported [guid=f1XBrgCUQ0VMLq6pukm5ccgh2KiLVWSDJMynlan3WMQ=] to <7227.154297, 252.777267, 6995.465820>
