[COT 2022-10-5D 20:17:35] 76561198015557715: Teleported to position <385.882202, 142.284882, 5257.116211>
[COT 2022-10-5D 20:17:40] 76561198015557715: ESP: Clearing ESP
[COT 2022-10-5D 20:17:41] 76561198015557715: ESP: Viewing ESP
[COT 2022-10-5D 20:17:48] 76561198015557715: Entered the Free Camera
[COT 2022-10-5D 20:18:3s] 76561198015557715: Teleported to position <252.007690, 197.690994, 6253.675293>
[COT 2022-10-5D 20:18:5s] 76561198015557715: Left the Free Camera
[COT 2022-10-5D 20:18:12] 76561198015557715: ESP: Clearing ESP
[COT 2022-10-5D 20:18:12] 76561198015557715: ESP: Viewing ESP
[COT 2022-10-5D 20:18:17] 76561198015557715: Entered the Free Camera
[COT 2022-10-5D 20:20:19] 76561198015557715: ESP: Clearing ESP
[COT 2022-10-5D 20:20:20] 76561198015557715: ESP: Viewing ESP
[COT 2022-10-5D 20:56:6s] 76561198015557715: Left the Free Camera
[COT 2022-10-5D 20:56:11] 76561198015557715: ESP: Clearing ESP
[COT 2022-10-5D 20:56:35] 76561198015557715: Teleported to position <9877.282227, 254.233887, 12238.003906>
[COT 2022-10-5D 21:29:59] 76561198017844134: ESP: Viewing ESP
[COT 2022-10-5D 21:30:1s] 76561198017844134: ESP: Clearing ESP
[COT 2022-10-5D 21:32:54] 76561198017844134: Teleported to position <9155.697266, 292.467468, 14852.352539>
[COT 2022-10-5D 21:33:37] 76561198017844134: Entered the Free Camera
[COT 2022-10-5D 21:38:56] 76561198017844134: ESP: Viewing ESP
[COT 2022-10-5D 21:41:34] 76561198017844134: ESP: Clearing ESP
[COT 2022-10-5D 21:41:35] 76561198017844134: ESP: Viewing ESP
[COT 2022-10-5D 21:44:26] 76561198017844134: Left the Free Camera
[COT 2022-10-5D 21:51:55] 76561198017844134: Teleported to position <9294.835938, 238.546127, 14607.304688>
[COT 2022-10-5D 21:52:13] 76561198017844134: Entered the Free Camera
[COT 2022-10-5D 21:53:7s] 76561198017844134: Left the Free Camera
[COT 2022-10-5D 21:53:38] 76561198017844134: Teleported to position <9274.848633, 240.097443, 14612.681641>
[COT 2022-10-5D 21:53:40] 76561198017844134: Teleported to position <9275.222656, 240.061493, 14611.184570>
[COT 2022-10-5D 21:53:41] 76561198017844134: Teleported to position <9275.971680, 240.075974, 14612.306641>
[COT 2022-10-5D 21:55:17] 76561198017844134: Teleported to position <2455.337891, 287.893585, 10832.120117>
[COT 2022-10-5D 21:59:7s] 76561198017844134: ESP: Clearing ESP
[COT 2022-10-5D 22:0m:38] 76561198017844134: Teleported to position <608.350220, 137.338333, 5906.810547>
[COT 2022-10-5D 22:8m:51] 76561198017844134: ESP: Viewing ESP
[COT 2022-10-5D 22:8m:53] 76561198017844134: ESP: Clearing ESP
