[COT 2022-9M-30 15:22:19] 76561198017844134: Teleported to position <6546.979980, 389.565216, 5581.222168>
[COT 2022-9M-30 15:30:23] 76561198017844134: Teleported to position <666.303528, 135.246918, 5926.397949>
[COT 2022-9M-30 15:32:33] 76561198017844134: Teleported to position <6539.512695, 392.240662, 5604.089355>
[COT 2022-9M-30 15:32:33] 76561198017844134: Teleported to position <6539.512695, 392.240662, 5604.089355>
[COT 2022-9M-30 15:34:2s] 76561198017844134: Teleported to position <606.628967, 137.344955, 5914.381836>
[COT 2022-9M-30 15:39:37] 76561198017844134: Spawned Entity Wood Greenhouse Kit (Msp_GreenhouseWood_Kit<1f6f4ac0>, -1, 100) at <636.923096, 135.004364, 5939.543945>
[COT 2022-9M-30 15:40:6s] 76561198017844134: Spawned Entity Mesh Shelf Kit (Msp_Kit<207ad4a0>, -1, 100) at <636.254456, 131.984497, 5943.372070>
[COT 2022-9M-30 15:40:11] 76561198017844134: Spawned Entity Mesh Shelf Kit (Msp_Kit<207b2f30>, -1, 100) at <637.046692, 135.004425, 5940.334961>
[COT 2022-9M-30 15:40:57] 76561198017844134: Spawned Entity Tools Bench Blue Kit (Msp_Kit<2060d510>, -1, 100) at <637.749512, 135.004425, 5941.124512>
[COT 2022-9M-30 15:41:5s] 76561198017844134: Spawned Entity 4 Door Military Locker Green Kit (Msp_Kit<2060acd0>, -1, 100) at <638.416199, 135.004425, 5940.318359>
[COT 2022-9M-30 15:41:7s] 76561198017844134: Spawned Entity 4 Door Military Locker Green Kit (Msp_Kit<2060c0f0>, -1, 100) at <638.755493, 135.004425, 5939.561035>
[COT 2022-9M-30 15:41:24] 76561198017844134: Spawned Entity Military Crate (Msp_MilitaryCrate_Base<2061dab0>, -1, 100) at <639.062683, 135.004425, 5939.006348>
[COT 2022-9M-30 15:41:29] 76561198017844134: Spawned Entity Military Crate (Msp_MilitaryCrate_Base<2061e4c0>, -1, 100) at <637.040649, 135.004425, 5941.995605>
[COT 2022-9M-30 15:41:32] 76561198017844134: Spawned Entity Military Crate (Msp_MilitaryCrate_Base<20618020>, -1, 100) at <637.052612, 131.990021, 5950.972168>
[COT 2022-9M-30 15:41:34] 76561198017844134: Spawned Entity Military Crate (Msp_MilitaryCrate_Base<20624960>, -1, 100) at <637.068420, 132.070740, 5950.756836>
[COT 2022-9M-30 15:41:38] 76561198017844134: Spawned Entity Military Crate (Msp_MilitaryCrate_Base<2061f8e0>, -1, 100) at <637.567078, 131.995819, 5948.553711>
[COT 2022-9M-30 15:41:40] 76561198017844134: Spawned Entity Military Crate (Msp_MilitaryCrate_Base<20625370>, -1, 100) at <635.041626, 131.987335, 5945.504883>
[COT 2022-9M-30 15:41:42] 76561198017844134: Entered the Free Camera
[COT 2022-9M-30 15:42:12] 76561198017844134: Left the Free Camera
[COT 2022-9M-30 15:42:20] 76561198017844134: ESP: Viewing ESP
[COT 2022-9M-30 15:42:31] 76561198017844134: ESP target=Msp_MilitaryCrate_Base<20625370> action=position value=<635.041992, 136.992996, 5945.500000>
[COT 2022-9M-30 15:42:38] 76561198017844134: ESP target=Msp_MilitaryCrate_Green:016776 position=<637.068420, 132.076385, 5950.756836> action=delete
[COT 2022-9M-30 15:42:45] 76561198017844134: ESP index=0 target=Msp_MilitaryCrate_Green:018655 position=<637.052612, 131.995667, 5950.972168> action=delete
[COT 2022-9M-30 15:42:45] 76561198017844134: ESP action=delete_all count=1 attempted=1
[COT 2022-9M-30 15:42:48] 76561198017844134: ESP index=0 target=Msp_MilitaryCrate_Green:05365 position=<637.567078, 132.001465, 5948.553711> action=delete
[COT 2022-9M-30 15:42:48] 76561198017844134: ESP action=delete_all count=1 attempted=1
[COT 2022-9M-30 15:45:56] 76561198017844134: Spawned Entity Screwdriver (Screwdriver<23ee2fe0>, -1, 100) at <633.505005, 135.009308, 5937.668945>
[COT 2022-9M-30 15:48:24] 76561198017844134: Spawned Entity Beach Chair Kit (Msp_Kit<247fda60>, -1, 100) at <633.056213, 135.009232, 5945.057617>
[COT 2022-9M-30 15:49:13] 76561198017844134: Entered the Free Camera
[COT 2022-9M-30 15:49:18] 76561198017844134: ESP: Clearing ESP
[COT 2022-9M-30 15:49:53] 76561198017844134: Left the Free Camera
[COT 2022-9M-30 15:50:0s] 76561198017844134: Entered the Free Camera
[COT 2022-9M-30 15:50:44] 76561198017844134: Left the Free Camera
