[COT 2022-10-7D 11:24:27] 76561198017844134: Spawned Entity Hunter Boots (CombatBoots_Black<7f8d25d0>, -1, 160) at <6891.025391, 301.548218, 6913.680176>
[COT 2022-10-7D 11:24:37] 76561198017844134: ESP: Viewing ESP
[COT 2022-10-7D 11:24:39] 76561198017844134: ESP: Clearing ESP
[COT 2022-10-7D 11:25:0s] 76561198017844134: Teleported to position <6312.334473, 300.427948, 7643.524414>
[COT 2022-10-7D 11:29:43] 76561198017844134: Teleported to position <6545.390137, 392.453125, 5597.193359>
[COT 2022-10-7D 11:30:14] 76561198017844134: Entered the Free Camera
[COT 2022-10-7D 11:30:19] 76561198017844134: Left the Free Camera
[COT 2022-10-7D 11:35:25] 76561198017844134: Teleported to position <7251.829590, 253.244797, 6993.325195>
[COT 2022-10-7D 11:38:9s] 76561198015557715: Teleported to position <8406.151367, 132.488510, 13033.173828>
[COT 2022-10-7D 11:39:2s] 76561198017844134: Teleported to position <8461.218750, 144.255890, 13243.279297>
[COT 2022-10-7D 11:42:6s] 76561198017844134: Teleported to position <13019.528320, 5.987019, 3869.250977>
[COT 2022-10-7D 11:43:0s] 76561198017844134: Entered the Free Camera
[COT 2022-10-7D 11:43:31] 76561198017844134: Left the Free Camera
[COT 2022-10-7D 11:43:45] 76561198017844134: Teleported to position <7190.058105, 252.979996, 6973.210938>
[COT 2022-10-7D 11:45:55] 76561198015557715: Entered the Free Camera
[COT 2022-10-7D 11:46:2s] 76561198015557715: Left the Free Camera
[COT 2022-10-7D 11:48:28] 76561198015557715: Set rain to 0 0 0
[COT 2022-10-7D 11:48:28] 76561198015557715: Set storm to 0 0.8 4000
[COT 2022-10-7D 11:48:28] 76561198015557715: Set fog to 0.0403507 0 0
[COT 2022-10-7D 11:48:28] 76561198015557715: Set overcast to 0.34252 0 0
[COT 2022-10-7D 11:48:28] 76561198015557715: Set the date to 2022/10/5 16:4
[COT 2022-10-7D 11:48:28] 76561198015557715: Set wind to 8.87406 8.87406 1
[COT 2022-10-7D 11:48:45] 76561198015557715: Entered the Free Camera
[COT 2022-10-7D 11:48:57] 76561198015557715: Left the Free Camera
[COT 2022-10-7D 11:49:3s] 76561198015557715: ESP: Viewing ESP
[COT 2022-10-7D 11:49:6s] 76561198015557715: Entered the Free Camera
[COT 2022-10-7D 11:49:23] 76561198015557715: Left the Free Camera
