[COT 2022-10-6D 16:11:19] 76561198015557715: Teleported to position <6385.105957, 287.689301, 7539.215820>
[COT 2022-10-6D 16:15:37] 76561198015557715: Teleported to position <13574.031250, 52.950001, 12130.768555>
[COT 2022-10-6D 18:0m:10] 76561198015557715: Spawned Entity Ada 4x4 (OffroadHatchback<ad1c5990>, -1, 1000) at <112.481255, 478.546600, 11288.895508>
[COT 2022-10-6D 18:0m:15] 76561198015557715: Entered the Free Camera
[COT 2022-10-6D 18:0m:23] 76561198015557715: ESP: Viewing ESP
[COT 2022-10-6D 18:0m:25] 76561198015557715: ESP index=0 target=OffroadHatchback:029120 position=<112.485535, 481.639099, 11288.887695> action=delete
[COT 2022-10-6D 18:0m:25] 76561198015557715: ESP action=delete_all count=1 attempted=1
[COT 2022-10-6D 18:0m:26] 76561198015557715: Left the Free Camera
[COT 2022-10-6D 18:0m:46] 76561198015557715: Spawned Entity Ada 4x4 (OffroadHatchback<ad1c4b80>, -1, 1000) at <110.847542, 478.567841, 11287.321289>
[COT 2022-10-6D 18:0m:50] 76561198015557715: Spawned Entity Ada 4x4 Wheel (HatchbackWheel<fcbeb020>, -1, 200) at <113.063400, 478.541168, 11289.956055>
[COT 2022-10-6D 18:0m:50] 76561198015557715: Spawned Entity Ada 4x4 Wheel (HatchbackWheel<fcbe91f0>, -1, 200) at <113.063400, 478.541168, 11289.956055>
[COT 2022-10-6D 18:0m:50] 76561198015557715: Spawned Entity Ada 4x4 Wheel (HatchbackWheel<fcbe87e0>, -1, 200) at <113.063400, 478.541168, 11289.956055>
[COT 2022-10-6D 18:0m:51] 76561198015557715: Spawned Entity Ada 4x4 Wheel (HatchbackWheel<fcbe73c0>, -1, 200) at <113.063400, 478.541168, 11289.956055>
[COT 2022-10-6D 18:0m:53] 76561198015557715: Spawned Entity Ada 4x4 Left Door (HatchbackDoors_Driver<fcbe9c00>, -1, 500) at <113.063400, 478.541168, 11289.956055>
[COT 2022-10-6D 18:0m:55] 76561198015557715: Spawned Entity Ada 4x4 Right Door (HatchbackDoors_CoDriver<fcbeba30>, -1, 500) at <113.063400, 478.541168, 11289.956055>
[COT 2022-10-6D 18:1m:1s] 76561198015557715: Spawned Entity Car Battery (CarBattery<fcbe4b80>, 50, 200) at <113.063400, 478.541168, 11289.956055>
[COT 2022-10-6D 18:1m:5s] 76561198015557715: Spawned Entity Car Radiator (CarRadiator<fcbe5590>, -1, 250) at <113.063400, 478.541168, 11289.956055>
[COT 2022-10-6D 18:1m:9s] 76561198015557715: Spawned Entity Spark Plug (SparkPlug<fcbf32f0>, -1, 20) at <113.063400, 478.541168, 11289.956055>
[COT 2022-10-6D 18:1m:14] 76561198015557715: Spawned Entity Canteen (Canteen<a42a6370>, 1000, 100) at <113.063400, 478.541168, 11289.956055>
[COT 2022-10-6D 18:2m:3s] 76561198015557715: Spawned Entity Ada 4x4 Trunk Door (HatchbackTrunk<3965e00>, -1, 500) at <112.586868, 478.562622, 11287.101563>
[COT 2022-10-6D 18:2m:30] 76561198015557715: Spawned Entity Ada 4x4 Hood (HatchbackHood<e9a4f080>, -1, 500) at <113.104446, 478.558746, 11287.989258>
[COT 2022-10-6D 18:3m:7s] 76561198015557715: Spawned Entity Military Canteen (Canteen<a42aecc0>, 1000, 100) at <109.184570, 478.600098, 11288.044922>
[COT 2022-10-6D 18:3m:37] 76561198015557715: ESP: Clearing ESP
[COT 2022-10-6D 18:3m:37] 76561198015557715: ESP: Viewing ESP
[COT 2022-10-6D 18:3m:40] 76561198015557715: ESP index=0 target=ExpansionCarKey:021334 position=<113.089317, 478.554108, 11283.383789> action=delete
[COT 2022-10-6D 18:3m:40] 76561198015557715: ESP index=1 target=ExpansionCarKey:020593 position=<113.674416, 478.553345, 11282.810547> action=delete
[COT 2022-10-6D 18:3m:40] 76561198015557715: ESP action=delete_all count=2 attempted=2
[COT 2022-10-6D 18:3m:53] 76561198015557715: Spawned Entity Keys (ExpansionCarKey<fd1762d0>, -1, 100) at <113.458069, 478.567902, 11281.375977>
[COT 2022-10-6D 18:4m:14] 76561198015557715: Spawned Entity Jerrycan (CanisterGasoline<a42ac280>, 20000, 300) at <113.162346, 478.560760, 11287.156250>
[COT 2022-10-6D 18:11:6s] 76561198017844134: ESP: Viewing ESP
[COT 2022-10-6D 18:11:7s] 76561198017844134: ESP: Clearing ESP
[COT 2022-10-6D 18:14:59] 76561198017844134: Spawned Entity Bandage (BandageDressing<e08b7590>, 4, 50) at <7184.673828, 253.048172, 6971.302734>
[COT 2022-10-6D 18:15:6s] 76561198017844134: Spawned Entity IV Saline Bag (SalineBagIV<5e4a2d0>, -1, 20) at <7184.673828, 253.048172, 6971.302734>
[COT 2022-10-6D 18:15:16] 76561198017844134: Spawned Entity Iodine Tincture (IodineTincture<5e42000>, 250, 30) at <7184.673828, 253.048172, 6971.302734>
[COT 2022-10-6D 18:15:29] 76561198017844134: Spawned Entity Tetracycline Pills (TetracyclineAntibiotics<5e3c570>, 12, 30) at <7184.673828, 253.048172, 6971.302734>
[COT 2022-10-6D 18:28:52] 76561198017844134: Teleported to position <7203.960938, 252.979996, 6973.337402>
[COT 2022-10-6D 18:32:13] 76561198017844134: Teleported to position <664.143921, 135.251923, 5938.325684>
