[COT 2022-9M-6D 15:25:51] 76561198017844134: Spawned vehicle Sarka 120 (Sedan_02) at <6132.311523, 301.066406, 7722.942383>
[COT 2022-9M-6D 15:29:42] 76561198017844134: Healed [guid=uQpbWOSqDfBH1eKt-Cxb6rOdSfp5cDaw7YoLwsAmzNU=]
[COT 2022-9M-6D 15:30:2s] 76561198017844134: ESP: Viewing ESP
[COT 2022-9M-6D 15:30:5s] 76561198017844134: ESP index=0 target=Sedan_02:029016 position=<4568.445313, 285.343140, 6455.855469> action=delete
[COT 2022-9M-6D 15:30:5s] 76561198017844134: ESP action=delete_all count=1 attempted=1
[COT 2022-9M-6D 15:30:24] 76561198017844134: Teleported to position <666.260071, 135.740662, 5943.607422>
[COT 2022-9M-6D 15:30:47] 76561198017844134: Spawned Entity Floor Kit (ExpansionFloorKit<3546eb50>, -1, 100) at <650.145081, 135.165024, 5924.847168>
[COT 2022-9M-6D 15:30:49] 76561198017844134: Spawned Entity Floor Kit (ExpansionFloorKit<35471da0>, -1, 100) at <650.145081, 135.165024, 5924.847168>
[COT 2022-9M-6D 15:30:50] 76561198017844134: Spawned Entity Floor Kit (ExpansionFloorKit<3546ff70>, -1, 100) at <650.145081, 135.165024, 5924.847168>
[COT 2022-9M-6D 15:30:50] 76561198017844134: Spawned Entity Floor Kit (ExpansionFloorKit<3547d2c0>, -1, 100) at <650.145081, 135.165024, 5924.847168>
[COT 2022-9M-6D 15:30:50] 76561198017844134: Spawned Entity Floor Kit (ExpansionFloorKit<3547e6e0>, -1, 100) at <650.145081, 135.165024, 5924.847168>
[COT 2022-9M-6D 15:30:50] 76561198017844134: Spawned Entity Floor Kit (ExpansionFloorKit<3547c8b0>, -1, 100) at <650.145081, 135.165024, 5924.847168>
[COT 2022-9M-6D 15:30:50] 76561198017844134: Spawned Entity Floor Kit (ExpansionFloorKit<35478240>, -1, 100) at <650.145081, 135.165024, 5924.847168>
[COT 2022-9M-6D 15:30:50] 76561198017844134: Spawned Entity Floor Kit (ExpansionFloorKit<35484b80>, -1, 100) at <650.145081, 135.165024, 5924.847168>
[COT 2022-9M-6D 15:30:50] 76561198017844134: Spawned Entity Floor Kit (ExpansionFloorKit<354887e0>, -1, 100) at <650.145081, 135.165024, 5924.847168>
[COT 2022-9M-6D 15:30:53] 76561198017844134: Spawned Entity Roof Kit (ExpansionRoofKit<35485fa0>, -1, 100) at <650.145081, 135.165024, 5924.847168>
[COT 2022-9M-6D 15:30:54] 76561198017844134: Spawned Entity Roof Kit (ExpansionRoofKit<35481930>, -1, 100) at <650.145081, 135.165024, 5924.847168>
[COT 2022-9M-6D 15:30:54] 76561198017844134: Spawned Entity Roof Kit (ExpansionRoofKit<35487dd0>, -1, 100) at <650.145081, 135.165024, 5924.847168>
[COT 2022-9M-6D 15:30:54] 76561198017844134: Spawned Entity Roof Kit (ExpansionRoofKit<35482340>, -1, 100) at <650.145081, 135.165024, 5924.847168>
[COT 2022-9M-6D 15:30:54] 76561198017844134: Spawned Entity Roof Kit (ExpansionRoofKit<35482d50>, -1, 100) at <650.145081, 135.165024, 5924.847168>
[COT 2022-9M-6D 15:30:54] 76561198017844134: Spawned Entity Roof Kit (ExpansionRoofKit<3548a610>, -1, 100) at <650.145081, 135.165024, 5924.847168>
[COT 2022-9M-6D 15:30:55] 76561198017844134: Spawned Entity Roof Kit (ExpansionRoofKit<3548ba30>, -1, 100) at <650.145081, 135.165024, 5924.847168>
[COT 2022-9M-6D 15:31:33] 76561198017844134: Spawned Entity Admin Hammer (Hammer<39838500>, -1, 100) at <650.145081, 135.165024, 5924.847168>
[COT 2022-9M-6D 15:31:55] 76561198017844134: Spawned Entity Flag Pole Kit (TerritoryFlagKit<39833480>, -1, 200) at <650.145081, 135.165024, 5924.847168>
[COT 2022-9M-6D 15:34:44] 76561198017844134: ESP: Clearing ESP
[COT 2022-9M-6D 15:34:44] 76561198017844134: ESP: Viewing ESP
[COT 2022-9M-6D 15:34:47] 76561198017844134: ESP index=0 target=ExpansionFloor6x6:023777 position=<639.765686, 134.830078, 5927.947754> action=delete
[COT 2022-9M-6D 15:34:47] 76561198017844134: ESP action=delete_all count=1 attempted=1
[COT 2022-9M-6D 15:36:37] 76561198017844134: Spawned Entity Wall Kit (ExpansionWallKit<39848aa0>, -1, 100) at <650.637024, 135.156418, 5924.626953>
[COT 2022-9M-6D 15:36:37] 76561198017844134: Spawned Entity Wall Kit (ExpansionWallKit<39849ec0>, -1, 100) at <650.637024, 135.156418, 5924.626953>
[COT 2022-9M-6D 15:36:37] 76561198017844134: Spawned Entity Wall Kit (ExpansionWallKit<3984db20>, -1, 100) at <650.637024, 135.156418, 5924.626953>
[COT 2022-9M-6D 15:36:37] 76561198017844134: Spawned Entity Wall Kit (ExpansionWallKit<3984bcf0>, -1, 100) at <650.637024, 135.156418, 5924.626953>
[COT 2022-9M-6D 15:36:38] 76561198017844134: Spawned Entity Wall Kit (ExpansionWallKit<3984ef40>, -1, 100) at <650.637024, 135.156418, 5924.626953>
[COT 2022-9M-6D 15:36:38] 76561198017844134: Spawned Entity Wall Kit (ExpansionWallKit<3984d110>, -1, 100) at <650.637024, 135.156418, 5924.626953>
[COT 2022-9M-6D 15:36:38] 76561198017844134: Spawned Entity Wall Kit (ExpansionWallKit<39848090>, -1, 100) at <650.637024, 135.156418, 5924.626953>
[COT 2022-9M-6D 15:36:38] 76561198017844134: Spawned Entity Wall Kit (ExpansionWallKit<39850360>, -1, 100) at <650.637024, 135.156418, 5924.626953>
[COT 2022-9M-6D 15:36:38] 76561198017844134: Spawned Entity Wall Kit (ExpansionWallKit<3e012eb0>, -1, 100) at <650.637024, 135.156418, 5924.626953>
[COT 2022-9M-6D 15:36:39] 76561198017844134: Spawned Entity Wall Kit (ExpansionWallKit<3e014ce0>, -1, 100) at <650.637024, 135.156418, 5924.626953>
[COT 2022-9M-6D 15:36:39] 76561198017844134: Spawned Entity Wall Kit (ExpansionWallKit<3e016100>, -1, 100) at <650.637024, 135.156418, 5924.626953>
[COT 2022-9M-6D 15:37:8s] 76561198017844134: ESP: Clearing ESP
[COT 2022-9M-6D 15:37:8s] 76561198017844134: ESP: Viewing ESP
[COT 2022-9M-6D 15:37:14] 76561198017844134: ESP index=0 target=ExpansionFloor6x6:012271 position=<639.067749, 134.972748, 5927.503906> action=delete
[COT 2022-9M-6D 15:37:14] 76561198017844134: ESP action=delete_all count=1 attempted=1
[COT 2022-9M-6D 15:39:10] 76561198017844134: ESP: Clearing ESP
[COT 2022-9M-6D 15:39:11] 76561198017844134: ESP: Viewing ESP
[COT 2022-9M-6D 15:39:18] 76561198017844134: ESP index=0 target=ExpansionWall6x3:07137 position=<637.603882, 133.739792, 5932.753906> action=delete
[COT 2022-9M-6D 15:39:18] 76561198017844134: ESP index=1 target=ExpansionWall6x3:018351 position=<641.005981, 133.739319, 5930.218750> action=delete
[COT 2022-9M-6D 15:39:18] 76561198017844134: ESP index=2 target=ExpansionFloor6x6:04815 position=<637.989746, 135.242081, 5929.731445> action=delete
[COT 2022-9M-6D 15:39:18] 76561198017844134: ESP index=3 target=TerritoryFlag:07892 position=<645.080688, 135.052017, 5925.312988> action=delete
[COT 2022-9M-6D 15:39:18] 76561198017844134: ESP action=delete_all count=4 attempted=4
[COT 2022-9M-6D 15:39:19] 76561198017844134: ESP: Clearing ESP
