[COT 2022-10-6D 12:44:58] 76561198015557715: Spawned Entity Ada 4x4 (OffroadHatchback<e9d065d0>, -1, 1000) at <112.655922, 478.548798, 11287.746094>
[COT 2022-10-6D 12:45:11] 76561198015557715: Spawned Entity Keys (ExpansionCarKey<a2b0cd0>, -1, 100) at <110.666512, 478.583710, 11287.835938>
[COT 2022-10-6D 12:46:14] 76561198015557715: Spawned Entity Ada 4x4 Hood (HatchbackHood<e94dc60>, -1, 500) at <115.146667, 478.546234, 11289.822266>
[COT 2022-10-6D 12:46:15] 76561198015557715: Spawned Entity Ada 4x4 Trunk Door (HatchbackTrunk<e94fa90>, -1, 500) at <115.146667, 478.546234, 11289.822266>
[COT 2022-10-6D 12:46:16] 76561198015557715: Spawned Entity Ada 4x4 Right Door (HatchbackDoors_CoDriver<e9504a0>, -1, 500) at <115.146667, 478.546234, 11289.822266>
[COT 2022-10-6D 12:46:18] 76561198015557715: Spawned Entity Ada 4x4 Left Door (HatchbackDoors_Driver<e950eb0>, -1, 500) at <115.146667, 478.546234, 11289.822266>
[COT 2022-10-6D 12:46:20] 76561198015557715: Spawned Entity Ada 4x4 Wheel (HatchbackWheel<e9518c0>, -1, 200) at <115.146667, 478.546234, 11289.822266>
[COT 2022-10-6D 12:46:20] 76561198015557715: Spawned Entity Ada 4x4 Wheel (HatchbackWheel<e912070>, -1, 200) at <115.146667, 478.546234, 11289.822266>
[COT 2022-10-6D 12:46:21] 76561198015557715: Spawned Entity Ada 4x4 Wheel (HatchbackWheel<e913490>, -1, 200) at <115.146667, 478.546234, 11289.822266>
[COT 2022-10-6D 12:46:21] 76561198015557715: Spawned Entity Ada 4x4 Wheel (HatchbackWheel<e9170f0>, -1, 200) at <115.146667, 478.546234, 11289.822266>
[COT 2022-10-6D 12:46:28] 76561198015557715: Spawned Entity Spark Plug (SparkPlug<e917b00>, -1, 20) at <115.146667, 478.546234, 11289.822266>
[COT 2022-10-6D 12:46:33] 76561198015557715: Spawned Entity Car Battery (CarBattery<e918510>, 50, 200) at <115.146667, 478.546234, 11289.822266>
[COT 2022-10-6D 12:46:37] 76561198015557715: Spawned Entity Car Radiator (CarRadiator<e91e9b0>, -1, 250) at <115.146667, 478.546234, 11289.822266>
[COT 2022-10-6D 12:47:39] 76561198015557715: Teleported to position <7207.835449, 252.979996, 6970.836914>
[COT 2022-10-6D 13:29:48] 76561198015557715: Spawned Entity Jerrycan (CanisterGasoline<150c8610>, 20000, 300) at <111.662468, 478.572327, 11287.542969>
[COT 2022-10-6D 13:34:13] 76561198015557715: Spawned Entity Canteen (Canteen<7ceee030>, 1000, 100) at <90.460197, 474.925751, 11230.072266>
[COT 2022-10-6D 13:35:46] 76561198015557715: ESP: Viewing ESP
[COT 2022-10-6D 13:35:52] 76561198015557715: ESP target=OffroadHatchback:028640 position=<92.308746, 478.554810, 11249.803711> action=delete
[COT 2022-10-6D 13:36:14] 76561198015557715: Spawned Entity Ada 4x4 Wheel (HatchbackWheel<25112a30>, -1, 200) at <37.762783, 481.184570, 11281.930664>
[COT 2022-10-6D 13:36:15] 76561198015557715: Spawned Entity Ada 4x4 Wheel (HatchbackWheel<2511d540>, -1, 200) at <37.762783, 481.184570, 11281.930664>
[COT 2022-10-6D 13:36:16] 76561198015557715: Spawned Entity Ada 4x4 Wheel (HatchbackWheel<2511cb30>, -1, 200) at <37.762783, 481.184570, 11281.930664>
[COT 2022-10-6D 13:36:16] 76561198015557715: Spawned Entity Ada 4x4 Wheel (HatchbackWheel<251198e0>, -1, 200) at <37.762783, 481.184570, 11281.930664>
[COT 2022-10-6D 13:36:16] 76561198015557715: Spawned Entity Ada 4x4 Wheel (HatchbackWheel<25118ed0>, -1, 200) at <37.762783, 481.184570, 11281.930664>
[COT 2022-10-6D 13:36:16] 76561198015557715: Spawned Entity Ada 4x4 Wheel (HatchbackWheel<2511a2f0>, -1, 200) at <37.762783, 481.184570, 11281.930664>
[COT 2022-10-6D 13:36:19] 76561198015557715: Spawned Entity Ada 4x4 Hood (HatchbackHood<251170a0>, -1, 500) at <37.762783, 481.184570, 11281.930664>
[COT 2022-10-6D 13:36:20] 76561198015557715: Spawned Entity Ada 4x4 Trunk Door (HatchbackTrunk<25124e00>, -1, 500) at <37.762783, 481.184570, 11281.930664>
[COT 2022-10-6D 13:36:24] 76561198015557715: Spawned Entity Ada 4x4 Left Door (HatchbackDoors_Driver<2511fd80>, -1, 500) at <37.762783, 481.184570, 11281.930664>
[COT 2022-10-6D 13:36:25] 76561198015557715: Spawned Entity Ada 4x4 Right Door (HatchbackDoors_CoDriver<25127640>, -1, 500) at <37.762783, 481.184570, 11281.930664>
[COT 2022-10-6D 13:36:28] 76561198015557715: Spawned Entity Ada 4x4 (OffroadHatchback<34aa0>, -1, 1000) at <37.058308, 481.293762, 11283.303711>
[COT 2022-10-6D 13:37:16] 76561198015557715: Spawned Entity Spark Plug (SparkPlug<85a6b200>, -1, 20) at <38.648056, 481.341614, 11284.234375>
[COT 2022-10-6D 13:37:22] 76561198015557715: Spawned Entity Car Battery (CarBattery<85a64d60>, 50, 200) at <38.648056, 481.341614, 11284.234375>
[COT 2022-10-6D 13:37:25] 76561198015557715: Spawned Entity Car Radiator (CarRadiator<85a675a0>, -1, 250) at <38.648056, 481.341614, 11284.234375>
[COT 2022-10-6D 13:37:29] 76561198015557715: Spawned Entity Military Canteen (Canteen<24bc9650>, 1000, 100) at <38.648056, 481.341614, 11284.234375>
[COT 2022-10-6D 13:38:9s] 76561198015557715: Spawned Entity Keys (ExpansionCarKey<2535f5f0>, -1, 100) at <34.907833, 481.183075, 11280.731445>
[COT 2022-10-6D 13:38:52] 76561198015557715: Spawned Entity Jerrycan (CanisterGasoline<24bde850>, 20000, 300) at <34.683029, 481.269623, 11281.806641>
