[COT 2022-10-24 21:28:48] 76561198015557715: Healed [guid=F6ba8Lb5rTfk7SPTvehszX71D171DjV-B9kT6vj9WHY=]
[COT 2022-10-24 21:28:51] 76561198015557715: Set GodMode To true [guid=F6ba8Lb5rTfk7SPTvehszX71D171DjV-B9kT6vj9WHY=]
[COT 2022-10-24 21:29:22] 76561198015557715: Teleported to <8612.075195, 121.817505, 13462.132813> [guid=Ipsh3GxOJCRmyJdhssFMW1rBKq4k852X0-FvXIlTgcc=]
[COT 2022-10-24 21:29:48] 76561198015557715: ESP: Viewing ESP
[COT 2022-10-24 21:30:37] 76561198015557715: Spawned Entity M1025 (Offroad_02<bd4ac920>, -1, 1000) at <8621.027344, 121.711189, 13466.935547>
[COT 2022-10-24 21:30:43] 76561198015557715: Spawned Entity M1025 Trunk Door (Offroad_02_Trunk<e28c6f0>, -1, 500) at <8618.670898, 121.565498, 13466.635742>
[COT 2022-10-24 21:30:45] 76561198015557715: Spawned Entity M1025 Hood (Offroad_02_Hood<e2953d0>, -1, 500) at <8618.670898, 121.852150, 13466.637695>
[COT 2022-10-24 21:30:47] 76561198015557715: Spawned Entity M1025 Front Left Door (Offroad_02_Door_1_1<e290350>, -1, 500) at <8618.232422, 121.852150, 13466.528320>
[COT 2022-10-24 21:30:49] 76561198015557715: Spawned Entity M1025 Front Right Door (Offroad_02_Door_2_1<e2967f0>, -1, 500) at <8618.228516, 121.852150, 13466.497070>
[COT 2022-10-24 21:30:50] 76561198015557715: Spawned Entity M1025 Rear Left Door (Offroad_02_Door_1_2<e292180>, -1, 500) at <8617.938477, 121.852150, 13466.091797>
[COT 2022-10-24 21:30:52] 76561198015557715: Spawned Entity M1025 Rear Right Door (Offroad_02_Door_2_2<e2a4550>, -1, 500) at <8617.962891, 121.852150, 13466.041016>
[COT 2022-10-24 21:32:25] 76561198015557715: Spawned Entity Car Battery (CarBattery<c48fb40>, 50, 200) at <8621.679688, 122.212807, 13471.012695>
[COT 2022-10-24 21:32:33] 76561198015557715: Spawned Entity Glow Plug (GlowPlug<16e4e8f0>, -1, 20) at <8621.679688, 122.212807, 13471.012695>
[COT 2022-10-24 21:33:17] 76561198015557715: Spawned Entity M1025 Wheel (Offroad_02_Wheel<16e699a0>, -1, 200) at <8620.125000, 121.772110, 13467.659180>
[COT 2022-10-24 21:33:18] 76561198015557715: Spawned Entity M1025 Wheel (Offroad_02_Wheel<16e6c1e0>, -1, 200) at <8619.811523, 122.033600, 13467.346680>
[COT 2022-10-24 21:33:18] 76561198015557715: Spawned Entity M1025 Wheel (Offroad_02_Wheel<16e6d600>, -1, 200) at <8619.490234, 122.304237, 13467.023438>
[COT 2022-10-24 21:33:19] 76561198015557715: Spawned Entity M1025 Wheel (Offroad_02_Wheel<16e6e010>, -1, 200) at <8619.178711, 122.571159, 13466.702148>
[COT 2022-10-24 21:33:50] 76561198015557715: Spawned Entity M1025 Wheel (Offroad_02_Wheel<378e4a0>, -1, 200) at <8624.031250, 122.106407, 13468.982422>
[COT 2022-10-24 21:34:41] 76561198015557715: ESP: Clearing ESP
[COT 2022-10-24 21:34:41] 76561198015557715: ESP: Viewing ESP
[COT 2022-10-24 21:34:45] 76561198015557715: ESP: Clearing ESP
[COT 2022-10-24 21:34:46] 76561198015557715: ESP: Viewing ESP
[COT 2022-10-24 21:34:49] 76561198015557715: ESP target=Offroad_02_Hood:028895 position=<8618.091797, 121.932243, 13467.782227> action=delete
[COT 2022-10-24 21:35:18] 76561198015557715: Spawned Entity Keys (ExpansionCarKey<a5d18a0>, -1, 100) at <8619.518555, 122.109718, 13470.654297>
[COT 2022-10-24 21:36:15] 76561198015557715: Spawned Entity Jerrycan (CanisterGasoline<dce99580>, 20000, 300) at <8618.075195, 121.698036, 13467.755859>
[COT 2022-10-24 21:38:7s] 76561198015557715: Teleported to position <7225.135254, 251.872574, 6935.775879>
[COT 2022-10-24 21:38:14] 76561198015557715: ESP: Clearing ESP
[COT 2022-10-24 21:54:23] 76561198015557715: Healed [guid=F6ba8Lb5rTfk7SPTvehszX71D171DjV-B9kT6vj9WHY=]
[COT 2022-10-24 21:54:34] 76561198015557715: Set GodMode To true [guid=F6ba8Lb5rTfk7SPTvehszX71D171DjV-B9kT6vj9WHY=]
[COT 2022-10-24 23:1m:45] 76561198015557715: Teleported to position <5566.276367, 162.019577, 3953.127197>
[COT 2022-10-24 23:1m:46] 76561198015557715: Entered the Free Camera
[COT 2022-10-24 23:1m:51] 76561198015557715: ESP: Viewing ESP
[COT 2022-10-24 23:2m:22] 76561198015557715: Set GodMode To true [guid=F6ba8Lb5rTfk7SPTvehszX71D171DjV-B9kT6vj9WHY=]
[COT 2022-10-24 23:3m:5s] 76561198015557715: Healed [guid=F6ba8Lb5rTfk7SPTvehszX71D171DjV-B9kT6vj9WHY=]
[COT 2022-10-24 23:3m:39] 76561198015557715: Spawned Entity Wolf (Animal_CanisLupus<d21dc340>, -1, 200) at <5845.835449, 128.977051, 4324.790039>
[COT 2022-10-24 23:3m:40] 76561198015557715: Spawned Entity Wolf (Animal_CanisLupus<d21e0630>, -1, 200) at <5845.702148, 129.066299, 4324.642578>
[COT 2022-10-24 23:3m:41] 76561198015557715: Spawned Entity Wolf (Animal_CanisLupus<d21e78f0>, -1, 200) at <5845.587402, 129.142929, 4324.516113>
[COT 2022-10-24 23:3m:59] 76561198015557715: ESP: Clearing ESP
[COT 2022-10-24 23:4m:0s] 76561198015557715: ESP: Viewing ESP
[COT 2022-10-24 23:9m:26] 76561198015557715: Spawned Entity Plastic Explosive (Plastic_Explosive<101f29b0>, -1, 50) at <221.019257, 252.479813, 5860.071777>
[COT 2022-10-24 23:9m:34] 76561198015557715: Spawned Entity Remote Detonation Unit (RemoteDetonator<e89e400>, -1, 40) at <221.019257, 252.479813, 5860.071777>
[COT 2022-10-24 23:9m:36] 76561198015557715: Spawned Entity Remote Detonator (RemoteDetonatorTrigger<e89c5d0>, -1, 40) at <221.019257, 252.479813, 5860.071777>
[COT 2022-10-24 23:14:27] 76561198015557715: Spawned Entity Wall Kit (ExpansionWallKit<11dd1640>, -1, 100) at <204.416855, 251.888290, 5853.923340>
[COT 2022-10-24 23:14:45] 76561198015557715: Spawned Entity Admin Hammer (Hammer<11dd1640>, -1, 100) at <204.416855, 251.888290, 5853.923340>
[COT 2022-10-24 23:15:11] 76561198015557715: Spawned Entity Plastic Explosive (Plastic_Explosive<c9273590>, -1, 50) at <196.198547, 251.713745, 5855.836914>
[COT 2022-10-24 23:15:50] 76561198015557715: Spawned Entity Satchel Charge (ExpansionExplosive<12638a20>, -1, 100) at <199.280792, 251.791077, 5856.003418>
[COT 2022-10-24 23:17:4s] 76561198015557715: Spawned Entity Remote Detonation Unit (RemoteDetonator<15d167f0>, -1, 40) at <197.610336, 251.764847, 5857.215820>
[COT 2022-10-24 23:17:52] 76561198015557715: Spawned vehicle Ada 4x4 (OffroadHatchback) at <236.249023, 252.277802, 5869.908203>
[COT 2022-10-24 23:17:59] 76561198015557715: Spawned Entity Keys (ExpansionCarKey<cad2f10>, -1, 100) at <232.166916, 252.333557, 5869.269531>
[COT 2022-10-24 23:18:48] 76561198015557715: Spawned Entity  (ExpansionVehicleCover<f33d2130>, -1, 1e+06) at <234.066528, 252.308487, 5870.784180>
[COT 2022-10-24 23:19:0s] 76561198015557715: ESP: Viewing ESP
[COT 2022-10-24 23:19:3s] 76561198015557715: ESP target=OffroadHatchback_Cover:030112 position=<234.066528, 252.325577, 5870.784180> action=delete
[COT 2022-10-24 23:19:10] 76561198015557715: Spawned Entity Camo Net (CamoNet<17535c10>, -1, 120) at <231.271027, 252.347412, 5870.043457>
