[COT 2022-9M-25 12:39:42] 76561198017844134: Spawned Entity Strawberry Jam (Marmalade<939a15a0>, 400, 40) on 76561198017844134
[COT 2022-9M-25 12:39:46] 76561198017844134: Spawned Entity Canned Peaches (PeachesCan_Opened<939ae8f0>, 400, 100) on 76561198017844134
[COT 2022-9M-25 12:39:48] 76561198017844134: Spawned Entity Canned Peaches (PeachesCan_Opened<939a7a40>, 400, 100) on 76561198017844134
[COT 2022-9M-25 14:54:5s] 76561198015557715: Spawned Entity Glow Stick (Chemlight_White<e1f7cf50>, 100, 20) at <1708.309692, 90.349838, 3152.318848>
[COT 2022-9M-25 15:33:55] 76561198015557715: ESP: ESP updating
[COT 2022-9M-25 15:34:5s] 76561198015557715: ESP: Clearing ESP
[COT 2022-9M-25 15:34:7s] 76561198015557715: ESP: ESP updating
[COT 2022-9M-25 15:36:22] 76561198015557715: Teleported to position <7216.825684, 251.803741, 6907.890137>
[COT 2022-9M-25 15:41:1s] 76561198015557715: Spawned Entity M14 (TTC_M14_Base<f3c534f0>, -1, 450) at <7206.270020, 252.992493, 6982.684570>
[COT 2022-9M-25 15:42:19] 76561198015557715: Spawned Entity M14 Springfield (Expansion_M14_Base<ea515dd0>, -1, 175) at <7206.116211, 252.985992, 6983.357422>
[COT 2022-9M-25 15:44:56] 76561198015557715: Spawned Entity MAK-39 (TTC_AKMod_Base<ea5173f0>, -1, 400) at <7206.624512, 253.026001, 6983.031250>
[COT 2022-9M-25 15:45:25] 76561198015557715: Spawned Entity MAK-54 (TTC_AKMod_Base<ea520ed0>, -1, 400) at <7196.024414, 252.992447, 6978.577148>
[COT 2022-9M-25 15:46:22] 76561198015557715: Spawned Entity CAR-15 (TTC_CAR15_Base<ea54ff10>, -1, 450) at <7196.024414, 252.992447, 6978.577148>
[COT 2022-9M-25 15:47:59] 76561198015557715: Spawned Entity SA80 (TTC_L85_Base<112fce0>, -1, 450) at <7196.024414, 252.992447, 6978.577148>
[COT 2022-9M-25 15:52:35] 76561198015557715: ESP: Clearing ESP
[COT 2022-9M-25 15:52:36] 76561198015557715: ESP: Viewing ESP
[COT 2022-9M-25 15:52:38] 76561198015557715: ESP: Clearing ESP
[COT 2022-9M-25 15:52:38] 76561198015557715: ESP: Viewing ESP
[COT 2022-9M-25 15:52:39] 76561198015557715: ESP: Clearing ESP
[COT 2022-9M-25 15:52:41] 76561198015557715: ESP: Viewing ESP
