[COT 2022-9M-22 14:11:36] 76561198017844134: Spawned Entity Lumber (3m) (ExpansionLumber3<96af4860>, 2, 100) at <6520.464355, 386.464417, 5585.947754>
[COT 2022-9M-22 14:11:38] 76561198017844134: Spawned Entity Lumber (3m) (ExpansionLumber3<96aef7e0>, 2, 100) at <6519.556641, 386.569489, 5586.748047>
[COT 2022-9M-22 14:11:40] 76561198017844134: Spawned Entity Lumber (3m) (ExpansionLumber3<96af5270>, 2, 100) at <6525.979004, 386.328796, 5591.639648>
[COT 2022-9M-22 14:11:44] 76561198017844134: Spawned Entity Lumber (3m) (ExpansionLumber3<96af70a0>, 2, 100) at <6522.742188, 386.356659, 5585.634766>
[COT 2022-9M-22 14:11:46] 76561198017844134: Spawned Entity Lumber (3m) (ExpansionLumber3<96af01f0>, 2, 100) at <6523.338867, 386.254608, 5584.750488>
[COT 2022-9M-22 14:11:50] 76561198017844134: Entered the Free Camera
[COT 2022-9M-22 14:11:52] 76561198017844134: Left the Free Camera
[COT 2022-9M-22 14:12:3s] 76561198017844134: Spawned Entity Plank (WoodenPlank<96af7ab0>, 10, 100) at <6521.793945, 386.407990, 5585.834961>
[COT 2022-9M-22 14:12:16] 76561198017844134: ESP: Viewing ESP
[COT 2022-9M-22 14:12:18] 76561198017844134: ESP index=0 target=ExpansionWall6x3:013796 position=<6516.359375, 385.905426, 5582.697266> action=delete
[COT 2022-9M-22 14:12:18] 76561198017844134: ESP action=delete_all count=1 attempted=1
[COT 2022-9M-22 14:12:31] 76561198017844134: ESP index=0 target=ExpansionWall6x3:025176 position=<6519.705566, 385.904968, 5580.088867> action=delete
[COT 2022-9M-22 14:12:31] 76561198017844134: ESP action=delete_all count=1 attempted=1
[COT 2022-9M-22 14:12:37] 76561198017844134: ESP: Clearing ESP
[COT 2022-9M-22 14:28:47] 76561198017844134: Spawned Entity Lumber (3m) (ExpansionLumber3<982b60b0>, 2, 100) at <6522.596191, 388.490417, 5606.670898>
[COT 2022-9M-22 14:28:48] 76561198017844134: Spawned Entity Lumber (3m) (ExpansionLumber3<982b56a0>, 2, 100) at <6523.554688, 388.614044, 5607.252441>
[COT 2022-9M-22 14:28:50] 76561198017844134: Spawned Entity Lumber (3m) (ExpansionLumber3<982b9d10>, 2, 100) at <6524.590332, 388.868378, 5608.634766>
[COT 2022-9M-22 14:28:54] 76561198017844134: Spawned Entity Lumber (3m) (ExpansionLumber3<982b9300>, 2, 100) at <6525.411621, 388.899597, 5608.094727>
[COT 2022-9M-22 14:28:56] 76561198017844134: Spawned Entity Lumber (3m) (ExpansionLumber3<982ba720>, 2, 100) at <6524.732422, 388.978607, 5609.294922>
[COT 2022-9M-22 14:28:57] 76561198017844134: Spawned Entity Lumber (3m) (ExpansionLumber3<982bed90>, 2, 100) at <6524.088867, 389.061279, 5610.225098>
[COT 2022-9M-22 14:28:59] 76561198017844134: Spawned Entity Lumber (3m) (ExpansionLumber3<982b7ee0>, 2, 100) at <6523.967285, 389.029022, 5611.240723>
[COT 2022-9M-22 14:29:2s] 76561198017844134: Spawned Entity Lumber (3m) (ExpansionLumber3<982bcf60>, 2, 100) at <6524.453125, 389.069000, 5610.883301>
[COT 2022-9M-22 14:29:4s] 76561198017844134: Spawned Entity Lumber (3m) (ExpansionLumber3<982bb130>, 2, 100) at <6525.360840, 389.223083, 5610.985352>
[COT 2022-9M-22 14:29:8s] 76561198017844134: Spawned Entity Lumber (3m) (ExpansionLumber3<982bf7a0>, 2, 100) at <6525.251953, 388.106934, 5603.395020>
[COT 2022-9M-22 14:29:22] 76561198017844134: Spawned Entity Plank (WoodenPlank<982c7a70>, 10, 100) at <6522.278809, 388.754944, 5608.388184>
[COT 2022-9M-22 14:29:25] 76561198017844134: Spawned Entity Plank (WoodenPlank<982c98a0>, 10, 100) at <6522.626953, 388.926086, 5609.388184>
[COT 2022-9M-22 14:29:28] 76561198017844134: Spawned Entity Plank (WoodenPlank<982c8480>, 10, 100) at <6521.882813, 388.977203, 5610.540527>
[COT 2022-9M-22 14:29:30] 76561198017844134: Spawned Entity Plank (WoodenPlank<982cd500>, 10, 100) at <6522.741699, 388.966949, 5611.425293>
[COT 2022-9M-22 14:29:34] 76561198017844134: Spawned Entity Plank (WoodenPlank<982cdf10>, 10, 100) at <6521.492676, 388.928680, 5611.385742>
[COT 2022-9M-22 14:29:37] 76561198017844134: Spawned Entity Plank (WoodenPlank<982de4b0>, 10, 100) at <6522.882324, 389.076233, 5611.763184>
[COT 2022-9M-22 14:29:40] 76561198017844134: Spawned Entity Plank (WoodenPlank<982deec0>, 10, 100) at <6520.902832, 388.471619, 5606.892090>
[COT 2022-9M-22 14:53:37] 76561198017844134: Spawned Entity Wall Kit (ExpansionWallKit<9cf833a0>, -1, 100) at <6543.792969, 392.393433, 5599.587891>
[COT 2022-9M-22 15:6m:52] 76561198017844134: Spawned Entity Lumber (3m) (ExpansionLumber3<f00c98c0>, 2, 100) at <6551.813965, 391.146545, 5584.583496>
[COT 2022-9M-22 15:6m:54] 76561198017844134: Spawned Entity Lumber (3m) (ExpansionLumber3<f00c7a90>, 2, 100) at <6551.433594, 391.280243, 5584.524902>
[COT 2022-9M-22 15:6m:56] 76561198017844134: Spawned Entity Lumber (3m) (ExpansionLumber3<f00cd520>, 2, 100) at <6550.943848, 391.010254, 5584.568848>
[COT 2022-9M-22 15:6m:57] 76561198017844134: Spawned Entity Lumber (3m) (ExpansionLumber3<f00d0770>, 2, 100) at <6550.649902, 391.151154, 5585.480957>
[COT 2022-9M-22 15:6m:59] 76561198017844134: Spawned Entity Lumber (3m) (ExpansionLumber3<f00cace0>, 2, 100) at <6549.473145, 390.963562, 5585.446777>
[COT 2022-9M-22 15:7m:1s] 76561198017844134: Spawned Entity Lumber (3m) (ExpansionLumber3<f00d6200>, 2, 100) at <6549.978516, 391.268524, 5586.561035>
[COT 2022-9M-22 15:7m:39] 76561198017844134: Spawned Entity Plank (WoodenPlank<ef8c9d30>, 10, 100) at <6550.559570, 391.298553, 5586.271484>
[COT 2022-9M-22 15:7m:41] 76561198017844134: Spawned Entity Plank (WoodenPlank<ef8c74f0>, 10, 100) at <6550.503906, 391.154785, 5585.608398>
[COT 2022-9M-22 15:7m:43] 76561198017844134: Spawned Entity Plank (WoodenPlank<e41b4f30>, 10, 100) at <6551.068848, 391.377808, 5586.276855>
[COT 2022-9M-22 15:7m:45] 76561198017844134: Spawned Entity Plank (WoodenPlank<e41b5940>, 10, 100) at <6551.775391, 391.558167, 5586.630371>
[COT 2022-9M-22 15:7m:47] 76561198017844134: Spawned Entity Plank (WoodenPlank<dd356f20>, 10, 100) at <6552.350098, 391.739746, 5587.087891>
[COT 2022-9M-22 15:7m:51] 76561198017844134: Spawned Entity Plank (WoodenPlank<dd350070>, 10, 100) at <6551.528809, 391.585236, 5586.948242>
[COT 2022-9M-22 15:18:22] 76561198017844134: Spawned Entity Barbed Wire Kit (ExpansionBarbedWireKit<f3c0cfc0>, -1, 100) at <6551.752930, 404.350128, 5601.770996>
[COT 2022-9M-22 15:18:23] 76561198017844134: Spawned Entity Barbed Wire Kit (ExpansionBarbedWireKit<fe9708a0>, -1, 100) at <6551.750488, 404.350128, 5601.772949>
[COT 2022-9M-22 15:18:24] 76561198017844134: Spawned Entity Barbed Wire Kit (ExpansionBarbedWireKit<fe97a9a0>, -1, 100) at <6551.532715, 404.691040, 5601.734375>
[COT 2022-9M-22 15:18:25] 76561198017844134: Spawned Entity Barbed Wire Kit (ExpansionBarbedWireKit<fe980430>, -1, 100) at <6551.533203, 404.686646, 5601.731934>
[COT 2022-9M-22 15:18:26] 76561198017844134: Spawned Entity Barbed Wire Kit (ExpansionBarbedWireKit<fe97bdc0>, -1, 100) at <6551.520508, 404.710205, 5601.734863>
[COT 2022-9M-22 15:18:27] 76561198017844134: Spawned Entity Barbed Wire Kit (ExpansionBarbedWireKit<fe97c7d0>, -1, 100) at <6551.452148, 404.811157, 5601.727051>
[COT 2022-9M-22 15:29:13] 76561198017844134: Set Freeze To true [guid=hSqM7sZq4fS7_rPNSjlbvMePJ3fmimmG_KguBGRCRtg=]
[COT 2022-9M-22 15:29:31] 76561198017844134: Set Freeze To false [guid=hSqM7sZq4fS7_rPNSjlbvMePJ3fmimmG_KguBGRCRtg=]
