[COT 2022-10-21 18:28:43] 76561198017844134: ESP: Viewing ESP
[COT 2022-10-21 18:28:49] 76561198017844134: ESP: Clearing ESP
[COT 2022-10-21 18:30:27] 76561198017844134: Teleported to position <794.876404, 135.634903, 4752.698242>
[COT 2022-10-21 18:30:43] 76561198017844134: ESP: Viewing ESP
[COT 2022-10-21 18:30:59] 76561198017844134: ESP: Clearing ESP
[COT 2022-10-21 18:31:52] 76561198017844134: ESP: Viewing ESP
[COT 2022-10-21 18:31:57] 76561198017844134: ESP: Clearing ESP
[COT 2022-10-21 18:31:58] 76561198017844134: ESP: Viewing ESP
[COT 2022-10-21 18:32:2s] 76561198017844134: ESP: Clearing ESP
[COT 2022-10-21 18:32:4s] 76561198017844134: ESP: Viewing ESP
[COT 2022-10-21 18:32:42] 76561198017844134: ESP: Clearing ESP
[COT 2022-10-21 18:32:45] 76561198017844134: ESP: Viewing ESP
[COT 2022-10-21 18:33:18] 76561198017844134: Entered the Free Camera
[COT 2022-10-21 18:34:53] 76561198017844134: Left the Free Camera
[COT 2022-10-21 18:35:11] 76561198017844134: ESP: Clearing ESP
[COT 2022-10-21 18:35:12] 76561198017844134: ESP: Viewing ESP
[COT 2022-10-21 18:36:5s] 76561198017844134: Entered the Free Camera
[COT 2022-10-21 18:36:26] 76561198017844134: Left the Free Camera
[COT 2022-10-21 18:38:44] 76561198017844134: ESP: Clearing ESP
[COT 2022-10-21 18:38:44] 76561198017844134: ESP: Viewing ESP
[COT 2022-10-21 18:38:52] 76561198017844134: Entered the Free Camera
[COT 2022-10-21 18:39:0s] 76561198017844134: Left the Free Camera
[COT 2022-10-21 18:46:10] 76561198017844134: ESP: Viewing ESP
[COT 2022-10-21 18:46:11] 76561198017844134: ESP: Clearing ESP
[COT 2022-10-21 18:47:25] 76561198017844134: Teleported to position <8180.272461, 249.562408, 10997.750000>
[COT 2022-10-21 19:48:43] 76561198017844134: Spawned Entity Hryvnia Banknotes Stack (ExpansionBanknoteHryvnia<f0c20690>, 28374, 100) at <8297.886719, 275.253082, 10886.401367>
[COT 2022-10-21 19:50:51] 76561198017844134: ESP: Viewing ESP
[COT 2022-10-21 19:50:51] 76561198017844134: ESP: Clearing ESP
