[COT 2022-9M-6D 14:37:22] 76561198017844134: ESP: Viewing ESP
[COT 2022-9M-6D 14:37:29] 76561198017844134: ESP: Clearing ESP
[COT 2022-9M-6D 14:37:29] 76561198017844134: ESP: Viewing ESP
[COT 2022-9M-6D 14:38:28] 76561198017844134: ESP: Clearing ESP
[COT 2022-9M-6D 14:38:50] 76561198017844134: Spawned Entity Mh-6 Little Bird (ExpansionMh6<edcfb0b0>, -1, 5000) at <7404.262695, 4.932845, 2603.277588>
[COT 2022-9M-6D 14:40:16] 76561198017844134: Spawned Entity Hydraulic Hoses (ItemBase<b79a3e50>, -1, 80) at <7401.593750, 4.948038, 2599.248535>
[COT 2022-9M-6D 14:40:28] 76561198017844134: Spawned Entity Helicopter Battery (ExpansionHelicopterBattery<b79ab710>, 50, 100) at <7401.584961, 4.980024, 2599.269287>
[COT 2022-9M-6D 14:40:36] 76561198017844134: Spawned Entity Igniter Plug (GlowPlug<b79afd80>, -1, 20) at <7401.584473, 4.980024, 2599.268799>
[COT 2022-9M-6D 14:41:3s] 76561198017844134: ESP: Viewing ESP
[COT 2022-9M-6D 14:41:20] 76561198017844134: ESP: Clearing ESP
[COT 2022-9M-6D 14:41:38] 76561198017844134: Spawned Entity Jerrycan (CanisterGasoline<b2c0b040>, 20000, 300) at <7401.100098, 5.004250, 2603.619141>
[COT 2022-9M-6D 14:41:38] 76561198017844134: Spawned Entity Jerrycan (CanisterGasoline<b2c0c560>, 20000, 300) at <7401.162598, 5.140507, 2603.460205>
[COT 2022-9M-6D 14:41:40] 76561198017844134: Spawned Entity Jerrycan (CanisterGasoline<b2c09090>, 20000, 300) at <7401.225586, 5.283767, 2603.288086>
[COT 2022-9M-6D 14:41:40] 76561198017844134: Spawned Entity Jerrycan (CanisterGasoline<b2bf1ee0>, 20000, 300) at <7401.250488, 5.347352, 2603.208984>
[COT 2022-9M-6D 14:45:31] 76561198017844134: ESP: Viewing ESP
[COT 2022-9M-6D 14:45:36] 76561198017844134: ESP index=0 target=CanisterGasoline:029150 position=<7399.697266, 5.086112, 2600.049072> action=delete
[COT 2022-9M-6D 14:45:36] 76561198017844134: ESP index=1 target=CanisterGasoline:020198 position=<7399.292480, 5.082703, 2599.338135> action=delete
[COT 2022-9M-6D 14:45:36] 76561198017844134: ESP index=2 target=CanisterGasoline:033149 position=<7397.123047, 5.140764, 2600.740967> action=delete
[COT 2022-9M-6D 14:45:36] 76561198017844134: ESP index=3 target=CanisterGasoline:023791 position=<7397.176758, 5.127371, 2599.645020> action=delete
[COT 2022-9M-6D 14:45:36] 76561198017844134: ESP action=delete_all count=4 attempted=4
[COT 2022-9M-6D 14:45:43] 76561198017844134: ESP: Clearing ESP
[COT 2022-9M-6D 14:47:19] 76561198017844134: Spawned Entity Wrench (Wrench<b79c9a10>, -1, 100) at <7395.010254, 10.929226, 2674.650635>
[COT 2022-9M-6D 14:50:5s] 76561198017844134: Spawned Entity Pipe Wrench (PipeWrench<bf0f29b0>, -1, 400) at <7593.502930, 6.077019, 3377.891846>
[COT 2022-9M-6D 14:54:59] 76561198017844134: Teleported to position <7207.937500, 246.333740, 6627.369629>
[COT 2022-9M-6D 14:55:26] 76561198017844134: ESP: Viewing ESP
[COT 2022-9M-6D 14:55:30] 76561198017844134: ESP index=0 target=ExpansionMh6:09057 position=<7178.818359, 251.511215, 6706.216797> action=delete
[COT 2022-9M-6D 14:55:30] 76561198017844134: ESP action=delete_all count=1 attempted=1
[COT 2022-9M-6D 15:0m:28] 76561198017844134: Spawned Entity Keys (ExpansionCarKey<b6433f20>, -1, 100) at <7232.434570, 253.396759, 6967.154785>
[COT 2022-9M-6D 15:1m:14] 76561198017844134: Spawned Entity Ada 4x4 (OffroadHatchback_Blue<9e92d4f0>, -1, 1000) at <7230.474609, 252.550003, 6960.496582>
[COT 2022-9M-6D 15:2m:2s] 76561198017844134: Spawned Entity Ada 4x4 Left Door (HatchbackDoors_Driver_Blue<bfced480>, -1, 500) at <7229.560547, 252.568771, 6964.125000>
[COT 2022-9M-6D 15:2m:4s] 76561198017844134: Spawned Entity Ada 4x4 Right Door (HatchbackDoors_CoDriver_Blue<bfcf2500>, -1, 500) at <7229.705566, 252.703903, 6964.288086>
[COT 2022-9M-6D 15:2m:8s] 76561198017844134: Spawned Entity Ada 4x4 Hood (HatchbackHood_Blue<bfcf06d0>, -1, 500) at <7229.889648, 252.859528, 6964.478027>
[COT 2022-9M-6D 15:2m:10] 76561198017844134: Spawned Entity Ada 4x4 Trunk Door (HatchbackTrunk_Blue<bfcefcc0>, -1, 500) at <7230.104492, 253.055542, 6964.714355>
[COT 2022-9M-6D 15:2m:27] 76561198017844134: Spawned Entity Car Radiator (CarRadiator<bfcede90>, -1, 250) at <7230.275391, 253.212082, 6964.908203>
[COT 2022-9M-6D 15:2m:33] 76561198017844134: Spawned Entity Car Battery (CarBattery<bfcf5750>, 50, 200) at <7230.280762, 253.210983, 6964.903809>
[COT 2022-9M-6D 15:2m:40] 76561198017844134: Spawned Entity Spark Plug (SparkPlug<bfcfd010>, -1, 20) at <7232.434570, 253.396759, 6967.154785>
[COT 2022-9M-6D 15:2m:47] 76561198017844134: Spawned Entity Jerrycan (CanisterGasoline<c0946b00>, 20000, 300) at <7230.333008, 253.259720, 6964.962402>
[COT 2022-9M-6D 15:3m:7s] 76561198017844134: Spawned Entity Ada 4x4 Wheel (HatchbackWheel<bfcf6b70>, -1, 200) at <7230.395996, 253.315460, 6965.027344>
[COT 2022-9M-6D 15:3m:7s] 76561198017844134: Spawned Entity Ada 4x4 Wheel (HatchbackWheel<bfcf7f90>, -1, 200) at <7230.651367, 253.538589, 6965.301758>
[COT 2022-9M-6D 15:3m:8s] 76561198017844134: Spawned Entity Ada 4x4 Wheel (HatchbackWheel<bfcfb1e0>, -1, 200) at <7230.909180, 253.768997, 6965.581543>
[COT 2022-9M-6D 15:3m:8s] 76561198017844134: Spawned Entity Ada 4x4 Wheel (HatchbackWheel<bfcfc600>, -1, 200) at <7231.165039, 254.000412, 6965.859375>
