[COT 2022-9M-16 17:29:14] 76561198015557715: ESP: Clearing ESP
[COT 2022-9M-16 17:29:21] 76561198015557715: ESP: Viewing ESP
[COT 2022-9M-16 17:30:13] 76561198015557715: ESP: Clearing ESP
[COT 2022-9M-16 17:30:51] 76561198015557715: ESP: Viewing ESP
[COT 2022-9M-16 17:36:6s] 76561198017844134: Teleported to position <6448.916016, 8.000000, 2379.824463>
[COT 2022-9M-16 17:36:52] 76561198017844134: ESP: Viewing ESP
[COT 2022-9M-16 17:37:18] 76561198017844134: ESP: Clearing ESP
[COT 2022-9M-16 17:37:18] 76561198017844134: ESP: Viewing ESP
[COT 2022-9M-16 17:37:59] 76561198017844134: Spawned Entity Stone Knife (StoneKnife<2b7042a0>, -1, 45) at <6529.782715, 6.012473, 2472.951172>
[COT 2022-9M-16 17:38:41] 76561198015557715: ESP: Clearing ESP
[COT 2022-9M-16 17:39:1s] 76561198017844134: ESP: Clearing ESP
[COT 2022-9M-16 17:39:2s] 76561198017844134: ESP: Viewing ESP
[COT 2022-9M-16 17:39:5s] 76561198017844134: ESP index=0 target=M4A1:029523 position=<6531.225586, 6.027878, 2472.910889> action=delete
[COT 2022-9M-16 17:39:5s] 76561198017844134: ESP action=delete_all count=1 attempted=1
[COT 2022-9M-16 17:39:6s] 76561198017844134: ESP index=0 target=MilitaryBoots_Brown:029522 position=<6531.225586, 6.005123, 2472.910889> action=delete
[COT 2022-9M-16 17:39:6s] 76561198017844134: ESP action=delete_all count=1 attempted=1
[COT 2022-9M-16 17:39:8s] 76561198017844134: ESP index=0 target=CargoPants_Grey:029517 position=<6531.225586, 6.002164, 2472.910889> action=delete
[COT 2022-9M-16 17:39:8s] 76561198017844134: ESP action=delete_all count=1 attempted=1
[COT 2022-9M-16 17:39:10] 76561198017844134: ESP index=0 target=Hoodie_Green:015317 position=<6531.225586, 6.002164, 2472.910889> action=delete
[COT 2022-9M-16 17:39:10] 76561198017844134: ESP action=delete_all count=1 attempted=1
[COT 2022-9M-16 17:39:15] 76561198017844134: ESP: Clearing ESP
[COT 2022-9M-16 17:39:15] 76561198017844134: ESP: Viewing ESP
[COT 2022-9M-16 17:39:24] 76561198017844134: ESP index=0 target=HumanSteakMeat:019880 position=<6531.026855, 6.006505, 2473.134277> action=delete
[COT 2022-9M-16 17:39:24] 76561198017844134: ESP index=1 target=HumanSteakMeat:029611 position=<6531.330078, 6.006505, 2472.751953> action=delete
[COT 2022-9M-16 17:39:24] 76561198017844134: ESP index=2 target=HumanSteakMeat:016410 position=<6530.997559, 6.006505, 2472.773926> action=delete
[COT 2022-9M-16 17:39:24] 76561198017844134: ESP index=3 target=HumanSteakMeat:09376 position=<6531.512695, 6.006505, 2472.991455> action=delete
[COT 2022-9M-16 17:39:24] 76561198017844134: ESP index=4 target=Guts:029553 position=<6531.621582, 6.025937, 2473.316406> action=delete
[COT 2022-9M-16 17:39:24] 76561198017844134: ESP index=5 target=HumanSteakMeat:029530 position=<6530.975098, 6.006505, 2472.540771> action=delete
[COT 2022-9M-16 17:39:24] 76561198017844134: ESP index=6 target=HumanSteakMeat:029551 position=<6531.471680, 6.006505, 2473.076904> action=delete
[COT 2022-9M-16 17:39:24] 76561198017844134: ESP index=7 target=Lard:029532 position=<6530.925781, 6.008930, 2472.587646> action=delete
[COT 2022-9M-16 17:39:24] 76561198017844134: ESP index=8 target=HumanSteakMeat:029470 position=<6531.584961, 6.006505, 2473.384521> action=delete
[COT 2022-9M-16 17:39:24] 76561198017844134: ESP index=9 target=HumanSteakMeat:028928 position=<6531.141113, 6.006505, 2472.736084> action=delete
[COT 2022-9M-16 17:39:24] 76561198017844134: ESP index=10 target=HumanSteakMeat:029615 position=<6531.552734, 6.006505, 2472.817139> action=delete
[COT 2022-9M-16 17:39:24] 76561198017844134: ESP index=11 target=HumanSteakMeat:020977 position=<6530.848145, 6.006505, 2472.777588> action=delete
[COT 2022-9M-16 17:39:24] 76561198017844134: ESP action=delete_all count=12 attempted=12
[COT 2022-9M-16 17:39:29] 76561198017844134: ESP: Clearing ESP
[COT 2022-9M-16 17:39:29] 76561198017844134: ESP: Viewing ESP
[COT 2022-9M-16 17:39:34] 76561198017844134: ESP index=0 target=Bone:029552 position=<6531.467773, 6.003046, 2472.625488> action=delete
[COT 2022-9M-16 17:39:34] 76561198017844134: ESP index=1 target=Bone:029539 position=<6530.903320, 6.003046, 2472.942627> action=delete
[COT 2022-9M-16 17:39:34] 76561198017844134: ESP action=delete_all count=2 attempted=2
[COT 2022-9M-16 17:39:55] 76561198017844134: Teleported to position <7120.469727, 2.106517, 2537.856445>
[COT 2022-9M-16 17:41:41] 76561198017844134: ESP: Clearing ESP
[COT 2022-9M-16 19:40:41] 76561198017844134: Bleeding stopped [guid=uQpbWOSqDfBH1eKt-Cxb6rOdSfp5cDaw7YoLwsAmzNU=]
