[COT 2022-9M-17 16:10:34] 76561198017844134: Spawned Entity Wall Kit (ExpansionWallKit<2d19afd0>, -1, 100) at <6550.981445, 404.390106, 5602.159668>
[COT 2022-9M-17 16:10:34] 76561198017844134: Spawned Entity Wall Kit (ExpansionWallKit<2d1a2890>, -1, 100) at <6550.981445, 404.390106, 5602.159668>
[COT 2022-9M-17 16:10:35] 76561198017844134: Spawned Entity Wall Kit (ExpansionWallKit<2d19d810>, -1, 100) at <6550.981445, 404.390106, 5602.159668>
[COT 2022-9M-17 16:10:35] 76561198017844134: Spawned Entity Wall Kit (ExpansionWallKit<2d19e220>, -1, 100) at <6550.981445, 404.390106, 5602.159668>
[COT 2022-9M-17 16:17:38] 76561198017844134: ESP: Viewing ESP
[COT 2022-9M-17 16:17:47] 76561198017844134: ESP index=0 target=ExpansionFloor6x6:04984 position=<6551.797363, 396.743866, 5594.992676> action=delete
[COT 2022-9M-17 16:17:47] 76561198017844134: ESP index=1 target=ExpansionFloor6x6:04727 position=<6554.600586, 395.749573, 5598.147949> action=delete
[COT 2022-9M-17 16:17:47] 76561198017844134: ESP index=2 target=ExpansionWall6x3:018642 position=<6551.547852, 392.746826, 5598.019043> action=delete
[COT 2022-9M-17 16:17:47] 76561198017844134: ESP action=delete_all count=3 attempted=3
[COT 2022-9M-17 16:19:21] 76561198017844134: Entered the Free Camera
[COT 2022-9M-17 16:19:46] 76561198017844134: ESP: Clearing ESP
[COT 2022-9M-17 16:19:46] 76561198017844134: ESP: Viewing ESP
[COT 2022-9M-17 16:20:3s] 76561198017844134: ESP target=ExpansionFloorBase<34aba8a0> action=position value=<6552.819824, 397.037994, 5593.819824>
[COT 2022-9M-17 16:20:10] 76561198017844134: ESP target=ExpansionFloorBase<34aba8a0> action=position value=<6552.890137, 397.037994, 5593.890137>
[COT 2022-9M-17 16:20:28] 76561198017844134: ESP target=ExpansionFloorBase<34aba8a0> action=position value=<6552.910156, 397.037994, 5593.910156>
[COT 2022-9M-17 16:20:35] 76561198017844134: ESP target=ExpansionFloorBase<34aba8a0> action=position value=<6552.950195, 397.037994, 5593.950195>
[COT 2022-9M-17 16:20:42] 76561198017844134: ESP target=ExpansionFloorBase<34aba8a0> action=position value=<6552.990234, 397.037994, 5593.990234>
[COT 2022-9M-17 16:20:53] 76561198017844134: ESP target=ExpansionFloorBase<34aba8a0> action=position value=<6553.049805, 397.037994, 5594.049805>
[COT 2022-9M-17 16:20:56] 76561198017844134: Left the Free Camera
[COT 2022-9M-17 16:21:2s] 76561198017844134: ESP: Clearing ESP
[COT 2022-9M-17 16:25:7s] 76561198017844134: Entered the Free Camera
[COT 2022-9M-17 16:25:24] 76561198017844134: Left the Free Camera
[COT 2022-9M-17 16:29:28] 76561198017844134: Entered the Free Camera
[COT 2022-9M-17 16:30:17] 76561198017844134: ESP: Viewing ESP
[COT 2022-9M-17 16:30:46] 76561198017844134: ESP target=ExpansionRampBase<fa3973a0> action=position value=<6551.080078, 413.190002, 5594.790039>
[COT 2022-9M-17 16:30:46] 76561198017844134: ESP target=ExpansionRampBase<fa3973a0> action=position value=<6551.080078, 413.190002, 5594.790039>
[COT 2022-9M-17 16:30:51] 76561198017844134: ESP target=ExpansionRampBase<fa3973a0> action=position value=<6551.080078, 413.190002, 5594.850098>
[COT 2022-9M-17 16:30:57] 76561198017844134: ESP target=ExpansionRampBase<fa3973a0> action=position value=<6551.080078, 413.190002, 5594.930176>
[COT 2022-9M-17 16:31:8s] 76561198017844134: ESP target=ExpansionRampBase<fa3973a0> action=position value=<6551.080078, 413.190002, 5594.990234>
[COT 2022-9M-17 16:31:16] 76561198017844134: ESP target=ExpansionRampBase<fa3973a0> action=position value=<6551.250000, 413.190002, 5594.990234>
[COT 2022-9M-17 16:31:27] 76561198017844134: ESP target=ExpansionRampBase<fa3973a0> action=position value=<6551.720215, 413.190002, 5594.990234>
[COT 2022-9M-17 16:31:38] 76561198017844134: ESP target=ExpansionRampBase<fa3973a0> action=position value=<6551.830078, 413.190002, 5594.990234>
[COT 2022-9M-17 16:31:51] 76561198017844134: ESP target=ExpansionRampBase<fa3973a0> action=position value=<6551.950195, 413.190002, 5594.990234>
[COT 2022-9M-17 16:32:0s] 76561198017844134: ESP target=ExpansionRampBase<fa3973a0> action=position value=<6552.299805, 413.190002, 5594.990234>
[COT 2022-9M-17 16:32:6s] 76561198017844134: ESP target=ExpansionRampBase<fa3973a0> action=position value=<6552.100098, 413.190002, 5594.990234>
[COT 2022-9M-17 16:32:12] 76561198017844134: ESP target=ExpansionRampBase<fa3973a0> action=position value=<6552.060059, 413.190002, 5594.990234>
[COT 2022-9M-17 16:32:16] 76561198017844134: ESP target=ExpansionRampBase<fa3973a0> action=position value=<6552.029785, 413.190002, 5594.990234>
[COT 2022-9M-17 16:32:21] 76561198017844134: ESP target=ExpansionRampBase<fa3973a0> action=position value=<6552.009766, 413.190002, 5594.990234>
[COT 2022-9M-17 16:32:24] 76561198017844134: Left the Free Camera
[COT 2022-9M-17 16:32:31] 76561198017844134: ESP: Clearing ESP
[COT 2022-9M-17 16:32:46] 76561198017844134: ESP: Viewing ESP
[COT 2022-9M-17 16:33:3s] 76561198017844134: ESP target=ExpansionRampBase<fa3973a0> action=position value=<6552.009766, 413.388000, 5594.990234>
[COT 2022-9M-17 16:33:10] 76561198017844134: ESP target=ExpansionRampBase<fa3973a0> action=position value=<6552.009766, 413.380005, 5594.990234>
[COT 2022-9M-17 16:33:15] 76561198017844134: ESP target=ExpansionRampBase<fa3973a0> action=position value=<6552.009766, 413.359985, 5594.990234>
[COT 2022-9M-17 16:33:19] 76561198017844134: ESP target=ExpansionRampBase<fa3973a0> action=position value=<6552.009766, 413.350006, 5594.990234>
[COT 2022-9M-17 16:33:24] 76561198017844134: ESP target=ExpansionRampBase<fa3973a0> action=position value=<6552.009766, 413.329987, 5594.990234>
[COT 2022-9M-17 16:34:8s] 76561198017844134: ESP target=ExpansionRampBase<fa3973a0> action=position value=<6552.009766, 413.350006, 5594.990234>
[COT 2022-9M-17 16:34:12] 76561198017844134: ESP target=ExpansionRampBase<fa3973a0> action=position value=<6552.009766, 413.380005, 5594.990234>
[COT 2022-9M-17 16:34:35] 76561198017844134: ESP target=ExpansionRampBase<35caa230> action=orientation value=<88.903603, 0.000000, -0.000000>
[COT 2022-9M-17 16:34:45] 76561198017844134: ESP target=ExpansionRampBase<fa3973a0> action=position value=<6552.009766, 413.388000, 5594.990234>
[COT 2022-9M-17 16:35:12] 76561198017844134: ESP target=ExpansionRampBase<fa3973a0> action=position value=<6552.009766, 413.388000, 5594.879883>
[COT 2022-9M-17 16:35:20] 76561198017844134: ESP target=ExpansionRampBase<fa3973a0> action=position value=<6552.009766, 413.388000, 5595.000000>
[COT 2022-9M-17 16:35:24] 76561198017844134: ESP target=ExpansionRampBase<fa3973a0> action=position value=<6552.009766, 413.388000, 5595.200195>
[COT 2022-9M-17 16:35:29] 76561198017844134: ESP target=ExpansionRampBase<fa3973a0> action=position value=<6552.009766, 413.388000, 5595.149902>
[COT 2022-9M-17 16:35:35] 76561198017844134: ESP target=ExpansionRampBase<fa3973a0> action=position value=<6552.009766, 413.388000, 5595.129883>
[COT 2022-9M-17 16:40:41] 76561198017844134: ESP: Clearing ESP
[COT 2022-9M-17 16:40:41] 76561198017844134: ESP: Viewing ESP
[COT 2022-9M-17 16:40:55] 76561198017844134: ESP: Clearing ESP
[COT 2022-9M-17 16:40:55] 76561198017844134: ESP: Viewing ESP
[COT 2022-9M-17 16:41:36] 76561198017844134: ESP index=0 target=ExpansionFloor6x6:012107 position=<6553.049805, 397.037994, 5594.049805> action=delete
[COT 2022-9M-17 16:41:36] 76561198017844134: ESP index=1 target=ExpansionWallKit:06246 position=<6556.528320, 404.438995, 5601.763672> action=delete
[COT 2022-9M-17 16:41:36] 76561198017844134: ESP index=2 target=ExpansionWallKit:04872 position=<6550.981445, 404.478973, 5602.159668> action=delete
[COT 2022-9M-17 16:41:36] 76561198017844134: ESP index=3 target=ExpansionRamp6x1_5x6:018599 position=<6552.009766, 413.388000, 5595.129883> action=delete
[COT 2022-9M-17 16:41:36] 76561198017844134: ESP index=4 target=ExpansionFloorKit:021730 position=<6553.048340, 392.835693, 5594.055664> action=delete
[COT 2022-9M-17 16:41:36] 76561198017844134: ESP action=delete_all count=5 attempted=5
[COT 2022-9M-17 16:52:34] 76561198017844134: Spawned Entity Stair Kit (ExpansionStairKit<360f4930>, -1, 100) at <6530.034668, 386.274750, 5573.953125>
[COT 2022-9M-17 16:54:15] 76561198017844134: ESP: Clearing ESP
[COT 2022-9M-17 16:54:15] 76561198017844134: ESP: Viewing ESP
[COT 2022-9M-17 16:54:19] 76561198017844134: ESP target=ExpansionStairS1_5x3x3:018901 position=<6530.449219, 385.875183, 5572.522461> action=delete
[COT 2022-9M-17 16:54:54] 76561198017844134: Spawned Entity Stair Kit (ExpansionStairKit<3ba39990>, -1, 100) at <6530.153809, 386.301544, 5576.992188>
[COT 2022-9M-17 16:55:22] 76561198017844134: ESP: Clearing ESP
[COT 2022-9M-17 16:55:45] 76561198017844134: ESP: Viewing ESP
[COT 2022-9M-17 16:55:55] 76561198017844134: ESP index=0 target=ExpansionFloor6x6:011908 position=<6530.409180, 388.875183, 5572.843750> action=delete
[COT 2022-9M-17 16:55:55] 76561198017844134: ESP index=1 target=CZ75:018901 position=<7019.731445, 297.504822, 7684.409668> action=delete
[COT 2022-9M-17 16:55:55] 76561198017844134: ESP action=delete_all count=2 attempted=2
[COT 2022-9M-17 16:56:5s] 76561198017844134: ESP index=0 target=ExpansionStairS1_5x3x3:010892 position=<6530.369141, 385.875183, 5573.165039> action=delete
[COT 2022-9M-17 16:56:5s] 76561198017844134: ESP action=delete_all count=1 attempted=1
[COT 2022-9M-17 17:2m:38] 76561198017844134: ESP: Clearing ESP
[COT 2022-9M-17 17:2m:39] 76561198017844134: ESP: Viewing ESP
[COT 2022-9M-17 17:2m:43] 76561198017844134: ESP target=ExpansionStairBase<9a99c7a0> action=built part=wood_base required_materials=false
[COT 2022-9M-17 17:3m:18] 76561198017844134: ESP index=0 target=ExpansionWall6x3:020890 position=<6530.694824, 389.125183, 5569.991699> action=delete
[COT 2022-9M-17 17:3m:18] 76561198017844134: ESP action=delete_all count=1 attempted=1
[COT 2022-9M-17 17:4m:57] 76561198017844134: Spawned Entity Floor Kit (ExpansionFloorKit<4528aac0>, -1, 100) at <6530.217285, 389.125336, 5572.756348>
[COT 2022-9M-17 17:5m:0s] 76561198017844134: Spawned Entity Wall Kit (ExpansionWallKit<4528b4d0>, -1, 100) at <6530.217285, 389.125336, 5572.756348>
[COT 2022-9M-17 17:5m:2s] 76561198017844134: Spawned Entity Stair Kit (ExpansionStairKit<4528dd10>, -1, 100) at <6530.217285, 389.125336, 5572.756348>
[COT 2022-9M-17 17:10:28] 76561198017844134: ESP: Clearing ESP
[COT 2022-9M-17 17:10:29] 76561198017844134: ESP: Viewing ESP
[COT 2022-9M-17 17:10:35] 76561198017844134: ESP target=ExpansionStairBase<991075b0> action=built part=wood_base required_materials=false
[COT 2022-9M-17 17:11:16] 76561198017844134: ESP target=ExpansionStairBase<991075b0> action=dismantle part=wood_handrailing
[COT 2022-9M-17 17:20:32] 76561198017844134: ESP: Clearing ESP
[COT 2022-9M-17 17:20:32] 76561198017844134: ESP: Viewing ESP
[COT 2022-9M-17 17:21:2s] 76561198017844134: ESP index=0 target=ExpansionWall6x3:019650 position=<6531.473633, 391.877930, 5563.962402> action=delete
[COT 2022-9M-17 17:21:2s] 76561198017844134: ESP index=1 target=ExpansionWall6x3:019169 position=<6528.176758, 388.875641, 5566.517578> action=delete
[COT 2022-9M-17 17:21:2s] 76561198017844134: ESP index=2 target=ExpansionStairS1_5x3x3:012503 position=<6531.141113, 388.877930, 5566.617676> action=delete
[COT 2022-9M-17 17:21:2s] 76561198017844134: ESP index=3 target=ExpansionWall6x3:04903 position=<6531.420898, 394.880676, 5564.011230> action=delete
[COT 2022-9M-17 17:21:2s] 76561198017844134: ESP index=4 target=ExpansionWall6x3:022061 position=<6528.071777, 394.881134, 5566.615723> action=delete
[COT 2022-9M-17 17:21:2s] 76561198017844134: ESP index=5 target=ExpansionWall6x3:05129 position=<6530.710938, 395.130676, 5569.838867> action=delete
[COT 2022-9M-17 17:21:2s] 76561198017844134: ESP index=6 target=ExpansionFloor6x6:05049 position=<6531.153809, 388.875183, 5566.890137> action=delete
[COT 2022-9M-17 17:21:2s] 76561198017844134: ESP index=7 target=ExpansionWall6x3:04863 position=<6528.124023, 391.878387, 5566.566406> action=delete
[COT 2022-9M-17 17:21:2s] 76561198017844134: ESP index=8 target=ExpansionWall6x3:017175 position=<6534.078125, 391.878387, 5567.311523> action=delete
[COT 2022-9M-17 17:21:2s] 76561198017844134: ESP index=9 target=ExpansionWall6x3:015981 position=<6534.130859, 388.875641, 5567.262695> action=delete
[COT 2022-9M-17 17:21:2s] 76561198017844134: ESP index=10 target=ExpansionFloor6x6:011647 position=<6530.996094, 397.883423, 5567.036621> action=delete
[COT 2022-9M-17 17:21:2s] 76561198017844134: ESP index=11 target=ExpansionFloor6x6:012283 position=<6531.101074, 391.877930, 5566.938965> action=delete
[COT 2022-9M-17 17:21:2s] 76561198017844134: ESP index=12 target=ExpansionWall6x3:08957 position=<6534.025879, 394.881134, 5567.359863> action=delete
[COT 2022-9M-17 17:21:2s] 76561198017844134: ESP index=13 target=ExpansionFloor6x6:016582 position=<6531.048828, 394.880676, 5566.987793> action=delete
[COT 2022-9M-17 17:21:2s] 76561198017844134: ESP index=14 target=ExpansionStairS1_5x3x3:04930 position=<6531.088867, 391.880676, 5566.666504> action=delete
[COT 2022-9M-17 17:21:2s] 76561198017844134: ESP index=15 target=ExpansionWall6x3:023512 position=<6531.526367, 388.875183, 5563.913574> action=delete
[COT 2022-9M-17 17:21:2s] 76561198017844134: ESP action=delete_all count=16 attempted=16
[COT 2022-9M-17 17:21:15] 76561198017844134: ESP: Clearing ESP
[COT 2022-9M-17 17:21:16] 76561198017844134: ESP: Viewing ESP
[COT 2022-9M-17 17:21:20] 76561198017844134: ESP index=0 target=ExpansionFloorKit:015033 position=<6530.993652, 389.198242, 5567.041992> action=delete
[COT 2022-9M-17 17:21:20] 76561198017844134: ESP action=delete_all count=1 attempted=1
[COT 2022-9M-17 17:24:27] 76561198017844134: Teleported to position <7858.964355, 4.265783, 2774.770996>
[COT 2022-9M-17 17:24:42] 76561198017844134: Entered the Free Camera
[COT 2022-9M-17 17:24:47] 76561198017844134: ESP: Clearing ESP
[COT 2022-9M-17 17:24:56] 76561198017844134: ESP: Viewing ESP
[COT 2022-9M-17 17:27:22] 76561198017844134: Left the Free Camera
[COT 2022-9M-17 17:29:4s] 76561198017844134: ESP: Clearing ESP
[COT 2022-9M-17 17:31:31] 76561198017844134: Teleported to position <6313.422852, 300.757385, 7648.866699>
[COT 2022-9M-17 17:32:56] 76561198017844134: ESP: Viewing ESP
[COT 2022-9M-17 17:32:56] 76561198017844134: ESP: Clearing ESP
[COT 2022-9M-17 17:32:58] 76561198017844134: ESP: Viewing ESP
[COT 2022-9M-17 17:33:4s] 76561198017844134: ESP: Clearing ESP
[COT 2022-9M-17 17:33:4s] 76561198017844134: ESP: Viewing ESP
[COT 2022-9M-17 17:35:3s] 76561198017844134: ESP: Clearing ESP
[COT 2022-9M-17 17:38:4s] 76561198017844134: Entered the Free Camera
[COT 2022-9M-17 17:38:4s] 76561198017844134: Left the Free Camera
[COT 2022-9M-17 17:38:8s] 76561198017844134: Entered the Free Camera
[COT 2022-9M-17 17:38:9s] 76561198017844134: Left the Free Camera
[COT 2022-9M-17 17:38:16] 76561198017844134: Entered the Free Camera
[COT 2022-9M-17 17:39:20] 76561198017844134: Left the Free Camera
[COT 2022-9M-17 17:39:44] 76561198017844134: Entered the Free Camera
[COT 2022-9M-17 17:39:45] 76561198017844134: Left the Free Camera
[COT 2022-9M-17 17:39:51] 76561198017844134: ESP: Viewing ESP
[COT 2022-9M-17 17:45:18] 76561198017844134: ESP: Clearing ESP
[COT 2022-9M-17 17:48:3s] 76561198015557715: Spawned Entity Razor AMG UH-1 (TTC_Razor<919fa380>, -1, 30) at <6528.829590, 383.877472, 8619.404297>
[COT 2022-9M-17 17:51:57] 76561198015557715: Spawned Entity Standardized Suppressor (M4_Suppressor<3c00a490>, -1, 4) at <6528.829590, 383.877502, 8619.404297>
[COT 2022-9M-17 18:0m:21] 76561198015557715: Spawned Entity Deagle (Deagle<7274fba0>, -1, 220) at <6527.014648, 383.407776, 8619.394531>
[COT 2022-9M-17 18:0m:23] 76561198015557715: Spawned Entity Desert Eagle .50 AE (TTC_Deagle_Base<72750730>, -1, 250) at <6527.014648, 383.407776, 8619.394531>
[COT 2022-9M-17 18:2m:46] 76561198015557715: Spawned Entity Beretta M9 (CZ75_Base<86594070>, -1, 200) at <6527.014648, 383.407898, 8619.394531>
[COT 2022-9M-17 18:2m:48] 76561198015557715: Spawned Entity M9 (Expansion_M9<8659e250>, -1, 150) at <6527.014648, 383.407898, 8619.394531>
[COT 2022-9M-17 18:3m:59] 76561198015557715: Spawned Entity Beretta M9 Custom (CZ75_Base<865a0500>, -1, 200) at <6527.014648, 383.407501, 8619.394531>
[COT 2022-9M-17 18:5m:11] 76561198015557715: Spawned Entity Sig P320 (FNX45_Base<8659cb30>, -1, 200) at <6527.014648, 383.407501, 8619.394531>
[COT 2022-9M-17 18:5m:35] 76561198015557715: ESP: Viewing ESP
[COT 2022-9M-17 18:5m:38] 76561198015557715: ESP index=0 target=TTC_P320:025835 position=<6527.014648, 383.424561, 8619.394531> action=delete
[COT 2022-9M-17 18:5m:38] 76561198015557715: ESP action=delete_all count=1 attempted=1
[COT 2022-9M-17 18:5m:40] 76561198015557715: ESP index=0 target=TTC_M9_Custom:019302 position=<6527.014648, 383.424225, 8619.394531> action=delete
[COT 2022-9M-17 18:5m:40] 76561198015557715: ESP action=delete_all count=1 attempted=1
[COT 2022-9M-17 18:5m:41] 76561198015557715: ESP index=0 target=Expansion_M9:020389 position=<6527.014648, 383.435791, 8619.394531> action=delete
[COT 2022-9M-17 18:5m:41] 76561198015557715: ESP action=delete_all count=1 attempted=1
[COT 2022-9M-17 18:22:22] 76561198015557715: Spawned Entity MP7A1 PDW (TTC_MP7A1_Base<7274fba0>, -1, 450) at <6526.741211, 383.354767, 8620.187500>
[COT 2022-9M-17 18:22:26] 76561198015557715: Spawned Entity MP7 (CZ61_Base<72750730>, -1, 175) at <6526.741211, 383.354767, 8620.187500>
[COT 2022-9M-17 18:23:24] 76561198015557715: Spawned Entity Ammo HK 4.6×30mm (TTC_Ammo_4630<8353b070>, 1, 100) at <6526.741211, 383.354248, 8620.187500>
[COT 2022-9M-17 18:24:43] 76561198015557715: Spawned Entity 40Rnd MP7 Magazine (Mag_Expansion_MP7_40Rnd<7e8973e0>, 1, 100) at <6526.741211, 383.354248, 8620.187500>
[COT 2022-9M-17 18:24:44] 76561198015557715: Spawned Entity MP7A1 PDW Magazine (TTC_MP7A1_Mag_40rnd<7e87ed10>, 1, 100) at <6526.741211, 383.354248, 8620.187500>
[COT 2022-9M-17 18:29:34] 76561198015557715: Spawned Entity MP5SD (TTC_MP5SD_Base<45840ed0>, -1, 450) at <6526.741211, 383.354248, 8620.187500>
[COT 2022-9M-17 18:29:55] 76561198015557715: Spawned Entity 30rd SG5-K Mag (Mag_MP5_30Rnd<9b8c6d30>, 1, 100) at <6526.741211, 383.354095, 8620.187500>
[COT 2022-9M-17 18:31:27] 76561198015557715: Spawned Entity MP5A2 (Expansion_MP5<925e93e0>, -1, 125) at <6526.741211, 383.354095, 8620.187500>
[COT 2022-9M-17 18:31:35] 76561198015557715: Spawned Entity SG5-K (MP5K_Base<45852360>, -1, 200) at <6526.741211, 383.354095, 8620.187500>
[COT 2022-9M-17 18:35:12] 76561198015557715: Spawned Entity Vityaz-SN PP19-01 (Expansion_Vityaz_Base<4586f400>, -1, 200) at <6526.741211, 383.355255, 8620.187500>
[COT 2022-9M-17 18:35:25] 76561198015557715: ESP: Viewing ESP
[COT 2022-9M-17 18:35:28] 76561198015557715: ESP index=0 target=TTC_M9:011818 position=<6526.741211, 383.348755, 8620.187500> action=delete
[COT 2022-9M-17 18:35:28] 76561198015557715: ESP action=delete_all count=1 attempted=1
[COT 2022-9M-17 18:35:32] 76561198015557715: ESP: Clearing ESP
[COT 2022-9M-17 18:35:32] 76561198015557715: ESP: Viewing ESP
[COT 2022-9M-17 18:35:34] 76561198015557715: ESP index=0 target=Expansion_VityazSN:012891 position=<6526.741211, 383.383118, 8620.187500> action=delete
[COT 2022-9M-17 18:35:34] 76561198015557715: ESP action=delete_all count=1 attempted=1
[COT 2022-9M-17 18:35:37] 76561198015557715: ESP index=0 target=MP5K:022516 position=<6526.741211, 383.347321, 8620.187500> action=delete
[COT 2022-9M-17 18:35:37] 76561198015557715: ESP index=1 target=Expansion_MP7:023250 position=<6526.741211, 383.378448, 8620.187500> action=delete
[COT 2022-9M-17 18:35:37] 76561198015557715: ESP action=delete_all count=2 attempted=2
[COT 2022-9M-17 18:35:40] 76561198015557715: ESP index=0 target=TTC_MP5SD:06383 position=<6526.741211, 383.347321, 8620.187500> action=delete
[COT 2022-9M-17 18:35:40] 76561198015557715: ESP index=1 target=TTC_MP7A1:027201 position=<6526.741211, 383.378265, 8620.187500> action=delete
[COT 2022-9M-17 18:35:40] 76561198015557715: ESP action=delete_all count=2 attempted=2
[COT 2022-9M-17 18:39:24] 76561198015557715: Spawned Entity PP-91 Kedr (TTC_PP91_Base<7dcd39f0>, -1, 350) at <6526.792480, 383.371704, 8620.364258>
[COT 2022-9M-17 18:40:15] 76561198015557715: Spawned Entity PP-91 KEDR (Expansion_Kedr_Base<7dcc01c0>, -1, 100) at <6526.792480, 383.371704, 8620.364258>
[COT 2022-9M-17 18:45:17] 76561198015557715: Healed [guid=F6ba8Lb5rTfk7SPTvehszX71D171DjV-B9kT6vj9WHY=]
[COT 2022-9M-17 18:47:41] 76561198015557715: Spawned Entity Pioneer (Scout_Base<5eba7090>, -1, 250) at <6526.792480, 383.371704, 8620.364258>
[COT 2022-9M-17 18:47:59] 76561198015557715: Spawned Entity AWM (TTC_AWM_Base<5ebba8c0>, -1, 450) at <6526.792480, 383.371704, 8620.364258>
[COT 2022-9M-17 18:48:2s] 76561198015557715: Spawned Entity AWM (Expansion_AWM<5ebb4c40>, -1, 200) at <6526.792480, 383.371704, 8620.364258>
[COT 2022-9M-17 18:55:14] 76561198015557715: Spawned Entity Karabiner 98k (k98_Base<89a6a2c0>, -1, 300) at <6526.792480, 383.371704, 8620.364258>
[COT 2022-9M-17 18:55:15] 76561198015557715: Spawned Entity Karabiner 98K (Expansion_Kar98_Base<89a7a130>, -1, 100) at <6526.792480, 383.371704, 8620.364258>
[COT 2022-9M-17 18:57:3s] 76561198015557715: Spawned Entity 7.92x57mm Mauser Rounds (Ammunition_Base<67aedb10>, 1, 100) at <6526.792480, 383.371704, 8620.364258>
[COT 2022-9M-17 19:7m:17] 76561198015557715: Spawned Entity $UNT$200Rnd M249 box (Mag_M249_Box200Rnd<88b4cc80>, 1, 100) at <6526.792480, 383.372467, 8620.364258>
[COT 2022-9M-17 19:7m:51] 76561198015557715: Spawned Entity M24A3 (TTC_M24_Base<51ffd330>, -1, 300) at <6526.792480, 383.372467, 8620.364258>
[COT 2022-9M-17 19:7m:53] 76561198015557715: Spawned Entity M24A3 (TTC_M24_Base<52008c30>, -1, 300) at <6526.792480, 383.372467, 8620.364258>
[COT 2022-9M-17 19:35:27] 76561198015557715: ESP: Clearing ESP
[COT 2022-9M-17 19:35:27] 76561198015557715: ESP: Viewing ESP
[COT 2022-9M-17 19:35:29] 76561198015557715: ESP index=0 target=TTC_M24_NEW_Black:09835 position=<6526.792480, 383.392822, 8620.364258> action=delete
[COT 2022-9M-17 19:35:29] 76561198015557715: ESP index=1 target=TTC_kar98k:08822 position=<6526.792480, 383.376434, 8620.364258> action=delete
[COT 2022-9M-17 19:35:29] 76561198015557715: ESP action=delete_all count=2 attempted=2
[COT 2022-9M-17 19:35:32] 76561198015557715: ESP index=0 target=TTC_M24:08382 position=<6526.792480, 383.391083, 8620.364258> action=delete
[COT 2022-9M-17 19:35:32] 76561198015557715: ESP index=1 target=TTC_AWM:021686 position=<6526.792480, 383.368134, 8620.364258> action=delete
[COT 2022-9M-17 19:35:32] 76561198015557715: ESP action=delete_all count=2 attempted=2
[COT 2022-9M-17 19:35:34] 76561198015557715: ESP index=0 target=Expansion_MP5:011626 position=<6526.792480, 383.378967, 8620.364258> action=delete
[COT 2022-9M-17 19:35:34] 76561198015557715: ESP index=1 target=Expansion_AWM:019337 position=<6526.792480, 383.369263, 8620.364258> action=delete
[COT 2022-9M-17 19:35:34] 76561198015557715: ESP action=delete_all count=2 attempted=2
[COT 2022-9M-17 19:35:36] 76561198015557715: ESP index=0 target=Scout:022045 position=<6526.792480, 383.392334, 8620.364258> action=delete
[COT 2022-9M-17 19:35:36] 76561198015557715: ESP action=delete_all count=1 attempted=1
[COT 2022-9M-17 19:35:38] 76561198015557715: ESP index=0 target=Expansion_Kedr:019918 position=<6526.792480, 383.387817, 8620.364258> action=delete
[COT 2022-9M-17 19:35:38] 76561198015557715: ESP action=delete_all count=1 attempted=1
[COT 2022-9M-17 19:35:39] 76561198015557715: ESP index=0 target=TTC_PP91:020822 position=<6526.792480, 383.387665, 8620.364258> action=delete
[COT 2022-9M-17 19:35:39] 76561198015557715: ESP action=delete_all count=1 attempted=1
[COT 2022-9M-17 19:35:46] 76561198015557715: ESP: Clearing ESP
[COT 2022-9M-17 19:35:47] 76561198015557715: ESP: Viewing ESP
[COT 2022-9M-17 19:35:48] 76561198015557715: ESP: Clearing ESP
[COT 2022-9M-17 19:35:49] 76561198015557715: ESP: Viewing ESP
[COT 2022-9M-17 19:35:53] 76561198015557715: ESP: Clearing ESP
[COT 2022-9M-17 19:35:53] 76561198015557715: ESP: Viewing ESP
[COT 2022-9M-17 19:35:56] 76561198015557715: ESP: Clearing ESP
[COT 2022-9M-17 19:36:0s] 76561198015557715: ESP: Viewing ESP
[COT 2022-9M-17 19:36:2s] 76561198015557715: ESP index=0 target=Mag_M249_Box200Rnd:07527 position=<6526.792480, 383.441193, 8620.364258> action=delete
[COT 2022-9M-17 19:36:2s] 76561198015557715: ESP index=1 target=TTC_MP7A1_Mag_40rnd:014233 position=<6526.741211, 383.367676, 8620.187500> action=delete
[COT 2022-9M-17 19:36:2s] 76561198015557715: ESP action=delete_all count=2 attempted=2
