[COT 2022-10-25 6h:46:0s] 76561198017844134: Teleported to position <10206.662109, 133.349960, 10488.858398>
[COT 2022-10-25 6h:46:0s] 76561198017844134: Teleported to position <10206.662109, 133.349960, 10488.858398>
[COT 2022-10-25 6h:46:5s] 76561198017844134: Entered the Free Camera
[COT 2022-10-25 6h:47:13] 76561198017844134: Spawned Entity  (ExplosionTest<3de62590>, -1, 0) at <10023.366211, 152.529007, 10346.919922>
[COT 2022-10-25 6h:47:13] 76561198017844134: Spawned Entity  (ExplosionTest<3de66a10>, -1, 0) at <10023.366211, 152.528351, 10346.919922>
[COT 2022-10-25 6h:47:13] 76561198017844134: Spawned Entity  (ExplosionTest<3de672a0>, -1, 0) at <10023.366211, 152.528351, 10346.919922>
[COT 2022-10-25 6h:47:13] 76561198017844134: Spawned Entity  (ExplosionTest<3de61470>, -1, 0) at <10023.366211, 152.528351, 10346.919922>
[COT 2022-10-25 6h:47:13] 76561198017844134: Spawned Entity  (ExplosionTest<3de6ea80>, -1, 0) at <10023.366211, 152.528351, 10346.919922>
[COT 2022-10-25 6h:47:14] 76561198017844134: Spawned Entity  (ExplosionTest<3de69d70>, -1, 0) at <10023.366211, 152.528351, 10346.919922>
[COT 2022-10-25 6h:47:14] 76561198017844134: Spawned Entity  (ExplosionTest<3de6a600>, -1, 0) at <10023.366211, 152.528351, 10346.919922>
[COT 2022-10-25 6h:47:14] 76561198017844134: Spawned Entity  (ExplosionTest<3de6ae90>, -1, 0) at <10023.366211, 152.528351, 10346.919922>
[COT 2022-10-25 6h:47:14] 76561198017844134: Spawned Entity  (ExplosionTest<3de78d30>, -1, 0) at <10023.366211, 152.528351, 10346.919922>
[COT 2022-10-25 6h:47:14] 76561198017844134: Spawned Entity  (ExplosionTest<3de76260>, -1, 0) at <10023.366211, 152.528351, 10346.919922>
[COT 2022-10-25 6h:47:14] 76561198017844134: Spawned Entity  (ExplosionTest<3de79e50>, -1, 0) at <10023.366211, 152.528351, 10346.919922>
[COT 2022-10-25 6h:47:14] 76561198017844134: Spawned Entity  (ExplosionTest<3de77380>, -1, 0) at <10023.366211, 152.528351, 10346.919922>
[COT 2022-10-25 6h:47:15] 76561198017844134: Spawned Entity  (ExplosionTest<3de76af0>, -1, 0) at <10023.366211, 152.528351, 10346.919922>
[COT 2022-10-25 6h:47:15] 76561198017844134: Spawned Entity  (ExplosionTest<3de77c10>, -1, 0) at <10023.366211, 152.528351, 10346.919922>
[COT 2022-10-25 6h:47:15] 76561198017844134: Spawned Entity  (ExplosionTest<3de784a0>, -1, 0) at <10023.366211, 152.528351, 10346.919922>
[COT 2022-10-25 6h:47:15] 76561198017844134: Spawned Entity  (ExplosionTest<3de795c0>, -1, 0) at <10023.366211, 152.528351, 10346.919922>
[COT 2022-10-25 6h:47:15] 76561198017844134: Spawned Entity  (ExplosionTest<3de7a6e0>, -1, 0) at <10023.366211, 152.528351, 10346.919922>
[COT 2022-10-25 6h:47:15] 76561198017844134: Spawned Entity  (ExplosionTest<3de7af70>, -1, 0) at <10023.366211, 152.528351, 10346.919922>
[COT 2022-10-25 6h:47:16] 76561198017844134: Spawned Entity  (ExplosionTest<3de74020>, -1, 0) at <10023.366211, 152.528351, 10346.919922>
[COT 2022-10-25 6h:47:16] 76561198017844134: Spawned Entity  (ExplosionTest<3de7b800>, -1, 0) at <10023.366211, 152.528351, 10346.919922>
[COT 2022-10-25 6h:47:18] 76561198017844134: Spawned Entity  (ExplosionTest<3de748b0>, -1, 0) at <10023.366211, 152.528351, 10346.919922>
[COT 2022-10-25 6h:48:4s] 76561198017844134: Left the Free Camera
[COT 2022-10-25 6h:49:12] 76561198017844134: Set UnlimitedAmmo To true [guid=uQpbWOSqDfBH1eKt-Cxb6rOdSfp5cDaw7YoLwsAmzNU=]
[COT 2022-10-25 6h:49:14] 76561198017844134: Set GodMode To true [guid=uQpbWOSqDfBH1eKt-Cxb6rOdSfp5cDaw7YoLwsAmzNU=]
[COT 2022-10-25 6h:49:44] 76561198017844134: Spawned Entity Raptr-12 (TTC_Raptr_Base<902aea20>, -1, 450) at <10023.947266, 152.071350, 10384.051758>
[COT 2022-10-25 6h:49:52] 76561198017844134: Spawned Entity Raptr-12 Magazine (TTC_Raptr_Drum_45rnd<3512bfc0>, 1, 100) at <10023.947266, 152.071350, 10384.051758>
[COT 2022-10-25 6h:57:44] 76561198017844134: Deleted Entity TTC_Raptr:019208 at <9993.614258, 160.235489, 10277.182617>
[COT 2022-10-25 6h:57:56] 76561198017844134: Spawned Entity Raptr-12 Magazine (TTC_Raptr_Drum_45rnd<40e817e0>, 1, 100) at <9993.258789, 160.230164, 10277.610352>
[COT 2022-10-25 6h:57:58] 76561198017844134: Spawned Entity Raptr-12 (TTC_Raptr_Base<859c8cb0>, -1, 450) at <9993.258789, 160.230164, 10277.610352>
[COT 2022-10-25 7h:0m:58] 76561198017844134: Deleted Entity TTC_Raptr:025194 at <10010.864258, 157.204544, 10304.621094>
[COT 2022-10-25 7h:1m:11] 76561198017844134: Teleported to position <13249.689453, 3.553256, 10114.249023>
[COT 2022-10-25 7h:1m:31] 76561198017844134: Spawned Entity  (Bonfire<39720c10>, -1, 0) at <13222.818359, 5.997358, 10115.818359>
[COT 2022-10-25 7h:2m:25] 76561198017844134: Set GodMode To false [guid=uQpbWOSqDfBH1eKt-Cxb6rOdSfp5cDaw7YoLwsAmzNU=]
[COT 2022-10-25 7h:2m:25] 76561198017844134: Set UnlimitedAmmo To false [guid=uQpbWOSqDfBH1eKt-Cxb6rOdSfp5cDaw7YoLwsAmzNU=]
[COT 2022-10-25 7h:2m:58] 76561198017844134: Set Energy To 3000 [guid=uQpbWOSqDfBH1eKt-Cxb6rOdSfp5cDaw7YoLwsAmzNU=]
[COT 2022-10-25 7h:2m:58] 76561198017844134: Set Water To 3000 [guid=uQpbWOSqDfBH1eKt-Cxb6rOdSfp5cDaw7YoLwsAmzNU=]
[COT 2022-10-25 7h:3m:9s] 76561198017844134: Deleted Entity Bonfire:013506 at <13222.818359, 5.997358, 10115.818359>
[COT 2022-10-25 7h:4m:44] 76561198017844134: Teleported to position <8156.770020, 248.103867, 11016.470703>
[COT 2022-10-25 7h:4m:44] 76561198017844134: Teleported to position <8153.986816, 248.022217, 11016.470703>
[COT 2022-10-25 7h:4m:45] 76561198017844134: Teleported to position <8153.986816, 248.022217, 11016.470703>
[COT 2022-10-25 7h:4m:45] 76561198017844134: Teleported to position <8153.986816, 248.022217, 11016.470703>
[COT 2022-10-25 7h:4m:45] 76561198017844134: Teleported to position <8153.986816, 248.022217, 11016.470703>
[COT 2022-10-25 7h:4m:45] 76561198017844134: Teleported to position <8153.986816, 248.022217, 11016.470703>
[COT 2022-10-25 7h:5m:35] 76561198017844134: Deleted Entity Msp_MilitaryCrate_Grey:017529 at <8169.062500, 249.529221, 11011.844727>
[COT 2022-10-25 7h:5m:38] 76561198017844134: Deleted Entity Land_Village_Pub:-21471088641142809456 at <8167.515137, 252.255829, 11006.601563>
[COT 2022-10-25 7h:5m:43] 76561198017844134: Deleted Entity Msp_FourDoor_MilitaryLocker_Green:017511 at <8167.251465, 248.762009, 11014.823242>
[COT 2022-10-25 7h:6m:7s] 76561198017844134: ESP: Viewing ESP
[COT 2022-10-25 7h:6m:35] 76561198017844134: ESP index=0 target=ExpansionBarbedWire:017993 position=<8174.402832, 251.758270, 11006.823242> action=delete
[COT 2022-10-25 7h:6m:35] 76561198017844134: ESP index=1 target=ExpansionWall6x3:017832 position=<8170.417480, 248.760468, 11008.723633> action=delete
[COT 2022-10-25 7h:6m:35] 76561198017844134: ESP index=2 target=ExpansionWall6x3:017775 position=<8166.908691, 248.381287, 11002.277344> action=delete
[COT 2022-10-25 7h:6m:35] 76561198017844134: ESP index=3 target=ExpansionWall6x3:017707 position=<8170.731445, 248.758743, 11006.448242> action=delete
[COT 2022-10-25 7h:6m:35] 76561198017844134: ESP index=4 target=WoodenCrate:017498 position=<8171.988281, 251.971695, 11011.408203> action=delete
[COT 2022-10-25 7h:6m:35] 76561198017844134: ESP index=5 target=WoodenCrate:017272 position=<8171.831055, 251.971771, 11011.161133> action=delete
[COT 2022-10-25 7h:6m:35] 76561198017844134: ESP index=6 target=ExpansionWall6x3:016695 position=<8174.041504, 248.758743, 11011.453125> action=delete
[COT 2022-10-25 7h:6m:35] 76561198017844134: ESP index=7 target=ExpansionWall6x3:017263 position=<8174.888672, 248.758270, 11007.295898> action=delete
[COT 2022-10-25 7h:6m:35] 76561198017844134: ESP index=8 target=ExpansionWall6x3:017116 position=<8169.549805, 251.499115, 11010.625977> action=delete
[COT 2022-10-25 7h:6m:35] 76561198017844134: ESP index=9 target=ExpansionWall6x3:017021 position=<8164.026855, 248.763580, 11004.718750> action=delete
[COT 2022-10-25 7h:6m:35] 76561198017844134: ESP index=10 target=Msp_SoloLocker_Black:016674 position=<8168.664551, 251.499542, 11014.663086> action=delete
[COT 2022-10-25 7h:6m:35] 76561198017844134: ESP action=delete_all count=11 attempted=11
[COT 2022-10-25 7h:6m:55] 76561198017844134: Deleted Entity Expansion_Landrover:06640 at <8178.773926, 248.381638, 11004.573242>
[COT 2022-10-25 7h:7m:33] 76561198017844134: Deleted Entity Expansion_Landrover:014221 at <8178.752930, 248.666718, 11004.634766>
[COT 2022-10-25 7h:8m:24] 76561198017844134: Deleted Entity Expansion_Landrover:018239 at <8178.752930, 248.666718, 11004.634766>
[COT 2022-10-25 7h:8m:50] 76561198017844134: Teleported to position <2589.257324, 21.624304, 1312.683105>
[COT 2022-10-25 7h:8m:50] 76561198017844134: Teleported to position <2589.257324, 21.624304, 1312.683105>
