13:53:31 [SpawnSelection] Player "Gladiator" (id=2f2EzOlgeHPaK9xNXxBDWWPE0ljPQPbKV3WyNh1HiZA=) spawned at <10858.413086, 3.911721, 2328.290283>
14:07:47 [SpawnSelection] Player "42cobra" (id=7jlJa0YJ0ppxWuiq1t34ec-CitMl82Ky24_qx8QK7Rs=) spawned at <11099.068359, 3.297676, 2735.562500>
15:04:03 [Party] Player "Carl_Boy" (id=Pn6CfAhvSY5w6bS0fk-7grompdBoaerHdrEY3n-jH_Y=) joinded the party "Butter Bandits" (id=4 ownerUID=CXNoZssMMnHeLp8-i9e5YKZJ7IMoen6FD2zQPAHCLUU= ownerName=ButterNutterTheBearFucker)
15:04:54 [SpawnSelection] Player "Carl_Boy" (id=Pn6CfAhvSY5w6bS0fk-7grompdBoaerHdrEY3n-jH_Y=) spawned at <4543.990723, 2.901639, 2198.166260>
15:13:43 [Safezone] Player "42cobra" (id=7jlJa0YJ0ppxWuiq1t34ec-CitMl82Ky24_qx8QK7Rs= pos=<7250.056641, 256.804504, 6847.186035>) Entered the safezone
15:13:44 [Safezone] Player "Gladiator" (id=2f2EzOlgeHPaK9xNXxBDWWPE0ljPQPbKV3WyNh1HiZA= pos=<7250.104004, 256.823578, 6847.243164>) Entered the safezone
15:15:52 [Market] Player "Gladiator" (id=2f2EzOlgeHPaK9xNXxBDWWPE0ljPQPbKV3WyNh1HiZA=) has send a requested to sell cz61 x1 at the trader "Weapons (Seth [Weapons])" in market zone "Outpost 42" (pos=<7196.500000, 252.990005, 6976.500000>).
15:15:52 [Market] Player "Gladiator" (id=2f2EzOlgeHPaK9xNXxBDWWPE0ljPQPbKV3WyNh1HiZA=) has sold cz61 x1 at the trader "Weapons (Seth [Weapons])" in market zone "Outpost 42" (pos=<7196.500000, 252.990005, 6976.500000>) and got 475.
15:16:53 [Market] Player "42cobra" (id=7jlJa0YJ0ppxWuiq1t34ec-CitMl82Ky24_qx8QK7Rs=) has send a requested to sell deagle x1 at the trader "Weapons (Seth [Weapons])" in market zone "Outpost 42" (pos=<7196.500000, 252.990005, 6976.500000>).
15:16:53 [Market] Player "42cobra" (id=7jlJa0YJ0ppxWuiq1t34ec-CitMl82Ky24_qx8QK7Rs=) has sold deagle x1 at the trader "Weapons (Seth [Weapons])" in market zone "Outpost 42" (pos=<7196.500000, 252.990005, 6976.500000>) and got 1125.
15:17:00 [Market] Player "Gladiator" (id=2f2EzOlgeHPaK9xNXxBDWWPE0ljPQPbKV3WyNh1HiZA=) has send a requested to sell glock19 x1 at the trader "Weapons (Seth [Weapons])" in market zone "Outpost 42" (pos=<7196.500000, 252.990005, 6976.500000>).
15:17:00 [Market] Player "Gladiator" (id=2f2EzOlgeHPaK9xNXxBDWWPE0ljPQPbKV3WyNh1HiZA=) has sold glock19 x1 at the trader "Weapons (Seth [Weapons])" in market zone "Outpost 42" (pos=<7196.500000, 252.990005, 6976.500000>) and got 250.
15:17:17 [Market] Player "42cobra" (id=7jlJa0YJ0ppxWuiq1t34ec-CitMl82Ky24_qx8QK7Rs=) has send a requested to sell glock19 x1 at the trader "Weapons (Seth [Weapons])" in market zone "Outpost 42" (pos=<7196.500000, 252.990005, 6976.500000>).
15:17:17 [Market] Player "42cobra" (id=7jlJa0YJ0ppxWuiq1t34ec-CitMl82Ky24_qx8QK7Rs=) has sold glock19 x1 at the trader "Weapons (Seth [Weapons])" in market zone "Outpost 42" (pos=<7196.500000, 252.990005, 6976.500000>) and got 62.
15:17:32 [Market] Player "Gladiator" (id=2f2EzOlgeHPaK9xNXxBDWWPE0ljPQPbKV3WyNh1HiZA=) has send a requested to sell magnum x1 at the trader "Weapons (Seth [Weapons])" in market zone "Outpost 42" (pos=<7196.500000, 252.990005, 6976.500000>).
15:17:32 [Market] Player "Gladiator" (id=2f2EzOlgeHPaK9xNXxBDWWPE0ljPQPbKV3WyNh1HiZA=) has sold magnum x1 at the trader "Weapons (Seth [Weapons])" in market zone "Outpost 42" (pos=<7196.500000, 252.990005, 6976.500000>) and got 1000.
15:17:40 [Market] Player "42cobra" (id=7jlJa0YJ0ppxWuiq1t34ec-CitMl82Ky24_qx8QK7Rs=) has send a requested to sell ump45 x1 at the trader "Weapons (Seth [Weapons])" in market zone "Outpost 42" (pos=<7196.500000, 252.990005, 6976.500000>).
15:17:40 [Market] Player "42cobra" (id=7jlJa0YJ0ppxWuiq1t34ec-CitMl82Ky24_qx8QK7Rs=) has sold ump45 x1 at the trader "Weapons (Seth [Weapons])" in market zone "Outpost 42" (pos=<7196.500000, 252.990005, 6976.500000>) and got 393.
15:18:01 [Market] Player "Gladiator" (id=2f2EzOlgeHPaK9xNXxBDWWPE0ljPQPbKV3WyNh1HiZA=) has send a requested to sell mag_ij70_8rnd x1 at the trader "Ammo_Attachments (Taiki [Ammo & Attachments])" in market zone "Outpost 42" (pos=<7196.500000, 252.990005, 6976.500000>).
15:18:02 [Market] Player "Gladiator" (id=2f2EzOlgeHPaK9xNXxBDWWPE0ljPQPbKV3WyNh1HiZA=) has sold mag_ij70_8rnd x1 at the trader "Ammo_Attachments (Taiki [Ammo & Attachments])" in market zone "Outpost 42" (pos=<7196.500000, 252.990005, 6976.500000>) and got 17.
15:18:06 [Market] Player "Gladiator" (id=2f2EzOlgeHPaK9xNXxBDWWPE0ljPQPbKV3WyNh1HiZA=) has send a requested to sell mag_cz61_20rnd x1 at the trader "Ammo_Attachments (Taiki [Ammo & Attachments])" in market zone "Outpost 42" (pos=<7196.500000, 252.990005, 6976.500000>).
15:18:06 [Market] Player "Gladiator" (id=2f2EzOlgeHPaK9xNXxBDWWPE0ljPQPbKV3WyNh1HiZA=) has sold mag_cz61_20rnd x1 at the trader "Ammo_Attachments (Taiki [Ammo & Attachments])" in market zone "Outpost 42" (pos=<7196.500000, 252.990005, 6976.500000>) and got 50.
15:18:10 [Market] Player "Gladiator" (id=2f2EzOlgeHPaK9xNXxBDWWPE0ljPQPbKV3WyNh1HiZA=) has send a requested to sell mag_ssg82_5rnd x1 at the trader "Ammo_Attachments (Taiki [Ammo & Attachments])" in market zone "Outpost 42" (pos=<7196.500000, 252.990005, 6976.500000>).
15:18:10 [Market] Player "Gladiator" (id=2f2EzOlgeHPaK9xNXxBDWWPE0ljPQPbKV3WyNh1HiZA=) has sold mag_ssg82_5rnd x1 at the trader "Ammo_Attachments (Taiki [Ammo & Attachments])" in market zone "Outpost 42" (pos=<7196.500000, 252.990005, 6976.500000>) and got 128.
15:19:07 [Market] Player "42cobra" (id=7jlJa0YJ0ppxWuiq1t34ec-CitMl82Ky24_qx8QK7Rs=) has send a requested to purchase mosin9130 x1 from the trader "Weapons (Seth [Weapons])" in market zone "Outpost 42" (pos=<7196.500000, 252.990005, 6976.500000>).
15:19:07 [Market] Player "42cobra" (id=7jlJa0YJ0ppxWuiq1t34ec-CitMl82Ky24_qx8QK7Rs=) has bought mosin9130 x1 from the trader "Weapons (Seth [Weapons])" in market zone "Outpost 42" (pos=<7196.500000, 252.990005, 6976.500000>) for a price of 1000.
15:22:17 [Market] Player "Gladiator" (id=2f2EzOlgeHPaK9xNXxBDWWPE0ljPQPbKV3WyNh1HiZA=) has send a requested to purchase mosin9130 x1 from the trader "Weapons (Seth [Weapons])" in market zone "Outpost 42" (pos=<7196.500000, 252.990005, 6976.500000>).
15:22:17 [Market] Player "Gladiator" (id=2f2EzOlgeHPaK9xNXxBDWWPE0ljPQPbKV3WyNh1HiZA=) has bought mosin9130 x1 from the trader "Weapons (Seth [Weapons])" in market zone "Outpost 42" (pos=<7196.500000, 252.990005, 6976.500000>) for a price of 1000.
15:22:21 [Market] Player "Gladiator" (id=2f2EzOlgeHPaK9xNXxBDWWPE0ljPQPbKV3WyNh1HiZA=) has send a requested to sell cz527 x1 at the trader "Weapons (Seth [Weapons])" in market zone "Outpost 42" (pos=<7196.500000, 252.990005, 6976.500000>).
15:22:21 [Market] Player "Gladiator" (id=2f2EzOlgeHPaK9xNXxBDWWPE0ljPQPbKV3WyNh1HiZA=) has sold cz527 x1 at the trader "Weapons (Seth [Weapons])" in market zone "Outpost 42" (pos=<7196.500000, 252.990005, 6976.500000>) and got 375.
15:22:40 [Market] Player "Gladiator" (id=2f2EzOlgeHPaK9xNXxBDWWPE0ljPQPbKV3WyNh1HiZA=) has send a requested to purchase puscopeoptic x1 from the trader "Ammo_Attachments (Taiki [Ammo & Attachments])" in market zone "Outpost 42" (pos=<7196.500000, 252.990005, 6976.500000>).
15:22:41 [Market] Player "Gladiator" (id=2f2EzOlgeHPaK9xNXxBDWWPE0ljPQPbKV3WyNh1HiZA=) has bought puscopeoptic x1 from the trader "Ammo_Attachments (Taiki [Ammo & Attachments])" in market zone "Outpost 42" (pos=<7196.500000, 252.990005, 6976.500000>) for a price of 900.
15:23:44 [Market] Player "Gladiator" (id=2f2EzOlgeHPaK9xNXxBDWWPE0ljPQPbKV3WyNh1HiZA=) has send a requested to purchase ammobox_762x54_20rnd x1 from the trader "Ammo_Attachments (Taiki [Ammo & Attachments])" in market zone "Outpost 42" (pos=<7196.500000, 252.990005, 6976.500000>).
15:23:44 [Market] Player "Gladiator" (id=2f2EzOlgeHPaK9xNXxBDWWPE0ljPQPbKV3WyNh1HiZA=) has bought ammobox_762x54_20rnd x1 from the trader "Ammo_Attachments (Taiki [Ammo & Attachments])" in market zone "Outpost 42" (pos=<7196.500000, 252.990005, 6976.500000>) for a price of 32.
15:23:55 [Market] Player "42cobra" (id=7jlJa0YJ0ppxWuiq1t34ec-CitMl82Ky24_qx8QK7Rs=) has send a requested to purchase ammobox_762x54_20rnd x4 from the trader "Ammo_Attachments (Taiki [Ammo & Attachments])" in market zone "Outpost 42" (pos=<7196.500000, 252.990005, 6976.500000>).
15:23:55 [Market] Player "42cobra" (id=7jlJa0YJ0ppxWuiq1t34ec-CitMl82Ky24_qx8QK7Rs=) has bought ammobox_762x54_20rnd x4 from the trader "Ammo_Attachments (Taiki [Ammo & Attachments])" in market zone "Outpost 42" (pos=<7196.500000, 252.990005, 6976.500000>) for a price of 128.
15:23:55 [Market] Player "Gladiator" (id=2f2EzOlgeHPaK9xNXxBDWWPE0ljPQPbKV3WyNh1HiZA=) has send a requested to purchase ammobox_762x54_20rnd x4 from the trader "Ammo_Attachments (Taiki [Ammo & Attachments])" in market zone "Outpost 42" (pos=<7196.500000, 252.990005, 6976.500000>).
15:23:55 [Market] Player "Gladiator" (id=2f2EzOlgeHPaK9xNXxBDWWPE0ljPQPbKV3WyNh1HiZA=) has bought ammobox_762x54_20rnd x4 from the trader "Ammo_Attachments (Taiki [Ammo & Attachments])" in market zone "Outpost 42" (pos=<7196.500000, 252.990005, 6976.500000>) for a price of 128.
15:25:28 [Market] Player "42cobra" (id=7jlJa0YJ0ppxWuiq1t34ec-CitMl82Ky24_qx8QK7Rs=) has send a requested to purchase peachescan x3 from the trader "Consumables (Irena [Consumables])" in market zone "Outpost 42" (pos=<7196.500000, 252.990005, 6976.500000>).
15:25:28 [Market] Player "42cobra" (id=7jlJa0YJ0ppxWuiq1t34ec-CitMl82Ky24_qx8QK7Rs=) has bought peachescan x3 from the trader "Consumables (Irena [Consumables])" in market zone "Outpost 42" (pos=<7196.500000, 252.990005, 6976.500000>) for a price of 90.
15:25:42 [Market] Player "Gladiator" (id=2f2EzOlgeHPaK9xNXxBDWWPE0ljPQPbKV3WyNh1HiZA=) has send a requested to sell ammo_12gapellets x1 at the trader "Ammo_Attachments (Taiki [Ammo & Attachments])" in market zone "Outpost 42" (pos=<7196.500000, 252.990005, 6976.500000>).
15:25:42 [Market] Player "Gladiator" (id=2f2EzOlgeHPaK9xNXxBDWWPE0ljPQPbKV3WyNh1HiZA=) has sold ammo_12gapellets x1 at the trader "Ammo_Attachments (Taiki [Ammo & Attachments])" in market zone "Outpost 42" (pos=<7196.500000, 252.990005, 6976.500000>) and got 2.
15:25:47 [Market] Player "Gladiator" (id=2f2EzOlgeHPaK9xNXxBDWWPE0ljPQPbKV3WyNh1HiZA=) has send a requested to sell ammo_12gapellets x2 at the trader "Ammo_Attachments (Taiki [Ammo & Attachments])" in market zone "Outpost 42" (pos=<7196.500000, 252.990005, 6976.500000>).
15:25:47 [Market] Player "Gladiator" (id=2f2EzOlgeHPaK9xNXxBDWWPE0ljPQPbKV3WyNh1HiZA=) has sold ammo_12gapellets x2 at the trader "Ammo_Attachments (Taiki [Ammo & Attachments])" in market zone "Outpost 42" (pos=<7196.500000, 252.990005, 6976.500000>) and got 5.
15:25:59 [Market] Player "Gladiator" (id=2f2EzOlgeHPaK9xNXxBDWWPE0ljPQPbKV3WyNh1HiZA=) has send a requested to sell ammo_545x39 x28 at the trader "Ammo_Attachments (Taiki [Ammo & Attachments])" in market zone "Outpost 42" (pos=<7196.500000, 252.990005, 6976.500000>).
15:25:59 [Market] Player "Gladiator" (id=2f2EzOlgeHPaK9xNXxBDWWPE0ljPQPbKV3WyNh1HiZA=) has sold ammo_545x39 x28 at the trader "Ammo_Attachments (Taiki [Ammo & Attachments])" in market zone "Outpost 42" (pos=<7196.500000, 252.990005, 6976.500000>) and got 14.
15:26:05 [Market] Player "Gladiator" (id=2f2EzOlgeHPaK9xNXxBDWWPE0ljPQPbKV3WyNh1HiZA=) has send a requested to sell ammo_380 x1 at the trader "Ammo_Attachments (Taiki [Ammo & Attachments])" in market zone "Outpost 42" (pos=<7196.500000, 252.990005, 6976.500000>).
15:26:06 [Market] Player "Gladiator" (id=2f2EzOlgeHPaK9xNXxBDWWPE0ljPQPbKV3WyNh1HiZA=) has sold ammo_380 x1 at the trader "Ammo_Attachments (Taiki [Ammo & Attachments])" in market zone "Outpost 42" (pos=<7196.500000, 252.990005, 6976.500000>) and got 1.
15:26:11 [Market] Player "42cobra" (id=7jlJa0YJ0ppxWuiq1t34ec-CitMl82Ky24_qx8QK7Rs=) has send a requested to purchase canteen x1 from the trader "Consumables (Irena [Consumables])" in market zone "Outpost 42" (pos=<7196.500000, 252.990005, 6976.500000>).
15:26:11 [Market] Player "42cobra" (id=7jlJa0YJ0ppxWuiq1t34ec-CitMl82Ky24_qx8QK7Rs=) has bought canteen x1 from the trader "Consumables (Irena [Consumables])" in market zone "Outpost 42" (pos=<7196.500000, 252.990005, 6976.500000>) for a price of 200.
15:26:23 [Market] Player "Gladiator" (id=2f2EzOlgeHPaK9xNXxBDWWPE0ljPQPbKV3WyNh1HiZA=) has send a requested to sell ammo_9x39 x27 at the trader "Ammo_Attachments (Taiki [Ammo & Attachments])" in market zone "Outpost 42" (pos=<7196.500000, 252.990005, 6976.500000>).
15:26:23 [Market] Player "Gladiator" (id=2f2EzOlgeHPaK9xNXxBDWWPE0ljPQPbKV3WyNh1HiZA=) has sold ammo_9x39 x27 at the trader "Ammo_Attachments (Taiki [Ammo & Attachments])" in market zone "Outpost 42" (pos=<7196.500000, 252.990005, 6976.500000>) and got 7.
15:26:28 [Market] Player "Gladiator" (id=2f2EzOlgeHPaK9xNXxBDWWPE0ljPQPbKV3WyNh1HiZA=) has send a requested to sell ammo_762x39 x1 at the trader "Ammo_Attachments (Taiki [Ammo & Attachments])" in market zone "Outpost 42" (pos=<7196.500000, 252.990005, 6976.500000>).
15:26:28 [Market] Player "Gladiator" (id=2f2EzOlgeHPaK9xNXxBDWWPE0ljPQPbKV3WyNh1HiZA=) has sold ammo_762x39 x1 at the trader "Ammo_Attachments (Taiki [Ammo & Attachments])" in market zone "Outpost 42" (pos=<7196.500000, 252.990005, 6976.500000>) and got 1.
15:26:36 [Market] Player "Gladiator" (id=2f2EzOlgeHPaK9xNXxBDWWPE0ljPQPbKV3WyNh1HiZA=) has send a requested to sell ammo_762x39 x8 at the trader "Ammo_Attachments (Taiki [Ammo & Attachments])" in market zone "Outpost 42" (pos=<7196.500000, 252.990005, 6976.500000>).
15:26:36 [Market] Player "Gladiator" (id=2f2EzOlgeHPaK9xNXxBDWWPE0ljPQPbKV3WyNh1HiZA=) has sold ammo_762x39 x8 at the trader "Ammo_Attachments (Taiki [Ammo & Attachments])" in market zone "Outpost 42" (pos=<7196.500000, 252.990005, 6976.500000>) and got 8.
15:26:36 [Market] Player "42cobra" (id=7jlJa0YJ0ppxWuiq1t34ec-CitMl82Ky24_qx8QK7Rs=) has send a requested to purchase sodacan_cola x4 from the trader "Consumables (Irena [Consumables])" in market zone "Outpost 42" (pos=<7196.500000, 252.990005, 6976.500000>).
15:26:36 [Market] Player "42cobra" (id=7jlJa0YJ0ppxWuiq1t34ec-CitMl82Ky24_qx8QK7Rs=) has bought sodacan_cola x4 from the trader "Consumables (Irena [Consumables])" in market zone "Outpost 42" (pos=<7196.500000, 252.990005, 6976.500000>) for a price of 40.
15:26:43 [Market] Player "Gladiator" (id=2f2EzOlgeHPaK9xNXxBDWWPE0ljPQPbKV3WyNh1HiZA=) has send a requested to sell ammo_556x45 x14 at the trader "Ammo_Attachments (Taiki [Ammo & Attachments])" in market zone "Outpost 42" (pos=<7196.500000, 252.990005, 6976.500000>).
15:26:43 [Market] Player "Gladiator" (id=2f2EzOlgeHPaK9xNXxBDWWPE0ljPQPbKV3WyNh1HiZA=) has sold ammo_556x45 x14 at the trader "Ammo_Attachments (Taiki [Ammo & Attachments])" in market zone "Outpost 42" (pos=<7196.500000, 252.990005, 6976.500000>) and got 4.
15:26:48 [Market] Player "Gladiator" (id=2f2EzOlgeHPaK9xNXxBDWWPE0ljPQPbKV3WyNh1HiZA=) has send a requested to sell ammobox_9x19_25rnd x1 at the trader "Ammo_Attachments (Taiki [Ammo & Attachments])" in market zone "Outpost 42" (pos=<7196.500000, 252.990005, 6976.500000>).
15:26:48 [Market] Player "Gladiator" (id=2f2EzOlgeHPaK9xNXxBDWWPE0ljPQPbKV3WyNh1HiZA=) has sold ammobox_9x19_25rnd x1 at the trader "Ammo_Attachments (Taiki [Ammo & Attachments])" in market zone "Outpost 42" (pos=<7196.500000, 252.990005, 6976.500000>) and got 20.
15:26:50 [Market] Player "Gladiator" (id=2f2EzOlgeHPaK9xNXxBDWWPE0ljPQPbKV3WyNh1HiZA=) has send a requested to sell ammobox_556x45_20rnd x1 at the trader "Ammo_Attachments (Taiki [Ammo & Attachments])" in market zone "Outpost 42" (pos=<7196.500000, 252.990005, 6976.500000>).
15:26:50 [Market] Player "Gladiator" (id=2f2EzOlgeHPaK9xNXxBDWWPE0ljPQPbKV3WyNh1HiZA=) has sold ammobox_556x45_20rnd x1 at the trader "Ammo_Attachments (Taiki [Ammo & Attachments])" in market zone "Outpost 42" (pos=<7196.500000, 252.990005, 6976.500000>) and got 16.
15:26:53 [Market] Player "Gladiator" (id=2f2EzOlgeHPaK9xNXxBDWWPE0ljPQPbKV3WyNh1HiZA=) has send a requested to sell ammobox_380_35rnd x1 at the trader "Ammo_Attachments (Taiki [Ammo & Attachments])" in market zone "Outpost 42" (pos=<7196.500000, 252.990005, 6976.500000>).
15:26:53 [Market] Player "Gladiator" (id=2f2EzOlgeHPaK9xNXxBDWWPE0ljPQPbKV3WyNh1HiZA=) has sold ammobox_380_35rnd x1 at the trader "Ammo_Attachments (Taiki [Ammo & Attachments])" in market zone "Outpost 42" (pos=<7196.500000, 252.990005, 6976.500000>) and got 21.
15:27:28 [Market] Player "Gladiator" (id=2f2EzOlgeHPaK9xNXxBDWWPE0ljPQPbKV3WyNh1HiZA=) has send a requested to sell smershbag x1 at the trader "MilitaryGear (Judy [Military Gear])" in market zone "Outpost 42" (pos=<7196.500000, 252.990005, 6976.500000>).
15:27:28 [Market] Player "Gladiator" (id=2f2EzOlgeHPaK9xNXxBDWWPE0ljPQPbKV3WyNh1HiZA=) has sold smershbag x1 at the trader "MilitaryGear (Judy [Military Gear])" in market zone "Outpost 42" (pos=<7196.500000, 252.990005, 6976.500000>) and got 112.
15:28:05 [Market] Player "Gladiator" (id=2f2EzOlgeHPaK9xNXxBDWWPE0ljPQPbKV3WyNh1HiZA=) has send a requested to sell smallprotectorcase x1 at the trader "Tools_Supplies (Kaito [Tools & Supplies])" in market zone "Outpost 42" (pos=<7196.500000, 252.990005, 6976.500000>).
15:28:05 [Market] Player "Gladiator" (id=2f2EzOlgeHPaK9xNXxBDWWPE0ljPQPbKV3WyNh1HiZA=) has sold smallprotectorcase x1 at the trader "Tools_Supplies (Kaito [Tools & Supplies])" in market zone "Outpost 42" (pos=<7196.500000, 252.990005, 6976.500000>) and got 500.
15:28:44 [Market] Player "Gladiator" (id=2f2EzOlgeHPaK9xNXxBDWWPE0ljPQPbKV3WyNh1HiZA=) has send a requested to sell kitchenknife x1 at the trader "Tools_Supplies (Kaito [Tools & Supplies])" in market zone "Outpost 42" (pos=<7196.500000, 252.990005, 6976.500000>).
15:28:44 [Market] Player "Gladiator" (id=2f2EzOlgeHPaK9xNXxBDWWPE0ljPQPbKV3WyNh1HiZA=) has sold kitchenknife x1 at the trader "Tools_Supplies (Kaito [Tools & Supplies])" in market zone "Outpost 42" (pos=<7196.500000, 252.990005, 6976.500000>) and got 5.
15:28:56 [Market] Player "Gladiator" (id=2f2EzOlgeHPaK9xNXxBDWWPE0ljPQPbKV3WyNh1HiZA=) has send a requested to sell sewingkit x1 at the trader "Tools_Supplies (Kaito [Tools & Supplies])" in market zone "Outpost 42" (pos=<7196.500000, 252.990005, 6976.500000>).
15:28:56 [Market] Player "Gladiator" (id=2f2EzOlgeHPaK9xNXxBDWWPE0ljPQPbKV3WyNh1HiZA=) has sold sewingkit x1 at the trader "Tools_Supplies (Kaito [Tools & Supplies])" in market zone "Outpost 42" (pos=<7196.500000, 252.990005, 6976.500000>) and got 19.
15:31:33 [Market] Player "Gladiator" (id=2f2EzOlgeHPaK9xNXxBDWWPE0ljPQPbKV3WyNh1HiZA=) has send a requested to purchase alicebag_green x1 from the trader "MilitaryGear (Judy [Military Gear])" in market zone "Outpost 42" (pos=<7196.500000, 252.990005, 6976.500000>).
15:31:33 [Market] Player "Gladiator" (id=2f2EzOlgeHPaK9xNXxBDWWPE0ljPQPbKV3WyNh1HiZA=) has bought alicebag_green x1 from the trader "MilitaryGear (Judy [Military Gear])" in market zone "Outpost 42" (pos=<7196.500000, 252.990005, 6976.500000>) for a price of 400.
15:32:04 [Market] Player "Gladiator" (id=2f2EzOlgeHPaK9xNXxBDWWPE0ljPQPbKV3WyNh1HiZA=) has send a requested to purchase alicebag_green x1 from the trader "MilitaryGear (Judy [Military Gear])" in market zone "Outpost 42" (pos=<7196.500000, 252.990005, 6976.500000>).
15:32:04 [Market] Player "Gladiator" (id=2f2EzOlgeHPaK9xNXxBDWWPE0ljPQPbKV3WyNh1HiZA=) has bought alicebag_green x1 from the trader "MilitaryGear (Judy [Military Gear])" in market zone "Outpost 42" (pos=<7196.500000, 252.990005, 6976.500000>) for a price of 400.
15:34:22 [Market] Player "Gladiator" (id=2f2EzOlgeHPaK9xNXxBDWWPE0ljPQPbKV3WyNh1HiZA=) has send a requested to sell taloonbag_green x1 at the trader "CivilianGear (Frida [Civilian Gear])" in market zone "Outpost 42" (pos=<7196.500000, 252.990005, 6976.500000>).
15:34:22 [Market] Player "Gladiator" (id=2f2EzOlgeHPaK9xNXxBDWWPE0ljPQPbKV3WyNh1HiZA=) has sold taloonbag_green x1 at the trader "CivilianGear (Frida [Civilian Gear])" in market zone "Outpost 42" (pos=<7196.500000, 252.990005, 6976.500000>) and got 19.
15:37:07 [Party] Player "Carl_Boy" (id=Pn6CfAhvSY5w6bS0fk-7grompdBoaerHdrEY3n-jH_Y=) left the party "Butter Bandits" (id=4 ownerUID=CXNoZssMMnHeLp8-i9e5YKZJ7IMoen6FD2zQPAHCLUU= ownerName=ButterNutterTheBearFucker)
15:38:30 [Party] Player "Gladiator" (id=2f2EzOlgeHPaK9xNXxBDWWPE0ljPQPbKV3WyNh1HiZA=) joinded the party "Reapers" (id=22 ownerUID= ownerName=)
15:38:30 [Party] Player "Gladiator" (id=2f2EzOlgeHPaK9xNXxBDWWPE0ljPQPbKV3WyNh1HiZA=) created a party named Reapers
15:38:43 [Party] Player "Gladiator" (id=2f2EzOlgeHPaK9xNXxBDWWPE0ljPQPbKV3WyNh1HiZA=) invited the player "42cobra" (id=7jlJa0YJ0ppxWuiq1t34ec-CitMl82Ky24_qx8QK7Rs=)to the party named Reapers
15:40:27 [Market] Player "Gladiator" (id=2f2EzOlgeHPaK9xNXxBDWWPE0ljPQPbKV3WyNh1HiZA=) has send a requested to purchase canopener x1 from the trader "Tools_Supplies (Kaito [Tools & Supplies])" in market zone "Outpost 42" (pos=<7196.500000, 252.990005, 6976.500000>).
15:40:27 [Market] Player "Gladiator" (id=2f2EzOlgeHPaK9xNXxBDWWPE0ljPQPbKV3WyNh1HiZA=) has bought canopener x1 from the trader "Tools_Supplies (Kaito [Tools & Supplies])" in market zone "Outpost 42" (pos=<7196.500000, 252.990005, 6976.500000>) for a price of 10.
15:40:32 [Market] Player "Gladiator" (id=2f2EzOlgeHPaK9xNXxBDWWPE0ljPQPbKV3WyNh1HiZA=) has send a requested to purchase pot x1 from the trader "Tools_Supplies (Kaito [Tools & Supplies])" in market zone "Outpost 42" (pos=<7196.500000, 252.990005, 6976.500000>).
15:40:33 [Market] Player "Gladiator" (id=2f2EzOlgeHPaK9xNXxBDWWPE0ljPQPbKV3WyNh1HiZA=) has bought pot x1 from the trader "Tools_Supplies (Kaito [Tools & Supplies])" in market zone "Outpost 42" (pos=<7196.500000, 252.990005, 6976.500000>) for a price of 25.
15:41:17 [Market] Player "42cobra" (id=7jlJa0YJ0ppxWuiq1t34ec-CitMl82Ky24_qx8QK7Rs=) has send a requested to purchase huntingvest x1 from the trader "CivilianGear (Frida [Civilian Gear])" in market zone "Outpost 42" (pos=<7196.500000, 252.990005, 6976.500000>).
15:41:17 [Market] Player "42cobra" (id=7jlJa0YJ0ppxWuiq1t34ec-CitMl82Ky24_qx8QK7Rs=) has bought huntingvest x1 from the trader "CivilianGear (Frida [Civilian Gear])" in market zone "Outpost 42" (pos=<7196.500000, 252.990005, 6976.500000>) for a price of 90.
15:41:43 [Market] Player "Gladiator" (id=2f2EzOlgeHPaK9xNXxBDWWPE0ljPQPbKV3WyNh1HiZA=) has send a requested to purchase pressvest_blue x1 from the trader "CivilianGear (Frida [Civilian Gear])" in market zone "Outpost 42" (pos=<7196.500000, 252.990005, 6976.500000>).
15:41:43 [Market] Player "Gladiator" (id=2f2EzOlgeHPaK9xNXxBDWWPE0ljPQPbKV3WyNh1HiZA=) has bought pressvest_blue x1 from the trader "CivilianGear (Frida [Civilian Gear])" in market zone "Outpost 42" (pos=<7196.500000, 252.990005, 6976.500000>) for a price of 85.
15:42:22 [Market] Player "Gladiator" (id=2f2EzOlgeHPaK9xNXxBDWWPE0ljPQPbKV3WyNh1HiZA=) has send a requested to sell pressvest_blue x1 at the trader "CivilianGear (Frida [Civilian Gear])" in market zone "Outpost 42" (pos=<7196.500000, 252.990005, 6976.500000>).
15:42:22 [Market] Player "Gladiator" (id=2f2EzOlgeHPaK9xNXxBDWWPE0ljPQPbKV3WyNh1HiZA=) has sold pressvest_blue x1 at the trader "CivilianGear (Frida [Civilian Gear])" in market zone "Outpost 42" (pos=<7196.500000, 252.990005, 6976.500000>) and got 42.
15:42:25 [Market] Player "Gladiator" (id=2f2EzOlgeHPaK9xNXxBDWWPE0ljPQPbKV3WyNh1HiZA=) has send a requested to purchase huntingvest x1 from the trader "CivilianGear (Frida [Civilian Gear])" in market zone "Outpost 42" (pos=<7196.500000, 252.990005, 6976.500000>).
15:42:25 [Market] Player "Gladiator" (id=2f2EzOlgeHPaK9xNXxBDWWPE0ljPQPbKV3WyNh1HiZA=) has bought huntingvest x1 from the trader "CivilianGear (Frida [Civilian Gear])" in market zone "Outpost 42" (pos=<7196.500000, 252.990005, 6976.500000>) for a price of 90.
15:43:12 [Market] Player "Gladiator" (id=2f2EzOlgeHPaK9xNXxBDWWPE0ljPQPbKV3WyNh1HiZA=) has send a requested to sell ukassvest_khaki x1 at the trader "MilitaryGear (Judy [Military Gear])" in market zone "Outpost 42" (pos=<7196.500000, 252.990005, 6976.500000>).
15:43:12 [Market] Player "Gladiator" (id=2f2EzOlgeHPaK9xNXxBDWWPE0ljPQPbKV3WyNh1HiZA=) has sold ukassvest_khaki x1 at the trader "MilitaryGear (Judy [Military Gear])" in market zone "Outpost 42" (pos=<7196.500000, 252.990005, 6976.500000>) and got 11.
15:44:26 [Market] Player "Gladiator" (id=2f2EzOlgeHPaK9xNXxBDWWPE0ljPQPbKV3WyNh1HiZA=) has send a requested to purchase bakedbeanscan x1 from the trader "Consumables (Irena [Consumables])" in market zone "Outpost 42" (pos=<7196.500000, 252.990005, 6976.500000>).
15:44:27 [Market] Player "Gladiator" (id=2f2EzOlgeHPaK9xNXxBDWWPE0ljPQPbKV3WyNh1HiZA=) has bought bakedbeanscan x1 from the trader "Consumables (Irena [Consumables])" in market zone "Outpost 42" (pos=<7196.500000, 252.990005, 6976.500000>) for a price of 30.
15:46:35 [Market] Player "42cobra" (id=7jlJa0YJ0ppxWuiq1t34ec-CitMl82Ky24_qx8QK7Rs=) has send a requested to purchase potato x2 from the trader "Consumables (Irena [Consumables])" in market zone "Outpost 42" (pos=<7196.500000, 252.990005, 6976.500000>).
15:46:36 [Market] Player "42cobra" (id=7jlJa0YJ0ppxWuiq1t34ec-CitMl82Ky24_qx8QK7Rs=) has bought potato x2 from the trader "Consumables (Irena [Consumables])" in market zone "Outpost 42" (pos=<7196.500000, 252.990005, 6976.500000>) for a price of 14.
15:48:24 [Market] Player "Gladiator" (id=2f2EzOlgeHPaK9xNXxBDWWPE0ljPQPbKV3WyNh1HiZA=) has send a requested to sell canvas_backpack_white x1 at the trader "CivilianGear (Frida [Civilian Gear])" in market zone "Outpost 42" (pos=<7196.500000, 252.990005, 6976.500000>).
15:48:25 [Market] Player "Gladiator" (id=2f2EzOlgeHPaK9xNXxBDWWPE0ljPQPbKV3WyNh1HiZA=) has sold canvas_backpack_white x1 at the trader "CivilianGear (Frida [Civilian Gear])" in market zone "Outpost 42" (pos=<7196.500000, 252.990005, 6976.500000>) and got 300.
15:48:26 [Market] Player "42cobra" (id=7jlJa0YJ0ppxWuiq1t34ec-CitMl82Ky24_qx8QK7Rs=) has send a requested to purchase slicedpumpkin x2 from the trader "Consumables (Irena [Consumables])" in market zone "Outpost 42" (pos=<7196.500000, 252.990005, 6976.500000>).
15:48:26 [Market] Player "42cobra" (id=7jlJa0YJ0ppxWuiq1t34ec-CitMl82Ky24_qx8QK7Rs=) has bought slicedpumpkin x2 from the trader "Consumables (Irena [Consumables])" in market zone "Outpost 42" (pos=<7196.500000, 252.990005, 6976.500000>) for a price of 14.
15:48:58 [Market] Player "Gladiator" (id=2f2EzOlgeHPaK9xNXxBDWWPE0ljPQPbKV3WyNh1HiZA=) has send a requested to purchase combatknife x1 from the trader "Weapons (Seth [Weapons])" in market zone "Outpost 42" (pos=<7196.500000, 252.990005, 6976.500000>).
15:48:58 [Market] Player "Gladiator" (id=2f2EzOlgeHPaK9xNXxBDWWPE0ljPQPbKV3WyNh1HiZA=) has bought combatknife x1 from the trader "Weapons (Seth [Weapons])" in market zone "Outpost 42" (pos=<7196.500000, 252.990005, 6976.500000>) for a price of 200.
15:50:10 [Market] Player "Gladiator" (id=2f2EzOlgeHPaK9xNXxBDWWPE0ljPQPbKV3WyNh1HiZA=) has send a requested to purchase boarsteakmeat x1 from the trader "Hunting_Fishing (Boris [Hunting Trader])" in market zone "Outpost 42" (pos=<7196.500000, 252.990005, 6976.500000>).
15:50:10 [Market] Player "Gladiator" (id=2f2EzOlgeHPaK9xNXxBDWWPE0ljPQPbKV3WyNh1HiZA=) has bought boarsteakmeat x1 from the trader "Hunting_Fishing (Boris [Hunting Trader])" in market zone "Outpost 42" (pos=<7196.500000, 252.990005, 6976.500000>) for a price of 50.
15:50:11 [Market] Player "Gladiator" (id=2f2EzOlgeHPaK9xNXxBDWWPE0ljPQPbKV3WyNh1HiZA=) has send a requested to purchase boarsteakmeat x1 from the trader "Hunting_Fishing (Boris [Hunting Trader])" in market zone "Outpost 42" (pos=<7196.500000, 252.990005, 6976.500000>).
15:50:11 [Market] Player "Gladiator" (id=2f2EzOlgeHPaK9xNXxBDWWPE0ljPQPbKV3WyNh1HiZA=) has bought boarsteakmeat x1 from the trader "Hunting_Fishing (Boris [Hunting Trader])" in market zone "Outpost 42" (pos=<7196.500000, 252.990005, 6976.500000>) for a price of 50.
15:53:00 [Party] Player "42cobra" (id=7jlJa0YJ0ppxWuiq1t34ec-CitMl82Ky24_qx8QK7Rs=) joinded the party "Reapers" (id=22 ownerUID=2f2EzOlgeHPaK9xNXxBDWWPE0ljPQPbKV3WyNh1HiZA= ownerName=Gladiator)
15:55:58 [Safezone] Player "Gladiator" (id=2f2EzOlgeHPaK9xNXxBDWWPE0ljPQPbKV3WyNh1HiZA= pos=<7278.317383, 264.162933, 7108.843262>) Left the safezone
15:56:08 [Safezone] Player "42cobra" (id=7jlJa0YJ0ppxWuiq1t34ec-CitMl82Ky24_qx8QK7Rs= pos=<7275.504883, 269.552338, 7129.720703>) Left the safezone
15:59:17 [Party] Player "Gladiator" (id=2f2EzOlgeHPaK9xNXxBDWWPE0ljPQPbKV3WyNh1HiZA=) left the party "Reapers" (id=22 ownerUID=2f2EzOlgeHPaK9xNXxBDWWPE0ljPQPbKV3WyNh1HiZA= ownerName=Gladiator)
15:59:17 [Party] Player "42cobra" (id=7jlJa0YJ0ppxWuiq1t34ec-CitMl82Ky24_qx8QK7Rs=) left the party "Reapers" (id=22 ownerUID=2f2EzOlgeHPaK9xNXxBDWWPE0ljPQPbKV3WyNh1HiZA= ownerName=Gladiator)
