12:41:57 [VehicleCover] Player "Rando" (id=JvvCHnGuyh_nfZYJHhwPEuqC4PLOVPMEAKGSXu_-8kY= pos=<4453.280762, 319.326202, 5694.568359>) uncovered vehicle "OffroadHatchback" (GlobalID=80000000800000008000000080001F0E pos=<4455.060547, 319.088959, 5696.407227>)!
12:42:10 [VehicleCarKey] Player "Rando" (id=JvvCHnGuyh_nfZYJHhwPEuqC4PLOVPMEAKGSXu_-8kY= pos=<4456.836426, 319.256866, 5696.158203>) used the  ExpansionCarKey to unlock OffroadHatchback (id=B054D514524453529C921C9BE7DBF3D9 pos=<4455.059082, 319.088440, 5696.409668>)
12:42:36 [VehicleEnter] Player Rando [uid=JvvCHnGuyh_nfZYJHhwPEuqC4PLOVPMEAKGSXu_-8kY=] entered vehicle Ada 4x4 (id=B054D514524453529C921C9BE7DBF3D9 pos=<4454.897461, 319.072174, 5696.448242>) as driver
12:42:39 [VehicleEngine] Player Rando [uid=JvvCHnGuyh_nfZYJHhwPEuqC4PLOVPMEAKGSXu_-8kY=] started vehicle Ada 4x4 (id=B054D514524453529C921C9BE7DBF3D9 pos=<4454.897461, 319.072113, 5696.448242>)
12:49:50 [Safezone] Player "Rando" (id=JvvCHnGuyh_nfZYJHhwPEuqC4PLOVPMEAKGSXu_-8kY= pos=<7148.145020, 265.174652, 7107.843750>) Entered the safezone
12:50:03 [VehicleLeave] Player Rando [uid=JvvCHnGuyh_nfZYJHhwPEuqC4PLOVPMEAKGSXu_-8kY=] left vehicle Ada 4x4 (id=B054D514524453529C921C9BE7DBF3D9 pos=<7146.955078, 265.856720, 7054.052734>)
12:50:11 [VehicleCarKey] Player "Rando" (id=JvvCHnGuyh_nfZYJHhwPEuqC4PLOVPMEAKGSXu_-8kY= pos=<7148.888672, 265.641693, 7054.006348>) used the  ExpansionCarKey to lock OffroadHatchback (id=B054D514524453529C921C9BE7DBF3D9 pos=<7146.955078, 265.856720, 7054.052734>)
12:51:02 [Market] Player "Rando" (id=JvvCHnGuyh_nfZYJHhwPEuqC4PLOVPMEAKGSXu_-8kY=) has send a requested to purchase marmalade x1 from the trader "Consumables (Irena [Consumables])" in market zone "Outpost 42" (pos=<7196.500000, 252.990005, 6976.500000>).
12:51:02 [Market] Player "Rando" (id=JvvCHnGuyh_nfZYJHhwPEuqC4PLOVPMEAKGSXu_-8kY=) has bought marmalade x1 from the trader "Consumables (Irena [Consumables])" in market zone "Outpost 42" (pos=<7196.500000, 252.990005, 6976.500000>) for a price of 25.
12:51:16 [VehicleDeleted] OffroadHatchback (id=B054D514524453529C921C9BE7DBF3D9 pos=<7146.955078, 265.856720, 7054.052734>)
12:51:27 [Market] Player "Rando" (id=JvvCHnGuyh_nfZYJHhwPEuqC4PLOVPMEAKGSXu_-8kY=) has send a requested to purchase handsaw x1 from the trader "Tools_Supplies (Kaito [Tools & Supplies])" in market zone "Outpost 42" (pos=<7196.500000, 252.990005, 6976.500000>).
12:51:27 [Market] Player "Rando" (id=JvvCHnGuyh_nfZYJHhwPEuqC4PLOVPMEAKGSXu_-8kY=) has bought handsaw x1 from the trader "Tools_Supplies (Kaito [Tools & Supplies])" in market zone "Outpost 42" (pos=<7196.500000, 252.990005, 6976.500000>) for a price of 500.
12:51:48 [Market] Player "Rando" (id=JvvCHnGuyh_nfZYJHhwPEuqC4PLOVPMEAKGSXu_-8kY=) has send a requested to sell ttc_aachoney_b x1 at the trader "Weapons (Seth [Weapons])" in market zone "Outpost 42" (pos=<7196.500000, 252.990005, 6976.500000>).
12:51:48 [Market] Player "Rando" (id=JvvCHnGuyh_nfZYJHhwPEuqC4PLOVPMEAKGSXu_-8kY=) has sold ttc_aachoney_b x1 at the trader "Weapons (Seth [Weapons])" in market zone "Outpost 42" (pos=<7196.500000, 252.990005, 6976.500000>) and got 650.
12:51:52 [Market] Player "Rando" (id=JvvCHnGuyh_nfZYJHhwPEuqC4PLOVPMEAKGSXu_-8kY=) has send a requested to sell expansion_m14 x1 at the trader "Weapons (Seth [Weapons])" in market zone "Outpost 42" (pos=<7196.500000, 252.990005, 6976.500000>).
12:51:52 [Market] Player "Rando" (id=JvvCHnGuyh_nfZYJHhwPEuqC4PLOVPMEAKGSXu_-8kY=) has sold expansion_m14 x1 at the trader "Weapons (Seth [Weapons])" in market zone "Outpost 42" (pos=<7196.500000, 252.990005, 6976.500000>) and got 625.
12:52:03 [Market] Player "Rando" (id=JvvCHnGuyh_nfZYJHhwPEuqC4PLOVPMEAKGSXu_-8kY=) has send a requested to sell ttc_scarl x1 at the trader "Weapons (Seth [Weapons])" in market zone "Outpost 42" (pos=<7196.500000, 252.990005, 6976.500000>).
12:52:03 [Market] Player "Rando" (id=JvvCHnGuyh_nfZYJHhwPEuqC4PLOVPMEAKGSXu_-8kY=) has sold ttc_scarl x1 at the trader "Weapons (Seth [Weapons])" in market zone "Outpost 42" (pos=<7196.500000, 252.990005, 6976.500000>) and got 1112.
12:53:15 [Market] Player "Rando" (id=JvvCHnGuyh_nfZYJHhwPEuqC4PLOVPMEAKGSXu_-8kY=) has send a requested to purchase flag_hunterz x1 from the trader "BaseImprovement (Peter [Base Improvement])" in market zone "Outpost 42" (pos=<7196.500000, 252.990005, 6976.500000>).
12:53:15 [Market] Player "Rando" (id=JvvCHnGuyh_nfZYJHhwPEuqC4PLOVPMEAKGSXu_-8kY=) has bought flag_hunterz x1 from the trader "BaseImprovement (Peter [Base Improvement])" in market zone "Outpost 42" (pos=<7196.500000, 252.990005, 6976.500000>) for a price of 15.
12:54:05 [Market] Player "Rando" (id=JvvCHnGuyh_nfZYJHhwPEuqC4PLOVPMEAKGSXu_-8kY=) has send a requested to purchase rope x1 from the trader "Tools_Supplies (Kaito [Tools & Supplies])" in market zone "Outpost 42" (pos=<7196.500000, 252.990005, 6976.500000>).
12:54:05 [Market] Player "Rando" (id=JvvCHnGuyh_nfZYJHhwPEuqC4PLOVPMEAKGSXu_-8kY=) has bought rope x1 from the trader "Tools_Supplies (Kaito [Tools & Supplies])" in market zone "Outpost 42" (pos=<7196.500000, 252.990005, 6976.500000>) for a price of 100.
12:54:06 [Market] Player "Rando" (id=JvvCHnGuyh_nfZYJHhwPEuqC4PLOVPMEAKGSXu_-8kY=) has send a requested to purchase rope x1 from the trader "Tools_Supplies (Kaito [Tools & Supplies])" in market zone "Outpost 42" (pos=<7196.500000, 252.990005, 6976.500000>).
12:54:06 [Market] Player "Rando" (id=JvvCHnGuyh_nfZYJHhwPEuqC4PLOVPMEAKGSXu_-8kY=) has bought rope x1 from the trader "Tools_Supplies (Kaito [Tools & Supplies])" in market zone "Outpost 42" (pos=<7196.500000, 252.990005, 6976.500000>) for a price of 100.
12:54:07 [Market] Player "Rando" (id=JvvCHnGuyh_nfZYJHhwPEuqC4PLOVPMEAKGSXu_-8kY=) has send a requested to purchase rope x1 from the trader "Tools_Supplies (Kaito [Tools & Supplies])" in market zone "Outpost 42" (pos=<7196.500000, 252.990005, 6976.500000>).
12:54:07 [Market] Player "Rando" (id=JvvCHnGuyh_nfZYJHhwPEuqC4PLOVPMEAKGSXu_-8kY=) has bought rope x1 from the trader "Tools_Supplies (Kaito [Tools & Supplies])" in market zone "Outpost 42" (pos=<7196.500000, 252.990005, 6976.500000>) for a price of 100.
12:54:08 [Market] Player "Rando" (id=JvvCHnGuyh_nfZYJHhwPEuqC4PLOVPMEAKGSXu_-8kY=) has send a requested to purchase rope x1 from the trader "Tools_Supplies (Kaito [Tools & Supplies])" in market zone "Outpost 42" (pos=<7196.500000, 252.990005, 6976.500000>).
12:54:08 [Market] Player "Rando" (id=JvvCHnGuyh_nfZYJHhwPEuqC4PLOVPMEAKGSXu_-8kY=) has bought rope x1 from the trader "Tools_Supplies (Kaito [Tools & Supplies])" in market zone "Outpost 42" (pos=<7196.500000, 252.990005, 6976.500000>) for a price of 100.
12:54:10 [Market] Player "Rando" (id=JvvCHnGuyh_nfZYJHhwPEuqC4PLOVPMEAKGSXu_-8kY=) has send a requested to purchase epoxyputty x1 from the trader "Tools_Supplies (Kaito [Tools & Supplies])" in market zone "Outpost 42" (pos=<7196.500000, 252.990005, 6976.500000>).
12:54:11 [Market] Player "Rando" (id=JvvCHnGuyh_nfZYJHhwPEuqC4PLOVPMEAKGSXu_-8kY=) has bought epoxyputty x1 from the trader "Tools_Supplies (Kaito [Tools & Supplies])" in market zone "Outpost 42" (pos=<7196.500000, 252.990005, 6976.500000>) for a price of 15.
12:56:43 [VehicleCover] Player "Rando" (id=JvvCHnGuyh_nfZYJHhwPEuqC4PLOVPMEAKGSXu_-8kY= pos=<7148.102539, 265.777161, 7052.959961>) uncovered vehicle "OffroadHatchback" (GlobalID=80000000800000008000000080001F0E pos=<7146.955078, 265.856720, 7054.052734>)!
12:56:46 [VehicleCarKey] Player "Rando" (id=JvvCHnGuyh_nfZYJHhwPEuqC4PLOVPMEAKGSXu_-8kY= pos=<7148.974609, 265.620361, 7054.378418>) used the  ExpansionCarKey to unlock OffroadHatchback (id=CA00CA37D644C88979C955AF425932B4 pos=<7146.955566, 265.856720, 7054.053223>)
12:56:53 [VehicleEnter] Player Rando [uid=JvvCHnGuyh_nfZYJHhwPEuqC4PLOVPMEAKGSXu_-8kY=] entered vehicle Ada 4x4 (id=CA00CA37D644C88979C955AF425932B4 pos=<7146.955566, 265.856689, 7054.053223>) as driver
12:56:57 [VehicleEngine] Player Rando [uid=JvvCHnGuyh_nfZYJHhwPEuqC4PLOVPMEAKGSXu_-8kY=] started vehicle Ada 4x4 (id=CA00CA37D644C88979C955AF425932B4 pos=<7146.955566, 265.856720, 7054.053223>)
12:57:27 [Safezone] Player "Rando" (id=JvvCHnGuyh_nfZYJHhwPEuqC4PLOVPMEAKGSXu_-8kY= pos=<7072.733887, 266.889038, 6654.870117>) Left the safezone
13:10:06 [VehicleDeleted] OffroadHatchback (id=CA00CA37D644C88979C955AF425932B4 pos=<5761.270020, 128.310562, 4841.607422>)
13:13:28 [VehicleCover] Player "Rando" (id=JvvCHnGuyh_nfZYJHhwPEuqC4PLOVPMEAKGSXu_-8kY= pos=<5762.031738, 128.861847, 4843.624512>) uncovered vehicle "OffroadHatchback" (GlobalID=80000000800000008000000080001F0E pos=<5761.270020, 128.310562, 4841.607422>)!
13:13:33 [VehicleEnter] Player Rando [uid=JvvCHnGuyh_nfZYJHhwPEuqC4PLOVPMEAKGSXu_-8kY=] entered vehicle Ada 4x4 (id=E6C4E512B3430F39A36844B32F901EEE pos=<5761.270996, 128.309586, 4841.604004>) as driver
13:13:39 [VehicleEngine] Player Rando [uid=JvvCHnGuyh_nfZYJHhwPEuqC4PLOVPMEAKGSXu_-8kY=] started vehicle Ada 4x4 (id=E6C4E512B3430F39A36844B32F901EEE pos=<5761.270996, 128.309586, 4841.604004>)
13:21:23 [VehicleLeave] Player Rando [uid=JvvCHnGuyh_nfZYJHhwPEuqC4PLOVPMEAKGSXu_-8kY=] left vehicle Ada 4x4 (id=E6C4E512B3430F39A36844B32F901EEE pos=<4722.813965, 283.546448, 4688.150391>)
13:21:37 [VehicleEnter] Player Rando [uid=JvvCHnGuyh_nfZYJHhwPEuqC4PLOVPMEAKGSXu_-8kY=] entered vehicle Ada 4x4 (id=E6C4E512B3430F39A36844B32F901EEE pos=<4722.813965, 283.546478, 4688.150391>) as driver
13:21:38 [VehicleEngine] Player Rando [uid=JvvCHnGuyh_nfZYJHhwPEuqC4PLOVPMEAKGSXu_-8kY=] stopped vehicle Ada 4x4 (id=E6C4E512B3430F39A36844B32F901EEE pos=<4722.813965, 283.546478, 4688.150391>)
13:21:40 [VehicleLeave] Player Rando [uid=JvvCHnGuyh_nfZYJHhwPEuqC4PLOVPMEAKGSXu_-8kY=] left vehicle Ada 4x4 (id=E6C4E512B3430F39A36844B32F901EEE pos=<4722.813965, 283.546478, 4688.150391>)
13:21:45 [VehicleCarKey] Player "Rando" (id=JvvCHnGuyh_nfZYJHhwPEuqC4PLOVPMEAKGSXu_-8kY= pos=<4720.779297, 283.467438, 4688.514648>) used the  ExpansionCarKey to lock OffroadHatchback (id=E6C4E512B3430F39A36844B32F901EEE pos=<4722.813965, 283.546509, 4688.150879>)
13:23:07 [VehicleDeleted] OffroadHatchback (id=E6C4E512B3430F39A36844B32F901EEE pos=<4722.813965, 283.546509, 4688.150879>)
13:29:11 [VehicleCover] Player "Rando" (id=JvvCHnGuyh_nfZYJHhwPEuqC4PLOVPMEAKGSXu_-8kY= pos=<4721.549316, 283.507629, 4688.923340>) uncovered vehicle "OffroadHatchback" (GlobalID=80000000800000008000000080001F0E pos=<4722.813965, 283.546509, 4688.150879>)!
13:29:15 [VehicleCarKey] Player "Rando" (id=JvvCHnGuyh_nfZYJHhwPEuqC4PLOVPMEAKGSXu_-8kY= pos=<4721.549316, 283.507629, 4688.923340>) used the  ExpansionCarKey to unlock OffroadHatchback (id=087B5E3DCC4AD0AAD397F1B79ECCD1AD pos=<4722.814453, 283.546417, 4688.150879>)
13:29:25 [VehicleEnter] Player Rando [uid=JvvCHnGuyh_nfZYJHhwPEuqC4PLOVPMEAKGSXu_-8kY=] entered vehicle Ada 4x4 (id=087B5E3DCC4AD0AAD397F1B79ECCD1AD pos=<4722.814453, 283.546417, 4688.150879>) as driver
13:29:27 [VehicleEngine] Player Rando [uid=JvvCHnGuyh_nfZYJHhwPEuqC4PLOVPMEAKGSXu_-8kY=] started vehicle Ada 4x4 (id=087B5E3DCC4AD0AAD397F1B79ECCD1AD pos=<4722.814453, 283.546387, 4688.150879>)
13:30:11 [VehicleEngine] Player Rando [uid=JvvCHnGuyh_nfZYJHhwPEuqC4PLOVPMEAKGSXu_-8kY=] stopped vehicle Ada 4x4 (id=087B5E3DCC4AD0AAD397F1B79ECCD1AD pos=<4679.667480, 281.142181, 4713.224609>)
13:30:16 [VehicleLeave] Player Rando [uid=JvvCHnGuyh_nfZYJHhwPEuqC4PLOVPMEAKGSXu_-8kY=] left vehicle Ada 4x4 (id=087B5E3DCC4AD0AAD397F1B79ECCD1AD pos=<4679.667480, 281.142212, 4713.224609>)
13:33:02 [VehicleCarKey] Player "Rando" (id=JvvCHnGuyh_nfZYJHhwPEuqC4PLOVPMEAKGSXu_-8kY= pos=<4677.958984, 281.101410, 4713.186035>) used the  ExpansionCarKey to lock OffroadHatchback (id=087B5E3DCC4AD0AAD397F1B79ECCD1AD pos=<4679.667480, 281.142212, 4713.224609>)
13:34:46 [VehicleDeleted] OffroadHatchback (id=087B5E3DCC4AD0AAD397F1B79ECCD1AD pos=<4679.667480, 281.142212, 4713.224609>)
13:41:37 [VehicleCover] Player "Rando" (id=JvvCHnGuyh_nfZYJHhwPEuqC4PLOVPMEAKGSXu_-8kY= pos=<4677.538086, 281.101379, 4712.753906>) uncovered vehicle "OffroadHatchback" (GlobalID=80000000800000008000000080001F0E pos=<4679.667480, 281.142212, 4713.224609>)!
13:41:45 [VehicleCarKey] Player "Rando" (id=JvvCHnGuyh_nfZYJHhwPEuqC4PLOVPMEAKGSXu_-8kY= pos=<4677.893555, 281.101471, 4711.469238>) used the  ExpansionCarKey to unlock OffroadHatchback (id=46A3F4FF0446F87C120A2AADAEAAFAB2 pos=<4679.684082, 281.154358, 4713.220215>)
13:43:16 [Territory] Player "Rando" (id=JvvCHnGuyh_nfZYJHhwPEuqC4PLOVPMEAKGSXu_-8kY=) created territory The Farm at <4677.827637, 281.101501, 4715.021484>
13:57:11 [VehicleDeleted] OffroadHatchback (id=46A3F4FF0446F87C120A2AADAEAAFAB2 pos=<4679.684082, 281.154358, 4713.220215>)
13:59:11 [VehicleCover] Player "Rando" (id=JvvCHnGuyh_nfZYJHhwPEuqC4PLOVPMEAKGSXu_-8kY= pos=<4678.790039, 281.101440, 4710.815918>) uncovered vehicle "OffroadHatchback" (GlobalID=80000000800000008000000080001F0E pos=<4679.684082, 281.154358, 4713.220215>)!
14:01:13 [VehicleDeleted] OffroadHatchback (id=A5307AC8894E040BEE3F4AACB9184E4B pos=<4679.686035, 281.151703, 4713.219727>)
14:09:34 [VehicleCover] Player "Rando" (id=JvvCHnGuyh_nfZYJHhwPEuqC4PLOVPMEAKGSXu_-8kY= pos=<4677.855469, 281.101379, 4710.521484>) uncovered vehicle "OffroadHatchback" (GlobalID=80000000800000008000000080001F0E pos=<4679.686035, 281.151703, 4713.219727>)!
14:15:20 [VehicleEnter] Player Rando [uid=JvvCHnGuyh_nfZYJHhwPEuqC4PLOVPMEAKGSXu_-8kY=] entered vehicle Ada 4x4 (id=442F76BF814ADA0815A00B8ADCD006E3 pos=<4679.683594, 281.153564, 4713.220703>) as driver
14:15:23 [VehicleEngine] Player Rando [uid=JvvCHnGuyh_nfZYJHhwPEuqC4PLOVPMEAKGSXu_-8kY=] started vehicle Ada 4x4 (id=442F76BF814ADA0815A00B8ADCD006E3 pos=<4679.682617, 281.155518, 4713.222656>)
14:15:47 [VehicleEngine] Player Rando [uid=JvvCHnGuyh_nfZYJHhwPEuqC4PLOVPMEAKGSXu_-8kY=] stopped vehicle Ada 4x4 (id=442F76BF814ADA0815A00B8ADCD006E3 pos=<4681.840820, 281.053101, 4701.795410>)
14:15:52 [VehicleLeave] Player Rando [uid=JvvCHnGuyh_nfZYJHhwPEuqC4PLOVPMEAKGSXu_-8kY=] left vehicle Ada 4x4 (id=442F76BF814ADA0815A00B8ADCD006E3 pos=<4681.840820, 281.053101, 4701.795410>)
14:16:12 [VehicleCarKey] Player "Rando" (id=JvvCHnGuyh_nfZYJHhwPEuqC4PLOVPMEAKGSXu_-8kY= pos=<4680.990234, 281.012390, 4700.448242>) used the  ExpansionCarKey to lock OffroadHatchback (id=442F76BF814ADA0815A00B8ADCD006E3 pos=<4681.840820, 281.053101, 4701.795410>)
14:17:22 [VehicleDeleted] OffroadHatchback (id=442F76BF814ADA0815A00B8ADCD006E3 pos=<4681.840820, 281.053101, 4701.795410>)
14:22:13 [VehicleCover] Player "Rando" (id=JvvCHnGuyh_nfZYJHhwPEuqC4PLOVPMEAKGSXu_-8kY= pos=<4679.909668, 281.012451, 4700.687988>) uncovered vehicle "OffroadHatchback" (GlobalID=80000000800000008000000080001F0E pos=<4681.840820, 281.053101, 4701.795410>)!
14:22:26 [VehicleCarKey] Player "Rando" (id=JvvCHnGuyh_nfZYJHhwPEuqC4PLOVPMEAKGSXu_-8kY= pos=<4679.724121, 281.012329, 4703.029785>) used the  ExpansionCarKey to unlock OffroadHatchback (id=18DAAA86714E50B4776B27A9AC1BFAAF pos=<4681.840820, 281.053162, 4701.795410>)
14:26:27 [VehicleCarKey] Player "Rando" (id=JvvCHnGuyh_nfZYJHhwPEuqC4PLOVPMEAKGSXu_-8kY= pos=<4682.448242, 281.012451, 4703.602051>) used the  ExpansionCarKey to lock OffroadHatchback (id=18DAAA86714E50B4776B27A9AC1BFAAF pos=<4681.840820, 281.053162, 4701.795410>)
14:27:41 [VehicleDeleted] OffroadHatchback (id=18DAAA86714E50B4776B27A9AC1BFAAF pos=<4681.840820, 281.053162, 4701.795410>)
14:43:24 [Party] Player "Mr. Tux" (id=3FCmlLdqs97wNYtgsvMTGavMyuZc44PrYyr2Gfkoti8=) joinded the party "Scarred Reapers" (id=15 ownerUID=3FCmlLdqs97wNYtgsvMTGavMyuZc44PrYyr2Gfkoti8= ownerName=Mr. Tux)
15:10:58 [Party] Player "Mr. Tux" (id=3FCmlLdqs97wNYtgsvMTGavMyuZc44PrYyr2Gfkoti8=) left the party "Scarred Reapers" (id=15 ownerUID=3FCmlLdqs97wNYtgsvMTGavMyuZc44PrYyr2Gfkoti8= ownerName=Mr. Tux)
