13:25:47 [SpawnSelection] Player "Soullessmonarcs" (id=3JRWaVBlu0rexFl5dzKjDY8AHl_--AJHXa-aQMieyik=) spawned at <4269.422852, 2.289235, 2245.660889>
13:44:18 [Party] Player "Soullessmonarcs" (id=3JRWaVBlu0rexFl5dzKjDY8AHl_--AJHXa-aQMieyik=) joinded the party "Soulless" (id=23 ownerUID= ownerName=)
13:44:18 [Party] Player "Soullessmonarcs" (id=3JRWaVBlu0rexFl5dzKjDY8AHl_--AJHXa-aQMieyik=) created a party named Soulless
14:05:16 [SpawnSelection] Player "WolfMadness" (id=c4HSBe2kjxrPMaliQvxlVkqXx1B002mwOfk2xAqaYKQ=) spawned at <4269.422852, 2.289235, 2245.660889>
14:07:10 [Party] Player "Soullessmonarcs" (id=3JRWaVBlu0rexFl5dzKjDY8AHl_--AJHXa-aQMieyik=) invited the player "WolfMadness" (id=c4HSBe2kjxrPMaliQvxlVkqXx1B002mwOfk2xAqaYKQ=)to the party named Soulless
14:07:33 [Party] Player "WolfMadness" (id=c4HSBe2kjxrPMaliQvxlVkqXx1B002mwOfk2xAqaYKQ=) joinded the party "Soulless" (id=23 ownerUID=3JRWaVBlu0rexFl5dzKjDY8AHl_--AJHXa-aQMieyik= ownerName=Soullessmonarcs)
14:16:58 [Safezone] Player "ToyBoxx" (id=YPmBwzH85kJWfGJO1qpoWAVt8hglOIzUgdYaBVNiHFM= pos=<7224.002441, 249.148071, 6839.439941>) Entered the safezone
14:20:52 [Market] Player "ToyBoxx" (id=YPmBwzH85kJWfGJO1qpoWAVt8hglOIzUgdYaBVNiHFM=) has send a requested to sell chickenbreastmeat x1 at the trader "Hunting_Fishing (Boris [Hunting Trader])" in market zone "Outpost 42" (pos=<7196.500000, 252.990005, 6976.500000>).
14:20:53 [Market] Player "ToyBoxx" (id=YPmBwzH85kJWfGJO1qpoWAVt8hglOIzUgdYaBVNiHFM=) has sold chickenbreastmeat x1 at the trader "Hunting_Fishing (Boris [Hunting Trader])" in market zone "Outpost 42" (pos=<7196.500000, 252.990005, 6976.500000>) and got 10.
14:21:01 [Market] Player "ToyBoxx" (id=YPmBwzH85kJWfGJO1qpoWAVt8hglOIzUgdYaBVNiHFM=) has send a requested to sell chickenbreastmeat x1 at the trader "Hunting_Fishing (Boris [Hunting Trader])" in market zone "Outpost 42" (pos=<7196.500000, 252.990005, 6976.500000>).
14:21:02 [Market] Player "ToyBoxx" (id=YPmBwzH85kJWfGJO1qpoWAVt8hglOIzUgdYaBVNiHFM=) has sold chickenbreastmeat x1 at the trader "Hunting_Fishing (Boris [Hunting Trader])" in market zone "Outpost 42" (pos=<7196.500000, 252.990005, 6976.500000>) and got 10.
14:21:40 [Market] Player "ToyBoxx" (id=YPmBwzH85kJWfGJO1qpoWAVt8hglOIzUgdYaBVNiHFM=) has send a requested to sell expansionbanknotehryvnia x10 at the trader "Hunting_Fishing (Boris [Hunting Trader])" in market zone "Outpost 42" (pos=<7196.500000, 252.990005, 6976.500000>).
14:21:40 [Market] Player "ToyBoxx" (id=YPmBwzH85kJWfGJO1qpoWAVt8hglOIzUgdYaBVNiHFM=) has sold expansionbanknotehryvnia x10 at the trader "Hunting_Fishing (Boris [Hunting Trader])" in market zone "Outpost 42" (pos=<7196.500000, 252.990005, 6976.500000>) and got 10.
14:22:01 [Market] Player "ToyBoxx" (id=YPmBwzH85kJWfGJO1qpoWAVt8hglOIzUgdYaBVNiHFM=) has send a requested to sell expansionbanknotehryvnia x20 at the trader "Hunting_Fishing (Boris [Hunting Trader])" in market zone "Outpost 42" (pos=<7196.500000, 252.990005, 6976.500000>).
14:22:01 [Market] Player "ToyBoxx" (id=YPmBwzH85kJWfGJO1qpoWAVt8hglOIzUgdYaBVNiHFM=) has sold expansionbanknotehryvnia x20 at the trader "Hunting_Fishing (Boris [Hunting Trader])" in market zone "Outpost 42" (pos=<7196.500000, 252.990005, 6976.500000>) and got 20.
14:22:23 [Market] Player "ToyBoxx" (id=YPmBwzH85kJWfGJO1qpoWAVt8hglOIzUgdYaBVNiHFM=) has send a requested to sell ruger1022 x1 at the trader "Weapons (Seth [Weapons])" in market zone "Outpost 42" (pos=<7196.500000, 252.990005, 6976.500000>).
14:22:23 [Market] Player "ToyBoxx" (id=YPmBwzH85kJWfGJO1qpoWAVt8hglOIzUgdYaBVNiHFM=) has sold ruger1022 x1 at the trader "Weapons (Seth [Weapons])" in market zone "Outpost 42" (pos=<7196.500000, 252.990005, 6976.500000>) and got 400.
14:22:31 [Market] Player "ToyBoxx" (id=YPmBwzH85kJWfGJO1qpoWAVt8hglOIzUgdYaBVNiHFM=) has send a requested to sell makarovij70 x1 at the trader "Weapons (Seth [Weapons])" in market zone "Outpost 42" (pos=<7196.500000, 252.990005, 6976.500000>).
14:22:31 [Market] Player "ToyBoxx" (id=YPmBwzH85kJWfGJO1qpoWAVt8hglOIzUgdYaBVNiHFM=) has sold makarovij70 x1 at the trader "Weapons (Seth [Weapons])" in market zone "Outpost 42" (pos=<7196.500000, 252.990005, 6976.500000>) and got 50.
14:22:36 [Market] Player "ToyBoxx" (id=YPmBwzH85kJWfGJO1qpoWAVt8hglOIzUgdYaBVNiHFM=) has send a requested to sell barbedbaseballbat x1 at the trader "Weapons (Seth [Weapons])" in market zone "Outpost 42" (pos=<7196.500000, 252.990005, 6976.500000>).
14:22:36 [Market] Player "ToyBoxx" (id=YPmBwzH85kJWfGJO1qpoWAVt8hglOIzUgdYaBVNiHFM=) has sold barbedbaseballbat x1 at the trader "Weapons (Seth [Weapons])" in market zone "Outpost 42" (pos=<7196.500000, 252.990005, 6976.500000>) and got 17.
14:22:53 [Market] Player "ToyBoxx" (id=YPmBwzH85kJWfGJO1qpoWAVt8hglOIzUgdYaBVNiHFM=) has send a requested to sell mag_ij70_8rnd x1 at the trader "Ammo_Attachments (Taiki [Ammo & Attachments])" in market zone "Outpost 42" (pos=<7196.500000, 252.990005, 6976.500000>).
14:22:53 [Market] Player "ToyBoxx" (id=YPmBwzH85kJWfGJO1qpoWAVt8hglOIzUgdYaBVNiHFM=) has sold mag_ij70_8rnd x1 at the trader "Ammo_Attachments (Taiki [Ammo & Attachments])" in market zone "Outpost 42" (pos=<7196.500000, 252.990005, 6976.500000>) and got 27.
14:22:55 [Market] Player "ToyBoxx" (id=YPmBwzH85kJWfGJO1qpoWAVt8hglOIzUgdYaBVNiHFM=) has send a requested to sell mag_ij70_8rnd x1 at the trader "Ammo_Attachments (Taiki [Ammo & Attachments])" in market zone "Outpost 42" (pos=<7196.500000, 252.990005, 6976.500000>).
14:22:55 [Market] Player "ToyBoxx" (id=YPmBwzH85kJWfGJO1qpoWAVt8hglOIzUgdYaBVNiHFM=) has sold mag_ij70_8rnd x1 at the trader "Ammo_Attachments (Taiki [Ammo & Attachments])" in market zone "Outpost 42" (pos=<7196.500000, 252.990005, 6976.500000>) and got 27.
14:22:58 [Party] Player "Soullessmonarcs" (id=3JRWaVBlu0rexFl5dzKjDY8AHl_--AJHXa-aQMieyik=) joinded the party "Soulless" (id=23 ownerUID=3JRWaVBlu0rexFl5dzKjDY8AHl_--AJHXa-aQMieyik= ownerName=Soullessmonarcs)
14:23:06 [SpawnSelection] Player "Soullessmonarcs" (id=3JRWaVBlu0rexFl5dzKjDY8AHl_--AJHXa-aQMieyik=) spawned at <3507.422852, 3.008609, 2101.454590>
14:23:44 [Market] Player "ToyBoxx" (id=YPmBwzH85kJWfGJO1qpoWAVt8hglOIzUgdYaBVNiHFM=) has send a requested to sell personalradio x1 at the trader "Tools_Supplies (Kaito [Tools & Supplies])" in market zone "Outpost 42" (pos=<7196.500000, 252.990005, 6976.500000>).
14:23:44 [Market] Player "ToyBoxx" (id=YPmBwzH85kJWfGJO1qpoWAVt8hglOIzUgdYaBVNiHFM=) has sold personalradio x1 at the trader "Tools_Supplies (Kaito [Tools & Supplies])" in market zone "Outpost 42" (pos=<7196.500000, 252.990005, 6976.500000>) and got 30.
14:23:45 [Market] Player "ToyBoxx" (id=YPmBwzH85kJWfGJO1qpoWAVt8hglOIzUgdYaBVNiHFM=) has send a requested to sell battery9v x1 at the trader "Tools_Supplies (Kaito [Tools & Supplies])" in market zone "Outpost 42" (pos=<7196.500000, 252.990005, 6976.500000>).
14:23:46 [Market] Player "ToyBoxx" (id=YPmBwzH85kJWfGJO1qpoWAVt8hglOIzUgdYaBVNiHFM=) has sold battery9v x1 at the trader "Tools_Supplies (Kaito [Tools & Supplies])" in market zone "Outpost 42" (pos=<7196.500000, 252.990005, 6976.500000>) and got 2.
14:23:51 [Market] Player "ToyBoxx" (id=YPmBwzH85kJWfGJO1qpoWAVt8hglOIzUgdYaBVNiHFM=) has send a requested to sell chemlight_green x1 at the trader "Tools_Supplies (Kaito [Tools & Supplies])" in market zone "Outpost 42" (pos=<7196.500000, 252.990005, 6976.500000>).
14:23:51 [Market] Player "ToyBoxx" (id=YPmBwzH85kJWfGJO1qpoWAVt8hglOIzUgdYaBVNiHFM=) has sold chemlight_green x1 at the trader "Tools_Supplies (Kaito [Tools & Supplies])" in market zone "Outpost 42" (pos=<7196.500000, 252.990005, 6976.500000>) and got 0.
14:23:54 [Market] Player "ToyBoxx" (id=YPmBwzH85kJWfGJO1qpoWAVt8hglOIzUgdYaBVNiHFM=) has send a requested to sell leathersewingkit x1 at the trader "Tools_Supplies (Kaito [Tools & Supplies])" in market zone "Outpost 42" (pos=<7196.500000, 252.990005, 6976.500000>).
14:23:54 [Market] Player "ToyBoxx" (id=YPmBwzH85kJWfGJO1qpoWAVt8hglOIzUgdYaBVNiHFM=) has sold leathersewingkit x1 at the trader "Tools_Supplies (Kaito [Tools & Supplies])" in market zone "Outpost 42" (pos=<7196.500000, 252.990005, 6976.500000>) and got 12.
14:23:58 [Market] Player "ToyBoxx" (id=YPmBwzH85kJWfGJO1qpoWAVt8hglOIzUgdYaBVNiHFM=) has send a requested to sell nailbox x1 at the trader "Tools_Supplies (Kaito [Tools & Supplies])" in market zone "Outpost 42" (pos=<7196.500000, 252.990005, 6976.500000>).
14:23:58 [Market] Player "ToyBoxx" (id=YPmBwzH85kJWfGJO1qpoWAVt8hglOIzUgdYaBVNiHFM=) has sold nailbox x1 at the trader "Tools_Supplies (Kaito [Tools & Supplies])" in market zone "Outpost 42" (pos=<7196.500000, 252.990005, 6976.500000>) and got 125.
14:24:02 [Market] Player "ToyBoxx" (id=YPmBwzH85kJWfGJO1qpoWAVt8hglOIzUgdYaBVNiHFM=) has send a requested to sell lockpick x1 at the trader "Tools_Supplies (Kaito [Tools & Supplies])" in market zone "Outpost 42" (pos=<7196.500000, 252.990005, 6976.500000>).
14:24:02 [Market] Player "ToyBoxx" (id=YPmBwzH85kJWfGJO1qpoWAVt8hglOIzUgdYaBVNiHFM=) has sold lockpick x1 at the trader "Tools_Supplies (Kaito [Tools & Supplies])" in market zone "Outpost 42" (pos=<7196.500000, 252.990005, 6976.500000>) and got 38.
14:24:37 [Market] Player "ToyBoxx" (id=YPmBwzH85kJWfGJO1qpoWAVt8hglOIzUgdYaBVNiHFM=) has send a requested to sell combatboots_beige x1 at the trader "MilitaryGear (Judy [Military Gear])" in market zone "Outpost 42" (pos=<7196.500000, 252.990005, 6976.500000>).
14:24:37 [Market] Player "ToyBoxx" (id=YPmBwzH85kJWfGJO1qpoWAVt8hglOIzUgdYaBVNiHFM=) has sold combatboots_beige x1 at the trader "MilitaryGear (Judy [Military Gear])" in market zone "Outpost 42" (pos=<7196.500000, 252.990005, 6976.500000>) and got 30.
14:24:38 [Market] Player "ToyBoxx" (id=YPmBwzH85kJWfGJO1qpoWAVt8hglOIzUgdYaBVNiHFM=) has send a requested to purchase militaryboots_redpunk x1 from the trader "MilitaryGear (Judy [Military Gear])" in market zone "Outpost 42" (pos=<7196.500000, 252.990005, 6976.500000>).
14:24:38 [Market] Player "ToyBoxx" (id=YPmBwzH85kJWfGJO1qpoWAVt8hglOIzUgdYaBVNiHFM=) has bought militaryboots_redpunk x1 from the trader "MilitaryGear (Judy [Military Gear])" in market zone "Outpost 42" (pos=<7196.500000, 252.990005, 6976.500000>) for a price of 100.
14:24:58 [Market] Player "ToyBoxx" (id=YPmBwzH85kJWfGJO1qpoWAVt8hglOIzUgdYaBVNiHFM=) has send a requested to purchase omnogloves_gray x1 from the trader "MilitaryGear (Judy [Military Gear])" in market zone "Outpost 42" (pos=<7196.500000, 252.990005, 6976.500000>).
14:24:58 [Market] Player "ToyBoxx" (id=YPmBwzH85kJWfGJO1qpoWAVt8hglOIzUgdYaBVNiHFM=) has bought omnogloves_gray x1 from the trader "MilitaryGear (Judy [Military Gear])" in market zone "Outpost 42" (pos=<7196.500000, 252.990005, 6976.500000>) for a price of 40.
14:25:15 [Market] Player "ToyBoxx" (id=YPmBwzH85kJWfGJO1qpoWAVt8hglOIzUgdYaBVNiHFM=) has send a requested to purchase mvs_balaclava_wraith x1 from the trader "MilitaryGear (Judy [Military Gear])" in market zone "Outpost 42" (pos=<7196.500000, 252.990005, 6976.500000>).
14:25:15 [Market] Player "ToyBoxx" (id=YPmBwzH85kJWfGJO1qpoWAVt8hglOIzUgdYaBVNiHFM=) has bought mvs_balaclava_wraith x1 from the trader "MilitaryGear (Judy [Military Gear])" in market zone "Outpost 42" (pos=<7196.500000, 252.990005, 6976.500000>) for a price of 550.
14:26:57 [Market] Player "ToyBoxx" (id=YPmBwzH85kJWfGJO1qpoWAVt8hglOIzUgdYaBVNiHFM=) has send a requested to sell expansionbanknotehryvnia x1 at the trader "CivilianGear (Frida [Civilian Gear])" in market zone "Outpost 42" (pos=<7196.500000, 252.990005, 6976.500000>).
14:26:57 [Market] Player "ToyBoxx" (id=YPmBwzH85kJWfGJO1qpoWAVt8hglOIzUgdYaBVNiHFM=) has sold expansionbanknotehryvnia x1 at the trader "CivilianGear (Frida [Civilian Gear])" in market zone "Outpost 42" (pos=<7196.500000, 252.990005, 6976.500000>) and got 1.
14:27:00 [Market] Player "ToyBoxx" (id=YPmBwzH85kJWfGJO1qpoWAVt8hglOIzUgdYaBVNiHFM=) has send a requested to sell expansionbanknotehryvnia x1 at the trader "CivilianGear (Frida [Civilian Gear])" in market zone "Outpost 42" (pos=<7196.500000, 252.990005, 6976.500000>).
14:27:00 [Market] Player "ToyBoxx" (id=YPmBwzH85kJWfGJO1qpoWAVt8hglOIzUgdYaBVNiHFM=) has sold expansionbanknotehryvnia x1 at the trader "CivilianGear (Frida [Civilian Gear])" in market zone "Outpost 42" (pos=<7196.500000, 252.990005, 6976.500000>) and got 1.
14:27:01 [Market] Player "ToyBoxx" (id=YPmBwzH85kJWfGJO1qpoWAVt8hglOIzUgdYaBVNiHFM=) has send a requested to sell expansionbanknotehryvnia x1 at the trader "CivilianGear (Frida [Civilian Gear])" in market zone "Outpost 42" (pos=<7196.500000, 252.990005, 6976.500000>).
14:27:01 [Market] Player "ToyBoxx" (id=YPmBwzH85kJWfGJO1qpoWAVt8hglOIzUgdYaBVNiHFM=) has sold expansionbanknotehryvnia x1 at the trader "CivilianGear (Frida [Civilian Gear])" in market zone "Outpost 42" (pos=<7196.500000, 252.990005, 6976.500000>) and got 1.
14:27:02 [Market] Player "ToyBoxx" (id=YPmBwzH85kJWfGJO1qpoWAVt8hglOIzUgdYaBVNiHFM=) has send a requested to sell expansionbanknotehryvnia x1 at the trader "CivilianGear (Frida [Civilian Gear])" in market zone "Outpost 42" (pos=<7196.500000, 252.990005, 6976.500000>).
14:27:02 [Market] Player "ToyBoxx" (id=YPmBwzH85kJWfGJO1qpoWAVt8hglOIzUgdYaBVNiHFM=) has sold expansionbanknotehryvnia x1 at the trader "CivilianGear (Frida [Civilian Gear])" in market zone "Outpost 42" (pos=<7196.500000, 252.990005, 6976.500000>) and got 1.
14:27:02 [Market] Player "ToyBoxx" (id=YPmBwzH85kJWfGJO1qpoWAVt8hglOIzUgdYaBVNiHFM=) has send a requested to sell expansionbanknotehryvnia x1 at the trader "CivilianGear (Frida [Civilian Gear])" in market zone "Outpost 42" (pos=<7196.500000, 252.990005, 6976.500000>).
14:27:02 [Market] Player "ToyBoxx" (id=YPmBwzH85kJWfGJO1qpoWAVt8hglOIzUgdYaBVNiHFM=) has sold expansionbanknotehryvnia x1 at the trader "CivilianGear (Frida [Civilian Gear])" in market zone "Outpost 42" (pos=<7196.500000, 252.990005, 6976.500000>) and got 1.
14:27:03 [Market] Player "ToyBoxx" (id=YPmBwzH85kJWfGJO1qpoWAVt8hglOIzUgdYaBVNiHFM=) has send a requested to sell expansionbanknotehryvnia x1 at the trader "CivilianGear (Frida [Civilian Gear])" in market zone "Outpost 42" (pos=<7196.500000, 252.990005, 6976.500000>).
14:27:03 [Market] Player "ToyBoxx" (id=YPmBwzH85kJWfGJO1qpoWAVt8hglOIzUgdYaBVNiHFM=) has sold expansionbanknotehryvnia x1 at the trader "CivilianGear (Frida [Civilian Gear])" in market zone "Outpost 42" (pos=<7196.500000, 252.990005, 6976.500000>) and got 1.
14:27:03 [Market] Player "ToyBoxx" (id=YPmBwzH85kJWfGJO1qpoWAVt8hglOIzUgdYaBVNiHFM=) has send a requested to sell expansionbanknotehryvnia x1 at the trader "CivilianGear (Frida [Civilian Gear])" in market zone "Outpost 42" (pos=<7196.500000, 252.990005, 6976.500000>).
14:27:03 [Market] Player "ToyBoxx" (id=YPmBwzH85kJWfGJO1qpoWAVt8hglOIzUgdYaBVNiHFM=) has sold expansionbanknotehryvnia x1 at the trader "CivilianGear (Frida [Civilian Gear])" in market zone "Outpost 42" (pos=<7196.500000, 252.990005, 6976.500000>) and got 1.
14:27:04 [Market] Player "ToyBoxx" (id=YPmBwzH85kJWfGJO1qpoWAVt8hglOIzUgdYaBVNiHFM=) has send a requested to sell expansionbanknotehryvnia x1 at the trader "CivilianGear (Frida [Civilian Gear])" in market zone "Outpost 42" (pos=<7196.500000, 252.990005, 6976.500000>).
14:27:04 [Market] Player "ToyBoxx" (id=YPmBwzH85kJWfGJO1qpoWAVt8hglOIzUgdYaBVNiHFM=) has sold expansionbanknotehryvnia x1 at the trader "CivilianGear (Frida [Civilian Gear])" in market zone "Outpost 42" (pos=<7196.500000, 252.990005, 6976.500000>) and got 1.
14:27:05 [Market] Player "ToyBoxx" (id=YPmBwzH85kJWfGJO1qpoWAVt8hglOIzUgdYaBVNiHFM=) has send a requested to sell expansionbanknotehryvnia x1 at the trader "CivilianGear (Frida [Civilian Gear])" in market zone "Outpost 42" (pos=<7196.500000, 252.990005, 6976.500000>).
14:27:05 [Market] Player "ToyBoxx" (id=YPmBwzH85kJWfGJO1qpoWAVt8hglOIzUgdYaBVNiHFM=) has sold expansionbanknotehryvnia x1 at the trader "CivilianGear (Frida [Civilian Gear])" in market zone "Outpost 42" (pos=<7196.500000, 252.990005, 6976.500000>) and got 1.
14:27:05 [Market] Player "ToyBoxx" (id=YPmBwzH85kJWfGJO1qpoWAVt8hglOIzUgdYaBVNiHFM=) has send a requested to sell expansionbanknotehryvnia x1 at the trader "CivilianGear (Frida [Civilian Gear])" in market zone "Outpost 42" (pos=<7196.500000, 252.990005, 6976.500000>).
14:27:05 [Market] Player "ToyBoxx" (id=YPmBwzH85kJWfGJO1qpoWAVt8hglOIzUgdYaBVNiHFM=) has sold expansionbanknotehryvnia x1 at the trader "CivilianGear (Frida [Civilian Gear])" in market zone "Outpost 42" (pos=<7196.500000, 252.990005, 6976.500000>) and got 1.
14:27:05 [Market] Player "ToyBoxx" (id=YPmBwzH85kJWfGJO1qpoWAVt8hglOIzUgdYaBVNiHFM=) has send a requested to sell expansionbanknotehryvnia x1 at the trader "CivilianGear (Frida [Civilian Gear])" in market zone "Outpost 42" (pos=<7196.500000, 252.990005, 6976.500000>).
14:27:05 [Market] Player "ToyBoxx" (id=YPmBwzH85kJWfGJO1qpoWAVt8hglOIzUgdYaBVNiHFM=) has sold expansionbanknotehryvnia x1 at the trader "CivilianGear (Frida [Civilian Gear])" in market zone "Outpost 42" (pos=<7196.500000, 252.990005, 6976.500000>) and got 1.
14:27:06 [Market] Player "ToyBoxx" (id=YPmBwzH85kJWfGJO1qpoWAVt8hglOIzUgdYaBVNiHFM=) has send a requested to sell expansionbanknotehryvnia x1 at the trader "CivilianGear (Frida [Civilian Gear])" in market zone "Outpost 42" (pos=<7196.500000, 252.990005, 6976.500000>).
14:27:06 [Market] Player "ToyBoxx" (id=YPmBwzH85kJWfGJO1qpoWAVt8hglOIzUgdYaBVNiHFM=) has sold expansionbanknotehryvnia x1 at the trader "CivilianGear (Frida [Civilian Gear])" in market zone "Outpost 42" (pos=<7196.500000, 252.990005, 6976.500000>) and got 1.
14:27:06 [Market] Player "ToyBoxx" (id=YPmBwzH85kJWfGJO1qpoWAVt8hglOIzUgdYaBVNiHFM=) has send a requested to sell expansionbanknotehryvnia x1 at the trader "CivilianGear (Frida [Civilian Gear])" in market zone "Outpost 42" (pos=<7196.500000, 252.990005, 6976.500000>).
14:27:06 [Market] Player "ToyBoxx" (id=YPmBwzH85kJWfGJO1qpoWAVt8hglOIzUgdYaBVNiHFM=) has sold expansionbanknotehryvnia x1 at the trader "CivilianGear (Frida [Civilian Gear])" in market zone "Outpost 42" (pos=<7196.500000, 252.990005, 6976.500000>) and got 1.
14:27:40 [Market] Player "ToyBoxx" (id=YPmBwzH85kJWfGJO1qpoWAVt8hglOIzUgdYaBVNiHFM=) has send a requested to sell expansionbanknotehryvnia x80 at the trader "CivilianGear (Frida [Civilian Gear])" in market zone "Outpost 42" (pos=<7196.500000, 252.990005, 6976.500000>).
14:27:40 [Market] Player "ToyBoxx" (id=YPmBwzH85kJWfGJO1qpoWAVt8hglOIzUgdYaBVNiHFM=) has sold expansionbanknotehryvnia x80 at the trader "CivilianGear (Frida [Civilian Gear])" in market zone "Outpost 42" (pos=<7196.500000, 252.990005, 6976.500000>) and got 80.
14:29:03 [Market] Player "ToyBoxx" (id=YPmBwzH85kJWfGJO1qpoWAVt8hglOIzUgdYaBVNiHFM=) has send a requested to sell workinggloves_black x1 at the trader "CivilianGear (Frida [Civilian Gear])" in market zone "Outpost 42" (pos=<7196.500000, 252.990005, 6976.500000>).
14:29:03 [Market] Player "ToyBoxx" (id=YPmBwzH85kJWfGJO1qpoWAVt8hglOIzUgdYaBVNiHFM=) has sold workinggloves_black x1 at the trader "CivilianGear (Frida [Civilian Gear])" in market zone "Outpost 42" (pos=<7196.500000, 252.990005, 6976.500000>) and got 12.
14:29:07 [Market] Player "ToyBoxx" (id=YPmBwzH85kJWfGJO1qpoWAVt8hglOIzUgdYaBVNiHFM=) has send a requested to sell militarygear_beanie_partizanm x1 at the trader "CivilianGear (Frida [Civilian Gear])" in market zone "Outpost 42" (pos=<7196.500000, 252.990005, 6976.500000>).
14:29:07 [Market] Player "ToyBoxx" (id=YPmBwzH85kJWfGJO1qpoWAVt8hglOIzUgdYaBVNiHFM=) has sold militarygear_beanie_partizanm x1 at the trader "CivilianGear (Frida [Civilian Gear])" in market zone "Outpost 42" (pos=<7196.500000, 252.990005, 6976.500000>) and got 15.
14:30:07 [Market] Player "ToyBoxx" (id=YPmBwzH85kJWfGJO1qpoWAVt8hglOIzUgdYaBVNiHFM=) has send a requested to purchase bdupants x1 from the trader "MilitaryGear (Judy [Military Gear])" in market zone "Outpost 42" (pos=<7196.500000, 252.990005, 6976.500000>).
14:30:07 [Market] Player "ToyBoxx" (id=YPmBwzH85kJWfGJO1qpoWAVt8hglOIzUgdYaBVNiHFM=) has bought bdupants x1 from the trader "MilitaryGear (Judy [Military Gear])" in market zone "Outpost 42" (pos=<7196.500000, 252.990005, 6976.500000>) for a price of 65.
14:31:12 [Market] Player "ToyBoxx" (id=YPmBwzH85kJWfGJO1qpoWAVt8hglOIzUgdYaBVNiHFM=) has send a requested to sell cargopants_grey x1 at the trader "CivilianGear (Frida [Civilian Gear])" in market zone "Outpost 42" (pos=<7196.500000, 252.990005, 6976.500000>).
14:31:12 [Market] Player "ToyBoxx" (id=YPmBwzH85kJWfGJO1qpoWAVt8hglOIzUgdYaBVNiHFM=) has sold cargopants_grey x1 at the trader "CivilianGear (Frida [Civilian Gear])" in market zone "Outpost 42" (pos=<7196.500000, 252.990005, 6976.500000>) and got 13.
14:32:01 [Market] Player "ToyBoxx" (id=YPmBwzH85kJWfGJO1qpoWAVt8hglOIzUgdYaBVNiHFM=) has send a requested to sell huntingbag x1 at the trader "CivilianGear (Frida [Civilian Gear])" in market zone "Outpost 42" (pos=<7196.500000, 252.990005, 6976.500000>).
14:32:01 [Market] Player "ToyBoxx" (id=YPmBwzH85kJWfGJO1qpoWAVt8hglOIzUgdYaBVNiHFM=) has sold huntingbag x1 at the trader "CivilianGear (Frida [Civilian Gear])" in market zone "Outpost 42" (pos=<7196.500000, 252.990005, 6976.500000>) and got 16.
14:34:16 [Market] Player "ToyBoxx" (id=YPmBwzH85kJWfGJO1qpoWAVt8hglOIzUgdYaBVNiHFM=) has send a requested to sell purificationtablets x1 at the trader "Medic (Lewis [Medic])" in market zone "Outpost 42" (pos=<7196.500000, 252.990005, 6976.500000>).
14:34:16 [Market] Player "ToyBoxx" (id=YPmBwzH85kJWfGJO1qpoWAVt8hglOIzUgdYaBVNiHFM=) has sold purificationtablets x1 at the trader "Medic (Lewis [Medic])" in market zone "Outpost 42" (pos=<7196.500000, 252.990005, 6976.500000>) and got 8.
14:34:20 [Market] Player "ToyBoxx" (id=YPmBwzH85kJWfGJO1qpoWAVt8hglOIzUgdYaBVNiHFM=) has send a requested to sell startkitiv x1 at the trader "Medic (Lewis [Medic])" in market zone "Outpost 42" (pos=<7196.500000, 252.990005, 6976.500000>).
14:34:20 [Market] Player "ToyBoxx" (id=YPmBwzH85kJWfGJO1qpoWAVt8hglOIzUgdYaBVNiHFM=) has sold startkitiv x1 at the trader "Medic (Lewis [Medic])" in market zone "Outpost 42" (pos=<7196.500000, 252.990005, 6976.500000>) and got 25.
14:34:56 [Market] Player "ToyBoxx" (id=YPmBwzH85kJWfGJO1qpoWAVt8hglOIzUgdYaBVNiHFM=) has send a requested to purchase taloonbag_blue x1 from the trader "CivilianGear (Frida [Civilian Gear])" in market zone "Outpost 42" (pos=<7196.500000, 252.990005, 6976.500000>).
14:34:56 [Market] Player "ToyBoxx" (id=YPmBwzH85kJWfGJO1qpoWAVt8hglOIzUgdYaBVNiHFM=) has bought taloonbag_blue x1 from the trader "CivilianGear (Frida [Civilian Gear])" in market zone "Outpost 42" (pos=<7196.500000, 252.990005, 6976.500000>) for a price of 50.
14:36:17 [Market] Player "ToyBoxx" (id=YPmBwzH85kJWfGJO1qpoWAVt8hglOIzUgdYaBVNiHFM=) has send a requested to purchase sardinescan x1 from the trader "Consumables (Irena [Consumables])" in market zone "Outpost 42" (pos=<7196.500000, 252.990005, 6976.500000>).
14:36:17 [Market] Player "ToyBoxx" (id=YPmBwzH85kJWfGJO1qpoWAVt8hglOIzUgdYaBVNiHFM=) has bought sardinescan x1 from the trader "Consumables (Irena [Consumables])" in market zone "Outpost 42" (pos=<7196.500000, 252.990005, 6976.500000>) for a price of 20.
14:36:19 [Market] Player "ToyBoxx" (id=YPmBwzH85kJWfGJO1qpoWAVt8hglOIzUgdYaBVNiHFM=) has send a requested to purchase tunacan x1 from the trader "Consumables (Irena [Consumables])" in market zone "Outpost 42" (pos=<7196.500000, 252.990005, 6976.500000>).
14:36:19 [Market] Player "ToyBoxx" (id=YPmBwzH85kJWfGJO1qpoWAVt8hglOIzUgdYaBVNiHFM=) has bought tunacan x1 from the trader "Consumables (Irena [Consumables])" in market zone "Outpost 42" (pos=<7196.500000, 252.990005, 6976.500000>) for a price of 10.
14:36:37 [Market] Player "ToyBoxx" (id=YPmBwzH85kJWfGJO1qpoWAVt8hglOIzUgdYaBVNiHFM=) has send a requested to purchase sodacan_kvass x1 from the trader "Consumables (Irena [Consumables])" in market zone "Outpost 42" (pos=<7196.500000, 252.990005, 6976.500000>).
14:36:37 [Market] Player "ToyBoxx" (id=YPmBwzH85kJWfGJO1qpoWAVt8hglOIzUgdYaBVNiHFM=) has bought sodacan_kvass x1 from the trader "Consumables (Irena [Consumables])" in market zone "Outpost 42" (pos=<7196.500000, 252.990005, 6976.500000>) for a price of 10.
14:36:44 [Market] Player "ToyBoxx" (id=YPmBwzH85kJWfGJO1qpoWAVt8hglOIzUgdYaBVNiHFM=) has send a requested to purchase sodacan_spite x1 from the trader "Consumables (Irena [Consumables])" in market zone "Outpost 42" (pos=<7196.500000, 252.990005, 6976.500000>).
14:36:44 [Market] Player "ToyBoxx" (id=YPmBwzH85kJWfGJO1qpoWAVt8hglOIzUgdYaBVNiHFM=) has bought sodacan_spite x1 from the trader "Consumables (Irena [Consumables])" in market zone "Outpost 42" (pos=<7196.500000, 252.990005, 6976.500000>) for a price of 10.
14:37:05 [Market] Player "ToyBoxx" (id=YPmBwzH85kJWfGJO1qpoWAVt8hglOIzUgdYaBVNiHFM=) has send a requested to purchase pajka x1 from the trader "Consumables (Irena [Consumables])" in market zone "Outpost 42" (pos=<7196.500000, 252.990005, 6976.500000>).
14:37:05 [Market] Player "ToyBoxx" (id=YPmBwzH85kJWfGJO1qpoWAVt8hglOIzUgdYaBVNiHFM=) has bought pajka x1 from the trader "Consumables (Irena [Consumables])" in market zone "Outpost 42" (pos=<7196.500000, 252.990005, 6976.500000>) for a price of 10.
14:41:49 [Safezone] Player "ToyBoxx" (id=YPmBwzH85kJWfGJO1qpoWAVt8hglOIzUgdYaBVNiHFM= pos=<7154.541016, 261.282928, 7176.578125>) Left the safezone
14:57:46 [Safezone] Player "ToyBoxx" (id=YPmBwzH85kJWfGJO1qpoWAVt8hglOIzUgdYaBVNiHFM= pos=<7138.386719, 264.503387, 7103.758301>) Entered the safezone
14:58:43 [Market] Player "ToyBoxx" (id=YPmBwzH85kJWfGJO1qpoWAVt8hglOIzUgdYaBVNiHFM=) has send a requested to sell cz75 x1 at the trader "Weapons (Seth [Weapons])" in market zone "Outpost 42" (pos=<7196.500000, 252.990005, 6976.500000>).
14:58:43 [Market] Player "ToyBoxx" (id=YPmBwzH85kJWfGJO1qpoWAVt8hglOIzUgdYaBVNiHFM=) has sold cz75 x1 at the trader "Weapons (Seth [Weapons])" in market zone "Outpost 42" (pos=<7196.500000, 252.990005, 6976.500000>) and got 250.
14:58:48 [Market] Player "ToyBoxx" (id=YPmBwzH85kJWfGJO1qpoWAVt8hglOIzUgdYaBVNiHFM=) has send a requested to sell cz61 x1 at the trader "Weapons (Seth [Weapons])" in market zone "Outpost 42" (pos=<7196.500000, 252.990005, 6976.500000>).
14:58:48 [Market] Player "ToyBoxx" (id=YPmBwzH85kJWfGJO1qpoWAVt8hglOIzUgdYaBVNiHFM=) has sold cz61 x1 at the trader "Weapons (Seth [Weapons])" in market zone "Outpost 42" (pos=<7196.500000, 252.990005, 6976.500000>) and got 300.
14:59:05 [Market] Player "ToyBoxx" (id=YPmBwzH85kJWfGJO1qpoWAVt8hglOIzUgdYaBVNiHFM=) has send a requested to sell ammo_308win x1 at the trader "Ammo_Attachments (Taiki [Ammo & Attachments])" in market zone "Outpost 42" (pos=<7196.500000, 252.990005, 6976.500000>).
14:59:05 [Market] Player "ToyBoxx" (id=YPmBwzH85kJWfGJO1qpoWAVt8hglOIzUgdYaBVNiHFM=) has sold ammo_308win x1 at the trader "Ammo_Attachments (Taiki [Ammo & Attachments])" in market zone "Outpost 42" (pos=<7196.500000, 252.990005, 6976.500000>) and got 1.
14:59:07 [Market] Player "ToyBoxx" (id=YPmBwzH85kJWfGJO1qpoWAVt8hglOIzUgdYaBVNiHFM=) has send a requested to sell ammo_308win x1 at the trader "Ammo_Attachments (Taiki [Ammo & Attachments])" in market zone "Outpost 42" (pos=<7196.500000, 252.990005, 6976.500000>).
14:59:07 [Market] Player "ToyBoxx" (id=YPmBwzH85kJWfGJO1qpoWAVt8hglOIzUgdYaBVNiHFM=) has sold ammo_308win x1 at the trader "Ammo_Attachments (Taiki [Ammo & Attachments])" in market zone "Outpost 42" (pos=<7196.500000, 252.990005, 6976.500000>) and got 1.
14:59:20 [Market] Player "ToyBoxx" (id=YPmBwzH85kJWfGJO1qpoWAVt8hglOIzUgdYaBVNiHFM=) has send a requested to sell ammo_308win x19 at the trader "Ammo_Attachments (Taiki [Ammo & Attachments])" in market zone "Outpost 42" (pos=<7196.500000, 252.990005, 6976.500000>).
14:59:20 [Market] Player "ToyBoxx" (id=YPmBwzH85kJWfGJO1qpoWAVt8hglOIzUgdYaBVNiHFM=) has sold ammo_308win x19 at the trader "Ammo_Attachments (Taiki [Ammo & Attachments])" in market zone "Outpost 42" (pos=<7196.500000, 252.990005, 6976.500000>) and got 19.
15:00:20 [Market] Player "ToyBoxx" (id=YPmBwzH85kJWfGJO1qpoWAVt8hglOIzUgdYaBVNiHFM=) has send a requested to sell nylonknifesheath x1 at the trader "MilitaryGear (Judy [Military Gear])" in market zone "Outpost 42" (pos=<7196.500000, 252.990005, 6976.500000>).
15:00:20 [Market] Player "ToyBoxx" (id=YPmBwzH85kJWfGJO1qpoWAVt8hglOIzUgdYaBVNiHFM=) has sold nylonknifesheath x1 at the trader "MilitaryGear (Judy [Military Gear])" in market zone "Outpost 42" (pos=<7196.500000, 252.990005, 6976.500000>) and got 8.
15:00:51 [Market] Player "ToyBoxx" (id=YPmBwzH85kJWfGJO1qpoWAVt8hglOIzUgdYaBVNiHFM=) has send a requested to sell mvs_utility_pouch_tan x1 at the trader "MilitaryGear (Judy [Military Gear])" in market zone "Outpost 42" (pos=<7196.500000, 252.990005, 6976.500000>).
15:00:51 [Market] Player "ToyBoxx" (id=YPmBwzH85kJWfGJO1qpoWAVt8hglOIzUgdYaBVNiHFM=) has sold mvs_utility_pouch_tan x1 at the trader "MilitaryGear (Judy [Military Gear])" in market zone "Outpost 42" (pos=<7196.500000, 252.990005, 6976.500000>) and got 100.
15:04:18 [Market] Player "ToyBoxx" (id=YPmBwzH85kJWfGJO1qpoWAVt8hglOIzUgdYaBVNiHFM=) has send a requested to purchase canopener x1 from the trader "Tools_Supplies (Kaito [Tools & Supplies])" in market zone "Outpost 42" (pos=<7196.500000, 252.990005, 6976.500000>).
15:04:18 [Market] Player "ToyBoxx" (id=YPmBwzH85kJWfGJO1qpoWAVt8hglOIzUgdYaBVNiHFM=) has bought canopener x1 from the trader "Tools_Supplies (Kaito [Tools & Supplies])" in market zone "Outpost 42" (pos=<7196.500000, 252.990005, 6976.500000>) for a price of 10.
15:04:20 [Market] Player "ToyBoxx" (id=YPmBwzH85kJWfGJO1qpoWAVt8hglOIzUgdYaBVNiHFM=) has send a requested to purchase fryingpan x1 from the trader "Tools_Supplies (Kaito [Tools & Supplies])" in market zone "Outpost 42" (pos=<7196.500000, 252.990005, 6976.500000>).
15:04:20 [Market] Player "ToyBoxx" (id=YPmBwzH85kJWfGJO1qpoWAVt8hglOIzUgdYaBVNiHFM=) has bought fryingpan x1 from the trader "Tools_Supplies (Kaito [Tools & Supplies])" in market zone "Outpost 42" (pos=<7196.500000, 252.990005, 6976.500000>) for a price of 5.
15:04:23 [Party] Player "WolfMadness" (id=c4HSBe2kjxrPMaliQvxlVkqXx1B002mwOfk2xAqaYKQ=) joinded the party "Soulless" (id=23 ownerUID=3JRWaVBlu0rexFl5dzKjDY8AHl_--AJHXa-aQMieyik= ownerName=Soullessmonarcs)
15:04:39 [Market] Player "ToyBoxx" (id=YPmBwzH85kJWfGJO1qpoWAVt8hglOIzUgdYaBVNiHFM=) has send a requested to purchase flashlight x1 from the trader "Tools_Supplies (Kaito [Tools & Supplies])" in market zone "Outpost 42" (pos=<7196.500000, 252.990005, 6976.500000>).
15:04:39 [Market] Player "ToyBoxx" (id=YPmBwzH85kJWfGJO1qpoWAVt8hglOIzUgdYaBVNiHFM=) has bought flashlight x1 from the trader "Tools_Supplies (Kaito [Tools & Supplies])" in market zone "Outpost 42" (pos=<7196.500000, 252.990005, 6976.500000>) for a price of 25.
15:04:43 [Market] Player "ToyBoxx" (id=YPmBwzH85kJWfGJO1qpoWAVt8hglOIzUgdYaBVNiHFM=) has send a requested to purchase petrollighter x1 from the trader "Tools_Supplies (Kaito [Tools & Supplies])" in market zone "Outpost 42" (pos=<7196.500000, 252.990005, 6976.500000>).
15:04:43 [Market] Player "ToyBoxx" (id=YPmBwzH85kJWfGJO1qpoWAVt8hglOIzUgdYaBVNiHFM=) has bought petrollighter x1 from the trader "Tools_Supplies (Kaito [Tools & Supplies])" in market zone "Outpost 42" (pos=<7196.500000, 252.990005, 6976.500000>) for a price of 50.
15:04:57 [SpawnSelection] Player "WolfMadness" (id=c4HSBe2kjxrPMaliQvxlVkqXx1B002mwOfk2xAqaYKQ=) spawned at <2164.700195, 2.728014, 2049.443848>
15:05:48 [Market] Player "ToyBoxx" (id=YPmBwzH85kJWfGJO1qpoWAVt8hglOIzUgdYaBVNiHFM=) has send a requested to purchase handsaw x1 from the trader "Tools_Supplies (Kaito [Tools & Supplies])" in market zone "Outpost 42" (pos=<7196.500000, 252.990005, 6976.500000>).
15:05:48 [Market] Player "ToyBoxx" (id=YPmBwzH85kJWfGJO1qpoWAVt8hglOIzUgdYaBVNiHFM=) has bought handsaw x1 from the trader "Tools_Supplies (Kaito [Tools & Supplies])" in market zone "Outpost 42" (pos=<7196.500000, 252.990005, 6976.500000>) for a price of 500.
15:06:36 [Market] Player "ToyBoxx" (id=YPmBwzH85kJWfGJO1qpoWAVt8hglOIzUgdYaBVNiHFM=) has send a requested to purchase greenbellpepper x1 from the trader "Consumables (Irena [Consumables])" in market zone "Outpost 42" (pos=<7196.500000, 252.990005, 6976.500000>).
15:06:36 [Market] Player "ToyBoxx" (id=YPmBwzH85kJWfGJO1qpoWAVt8hglOIzUgdYaBVNiHFM=) has bought greenbellpepper x1 from the trader "Consumables (Irena [Consumables])" in market zone "Outpost 42" (pos=<7196.500000, 252.990005, 6976.500000>) for a price of 7.
15:06:38 [Market] Player "ToyBoxx" (id=YPmBwzH85kJWfGJO1qpoWAVt8hglOIzUgdYaBVNiHFM=) has send a requested to purchase apple x1 from the trader "Consumables (Irena [Consumables])" in market zone "Outpost 42" (pos=<7196.500000, 252.990005, 6976.500000>).
15:06:38 [Market] Player "ToyBoxx" (id=YPmBwzH85kJWfGJO1qpoWAVt8hglOIzUgdYaBVNiHFM=) has bought apple x1 from the trader "Consumables (Irena [Consumables])" in market zone "Outpost 42" (pos=<7196.500000, 252.990005, 6976.500000>) for a price of 7.
15:06:39 [Market] Player "ToyBoxx" (id=YPmBwzH85kJWfGJO1qpoWAVt8hglOIzUgdYaBVNiHFM=) has send a requested to purchase pear x1 from the trader "Consumables (Irena [Consumables])" in market zone "Outpost 42" (pos=<7196.500000, 252.990005, 6976.500000>).
15:06:39 [Market] Player "ToyBoxx" (id=YPmBwzH85kJWfGJO1qpoWAVt8hglOIzUgdYaBVNiHFM=) has bought pear x1 from the trader "Consumables (Irena [Consumables])" in market zone "Outpost 42" (pos=<7196.500000, 252.990005, 6976.500000>) for a price of 7.
15:06:41 [Market] Player "ToyBoxx" (id=YPmBwzH85kJWfGJO1qpoWAVt8hglOIzUgdYaBVNiHFM=) has send a requested to purchase tomato x1 from the trader "Consumables (Irena [Consumables])" in market zone "Outpost 42" (pos=<7196.500000, 252.990005, 6976.500000>).
15:06:41 [Market] Player "ToyBoxx" (id=YPmBwzH85kJWfGJO1qpoWAVt8hglOIzUgdYaBVNiHFM=) has bought tomato x1 from the trader "Consumables (Irena [Consumables])" in market zone "Outpost 42" (pos=<7196.500000, 252.990005, 6976.500000>) for a price of 7.
15:06:43 [Market] Player "ToyBoxx" (id=YPmBwzH85kJWfGJO1qpoWAVt8hglOIzUgdYaBVNiHFM=) has send a requested to purchase zucchini x1 from the trader "Consumables (Irena [Consumables])" in market zone "Outpost 42" (pos=<7196.500000, 252.990005, 6976.500000>).
15:06:43 [Market] Player "ToyBoxx" (id=YPmBwzH85kJWfGJO1qpoWAVt8hglOIzUgdYaBVNiHFM=) has bought zucchini x1 from the trader "Consumables (Irena [Consumables])" in market zone "Outpost 42" (pos=<7196.500000, 252.990005, 6976.500000>) for a price of 10.
15:09:34 [Safezone] Player "ToyBoxx" (id=YPmBwzH85kJWfGJO1qpoWAVt8hglOIzUgdYaBVNiHFM= pos=<7037.992188, 274.078217, 6925.789551>) Left the safezone
15:20:28 [SpawnSelection] Player "ToyBoxx" (id=YPmBwzH85kJWfGJO1qpoWAVt8hglOIzUgdYaBVNiHFM=) spawned at <2164.700195, 2.728014, 2049.443848>
15:45:44 [Safezone] Player "WolfMadness" (id=c4HSBe2kjxrPMaliQvxlVkqXx1B002mwOfk2xAqaYKQ= pos=<7071.320801, 268.826202, 6913.950684>) Entered the safezone
15:49:38 [Market] Player "WolfMadness" (id=c4HSBe2kjxrPMaliQvxlVkqXx1B002mwOfk2xAqaYKQ=) has send a requested to sell platecarrierpouches x1 at the trader "MilitaryGear (Judy [Military Gear])" in market zone "Outpost 42" (pos=<7196.500000, 252.990005, 6976.500000>).
15:49:38 [Market] Player "WolfMadness" (id=c4HSBe2kjxrPMaliQvxlVkqXx1B002mwOfk2xAqaYKQ=) has sold platecarrierpouches x1 at the trader "MilitaryGear (Judy [Military Gear])" in market zone "Outpost 42" (pos=<7196.500000, 252.990005, 6976.500000>) and got 38.
15:49:40 [Market] Player "WolfMadness" (id=c4HSBe2kjxrPMaliQvxlVkqXx1B002mwOfk2xAqaYKQ=) has send a requested to sell mvs_taco_pouch_multicam_black x1 at the trader "MilitaryGear (Judy [Military Gear])" in market zone "Outpost 42" (pos=<7196.500000, 252.990005, 6976.500000>).
15:49:40 [Market] Player "WolfMadness" (id=c4HSBe2kjxrPMaliQvxlVkqXx1B002mwOfk2xAqaYKQ=) has sold mvs_taco_pouch_multicam_black x1 at the trader "MilitaryGear (Judy [Military Gear])" in market zone "Outpost 42" (pos=<7196.500000, 252.990005, 6976.500000>) and got 200.
15:50:09 [Safezone] Player "Soullessmonarcs" (id=3JRWaVBlu0rexFl5dzKjDY8AHl_--AJHXa-aQMieyik= pos=<7067.294922, 269.664734, 6922.727051>) Entered the safezone
15:53:38 [Market] Player "Soullessmonarcs" (id=3JRWaVBlu0rexFl5dzKjDY8AHl_--AJHXa-aQMieyik=) has send a requested to sell mag_fnx45_15rnd x1 at the trader "Ammo_Attachments (Taiki [Ammo & Attachments])" in market zone "Outpost 42" (pos=<7196.500000, 252.990005, 6976.500000>).
15:53:39 [Market] Player "Soullessmonarcs" (id=3JRWaVBlu0rexFl5dzKjDY8AHl_--AJHXa-aQMieyik=) has sold mag_fnx45_15rnd x1 at the trader "Ammo_Attachments (Taiki [Ammo & Attachments])" in market zone "Outpost 42" (pos=<7196.500000, 252.990005, 6976.500000>) and got 20.
15:53:40 [Market] Player "Soullessmonarcs" (id=3JRWaVBlu0rexFl5dzKjDY8AHl_--AJHXa-aQMieyik=) has send a requested to sell mag_cz75_15rnd x1 at the trader "Ammo_Attachments (Taiki [Ammo & Attachments])" in market zone "Outpost 42" (pos=<7196.500000, 252.990005, 6976.500000>).
15:53:40 [Market] Player "Soullessmonarcs" (id=3JRWaVBlu0rexFl5dzKjDY8AHl_--AJHXa-aQMieyik=) has sold mag_cz75_15rnd x1 at the trader "Ammo_Attachments (Taiki [Ammo & Attachments])" in market zone "Outpost 42" (pos=<7196.500000, 252.990005, 6976.500000>) and got 18.
15:53:42 [Market] Player "Soullessmonarcs" (id=3JRWaVBlu0rexFl5dzKjDY8AHl_--AJHXa-aQMieyik=) has send a requested to sell mag_cmag_10rnd x1 at the trader "Ammo_Attachments (Taiki [Ammo & Attachments])" in market zone "Outpost 42" (pos=<7196.500000, 252.990005, 6976.500000>).
15:53:42 [Market] Player "Soullessmonarcs" (id=3JRWaVBlu0rexFl5dzKjDY8AHl_--AJHXa-aQMieyik=) has sold mag_cmag_10rnd x1 at the trader "Ammo_Attachments (Taiki [Ammo & Attachments])" in market zone "Outpost 42" (pos=<7196.500000, 252.990005, 6976.500000>) and got 30.
15:53:46 [Market] Player "Soullessmonarcs" (id=3JRWaVBlu0rexFl5dzKjDY8AHl_--AJHXa-aQMieyik=) has send a requested to sell ttc_bugbuster x1 at the trader "Ammo_Attachments (Taiki [Ammo & Attachments])" in market zone "Outpost 42" (pos=<7196.500000, 252.990005, 6976.500000>).
15:53:46 [Market] Player "Soullessmonarcs" (id=3JRWaVBlu0rexFl5dzKjDY8AHl_--AJHXa-aQMieyik=) has sold ttc_bugbuster x1 at the trader "Ammo_Attachments (Taiki [Ammo & Attachments])" in market zone "Outpost 42" (pos=<7196.500000, 252.990005, 6976.500000>) and got 1250.
15:53:54 [Market] Player "Soullessmonarcs" (id=3JRWaVBlu0rexFl5dzKjDY8AHl_--AJHXa-aQMieyik=) has send a requested to sell m4_oebttstck x1 at the trader "Ammo_Attachments (Taiki [Ammo & Attachments])" in market zone "Outpost 42" (pos=<7196.500000, 252.990005, 6976.500000>).
15:53:54 [Market] Player "Soullessmonarcs" (id=3JRWaVBlu0rexFl5dzKjDY8AHl_--AJHXa-aQMieyik=) has sold m4_oebttstck x1 at the trader "Ammo_Attachments (Taiki [Ammo & Attachments])" in market zone "Outpost 42" (pos=<7196.500000, 252.990005, 6976.500000>) and got 75.
15:53:59 [Market] Player "Soullessmonarcs" (id=3JRWaVBlu0rexFl5dzKjDY8AHl_--AJHXa-aQMieyik=) has send a requested to sell ammo_762x54tracer x1 at the trader "Ammo_Attachments (Taiki [Ammo & Attachments])" in market zone "Outpost 42" (pos=<7196.500000, 252.990005, 6976.500000>).
15:53:59 [Market] Player "Soullessmonarcs" (id=3JRWaVBlu0rexFl5dzKjDY8AHl_--AJHXa-aQMieyik=) has sold ammo_762x54tracer x1 at the trader "Ammo_Attachments (Taiki [Ammo & Attachments])" in market zone "Outpost 42" (pos=<7196.500000, 252.990005, 6976.500000>) and got 1.
15:54:05 [Market] Player "Soullessmonarcs" (id=3JRWaVBlu0rexFl5dzKjDY8AHl_--AJHXa-aQMieyik=) has send a requested to sell ammo_762x54tracer x1 at the trader "Ammo_Attachments (Taiki [Ammo & Attachments])" in market zone "Outpost 42" (pos=<7196.500000, 252.990005, 6976.500000>).
15:54:05 [Market] Player "Soullessmonarcs" (id=3JRWaVBlu0rexFl5dzKjDY8AHl_--AJHXa-aQMieyik=) has sold ammo_762x54tracer x1 at the trader "Ammo_Attachments (Taiki [Ammo & Attachments])" in market zone "Outpost 42" (pos=<7196.500000, 252.990005, 6976.500000>) and got 1.
15:54:12 [Market] Player "Soullessmonarcs" (id=3JRWaVBlu0rexFl5dzKjDY8AHl_--AJHXa-aQMieyik=) has send a requested to sell ammo_762x54tracer x1 at the trader "Ammo_Attachments (Taiki [Ammo & Attachments])" in market zone "Outpost 42" (pos=<7196.500000, 252.990005, 6976.500000>).
15:54:13 [Market] Player "Soullessmonarcs" (id=3JRWaVBlu0rexFl5dzKjDY8AHl_--AJHXa-aQMieyik=) has sold ammo_762x54tracer x1 at the trader "Ammo_Attachments (Taiki [Ammo & Attachments])" in market zone "Outpost 42" (pos=<7196.500000, 252.990005, 6976.500000>) and got 1.
15:54:14 [Market] Player "Soullessmonarcs" (id=3JRWaVBlu0rexFl5dzKjDY8AHl_--AJHXa-aQMieyik=) has send a requested to sell ammo_762x54tracer x1 at the trader "Ammo_Attachments (Taiki [Ammo & Attachments])" in market zone "Outpost 42" (pos=<7196.500000, 252.990005, 6976.500000>).
15:54:14 [Market] Player "Soullessmonarcs" (id=3JRWaVBlu0rexFl5dzKjDY8AHl_--AJHXa-aQMieyik=) has sold ammo_762x54tracer x1 at the trader "Ammo_Attachments (Taiki [Ammo & Attachments])" in market zone "Outpost 42" (pos=<7196.500000, 252.990005, 6976.500000>) and got 1.
15:54:14 [Market] Player "Soullessmonarcs" (id=3JRWaVBlu0rexFl5dzKjDY8AHl_--AJHXa-aQMieyik=) has send a requested to sell ammo_762x54tracer x1 at the trader "Ammo_Attachments (Taiki [Ammo & Attachments])" in market zone "Outpost 42" (pos=<7196.500000, 252.990005, 6976.500000>).
15:54:14 [Market] Player "Soullessmonarcs" (id=3JRWaVBlu0rexFl5dzKjDY8AHl_--AJHXa-aQMieyik=) has sold ammo_762x54tracer x1 at the trader "Ammo_Attachments (Taiki [Ammo & Attachments])" in market zone "Outpost 42" (pos=<7196.500000, 252.990005, 6976.500000>) and got 1.
15:54:14 [Market] Player "Soullessmonarcs" (id=3JRWaVBlu0rexFl5dzKjDY8AHl_--AJHXa-aQMieyik=) has send a requested to sell ammo_762x54tracer x1 at the trader "Ammo_Attachments (Taiki [Ammo & Attachments])" in market zone "Outpost 42" (pos=<7196.500000, 252.990005, 6976.500000>).
15:54:14 [Market] Player "Soullessmonarcs" (id=3JRWaVBlu0rexFl5dzKjDY8AHl_--AJHXa-aQMieyik=) has sold ammo_762x54tracer x1 at the trader "Ammo_Attachments (Taiki [Ammo & Attachments])" in market zone "Outpost 42" (pos=<7196.500000, 252.990005, 6976.500000>) and got 1.
15:54:14 [Market] Player "Soullessmonarcs" (id=3JRWaVBlu0rexFl5dzKjDY8AHl_--AJHXa-aQMieyik=) has send a requested to sell ammo_762x54tracer x1 at the trader "Ammo_Attachments (Taiki [Ammo & Attachments])" in market zone "Outpost 42" (pos=<7196.500000, 252.990005, 6976.500000>).
15:54:14 [Market] Player "Soullessmonarcs" (id=3JRWaVBlu0rexFl5dzKjDY8AHl_--AJHXa-aQMieyik=) has sold ammo_762x54tracer x1 at the trader "Ammo_Attachments (Taiki [Ammo & Attachments])" in market zone "Outpost 42" (pos=<7196.500000, 252.990005, 6976.500000>) and got 1.
15:54:15 [Market] Player "Soullessmonarcs" (id=3JRWaVBlu0rexFl5dzKjDY8AHl_--AJHXa-aQMieyik=) has send a requested to sell ammo_762x54tracer x1 at the trader "Ammo_Attachments (Taiki [Ammo & Attachments])" in market zone "Outpost 42" (pos=<7196.500000, 252.990005, 6976.500000>).
15:54:15 [Market] Player "Soullessmonarcs" (id=3JRWaVBlu0rexFl5dzKjDY8AHl_--AJHXa-aQMieyik=) has sold ammo_762x54tracer x1 at the trader "Ammo_Attachments (Taiki [Ammo & Attachments])" in market zone "Outpost 42" (pos=<7196.500000, 252.990005, 6976.500000>) and got 1.
15:54:15 [Market] Player "Soullessmonarcs" (id=3JRWaVBlu0rexFl5dzKjDY8AHl_--AJHXa-aQMieyik=) has send a requested to sell ammo_762x54tracer x1 at the trader "Ammo_Attachments (Taiki [Ammo & Attachments])" in market zone "Outpost 42" (pos=<7196.500000, 252.990005, 6976.500000>).
15:54:15 [Market] Player "Soullessmonarcs" (id=3JRWaVBlu0rexFl5dzKjDY8AHl_--AJHXa-aQMieyik=) has sold ammo_762x54tracer x1 at the trader "Ammo_Attachments (Taiki [Ammo & Attachments])" in market zone "Outpost 42" (pos=<7196.500000, 252.990005, 6976.500000>) and got 1.
15:54:15 [Market] Player "Soullessmonarcs" (id=3JRWaVBlu0rexFl5dzKjDY8AHl_--AJHXa-aQMieyik=) has send a requested to sell ammo_762x54tracer x1 at the trader "Ammo_Attachments (Taiki [Ammo & Attachments])" in market zone "Outpost 42" (pos=<7196.500000, 252.990005, 6976.500000>).
15:54:15 [Market] Player "Soullessmonarcs" (id=3JRWaVBlu0rexFl5dzKjDY8AHl_--AJHXa-aQMieyik=) has sold ammo_762x54tracer x1 at the trader "Ammo_Attachments (Taiki [Ammo & Attachments])" in market zone "Outpost 42" (pos=<7196.500000, 252.990005, 6976.500000>) and got 1.
15:54:15 [Market] Player "Soullessmonarcs" (id=3JRWaVBlu0rexFl5dzKjDY8AHl_--AJHXa-aQMieyik=) has send a requested to sell ammo_762x54tracer x1 at the trader "Ammo_Attachments (Taiki [Ammo & Attachments])" in market zone "Outpost 42" (pos=<7196.500000, 252.990005, 6976.500000>).
15:54:15 [Market] Player "Soullessmonarcs" (id=3JRWaVBlu0rexFl5dzKjDY8AHl_--AJHXa-aQMieyik=) has sold ammo_762x54tracer x1 at the trader "Ammo_Attachments (Taiki [Ammo & Attachments])" in market zone "Outpost 42" (pos=<7196.500000, 252.990005, 6976.500000>) and got 1.
15:54:16 [Market] Player "Soullessmonarcs" (id=3JRWaVBlu0rexFl5dzKjDY8AHl_--AJHXa-aQMieyik=) has send a requested to sell ammo_762x54tracer x1 at the trader "Ammo_Attachments (Taiki [Ammo & Attachments])" in market zone "Outpost 42" (pos=<7196.500000, 252.990005, 6976.500000>).
15:54:16 [Market] Player "Soullessmonarcs" (id=3JRWaVBlu0rexFl5dzKjDY8AHl_--AJHXa-aQMieyik=) has sold ammo_762x54tracer x1 at the trader "Ammo_Attachments (Taiki [Ammo & Attachments])" in market zone "Outpost 42" (pos=<7196.500000, 252.990005, 6976.500000>) and got 1.
15:54:16 [Market] Player "Soullessmonarcs" (id=3JRWaVBlu0rexFl5dzKjDY8AHl_--AJHXa-aQMieyik=) has send a requested to sell ammo_762x54tracer x1 at the trader "Ammo_Attachments (Taiki [Ammo & Attachments])" in market zone "Outpost 42" (pos=<7196.500000, 252.990005, 6976.500000>).
15:54:16 [Market] Player "Soullessmonarcs" (id=3JRWaVBlu0rexFl5dzKjDY8AHl_--AJHXa-aQMieyik=) has sold ammo_762x54tracer x1 at the trader "Ammo_Attachments (Taiki [Ammo & Attachments])" in market zone "Outpost 42" (pos=<7196.500000, 252.990005, 6976.500000>) and got 1.
15:54:16 [Market] Player "Soullessmonarcs" (id=3JRWaVBlu0rexFl5dzKjDY8AHl_--AJHXa-aQMieyik=) has send a requested to sell ammo_762x54tracer x1 at the trader "Ammo_Attachments (Taiki [Ammo & Attachments])" in market zone "Outpost 42" (pos=<7196.500000, 252.990005, 6976.500000>).
15:54:17 [Market] Player "Soullessmonarcs" (id=3JRWaVBlu0rexFl5dzKjDY8AHl_--AJHXa-aQMieyik=) has sold ammo_762x54tracer x1 at the trader "Ammo_Attachments (Taiki [Ammo & Attachments])" in market zone "Outpost 42" (pos=<7196.500000, 252.990005, 6976.500000>) and got 1.
15:54:17 [Market] Player "Soullessmonarcs" (id=3JRWaVBlu0rexFl5dzKjDY8AHl_--AJHXa-aQMieyik=) has send a requested to sell ammo_762x54tracer x1 at the trader "Ammo_Attachments (Taiki [Ammo & Attachments])" in market zone "Outpost 42" (pos=<7196.500000, 252.990005, 6976.500000>).
15:54:17 [Market] Player "Soullessmonarcs" (id=3JRWaVBlu0rexFl5dzKjDY8AHl_--AJHXa-aQMieyik=) has sold ammo_762x54tracer x1 at the trader "Ammo_Attachments (Taiki [Ammo & Attachments])" in market zone "Outpost 42" (pos=<7196.500000, 252.990005, 6976.500000>) and got 1.
15:54:17 [Market] Player "Soullessmonarcs" (id=3JRWaVBlu0rexFl5dzKjDY8AHl_--AJHXa-aQMieyik=) has send a requested to sell ammo_762x54tracer x1 at the trader "Ammo_Attachments (Taiki [Ammo & Attachments])" in market zone "Outpost 42" (pos=<7196.500000, 252.990005, 6976.500000>).
15:54:17 [Market] Player "Soullessmonarcs" (id=3JRWaVBlu0rexFl5dzKjDY8AHl_--AJHXa-aQMieyik=) has sold ammo_762x54tracer x1 at the trader "Ammo_Attachments (Taiki [Ammo & Attachments])" in market zone "Outpost 42" (pos=<7196.500000, 252.990005, 6976.500000>) and got 1.
15:54:17 [Market] Player "Soullessmonarcs" (id=3JRWaVBlu0rexFl5dzKjDY8AHl_--AJHXa-aQMieyik=) has send a requested to sell ammo_762x54tracer x1 at the trader "Ammo_Attachments (Taiki [Ammo & Attachments])" in market zone "Outpost 42" (pos=<7196.500000, 252.990005, 6976.500000>).
15:54:17 [Market] Player "Soullessmonarcs" (id=3JRWaVBlu0rexFl5dzKjDY8AHl_--AJHXa-aQMieyik=) has sold ammo_762x54tracer x1 at the trader "Ammo_Attachments (Taiki [Ammo & Attachments])" in market zone "Outpost 42" (pos=<7196.500000, 252.990005, 6976.500000>) and got 1.
15:54:17 [Market] Player "Soullessmonarcs" (id=3JRWaVBlu0rexFl5dzKjDY8AHl_--AJHXa-aQMieyik=) has send a requested to sell ammo_762x54tracer x1 at the trader "Ammo_Attachments (Taiki [Ammo & Attachments])" in market zone "Outpost 42" (pos=<7196.500000, 252.990005, 6976.500000>).
15:54:17 [Market] Player "Soullessmonarcs" (id=3JRWaVBlu0rexFl5dzKjDY8AHl_--AJHXa-aQMieyik=) has sold ammo_762x54tracer x1 at the trader "Ammo_Attachments (Taiki [Ammo & Attachments])" in market zone "Outpost 42" (pos=<7196.500000, 252.990005, 6976.500000>) and got 1.
15:54:17 [Market] Player "Soullessmonarcs" (id=3JRWaVBlu0rexFl5dzKjDY8AHl_--AJHXa-aQMieyik=) has send a requested to sell ammo_762x54tracer x1 at the trader "Ammo_Attachments (Taiki [Ammo & Attachments])" in market zone "Outpost 42" (pos=<7196.500000, 252.990005, 6976.500000>).
15:54:18 [Market] Player "Soullessmonarcs" (id=3JRWaVBlu0rexFl5dzKjDY8AHl_--AJHXa-aQMieyik=) has sold ammo_762x54tracer x1 at the trader "Ammo_Attachments (Taiki [Ammo & Attachments])" in market zone "Outpost 42" (pos=<7196.500000, 252.990005, 6976.500000>) and got 1.
15:54:18 [Market] Player "Soullessmonarcs" (id=3JRWaVBlu0rexFl5dzKjDY8AHl_--AJHXa-aQMieyik=) has send a requested to sell ammo_762x54tracer x1 at the trader "Ammo_Attachments (Taiki [Ammo & Attachments])" in market zone "Outpost 42" (pos=<7196.500000, 252.990005, 6976.500000>).
15:54:18 [Market] Player "Soullessmonarcs" (id=3JRWaVBlu0rexFl5dzKjDY8AHl_--AJHXa-aQMieyik=) has sold ammo_762x54tracer x1 at the trader "Ammo_Attachments (Taiki [Ammo & Attachments])" in market zone "Outpost 42" (pos=<7196.500000, 252.990005, 6976.500000>) and got 1.
15:54:18 [Market] Player "Soullessmonarcs" (id=3JRWaVBlu0rexFl5dzKjDY8AHl_--AJHXa-aQMieyik=) has send a requested to sell ammo_762x54tracer x1 at the trader "Ammo_Attachments (Taiki [Ammo & Attachments])" in market zone "Outpost 42" (pos=<7196.500000, 252.990005, 6976.500000>).
15:54:18 [Market] Player "Soullessmonarcs" (id=3JRWaVBlu0rexFl5dzKjDY8AHl_--AJHXa-aQMieyik=) has sold ammo_762x54tracer x1 at the trader "Ammo_Attachments (Taiki [Ammo & Attachments])" in market zone "Outpost 42" (pos=<7196.500000, 252.990005, 6976.500000>) and got 1.
15:54:18 [Market] Player "Soullessmonarcs" (id=3JRWaVBlu0rexFl5dzKjDY8AHl_--AJHXa-aQMieyik=) has send a requested to sell ammo_762x54tracer x1 at the trader "Ammo_Attachments (Taiki [Ammo & Attachments])" in market zone "Outpost 42" (pos=<7196.500000, 252.990005, 6976.500000>).
15:54:18 [Market] Player "Soullessmonarcs" (id=3JRWaVBlu0rexFl5dzKjDY8AHl_--AJHXa-aQMieyik=) has sold ammo_762x54tracer x1 at the trader "Ammo_Attachments (Taiki [Ammo & Attachments])" in market zone "Outpost 42" (pos=<7196.500000, 252.990005, 6976.500000>) and got 1.
15:54:18 [Market] Player "Soullessmonarcs" (id=3JRWaVBlu0rexFl5dzKjDY8AHl_--AJHXa-aQMieyik=) has send a requested to sell ammo_762x54tracer x1 at the trader "Ammo_Attachments (Taiki [Ammo & Attachments])" in market zone "Outpost 42" (pos=<7196.500000, 252.990005, 6976.500000>).
15:54:19 [Market] Player "Soullessmonarcs" (id=3JRWaVBlu0rexFl5dzKjDY8AHl_--AJHXa-aQMieyik=) has sold ammo_762x54tracer x1 at the trader "Ammo_Attachments (Taiki [Ammo & Attachments])" in market zone "Outpost 42" (pos=<7196.500000, 252.990005, 6976.500000>) and got 1.
15:54:19 [Market] Player "Soullessmonarcs" (id=3JRWaVBlu0rexFl5dzKjDY8AHl_--AJHXa-aQMieyik=) has send a requested to sell ammo_762x54tracer x1 at the trader "Ammo_Attachments (Taiki [Ammo & Attachments])" in market zone "Outpost 42" (pos=<7196.500000, 252.990005, 6976.500000>).
15:54:19 [Market] Player "Soullessmonarcs" (id=3JRWaVBlu0rexFl5dzKjDY8AHl_--AJHXa-aQMieyik=) has sold ammo_762x54tracer x1 at the trader "Ammo_Attachments (Taiki [Ammo & Attachments])" in market zone "Outpost 42" (pos=<7196.500000, 252.990005, 6976.500000>) and got 1.
15:54:19 [Market] Player "Soullessmonarcs" (id=3JRWaVBlu0rexFl5dzKjDY8AHl_--AJHXa-aQMieyik=) has send a requested to sell ammo_762x54tracer x1 at the trader "Ammo_Attachments (Taiki [Ammo & Attachments])" in market zone "Outpost 42" (pos=<7196.500000, 252.990005, 6976.500000>).
15:54:19 [Market] Player "Soullessmonarcs" (id=3JRWaVBlu0rexFl5dzKjDY8AHl_--AJHXa-aQMieyik=) has sold ammo_762x54tracer x1 at the trader "Ammo_Attachments (Taiki [Ammo & Attachments])" in market zone "Outpost 42" (pos=<7196.500000, 252.990005, 6976.500000>) and got 1.
15:54:19 [Market] Player "Soullessmonarcs" (id=3JRWaVBlu0rexFl5dzKjDY8AHl_--AJHXa-aQMieyik=) has send a requested to sell ammo_762x54tracer x1 at the trader "Ammo_Attachments (Taiki [Ammo & Attachments])" in market zone "Outpost 42" (pos=<7196.500000, 252.990005, 6976.500000>).
15:54:19 [Market] Player "Soullessmonarcs" (id=3JRWaVBlu0rexFl5dzKjDY8AHl_--AJHXa-aQMieyik=) has sold ammo_762x54tracer x1 at the trader "Ammo_Attachments (Taiki [Ammo & Attachments])" in market zone "Outpost 42" (pos=<7196.500000, 252.990005, 6976.500000>) and got 1.
15:54:19 [Market] Player "Soullessmonarcs" (id=3JRWaVBlu0rexFl5dzKjDY8AHl_--AJHXa-aQMieyik=) has send a requested to sell ammo_762x54tracer x1 at the trader "Ammo_Attachments (Taiki [Ammo & Attachments])" in market zone "Outpost 42" (pos=<7196.500000, 252.990005, 6976.500000>).
15:54:19 [Market] Player "Soullessmonarcs" (id=3JRWaVBlu0rexFl5dzKjDY8AHl_--AJHXa-aQMieyik=) has sold ammo_762x54tracer x1 at the trader "Ammo_Attachments (Taiki [Ammo & Attachments])" in market zone "Outpost 42" (pos=<7196.500000, 252.990005, 6976.500000>) and got 1.
15:54:19 [Market] Player "Soullessmonarcs" (id=3JRWaVBlu0rexFl5dzKjDY8AHl_--AJHXa-aQMieyik=) has send a requested to sell ammo_762x54tracer x1 at the trader "Ammo_Attachments (Taiki [Ammo & Attachments])" in market zone "Outpost 42" (pos=<7196.500000, 252.990005, 6976.500000>).
15:54:20 [Market] Player "Soullessmonarcs" (id=3JRWaVBlu0rexFl5dzKjDY8AHl_--AJHXa-aQMieyik=) has sold ammo_762x54tracer x1 at the trader "Ammo_Attachments (Taiki [Ammo & Attachments])" in market zone "Outpost 42" (pos=<7196.500000, 252.990005, 6976.500000>) and got 1.
15:54:20 [Market] Player "Soullessmonarcs" (id=3JRWaVBlu0rexFl5dzKjDY8AHl_--AJHXa-aQMieyik=) has send a requested to sell ammo_762x54tracer x1 at the trader "Ammo_Attachments (Taiki [Ammo & Attachments])" in market zone "Outpost 42" (pos=<7196.500000, 252.990005, 6976.500000>).
15:54:20 [Market] Player "Soullessmonarcs" (id=3JRWaVBlu0rexFl5dzKjDY8AHl_--AJHXa-aQMieyik=) has sold ammo_762x54tracer x1 at the trader "Ammo_Attachments (Taiki [Ammo & Attachments])" in market zone "Outpost 42" (pos=<7196.500000, 252.990005, 6976.500000>) and got 1.
15:54:20 [Market] Player "Soullessmonarcs" (id=3JRWaVBlu0rexFl5dzKjDY8AHl_--AJHXa-aQMieyik=) has send a requested to sell ammo_762x54tracer x1 at the trader "Ammo_Attachments (Taiki [Ammo & Attachments])" in market zone "Outpost 42" (pos=<7196.500000, 252.990005, 6976.500000>).
15:54:20 [Market] Player "Soullessmonarcs" (id=3JRWaVBlu0rexFl5dzKjDY8AHl_--AJHXa-aQMieyik=) has sold ammo_762x54tracer x1 at the trader "Ammo_Attachments (Taiki [Ammo & Attachments])" in market zone "Outpost 42" (pos=<7196.500000, 252.990005, 6976.500000>) and got 1.
15:54:20 [Market] Player "Soullessmonarcs" (id=3JRWaVBlu0rexFl5dzKjDY8AHl_--AJHXa-aQMieyik=) has send a requested to sell ammo_762x54tracer x1 at the trader "Ammo_Attachments (Taiki [Ammo & Attachments])" in market zone "Outpost 42" (pos=<7196.500000, 252.990005, 6976.500000>).
15:54:20 [Market] Player "Soullessmonarcs" (id=3JRWaVBlu0rexFl5dzKjDY8AHl_--AJHXa-aQMieyik=) has sold ammo_762x54tracer x1 at the trader "Ammo_Attachments (Taiki [Ammo & Attachments])" in market zone "Outpost 42" (pos=<7196.500000, 252.990005, 6976.500000>) and got 1.
15:54:28 [Market] Player "Soullessmonarcs" (id=3JRWaVBlu0rexFl5dzKjDY8AHl_--AJHXa-aQMieyik=) has send a requested to sell ammo_762x54 x22 at the trader "Ammo_Attachments (Taiki [Ammo & Attachments])" in market zone "Outpost 42" (pos=<7196.500000, 252.990005, 6976.500000>).
15:54:28 [Market] Player "Soullessmonarcs" (id=3JRWaVBlu0rexFl5dzKjDY8AHl_--AJHXa-aQMieyik=) has sold ammo_762x54 x22 at the trader "Ammo_Attachments (Taiki [Ammo & Attachments])" in market zone "Outpost 42" (pos=<7196.500000, 252.990005, 6976.500000>) and got 22.
15:54:36 [Market] Player "Soullessmonarcs" (id=3JRWaVBlu0rexFl5dzKjDY8AHl_--AJHXa-aQMieyik=) has send a requested to sell ammo_762x39 x32 at the trader "Ammo_Attachments (Taiki [Ammo & Attachments])" in market zone "Outpost 42" (pos=<7196.500000, 252.990005, 6976.500000>).
15:54:36 [Market] Player "Soullessmonarcs" (id=3JRWaVBlu0rexFl5dzKjDY8AHl_--AJHXa-aQMieyik=) has sold ammo_762x39 x32 at the trader "Ammo_Attachments (Taiki [Ammo & Attachments])" in market zone "Outpost 42" (pos=<7196.500000, 252.990005, 6976.500000>) and got 24.
15:54:45 [Market] Player "Soullessmonarcs" (id=3JRWaVBlu0rexFl5dzKjDY8AHl_--AJHXa-aQMieyik=) has send a requested to sell ammo_12gapellets x7 at the trader "Ammo_Attachments (Taiki [Ammo & Attachments])" in market zone "Outpost 42" (pos=<7196.500000, 252.990005, 6976.500000>).
15:54:45 [Market] Player "Soullessmonarcs" (id=3JRWaVBlu0rexFl5dzKjDY8AHl_--AJHXa-aQMieyik=) has sold ammo_12gapellets x7 at the trader "Ammo_Attachments (Taiki [Ammo & Attachments])" in market zone "Outpost 42" (pos=<7196.500000, 252.990005, 6976.500000>) and got 18.
15:55:11 [Market] Player "Soullessmonarcs" (id=3JRWaVBlu0rexFl5dzKjDY8AHl_--AJHXa-aQMieyik=) has send a requested to purchase mag_cmag_30rnd x1 from the trader "Ammo_Attachments (Taiki [Ammo & Attachments])" in market zone "Outpost 42" (pos=<7196.500000, 252.990005, 6976.500000>).
15:55:11 [Market] Player "Soullessmonarcs" (id=3JRWaVBlu0rexFl5dzKjDY8AHl_--AJHXa-aQMieyik=) has bought mag_cmag_30rnd x1 from the trader "Ammo_Attachments (Taiki [Ammo & Attachments])" in market zone "Outpost 42" (pos=<7196.500000, 252.990005, 6976.500000>) for a price of 280.
15:55:12 [Market] Player "Soullessmonarcs" (id=3JRWaVBlu0rexFl5dzKjDY8AHl_--AJHXa-aQMieyik=) has send a requested to purchase mag_cmag_30rnd x1 from the trader "Ammo_Attachments (Taiki [Ammo & Attachments])" in market zone "Outpost 42" (pos=<7196.500000, 252.990005, 6976.500000>).
15:55:12 [Market] Player "Soullessmonarcs" (id=3JRWaVBlu0rexFl5dzKjDY8AHl_--AJHXa-aQMieyik=) has bought mag_cmag_30rnd x1 from the trader "Ammo_Attachments (Taiki [Ammo & Attachments])" in market zone "Outpost 42" (pos=<7196.500000, 252.990005, 6976.500000>) for a price of 280.
15:55:23 [Market] Player "Soullessmonarcs" (id=3JRWaVBlu0rexFl5dzKjDY8AHl_--AJHXa-aQMieyik=) has send a requested to purchase ammobox_556x45_20rnd x1 from the trader "Ammo_Attachments (Taiki [Ammo & Attachments])" in market zone "Outpost 42" (pos=<7196.500000, 252.990005, 6976.500000>).
15:55:23 [Market] Player "Soullessmonarcs" (id=3JRWaVBlu0rexFl5dzKjDY8AHl_--AJHXa-aQMieyik=) has bought ammobox_556x45_20rnd x1 from the trader "Ammo_Attachments (Taiki [Ammo & Attachments])" in market zone "Outpost 42" (pos=<7196.500000, 252.990005, 6976.500000>) for a price of 32.
15:55:24 [Market] Player "Soullessmonarcs" (id=3JRWaVBlu0rexFl5dzKjDY8AHl_--AJHXa-aQMieyik=) has send a requested to purchase ammobox_556x45_20rnd x1 from the trader "Ammo_Attachments (Taiki [Ammo & Attachments])" in market zone "Outpost 42" (pos=<7196.500000, 252.990005, 6976.500000>).
15:55:24 [Market] Player "Soullessmonarcs" (id=3JRWaVBlu0rexFl5dzKjDY8AHl_--AJHXa-aQMieyik=) has bought ammobox_556x45_20rnd x1 from the trader "Ammo_Attachments (Taiki [Ammo & Attachments])" in market zone "Outpost 42" (pos=<7196.500000, 252.990005, 6976.500000>) for a price of 32.
15:55:26 [Market] Player "Soullessmonarcs" (id=3JRWaVBlu0rexFl5dzKjDY8AHl_--AJHXa-aQMieyik=) has send a requested to purchase ammobox_556x45_20rnd x1 from the trader "Ammo_Attachments (Taiki [Ammo & Attachments])" in market zone "Outpost 42" (pos=<7196.500000, 252.990005, 6976.500000>).
15:55:26 [Market] Player "Soullessmonarcs" (id=3JRWaVBlu0rexFl5dzKjDY8AHl_--AJHXa-aQMieyik=) has bought ammobox_556x45_20rnd x1 from the trader "Ammo_Attachments (Taiki [Ammo & Attachments])" in market zone "Outpost 42" (pos=<7196.500000, 252.990005, 6976.500000>) for a price of 32.
15:55:29 [Market] Player "Soullessmonarcs" (id=3JRWaVBlu0rexFl5dzKjDY8AHl_--AJHXa-aQMieyik=) has send a requested to purchase ammobox_556x45_20rnd x1 from the trader "Ammo_Attachments (Taiki [Ammo & Attachments])" in market zone "Outpost 42" (pos=<7196.500000, 252.990005, 6976.500000>).
15:55:29 [Market] Player "Soullessmonarcs" (id=3JRWaVBlu0rexFl5dzKjDY8AHl_--AJHXa-aQMieyik=) has bought ammobox_556x45_20rnd x1 from the trader "Ammo_Attachments (Taiki [Ammo & Attachments])" in market zone "Outpost 42" (pos=<7196.500000, 252.990005, 6976.500000>) for a price of 32.
15:55:53 [Market] Player "Soullessmonarcs" (id=3JRWaVBlu0rexFl5dzKjDY8AHl_--AJHXa-aQMieyik=) has send a requested to purchase ak_suppressor x1 from the trader "Ammo_Attachments (Taiki [Ammo & Attachments])" in market zone "Outpost 42" (pos=<7196.500000, 252.990005, 6976.500000>).
15:55:53 [Market] Player "Soullessmonarcs" (id=3JRWaVBlu0rexFl5dzKjDY8AHl_--AJHXa-aQMieyik=) has bought ak_suppressor x1 from the trader "Ammo_Attachments (Taiki [Ammo & Attachments])" in market zone "Outpost 42" (pos=<7196.500000, 252.990005, 6976.500000>) for a price of 500.
15:56:34 [Market] Player "Soullessmonarcs" (id=3JRWaVBlu0rexFl5dzKjDY8AHl_--AJHXa-aQMieyik=) has send a requested to sell mp5k x1 at the trader "Weapons (Seth [Weapons])" in market zone "Outpost 42" (pos=<7196.500000, 252.990005, 6976.500000>).
15:56:34 [Market] Player "Soullessmonarcs" (id=3JRWaVBlu0rexFl5dzKjDY8AHl_--AJHXa-aQMieyik=) has sold mp5k x1 at the trader "Weapons (Seth [Weapons])" in market zone "Outpost 42" (pos=<7196.500000, 252.990005, 6976.500000>) and got 324.
15:57:09 [Market] Player "WolfMadness" (id=c4HSBe2kjxrPMaliQvxlVkqXx1B002mwOfk2xAqaYKQ=) has send a requested to sell cz75 x1 at the trader "Weapons (Seth [Weapons])" in market zone "Outpost 42" (pos=<7196.500000, 252.990005, 6976.500000>).
15:57:09 [Market] Player "WolfMadness" (id=c4HSBe2kjxrPMaliQvxlVkqXx1B002mwOfk2xAqaYKQ=) has sold cz75 x1 at the trader "Weapons (Seth [Weapons])" in market zone "Outpost 42" (pos=<7196.500000, 252.990005, 6976.500000>) and got 125.
15:57:14 [Market] Player "WolfMadness" (id=c4HSBe2kjxrPMaliQvxlVkqXx1B002mwOfk2xAqaYKQ=) has send a requested to sell brassknuckles_shiny x1 at the trader "Weapons (Seth [Weapons])" in market zone "Outpost 42" (pos=<7196.500000, 252.990005, 6976.500000>).
15:57:14 [Market] Player "WolfMadness" (id=c4HSBe2kjxrPMaliQvxlVkqXx1B002mwOfk2xAqaYKQ=) has sold brassknuckles_shiny x1 at the trader "Weapons (Seth [Weapons])" in market zone "Outpost 42" (pos=<7196.500000, 252.990005, 6976.500000>) and got 2.
15:57:20 [Market] Player "WolfMadness" (id=c4HSBe2kjxrPMaliQvxlVkqXx1B002mwOfk2xAqaYKQ=) has send a requested to sell repeater x1 at the trader "Weapons (Seth [Weapons])" in market zone "Outpost 42" (pos=<7196.500000, 252.990005, 6976.500000>).
15:57:20 [Market] Player "WolfMadness" (id=c4HSBe2kjxrPMaliQvxlVkqXx1B002mwOfk2xAqaYKQ=) has sold repeater x1 at the trader "Weapons (Seth [Weapons])" in market zone "Outpost 42" (pos=<7196.500000, 252.990005, 6976.500000>) and got 375.
15:57:35 [Market] Player "WolfMadness" (id=c4HSBe2kjxrPMaliQvxlVkqXx1B002mwOfk2xAqaYKQ=) has send a requested to sell mag_expansion_vityaz_30rnd x1 at the trader "Ammo_Attachments (Taiki [Ammo & Attachments])" in market zone "Outpost 42" (pos=<7196.500000, 252.990005, 6976.500000>).
15:57:35 [Market] Player "WolfMadness" (id=c4HSBe2kjxrPMaliQvxlVkqXx1B002mwOfk2xAqaYKQ=) has sold mag_expansion_vityaz_30rnd x1 at the trader "Ammo_Attachments (Taiki [Ammo & Attachments])" in market zone "Outpost 42" (pos=<7196.500000, 252.990005, 6976.500000>) and got 130.
15:58:24 [Market] Player "WolfMadness" (id=c4HSBe2kjxrPMaliQvxlVkqXx1B002mwOfk2xAqaYKQ=) has send a requested to sell matchbox x1 at the trader "Tools_Supplies (Kaito [Tools & Supplies])" in market zone "Outpost 42" (pos=<7196.500000, 252.990005, 6976.500000>).
15:58:24 [Market] Player "WolfMadness" (id=c4HSBe2kjxrPMaliQvxlVkqXx1B002mwOfk2xAqaYKQ=) has sold matchbox x1 at the trader "Tools_Supplies (Kaito [Tools & Supplies])" in market zone "Outpost 42" (pos=<7196.500000, 252.990005, 6976.500000>) and got 1.
15:58:33 [Market] Player "WolfMadness" (id=c4HSBe2kjxrPMaliQvxlVkqXx1B002mwOfk2xAqaYKQ=) has send a requested to sell matchbox x1 at the trader "Tools_Supplies (Kaito [Tools & Supplies])" in market zone "Outpost 42" (pos=<7196.500000, 252.990005, 6976.500000>).
15:58:33 [Market] Player "WolfMadness" (id=c4HSBe2kjxrPMaliQvxlVkqXx1B002mwOfk2xAqaYKQ=) has sold matchbox x1 at the trader "Tools_Supplies (Kaito [Tools & Supplies])" in market zone "Outpost 42" (pos=<7196.500000, 252.990005, 6976.500000>) and got 12.
15:58:34 [Market] Player "Soullessmonarcs" (id=3JRWaVBlu0rexFl5dzKjDY8AHl_--AJHXa-aQMieyik=) has send a requested to sell platecarrierholster x1 at the trader "MilitaryGear (Judy [Military Gear])" in market zone "Outpost 42" (pos=<7196.500000, 252.990005, 6976.500000>).
15:58:34 [Market] Player "Soullessmonarcs" (id=3JRWaVBlu0rexFl5dzKjDY8AHl_--AJHXa-aQMieyik=) has sold platecarrierholster x1 at the trader "MilitaryGear (Judy [Military Gear])" in market zone "Outpost 42" (pos=<7196.500000, 252.990005, 6976.500000>) and got 8.
15:58:45 [Market] Player "WolfMadness" (id=c4HSBe2kjxrPMaliQvxlVkqXx1B002mwOfk2xAqaYKQ=) has send a requested to sell rope x1 at the trader "Tools_Supplies (Kaito [Tools & Supplies])" in market zone "Outpost 42" (pos=<7196.500000, 252.990005, 6976.500000>).
15:58:46 [Market] Player "WolfMadness" (id=c4HSBe2kjxrPMaliQvxlVkqXx1B002mwOfk2xAqaYKQ=) has sold rope x1 at the trader "Tools_Supplies (Kaito [Tools & Supplies])" in market zone "Outpost 42" (pos=<7196.500000, 252.990005, 6976.500000>) and got 50.
15:58:48 [Market] Player "WolfMadness" (id=c4HSBe2kjxrPMaliQvxlVkqXx1B002mwOfk2xAqaYKQ=) has send a requested to sell flashlight x1 at the trader "Tools_Supplies (Kaito [Tools & Supplies])" in market zone "Outpost 42" (pos=<7196.500000, 252.990005, 6976.500000>).
15:58:49 [Market] Player "WolfMadness" (id=c4HSBe2kjxrPMaliQvxlVkqXx1B002mwOfk2xAqaYKQ=) has sold flashlight x1 at the trader "Tools_Supplies (Kaito [Tools & Supplies])" in market zone "Outpost 42" (pos=<7196.500000, 252.990005, 6976.500000>) and got 3.
15:59:15 [Party] Player "Soullessmonarcs" (id=3JRWaVBlu0rexFl5dzKjDY8AHl_--AJHXa-aQMieyik=) left the party "Soulless" (id=23 ownerUID=3JRWaVBlu0rexFl5dzKjDY8AHl_--AJHXa-aQMieyik= ownerName=Soullessmonarcs)
15:59:15 [Party] Player "WolfMadness" (id=c4HSBe2kjxrPMaliQvxlVkqXx1B002mwOfk2xAqaYKQ=) left the party "Soulless" (id=23 ownerUID=3JRWaVBlu0rexFl5dzKjDY8AHl_--AJHXa-aQMieyik= ownerName=Soullessmonarcs)
