00:05:56 [Party] Player "Mr. Tux" (id=3FCmlLdqs97wNYtgsvMTGavMyuZc44PrYyr2Gfkoti8=) joinded the party "Scarred Reapers" (id=15 ownerUID=3FCmlLdqs97wNYtgsvMTGavMyuZc44PrYyr2Gfkoti8= ownerName=Mr. Tux)
01:05:46 [Safezone] Player "Mr. Tux" (id=3FCmlLdqs97wNYtgsvMTGavMyuZc44PrYyr2Gfkoti8= pos=<7084.015625, 276.769257, 7051.237793>) Entered the safezone
01:07:38 [Market] Player "Mr. Tux" (id=3FCmlLdqs97wNYtgsvMTGavMyuZc44PrYyr2Gfkoti8=) has send a requested to sell expansionexps3holooptic x1 at the trader "Ammo_Attachments (Taiki [Ammo & Attachments])" in market zone "Outpost 42" (pos=<7196.500000, 252.990005, 6976.500000>).
01:07:38 [Market] Player "Mr. Tux" (id=3FCmlLdqs97wNYtgsvMTGavMyuZc44PrYyr2Gfkoti8=) has sold expansionexps3holooptic x1 at the trader "Ammo_Attachments (Taiki [Ammo & Attachments])" in market zone "Outpost 42" (pos=<7196.500000, 252.990005, 6976.500000>) and got 25.
01:07:44 [Market] Player "Mr. Tux" (id=3FCmlLdqs97wNYtgsvMTGavMyuZc44PrYyr2Gfkoti8=) has send a requested to sell expansion_mp5_railatt x1 at the trader "Ammo_Attachments (Taiki [Ammo & Attachments])" in market zone "Outpost 42" (pos=<7196.500000, 252.990005, 6976.500000>).
01:07:44 [Market] Player "Mr. Tux" (id=3FCmlLdqs97wNYtgsvMTGavMyuZc44PrYyr2Gfkoti8=) has sold expansion_mp5_railatt x1 at the trader "Ammo_Attachments (Taiki [Ammo & Attachments])" in market zone "Outpost 42" (pos=<7196.500000, 252.990005, 6976.500000>) and got 75.
01:07:45 [Market] Player "Mr. Tux" (id=3FCmlLdqs97wNYtgsvMTGavMyuZc44PrYyr2Gfkoti8=) has send a requested to sell expansion_mp5_railatt x1 at the trader "Ammo_Attachments (Taiki [Ammo & Attachments])" in market zone "Outpost 42" (pos=<7196.500000, 252.990005, 6976.500000>).
01:07:46 [Market] Player "Mr. Tux" (id=3FCmlLdqs97wNYtgsvMTGavMyuZc44PrYyr2Gfkoti8=) has sold expansion_mp5_railatt x1 at the trader "Ammo_Attachments (Taiki [Ammo & Attachments])" in market zone "Outpost 42" (pos=<7196.500000, 252.990005, 6976.500000>) and got 19.
01:07:47 [Market] Player "Mr. Tux" (id=3FCmlLdqs97wNYtgsvMTGavMyuZc44PrYyr2Gfkoti8=) has send a requested to sell pso11optic x1 at the trader "Ammo_Attachments (Taiki [Ammo & Attachments])" in market zone "Outpost 42" (pos=<7196.500000, 252.990005, 6976.500000>).
01:07:48 [Market] Player "Mr. Tux" (id=3FCmlLdqs97wNYtgsvMTGavMyuZc44PrYyr2Gfkoti8=) has sold pso11optic x1 at the trader "Ammo_Attachments (Taiki [Ammo & Attachments])" in market zone "Outpost 42" (pos=<7196.500000, 252.990005, 6976.500000>) and got 700.
01:08:37 [Market] Player "Mr. Tux" (id=3FCmlLdqs97wNYtgsvMTGavMyuZc44PrYyr2Gfkoti8=) has send a requested to sell pistolsuppressor x1 at the trader "Ammo_Attachments (Taiki [Ammo & Attachments])" in market zone "Outpost 42" (pos=<7196.500000, 252.990005, 6976.500000>).
01:08:37 [Market] Player "Mr. Tux" (id=3FCmlLdqs97wNYtgsvMTGavMyuZc44PrYyr2Gfkoti8=) has sold pistolsuppressor x1 at the trader "Ammo_Attachments (Taiki [Ammo & Attachments])" in market zone "Outpost 42" (pos=<7196.500000, 252.990005, 6976.500000>) and got 75.
01:08:39 [Market] Player "Mr. Tux" (id=3FCmlLdqs97wNYtgsvMTGavMyuZc44PrYyr2Gfkoti8=) has send a requested to sell pistolsuppressor x1 at the trader "Ammo_Attachments (Taiki [Ammo & Attachments])" in market zone "Outpost 42" (pos=<7196.500000, 252.990005, 6976.500000>).
01:08:39 [Market] Player "Mr. Tux" (id=3FCmlLdqs97wNYtgsvMTGavMyuZc44PrYyr2Gfkoti8=) has sold pistolsuppressor x1 at the trader "Ammo_Attachments (Taiki [Ammo & Attachments])" in market zone "Outpost 42" (pos=<7196.500000, 252.990005, 6976.500000>) and got 112.
01:10:06 [Market] Player "Mr. Tux" (id=3FCmlLdqs97wNYtgsvMTGavMyuZc44PrYyr2Gfkoti8=) has send a requested to sell mag_expansion_mp7_40rnd x1 at the trader "Ammo_Attachments (Taiki [Ammo & Attachments])" in market zone "Outpost 42" (pos=<7196.500000, 252.990005, 6976.500000>).
01:10:06 [Market] Player "Mr. Tux" (id=3FCmlLdqs97wNYtgsvMTGavMyuZc44PrYyr2Gfkoti8=) has sold mag_expansion_mp7_40rnd x1 at the trader "Ammo_Attachments (Taiki [Ammo & Attachments])" in market zone "Outpost 42" (pos=<7196.500000, 252.990005, 6976.500000>) and got 330.
01:10:15 [Market] Player "Mr. Tux" (id=3FCmlLdqs97wNYtgsvMTGavMyuZc44PrYyr2Gfkoti8=) has send a requested to sell ttc_p320_17rnd x1 at the trader "Ammo_Attachments (Taiki [Ammo & Attachments])" in market zone "Outpost 42" (pos=<7196.500000, 252.990005, 6976.500000>).
01:10:15 [Market] Player "Mr. Tux" (id=3FCmlLdqs97wNYtgsvMTGavMyuZc44PrYyr2Gfkoti8=) has sold ttc_p320_17rnd x1 at the trader "Ammo_Attachments (Taiki [Ammo & Attachments])" in market zone "Outpost 42" (pos=<7196.500000, 252.990005, 6976.500000>) and got 88.
01:18:41 [Party] Player "Mr. Tux" (id=3FCmlLdqs97wNYtgsvMTGavMyuZc44PrYyr2Gfkoti8=) left the party "Scarred Reapers" (id=15 ownerUID=3FCmlLdqs97wNYtgsvMTGavMyuZc44PrYyr2Gfkoti8= ownerName=Mr. Tux)
01:29:16 [Safezone] Player "Mr. Tux" (id=3FCmlLdqs97wNYtgsvMTGavMyuZc44PrYyr2Gfkoti8= pos=<7210.000488, 253.026001, 6983.285156>) Entered the safezone
01:29:16 [Party] Player "Mr. Tux" (id=3FCmlLdqs97wNYtgsvMTGavMyuZc44PrYyr2Gfkoti8=) joinded the party "Scarred Reapers" (id=15 ownerUID=3FCmlLdqs97wNYtgsvMTGavMyuZc44PrYyr2Gfkoti8= ownerName=Mr. Tux)
01:32:15 [Market] Player "Mr. Tux" (id=3FCmlLdqs97wNYtgsvMTGavMyuZc44PrYyr2Gfkoti8=) has send a requested to sell mag_expansion_g36_30rnd x1 at the trader "Ammo_Attachments (Taiki [Ammo & Attachments])" in market zone "Outpost 42" (pos=<7196.500000, 252.990005, 6976.500000>).
01:32:15 [Market] Player "Mr. Tux" (id=3FCmlLdqs97wNYtgsvMTGavMyuZc44PrYyr2Gfkoti8=) has sold mag_expansion_g36_30rnd x1 at the trader "Ammo_Attachments (Taiki [Ammo & Attachments])" in market zone "Outpost 42" (pos=<7196.500000, 252.990005, 6976.500000>) and got 125.
01:32:17 [Market] Player "Mr. Tux" (id=3FCmlLdqs97wNYtgsvMTGavMyuZc44PrYyr2Gfkoti8=) has send a requested to sell ttc_scarhmag x1 at the trader "Ammo_Attachments (Taiki [Ammo & Attachments])" in market zone "Outpost 42" (pos=<7196.500000, 252.990005, 6976.500000>).
01:32:18 [Market] Player "Mr. Tux" (id=3FCmlLdqs97wNYtgsvMTGavMyuZc44PrYyr2Gfkoti8=) has sold ttc_scarhmag x1 at the trader "Ammo_Attachments (Taiki [Ammo & Attachments])" in market zone "Outpost 42" (pos=<7196.500000, 252.990005, 6976.500000>) and got 50.
01:33:00 [Market] Player "Mr. Tux" (id=3FCmlLdqs97wNYtgsvMTGavMyuZc44PrYyr2Gfkoti8=) has send a requested to sell sks x1 at the trader "Weapons (Seth [Weapons])" in market zone "Outpost 42" (pos=<7196.500000, 252.990005, 6976.500000>).
01:33:00 [Market] Player "Mr. Tux" (id=3FCmlLdqs97wNYtgsvMTGavMyuZc44PrYyr2Gfkoti8=) has sold sks x1 at the trader "Weapons (Seth [Weapons])" in market zone "Outpost 42" (pos=<7196.500000, 252.990005, 6976.500000>) and got 625.
01:33:03 [Market] Player "Mr. Tux" (id=3FCmlLdqs97wNYtgsvMTGavMyuZc44PrYyr2Gfkoti8=) has send a requested to sell colt1911 x1 at the trader "Weapons (Seth [Weapons])" in market zone "Outpost 42" (pos=<7196.500000, 252.990005, 6976.500000>).
01:33:03 [Market] Player "Mr. Tux" (id=3FCmlLdqs97wNYtgsvMTGavMyuZc44PrYyr2Gfkoti8=) has sold colt1911 x1 at the trader "Weapons (Seth [Weapons])" in market zone "Outpost 42" (pos=<7196.500000, 252.990005, 6976.500000>) and got 188.
01:33:09 [Market] Player "Mr. Tux" (id=3FCmlLdqs97wNYtgsvMTGavMyuZc44PrYyr2Gfkoti8=) has send a requested to sell ttc_aachoney_b x1 at the trader "Weapons (Seth [Weapons])" in market zone "Outpost 42" (pos=<7196.500000, 252.990005, 6976.500000>).
01:33:09 [Market] Player "Mr. Tux" (id=3FCmlLdqs97wNYtgsvMTGavMyuZc44PrYyr2Gfkoti8=) has sold ttc_aachoney_b x1 at the trader "Weapons (Seth [Weapons])" in market zone "Outpost 42" (pos=<7196.500000, 252.990005, 6976.500000>) and got 1113.
01:33:28 [Market] Player "Mr. Tux" (id=3FCmlLdqs97wNYtgsvMTGavMyuZc44PrYyr2Gfkoti8=) has send a requested to sell mvs_6b47_helmet_tan x1 at the trader "MilitaryGear (Judy [Military Gear])" in market zone "Outpost 42" (pos=<7196.500000, 252.990005, 6976.500000>).
01:33:28 [Market] Player "Mr. Tux" (id=3FCmlLdqs97wNYtgsvMTGavMyuZc44PrYyr2Gfkoti8=) has sold mvs_6b47_helmet_tan x1 at the trader "MilitaryGear (Judy [Military Gear])" in market zone "Outpost 42" (pos=<7196.500000, 252.990005, 6976.500000>) and got 462.
01:33:31 [Market] Player "Mr. Tux" (id=3FCmlLdqs97wNYtgsvMTGavMyuZc44PrYyr2Gfkoti8=) has send a requested to sell booniehat_flecktran x1 at the trader "MilitaryGear (Judy [Military Gear])" in market zone "Outpost 42" (pos=<7196.500000, 252.990005, 6976.500000>).
01:33:31 [Market] Player "Mr. Tux" (id=3FCmlLdqs97wNYtgsvMTGavMyuZc44PrYyr2Gfkoti8=) has sold booniehat_flecktran x1 at the trader "MilitaryGear (Judy [Military Gear])" in market zone "Outpost 42" (pos=<7196.500000, 252.990005, 6976.500000>) and got 75.
01:35:32 [Market] Player "Mr. Tux" (id=3FCmlLdqs97wNYtgsvMTGavMyuZc44PrYyr2Gfkoti8=) has send a requested to sell militarygear_gasmask_olive x1 at the trader "MilitaryGear (Judy [Military Gear])" in market zone "Outpost 42" (pos=<7196.500000, 252.990005, 6976.500000>).
01:35:32 [Market] Player "Mr. Tux" (id=3FCmlLdqs97wNYtgsvMTGavMyuZc44PrYyr2Gfkoti8=) has sold militarygear_gasmask_olive x1 at the trader "MilitaryGear (Judy [Military Gear])" in market zone "Outpost 42" (pos=<7196.500000, 252.990005, 6976.500000>) and got 125.
01:35:34 [Market] Player "Mr. Tux" (id=3FCmlLdqs97wNYtgsvMTGavMyuZc44PrYyr2Gfkoti8=) has send a requested to sell militarygear_balaclava3skull_flt x1 at the trader "MilitaryGear (Judy [Military Gear])" in market zone "Outpost 42" (pos=<7196.500000, 252.990005, 6976.500000>).
01:35:34 [Market] Player "Mr. Tux" (id=3FCmlLdqs97wNYtgsvMTGavMyuZc44PrYyr2Gfkoti8=) has sold militarygear_balaclava3skull_flt x1 at the trader "MilitaryGear (Judy [Military Gear])" in market zone "Outpost 42" (pos=<7196.500000, 252.990005, 6976.500000>) and got 50.
01:35:39 [Market] Player "Mr. Tux" (id=3FCmlLdqs97wNYtgsvMTGavMyuZc44PrYyr2Gfkoti8=) has send a requested to sell militarygear_highcapvest_partizanm x1 at the trader "MilitaryGear (Judy [Military Gear])" in market zone "Outpost 42" (pos=<7196.500000, 252.990005, 6976.500000>).
01:35:39 [Market] Player "Mr. Tux" (id=3FCmlLdqs97wNYtgsvMTGavMyuZc44PrYyr2Gfkoti8=) has sold militarygear_highcapvest_partizanm x1 at the trader "MilitaryGear (Judy [Military Gear])" in market zone "Outpost 42" (pos=<7196.500000, 252.990005, 6976.500000>) and got 400.
01:37:50 [Market] Player "Mr. Tux" (id=3FCmlLdqs97wNYtgsvMTGavMyuZc44PrYyr2Gfkoti8=) has send a requested to sell mvs_assault_pack_black x1 at the trader "MilitaryGear (Judy [Military Gear])" in market zone "Outpost 42" (pos=<7196.500000, 252.990005, 6976.500000>).
01:37:51 [Market] Player "Mr. Tux" (id=3FCmlLdqs97wNYtgsvMTGavMyuZc44PrYyr2Gfkoti8=) has sold mvs_assault_pack_black x1 at the trader "MilitaryGear (Judy [Military Gear])" in market zone "Outpost 42" (pos=<7196.500000, 252.990005, 6976.500000>) and got 425.
01:37:52 [Market] Player "Mr. Tux" (id=3FCmlLdqs97wNYtgsvMTGavMyuZc44PrYyr2Gfkoti8=) has send a requested to sell militarygear_coyotebag_tropic x1 at the trader "MilitaryGear (Judy [Military Gear])" in market zone "Outpost 42" (pos=<7196.500000, 252.990005, 6976.500000>).
01:37:52 [Market] Player "Mr. Tux" (id=3FCmlLdqs97wNYtgsvMTGavMyuZc44PrYyr2Gfkoti8=) has sold militarygear_coyotebag_tropic x1 at the trader "MilitaryGear (Judy [Military Gear])" in market zone "Outpost 42" (pos=<7196.500000, 252.990005, 6976.500000>) and got 2200.
01:38:52 [Market] Player "Mr. Tux" (id=3FCmlLdqs97wNYtgsvMTGavMyuZc44PrYyr2Gfkoti8=) has send a requested to sell mvs_pack_od x1 at the trader "MilitaryGear (Judy [Military Gear])" in market zone "Outpost 42" (pos=<7196.500000, 252.990005, 6976.500000>).
01:38:52 [Market] Player "Mr. Tux" (id=3FCmlLdqs97wNYtgsvMTGavMyuZc44PrYyr2Gfkoti8=) has sold mvs_pack_od x1 at the trader "MilitaryGear (Judy [Military Gear])" in market zone "Outpost 42" (pos=<7196.500000, 252.990005, 6976.500000>) and got 750.
01:39:57 [Market] Player "Mr. Tux" (id=3FCmlLdqs97wNYtgsvMTGavMyuZc44PrYyr2Gfkoti8=) has send a requested to sell alicebag_green x1 at the trader "MilitaryGear (Judy [Military Gear])" in market zone "Outpost 42" (pos=<7196.500000, 252.990005, 6976.500000>).
01:39:57 [Market] Player "Mr. Tux" (id=3FCmlLdqs97wNYtgsvMTGavMyuZc44PrYyr2Gfkoti8=) has sold alicebag_green x1 at the trader "MilitaryGear (Judy [Military Gear])" in market zone "Outpost 42" (pos=<7196.500000, 252.990005, 6976.500000>) and got 200.
01:40:59 [Market] Player "Mr. Tux" (id=3FCmlLdqs97wNYtgsvMTGavMyuZc44PrYyr2Gfkoti8=) has send a requested to sell binoculars x1 at the trader "Tools_Supplies (Kaito [Tools & Supplies])" in market zone "Outpost 42" (pos=<7196.500000, 252.990005, 6976.500000>).
01:40:59 [Market] Player "Mr. Tux" (id=3FCmlLdqs97wNYtgsvMTGavMyuZc44PrYyr2Gfkoti8=) has sold binoculars x1 at the trader "Tools_Supplies (Kaito [Tools & Supplies])" in market zone "Outpost 42" (pos=<7196.500000, 252.990005, 6976.500000>) and got 62.
01:41:03 [Market] Player "Mr. Tux" (id=3FCmlLdqs97wNYtgsvMTGavMyuZc44PrYyr2Gfkoti8=) has send a requested to sell crowbar x1 at the trader "Tools_Supplies (Kaito [Tools & Supplies])" in market zone "Outpost 42" (pos=<7196.500000, 252.990005, 6976.500000>).
01:41:03 [Market] Player "Mr. Tux" (id=3FCmlLdqs97wNYtgsvMTGavMyuZc44PrYyr2Gfkoti8=) has sold crowbar x1 at the trader "Tools_Supplies (Kaito [Tools & Supplies])" in market zone "Outpost 42" (pos=<7196.500000, 252.990005, 6976.500000>) and got 75.
01:41:27 [Market] Player "Mr. Tux" (id=3FCmlLdqs97wNYtgsvMTGavMyuZc44PrYyr2Gfkoti8=) has send a requested to sell handcuffs x1 at the trader "Tools_Supplies (Kaito [Tools & Supplies])" in market zone "Outpost 42" (pos=<7196.500000, 252.990005, 6976.500000>).
01:41:27 [Market] Player "Mr. Tux" (id=3FCmlLdqs97wNYtgsvMTGavMyuZc44PrYyr2Gfkoti8=) has sold handcuffs x1 at the trader "Tools_Supplies (Kaito [Tools & Supplies])" in market zone "Outpost 42" (pos=<7196.500000, 252.990005, 6976.500000>) and got 94.
01:41:56 [Market] Player "Mr. Tux" (id=3FCmlLdqs97wNYtgsvMTGavMyuZc44PrYyr2Gfkoti8=) has send a requested to purchase leathersewingkit x1 from the trader "Tools_Supplies (Kaito [Tools & Supplies])" in market zone "Outpost 42" (pos=<7196.500000, 252.990005, 6976.500000>).
01:41:57 [Market] Player "Mr. Tux" (id=3FCmlLdqs97wNYtgsvMTGavMyuZc44PrYyr2Gfkoti8=) has bought leathersewingkit x1 from the trader "Tools_Supplies (Kaito [Tools & Supplies])" in market zone "Outpost 42" (pos=<7196.500000, 252.990005, 6976.500000>) for a price of 50.
01:44:47 [Market] Player "Mr. Tux" (id=3FCmlLdqs97wNYtgsvMTGavMyuZc44PrYyr2Gfkoti8=) has send a requested to sell hikingboots_brown x1 at the trader "CivilianGear (Frida [Civilian Gear])" in market zone "Outpost 42" (pos=<7196.500000, 252.990005, 6976.500000>).
01:44:47 [Market] Player "Mr. Tux" (id=3FCmlLdqs97wNYtgsvMTGavMyuZc44PrYyr2Gfkoti8=) has sold hikingboots_brown x1 at the trader "CivilianGear (Frida [Civilian Gear])" in market zone "Outpost 42" (pos=<7196.500000, 252.990005, 6976.500000>) and got 28.
02:04:59 [Market] Player "Mr. Tux" (id=3FCmlLdqs97wNYtgsvMTGavMyuZc44PrYyr2Gfkoti8=) has send a requested to purchase leathersewingkit x1 from the trader "Tools_Supplies (Kaito [Tools & Supplies])" in market zone "Outpost 42" (pos=<7196.500000, 252.990005, 6976.500000>).
02:05:00 [Market] Player "Mr. Tux" (id=3FCmlLdqs97wNYtgsvMTGavMyuZc44PrYyr2Gfkoti8=) has bought leathersewingkit x1 from the trader "Tools_Supplies (Kaito [Tools & Supplies])" in market zone "Outpost 42" (pos=<7196.500000, 252.990005, 6976.500000>) for a price of 50.
02:08:12 [Market] Player "Mr. Tux" (id=3FCmlLdqs97wNYtgsvMTGavMyuZc44PrYyr2Gfkoti8=) has send a requested to purchase expansiongunrack x1 from the trader "BaseImprovement (Peter [Base Improvement])" in market zone "Outpost 42" (pos=<7196.500000, 252.990005, 6976.500000>).
02:08:12 [Market] Player "Mr. Tux" (id=3FCmlLdqs97wNYtgsvMTGavMyuZc44PrYyr2Gfkoti8=) has bought expansiongunrack x1 from the trader "BaseImprovement (Peter [Base Improvement])" in market zone "Outpost 42" (pos=<7196.500000, 252.990005, 6976.500000>) for a price of 3500.
02:11:43 [Safezone] Player "Mr. Tux" (id=3FCmlLdqs97wNYtgsvMTGavMyuZc44PrYyr2Gfkoti8= pos=<7271.538086, 270.646942, 7173.994629>) Left the safezone
02:24:31 [Safezone] Player "Mr. Tux" (id=3FCmlLdqs97wNYtgsvMTGavMyuZc44PrYyr2Gfkoti8= pos=<7248.922852, 263.180542, 7105.230957>) Entered the safezone
02:24:45 [Safezone] Player "Mr. Tux" (id=3FCmlLdqs97wNYtgsvMTGavMyuZc44PrYyr2Gfkoti8= pos=<7271.323730, 259.684692, 7089.213867>) Entered the safezone
02:27:31 [Market] Player "Mr. Tux" (id=3FCmlLdqs97wNYtgsvMTGavMyuZc44PrYyr2Gfkoti8=) has send a requested to purchase ak74 x1 from the trader "Weapons (Seth [Weapons])" in market zone "Outpost 42" (pos=<7196.500000, 252.990005, 6976.500000>).
02:27:32 [Market] Player "Mr. Tux" (id=3FCmlLdqs97wNYtgsvMTGavMyuZc44PrYyr2Gfkoti8=) has bought ak74 x1 from the trader "Weapons (Seth [Weapons])" in market zone "Outpost 42" (pos=<7196.500000, 252.990005, 6976.500000>) for a price of 3420.
02:28:48 [Party] Player "Mr. Tux" (id=3FCmlLdqs97wNYtgsvMTGavMyuZc44PrYyr2Gfkoti8=) left the party "Scarred Reapers" (id=15 ownerUID=3FCmlLdqs97wNYtgsvMTGavMyuZc44PrYyr2Gfkoti8= ownerName=Mr. Tux)
02:41:29 [Safezone] Player "Mr. Tux" (id=3FCmlLdqs97wNYtgsvMTGavMyuZc44PrYyr2Gfkoti8= pos=<7206.037109, 253.026001, 6983.839844>) Entered the safezone
02:41:29 [Party] Player "Mr. Tux" (id=3FCmlLdqs97wNYtgsvMTGavMyuZc44PrYyr2Gfkoti8=) joinded the party "Scarred Reapers" (id=15 ownerUID=3FCmlLdqs97wNYtgsvMTGavMyuZc44PrYyr2Gfkoti8= ownerName=Mr. Tux)
02:42:21 [Market] Player "Mr. Tux" (id=3FCmlLdqs97wNYtgsvMTGavMyuZc44PrYyr2Gfkoti8=) has send a requested to purchase mag_ak74_45rnd x1 from the trader "Ammo_Attachments (Taiki [Ammo & Attachments])" in market zone "Outpost 42" (pos=<7196.500000, 252.990005, 6976.500000>).
02:42:21 [Market] Player "Mr. Tux" (id=3FCmlLdqs97wNYtgsvMTGavMyuZc44PrYyr2Gfkoti8=) has bought mag_ak74_45rnd x1 from the trader "Ammo_Attachments (Taiki [Ammo & Attachments])" in market zone "Outpost 42" (pos=<7196.500000, 252.990005, 6976.500000>) for a price of 390.
02:45:02 [Safezone] Player "Mr. Tux" (id=3FCmlLdqs97wNYtgsvMTGavMyuZc44PrYyr2Gfkoti8= pos=<7149.625977, 261.271301, 7182.041992>) Left the safezone
03:45:13 [Market] Player "Mr. Tux" (id=3FCmlLdqs97wNYtgsvMTGavMyuZc44PrYyr2Gfkoti8=) has send a requested to sell cp_cannabisbagblue x1 at the trader "Drugs (Francis [Drugs])" in market zone "Severograd" (pos=<8654.179688, 176.266006, 13629.900391>).
03:45:13 [Market] Player "Mr. Tux" (id=3FCmlLdqs97wNYtgsvMTGavMyuZc44PrYyr2Gfkoti8=) has sold cp_cannabisbagblue x1 at the trader "Drugs (Francis [Drugs])" in market zone "Severograd" (pos=<8654.179688, 176.266006, 13629.900391>) and got 250.
03:45:13 [Market] Player "Mr. Tux" (id=3FCmlLdqs97wNYtgsvMTGavMyuZc44PrYyr2Gfkoti8=) has send a requested to sell cp_cannabisbagblue x1 at the trader "Drugs (Francis [Drugs])" in market zone "Severograd" (pos=<8654.179688, 176.266006, 13629.900391>).
03:45:14 [Market] Player "Mr. Tux" (id=3FCmlLdqs97wNYtgsvMTGavMyuZc44PrYyr2Gfkoti8=) has sold cp_cannabisbagblue x1 at the trader "Drugs (Francis [Drugs])" in market zone "Severograd" (pos=<8654.179688, 176.266006, 13629.900391>) and got 250.
03:45:18 [Market] Player "Mr. Tux" (id=3FCmlLdqs97wNYtgsvMTGavMyuZc44PrYyr2Gfkoti8=) has send a requested to sell cp_cannabisbagblackfrost x1 at the trader "Drugs (Francis [Drugs])" in market zone "Severograd" (pos=<8654.179688, 176.266006, 13629.900391>).
03:45:18 [Market] Player "Mr. Tux" (id=3FCmlLdqs97wNYtgsvMTGavMyuZc44PrYyr2Gfkoti8=) has sold cp_cannabisbagblackfrost x1 at the trader "Drugs (Francis [Drugs])" in market zone "Severograd" (pos=<8654.179688, 176.266006, 13629.900391>) and got 625.
03:45:18 [Market] Player "Mr. Tux" (id=3FCmlLdqs97wNYtgsvMTGavMyuZc44PrYyr2Gfkoti8=) has send a requested to sell cp_cannabisbagblackfrost x1 at the trader "Drugs (Francis [Drugs])" in market zone "Severograd" (pos=<8654.179688, 176.266006, 13629.900391>).
03:45:18 [Market] Player "Mr. Tux" (id=3FCmlLdqs97wNYtgsvMTGavMyuZc44PrYyr2Gfkoti8=) has sold cp_cannabisbagblackfrost x1 at the trader "Drugs (Francis [Drugs])" in market zone "Severograd" (pos=<8654.179688, 176.266006, 13629.900391>) and got 625.
03:45:18 [Market] Player "Mr. Tux" (id=3FCmlLdqs97wNYtgsvMTGavMyuZc44PrYyr2Gfkoti8=) has send a requested to sell cp_cannabisbagblackfrost x1 at the trader "Drugs (Francis [Drugs])" in market zone "Severograd" (pos=<8654.179688, 176.266006, 13629.900391>).
03:45:18 [Market] Player "Mr. Tux" (id=3FCmlLdqs97wNYtgsvMTGavMyuZc44PrYyr2Gfkoti8=) has sold cp_cannabisbagblackfrost x1 at the trader "Drugs (Francis [Drugs])" in market zone "Severograd" (pos=<8654.179688, 176.266006, 13629.900391>) and got 625.
03:45:18 [Market] Player "Mr. Tux" (id=3FCmlLdqs97wNYtgsvMTGavMyuZc44PrYyr2Gfkoti8=) has send a requested to sell cp_cannabisbagblackfrost x1 at the trader "Drugs (Francis [Drugs])" in market zone "Severograd" (pos=<8654.179688, 176.266006, 13629.900391>).
03:45:18 [Market] Player "Mr. Tux" (id=3FCmlLdqs97wNYtgsvMTGavMyuZc44PrYyr2Gfkoti8=) has sold cp_cannabisbagblackfrost x1 at the trader "Drugs (Francis [Drugs])" in market zone "Severograd" (pos=<8654.179688, 176.266006, 13629.900391>) and got 625.
03:45:18 [Market] Player "Mr. Tux" (id=3FCmlLdqs97wNYtgsvMTGavMyuZc44PrYyr2Gfkoti8=) has send a requested to sell cp_cannabisbagblackfrost x1 at the trader "Drugs (Francis [Drugs])" in market zone "Severograd" (pos=<8654.179688, 176.266006, 13629.900391>).
03:45:18 [Market] Player "Mr. Tux" (id=3FCmlLdqs97wNYtgsvMTGavMyuZc44PrYyr2Gfkoti8=) has sold cp_cannabisbagblackfrost x1 at the trader "Drugs (Francis [Drugs])" in market zone "Severograd" (pos=<8654.179688, 176.266006, 13629.900391>) and got 625.
03:45:18 [Market] Player "Mr. Tux" (id=3FCmlLdqs97wNYtgsvMTGavMyuZc44PrYyr2Gfkoti8=) has send a requested to sell cp_cannabisbagblackfrost x1 at the trader "Drugs (Francis [Drugs])" in market zone "Severograd" (pos=<8654.179688, 176.266006, 13629.900391>).
03:45:19 [Market] Player "Mr. Tux" (id=3FCmlLdqs97wNYtgsvMTGavMyuZc44PrYyr2Gfkoti8=) has sold cp_cannabisbagblackfrost x1 at the trader "Drugs (Francis [Drugs])" in market zone "Severograd" (pos=<8654.179688, 176.266006, 13629.900391>) and got 625.
03:45:19 [Market] Player "Mr. Tux" (id=3FCmlLdqs97wNYtgsvMTGavMyuZc44PrYyr2Gfkoti8=) has send a requested to sell cp_cannabisbagblackfrost x1 at the trader "Drugs (Francis [Drugs])" in market zone "Severograd" (pos=<8654.179688, 176.266006, 13629.900391>).
03:45:19 [Market] Player "Mr. Tux" (id=3FCmlLdqs97wNYtgsvMTGavMyuZc44PrYyr2Gfkoti8=) has sold cp_cannabisbagblackfrost x1 at the trader "Drugs (Francis [Drugs])" in market zone "Severograd" (pos=<8654.179688, 176.266006, 13629.900391>) and got 625.
03:45:19 [Market] Player "Mr. Tux" (id=3FCmlLdqs97wNYtgsvMTGavMyuZc44PrYyr2Gfkoti8=) has send a requested to sell cp_cannabisbagblackfrost x1 at the trader "Drugs (Francis [Drugs])" in market zone "Severograd" (pos=<8654.179688, 176.266006, 13629.900391>).
03:45:19 [Market] Player "Mr. Tux" (id=3FCmlLdqs97wNYtgsvMTGavMyuZc44PrYyr2Gfkoti8=) has sold cp_cannabisbagblackfrost x1 at the trader "Drugs (Francis [Drugs])" in market zone "Severograd" (pos=<8654.179688, 176.266006, 13629.900391>) and got 625.
03:45:19 [Market] Player "Mr. Tux" (id=3FCmlLdqs97wNYtgsvMTGavMyuZc44PrYyr2Gfkoti8=) has send a requested to sell cp_cannabisbagblackfrost x1 at the trader "Drugs (Francis [Drugs])" in market zone "Severograd" (pos=<8654.179688, 176.266006, 13629.900391>).
03:45:19 [Market] Player "Mr. Tux" (id=3FCmlLdqs97wNYtgsvMTGavMyuZc44PrYyr2Gfkoti8=) has sold cp_cannabisbagblackfrost x1 at the trader "Drugs (Francis [Drugs])" in market zone "Severograd" (pos=<8654.179688, 176.266006, 13629.900391>) and got 625.
03:45:19 [Market] Player "Mr. Tux" (id=3FCmlLdqs97wNYtgsvMTGavMyuZc44PrYyr2Gfkoti8=) has send a requested to sell cp_cannabisbagblackfrost x1 at the trader "Drugs (Francis [Drugs])" in market zone "Severograd" (pos=<8654.179688, 176.266006, 13629.900391>).
03:45:19 [Market] Player "Mr. Tux" (id=3FCmlLdqs97wNYtgsvMTGavMyuZc44PrYyr2Gfkoti8=) has sold cp_cannabisbagblackfrost x1 at the trader "Drugs (Francis [Drugs])" in market zone "Severograd" (pos=<8654.179688, 176.266006, 13629.900391>) and got 625.
03:45:19 [Market] Player "Mr. Tux" (id=3FCmlLdqs97wNYtgsvMTGavMyuZc44PrYyr2Gfkoti8=) has send a requested to sell cp_cannabisbagblackfrost x1 at the trader "Drugs (Francis [Drugs])" in market zone "Severograd" (pos=<8654.179688, 176.266006, 13629.900391>).
03:45:19 [Market] Player "Mr. Tux" (id=3FCmlLdqs97wNYtgsvMTGavMyuZc44PrYyr2Gfkoti8=) has sold cp_cannabisbagblackfrost x1 at the trader "Drugs (Francis [Drugs])" in market zone "Severograd" (pos=<8654.179688, 176.266006, 13629.900391>) and got 625.
03:45:21 [Market] Player "Mr. Tux" (id=3FCmlLdqs97wNYtgsvMTGavMyuZc44PrYyr2Gfkoti8=) has send a requested to sell cp_cannabisbagfuture x1 at the trader "Drugs (Francis [Drugs])" in market zone "Severograd" (pos=<8654.179688, 176.266006, 13629.900391>).
03:45:21 [Market] Player "Mr. Tux" (id=3FCmlLdqs97wNYtgsvMTGavMyuZc44PrYyr2Gfkoti8=) has sold cp_cannabisbagfuture x1 at the trader "Drugs (Francis [Drugs])" in market zone "Severograd" (pos=<8654.179688, 176.266006, 13629.900391>) and got 438.
03:45:21 [Market] Player "Mr. Tux" (id=3FCmlLdqs97wNYtgsvMTGavMyuZc44PrYyr2Gfkoti8=) has send a requested to sell cp_cannabisbagfuture x1 at the trader "Drugs (Francis [Drugs])" in market zone "Severograd" (pos=<8654.179688, 176.266006, 13629.900391>).
03:45:21 [Market] Player "Mr. Tux" (id=3FCmlLdqs97wNYtgsvMTGavMyuZc44PrYyr2Gfkoti8=) has sold cp_cannabisbagfuture x1 at the trader "Drugs (Francis [Drugs])" in market zone "Severograd" (pos=<8654.179688, 176.266006, 13629.900391>) and got 438.
03:45:21 [Market] Player "Mr. Tux" (id=3FCmlLdqs97wNYtgsvMTGavMyuZc44PrYyr2Gfkoti8=) has send a requested to sell cp_cannabisbagfuture x1 at the trader "Drugs (Francis [Drugs])" in market zone "Severograd" (pos=<8654.179688, 176.266006, 13629.900391>).
03:45:22 [Market] Player "Mr. Tux" (id=3FCmlLdqs97wNYtgsvMTGavMyuZc44PrYyr2Gfkoti8=) has sold cp_cannabisbagfuture x1 at the trader "Drugs (Francis [Drugs])" in market zone "Severograd" (pos=<8654.179688, 176.266006, 13629.900391>) and got 438.
03:45:22 [Market] Player "Mr. Tux" (id=3FCmlLdqs97wNYtgsvMTGavMyuZc44PrYyr2Gfkoti8=) has send a requested to sell cp_cannabisbagfuture x1 at the trader "Drugs (Francis [Drugs])" in market zone "Severograd" (pos=<8654.179688, 176.266006, 13629.900391>).
03:45:22 [Market] Player "Mr. Tux" (id=3FCmlLdqs97wNYtgsvMTGavMyuZc44PrYyr2Gfkoti8=) has sold cp_cannabisbagfuture x1 at the trader "Drugs (Francis [Drugs])" in market zone "Severograd" (pos=<8654.179688, 176.266006, 13629.900391>) and got 438.
03:45:22 [Market] Player "Mr. Tux" (id=3FCmlLdqs97wNYtgsvMTGavMyuZc44PrYyr2Gfkoti8=) has send a requested to sell cp_cannabisbagfuture x1 at the trader "Drugs (Francis [Drugs])" in market zone "Severograd" (pos=<8654.179688, 176.266006, 13629.900391>).
03:45:22 [Market] Player "Mr. Tux" (id=3FCmlLdqs97wNYtgsvMTGavMyuZc44PrYyr2Gfkoti8=) has sold cp_cannabisbagfuture x1 at the trader "Drugs (Francis [Drugs])" in market zone "Severograd" (pos=<8654.179688, 176.266006, 13629.900391>) and got 438.
03:45:22 [Market] Player "Mr. Tux" (id=3FCmlLdqs97wNYtgsvMTGavMyuZc44PrYyr2Gfkoti8=) has send a requested to sell cp_cannabisbagfuture x1 at the trader "Drugs (Francis [Drugs])" in market zone "Severograd" (pos=<8654.179688, 176.266006, 13629.900391>).
03:45:22 [Market] Player "Mr. Tux" (id=3FCmlLdqs97wNYtgsvMTGavMyuZc44PrYyr2Gfkoti8=) has sold cp_cannabisbagfuture x1 at the trader "Drugs (Francis [Drugs])" in market zone "Severograd" (pos=<8654.179688, 176.266006, 13629.900391>) and got 438.
03:45:22 [Market] Player "Mr. Tux" (id=3FCmlLdqs97wNYtgsvMTGavMyuZc44PrYyr2Gfkoti8=) has send a requested to sell cp_cannabisbagfuture x1 at the trader "Drugs (Francis [Drugs])" in market zone "Severograd" (pos=<8654.179688, 176.266006, 13629.900391>).
03:45:22 [Market] Player "Mr. Tux" (id=3FCmlLdqs97wNYtgsvMTGavMyuZc44PrYyr2Gfkoti8=) has sold cp_cannabisbagfuture x1 at the trader "Drugs (Francis [Drugs])" in market zone "Severograd" (pos=<8654.179688, 176.266006, 13629.900391>) and got 438.
03:45:22 [Market] Player "Mr. Tux" (id=3FCmlLdqs97wNYtgsvMTGavMyuZc44PrYyr2Gfkoti8=) has send a requested to sell cp_cannabisbagfuture x1 at the trader "Drugs (Francis [Drugs])" in market zone "Severograd" (pos=<8654.179688, 176.266006, 13629.900391>).
03:45:23 [Market] Player "Mr. Tux" (id=3FCmlLdqs97wNYtgsvMTGavMyuZc44PrYyr2Gfkoti8=) has sold cp_cannabisbagfuture x1 at the trader "Drugs (Francis [Drugs])" in market zone "Severograd" (pos=<8654.179688, 176.266006, 13629.900391>) and got 438.
03:45:23 [Market] Player "Mr. Tux" (id=3FCmlLdqs97wNYtgsvMTGavMyuZc44PrYyr2Gfkoti8=) has send a requested to sell cp_cannabisbagfuture x1 at the trader "Drugs (Francis [Drugs])" in market zone "Severograd" (pos=<8654.179688, 176.266006, 13629.900391>).
03:45:23 [Market] Player "Mr. Tux" (id=3FCmlLdqs97wNYtgsvMTGavMyuZc44PrYyr2Gfkoti8=) has sold cp_cannabisbagfuture x1 at the trader "Drugs (Francis [Drugs])" in market zone "Severograd" (pos=<8654.179688, 176.266006, 13629.900391>) and got 438.
03:45:23 [Market] Player "Mr. Tux" (id=3FCmlLdqs97wNYtgsvMTGavMyuZc44PrYyr2Gfkoti8=) has send a requested to sell cp_cannabisbagfuture x1 at the trader "Drugs (Francis [Drugs])" in market zone "Severograd" (pos=<8654.179688, 176.266006, 13629.900391>).
03:45:23 [Market] Player "Mr. Tux" (id=3FCmlLdqs97wNYtgsvMTGavMyuZc44PrYyr2Gfkoti8=) has sold cp_cannabisbagfuture x1 at the trader "Drugs (Francis [Drugs])" in market zone "Severograd" (pos=<8654.179688, 176.266006, 13629.900391>) and got 438.
03:45:23 [Market] Player "Mr. Tux" (id=3FCmlLdqs97wNYtgsvMTGavMyuZc44PrYyr2Gfkoti8=) has send a requested to sell cp_cannabisbagfuture x1 at the trader "Drugs (Francis [Drugs])" in market zone "Severograd" (pos=<8654.179688, 176.266006, 13629.900391>).
03:45:23 [Market] Player "Mr. Tux" (id=3FCmlLdqs97wNYtgsvMTGavMyuZc44PrYyr2Gfkoti8=) has sold cp_cannabisbagfuture x1 at the trader "Drugs (Francis [Drugs])" in market zone "Severograd" (pos=<8654.179688, 176.266006, 13629.900391>) and got 438.
03:45:23 [Market] Player "Mr. Tux" (id=3FCmlLdqs97wNYtgsvMTGavMyuZc44PrYyr2Gfkoti8=) has send a requested to sell cp_cannabisbagfuture x1 at the trader "Drugs (Francis [Drugs])" in market zone "Severograd" (pos=<8654.179688, 176.266006, 13629.900391>).
03:45:23 [Market] Player "Mr. Tux" (id=3FCmlLdqs97wNYtgsvMTGavMyuZc44PrYyr2Gfkoti8=) has sold cp_cannabisbagfuture x1 at the trader "Drugs (Francis [Drugs])" in market zone "Severograd" (pos=<8654.179688, 176.266006, 13629.900391>) and got 438.
03:45:25 [Market] Player "Mr. Tux" (id=3FCmlLdqs97wNYtgsvMTGavMyuZc44PrYyr2Gfkoti8=) has send a requested to sell cp_cannabisbagnomad x1 at the trader "Drugs (Francis [Drugs])" in market zone "Severograd" (pos=<8654.179688, 176.266006, 13629.900391>).
03:45:25 [Market] Player "Mr. Tux" (id=3FCmlLdqs97wNYtgsvMTGavMyuZc44PrYyr2Gfkoti8=) has sold cp_cannabisbagnomad x1 at the trader "Drugs (Francis [Drugs])" in market zone "Severograd" (pos=<8654.179688, 176.266006, 13629.900391>) and got 562.
03:45:26 [Market] Player "Mr. Tux" (id=3FCmlLdqs97wNYtgsvMTGavMyuZc44PrYyr2Gfkoti8=) has send a requested to sell cp_cannabisbagkush x1 at the trader "Drugs (Francis [Drugs])" in market zone "Severograd" (pos=<8654.179688, 176.266006, 13629.900391>).
03:45:26 [Market] Player "Mr. Tux" (id=3FCmlLdqs97wNYtgsvMTGavMyuZc44PrYyr2Gfkoti8=) has sold cp_cannabisbagkush x1 at the trader "Drugs (Francis [Drugs])" in market zone "Severograd" (pos=<8654.179688, 176.266006, 13629.900391>) and got 312.
03:45:26 [Market] Player "Mr. Tux" (id=3FCmlLdqs97wNYtgsvMTGavMyuZc44PrYyr2Gfkoti8=) has send a requested to sell cp_cannabisbagkush x1 at the trader "Drugs (Francis [Drugs])" in market zone "Severograd" (pos=<8654.179688, 176.266006, 13629.900391>).
03:45:26 [Market] Player "Mr. Tux" (id=3FCmlLdqs97wNYtgsvMTGavMyuZc44PrYyr2Gfkoti8=) has sold cp_cannabisbagkush x1 at the trader "Drugs (Francis [Drugs])" in market zone "Severograd" (pos=<8654.179688, 176.266006, 13629.900391>) and got 312.
03:45:26 [Market] Player "Mr. Tux" (id=3FCmlLdqs97wNYtgsvMTGavMyuZc44PrYyr2Gfkoti8=) has send a requested to sell cp_cannabisbagkush x1 at the trader "Drugs (Francis [Drugs])" in market zone "Severograd" (pos=<8654.179688, 176.266006, 13629.900391>).
03:45:26 [Market] Player "Mr. Tux" (id=3FCmlLdqs97wNYtgsvMTGavMyuZc44PrYyr2Gfkoti8=) has sold cp_cannabisbagkush x1 at the trader "Drugs (Francis [Drugs])" in market zone "Severograd" (pos=<8654.179688, 176.266006, 13629.900391>) and got 312.
03:45:26 [Market] Player "Mr. Tux" (id=3FCmlLdqs97wNYtgsvMTGavMyuZc44PrYyr2Gfkoti8=) has send a requested to sell cp_cannabisbagkush x1 at the trader "Drugs (Francis [Drugs])" in market zone "Severograd" (pos=<8654.179688, 176.266006, 13629.900391>).
03:45:26 [Market] Player "Mr. Tux" (id=3FCmlLdqs97wNYtgsvMTGavMyuZc44PrYyr2Gfkoti8=) has sold cp_cannabisbagkush x1 at the trader "Drugs (Francis [Drugs])" in market zone "Severograd" (pos=<8654.179688, 176.266006, 13629.900391>) and got 312.
03:45:27 [Market] Player "Mr. Tux" (id=3FCmlLdqs97wNYtgsvMTGavMyuZc44PrYyr2Gfkoti8=) has send a requested to sell cp_cannabisbagkush x1 at the trader "Drugs (Francis [Drugs])" in market zone "Severograd" (pos=<8654.179688, 176.266006, 13629.900391>).
03:45:27 [Market] Player "Mr. Tux" (id=3FCmlLdqs97wNYtgsvMTGavMyuZc44PrYyr2Gfkoti8=) has sold cp_cannabisbagkush x1 at the trader "Drugs (Francis [Drugs])" in market zone "Severograd" (pos=<8654.179688, 176.266006, 13629.900391>) and got 312.
03:45:27 [Market] Player "Mr. Tux" (id=3FCmlLdqs97wNYtgsvMTGavMyuZc44PrYyr2Gfkoti8=) has send a requested to sell cp_cannabisbagkush x1 at the trader "Drugs (Francis [Drugs])" in market zone "Severograd" (pos=<8654.179688, 176.266006, 13629.900391>).
03:45:27 [Market] Player "Mr. Tux" (id=3FCmlLdqs97wNYtgsvMTGavMyuZc44PrYyr2Gfkoti8=) has sold cp_cannabisbagkush x1 at the trader "Drugs (Francis [Drugs])" in market zone "Severograd" (pos=<8654.179688, 176.266006, 13629.900391>) and got 312.
03:45:27 [Market] Player "Mr. Tux" (id=3FCmlLdqs97wNYtgsvMTGavMyuZc44PrYyr2Gfkoti8=) has send a requested to sell cp_cannabisbagkush x1 at the trader "Drugs (Francis [Drugs])" in market zone "Severograd" (pos=<8654.179688, 176.266006, 13629.900391>).
03:45:27 [Market] Player "Mr. Tux" (id=3FCmlLdqs97wNYtgsvMTGavMyuZc44PrYyr2Gfkoti8=) has sold cp_cannabisbagkush x1 at the trader "Drugs (Francis [Drugs])" in market zone "Severograd" (pos=<8654.179688, 176.266006, 13629.900391>) and got 312.
03:45:27 [Market] Player "Mr. Tux" (id=3FCmlLdqs97wNYtgsvMTGavMyuZc44PrYyr2Gfkoti8=) has send a requested to sell cp_cannabisbagkush x1 at the trader "Drugs (Francis [Drugs])" in market zone "Severograd" (pos=<8654.179688, 176.266006, 13629.900391>).
03:45:27 [Market] Player "Mr. Tux" (id=3FCmlLdqs97wNYtgsvMTGavMyuZc44PrYyr2Gfkoti8=) has sold cp_cannabisbagkush x1 at the trader "Drugs (Francis [Drugs])" in market zone "Severograd" (pos=<8654.179688, 176.266006, 13629.900391>) and got 312.
03:45:31 [Market] Player "Mr. Tux" (id=3FCmlLdqs97wNYtgsvMTGavMyuZc44PrYyr2Gfkoti8=) has send a requested to sell cp_cannabisbags1 x1 at the trader "Drugs (Francis [Drugs])" in market zone "Severograd" (pos=<8654.179688, 176.266006, 13629.900391>).
03:45:31 [Market] Player "Mr. Tux" (id=3FCmlLdqs97wNYtgsvMTGavMyuZc44PrYyr2Gfkoti8=) has sold cp_cannabisbags1 x1 at the trader "Drugs (Francis [Drugs])" in market zone "Severograd" (pos=<8654.179688, 176.266006, 13629.900391>) and got 500.
03:45:31 [Market] Player "Mr. Tux" (id=3FCmlLdqs97wNYtgsvMTGavMyuZc44PrYyr2Gfkoti8=) has send a requested to sell cp_cannabisbags1 x1 at the trader "Drugs (Francis [Drugs])" in market zone "Severograd" (pos=<8654.179688, 176.266006, 13629.900391>).
03:45:31 [Market] Player "Mr. Tux" (id=3FCmlLdqs97wNYtgsvMTGavMyuZc44PrYyr2Gfkoti8=) has sold cp_cannabisbags1 x1 at the trader "Drugs (Francis [Drugs])" in market zone "Severograd" (pos=<8654.179688, 176.266006, 13629.900391>) and got 500.
03:45:31 [Market] Player "Mr. Tux" (id=3FCmlLdqs97wNYtgsvMTGavMyuZc44PrYyr2Gfkoti8=) has send a requested to sell cp_cannabisbags1 x1 at the trader "Drugs (Francis [Drugs])" in market zone "Severograd" (pos=<8654.179688, 176.266006, 13629.900391>).
03:45:31 [Market] Player "Mr. Tux" (id=3FCmlLdqs97wNYtgsvMTGavMyuZc44PrYyr2Gfkoti8=) has sold cp_cannabisbags1 x1 at the trader "Drugs (Francis [Drugs])" in market zone "Severograd" (pos=<8654.179688, 176.266006, 13629.900391>) and got 500.
03:45:31 [Market] Player "Mr. Tux" (id=3FCmlLdqs97wNYtgsvMTGavMyuZc44PrYyr2Gfkoti8=) has send a requested to sell cp_cannabisbags1 x1 at the trader "Drugs (Francis [Drugs])" in market zone "Severograd" (pos=<8654.179688, 176.266006, 13629.900391>).
03:45:31 [Market] Player "Mr. Tux" (id=3FCmlLdqs97wNYtgsvMTGavMyuZc44PrYyr2Gfkoti8=) has sold cp_cannabisbags1 x1 at the trader "Drugs (Francis [Drugs])" in market zone "Severograd" (pos=<8654.179688, 176.266006, 13629.900391>) and got 500.
03:45:31 [Market] Player "Mr. Tux" (id=3FCmlLdqs97wNYtgsvMTGavMyuZc44PrYyr2Gfkoti8=) has send a requested to sell cp_cannabisbags1 x1 at the trader "Drugs (Francis [Drugs])" in market zone "Severograd" (pos=<8654.179688, 176.266006, 13629.900391>).
03:45:31 [Market] Player "Mr. Tux" (id=3FCmlLdqs97wNYtgsvMTGavMyuZc44PrYyr2Gfkoti8=) has sold cp_cannabisbags1 x1 at the trader "Drugs (Francis [Drugs])" in market zone "Severograd" (pos=<8654.179688, 176.266006, 13629.900391>) and got 500.
03:45:33 [Market] Player "Mr. Tux" (id=3FCmlLdqs97wNYtgsvMTGavMyuZc44PrYyr2Gfkoti8=) has send a requested to sell cp_cannabisbagskunk x1 at the trader "Drugs (Francis [Drugs])" in market zone "Severograd" (pos=<8654.179688, 176.266006, 13629.900391>).
03:45:33 [Market] Player "Mr. Tux" (id=3FCmlLdqs97wNYtgsvMTGavMyuZc44PrYyr2Gfkoti8=) has sold cp_cannabisbagskunk x1 at the trader "Drugs (Francis [Drugs])" in market zone "Severograd" (pos=<8654.179688, 176.266006, 13629.900391>) and got 188.
03:45:33 [Market] Player "Mr. Tux" (id=3FCmlLdqs97wNYtgsvMTGavMyuZc44PrYyr2Gfkoti8=) has send a requested to sell cp_cannabisbagskunk x1 at the trader "Drugs (Francis [Drugs])" in market zone "Severograd" (pos=<8654.179688, 176.266006, 13629.900391>).
03:45:33 [Market] Player "Mr. Tux" (id=3FCmlLdqs97wNYtgsvMTGavMyuZc44PrYyr2Gfkoti8=) has sold cp_cannabisbagskunk x1 at the trader "Drugs (Francis [Drugs])" in market zone "Severograd" (pos=<8654.179688, 176.266006, 13629.900391>) and got 188.
03:45:33 [Market] Player "Mr. Tux" (id=3FCmlLdqs97wNYtgsvMTGavMyuZc44PrYyr2Gfkoti8=) has send a requested to sell cp_cannabisbagskunk x1 at the trader "Drugs (Francis [Drugs])" in market zone "Severograd" (pos=<8654.179688, 176.266006, 13629.900391>).
03:45:33 [Market] Player "Mr. Tux" (id=3FCmlLdqs97wNYtgsvMTGavMyuZc44PrYyr2Gfkoti8=) has sold cp_cannabisbagskunk x1 at the trader "Drugs (Francis [Drugs])" in market zone "Severograd" (pos=<8654.179688, 176.266006, 13629.900391>) and got 188.
03:45:33 [Market] Player "Mr. Tux" (id=3FCmlLdqs97wNYtgsvMTGavMyuZc44PrYyr2Gfkoti8=) has send a requested to sell cp_cannabisbagskunk x1 at the trader "Drugs (Francis [Drugs])" in market zone "Severograd" (pos=<8654.179688, 176.266006, 13629.900391>).
03:45:33 [Market] Player "Mr. Tux" (id=3FCmlLdqs97wNYtgsvMTGavMyuZc44PrYyr2Gfkoti8=) has sold cp_cannabisbagskunk x1 at the trader "Drugs (Francis [Drugs])" in market zone "Severograd" (pos=<8654.179688, 176.266006, 13629.900391>) and got 188.
03:45:34 [Market] Player "Mr. Tux" (id=3FCmlLdqs97wNYtgsvMTGavMyuZc44PrYyr2Gfkoti8=) has send a requested to sell cp_cannabisbagskunk x1 at the trader "Drugs (Francis [Drugs])" in market zone "Severograd" (pos=<8654.179688, 176.266006, 13629.900391>).
03:45:34 [Market] Player "Mr. Tux" (id=3FCmlLdqs97wNYtgsvMTGavMyuZc44PrYyr2Gfkoti8=) has sold cp_cannabisbagskunk x1 at the trader "Drugs (Francis [Drugs])" in market zone "Severograd" (pos=<8654.179688, 176.266006, 13629.900391>) and got 188.
03:45:34 [Market] Player "Mr. Tux" (id=3FCmlLdqs97wNYtgsvMTGavMyuZc44PrYyr2Gfkoti8=) has send a requested to sell cp_cannabisbagskunk x1 at the trader "Drugs (Francis [Drugs])" in market zone "Severograd" (pos=<8654.179688, 176.266006, 13629.900391>).
03:45:34 [Market] Player "Mr. Tux" (id=3FCmlLdqs97wNYtgsvMTGavMyuZc44PrYyr2Gfkoti8=) has sold cp_cannabisbagskunk x1 at the trader "Drugs (Francis [Drugs])" in market zone "Severograd" (pos=<8654.179688, 176.266006, 13629.900391>) and got 188.
03:45:34 [Market] Player "Mr. Tux" (id=3FCmlLdqs97wNYtgsvMTGavMyuZc44PrYyr2Gfkoti8=) has send a requested to sell cp_cannabisbagskunk x1 at the trader "Drugs (Francis [Drugs])" in market zone "Severograd" (pos=<8654.179688, 176.266006, 13629.900391>).
03:45:34 [Market] Player "Mr. Tux" (id=3FCmlLdqs97wNYtgsvMTGavMyuZc44PrYyr2Gfkoti8=) has sold cp_cannabisbagskunk x1 at the trader "Drugs (Francis [Drugs])" in market zone "Severograd" (pos=<8654.179688, 176.266006, 13629.900391>) and got 188.
03:45:36 [Market] Player "Mr. Tux" (id=3FCmlLdqs97wNYtgsvMTGavMyuZc44PrYyr2Gfkoti8=) has send a requested to sell cp_cannabisbagstardawg x1 at the trader "Drugs (Francis [Drugs])" in market zone "Severograd" (pos=<8654.179688, 176.266006, 13629.900391>).
03:45:36 [Market] Player "Mr. Tux" (id=3FCmlLdqs97wNYtgsvMTGavMyuZc44PrYyr2Gfkoti8=) has sold cp_cannabisbagstardawg x1 at the trader "Drugs (Francis [Drugs])" in market zone "Severograd" (pos=<8654.179688, 176.266006, 13629.900391>) and got 375.
03:45:36 [Market] Player "Mr. Tux" (id=3FCmlLdqs97wNYtgsvMTGavMyuZc44PrYyr2Gfkoti8=) has send a requested to sell cp_cannabisbagstardawg x1 at the trader "Drugs (Francis [Drugs])" in market zone "Severograd" (pos=<8654.179688, 176.266006, 13629.900391>).
03:45:36 [Market] Player "Mr. Tux" (id=3FCmlLdqs97wNYtgsvMTGavMyuZc44PrYyr2Gfkoti8=) has sold cp_cannabisbagstardawg x1 at the trader "Drugs (Francis [Drugs])" in market zone "Severograd" (pos=<8654.179688, 176.266006, 13629.900391>) and got 375.
03:45:36 [Market] Player "Mr. Tux" (id=3FCmlLdqs97wNYtgsvMTGavMyuZc44PrYyr2Gfkoti8=) has send a requested to sell cp_cannabisbagstardawg x1 at the trader "Drugs (Francis [Drugs])" in market zone "Severograd" (pos=<8654.179688, 176.266006, 13629.900391>).
03:45:36 [Market] Player "Mr. Tux" (id=3FCmlLdqs97wNYtgsvMTGavMyuZc44PrYyr2Gfkoti8=) has sold cp_cannabisbagstardawg x1 at the trader "Drugs (Francis [Drugs])" in market zone "Severograd" (pos=<8654.179688, 176.266006, 13629.900391>) and got 375.
03:45:36 [Market] Player "Mr. Tux" (id=3FCmlLdqs97wNYtgsvMTGavMyuZc44PrYyr2Gfkoti8=) has send a requested to sell cp_cannabisbagstardawg x1 at the trader "Drugs (Francis [Drugs])" in market zone "Severograd" (pos=<8654.179688, 176.266006, 13629.900391>).
03:45:36 [Market] Player "Mr. Tux" (id=3FCmlLdqs97wNYtgsvMTGavMyuZc44PrYyr2Gfkoti8=) has sold cp_cannabisbagstardawg x1 at the trader "Drugs (Francis [Drugs])" in market zone "Severograd" (pos=<8654.179688, 176.266006, 13629.900391>) and got 375.
03:45:37 [Market] Player "Mr. Tux" (id=3FCmlLdqs97wNYtgsvMTGavMyuZc44PrYyr2Gfkoti8=) has send a requested to sell cp_cannabisbagstardawg x1 at the trader "Drugs (Francis [Drugs])" in market zone "Severograd" (pos=<8654.179688, 176.266006, 13629.900391>).
03:45:37 [Market] Player "Mr. Tux" (id=3FCmlLdqs97wNYtgsvMTGavMyuZc44PrYyr2Gfkoti8=) has sold cp_cannabisbagstardawg x1 at the trader "Drugs (Francis [Drugs])" in market zone "Severograd" (pos=<8654.179688, 176.266006, 13629.900391>) and got 375.
03:45:37 [Market] Player "Mr. Tux" (id=3FCmlLdqs97wNYtgsvMTGavMyuZc44PrYyr2Gfkoti8=) has send a requested to sell cp_cannabisbagstardawg x1 at the trader "Drugs (Francis [Drugs])" in market zone "Severograd" (pos=<8654.179688, 176.266006, 13629.900391>).
03:45:37 [Market] Player "Mr. Tux" (id=3FCmlLdqs97wNYtgsvMTGavMyuZc44PrYyr2Gfkoti8=) has sold cp_cannabisbagstardawg x1 at the trader "Drugs (Francis [Drugs])" in market zone "Severograd" (pos=<8654.179688, 176.266006, 13629.900391>) and got 375.
03:45:37 [Market] Player "Mr. Tux" (id=3FCmlLdqs97wNYtgsvMTGavMyuZc44PrYyr2Gfkoti8=) has send a requested to sell cp_cannabisbagstardawg x1 at the trader "Drugs (Francis [Drugs])" in market zone "Severograd" (pos=<8654.179688, 176.266006, 13629.900391>).
03:45:37 [Market] Player "Mr. Tux" (id=3FCmlLdqs97wNYtgsvMTGavMyuZc44PrYyr2Gfkoti8=) has sold cp_cannabisbagstardawg x1 at the trader "Drugs (Francis [Drugs])" in market zone "Severograd" (pos=<8654.179688, 176.266006, 13629.900391>) and got 375.
03:45:37 [Market] Player "Mr. Tux" (id=3FCmlLdqs97wNYtgsvMTGavMyuZc44PrYyr2Gfkoti8=) has send a requested to sell cp_cannabisbagstardawg x1 at the trader "Drugs (Francis [Drugs])" in market zone "Severograd" (pos=<8654.179688, 176.266006, 13629.900391>).
03:45:37 [Market] Player "Mr. Tux" (id=3FCmlLdqs97wNYtgsvMTGavMyuZc44PrYyr2Gfkoti8=) has sold cp_cannabisbagstardawg x1 at the trader "Drugs (Francis [Drugs])" in market zone "Severograd" (pos=<8654.179688, 176.266006, 13629.900391>) and got 375.
03:45:37 [Market] Player "Mr. Tux" (id=3FCmlLdqs97wNYtgsvMTGavMyuZc44PrYyr2Gfkoti8=) has send a requested to sell cp_cannabisbagstardawg x1 at the trader "Drugs (Francis [Drugs])" in market zone "Severograd" (pos=<8654.179688, 176.266006, 13629.900391>).
03:45:38 [Market] Player "Mr. Tux" (id=3FCmlLdqs97wNYtgsvMTGavMyuZc44PrYyr2Gfkoti8=) has sold cp_cannabisbagstardawg x1 at the trader "Drugs (Francis [Drugs])" in market zone "Severograd" (pos=<8654.179688, 176.266006, 13629.900391>) and got 375.
03:45:38 [Market] Player "Mr. Tux" (id=3FCmlLdqs97wNYtgsvMTGavMyuZc44PrYyr2Gfkoti8=) has send a requested to sell cp_cannabisbagstardawg x1 at the trader "Drugs (Francis [Drugs])" in market zone "Severograd" (pos=<8654.179688, 176.266006, 13629.900391>).
03:45:38 [Market] Player "Mr. Tux" (id=3FCmlLdqs97wNYtgsvMTGavMyuZc44PrYyr2Gfkoti8=) has sold cp_cannabisbagstardawg x1 at the trader "Drugs (Francis [Drugs])" in market zone "Severograd" (pos=<8654.179688, 176.266006, 13629.900391>) and got 375.
03:45:38 [Market] Player "Mr. Tux" (id=3FCmlLdqs97wNYtgsvMTGavMyuZc44PrYyr2Gfkoti8=) has send a requested to sell cp_cannabisbagstardawg x1 at the trader "Drugs (Francis [Drugs])" in market zone "Severograd" (pos=<8654.179688, 176.266006, 13629.900391>).
03:45:38 [Market] Player "Mr. Tux" (id=3FCmlLdqs97wNYtgsvMTGavMyuZc44PrYyr2Gfkoti8=) has sold cp_cannabisbagstardawg x1 at the trader "Drugs (Francis [Drugs])" in market zone "Severograd" (pos=<8654.179688, 176.266006, 13629.900391>) and got 375.
03:45:38 [Market] Player "Mr. Tux" (id=3FCmlLdqs97wNYtgsvMTGavMyuZc44PrYyr2Gfkoti8=) has send a requested to sell cp_cannabisbagstardawg x1 at the trader "Drugs (Francis [Drugs])" in market zone "Severograd" (pos=<8654.179688, 176.266006, 13629.900391>).
03:45:38 [Market] Player "Mr. Tux" (id=3FCmlLdqs97wNYtgsvMTGavMyuZc44PrYyr2Gfkoti8=) has sold cp_cannabisbagstardawg x1 at the trader "Drugs (Francis [Drugs])" in market zone "Severograd" (pos=<8654.179688, 176.266006, 13629.900391>) and got 375.
03:45:38 [Market] Player "Mr. Tux" (id=3FCmlLdqs97wNYtgsvMTGavMyuZc44PrYyr2Gfkoti8=) has send a requested to sell cp_cannabisbagstardawg x1 at the trader "Drugs (Francis [Drugs])" in market zone "Severograd" (pos=<8654.179688, 176.266006, 13629.900391>).
03:45:38 [Market] Player "Mr. Tux" (id=3FCmlLdqs97wNYtgsvMTGavMyuZc44PrYyr2Gfkoti8=) has sold cp_cannabisbagstardawg x1 at the trader "Drugs (Francis [Drugs])" in market zone "Severograd" (pos=<8654.179688, 176.266006, 13629.900391>) and got 375.
03:45:39 [Market] Player "Mr. Tux" (id=3FCmlLdqs97wNYtgsvMTGavMyuZc44PrYyr2Gfkoti8=) has send a requested to sell cp_cannabisbagstardawg x1 at the trader "Drugs (Francis [Drugs])" in market zone "Severograd" (pos=<8654.179688, 176.266006, 13629.900391>).
03:45:39 [Market] Player "Mr. Tux" (id=3FCmlLdqs97wNYtgsvMTGavMyuZc44PrYyr2Gfkoti8=) has sold cp_cannabisbagstardawg x1 at the trader "Drugs (Francis [Drugs])" in market zone "Severograd" (pos=<8654.179688, 176.266006, 13629.900391>) and got 375.
03:45:39 [Market] Player "Mr. Tux" (id=3FCmlLdqs97wNYtgsvMTGavMyuZc44PrYyr2Gfkoti8=) has send a requested to sell cp_cannabisbagstardawg x1 at the trader "Drugs (Francis [Drugs])" in market zone "Severograd" (pos=<8654.179688, 176.266006, 13629.900391>).
03:45:39 [Market] Player "Mr. Tux" (id=3FCmlLdqs97wNYtgsvMTGavMyuZc44PrYyr2Gfkoti8=) has sold cp_cannabisbagstardawg x1 at the trader "Drugs (Francis [Drugs])" in market zone "Severograd" (pos=<8654.179688, 176.266006, 13629.900391>) and got 375.
03:45:44 [Market] Player "Mr. Tux" (id=3FCmlLdqs97wNYtgsvMTGavMyuZc44PrYyr2Gfkoti8=) has send a requested to sell cp_cannabisbrickblue x1 at the trader "Drugs (Francis [Drugs])" in market zone "Severograd" (pos=<8654.179688, 176.266006, 13629.900391>).
03:45:44 [Market] Player "Mr. Tux" (id=3FCmlLdqs97wNYtgsvMTGavMyuZc44PrYyr2Gfkoti8=) has sold cp_cannabisbrickblue x1 at the trader "Drugs (Francis [Drugs])" in market zone "Severograd" (pos=<8654.179688, 176.266006, 13629.900391>) and got 4000.
03:45:46 [Market] Player "Mr. Tux" (id=3FCmlLdqs97wNYtgsvMTGavMyuZc44PrYyr2Gfkoti8=) has send a requested to sell cp_cannabisbrickfuture x1 at the trader "Drugs (Francis [Drugs])" in market zone "Severograd" (pos=<8654.179688, 176.266006, 13629.900391>).
03:45:46 [Market] Player "Mr. Tux" (id=3FCmlLdqs97wNYtgsvMTGavMyuZc44PrYyr2Gfkoti8=) has sold cp_cannabisbrickfuture x1 at the trader "Drugs (Francis [Drugs])" in market zone "Severograd" (pos=<8654.179688, 176.266006, 13629.900391>) and got 7000.
03:45:47 [Market] Player "Mr. Tux" (id=3FCmlLdqs97wNYtgsvMTGavMyuZc44PrYyr2Gfkoti8=) has send a requested to sell cp_cannabisbrickkush x1 at the trader "Drugs (Francis [Drugs])" in market zone "Severograd" (pos=<8654.179688, 176.266006, 13629.900391>).
03:45:47 [Market] Player "Mr. Tux" (id=3FCmlLdqs97wNYtgsvMTGavMyuZc44PrYyr2Gfkoti8=) has sold cp_cannabisbrickkush x1 at the trader "Drugs (Francis [Drugs])" in market zone "Severograd" (pos=<8654.179688, 176.266006, 13629.900391>) and got 5000.
03:45:48 [Market] Player "Mr. Tux" (id=3FCmlLdqs97wNYtgsvMTGavMyuZc44PrYyr2Gfkoti8=) has send a requested to sell cp_cannabisbricks1 x1 at the trader "Drugs (Francis [Drugs])" in market zone "Severograd" (pos=<8654.179688, 176.266006, 13629.900391>).
03:45:48 [Market] Player "Mr. Tux" (id=3FCmlLdqs97wNYtgsvMTGavMyuZc44PrYyr2Gfkoti8=) has sold cp_cannabisbricks1 x1 at the trader "Drugs (Francis [Drugs])" in market zone "Severograd" (pos=<8654.179688, 176.266006, 13629.900391>) and got 8000.
03:45:50 [Market] Player "Mr. Tux" (id=3FCmlLdqs97wNYtgsvMTGavMyuZc44PrYyr2Gfkoti8=) has send a requested to sell cp_cannabisbricknomad x1 at the trader "Drugs (Francis [Drugs])" in market zone "Severograd" (pos=<8654.179688, 176.266006, 13629.900391>).
03:45:50 [Market] Player "Mr. Tux" (id=3FCmlLdqs97wNYtgsvMTGavMyuZc44PrYyr2Gfkoti8=) has sold cp_cannabisbricknomad x1 at the trader "Drugs (Francis [Drugs])" in market zone "Severograd" (pos=<8654.179688, 176.266006, 13629.900391>) and got 9000.
03:45:51 [Market] Player "Mr. Tux" (id=3FCmlLdqs97wNYtgsvMTGavMyuZc44PrYyr2Gfkoti8=) has send a requested to sell cp_cannabisbrickkush x1 at the trader "Drugs (Francis [Drugs])" in market zone "Severograd" (pos=<8654.179688, 176.266006, 13629.900391>).
03:45:51 [Market] Player "Mr. Tux" (id=3FCmlLdqs97wNYtgsvMTGavMyuZc44PrYyr2Gfkoti8=) has sold cp_cannabisbrickkush x1 at the trader "Drugs (Francis [Drugs])" in market zone "Severograd" (pos=<8654.179688, 176.266006, 13629.900391>) and got 5000.
03:45:56 [Market] Player "Mr. Tux" (id=3FCmlLdqs97wNYtgsvMTGavMyuZc44PrYyr2Gfkoti8=) has send a requested to sell cp_cannabisbrickskunk x1 at the trader "Drugs (Francis [Drugs])" in market zone "Severograd" (pos=<8654.179688, 176.266006, 13629.900391>).
03:45:56 [Market] Player "Mr. Tux" (id=3FCmlLdqs97wNYtgsvMTGavMyuZc44PrYyr2Gfkoti8=) has sold cp_cannabisbrickskunk x1 at the trader "Drugs (Francis [Drugs])" in market zone "Severograd" (pos=<8654.179688, 176.266006, 13629.900391>) and got 3000.
03:46:15 [Market] Player "Mr. Tux" (id=3FCmlLdqs97wNYtgsvMTGavMyuZc44PrYyr2Gfkoti8=) has send a requested to sell cp_pouch x1 at the trader "Drugs (Francis [Drugs])" in market zone "Severograd" (pos=<8654.179688, 176.266006, 13629.900391>).
03:46:15 [Market] Player "Mr. Tux" (id=3FCmlLdqs97wNYtgsvMTGavMyuZc44PrYyr2Gfkoti8=) has sold cp_pouch x1 at the trader "Drugs (Francis [Drugs])" in market zone "Severograd" (pos=<8654.179688, 176.266006, 13629.900391>) and got 25.
03:59:14 [Party] Player "Mr. Tux" (id=3FCmlLdqs97wNYtgsvMTGavMyuZc44PrYyr2Gfkoti8=) left the party "Scarred Reapers" (id=15 ownerUID=3FCmlLdqs97wNYtgsvMTGavMyuZc44PrYyr2Gfkoti8= ownerName=Mr. Tux)
