06:41:09 [Party] Player "WolfMadness" (id=c4HSBe2kjxrPMaliQvxlVkqXx1B002mwOfk2xAqaYKQ=) joinded the party "Soulless" (id=23 ownerUID=3JRWaVBlu0rexFl5dzKjDY8AHl_--AJHXa-aQMieyik= ownerName=Soullessmonarcs)
07:08:46 [Safezone] Player "WolfMadness" (id=c4HSBe2kjxrPMaliQvxlVkqXx1B002mwOfk2xAqaYKQ= pos=<7070.361328, 277.738556, 7036.946289>) Entered the safezone
07:09:39 [Market] Player "WolfMadness" (id=c4HSBe2kjxrPMaliQvxlVkqXx1B002mwOfk2xAqaYKQ=) has send a requested to purchase expansionbread1 x1 from the trader "Consumables (Irena [Consumables])" in market zone "Outpost 42" (pos=<7196.500000, 252.990005, 6976.500000>).
07:09:39 [Market] Player "WolfMadness" (id=c4HSBe2kjxrPMaliQvxlVkqXx1B002mwOfk2xAqaYKQ=) has bought expansionbread1 x1 from the trader "Consumables (Irena [Consumables])" in market zone "Outpost 42" (pos=<7196.500000, 252.990005, 6976.500000>) for a price of 20.
07:09:40 [Market] Player "WolfMadness" (id=c4HSBe2kjxrPMaliQvxlVkqXx1B002mwOfk2xAqaYKQ=) has send a requested to purchase expansionbread1 x1 from the trader "Consumables (Irena [Consumables])" in market zone "Outpost 42" (pos=<7196.500000, 252.990005, 6976.500000>).
07:09:40 [Market] Player "WolfMadness" (id=c4HSBe2kjxrPMaliQvxlVkqXx1B002mwOfk2xAqaYKQ=) has bought expansionbread1 x1 from the trader "Consumables (Irena [Consumables])" in market zone "Outpost 42" (pos=<7196.500000, 252.990005, 6976.500000>) for a price of 20.
07:12:05 [Market] Player "WolfMadness" (id=c4HSBe2kjxrPMaliQvxlVkqXx1B002mwOfk2xAqaYKQ=) has send a requested to sell tacticalgoggles x1 at the trader "MilitaryGear (Judy [Military Gear])" in market zone "Outpost 42" (pos=<7196.500000, 252.990005, 6976.500000>).
07:12:06 [Market] Player "WolfMadness" (id=c4HSBe2kjxrPMaliQvxlVkqXx1B002mwOfk2xAqaYKQ=) has sold tacticalgoggles x1 at the trader "MilitaryGear (Judy [Military Gear])" in market zone "Outpost 42" (pos=<7196.500000, 252.990005, 6976.500000>) and got 30.
07:12:08 [Market] Player "WolfMadness" (id=c4HSBe2kjxrPMaliQvxlVkqXx1B002mwOfk2xAqaYKQ=) has send a requested to sell mvs_opscore_black x1 at the trader "MilitaryGear (Judy [Military Gear])" in market zone "Outpost 42" (pos=<7196.500000, 252.990005, 6976.500000>).
07:12:08 [Market] Player "WolfMadness" (id=c4HSBe2kjxrPMaliQvxlVkqXx1B002mwOfk2xAqaYKQ=) has sold mvs_opscore_black x1 at the trader "MilitaryGear (Judy [Military Gear])" in market zone "Outpost 42" (pos=<7196.500000, 252.990005, 6976.500000>) and got 469.
07:12:13 [Market] Player "WolfMadness" (id=c4HSBe2kjxrPMaliQvxlVkqXx1B002mwOfk2xAqaYKQ=) has send a requested to sell militarygear_balaclava3_duckhunter x1 at the trader "MilitaryGear (Judy [Military Gear])" in market zone "Outpost 42" (pos=<7196.500000, 252.990005, 6976.500000>).
07:12:13 [Market] Player "WolfMadness" (id=c4HSBe2kjxrPMaliQvxlVkqXx1B002mwOfk2xAqaYKQ=) has sold militarygear_balaclava3_duckhunter x1 at the trader "MilitaryGear (Judy [Military Gear])" in market zone "Outpost 42" (pos=<7196.500000, 252.990005, 6976.500000>) and got 38.
07:12:31 [Market] Player "WolfMadness" (id=c4HSBe2kjxrPMaliQvxlVkqXx1B002mwOfk2xAqaYKQ=) has send a requested to sell msp_grenadebox x1 at the trader "BaseImprovement (Peter [Base Improvement])" in market zone "Outpost 42" (pos=<7196.500000, 252.990005, 6976.500000>).
07:12:31 [Market] Player "WolfMadness" (id=c4HSBe2kjxrPMaliQvxlVkqXx1B002mwOfk2xAqaYKQ=) has sold msp_grenadebox x1 at the trader "BaseImprovement (Peter [Base Improvement])" in market zone "Outpost 42" (pos=<7196.500000, 252.990005, 6976.500000>) and got 1250.
07:12:44 [Market] Player "WolfMadness" (id=c4HSBe2kjxrPMaliQvxlVkqXx1B002mwOfk2xAqaYKQ=) has send a requested to sell expansion_benellim4 x1 at the trader "Weapons (Seth [Weapons])" in market zone "Outpost 42" (pos=<7196.500000, 252.990005, 6976.500000>).
07:12:44 [Market] Player "WolfMadness" (id=c4HSBe2kjxrPMaliQvxlVkqXx1B002mwOfk2xAqaYKQ=) has sold expansion_benellim4 x1 at the trader "Weapons (Seth [Weapons])" in market zone "Outpost 42" (pos=<7196.500000, 252.990005, 6976.500000>) and got 312.
07:12:54 [Market] Player "WolfMadness" (id=c4HSBe2kjxrPMaliQvxlVkqXx1B002mwOfk2xAqaYKQ=) has send a requested to sell fal_oebttstck x1 at the trader "Ammo_Attachments (Taiki [Ammo & Attachments])" in market zone "Outpost 42" (pos=<7196.500000, 252.990005, 6976.500000>).
07:12:54 [Market] Player "WolfMadness" (id=c4HSBe2kjxrPMaliQvxlVkqXx1B002mwOfk2xAqaYKQ=) has sold fal_oebttstck x1 at the trader "Ammo_Attachments (Taiki [Ammo & Attachments])" in market zone "Outpost 42" (pos=<7196.500000, 252.990005, 6976.500000>) and got 38.
07:12:59 [Market] Player "WolfMadness" (id=c4HSBe2kjxrPMaliQvxlVkqXx1B002mwOfk2xAqaYKQ=) has send a requested to sell ammobox_308wintracer_20rnd x1 at the trader "Ammo_Attachments (Taiki [Ammo & Attachments])" in market zone "Outpost 42" (pos=<7196.500000, 252.990005, 6976.500000>).
07:13:00 [Market] Player "WolfMadness" (id=c4HSBe2kjxrPMaliQvxlVkqXx1B002mwOfk2xAqaYKQ=) has sold ammobox_308wintracer_20rnd x1 at the trader "Ammo_Attachments (Taiki [Ammo & Attachments])" in market zone "Outpost 42" (pos=<7196.500000, 252.990005, 6976.500000>) and got 12.
07:13:00 [Market] Player "WolfMadness" (id=c4HSBe2kjxrPMaliQvxlVkqXx1B002mwOfk2xAqaYKQ=) has send a requested to sell ammobox_762x54tracer_20rnd x1 at the trader "Ammo_Attachments (Taiki [Ammo & Attachments])" in market zone "Outpost 42" (pos=<7196.500000, 252.990005, 6976.500000>).
07:13:00 [Market] Player "WolfMadness" (id=c4HSBe2kjxrPMaliQvxlVkqXx1B002mwOfk2xAqaYKQ=) has sold ammobox_762x54tracer_20rnd x1 at the trader "Ammo_Attachments (Taiki [Ammo & Attachments])" in market zone "Outpost 42" (pos=<7196.500000, 252.990005, 6976.500000>) and got 4.
07:13:02 [Market] Player "WolfMadness" (id=c4HSBe2kjxrPMaliQvxlVkqXx1B002mwOfk2xAqaYKQ=) has send a requested to sell ammo_380 x1 at the trader "Ammo_Attachments (Taiki [Ammo & Attachments])" in market zone "Outpost 42" (pos=<7196.500000, 252.990005, 6976.500000>).
07:13:03 [Market] Player "WolfMadness" (id=c4HSBe2kjxrPMaliQvxlVkqXx1B002mwOfk2xAqaYKQ=) has sold ammo_380 x1 at the trader "Ammo_Attachments (Taiki [Ammo & Attachments])" in market zone "Outpost 42" (pos=<7196.500000, 252.990005, 6976.500000>) and got 0.
07:13:03 [Market] Player "WolfMadness" (id=c4HSBe2kjxrPMaliQvxlVkqXx1B002mwOfk2xAqaYKQ=) has send a requested to sell ammo_380 x1 at the trader "Ammo_Attachments (Taiki [Ammo & Attachments])" in market zone "Outpost 42" (pos=<7196.500000, 252.990005, 6976.500000>).
07:13:03 [Market] Player "WolfMadness" (id=c4HSBe2kjxrPMaliQvxlVkqXx1B002mwOfk2xAqaYKQ=) has sold ammo_380 x1 at the trader "Ammo_Attachments (Taiki [Ammo & Attachments])" in market zone "Outpost 42" (pos=<7196.500000, 252.990005, 6976.500000>) and got 0.
07:13:03 [Market] Player "WolfMadness" (id=c4HSBe2kjxrPMaliQvxlVkqXx1B002mwOfk2xAqaYKQ=) has send a requested to sell ammo_380 x1 at the trader "Ammo_Attachments (Taiki [Ammo & Attachments])" in market zone "Outpost 42" (pos=<7196.500000, 252.990005, 6976.500000>).
07:13:04 [Market] Player "WolfMadness" (id=c4HSBe2kjxrPMaliQvxlVkqXx1B002mwOfk2xAqaYKQ=) has sold ammo_380 x1 at the trader "Ammo_Attachments (Taiki [Ammo & Attachments])" in market zone "Outpost 42" (pos=<7196.500000, 252.990005, 6976.500000>) and got 0.
07:13:04 [Market] Player "WolfMadness" (id=c4HSBe2kjxrPMaliQvxlVkqXx1B002mwOfk2xAqaYKQ=) has send a requested to sell ammo_380 x1 at the trader "Ammo_Attachments (Taiki [Ammo & Attachments])" in market zone "Outpost 42" (pos=<7196.500000, 252.990005, 6976.500000>).
07:13:04 [Market] Player "WolfMadness" (id=c4HSBe2kjxrPMaliQvxlVkqXx1B002mwOfk2xAqaYKQ=) has sold ammo_380 x1 at the trader "Ammo_Attachments (Taiki [Ammo & Attachments])" in market zone "Outpost 42" (pos=<7196.500000, 252.990005, 6976.500000>) and got 0.
07:13:04 [Market] Player "WolfMadness" (id=c4HSBe2kjxrPMaliQvxlVkqXx1B002mwOfk2xAqaYKQ=) has send a requested to sell ammo_380 x1 at the trader "Ammo_Attachments (Taiki [Ammo & Attachments])" in market zone "Outpost 42" (pos=<7196.500000, 252.990005, 6976.500000>).
07:13:04 [Market] Player "WolfMadness" (id=c4HSBe2kjxrPMaliQvxlVkqXx1B002mwOfk2xAqaYKQ=) has sold ammo_380 x1 at the trader "Ammo_Attachments (Taiki [Ammo & Attachments])" in market zone "Outpost 42" (pos=<7196.500000, 252.990005, 6976.500000>) and got 0.
07:13:04 [Market] Player "WolfMadness" (id=c4HSBe2kjxrPMaliQvxlVkqXx1B002mwOfk2xAqaYKQ=) has send a requested to sell ammo_380 x1 at the trader "Ammo_Attachments (Taiki [Ammo & Attachments])" in market zone "Outpost 42" (pos=<7196.500000, 252.990005, 6976.500000>).
07:13:04 [Market] Player "WolfMadness" (id=c4HSBe2kjxrPMaliQvxlVkqXx1B002mwOfk2xAqaYKQ=) has sold ammo_380 x1 at the trader "Ammo_Attachments (Taiki [Ammo & Attachments])" in market zone "Outpost 42" (pos=<7196.500000, 252.990005, 6976.500000>) and got 0.
07:13:04 [Market] Player "WolfMadness" (id=c4HSBe2kjxrPMaliQvxlVkqXx1B002mwOfk2xAqaYKQ=) has send a requested to sell ammo_380 x1 at the trader "Ammo_Attachments (Taiki [Ammo & Attachments])" in market zone "Outpost 42" (pos=<7196.500000, 252.990005, 6976.500000>).
07:13:05 [Market] Player "WolfMadness" (id=c4HSBe2kjxrPMaliQvxlVkqXx1B002mwOfk2xAqaYKQ=) has sold ammo_380 x1 at the trader "Ammo_Attachments (Taiki [Ammo & Attachments])" in market zone "Outpost 42" (pos=<7196.500000, 252.990005, 6976.500000>) and got 0.
07:13:05 [Market] Player "WolfMadness" (id=c4HSBe2kjxrPMaliQvxlVkqXx1B002mwOfk2xAqaYKQ=) has send a requested to sell ammo_380 x1 at the trader "Ammo_Attachments (Taiki [Ammo & Attachments])" in market zone "Outpost 42" (pos=<7196.500000, 252.990005, 6976.500000>).
07:13:05 [Market] Player "WolfMadness" (id=c4HSBe2kjxrPMaliQvxlVkqXx1B002mwOfk2xAqaYKQ=) has sold ammo_380 x1 at the trader "Ammo_Attachments (Taiki [Ammo & Attachments])" in market zone "Outpost 42" (pos=<7196.500000, 252.990005, 6976.500000>) and got 0.
07:13:05 [Market] Player "WolfMadness" (id=c4HSBe2kjxrPMaliQvxlVkqXx1B002mwOfk2xAqaYKQ=) has send a requested to sell ammo_380 x1 at the trader "Ammo_Attachments (Taiki [Ammo & Attachments])" in market zone "Outpost 42" (pos=<7196.500000, 252.990005, 6976.500000>).
07:13:05 [Market] Player "WolfMadness" (id=c4HSBe2kjxrPMaliQvxlVkqXx1B002mwOfk2xAqaYKQ=) has sold ammo_380 x1 at the trader "Ammo_Attachments (Taiki [Ammo & Attachments])" in market zone "Outpost 42" (pos=<7196.500000, 252.990005, 6976.500000>) and got 0.
07:13:05 [Market] Player "WolfMadness" (id=c4HSBe2kjxrPMaliQvxlVkqXx1B002mwOfk2xAqaYKQ=) has send a requested to sell ammo_380 x1 at the trader "Ammo_Attachments (Taiki [Ammo & Attachments])" in market zone "Outpost 42" (pos=<7196.500000, 252.990005, 6976.500000>).
07:13:05 [Market] Player "WolfMadness" (id=c4HSBe2kjxrPMaliQvxlVkqXx1B002mwOfk2xAqaYKQ=) has sold ammo_380 x1 at the trader "Ammo_Attachments (Taiki [Ammo & Attachments])" in market zone "Outpost 42" (pos=<7196.500000, 252.990005, 6976.500000>) and got 0.
07:13:05 [Market] Player "WolfMadness" (id=c4HSBe2kjxrPMaliQvxlVkqXx1B002mwOfk2xAqaYKQ=) has send a requested to sell ammo_380 x1 at the trader "Ammo_Attachments (Taiki [Ammo & Attachments])" in market zone "Outpost 42" (pos=<7196.500000, 252.990005, 6976.500000>).
07:13:05 [Market] Player "WolfMadness" (id=c4HSBe2kjxrPMaliQvxlVkqXx1B002mwOfk2xAqaYKQ=) has sold ammo_380 x1 at the trader "Ammo_Attachments (Taiki [Ammo & Attachments])" in market zone "Outpost 42" (pos=<7196.500000, 252.990005, 6976.500000>) and got 0.
07:13:05 [Market] Player "WolfMadness" (id=c4HSBe2kjxrPMaliQvxlVkqXx1B002mwOfk2xAqaYKQ=) has send a requested to sell ammo_380 x1 at the trader "Ammo_Attachments (Taiki [Ammo & Attachments])" in market zone "Outpost 42" (pos=<7196.500000, 252.990005, 6976.500000>).
07:13:05 [Market] Player "WolfMadness" (id=c4HSBe2kjxrPMaliQvxlVkqXx1B002mwOfk2xAqaYKQ=) has sold ammo_380 x1 at the trader "Ammo_Attachments (Taiki [Ammo & Attachments])" in market zone "Outpost 42" (pos=<7196.500000, 252.990005, 6976.500000>) and got 0.
07:13:05 [Market] Player "WolfMadness" (id=c4HSBe2kjxrPMaliQvxlVkqXx1B002mwOfk2xAqaYKQ=) has send a requested to sell ammo_380 x1 at the trader "Ammo_Attachments (Taiki [Ammo & Attachments])" in market zone "Outpost 42" (pos=<7196.500000, 252.990005, 6976.500000>).
07:13:06 [Market] Player "WolfMadness" (id=c4HSBe2kjxrPMaliQvxlVkqXx1B002mwOfk2xAqaYKQ=) has sold ammo_380 x1 at the trader "Ammo_Attachments (Taiki [Ammo & Attachments])" in market zone "Outpost 42" (pos=<7196.500000, 252.990005, 6976.500000>) and got 0.
07:13:06 [Market] Player "WolfMadness" (id=c4HSBe2kjxrPMaliQvxlVkqXx1B002mwOfk2xAqaYKQ=) has send a requested to sell ammo_380 x1 at the trader "Ammo_Attachments (Taiki [Ammo & Attachments])" in market zone "Outpost 42" (pos=<7196.500000, 252.990005, 6976.500000>).
07:13:06 [Market] Player "WolfMadness" (id=c4HSBe2kjxrPMaliQvxlVkqXx1B002mwOfk2xAqaYKQ=) has sold ammo_380 x1 at the trader "Ammo_Attachments (Taiki [Ammo & Attachments])" in market zone "Outpost 42" (pos=<7196.500000, 252.990005, 6976.500000>) and got 0.
07:13:06 [Market] Player "WolfMadness" (id=c4HSBe2kjxrPMaliQvxlVkqXx1B002mwOfk2xAqaYKQ=) has send a requested to sell ammo_380 x1 at the trader "Ammo_Attachments (Taiki [Ammo & Attachments])" in market zone "Outpost 42" (pos=<7196.500000, 252.990005, 6976.500000>).
07:13:06 [Market] Player "WolfMadness" (id=c4HSBe2kjxrPMaliQvxlVkqXx1B002mwOfk2xAqaYKQ=) has sold ammo_380 x1 at the trader "Ammo_Attachments (Taiki [Ammo & Attachments])" in market zone "Outpost 42" (pos=<7196.500000, 252.990005, 6976.500000>) and got 0.
07:13:06 [Market] Player "WolfMadness" (id=c4HSBe2kjxrPMaliQvxlVkqXx1B002mwOfk2xAqaYKQ=) has send a requested to sell ammo_380 x1 at the trader "Ammo_Attachments (Taiki [Ammo & Attachments])" in market zone "Outpost 42" (pos=<7196.500000, 252.990005, 6976.500000>).
07:13:06 [Market] Player "WolfMadness" (id=c4HSBe2kjxrPMaliQvxlVkqXx1B002mwOfk2xAqaYKQ=) has sold ammo_380 x1 at the trader "Ammo_Attachments (Taiki [Ammo & Attachments])" in market zone "Outpost 42" (pos=<7196.500000, 252.990005, 6976.500000>) and got 0.
07:13:06 [Market] Player "WolfMadness" (id=c4HSBe2kjxrPMaliQvxlVkqXx1B002mwOfk2xAqaYKQ=) has send a requested to sell ammo_380 x1 at the trader "Ammo_Attachments (Taiki [Ammo & Attachments])" in market zone "Outpost 42" (pos=<7196.500000, 252.990005, 6976.500000>).
07:13:06 [Market] Player "WolfMadness" (id=c4HSBe2kjxrPMaliQvxlVkqXx1B002mwOfk2xAqaYKQ=) has sold ammo_380 x1 at the trader "Ammo_Attachments (Taiki [Ammo & Attachments])" in market zone "Outpost 42" (pos=<7196.500000, 252.990005, 6976.500000>) and got 0.
07:13:06 [Market] Player "WolfMadness" (id=c4HSBe2kjxrPMaliQvxlVkqXx1B002mwOfk2xAqaYKQ=) has send a requested to sell ammo_380 x1 at the trader "Ammo_Attachments (Taiki [Ammo & Attachments])" in market zone "Outpost 42" (pos=<7196.500000, 252.990005, 6976.500000>).
07:13:06 [Market] Player "WolfMadness" (id=c4HSBe2kjxrPMaliQvxlVkqXx1B002mwOfk2xAqaYKQ=) has sold ammo_380 x1 at the trader "Ammo_Attachments (Taiki [Ammo & Attachments])" in market zone "Outpost 42" (pos=<7196.500000, 252.990005, 6976.500000>) and got 0.
07:13:06 [Market] Player "WolfMadness" (id=c4HSBe2kjxrPMaliQvxlVkqXx1B002mwOfk2xAqaYKQ=) has send a requested to sell ammo_380 x1 at the trader "Ammo_Attachments (Taiki [Ammo & Attachments])" in market zone "Outpost 42" (pos=<7196.500000, 252.990005, 6976.500000>).
07:13:07 [Market] Player "WolfMadness" (id=c4HSBe2kjxrPMaliQvxlVkqXx1B002mwOfk2xAqaYKQ=) has sold ammo_380 x1 at the trader "Ammo_Attachments (Taiki [Ammo & Attachments])" in market zone "Outpost 42" (pos=<7196.500000, 252.990005, 6976.500000>) and got 0.
07:13:07 [Market] Player "WolfMadness" (id=c4HSBe2kjxrPMaliQvxlVkqXx1B002mwOfk2xAqaYKQ=) has send a requested to sell ammo_12garubberslug x1 at the trader "Ammo_Attachments (Taiki [Ammo & Attachments])" in market zone "Outpost 42" (pos=<7196.500000, 252.990005, 6976.500000>).
07:13:07 [Market] Player "WolfMadness" (id=c4HSBe2kjxrPMaliQvxlVkqXx1B002mwOfk2xAqaYKQ=) has sold ammo_12garubberslug x1 at the trader "Ammo_Attachments (Taiki [Ammo & Attachments])" in market zone "Outpost 42" (pos=<7196.500000, 252.990005, 6976.500000>) and got 0.
07:13:08 [Market] Player "WolfMadness" (id=c4HSBe2kjxrPMaliQvxlVkqXx1B002mwOfk2xAqaYKQ=) has send a requested to sell ammo_12garubberslug x1 at the trader "Ammo_Attachments (Taiki [Ammo & Attachments])" in market zone "Outpost 42" (pos=<7196.500000, 252.990005, 6976.500000>).
07:13:08 [Market] Player "WolfMadness" (id=c4HSBe2kjxrPMaliQvxlVkqXx1B002mwOfk2xAqaYKQ=) has sold ammo_12garubberslug x1 at the trader "Ammo_Attachments (Taiki [Ammo & Attachments])" in market zone "Outpost 42" (pos=<7196.500000, 252.990005, 6976.500000>) and got 0.
07:13:08 [Market] Player "WolfMadness" (id=c4HSBe2kjxrPMaliQvxlVkqXx1B002mwOfk2xAqaYKQ=) has send a requested to sell ammo_12garubberslug x1 at the trader "Ammo_Attachments (Taiki [Ammo & Attachments])" in market zone "Outpost 42" (pos=<7196.500000, 252.990005, 6976.500000>).
07:13:08 [Market] Player "WolfMadness" (id=c4HSBe2kjxrPMaliQvxlVkqXx1B002mwOfk2xAqaYKQ=) has sold ammo_12garubberslug x1 at the trader "Ammo_Attachments (Taiki [Ammo & Attachments])" in market zone "Outpost 42" (pos=<7196.500000, 252.990005, 6976.500000>) and got 0.
07:13:08 [Market] Player "WolfMadness" (id=c4HSBe2kjxrPMaliQvxlVkqXx1B002mwOfk2xAqaYKQ=) has send a requested to sell ammo_12garubberslug x1 at the trader "Ammo_Attachments (Taiki [Ammo & Attachments])" in market zone "Outpost 42" (pos=<7196.500000, 252.990005, 6976.500000>).
07:13:08 [Market] Player "WolfMadness" (id=c4HSBe2kjxrPMaliQvxlVkqXx1B002mwOfk2xAqaYKQ=) has sold ammo_12garubberslug x1 at the trader "Ammo_Attachments (Taiki [Ammo & Attachments])" in market zone "Outpost 42" (pos=<7196.500000, 252.990005, 6976.500000>) and got 0.
07:13:08 [Market] Player "WolfMadness" (id=c4HSBe2kjxrPMaliQvxlVkqXx1B002mwOfk2xAqaYKQ=) has send a requested to sell ammo_12garubberslug x1 at the trader "Ammo_Attachments (Taiki [Ammo & Attachments])" in market zone "Outpost 42" (pos=<7196.500000, 252.990005, 6976.500000>).
07:13:08 [Market] Player "WolfMadness" (id=c4HSBe2kjxrPMaliQvxlVkqXx1B002mwOfk2xAqaYKQ=) has sold ammo_12garubberslug x1 at the trader "Ammo_Attachments (Taiki [Ammo & Attachments])" in market zone "Outpost 42" (pos=<7196.500000, 252.990005, 6976.500000>) and got 0.
07:13:09 [Market] Player "WolfMadness" (id=c4HSBe2kjxrPMaliQvxlVkqXx1B002mwOfk2xAqaYKQ=) has send a requested to sell ammo_12garubberslug x1 at the trader "Ammo_Attachments (Taiki [Ammo & Attachments])" in market zone "Outpost 42" (pos=<7196.500000, 252.990005, 6976.500000>).
07:13:09 [Market] Player "WolfMadness" (id=c4HSBe2kjxrPMaliQvxlVkqXx1B002mwOfk2xAqaYKQ=) has sold ammo_12garubberslug x1 at the trader "Ammo_Attachments (Taiki [Ammo & Attachments])" in market zone "Outpost 42" (pos=<7196.500000, 252.990005, 6976.500000>) and got 0.
07:13:10 [Market] Player "WolfMadness" (id=c4HSBe2kjxrPMaliQvxlVkqXx1B002mwOfk2xAqaYKQ=) has send a requested to sell ammo_9x19 x1 at the trader "Ammo_Attachments (Taiki [Ammo & Attachments])" in market zone "Outpost 42" (pos=<7196.500000, 252.990005, 6976.500000>).
07:13:10 [Market] Player "WolfMadness" (id=c4HSBe2kjxrPMaliQvxlVkqXx1B002mwOfk2xAqaYKQ=) has sold ammo_9x19 x1 at the trader "Ammo_Attachments (Taiki [Ammo & Attachments])" in market zone "Outpost 42" (pos=<7196.500000, 252.990005, 6976.500000>) and got 1.
07:13:10 [Market] Player "WolfMadness" (id=c4HSBe2kjxrPMaliQvxlVkqXx1B002mwOfk2xAqaYKQ=) has send a requested to sell ammo_9x19 x1 at the trader "Ammo_Attachments (Taiki [Ammo & Attachments])" in market zone "Outpost 42" (pos=<7196.500000, 252.990005, 6976.500000>).
07:13:10 [Market] Player "WolfMadness" (id=c4HSBe2kjxrPMaliQvxlVkqXx1B002mwOfk2xAqaYKQ=) has sold ammo_9x19 x1 at the trader "Ammo_Attachments (Taiki [Ammo & Attachments])" in market zone "Outpost 42" (pos=<7196.500000, 252.990005, 6976.500000>) and got 1.
07:13:10 [Market] Player "WolfMadness" (id=c4HSBe2kjxrPMaliQvxlVkqXx1B002mwOfk2xAqaYKQ=) has send a requested to sell ammo_9x19 x1 at the trader "Ammo_Attachments (Taiki [Ammo & Attachments])" in market zone "Outpost 42" (pos=<7196.500000, 252.990005, 6976.500000>).
07:13:10 [Market] Player "WolfMadness" (id=c4HSBe2kjxrPMaliQvxlVkqXx1B002mwOfk2xAqaYKQ=) has sold ammo_9x19 x1 at the trader "Ammo_Attachments (Taiki [Ammo & Attachments])" in market zone "Outpost 42" (pos=<7196.500000, 252.990005, 6976.500000>) and got 1.
07:13:10 [Market] Player "WolfMadness" (id=c4HSBe2kjxrPMaliQvxlVkqXx1B002mwOfk2xAqaYKQ=) has send a requested to sell ammo_9x19 x1 at the trader "Ammo_Attachments (Taiki [Ammo & Attachments])" in market zone "Outpost 42" (pos=<7196.500000, 252.990005, 6976.500000>).
07:13:11 [Market] Player "WolfMadness" (id=c4HSBe2kjxrPMaliQvxlVkqXx1B002mwOfk2xAqaYKQ=) has sold ammo_9x19 x1 at the trader "Ammo_Attachments (Taiki [Ammo & Attachments])" in market zone "Outpost 42" (pos=<7196.500000, 252.990005, 6976.500000>) and got 1.
07:13:11 [Market] Player "WolfMadness" (id=c4HSBe2kjxrPMaliQvxlVkqXx1B002mwOfk2xAqaYKQ=) has send a requested to sell ammo_9x19 x1 at the trader "Ammo_Attachments (Taiki [Ammo & Attachments])" in market zone "Outpost 42" (pos=<7196.500000, 252.990005, 6976.500000>).
07:13:11 [Market] Player "WolfMadness" (id=c4HSBe2kjxrPMaliQvxlVkqXx1B002mwOfk2xAqaYKQ=) has sold ammo_9x19 x1 at the trader "Ammo_Attachments (Taiki [Ammo & Attachments])" in market zone "Outpost 42" (pos=<7196.500000, 252.990005, 6976.500000>) and got 1.
07:13:11 [Market] Player "WolfMadness" (id=c4HSBe2kjxrPMaliQvxlVkqXx1B002mwOfk2xAqaYKQ=) has send a requested to sell ammo_9x19 x1 at the trader "Ammo_Attachments (Taiki [Ammo & Attachments])" in market zone "Outpost 42" (pos=<7196.500000, 252.990005, 6976.500000>).
07:13:11 [Market] Player "WolfMadness" (id=c4HSBe2kjxrPMaliQvxlVkqXx1B002mwOfk2xAqaYKQ=) has sold ammo_9x19 x1 at the trader "Ammo_Attachments (Taiki [Ammo & Attachments])" in market zone "Outpost 42" (pos=<7196.500000, 252.990005, 6976.500000>) and got 1.
07:13:11 [Market] Player "WolfMadness" (id=c4HSBe2kjxrPMaliQvxlVkqXx1B002mwOfk2xAqaYKQ=) has send a requested to sell ammo_9x19 x1 at the trader "Ammo_Attachments (Taiki [Ammo & Attachments])" in market zone "Outpost 42" (pos=<7196.500000, 252.990005, 6976.500000>).
07:13:11 [Market] Player "WolfMadness" (id=c4HSBe2kjxrPMaliQvxlVkqXx1B002mwOfk2xAqaYKQ=) has sold ammo_9x19 x1 at the trader "Ammo_Attachments (Taiki [Ammo & Attachments])" in market zone "Outpost 42" (pos=<7196.500000, 252.990005, 6976.500000>) and got 1.
07:13:12 [Market] Player "WolfMadness" (id=c4HSBe2kjxrPMaliQvxlVkqXx1B002mwOfk2xAqaYKQ=) has send a requested to sell ammo_9x19 x1 at the trader "Ammo_Attachments (Taiki [Ammo & Attachments])" in market zone "Outpost 42" (pos=<7196.500000, 252.990005, 6976.500000>).
07:13:12 [Market] Player "WolfMadness" (id=c4HSBe2kjxrPMaliQvxlVkqXx1B002mwOfk2xAqaYKQ=) has sold ammo_9x19 x1 at the trader "Ammo_Attachments (Taiki [Ammo & Attachments])" in market zone "Outpost 42" (pos=<7196.500000, 252.990005, 6976.500000>) and got 1.
07:13:12 [Market] Player "WolfMadness" (id=c4HSBe2kjxrPMaliQvxlVkqXx1B002mwOfk2xAqaYKQ=) has send a requested to sell ammo_9x19 x1 at the trader "Ammo_Attachments (Taiki [Ammo & Attachments])" in market zone "Outpost 42" (pos=<7196.500000, 252.990005, 6976.500000>).
07:13:12 [Market] Player "WolfMadness" (id=c4HSBe2kjxrPMaliQvxlVkqXx1B002mwOfk2xAqaYKQ=) has sold ammo_9x19 x1 at the trader "Ammo_Attachments (Taiki [Ammo & Attachments])" in market zone "Outpost 42" (pos=<7196.500000, 252.990005, 6976.500000>) and got 1.
07:13:13 [Market] Player "WolfMadness" (id=c4HSBe2kjxrPMaliQvxlVkqXx1B002mwOfk2xAqaYKQ=) has send a requested to sell ammo_9x19 x1 at the trader "Ammo_Attachments (Taiki [Ammo & Attachments])" in market zone "Outpost 42" (pos=<7196.500000, 252.990005, 6976.500000>).
07:13:13 [Market] Player "WolfMadness" (id=c4HSBe2kjxrPMaliQvxlVkqXx1B002mwOfk2xAqaYKQ=) has sold ammo_9x19 x1 at the trader "Ammo_Attachments (Taiki [Ammo & Attachments])" in market zone "Outpost 42" (pos=<7196.500000, 252.990005, 6976.500000>) and got 1.
07:13:13 [Market] Player "WolfMadness" (id=c4HSBe2kjxrPMaliQvxlVkqXx1B002mwOfk2xAqaYKQ=) has send a requested to sell ammo_9x19 x1 at the trader "Ammo_Attachments (Taiki [Ammo & Attachments])" in market zone "Outpost 42" (pos=<7196.500000, 252.990005, 6976.500000>).
07:13:13 [Market] Player "WolfMadness" (id=c4HSBe2kjxrPMaliQvxlVkqXx1B002mwOfk2xAqaYKQ=) has sold ammo_9x19 x1 at the trader "Ammo_Attachments (Taiki [Ammo & Attachments])" in market zone "Outpost 42" (pos=<7196.500000, 252.990005, 6976.500000>) and got 1.
07:13:13 [Market] Player "WolfMadness" (id=c4HSBe2kjxrPMaliQvxlVkqXx1B002mwOfk2xAqaYKQ=) has send a requested to sell ammo_9x19 x1 at the trader "Ammo_Attachments (Taiki [Ammo & Attachments])" in market zone "Outpost 42" (pos=<7196.500000, 252.990005, 6976.500000>).
07:13:13 [Market] Player "WolfMadness" (id=c4HSBe2kjxrPMaliQvxlVkqXx1B002mwOfk2xAqaYKQ=) has sold ammo_9x19 x1 at the trader "Ammo_Attachments (Taiki [Ammo & Attachments])" in market zone "Outpost 42" (pos=<7196.500000, 252.990005, 6976.500000>) and got 1.
07:13:13 [Market] Player "WolfMadness" (id=c4HSBe2kjxrPMaliQvxlVkqXx1B002mwOfk2xAqaYKQ=) has send a requested to sell ammo_9x19 x1 at the trader "Ammo_Attachments (Taiki [Ammo & Attachments])" in market zone "Outpost 42" (pos=<7196.500000, 252.990005, 6976.500000>).
07:13:14 [Market] Player "WolfMadness" (id=c4HSBe2kjxrPMaliQvxlVkqXx1B002mwOfk2xAqaYKQ=) has sold ammo_9x19 x1 at the trader "Ammo_Attachments (Taiki [Ammo & Attachments])" in market zone "Outpost 42" (pos=<7196.500000, 252.990005, 6976.500000>) and got 1.
07:13:14 [Market] Player "WolfMadness" (id=c4HSBe2kjxrPMaliQvxlVkqXx1B002mwOfk2xAqaYKQ=) has send a requested to sell ammo_9x19 x1 at the trader "Ammo_Attachments (Taiki [Ammo & Attachments])" in market zone "Outpost 42" (pos=<7196.500000, 252.990005, 6976.500000>).
07:13:14 [Market] Player "WolfMadness" (id=c4HSBe2kjxrPMaliQvxlVkqXx1B002mwOfk2xAqaYKQ=) has sold ammo_9x19 x1 at the trader "Ammo_Attachments (Taiki [Ammo & Attachments])" in market zone "Outpost 42" (pos=<7196.500000, 252.990005, 6976.500000>) and got 1.
07:13:14 [Market] Player "WolfMadness" (id=c4HSBe2kjxrPMaliQvxlVkqXx1B002mwOfk2xAqaYKQ=) has send a requested to sell ammo_9x19 x1 at the trader "Ammo_Attachments (Taiki [Ammo & Attachments])" in market zone "Outpost 42" (pos=<7196.500000, 252.990005, 6976.500000>).
07:13:14 [Market] Player "WolfMadness" (id=c4HSBe2kjxrPMaliQvxlVkqXx1B002mwOfk2xAqaYKQ=) has sold ammo_9x19 x1 at the trader "Ammo_Attachments (Taiki [Ammo & Attachments])" in market zone "Outpost 42" (pos=<7196.500000, 252.990005, 6976.500000>) and got 1.
07:13:14 [Market] Player "WolfMadness" (id=c4HSBe2kjxrPMaliQvxlVkqXx1B002mwOfk2xAqaYKQ=) has send a requested to sell ammo_9x19 x1 at the trader "Ammo_Attachments (Taiki [Ammo & Attachments])" in market zone "Outpost 42" (pos=<7196.500000, 252.990005, 6976.500000>).
07:13:14 [Market] Player "WolfMadness" (id=c4HSBe2kjxrPMaliQvxlVkqXx1B002mwOfk2xAqaYKQ=) has sold ammo_9x19 x1 at the trader "Ammo_Attachments (Taiki [Ammo & Attachments])" in market zone "Outpost 42" (pos=<7196.500000, 252.990005, 6976.500000>) and got 1.
07:13:14 [Market] Player "WolfMadness" (id=c4HSBe2kjxrPMaliQvxlVkqXx1B002mwOfk2xAqaYKQ=) has send a requested to sell ammo_9x19 x1 at the trader "Ammo_Attachments (Taiki [Ammo & Attachments])" in market zone "Outpost 42" (pos=<7196.500000, 252.990005, 6976.500000>).
07:13:14 [Market] Player "WolfMadness" (id=c4HSBe2kjxrPMaliQvxlVkqXx1B002mwOfk2xAqaYKQ=) has sold ammo_9x19 x1 at the trader "Ammo_Attachments (Taiki [Ammo & Attachments])" in market zone "Outpost 42" (pos=<7196.500000, 252.990005, 6976.500000>) and got 1.
07:13:15 [Market] Player "WolfMadness" (id=c4HSBe2kjxrPMaliQvxlVkqXx1B002mwOfk2xAqaYKQ=) has send a requested to sell ammo_9x19 x1 at the trader "Ammo_Attachments (Taiki [Ammo & Attachments])" in market zone "Outpost 42" (pos=<7196.500000, 252.990005, 6976.500000>).
07:13:15 [Market] Player "WolfMadness" (id=c4HSBe2kjxrPMaliQvxlVkqXx1B002mwOfk2xAqaYKQ=) has sold ammo_9x19 x1 at the trader "Ammo_Attachments (Taiki [Ammo & Attachments])" in market zone "Outpost 42" (pos=<7196.500000, 252.990005, 6976.500000>) and got 1.
07:13:15 [Market] Player "WolfMadness" (id=c4HSBe2kjxrPMaliQvxlVkqXx1B002mwOfk2xAqaYKQ=) has send a requested to sell ammo_9x19 x1 at the trader "Ammo_Attachments (Taiki [Ammo & Attachments])" in market zone "Outpost 42" (pos=<7196.500000, 252.990005, 6976.500000>).
07:13:15 [Market] Player "WolfMadness" (id=c4HSBe2kjxrPMaliQvxlVkqXx1B002mwOfk2xAqaYKQ=) has sold ammo_9x19 x1 at the trader "Ammo_Attachments (Taiki [Ammo & Attachments])" in market zone "Outpost 42" (pos=<7196.500000, 252.990005, 6976.500000>) and got 1.
07:13:15 [Market] Player "WolfMadness" (id=c4HSBe2kjxrPMaliQvxlVkqXx1B002mwOfk2xAqaYKQ=) has send a requested to sell ammo_9x19 x1 at the trader "Ammo_Attachments (Taiki [Ammo & Attachments])" in market zone "Outpost 42" (pos=<7196.500000, 252.990005, 6976.500000>).
07:13:15 [Market] Player "WolfMadness" (id=c4HSBe2kjxrPMaliQvxlVkqXx1B002mwOfk2xAqaYKQ=) has sold ammo_9x19 x1 at the trader "Ammo_Attachments (Taiki [Ammo & Attachments])" in market zone "Outpost 42" (pos=<7196.500000, 252.990005, 6976.500000>) and got 1.
07:13:15 [Market] Player "WolfMadness" (id=c4HSBe2kjxrPMaliQvxlVkqXx1B002mwOfk2xAqaYKQ=) has send a requested to sell ammo_9x19 x1 at the trader "Ammo_Attachments (Taiki [Ammo & Attachments])" in market zone "Outpost 42" (pos=<7196.500000, 252.990005, 6976.500000>).
07:13:15 [Market] Player "WolfMadness" (id=c4HSBe2kjxrPMaliQvxlVkqXx1B002mwOfk2xAqaYKQ=) has sold ammo_9x19 x1 at the trader "Ammo_Attachments (Taiki [Ammo & Attachments])" in market zone "Outpost 42" (pos=<7196.500000, 252.990005, 6976.500000>) and got 1.
07:13:15 [Market] Player "WolfMadness" (id=c4HSBe2kjxrPMaliQvxlVkqXx1B002mwOfk2xAqaYKQ=) has send a requested to sell ammo_9x19 x1 at the trader "Ammo_Attachments (Taiki [Ammo & Attachments])" in market zone "Outpost 42" (pos=<7196.500000, 252.990005, 6976.500000>).
07:13:16 [Market] Player "WolfMadness" (id=c4HSBe2kjxrPMaliQvxlVkqXx1B002mwOfk2xAqaYKQ=) has sold ammo_9x19 x1 at the trader "Ammo_Attachments (Taiki [Ammo & Attachments])" in market zone "Outpost 42" (pos=<7196.500000, 252.990005, 6976.500000>) and got 1.
07:13:16 [Market] Player "WolfMadness" (id=c4HSBe2kjxrPMaliQvxlVkqXx1B002mwOfk2xAqaYKQ=) has send a requested to sell ammo_9x19 x1 at the trader "Ammo_Attachments (Taiki [Ammo & Attachments])" in market zone "Outpost 42" (pos=<7196.500000, 252.990005, 6976.500000>).
07:13:16 [Market] Player "WolfMadness" (id=c4HSBe2kjxrPMaliQvxlVkqXx1B002mwOfk2xAqaYKQ=) has sold ammo_9x19 x1 at the trader "Ammo_Attachments (Taiki [Ammo & Attachments])" in market zone "Outpost 42" (pos=<7196.500000, 252.990005, 6976.500000>) and got 1.
07:13:16 [Market] Player "WolfMadness" (id=c4HSBe2kjxrPMaliQvxlVkqXx1B002mwOfk2xAqaYKQ=) has send a requested to sell ammo_9x19 x1 at the trader "Ammo_Attachments (Taiki [Ammo & Attachments])" in market zone "Outpost 42" (pos=<7196.500000, 252.990005, 6976.500000>).
07:13:16 [Market] Player "WolfMadness" (id=c4HSBe2kjxrPMaliQvxlVkqXx1B002mwOfk2xAqaYKQ=) has sold ammo_9x19 x1 at the trader "Ammo_Attachments (Taiki [Ammo & Attachments])" in market zone "Outpost 42" (pos=<7196.500000, 252.990005, 6976.500000>) and got 1.
07:13:16 [Market] Player "WolfMadness" (id=c4HSBe2kjxrPMaliQvxlVkqXx1B002mwOfk2xAqaYKQ=) has send a requested to sell ammo_9x19 x1 at the trader "Ammo_Attachments (Taiki [Ammo & Attachments])" in market zone "Outpost 42" (pos=<7196.500000, 252.990005, 6976.500000>).
07:13:16 [Market] Player "WolfMadness" (id=c4HSBe2kjxrPMaliQvxlVkqXx1B002mwOfk2xAqaYKQ=) has sold ammo_9x19 x1 at the trader "Ammo_Attachments (Taiki [Ammo & Attachments])" in market zone "Outpost 42" (pos=<7196.500000, 252.990005, 6976.500000>) and got 1.
07:13:16 [Market] Player "WolfMadness" (id=c4HSBe2kjxrPMaliQvxlVkqXx1B002mwOfk2xAqaYKQ=) has send a requested to sell ammo_9x19 x1 at the trader "Ammo_Attachments (Taiki [Ammo & Attachments])" in market zone "Outpost 42" (pos=<7196.500000, 252.990005, 6976.500000>).
07:13:16 [Market] Player "WolfMadness" (id=c4HSBe2kjxrPMaliQvxlVkqXx1B002mwOfk2xAqaYKQ=) has sold ammo_9x19 x1 at the trader "Ammo_Attachments (Taiki [Ammo & Attachments])" in market zone "Outpost 42" (pos=<7196.500000, 252.990005, 6976.500000>) and got 1.
07:13:17 [Market] Player "WolfMadness" (id=c4HSBe2kjxrPMaliQvxlVkqXx1B002mwOfk2xAqaYKQ=) has send a requested to sell ammo_9x19 x1 at the trader "Ammo_Attachments (Taiki [Ammo & Attachments])" in market zone "Outpost 42" (pos=<7196.500000, 252.990005, 6976.500000>).
07:13:17 [Market] Player "WolfMadness" (id=c4HSBe2kjxrPMaliQvxlVkqXx1B002mwOfk2xAqaYKQ=) has sold ammo_9x19 x1 at the trader "Ammo_Attachments (Taiki [Ammo & Attachments])" in market zone "Outpost 42" (pos=<7196.500000, 252.990005, 6976.500000>) and got 1.
07:13:17 [Market] Player "WolfMadness" (id=c4HSBe2kjxrPMaliQvxlVkqXx1B002mwOfk2xAqaYKQ=) has send a requested to sell ammo_9x19 x1 at the trader "Ammo_Attachments (Taiki [Ammo & Attachments])" in market zone "Outpost 42" (pos=<7196.500000, 252.990005, 6976.500000>).
07:13:17 [Market] Player "WolfMadness" (id=c4HSBe2kjxrPMaliQvxlVkqXx1B002mwOfk2xAqaYKQ=) has sold ammo_9x19 x1 at the trader "Ammo_Attachments (Taiki [Ammo & Attachments])" in market zone "Outpost 42" (pos=<7196.500000, 252.990005, 6976.500000>) and got 1.
07:13:17 [Market] Player "WolfMadness" (id=c4HSBe2kjxrPMaliQvxlVkqXx1B002mwOfk2xAqaYKQ=) has send a requested to sell ammo_9x19 x1 at the trader "Ammo_Attachments (Taiki [Ammo & Attachments])" in market zone "Outpost 42" (pos=<7196.500000, 252.990005, 6976.500000>).
07:13:17 [Market] Player "WolfMadness" (id=c4HSBe2kjxrPMaliQvxlVkqXx1B002mwOfk2xAqaYKQ=) has sold ammo_9x19 x1 at the trader "Ammo_Attachments (Taiki [Ammo & Attachments])" in market zone "Outpost 42" (pos=<7196.500000, 252.990005, 6976.500000>) and got 1.
07:13:17 [Market] Player "WolfMadness" (id=c4HSBe2kjxrPMaliQvxlVkqXx1B002mwOfk2xAqaYKQ=) has send a requested to sell ammo_9x19 x1 at the trader "Ammo_Attachments (Taiki [Ammo & Attachments])" in market zone "Outpost 42" (pos=<7196.500000, 252.990005, 6976.500000>).
07:13:18 [Market] Player "WolfMadness" (id=c4HSBe2kjxrPMaliQvxlVkqXx1B002mwOfk2xAqaYKQ=) has sold ammo_9x19 x1 at the trader "Ammo_Attachments (Taiki [Ammo & Attachments])" in market zone "Outpost 42" (pos=<7196.500000, 252.990005, 6976.500000>) and got 1.
07:13:18 [Market] Player "WolfMadness" (id=c4HSBe2kjxrPMaliQvxlVkqXx1B002mwOfk2xAqaYKQ=) has send a requested to sell ammo_9x19 x1 at the trader "Ammo_Attachments (Taiki [Ammo & Attachments])" in market zone "Outpost 42" (pos=<7196.500000, 252.990005, 6976.500000>).
07:13:18 [Market] Player "WolfMadness" (id=c4HSBe2kjxrPMaliQvxlVkqXx1B002mwOfk2xAqaYKQ=) has sold ammo_9x19 x1 at the trader "Ammo_Attachments (Taiki [Ammo & Attachments])" in market zone "Outpost 42" (pos=<7196.500000, 252.990005, 6976.500000>) and got 1.
07:13:18 [Market] Player "WolfMadness" (id=c4HSBe2kjxrPMaliQvxlVkqXx1B002mwOfk2xAqaYKQ=) has send a requested to sell ammo_9x19 x1 at the trader "Ammo_Attachments (Taiki [Ammo & Attachments])" in market zone "Outpost 42" (pos=<7196.500000, 252.990005, 6976.500000>).
07:13:18 [Market] Player "WolfMadness" (id=c4HSBe2kjxrPMaliQvxlVkqXx1B002mwOfk2xAqaYKQ=) has sold ammo_9x19 x1 at the trader "Ammo_Attachments (Taiki [Ammo & Attachments])" in market zone "Outpost 42" (pos=<7196.500000, 252.990005, 6976.500000>) and got 1.
07:13:18 [Market] Player "WolfMadness" (id=c4HSBe2kjxrPMaliQvxlVkqXx1B002mwOfk2xAqaYKQ=) has send a requested to sell ammo_9x19 x1 at the trader "Ammo_Attachments (Taiki [Ammo & Attachments])" in market zone "Outpost 42" (pos=<7196.500000, 252.990005, 6976.500000>).
07:13:18 [Market] Player "WolfMadness" (id=c4HSBe2kjxrPMaliQvxlVkqXx1B002mwOfk2xAqaYKQ=) has sold ammo_9x19 x1 at the trader "Ammo_Attachments (Taiki [Ammo & Attachments])" in market zone "Outpost 42" (pos=<7196.500000, 252.990005, 6976.500000>) and got 1.
07:13:19 [Market] Player "WolfMadness" (id=c4HSBe2kjxrPMaliQvxlVkqXx1B002mwOfk2xAqaYKQ=) has send a requested to sell ammo_9x19 x1 at the trader "Ammo_Attachments (Taiki [Ammo & Attachments])" in market zone "Outpost 42" (pos=<7196.500000, 252.990005, 6976.500000>).
07:13:19 [Market] Player "WolfMadness" (id=c4HSBe2kjxrPMaliQvxlVkqXx1B002mwOfk2xAqaYKQ=) has sold ammo_9x19 x1 at the trader "Ammo_Attachments (Taiki [Ammo & Attachments])" in market zone "Outpost 42" (pos=<7196.500000, 252.990005, 6976.500000>) and got 1.
07:13:23 [Market] Player "WolfMadness" (id=c4HSBe2kjxrPMaliQvxlVkqXx1B002mwOfk2xAqaYKQ=) has send a requested to sell expansion_ammo_arrowbolt x1 at the trader "Ammo_Attachments (Taiki [Ammo & Attachments])" in market zone "Outpost 42" (pos=<7196.500000, 252.990005, 6976.500000>).
07:13:23 [Market] Player "WolfMadness" (id=c4HSBe2kjxrPMaliQvxlVkqXx1B002mwOfk2xAqaYKQ=) has sold expansion_ammo_arrowbolt x1 at the trader "Ammo_Attachments (Taiki [Ammo & Attachments])" in market zone "Outpost 42" (pos=<7196.500000, 252.990005, 6976.500000>) and got 2.
07:13:24 [Market] Player "WolfMadness" (id=c4HSBe2kjxrPMaliQvxlVkqXx1B002mwOfk2xAqaYKQ=) has send a requested to sell expansion_ammo_arrowbolt x1 at the trader "Ammo_Attachments (Taiki [Ammo & Attachments])" in market zone "Outpost 42" (pos=<7196.500000, 252.990005, 6976.500000>).
07:13:24 [Market] Player "WolfMadness" (id=c4HSBe2kjxrPMaliQvxlVkqXx1B002mwOfk2xAqaYKQ=) has sold expansion_ammo_arrowbolt x1 at the trader "Ammo_Attachments (Taiki [Ammo & Attachments])" in market zone "Outpost 42" (pos=<7196.500000, 252.990005, 6976.500000>) and got 2.
07:13:24 [Market] Player "WolfMadness" (id=c4HSBe2kjxrPMaliQvxlVkqXx1B002mwOfk2xAqaYKQ=) has send a requested to sell expansion_ammo_arrowbolt x1 at the trader "Ammo_Attachments (Taiki [Ammo & Attachments])" in market zone "Outpost 42" (pos=<7196.500000, 252.990005, 6976.500000>).
07:13:24 [Market] Player "WolfMadness" (id=c4HSBe2kjxrPMaliQvxlVkqXx1B002mwOfk2xAqaYKQ=) has sold expansion_ammo_arrowbolt x1 at the trader "Ammo_Attachments (Taiki [Ammo & Attachments])" in market zone "Outpost 42" (pos=<7196.500000, 252.990005, 6976.500000>) and got 2.
07:13:25 [Market] Player "WolfMadness" (id=c4HSBe2kjxrPMaliQvxlVkqXx1B002mwOfk2xAqaYKQ=) has send a requested to sell ammo_380 x1 at the trader "Ammo_Attachments (Taiki [Ammo & Attachments])" in market zone "Outpost 42" (pos=<7196.500000, 252.990005, 6976.500000>).
07:13:26 [Market] Player "WolfMadness" (id=c4HSBe2kjxrPMaliQvxlVkqXx1B002mwOfk2xAqaYKQ=) has sold ammo_380 x1 at the trader "Ammo_Attachments (Taiki [Ammo & Attachments])" in market zone "Outpost 42" (pos=<7196.500000, 252.990005, 6976.500000>) and got 0.
07:13:26 [Market] Player "WolfMadness" (id=c4HSBe2kjxrPMaliQvxlVkqXx1B002mwOfk2xAqaYKQ=) has send a requested to sell ammo_380 x1 at the trader "Ammo_Attachments (Taiki [Ammo & Attachments])" in market zone "Outpost 42" (pos=<7196.500000, 252.990005, 6976.500000>).
07:13:26 [Market] Player "WolfMadness" (id=c4HSBe2kjxrPMaliQvxlVkqXx1B002mwOfk2xAqaYKQ=) has sold ammo_380 x1 at the trader "Ammo_Attachments (Taiki [Ammo & Attachments])" in market zone "Outpost 42" (pos=<7196.500000, 252.990005, 6976.500000>) and got 0.
07:13:26 [Market] Player "WolfMadness" (id=c4HSBe2kjxrPMaliQvxlVkqXx1B002mwOfk2xAqaYKQ=) has send a requested to sell ammo_380 x1 at the trader "Ammo_Attachments (Taiki [Ammo & Attachments])" in market zone "Outpost 42" (pos=<7196.500000, 252.990005, 6976.500000>).
07:13:26 [Market] Player "WolfMadness" (id=c4HSBe2kjxrPMaliQvxlVkqXx1B002mwOfk2xAqaYKQ=) has sold ammo_380 x1 at the trader "Ammo_Attachments (Taiki [Ammo & Attachments])" in market zone "Outpost 42" (pos=<7196.500000, 252.990005, 6976.500000>) and got 0.
07:13:26 [Market] Player "WolfMadness" (id=c4HSBe2kjxrPMaliQvxlVkqXx1B002mwOfk2xAqaYKQ=) has send a requested to sell ammo_380 x1 at the trader "Ammo_Attachments (Taiki [Ammo & Attachments])" in market zone "Outpost 42" (pos=<7196.500000, 252.990005, 6976.500000>).
07:13:26 [Market] Player "WolfMadness" (id=c4HSBe2kjxrPMaliQvxlVkqXx1B002mwOfk2xAqaYKQ=) has sold ammo_380 x1 at the trader "Ammo_Attachments (Taiki [Ammo & Attachments])" in market zone "Outpost 42" (pos=<7196.500000, 252.990005, 6976.500000>) and got 0.
07:13:26 [Market] Player "WolfMadness" (id=c4HSBe2kjxrPMaliQvxlVkqXx1B002mwOfk2xAqaYKQ=) has send a requested to sell ammo_380 x1 at the trader "Ammo_Attachments (Taiki [Ammo & Attachments])" in market zone "Outpost 42" (pos=<7196.500000, 252.990005, 6976.500000>).
07:13:26 [Market] Player "WolfMadness" (id=c4HSBe2kjxrPMaliQvxlVkqXx1B002mwOfk2xAqaYKQ=) has sold ammo_380 x1 at the trader "Ammo_Attachments (Taiki [Ammo & Attachments])" in market zone "Outpost 42" (pos=<7196.500000, 252.990005, 6976.500000>) and got 0.
07:13:26 [Market] Player "WolfMadness" (id=c4HSBe2kjxrPMaliQvxlVkqXx1B002mwOfk2xAqaYKQ=) has send a requested to sell ammo_380 x1 at the trader "Ammo_Attachments (Taiki [Ammo & Attachments])" in market zone "Outpost 42" (pos=<7196.500000, 252.990005, 6976.500000>).
07:13:26 [Market] Player "WolfMadness" (id=c4HSBe2kjxrPMaliQvxlVkqXx1B002mwOfk2xAqaYKQ=) has sold ammo_380 x1 at the trader "Ammo_Attachments (Taiki [Ammo & Attachments])" in market zone "Outpost 42" (pos=<7196.500000, 252.990005, 6976.500000>) and got 0.
07:13:26 [Market] Player "WolfMadness" (id=c4HSBe2kjxrPMaliQvxlVkqXx1B002mwOfk2xAqaYKQ=) has send a requested to sell ammo_380 x1 at the trader "Ammo_Attachments (Taiki [Ammo & Attachments])" in market zone "Outpost 42" (pos=<7196.500000, 252.990005, 6976.500000>).
07:13:27 [Market] Player "WolfMadness" (id=c4HSBe2kjxrPMaliQvxlVkqXx1B002mwOfk2xAqaYKQ=) has sold ammo_380 x1 at the trader "Ammo_Attachments (Taiki [Ammo & Attachments])" in market zone "Outpost 42" (pos=<7196.500000, 252.990005, 6976.500000>) and got 0.
07:13:27 [Market] Player "WolfMadness" (id=c4HSBe2kjxrPMaliQvxlVkqXx1B002mwOfk2xAqaYKQ=) has send a requested to sell ammo_380 x1 at the trader "Ammo_Attachments (Taiki [Ammo & Attachments])" in market zone "Outpost 42" (pos=<7196.500000, 252.990005, 6976.500000>).
07:13:27 [Market] Player "WolfMadness" (id=c4HSBe2kjxrPMaliQvxlVkqXx1B002mwOfk2xAqaYKQ=) has sold ammo_380 x1 at the trader "Ammo_Attachments (Taiki [Ammo & Attachments])" in market zone "Outpost 42" (pos=<7196.500000, 252.990005, 6976.500000>) and got 0.
07:13:27 [Market] Player "WolfMadness" (id=c4HSBe2kjxrPMaliQvxlVkqXx1B002mwOfk2xAqaYKQ=) has send a requested to sell ammo_380 x1 at the trader "Ammo_Attachments (Taiki [Ammo & Attachments])" in market zone "Outpost 42" (pos=<7196.500000, 252.990005, 6976.500000>).
07:13:27 [Market] Player "WolfMadness" (id=c4HSBe2kjxrPMaliQvxlVkqXx1B002mwOfk2xAqaYKQ=) has sold ammo_380 x1 at the trader "Ammo_Attachments (Taiki [Ammo & Attachments])" in market zone "Outpost 42" (pos=<7196.500000, 252.990005, 6976.500000>) and got 0.
07:13:27 [Market] Player "WolfMadness" (id=c4HSBe2kjxrPMaliQvxlVkqXx1B002mwOfk2xAqaYKQ=) has send a requested to sell ammo_380 x1 at the trader "Ammo_Attachments (Taiki [Ammo & Attachments])" in market zone "Outpost 42" (pos=<7196.500000, 252.990005, 6976.500000>).
07:13:27 [Market] Player "WolfMadness" (id=c4HSBe2kjxrPMaliQvxlVkqXx1B002mwOfk2xAqaYKQ=) has sold ammo_380 x1 at the trader "Ammo_Attachments (Taiki [Ammo & Attachments])" in market zone "Outpost 42" (pos=<7196.500000, 252.990005, 6976.500000>) and got 0.
07:13:27 [Market] Player "WolfMadness" (id=c4HSBe2kjxrPMaliQvxlVkqXx1B002mwOfk2xAqaYKQ=) has send a requested to sell ammo_380 x1 at the trader "Ammo_Attachments (Taiki [Ammo & Attachments])" in market zone "Outpost 42" (pos=<7196.500000, 252.990005, 6976.500000>).
07:13:27 [Market] Player "WolfMadness" (id=c4HSBe2kjxrPMaliQvxlVkqXx1B002mwOfk2xAqaYKQ=) has sold ammo_380 x1 at the trader "Ammo_Attachments (Taiki [Ammo & Attachments])" in market zone "Outpost 42" (pos=<7196.500000, 252.990005, 6976.500000>) and got 0.
07:13:27 [Market] Player "WolfMadness" (id=c4HSBe2kjxrPMaliQvxlVkqXx1B002mwOfk2xAqaYKQ=) has send a requested to sell ammo_380 x1 at the trader "Ammo_Attachments (Taiki [Ammo & Attachments])" in market zone "Outpost 42" (pos=<7196.500000, 252.990005, 6976.500000>).
07:13:27 [Market] Player "WolfMadness" (id=c4HSBe2kjxrPMaliQvxlVkqXx1B002mwOfk2xAqaYKQ=) has sold ammo_380 x1 at the trader "Ammo_Attachments (Taiki [Ammo & Attachments])" in market zone "Outpost 42" (pos=<7196.500000, 252.990005, 6976.500000>) and got 0.
07:13:28 [Market] Player "WolfMadness" (id=c4HSBe2kjxrPMaliQvxlVkqXx1B002mwOfk2xAqaYKQ=) has send a requested to sell ammo_380 x1 at the trader "Ammo_Attachments (Taiki [Ammo & Attachments])" in market zone "Outpost 42" (pos=<7196.500000, 252.990005, 6976.500000>).
07:13:28 [Market] Player "WolfMadness" (id=c4HSBe2kjxrPMaliQvxlVkqXx1B002mwOfk2xAqaYKQ=) has sold ammo_380 x1 at the trader "Ammo_Attachments (Taiki [Ammo & Attachments])" in market zone "Outpost 42" (pos=<7196.500000, 252.990005, 6976.500000>) and got 0.
07:13:28 [Market] Player "WolfMadness" (id=c4HSBe2kjxrPMaliQvxlVkqXx1B002mwOfk2xAqaYKQ=) has send a requested to sell ammo_380 x1 at the trader "Ammo_Attachments (Taiki [Ammo & Attachments])" in market zone "Outpost 42" (pos=<7196.500000, 252.990005, 6976.500000>).
07:13:28 [Market] Player "WolfMadness" (id=c4HSBe2kjxrPMaliQvxlVkqXx1B002mwOfk2xAqaYKQ=) has sold ammo_380 x1 at the trader "Ammo_Attachments (Taiki [Ammo & Attachments])" in market zone "Outpost 42" (pos=<7196.500000, 252.990005, 6976.500000>) and got 0.
07:13:28 [Market] Player "WolfMadness" (id=c4HSBe2kjxrPMaliQvxlVkqXx1B002mwOfk2xAqaYKQ=) has send a requested to sell ammo_380 x1 at the trader "Ammo_Attachments (Taiki [Ammo & Attachments])" in market zone "Outpost 42" (pos=<7196.500000, 252.990005, 6976.500000>).
07:13:28 [Market] Player "WolfMadness" (id=c4HSBe2kjxrPMaliQvxlVkqXx1B002mwOfk2xAqaYKQ=) has sold ammo_380 x1 at the trader "Ammo_Attachments (Taiki [Ammo & Attachments])" in market zone "Outpost 42" (pos=<7196.500000, 252.990005, 6976.500000>) and got 0.
07:13:28 [Market] Player "WolfMadness" (id=c4HSBe2kjxrPMaliQvxlVkqXx1B002mwOfk2xAqaYKQ=) has send a requested to sell ammo_380 x1 at the trader "Ammo_Attachments (Taiki [Ammo & Attachments])" in market zone "Outpost 42" (pos=<7196.500000, 252.990005, 6976.500000>).
07:13:28 [Market] Player "WolfMadness" (id=c4HSBe2kjxrPMaliQvxlVkqXx1B002mwOfk2xAqaYKQ=) has sold ammo_380 x1 at the trader "Ammo_Attachments (Taiki [Ammo & Attachments])" in market zone "Outpost 42" (pos=<7196.500000, 252.990005, 6976.500000>) and got 0.
07:13:28 [Market] Player "WolfMadness" (id=c4HSBe2kjxrPMaliQvxlVkqXx1B002mwOfk2xAqaYKQ=) has send a requested to sell ammo_380 x1 at the trader "Ammo_Attachments (Taiki [Ammo & Attachments])" in market zone "Outpost 42" (pos=<7196.500000, 252.990005, 6976.500000>).
07:13:28 [Market] Player "WolfMadness" (id=c4HSBe2kjxrPMaliQvxlVkqXx1B002mwOfk2xAqaYKQ=) has sold ammo_380 x1 at the trader "Ammo_Attachments (Taiki [Ammo & Attachments])" in market zone "Outpost 42" (pos=<7196.500000, 252.990005, 6976.500000>) and got 0.
07:13:28 [Market] Player "WolfMadness" (id=c4HSBe2kjxrPMaliQvxlVkqXx1B002mwOfk2xAqaYKQ=) has send a requested to sell ammo_380 x1 at the trader "Ammo_Attachments (Taiki [Ammo & Attachments])" in market zone "Outpost 42" (pos=<7196.500000, 252.990005, 6976.500000>).
07:13:29 [Market] Player "WolfMadness" (id=c4HSBe2kjxrPMaliQvxlVkqXx1B002mwOfk2xAqaYKQ=) has sold ammo_380 x1 at the trader "Ammo_Attachments (Taiki [Ammo & Attachments])" in market zone "Outpost 42" (pos=<7196.500000, 252.990005, 6976.500000>) and got 0.
07:13:29 [Market] Player "WolfMadness" (id=c4HSBe2kjxrPMaliQvxlVkqXx1B002mwOfk2xAqaYKQ=) has send a requested to sell ammo_380 x1 at the trader "Ammo_Attachments (Taiki [Ammo & Attachments])" in market zone "Outpost 42" (pos=<7196.500000, 252.990005, 6976.500000>).
07:13:29 [Market] Player "WolfMadness" (id=c4HSBe2kjxrPMaliQvxlVkqXx1B002mwOfk2xAqaYKQ=) has sold ammo_380 x1 at the trader "Ammo_Attachments (Taiki [Ammo & Attachments])" in market zone "Outpost 42" (pos=<7196.500000, 252.990005, 6976.500000>) and got 0.
07:13:29 [Market] Player "WolfMadness" (id=c4HSBe2kjxrPMaliQvxlVkqXx1B002mwOfk2xAqaYKQ=) has send a requested to sell ammo_380 x1 at the trader "Ammo_Attachments (Taiki [Ammo & Attachments])" in market zone "Outpost 42" (pos=<7196.500000, 252.990005, 6976.500000>).
07:13:29 [Market] Player "WolfMadness" (id=c4HSBe2kjxrPMaliQvxlVkqXx1B002mwOfk2xAqaYKQ=) has sold ammo_380 x1 at the trader "Ammo_Attachments (Taiki [Ammo & Attachments])" in market zone "Outpost 42" (pos=<7196.500000, 252.990005, 6976.500000>) and got 0.
07:13:29 [Market] Player "WolfMadness" (id=c4HSBe2kjxrPMaliQvxlVkqXx1B002mwOfk2xAqaYKQ=) has send a requested to sell ammo_380 x1 at the trader "Ammo_Attachments (Taiki [Ammo & Attachments])" in market zone "Outpost 42" (pos=<7196.500000, 252.990005, 6976.500000>).
07:13:29 [Market] Player "WolfMadness" (id=c4HSBe2kjxrPMaliQvxlVkqXx1B002mwOfk2xAqaYKQ=) has sold ammo_380 x1 at the trader "Ammo_Attachments (Taiki [Ammo & Attachments])" in market zone "Outpost 42" (pos=<7196.500000, 252.990005, 6976.500000>) and got 0.
07:13:29 [Market] Player "WolfMadness" (id=c4HSBe2kjxrPMaliQvxlVkqXx1B002mwOfk2xAqaYKQ=) has send a requested to sell ammo_380 x1 at the trader "Ammo_Attachments (Taiki [Ammo & Attachments])" in market zone "Outpost 42" (pos=<7196.500000, 252.990005, 6976.500000>).
07:13:29 [Market] Player "WolfMadness" (id=c4HSBe2kjxrPMaliQvxlVkqXx1B002mwOfk2xAqaYKQ=) has sold ammo_380 x1 at the trader "Ammo_Attachments (Taiki [Ammo & Attachments])" in market zone "Outpost 42" (pos=<7196.500000, 252.990005, 6976.500000>) and got 0.
07:13:29 [Market] Player "WolfMadness" (id=c4HSBe2kjxrPMaliQvxlVkqXx1B002mwOfk2xAqaYKQ=) has send a requested to sell ammo_380 x1 at the trader "Ammo_Attachments (Taiki [Ammo & Attachments])" in market zone "Outpost 42" (pos=<7196.500000, 252.990005, 6976.500000>).
07:13:29 [Market] Player "WolfMadness" (id=c4HSBe2kjxrPMaliQvxlVkqXx1B002mwOfk2xAqaYKQ=) has sold ammo_380 x1 at the trader "Ammo_Attachments (Taiki [Ammo & Attachments])" in market zone "Outpost 42" (pos=<7196.500000, 252.990005, 6976.500000>) and got 0.
07:13:30 [Market] Player "WolfMadness" (id=c4HSBe2kjxrPMaliQvxlVkqXx1B002mwOfk2xAqaYKQ=) has send a requested to sell ammo_380 x1 at the trader "Ammo_Attachments (Taiki [Ammo & Attachments])" in market zone "Outpost 42" (pos=<7196.500000, 252.990005, 6976.500000>).
07:13:30 [Market] Player "WolfMadness" (id=c4HSBe2kjxrPMaliQvxlVkqXx1B002mwOfk2xAqaYKQ=) has sold ammo_380 x1 at the trader "Ammo_Attachments (Taiki [Ammo & Attachments])" in market zone "Outpost 42" (pos=<7196.500000, 252.990005, 6976.500000>) and got 0.
07:13:30 [Market] Player "WolfMadness" (id=c4HSBe2kjxrPMaliQvxlVkqXx1B002mwOfk2xAqaYKQ=) has send a requested to sell ammo_380 x1 at the trader "Ammo_Attachments (Taiki [Ammo & Attachments])" in market zone "Outpost 42" (pos=<7196.500000, 252.990005, 6976.500000>).
07:13:30 [Market] Player "WolfMadness" (id=c4HSBe2kjxrPMaliQvxlVkqXx1B002mwOfk2xAqaYKQ=) has sold ammo_380 x1 at the trader "Ammo_Attachments (Taiki [Ammo & Attachments])" in market zone "Outpost 42" (pos=<7196.500000, 252.990005, 6976.500000>) and got 0.
07:13:30 [Market] Player "WolfMadness" (id=c4HSBe2kjxrPMaliQvxlVkqXx1B002mwOfk2xAqaYKQ=) has send a requested to sell ammo_380 x1 at the trader "Ammo_Attachments (Taiki [Ammo & Attachments])" in market zone "Outpost 42" (pos=<7196.500000, 252.990005, 6976.500000>).
07:13:30 [Market] Player "WolfMadness" (id=c4HSBe2kjxrPMaliQvxlVkqXx1B002mwOfk2xAqaYKQ=) has sold ammo_380 x1 at the trader "Ammo_Attachments (Taiki [Ammo & Attachments])" in market zone "Outpost 42" (pos=<7196.500000, 252.990005, 6976.500000>) and got 0.
07:13:31 [Market] Player "WolfMadness" (id=c4HSBe2kjxrPMaliQvxlVkqXx1B002mwOfk2xAqaYKQ=) has send a requested to sell ammo_45acp x1 at the trader "Ammo_Attachments (Taiki [Ammo & Attachments])" in market zone "Outpost 42" (pos=<7196.500000, 252.990005, 6976.500000>).
07:13:31 [Market] Player "WolfMadness" (id=c4HSBe2kjxrPMaliQvxlVkqXx1B002mwOfk2xAqaYKQ=) has sold ammo_45acp x1 at the trader "Ammo_Attachments (Taiki [Ammo & Attachments])" in market zone "Outpost 42" (pos=<7196.500000, 252.990005, 6976.500000>) and got 1.
07:13:33 [Market] Player "WolfMadness" (id=c4HSBe2kjxrPMaliQvxlVkqXx1B002mwOfk2xAqaYKQ=) has send a requested to sell ammo_45acp x1 at the trader "Ammo_Attachments (Taiki [Ammo & Attachments])" in market zone "Outpost 42" (pos=<7196.500000, 252.990005, 6976.500000>).
07:13:33 [Market] Player "WolfMadness" (id=c4HSBe2kjxrPMaliQvxlVkqXx1B002mwOfk2xAqaYKQ=) has sold ammo_45acp x1 at the trader "Ammo_Attachments (Taiki [Ammo & Attachments])" in market zone "Outpost 42" (pos=<7196.500000, 252.990005, 6976.500000>) and got 1.
07:13:42 [Market] Player "WolfMadness" (id=c4HSBe2kjxrPMaliQvxlVkqXx1B002mwOfk2xAqaYKQ=) has send a requested to sell tlrlight x1 at the trader "Ammo_Attachments (Taiki [Ammo & Attachments])" in market zone "Outpost 42" (pos=<7196.500000, 252.990005, 6976.500000>).
07:13:42 [Market] Player "WolfMadness" (id=c4HSBe2kjxrPMaliQvxlVkqXx1B002mwOfk2xAqaYKQ=) has sold tlrlight x1 at the trader "Ammo_Attachments (Taiki [Ammo & Attachments])" in market zone "Outpost 42" (pos=<7196.500000, 252.990005, 6976.500000>) and got 15.
07:13:44 [Market] Player "WolfMadness" (id=c4HSBe2kjxrPMaliQvxlVkqXx1B002mwOfk2xAqaYKQ=) has send a requested to sell acogoptic x1 at the trader "Ammo_Attachments (Taiki [Ammo & Attachments])" in market zone "Outpost 42" (pos=<7196.500000, 252.990005, 6976.500000>).
07:13:44 [Market] Player "WolfMadness" (id=c4HSBe2kjxrPMaliQvxlVkqXx1B002mwOfk2xAqaYKQ=) has sold acogoptic x1 at the trader "Ammo_Attachments (Taiki [Ammo & Attachments])" in market zone "Outpost 42" (pos=<7196.500000, 252.990005, 6976.500000>) and got 112.
07:13:45 [Market] Player "WolfMadness" (id=c4HSBe2kjxrPMaliQvxlVkqXx1B002mwOfk2xAqaYKQ=) has send a requested to sell m4_t3nrdsoptic x1 at the trader "Ammo_Attachments (Taiki [Ammo & Attachments])" in market zone "Outpost 42" (pos=<7196.500000, 252.990005, 6976.500000>).
07:13:45 [Market] Player "WolfMadness" (id=c4HSBe2kjxrPMaliQvxlVkqXx1B002mwOfk2xAqaYKQ=) has sold m4_t3nrdsoptic x1 at the trader "Ammo_Attachments (Taiki [Ammo & Attachments])" in market zone "Outpost 42" (pos=<7196.500000, 252.990005, 6976.500000>) and got 125.
07:13:55 [Market] Player "WolfMadness" (id=c4HSBe2kjxrPMaliQvxlVkqXx1B002mwOfk2xAqaYKQ=) has send a requested to sell mag_saiga_5rnd x1 at the trader "Ammo_Attachments (Taiki [Ammo & Attachments])" in market zone "Outpost 42" (pos=<7196.500000, 252.990005, 6976.500000>).
07:13:55 [Market] Player "WolfMadness" (id=c4HSBe2kjxrPMaliQvxlVkqXx1B002mwOfk2xAqaYKQ=) has sold mag_saiga_5rnd x1 at the trader "Ammo_Attachments (Taiki [Ammo & Attachments])" in market zone "Outpost 42" (pos=<7196.500000, 252.990005, 6976.500000>) and got 50.
07:13:56 [Market] Player "WolfMadness" (id=c4HSBe2kjxrPMaliQvxlVkqXx1B002mwOfk2xAqaYKQ=) has send a requested to sell mag_saiga_5rnd x1 at the trader "Ammo_Attachments (Taiki [Ammo & Attachments])" in market zone "Outpost 42" (pos=<7196.500000, 252.990005, 6976.500000>).
07:13:56 [Market] Player "WolfMadness" (id=c4HSBe2kjxrPMaliQvxlVkqXx1B002mwOfk2xAqaYKQ=) has sold mag_saiga_5rnd x1 at the trader "Ammo_Attachments (Taiki [Ammo & Attachments])" in market zone "Outpost 42" (pos=<7196.500000, 252.990005, 6976.500000>) and got 38.
07:13:57 [Market] Player "WolfMadness" (id=c4HSBe2kjxrPMaliQvxlVkqXx1B002mwOfk2xAqaYKQ=) has send a requested to sell mag_expansion_vityaz_30rnd x1 at the trader "Ammo_Attachments (Taiki [Ammo & Attachments])" in market zone "Outpost 42" (pos=<7196.500000, 252.990005, 6976.500000>).
07:13:57 [Market] Player "WolfMadness" (id=c4HSBe2kjxrPMaliQvxlVkqXx1B002mwOfk2xAqaYKQ=) has sold mag_expansion_vityaz_30rnd x1 at the trader "Ammo_Attachments (Taiki [Ammo & Attachments])" in market zone "Outpost 42" (pos=<7196.500000, 252.990005, 6976.500000>) and got 125.
07:13:59 [Market] Player "WolfMadness" (id=c4HSBe2kjxrPMaliQvxlVkqXx1B002mwOfk2xAqaYKQ=) has send a requested to sell mag_famas_25rnd x1 at the trader "Ammo_Attachments (Taiki [Ammo & Attachments])" in market zone "Outpost 42" (pos=<7196.500000, 252.990005, 6976.500000>).
07:13:59 [Market] Player "WolfMadness" (id=c4HSBe2kjxrPMaliQvxlVkqXx1B002mwOfk2xAqaYKQ=) has sold mag_famas_25rnd x1 at the trader "Ammo_Attachments (Taiki [Ammo & Attachments])" in market zone "Outpost 42" (pos=<7196.500000, 252.990005, 6976.500000>) and got 110.
07:14:00 [Market] Player "WolfMadness" (id=c4HSBe2kjxrPMaliQvxlVkqXx1B002mwOfk2xAqaYKQ=) has send a requested to sell mag_mp5_15rnd x1 at the trader "Ammo_Attachments (Taiki [Ammo & Attachments])" in market zone "Outpost 42" (pos=<7196.500000, 252.990005, 6976.500000>).
07:14:00 [Market] Player "WolfMadness" (id=c4HSBe2kjxrPMaliQvxlVkqXx1B002mwOfk2xAqaYKQ=) has sold mag_mp5_15rnd x1 at the trader "Ammo_Attachments (Taiki [Ammo & Attachments])" in market zone "Outpost 42" (pos=<7196.500000, 252.990005, 6976.500000>) and got 19.
07:14:01 [Market] Player "WolfMadness" (id=c4HSBe2kjxrPMaliQvxlVkqXx1B002mwOfk2xAqaYKQ=) has send a requested to sell mag_cz550_10rnd x1 at the trader "Ammo_Attachments (Taiki [Ammo & Attachments])" in market zone "Outpost 42" (pos=<7196.500000, 252.990005, 6976.500000>).
07:14:01 [Market] Player "WolfMadness" (id=c4HSBe2kjxrPMaliQvxlVkqXx1B002mwOfk2xAqaYKQ=) has sold mag_cz550_10rnd x1 at the trader "Ammo_Attachments (Taiki [Ammo & Attachments])" in market zone "Outpost 42" (pos=<7196.500000, 252.990005, 6976.500000>) and got 52.
07:14:29 [Market] Player "WolfMadness" (id=c4HSBe2kjxrPMaliQvxlVkqXx1B002mwOfk2xAqaYKQ=) has send a requested to sell ttc_hk416od x1 at the trader "Weapons (Seth [Weapons])" in market zone "Outpost 42" (pos=<7196.500000, 252.990005, 6976.500000>).
07:14:29 [Market] Player "WolfMadness" (id=c4HSBe2kjxrPMaliQvxlVkqXx1B002mwOfk2xAqaYKQ=) has sold ttc_hk416od x1 at the trader "Weapons (Seth [Weapons])" in market zone "Outpost 42" (pos=<7196.500000, 252.990005, 6976.500000>) and got 519.
07:15:35 [Market] Player "WolfMadness" (id=c4HSBe2kjxrPMaliQvxlVkqXx1B002mwOfk2xAqaYKQ=) has send a requested to sell mvs_belt_multicam x1 at the trader "MilitaryGear (Judy [Military Gear])" in market zone "Outpost 42" (pos=<7196.500000, 252.990005, 6976.500000>).
07:15:35 [Market] Player "WolfMadness" (id=c4HSBe2kjxrPMaliQvxlVkqXx1B002mwOfk2xAqaYKQ=) has sold mvs_belt_multicam x1 at the trader "MilitaryGear (Judy [Military Gear])" in market zone "Outpost 42" (pos=<7196.500000, 252.990005, 6976.500000>) and got 250.
07:15:48 [Market] Player "WolfMadness" (id=c4HSBe2kjxrPMaliQvxlVkqXx1B002mwOfk2xAqaYKQ=) has send a requested to sell platecarriervest x1 at the trader "MilitaryGear (Judy [Military Gear])" in market zone "Outpost 42" (pos=<7196.500000, 252.990005, 6976.500000>).
07:15:48 [Market] Player "WolfMadness" (id=c4HSBe2kjxrPMaliQvxlVkqXx1B002mwOfk2xAqaYKQ=) has sold platecarriervest x1 at the trader "MilitaryGear (Judy [Military Gear])" in market zone "Outpost 42" (pos=<7196.500000, 252.990005, 6976.500000>) and got 200.
07:15:55 [Market] Player "WolfMadness" (id=c4HSBe2kjxrPMaliQvxlVkqXx1B002mwOfk2xAqaYKQ=) has send a requested to sell huntingvest x1 at the trader "CivilianGear (Frida [Civilian Gear])" in market zone "Outpost 42" (pos=<7196.500000, 252.990005, 6976.500000>).
07:15:55 [Market] Player "WolfMadness" (id=c4HSBe2kjxrPMaliQvxlVkqXx1B002mwOfk2xAqaYKQ=) has sold huntingvest x1 at the trader "CivilianGear (Frida [Civilian Gear])" in market zone "Outpost 42" (pos=<7196.500000, 252.990005, 6976.500000>) and got 34.
07:16:21 [Market] Player "WolfMadness" (id=c4HSBe2kjxrPMaliQvxlVkqXx1B002mwOfk2xAqaYKQ=) has send a requested to purchase morphine x1 from the trader "Medic (Lewis [Medic])" in market zone "Outpost 42" (pos=<7196.500000, 252.990005, 6976.500000>).
07:16:21 [Market] Player "WolfMadness" (id=c4HSBe2kjxrPMaliQvxlVkqXx1B002mwOfk2xAqaYKQ=) has bought morphine x1 from the trader "Medic (Lewis [Medic])" in market zone "Outpost 42" (pos=<7196.500000, 252.990005, 6976.500000>) for a price of 200.
07:16:22 [Market] Player "WolfMadness" (id=c4HSBe2kjxrPMaliQvxlVkqXx1B002mwOfk2xAqaYKQ=) has send a requested to purchase epinephrine x1 from the trader "Medic (Lewis [Medic])" in market zone "Outpost 42" (pos=<7196.500000, 252.990005, 6976.500000>).
07:16:22 [Market] Player "WolfMadness" (id=c4HSBe2kjxrPMaliQvxlVkqXx1B002mwOfk2xAqaYKQ=) has bought epinephrine x1 from the trader "Medic (Lewis [Medic])" in market zone "Outpost 42" (pos=<7196.500000, 252.990005, 6976.500000>) for a price of 200.
07:16:28 [Market] Player "WolfMadness" (id=c4HSBe2kjxrPMaliQvxlVkqXx1B002mwOfk2xAqaYKQ=) has send a requested to purchase anticheminjector x1 from the trader "Medic (Lewis [Medic])" in market zone "Outpost 42" (pos=<7196.500000, 252.990005, 6976.500000>).
07:16:28 [Market] Player "WolfMadness" (id=c4HSBe2kjxrPMaliQvxlVkqXx1B002mwOfk2xAqaYKQ=) has bought anticheminjector x1 from the trader "Medic (Lewis [Medic])" in market zone "Outpost 42" (pos=<7196.500000, 252.990005, 6976.500000>) for a price of 300.
07:16:31 [Market] Player "WolfMadness" (id=c4HSBe2kjxrPMaliQvxlVkqXx1B002mwOfk2xAqaYKQ=) has send a requested to purchase bandagedressing x1 from the trader "Medic (Lewis [Medic])" in market zone "Outpost 42" (pos=<7196.500000, 252.990005, 6976.500000>).
07:16:31 [Market] Player "WolfMadness" (id=c4HSBe2kjxrPMaliQvxlVkqXx1B002mwOfk2xAqaYKQ=) has bought bandagedressing x1 from the trader "Medic (Lewis [Medic])" in market zone "Outpost 42" (pos=<7196.500000, 252.990005, 6976.500000>) for a price of 50.
07:17:06 [Market] Player "WolfMadness" (id=c4HSBe2kjxrPMaliQvxlVkqXx1B002mwOfk2xAqaYKQ=) has send a requested to sell startkitiv x1 at the trader "Medic (Lewis [Medic])" in market zone "Outpost 42" (pos=<7196.500000, 252.990005, 6976.500000>).
07:17:06 [Market] Player "WolfMadness" (id=c4HSBe2kjxrPMaliQvxlVkqXx1B002mwOfk2xAqaYKQ=) has sold startkitiv x1 at the trader "Medic (Lewis [Medic])" in market zone "Outpost 42" (pos=<7196.500000, 252.990005, 6976.500000>) and got 19.
07:18:17 [Market] Player "WolfMadness" (id=c4HSBe2kjxrPMaliQvxlVkqXx1B002mwOfk2xAqaYKQ=) has send a requested to purchase tacticalbaconcan x1 from the trader "Consumables (Irena [Consumables])" in market zone "Outpost 42" (pos=<7196.500000, 252.990005, 6976.500000>).
07:18:17 [Market] Player "WolfMadness" (id=c4HSBe2kjxrPMaliQvxlVkqXx1B002mwOfk2xAqaYKQ=) has bought tacticalbaconcan x1 from the trader "Consumables (Irena [Consumables])" in market zone "Outpost 42" (pos=<7196.500000, 252.990005, 6976.500000>) for a price of 50.
07:18:18 [Market] Player "WolfMadness" (id=c4HSBe2kjxrPMaliQvxlVkqXx1B002mwOfk2xAqaYKQ=) has send a requested to purchase tacticalbaconcan x1 from the trader "Consumables (Irena [Consumables])" in market zone "Outpost 42" (pos=<7196.500000, 252.990005, 6976.500000>).
07:18:18 [Market] Player "WolfMadness" (id=c4HSBe2kjxrPMaliQvxlVkqXx1B002mwOfk2xAqaYKQ=) has bought tacticalbaconcan x1 from the trader "Consumables (Irena [Consumables])" in market zone "Outpost 42" (pos=<7196.500000, 252.990005, 6976.500000>) for a price of 50.
07:27:26 [Party] Player "WolfMadness" (id=c4HSBe2kjxrPMaliQvxlVkqXx1B002mwOfk2xAqaYKQ=) left the party "Soulless" (id=23 ownerUID=3JRWaVBlu0rexFl5dzKjDY8AHl_--AJHXa-aQMieyik= ownerName=Soullessmonarcs)
07:52:34 [Safezone] Player "WolfMadness" (id=c4HSBe2kjxrPMaliQvxlVkqXx1B002mwOfk2xAqaYKQ= pos=<7223.886230, 255.359253, 7053.642578>) Entered the safezone
07:52:34 [Party] Player "WolfMadness" (id=c4HSBe2kjxrPMaliQvxlVkqXx1B002mwOfk2xAqaYKQ=) joinded the party "Soulless" (id=23 ownerUID=3JRWaVBlu0rexFl5dzKjDY8AHl_--AJHXa-aQMieyik= ownerName=Soullessmonarcs)
07:56:00 [Market] Player "WolfMadness" (id=c4HSBe2kjxrPMaliQvxlVkqXx1B002mwOfk2xAqaYKQ=) has send a requested to sell huntingbag x1 at the trader "CivilianGear (Frida [Civilian Gear])" in market zone "Outpost 42" (pos=<7196.500000, 252.990005, 6976.500000>).
07:56:00 [Market] Player "WolfMadness" (id=c4HSBe2kjxrPMaliQvxlVkqXx1B002mwOfk2xAqaYKQ=) has sold huntingbag x1 at the trader "CivilianGear (Frida [Civilian Gear])" in market zone "Outpost 42" (pos=<7196.500000, 252.990005, 6976.500000>) and got 16.
07:58:38 [Market] Player "WolfMadness" (id=c4HSBe2kjxrPMaliQvxlVkqXx1B002mwOfk2xAqaYKQ=) has send a requested to purchase mag_1911_7rnd x1 from the trader "Ammo_Attachments (Taiki [Ammo & Attachments])" in market zone "Outpost 42" (pos=<7196.500000, 252.990005, 6976.500000>).
07:58:38 [Market] Player "WolfMadness" (id=c4HSBe2kjxrPMaliQvxlVkqXx1B002mwOfk2xAqaYKQ=) has bought mag_1911_7rnd x1 from the trader "Ammo_Attachments (Taiki [Ammo & Attachments])" in market zone "Outpost 42" (pos=<7196.500000, 252.990005, 6976.500000>) for a price of 54.
07:59:15 [Party] Player "WolfMadness" (id=c4HSBe2kjxrPMaliQvxlVkqXx1B002mwOfk2xAqaYKQ=) left the party "Soulless" (id=23 ownerUID=3JRWaVBlu0rexFl5dzKjDY8AHl_--AJHXa-aQMieyik= ownerName=Soullessmonarcs)
