13:01:21 [VehicleCover] Player "Rando" (id=JvvCHnGuyh_nfZYJHhwPEuqC4PLOVPMEAKGSXu_-8kY= pos=<4680.629883, 281.012451, 4703.312988>) uncovered vehicle "OffroadHatchback" (GlobalID=80000000800000008000000080001F0E pos=<4683.077148, 281.053223, 4702.537109>)!
13:01:59 [VehicleCarKey] Player "Rando" (id=JvvCHnGuyh_nfZYJHhwPEuqC4PLOVPMEAKGSXu_-8kY= pos=<4680.629883, 281.012451, 4703.312988>) used the  ExpansionCarKey to lock OffroadHatchback (id=8A380D18D34757723D5E0791B51A6835 pos=<4683.077148, 281.053192, 4702.537109>)
13:03:08 [VehicleDeleted] OffroadHatchback (id=8A380D18D34757723D5E0791B51A6835 pos=<4683.077148, 281.053192, 4702.537109>)
13:12:19 [VehicleCover] Player "Rando" (id=JvvCHnGuyh_nfZYJHhwPEuqC4PLOVPMEAKGSXu_-8kY= pos=<4680.060059, 281.012451, 4703.164063>) uncovered vehicle "OffroadHatchback" (GlobalID=80000000800000008000000080001F0E pos=<4683.077148, 281.053192, 4702.537109>)!
13:12:23 [VehicleCarKey] Player "Rando" (id=JvvCHnGuyh_nfZYJHhwPEuqC4PLOVPMEAKGSXu_-8kY= pos=<4680.854004, 281.012451, 4704.087891>) used the  ExpansionCarKey to unlock OffroadHatchback (id=949DEBA5794FA625D043B5B66C53A5C2 pos=<4683.077148, 281.053192, 4702.537109>)
13:12:28 [VehicleEnter] Player Rando [uid=JvvCHnGuyh_nfZYJHhwPEuqC4PLOVPMEAKGSXu_-8kY=] entered vehicle Ada 4x4 (id=949DEBA5794FA625D043B5B66C53A5C2 pos=<4683.077148, 281.053223, 4702.536621>) as driver
13:12:34 [VehicleLeave] Player Rando [uid=JvvCHnGuyh_nfZYJHhwPEuqC4PLOVPMEAKGSXu_-8kY=] left vehicle Ada 4x4 (id=949DEBA5794FA625D043B5B66C53A5C2 pos=<4683.077148, 281.053223, 4702.537109>)
13:12:49 [VehicleDeleted] OffroadHatchback (id=949DEBA5794FA625D043B5B66C53A5C2 pos=<4683.077148, 281.053223, 4702.537109>)
13:12:49 [VirtualGarage] Player "Rando" (id=JvvCHnGuyh_nfZYJHhwPEuqC4PLOVPMEAKGSXu_-8kY= pos=<4678.666992, 281.101410, 4713.119629>) stored a vehicle "OffroadHatchback" (GlobalID=80000000800000008000000080001F0E pos=<4683.077148, 281.053223, 4702.537109>)
14:18:32 [BaseRaiding] ExpansionSafeMini (<4679.930664, 281.101501, 4707.595215>) Code set by player "Rando" (ID = "JvvCHnGuyh_nfZYJHhwPEuqC4PLOVPMEAKGSXu_-8kY=" at <4678.399902, 281.101410, 4708.308105>) and the code is 2439
14:21:59 [VehicleDeleted] OffroadHatchback (id=A1CC0D24CB40AC6A51AFEC9FABD44BB0 pos=<0.000717, 0.754533, 0.042504>)
14:21:59 [VirtualGarage] Player "Rando" (id=JvvCHnGuyh_nfZYJHhwPEuqC4PLOVPMEAKGSXu_-8kY= pos=<4679.026367, 281.101410, 4712.545410>) retrieved a vehicle "OffroadHatchback" (GlobalID=80000000800000008000000080001F0E pos=<4683.077148, 281.053223, 4702.537109>)
14:23:50 [VehicleDeleted] OffroadHatchback (id=E5D5E5F3E14E259FBF13C2809744B30B pos=<4683.077148, 281.053223, 4702.537109>)
14:28:52 [VehicleCover] Player "Rando" (id=JvvCHnGuyh_nfZYJHhwPEuqC4PLOVPMEAKGSXu_-8kY= pos=<4679.555176, 281.012329, 4703.112305>) uncovered vehicle "OffroadHatchback" (GlobalID=80000000800000008000000080001F0E pos=<4683.077148, 281.053223, 4702.537109>)!
14:29:06 [VehicleEnter] Player Rando [uid=JvvCHnGuyh_nfZYJHhwPEuqC4PLOVPMEAKGSXu_-8kY=] entered vehicle Ada 4x4 (id=0F0A56878D4BEB383C4CD9B447806B5C pos=<4683.077148, 281.053192, 4702.537109>) as driver
14:29:10 [VehicleEngine] Player Rando [uid=JvvCHnGuyh_nfZYJHhwPEuqC4PLOVPMEAKGSXu_-8kY=] started vehicle Ada 4x4 (id=0F0A56878D4BEB383C4CD9B447806B5C pos=<4683.077148, 281.053223, 4702.537109>)
14:31:14 [VehicleLeave] Player Rando [uid=JvvCHnGuyh_nfZYJHhwPEuqC4PLOVPMEAKGSXu_-8kY=] left vehicle Ada 4x4 (id=0F0A56878D4BEB383C4CD9B447806B5C pos=<4280.069336, 329.637177, 5542.712402>)
14:33:15 [VehicleDeleted] OffroadHatchback (id=0F0A56878D4BEB383C4CD9B447806B5C pos=<4280.068848, 329.637207, 5542.712402>)
14:34:17 [VehicleCover] Player "Rando" (id=JvvCHnGuyh_nfZYJHhwPEuqC4PLOVPMEAKGSXu_-8kY= pos=<4282.039063, 329.596344, 5542.009277>) uncovered vehicle "OffroadHatchback" (GlobalID=80000000800000008000000080001F0E pos=<4280.068848, 329.637207, 5542.712402>)!
14:35:48 [VehicleEnter] Player Rando [uid=JvvCHnGuyh_nfZYJHhwPEuqC4PLOVPMEAKGSXu_-8kY=] entered vehicle Ada 4x4 (id=2EC6C450744AD31777BBBF9CFFB3671A pos=<4280.068848, 329.637177, 5542.712402>) as driver
14:35:50 [VehicleEngine] Player Rando [uid=JvvCHnGuyh_nfZYJHhwPEuqC4PLOVPMEAKGSXu_-8kY=] started vehicle Ada 4x4 (id=2EC6C450744AD31777BBBF9CFFB3671A pos=<4280.069336, 329.637177, 5542.712402>)
14:46:19 [Safezone] Player "Rando" (id=JvvCHnGuyh_nfZYJHhwPEuqC4PLOVPMEAKGSXu_-8kY= pos=<7147.353516, 265.192657, 7107.474121>) Entered the safezone
14:46:36 [VehicleLeave] Player Rando [uid=JvvCHnGuyh_nfZYJHhwPEuqC4PLOVPMEAKGSXu_-8kY=] left vehicle Ada 4x4 (id=2EC6C450744AD31777BBBF9CFFB3671A pos=<7136.565918, 266.305115, 7011.750977>)
14:47:23 [VehicleCarKey] Player "Rando" (id=JvvCHnGuyh_nfZYJHhwPEuqC4PLOVPMEAKGSXu_-8kY= pos=<7138.713867, 266.333893, 7012.687012>) used the  ExpansionCarKey to lock OffroadHatchback (id=2EC6C450744AD31777BBBF9CFFB3671A pos=<7136.565918, 266.305023, 7011.750977>)
14:48:15 [Market] Player "Rando" (id=JvvCHnGuyh_nfZYJHhwPEuqC4PLOVPMEAKGSXu_-8kY=) has send a requested to sell expansion_g36 x1 at the trader "Weapons (Seth [Weapons])" in market zone "Outpost 42" (pos=<7196.500000, 252.990005, 6976.500000>).
14:48:15 [Market] Player "Rando" (id=JvvCHnGuyh_nfZYJHhwPEuqC4PLOVPMEAKGSXu_-8kY=) has sold expansion_g36 x1 at the trader "Weapons (Seth [Weapons])" in market zone "Outpost 42" (pos=<7196.500000, 252.990005, 6976.500000>) and got 1500.
14:48:18 [Market] Player "Rando" (id=JvvCHnGuyh_nfZYJHhwPEuqC4PLOVPMEAKGSXu_-8kY=) has send a requested to sell expansion_m14 x1 at the trader "Weapons (Seth [Weapons])" in market zone "Outpost 42" (pos=<7196.500000, 252.990005, 6976.500000>).
14:48:18 [Market] Player "Rando" (id=JvvCHnGuyh_nfZYJHhwPEuqC4PLOVPMEAKGSXu_-8kY=) has sold expansion_m14 x1 at the trader "Weapons (Seth [Weapons])" in market zone "Outpost 42" (pos=<7196.500000, 252.990005, 6976.500000>) and got 1250.
14:48:30 [VehicleDeleted] OffroadHatchback (id=2EC6C450744AD31777BBBF9CFFB3671A pos=<7136.565918, 266.305023, 7011.750977>)
14:49:33 [Market] Player "Rando" (id=JvvCHnGuyh_nfZYJHhwPEuqC4PLOVPMEAKGSXu_-8kY=) has send a requested to sell ttc_bugbuster x1 at the trader "Ammo_Attachments (Taiki [Ammo & Attachments])" in market zone "Outpost 42" (pos=<7196.500000, 252.990005, 6976.500000>).
14:49:33 [Market] Player "Rando" (id=JvvCHnGuyh_nfZYJHhwPEuqC4PLOVPMEAKGSXu_-8kY=) has sold ttc_bugbuster x1 at the trader "Ammo_Attachments (Taiki [Ammo & Attachments])" in market zone "Outpost 42" (pos=<7196.500000, 252.990005, 6976.500000>) and got 2500.
14:49:41 [Market] Player "Rando" (id=JvvCHnGuyh_nfZYJHhwPEuqC4PLOVPMEAKGSXu_-8kY=) has send a requested to sell pso11optic x1 at the trader "Ammo_Attachments (Taiki [Ammo & Attachments])" in market zone "Outpost 42" (pos=<7196.500000, 252.990005, 6976.500000>).
14:49:41 [Market] Player "Rando" (id=JvvCHnGuyh_nfZYJHhwPEuqC4PLOVPMEAKGSXu_-8kY=) has sold pso11optic x1 at the trader "Ammo_Attachments (Taiki [Ammo & Attachments])" in market zone "Outpost 42" (pos=<7196.500000, 252.990005, 6976.500000>) and got 525.
14:49:42 [Market] Player "Rando" (id=JvvCHnGuyh_nfZYJHhwPEuqC4PLOVPMEAKGSXu_-8kY=) has send a requested to sell expansion_pmii25optic x1 at the trader "Ammo_Attachments (Taiki [Ammo & Attachments])" in market zone "Outpost 42" (pos=<7196.500000, 252.990005, 6976.500000>).
14:49:43 [Market] Player "Rando" (id=JvvCHnGuyh_nfZYJHhwPEuqC4PLOVPMEAKGSXu_-8kY=) has sold expansion_pmii25optic x1 at the trader "Ammo_Attachments (Taiki [Ammo & Attachments])" in market zone "Outpost 42" (pos=<7196.500000, 252.990005, 6976.500000>) and got 550.
14:51:30 [Market] Player "Rando" (id=JvvCHnGuyh_nfZYJHhwPEuqC4PLOVPMEAKGSXu_-8kY=) has send a requested to purchase ttc_scarhmag x1 from the trader "Ammo_Attachments (Taiki [Ammo & Attachments])" in market zone "Outpost 42" (pos=<7196.500000, 252.990005, 6976.500000>).
14:51:30 [Market] Player "Rando" (id=JvvCHnGuyh_nfZYJHhwPEuqC4PLOVPMEAKGSXu_-8kY=) has bought ttc_scarhmag x1 from the trader "Ammo_Attachments (Taiki [Ammo & Attachments])" in market zone "Outpost 42" (pos=<7196.500000, 252.990005, 6976.500000>) for a price of 240.
14:52:42 [VehicleCover] Player "Rando" (id=JvvCHnGuyh_nfZYJHhwPEuqC4PLOVPMEAKGSXu_-8kY= pos=<7137.613770, 266.162109, 7010.165039>) uncovered vehicle "OffroadHatchback" (GlobalID=80000000800000008000000080001F0E pos=<7136.565918, 266.305023, 7011.750977>)!
14:52:48 [VehicleCarKey] Player "Rando" (id=JvvCHnGuyh_nfZYJHhwPEuqC4PLOVPMEAKGSXu_-8kY= pos=<7137.258789, 266.342987, 7013.821777>) used the  ExpansionCarKey to unlock OffroadHatchback (id=36B9029B7C4A6447219765BCAE725618 pos=<7136.565918, 266.305084, 7011.751953>)
14:53:10 [VehicleCarKey] Player "Rando" (id=JvvCHnGuyh_nfZYJHhwPEuqC4PLOVPMEAKGSXu_-8kY= pos=<7137.441406, 266.346771, 7014.292969>) used the  ExpansionCarKey to lock OffroadHatchback (id=36B9029B7C4A6447219765BCAE725618 pos=<7136.565918, 266.305084, 7011.751953>)
14:53:12 [VehicleCarKey] Player "Rando" (id=JvvCHnGuyh_nfZYJHhwPEuqC4PLOVPMEAKGSXu_-8kY= pos=<7137.441406, 266.346771, 7014.292969>) used the  ExpansionCarKey to unlock OffroadHatchback (id=36B9029B7C4A6447219765BCAE725618 pos=<7136.565918, 266.305084, 7011.751953>)
14:53:18 [VehicleCarKey] Player "Rando" (id=JvvCHnGuyh_nfZYJHhwPEuqC4PLOVPMEAKGSXu_-8kY= pos=<7137.441406, 266.346771, 7014.292969>) used the  ExpansionCarKey to lock OffroadHatchback (id=36B9029B7C4A6447219765BCAE725618 pos=<7136.565918, 266.305084, 7011.751953>)
14:53:19 [VehicleCarKey] Player "Rando" (id=JvvCHnGuyh_nfZYJHhwPEuqC4PLOVPMEAKGSXu_-8kY= pos=<7137.441406, 266.346771, 7014.292969>) used the  ExpansionCarKey to unlock OffroadHatchback (id=36B9029B7C4A6447219765BCAE725618 pos=<7136.565918, 266.305084, 7011.751953>)
14:53:25 [VehicleCarKey] Player "Rando" (id=JvvCHnGuyh_nfZYJHhwPEuqC4PLOVPMEAKGSXu_-8kY= pos=<7137.441406, 266.346771, 7014.292969>) used the  ExpansionCarKey to lock OffroadHatchback (id=36B9029B7C4A6447219765BCAE725618 pos=<7136.565918, 266.305084, 7011.751953>)
14:54:17 [Market] Player "Rando" (id=JvvCHnGuyh_nfZYJHhwPEuqC4PLOVPMEAKGSXu_-8kY=) has send a requested to purchase ttc_coupled_fal_magazine x1 from the trader "Ammo_Attachments (Taiki [Ammo & Attachments])" in market zone "Outpost 42" (pos=<7196.500000, 252.990005, 6976.500000>).
14:54:17 [Market] Player "Rando" (id=JvvCHnGuyh_nfZYJHhwPEuqC4PLOVPMEAKGSXu_-8kY=) has bought ttc_coupled_fal_magazine x1 from the trader "Ammo_Attachments (Taiki [Ammo & Attachments])" in market zone "Outpost 42" (pos=<7196.500000, 252.990005, 6976.500000>) for a price of 980.
14:54:19 [Market] Player "Rando" (id=JvvCHnGuyh_nfZYJHhwPEuqC4PLOVPMEAKGSXu_-8kY=) has send a requested to purchase ttc_coupled_fal_magazine x1 from the trader "Ammo_Attachments (Taiki [Ammo & Attachments])" in market zone "Outpost 42" (pos=<7196.500000, 252.990005, 6976.500000>).
14:54:19 [Market] Player "Rando" (id=JvvCHnGuyh_nfZYJHhwPEuqC4PLOVPMEAKGSXu_-8kY=) has bought ttc_coupled_fal_magazine x1 from the trader "Ammo_Attachments (Taiki [Ammo & Attachments])" in market zone "Outpost 42" (pos=<7196.500000, 252.990005, 6976.500000>) for a price of 980.
14:54:31 [Market] Player "Rando" (id=JvvCHnGuyh_nfZYJHhwPEuqC4PLOVPMEAKGSXu_-8kY=) has send a requested to purchase ammobox_308win_20rnd x1 from the trader "Ammo_Attachments (Taiki [Ammo & Attachments])" in market zone "Outpost 42" (pos=<7196.500000, 252.990005, 6976.500000>).
14:54:32 [Market] Player "Rando" (id=JvvCHnGuyh_nfZYJHhwPEuqC4PLOVPMEAKGSXu_-8kY=) has bought ammobox_308win_20rnd x1 from the trader "Ammo_Attachments (Taiki [Ammo & Attachments])" in market zone "Outpost 42" (pos=<7196.500000, 252.990005, 6976.500000>) for a price of 32.
14:54:32 [Market] Player "Rando" (id=JvvCHnGuyh_nfZYJHhwPEuqC4PLOVPMEAKGSXu_-8kY=) has send a requested to purchase ammobox_308win_20rnd x1 from the trader "Ammo_Attachments (Taiki [Ammo & Attachments])" in market zone "Outpost 42" (pos=<7196.500000, 252.990005, 6976.500000>).
14:54:32 [Market] Player "Rando" (id=JvvCHnGuyh_nfZYJHhwPEuqC4PLOVPMEAKGSXu_-8kY=) has bought ammobox_308win_20rnd x1 from the trader "Ammo_Attachments (Taiki [Ammo & Attachments])" in market zone "Outpost 42" (pos=<7196.500000, 252.990005, 6976.500000>) for a price of 32.
14:54:33 [Market] Player "Rando" (id=JvvCHnGuyh_nfZYJHhwPEuqC4PLOVPMEAKGSXu_-8kY=) has send a requested to purchase ammobox_308win_20rnd x1 from the trader "Ammo_Attachments (Taiki [Ammo & Attachments])" in market zone "Outpost 42" (pos=<7196.500000, 252.990005, 6976.500000>).
14:54:33 [Market] Player "Rando" (id=JvvCHnGuyh_nfZYJHhwPEuqC4PLOVPMEAKGSXu_-8kY=) has bought ammobox_308win_20rnd x1 from the trader "Ammo_Attachments (Taiki [Ammo & Attachments])" in market zone "Outpost 42" (pos=<7196.500000, 252.990005, 6976.500000>) for a price of 32.
14:54:34 [Market] Player "Rando" (id=JvvCHnGuyh_nfZYJHhwPEuqC4PLOVPMEAKGSXu_-8kY=) has send a requested to purchase ammobox_308win_20rnd x1 from the trader "Ammo_Attachments (Taiki [Ammo & Attachments])" in market zone "Outpost 42" (pos=<7196.500000, 252.990005, 6976.500000>).
14:54:34 [Market] Player "Rando" (id=JvvCHnGuyh_nfZYJHhwPEuqC4PLOVPMEAKGSXu_-8kY=) has bought ammobox_308win_20rnd x1 from the trader "Ammo_Attachments (Taiki [Ammo & Attachments])" in market zone "Outpost 42" (pos=<7196.500000, 252.990005, 6976.500000>) for a price of 32.
14:54:35 [Market] Player "Rando" (id=JvvCHnGuyh_nfZYJHhwPEuqC4PLOVPMEAKGSXu_-8kY=) has send a requested to purchase ammobox_308win_20rnd x1 from the trader "Ammo_Attachments (Taiki [Ammo & Attachments])" in market zone "Outpost 42" (pos=<7196.500000, 252.990005, 6976.500000>).
14:54:35 [Market] Player "Rando" (id=JvvCHnGuyh_nfZYJHhwPEuqC4PLOVPMEAKGSXu_-8kY=) has bought ammobox_308win_20rnd x1 from the trader "Ammo_Attachments (Taiki [Ammo & Attachments])" in market zone "Outpost 42" (pos=<7196.500000, 252.990005, 6976.500000>) for a price of 32.
14:54:36 [Market] Player "Rando" (id=JvvCHnGuyh_nfZYJHhwPEuqC4PLOVPMEAKGSXu_-8kY=) has send a requested to purchase ammobox_308win_20rnd x1 from the trader "Ammo_Attachments (Taiki [Ammo & Attachments])" in market zone "Outpost 42" (pos=<7196.500000, 252.990005, 6976.500000>).
14:54:36 [Market] Player "Rando" (id=JvvCHnGuyh_nfZYJHhwPEuqC4PLOVPMEAKGSXu_-8kY=) has bought ammobox_308win_20rnd x1 from the trader "Ammo_Attachments (Taiki [Ammo & Attachments])" in market zone "Outpost 42" (pos=<7196.500000, 252.990005, 6976.500000>) for a price of 32.
14:54:43 [Market] Player "Rando" (id=JvvCHnGuyh_nfZYJHhwPEuqC4PLOVPMEAKGSXu_-8kY=) has send a requested to purchase ammobox_556x45_20rnd x1 from the trader "Ammo_Attachments (Taiki [Ammo & Attachments])" in market zone "Outpost 42" (pos=<7196.500000, 252.990005, 6976.500000>).
14:54:43 [Market] Player "Rando" (id=JvvCHnGuyh_nfZYJHhwPEuqC4PLOVPMEAKGSXu_-8kY=) has bought ammobox_556x45_20rnd x1 from the trader "Ammo_Attachments (Taiki [Ammo & Attachments])" in market zone "Outpost 42" (pos=<7196.500000, 252.990005, 6976.500000>) for a price of 32.
14:54:43 [Market] Player "Rando" (id=JvvCHnGuyh_nfZYJHhwPEuqC4PLOVPMEAKGSXu_-8kY=) has send a requested to purchase ammobox_556x45_20rnd x1 from the trader "Ammo_Attachments (Taiki [Ammo & Attachments])" in market zone "Outpost 42" (pos=<7196.500000, 252.990005, 6976.500000>).
14:54:43 [Market] Player "Rando" (id=JvvCHnGuyh_nfZYJHhwPEuqC4PLOVPMEAKGSXu_-8kY=) has bought ammobox_556x45_20rnd x1 from the trader "Ammo_Attachments (Taiki [Ammo & Attachments])" in market zone "Outpost 42" (pos=<7196.500000, 252.990005, 6976.500000>) for a price of 32.
14:54:44 [Market] Player "Rando" (id=JvvCHnGuyh_nfZYJHhwPEuqC4PLOVPMEAKGSXu_-8kY=) has send a requested to purchase ammobox_556x45_20rnd x1 from the trader "Ammo_Attachments (Taiki [Ammo & Attachments])" in market zone "Outpost 42" (pos=<7196.500000, 252.990005, 6976.500000>).
14:54:44 [Market] Player "Rando" (id=JvvCHnGuyh_nfZYJHhwPEuqC4PLOVPMEAKGSXu_-8kY=) has bought ammobox_556x45_20rnd x1 from the trader "Ammo_Attachments (Taiki [Ammo & Attachments])" in market zone "Outpost 42" (pos=<7196.500000, 252.990005, 6976.500000>) for a price of 32.
14:54:45 [Market] Player "Rando" (id=JvvCHnGuyh_nfZYJHhwPEuqC4PLOVPMEAKGSXu_-8kY=) has send a requested to purchase ammobox_556x45_20rnd x1 from the trader "Ammo_Attachments (Taiki [Ammo & Attachments])" in market zone "Outpost 42" (pos=<7196.500000, 252.990005, 6976.500000>).
14:54:45 [Market] Player "Rando" (id=JvvCHnGuyh_nfZYJHhwPEuqC4PLOVPMEAKGSXu_-8kY=) has bought ammobox_556x45_20rnd x1 from the trader "Ammo_Attachments (Taiki [Ammo & Attachments])" in market zone "Outpost 42" (pos=<7196.500000, 252.990005, 6976.500000>) for a price of 32.
14:54:45 [Market] Player "Rando" (id=JvvCHnGuyh_nfZYJHhwPEuqC4PLOVPMEAKGSXu_-8kY=) has send a requested to purchase ammobox_556x45_20rnd x1 from the trader "Ammo_Attachments (Taiki [Ammo & Attachments])" in market zone "Outpost 42" (pos=<7196.500000, 252.990005, 6976.500000>).
14:54:46 [Market] Player "Rando" (id=JvvCHnGuyh_nfZYJHhwPEuqC4PLOVPMEAKGSXu_-8kY=) has bought ammobox_556x45_20rnd x1 from the trader "Ammo_Attachments (Taiki [Ammo & Attachments])" in market zone "Outpost 42" (pos=<7196.500000, 252.990005, 6976.500000>) for a price of 32.
14:54:46 [Market] Player "Rando" (id=JvvCHnGuyh_nfZYJHhwPEuqC4PLOVPMEAKGSXu_-8kY=) has send a requested to purchase ammobox_556x45_20rnd x1 from the trader "Ammo_Attachments (Taiki [Ammo & Attachments])" in market zone "Outpost 42" (pos=<7196.500000, 252.990005, 6976.500000>).
14:54:46 [Market] Player "Rando" (id=JvvCHnGuyh_nfZYJHhwPEuqC4PLOVPMEAKGSXu_-8kY=) has bought ammobox_556x45_20rnd x1 from the trader "Ammo_Attachments (Taiki [Ammo & Attachments])" in market zone "Outpost 42" (pos=<7196.500000, 252.990005, 6976.500000>) for a price of 32.
14:54:46 [VehicleDeleted] OffroadHatchback (id=36B9029B7C4A6447219765BCAE725618 pos=<7136.565918, 266.305084, 7011.751953>)
14:55:00 [Market] Player "Rando" (id=JvvCHnGuyh_nfZYJHhwPEuqC4PLOVPMEAKGSXu_-8kY=) has send a requested to purchase gardenlime x1 from the trader "BaseImprovement (Peter [Base Improvement])" in market zone "Outpost 42" (pos=<7196.500000, 252.990005, 6976.500000>).
14:55:00 [Market] Player "Rando" (id=JvvCHnGuyh_nfZYJHhwPEuqC4PLOVPMEAKGSXu_-8kY=) has bought gardenlime x1 from the trader "BaseImprovement (Peter [Base Improvement])" in market zone "Outpost 42" (pos=<7196.500000, 252.990005, 6976.500000>) for a price of 4.
14:55:01 [Market] Player "Rando" (id=JvvCHnGuyh_nfZYJHhwPEuqC4PLOVPMEAKGSXu_-8kY=) has send a requested to purchase gardenlime x1 from the trader "BaseImprovement (Peter [Base Improvement])" in market zone "Outpost 42" (pos=<7196.500000, 252.990005, 6976.500000>).
14:55:01 [Market] Player "Rando" (id=JvvCHnGuyh_nfZYJHhwPEuqC4PLOVPMEAKGSXu_-8kY=) has bought gardenlime x1 from the trader "BaseImprovement (Peter [Base Improvement])" in market zone "Outpost 42" (pos=<7196.500000, 252.990005, 6976.500000>) for a price of 4.
14:55:45 [Market] Player "Rando" (id=JvvCHnGuyh_nfZYJHhwPEuqC4PLOVPMEAKGSXu_-8kY=) has send a requested to purchase ammobox x1 from the trader "BaseImprovement (Peter [Base Improvement])" in market zone "Outpost 42" (pos=<7196.500000, 252.990005, 6976.500000>).
14:55:45 [Market] Player "Rando" (id=JvvCHnGuyh_nfZYJHhwPEuqC4PLOVPMEAKGSXu_-8kY=) has bought ammobox x1 from the trader "BaseImprovement (Peter [Base Improvement])" in market zone "Outpost 42" (pos=<7196.500000, 252.990005, 6976.500000>) for a price of 80.
14:55:47 [Market] Player "Rando" (id=JvvCHnGuyh_nfZYJHhwPEuqC4PLOVPMEAKGSXu_-8kY=) has send a requested to purchase ammobox x1 from the trader "BaseImprovement (Peter [Base Improvement])" in market zone "Outpost 42" (pos=<7196.500000, 252.990005, 6976.500000>).
14:55:47 [Market] Player "Rando" (id=JvvCHnGuyh_nfZYJHhwPEuqC4PLOVPMEAKGSXu_-8kY=) has bought ammobox x1 from the trader "BaseImprovement (Peter [Base Improvement])" in market zone "Outpost 42" (pos=<7196.500000, 252.990005, 6976.500000>) for a price of 80.
14:57:40 [Market] Player "Rando" (id=JvvCHnGuyh_nfZYJHhwPEuqC4PLOVPMEAKGSXu_-8kY=) has send a requested to purchase msp_sololocker_kit x1 from the trader "BaseImprovement (Peter [Base Improvement])" in market zone "Outpost 42" (pos=<7196.500000, 252.990005, 6976.500000>).
14:57:40 [Market] Player "Rando" (id=JvvCHnGuyh_nfZYJHhwPEuqC4PLOVPMEAKGSXu_-8kY=) has bought msp_sololocker_kit x1 from the trader "BaseImprovement (Peter [Base Improvement])" in market zone "Outpost 42" (pos=<7196.500000, 252.990005, 6976.500000>) for a price of 2501.
14:58:59 [VehicleCover] Player "Rando" (id=JvvCHnGuyh_nfZYJHhwPEuqC4PLOVPMEAKGSXu_-8kY= pos=<7136.590820, 266.349274, 7014.604980>) uncovered vehicle "OffroadHatchback" (GlobalID=80000000800000008000000080001F0E pos=<7136.565918, 266.305084, 7011.751953>)!
14:59:04 [VehicleCarKey] Player "Rando" (id=JvvCHnGuyh_nfZYJHhwPEuqC4PLOVPMEAKGSXu_-8kY= pos=<7136.590820, 266.349274, 7014.604980>) used the  ExpansionCarKey to unlock OffroadHatchback (id=C23A8FF9A3490821CFE37DB8380352BB pos=<7136.565918, 266.305176, 7011.752930>)
14:59:39 [VehicleCarKey] Player "Rando" (id=JvvCHnGuyh_nfZYJHhwPEuqC4PLOVPMEAKGSXu_-8kY= pos=<7136.590820, 266.349274, 7014.604980>) used the  ExpansionCarKey to lock OffroadHatchback (id=C23A8FF9A3490821CFE37DB8380352BB pos=<7136.565918, 266.305176, 7011.752930>)
15:00:36 [VehicleDeleted] OffroadHatchback (id=C23A8FF9A3490821CFE37DB8380352BB pos=<7136.565918, 266.305176, 7011.752930>)
15:00:49 [Market] Player "Rando" (id=JvvCHnGuyh_nfZYJHhwPEuqC4PLOVPMEAKGSXu_-8kY=) has send a requested to purchase nailbox x1 from the trader "Tools_Supplies (Kaito [Tools & Supplies])" in market zone "Outpost 42" (pos=<7196.500000, 252.990005, 6976.500000>).
15:00:49 [Market] Player "Rando" (id=JvvCHnGuyh_nfZYJHhwPEuqC4PLOVPMEAKGSXu_-8kY=) has bought nailbox x1 from the trader "Tools_Supplies (Kaito [Tools & Supplies])" in market zone "Outpost 42" (pos=<7196.500000, 252.990005, 6976.500000>) for a price of 500.
15:00:49 [Market] Player "Rando" (id=JvvCHnGuyh_nfZYJHhwPEuqC4PLOVPMEAKGSXu_-8kY=) has send a requested to purchase nailbox x1 from the trader "Tools_Supplies (Kaito [Tools & Supplies])" in market zone "Outpost 42" (pos=<7196.500000, 252.990005, 6976.500000>).
15:00:49 [Market] Player "Rando" (id=JvvCHnGuyh_nfZYJHhwPEuqC4PLOVPMEAKGSXu_-8kY=) has bought nailbox x1 from the trader "Tools_Supplies (Kaito [Tools & Supplies])" in market zone "Outpost 42" (pos=<7196.500000, 252.990005, 6976.500000>) for a price of 500.
15:00:54 [Market] Player "Rando" (id=JvvCHnGuyh_nfZYJHhwPEuqC4PLOVPMEAKGSXu_-8kY=) has send a requested to purchase weaponcleaningkit x1 from the trader "Tools_Supplies (Kaito [Tools & Supplies])" in market zone "Outpost 42" (pos=<7196.500000, 252.990005, 6976.500000>).
15:00:54 [Market] Player "Rando" (id=JvvCHnGuyh_nfZYJHhwPEuqC4PLOVPMEAKGSXu_-8kY=) has bought weaponcleaningkit x1 from the trader "Tools_Supplies (Kaito [Tools & Supplies])" in market zone "Outpost 42" (pos=<7196.500000, 252.990005, 6976.500000>) for a price of 50.
15:00:59 [Market] Player "Rando" (id=JvvCHnGuyh_nfZYJHhwPEuqC4PLOVPMEAKGSXu_-8kY=) has send a requested to purchase sewingkit x1 from the trader "Tools_Supplies (Kaito [Tools & Supplies])" in market zone "Outpost 42" (pos=<7196.500000, 252.990005, 6976.500000>).
15:00:59 [Market] Player "Rando" (id=JvvCHnGuyh_nfZYJHhwPEuqC4PLOVPMEAKGSXu_-8kY=) has bought sewingkit x1 from the trader "Tools_Supplies (Kaito [Tools & Supplies])" in market zone "Outpost 42" (pos=<7196.500000, 252.990005, 6976.500000>) for a price of 50.
15:01:23 [Market] Player "Rando" (id=JvvCHnGuyh_nfZYJHhwPEuqC4PLOVPMEAKGSXu_-8kY=) has send a requested to purchase honey x1 from the trader "Consumables (Irena [Consumables])" in market zone "Outpost 42" (pos=<7196.500000, 252.990005, 6976.500000>).
15:01:23 [Market] Player "Rando" (id=JvvCHnGuyh_nfZYJHhwPEuqC4PLOVPMEAKGSXu_-8kY=) has bought honey x1 from the trader "Consumables (Irena [Consumables])" in market zone "Outpost 42" (pos=<7196.500000, 252.990005, 6976.500000>) for a price of 25.
15:01:24 [Market] Player "Rando" (id=JvvCHnGuyh_nfZYJHhwPEuqC4PLOVPMEAKGSXu_-8kY=) has send a requested to purchase honey x1 from the trader "Consumables (Irena [Consumables])" in market zone "Outpost 42" (pos=<7196.500000, 252.990005, 6976.500000>).
15:01:24 [Market] Player "Rando" (id=JvvCHnGuyh_nfZYJHhwPEuqC4PLOVPMEAKGSXu_-8kY=) has bought honey x1 from the trader "Consumables (Irena [Consumables])" in market zone "Outpost 42" (pos=<7196.500000, 252.990005, 6976.500000>) for a price of 25.
15:01:25 [Market] Player "Rando" (id=JvvCHnGuyh_nfZYJHhwPEuqC4PLOVPMEAKGSXu_-8kY=) has send a requested to purchase honey x1 from the trader "Consumables (Irena [Consumables])" in market zone "Outpost 42" (pos=<7196.500000, 252.990005, 6976.500000>).
15:01:25 [Market] Player "Rando" (id=JvvCHnGuyh_nfZYJHhwPEuqC4PLOVPMEAKGSXu_-8kY=) has bought honey x1 from the trader "Consumables (Irena [Consumables])" in market zone "Outpost 42" (pos=<7196.500000, 252.990005, 6976.500000>) for a price of 25.
15:01:26 [Market] Player "Rando" (id=JvvCHnGuyh_nfZYJHhwPEuqC4PLOVPMEAKGSXu_-8kY=) has send a requested to purchase honey x1 from the trader "Consumables (Irena [Consumables])" in market zone "Outpost 42" (pos=<7196.500000, 252.990005, 6976.500000>).
15:01:26 [Market] Player "Rando" (id=JvvCHnGuyh_nfZYJHhwPEuqC4PLOVPMEAKGSXu_-8kY=) has bought honey x1 from the trader "Consumables (Irena [Consumables])" in market zone "Outpost 42" (pos=<7196.500000, 252.990005, 6976.500000>) for a price of 25.
15:01:28 [Market] Player "Rando" (id=JvvCHnGuyh_nfZYJHhwPEuqC4PLOVPMEAKGSXu_-8kY=) has send a requested to purchase honey x1 from the trader "Consumables (Irena [Consumables])" in market zone "Outpost 42" (pos=<7196.500000, 252.990005, 6976.500000>).
15:01:28 [Market] Player "Rando" (id=JvvCHnGuyh_nfZYJHhwPEuqC4PLOVPMEAKGSXu_-8kY=) has bought honey x1 from the trader "Consumables (Irena [Consumables])" in market zone "Outpost 42" (pos=<7196.500000, 252.990005, 6976.500000>) for a price of 25.
15:03:10 [VehicleCover] Player "Rando" (id=JvvCHnGuyh_nfZYJHhwPEuqC4PLOVPMEAKGSXu_-8kY= pos=<7138.018066, 266.264069, 7011.555176>) uncovered vehicle "OffroadHatchback" (GlobalID=80000000800000008000000080001F0E pos=<7136.565918, 266.305176, 7011.752930>)!
15:03:40 [VehicleCarKey] Player "Rando" (id=JvvCHnGuyh_nfZYJHhwPEuqC4PLOVPMEAKGSXu_-8kY= pos=<7138.018066, 266.264069, 7011.555176>) used the  ExpansionCarKey to unlock OffroadHatchback (id=243E7AF405479A22F15F7CA8CC61105A pos=<7136.565918, 266.305176, 7011.753906>)
15:03:51 [VehicleEnter] Player Rando [uid=JvvCHnGuyh_nfZYJHhwPEuqC4PLOVPMEAKGSXu_-8kY=] entered vehicle Ada 4x4 (id=243E7AF405479A22F15F7CA8CC61105A pos=<7136.302246, 266.309692, 7011.843262>) as driver
15:03:58 [VehicleEngine] Player Rando [uid=JvvCHnGuyh_nfZYJHhwPEuqC4PLOVPMEAKGSXu_-8kY=] started vehicle Ada 4x4 (id=243E7AF405479A22F15F7CA8CC61105A pos=<7136.302246, 266.309692, 7011.843262>)
15:05:22 [Safezone] Player "Rando" (id=JvvCHnGuyh_nfZYJHhwPEuqC4PLOVPMEAKGSXu_-8kY= pos=<6968.360352, 296.198700, 7062.095215>) Left the safezone
15:13:40 [VehicleLeave] Player Rando [uid=JvvCHnGuyh_nfZYJHhwPEuqC4PLOVPMEAKGSXu_-8kY=] left vehicle Ada 4x4 (id=243E7AF405479A22F15F7CA8CC61105A pos=<4279.371094, 329.631683, 5553.120117>)
15:15:59 [VehicleEnter] Player Rando [uid=JvvCHnGuyh_nfZYJHhwPEuqC4PLOVPMEAKGSXu_-8kY=] entered vehicle Ada 4x4 (id=243E7AF405479A22F15F7CA8CC61105A pos=<4279.371094, 329.631683, 5553.120117>) as driver
15:16:09 [VehicleEngine] Player Rando [uid=JvvCHnGuyh_nfZYJHhwPEuqC4PLOVPMEAKGSXu_-8kY=] started vehicle Ada 4x4 (id=243E7AF405479A22F15F7CA8CC61105A pos=<4279.371094, 329.631683, 5553.120117>)
15:16:12 [VehicleEngine] Player Rando [uid=JvvCHnGuyh_nfZYJHhwPEuqC4PLOVPMEAKGSXu_-8kY=] stopped vehicle Ada 4x4 (id=243E7AF405479A22F15F7CA8CC61105A pos=<4279.371094, 329.631653, 5553.120117>)
15:16:15 [VehicleEngine] Player Rando [uid=JvvCHnGuyh_nfZYJHhwPEuqC4PLOVPMEAKGSXu_-8kY=] started vehicle Ada 4x4 (id=243E7AF405479A22F15F7CA8CC61105A pos=<4279.371094, 329.631683, 5553.120117>)
15:17:44 [VehicleLeave] Player Rando [uid=JvvCHnGuyh_nfZYJHhwPEuqC4PLOVPMEAKGSXu_-8kY=] left vehicle Ada 4x4 (id=243E7AF405479A22F15F7CA8CC61105A pos=<4829.727051, 283.522400, 4694.896484>)
15:19:53 [VehicleDeleted] OffroadHatchback (id=243E7AF405479A22F15F7CA8CC61105A pos=<4829.727051, 283.522400, 4694.896484>)
15:22:58 [VehicleCover] Player "Rando" (id=JvvCHnGuyh_nfZYJHhwPEuqC4PLOVPMEAKGSXu_-8kY= pos=<4827.140137, 283.516388, 4695.340820>) uncovered vehicle "OffroadHatchback" (GlobalID=80000000800000008000000080001F0E pos=<4829.727051, 283.522400, 4694.896484>)!
15:24:12 [VehicleEnter] Player Rando [uid=JvvCHnGuyh_nfZYJHhwPEuqC4PLOVPMEAKGSXu_-8kY=] entered vehicle Ada 4x4 (id=BA420C28F5445F6455579F8BD33EED4E pos=<4829.727051, 283.522308, 4694.895020>) as driver
15:24:14 [VehicleEngine] Player Rando [uid=JvvCHnGuyh_nfZYJHhwPEuqC4PLOVPMEAKGSXu_-8kY=] started vehicle Ada 4x4 (id=BA420C28F5445F6455579F8BD33EED4E pos=<4829.727051, 283.522339, 4694.895020>)
15:24:56 [VehicleLeave] Player Rando [uid=JvvCHnGuyh_nfZYJHhwPEuqC4PLOVPMEAKGSXu_-8kY=] left vehicle Ada 4x4 (id=BA420C28F5445F6455579F8BD33EED4E pos=<4673.376465, 281.041595, 4700.287598>)
15:26:36 [VehicleDeleted] OffroadHatchback (id=BA420C28F5445F6455579F8BD33EED4E pos=<4673.376465, 281.041565, 4700.287598>)
15:31:06 [VehicleCover] Player "Rando" (id=JvvCHnGuyh_nfZYJHhwPEuqC4PLOVPMEAKGSXu_-8kY= pos=<4671.581055, 280.937622, 4702.385254>) uncovered vehicle "OffroadHatchback" (GlobalID=80000000800000008000000080001F0E pos=<4673.376465, 281.041565, 4700.287598>)!
15:32:26 [VehicleDeleted] OffroadHatchback (id=D179FDF2D64C2AD05A62A092455554C0 pos=<4673.377930, 281.041229, 4700.286621>)
15:36:32 [VehicleCover] Player "Rando" (id=JvvCHnGuyh_nfZYJHhwPEuqC4PLOVPMEAKGSXu_-8kY= pos=<4671.427734, 280.924408, 4702.526855>) uncovered vehicle "OffroadHatchback" (GlobalID=80000000800000008000000080001F0E pos=<4673.377930, 281.041229, 4700.286621>)!
15:37:49 [VehicleDeleted] OffroadHatchback (id=EA14C307E5478D5C3B446493D60F1C6C pos=<4673.379883, 281.040710, 4700.286133>)
15:46:19 [BaseRaiding] ExpansionSafeMedium (<4676.597168, 281.101501, 4713.937988>) Code set by player "Rando" (ID = "JvvCHnGuyh_nfZYJHhwPEuqC4PLOVPMEAKGSXu_-8kY=" at <4678.364746, 281.101410, 4713.011719>) and the code is 2439
15:46:50 [VehicleCover] Player "Rando" (id=JvvCHnGuyh_nfZYJHhwPEuqC4PLOVPMEAKGSXu_-8kY= pos=<4672.006348, 280.972778, 4702.347656>) uncovered vehicle "OffroadHatchback" (GlobalID=80000000800000008000000080001F0E pos=<4673.379883, 281.040710, 4700.286133>)!
15:46:56 [VehicleEnter] Player Rando [uid=JvvCHnGuyh_nfZYJHhwPEuqC4PLOVPMEAKGSXu_-8kY=] entered vehicle Ada 4x4 (id=57788AC9CB4A799FF3C6A58A4C85F0C7 pos=<4673.381836, 281.039551, 4700.284668>) as driver
15:46:59 [VehicleLeave] Player Rando [uid=JvvCHnGuyh_nfZYJHhwPEuqC4PLOVPMEAKGSXu_-8kY=] left vehicle Ada 4x4 (id=57788AC9CB4A799FF3C6A58A4C85F0C7 pos=<4673.381836, 281.039337, 4700.284180>)
15:47:14 [VehicleDeleted] OffroadHatchback (id=57788AC9CB4A799FF3C6A58A4C85F0C7 pos=<4673.381836, 281.039154, 4700.283691>)
15:47:14 [VirtualGarage] Player "Rando" (id=JvvCHnGuyh_nfZYJHhwPEuqC4PLOVPMEAKGSXu_-8kY= pos=<4679.914063, 281.101410, 4714.012695>) stored a vehicle "OffroadHatchback" (GlobalID=80000000800000008000000080001F0E pos=<4673.381836, 281.039154, 4700.283691>)
