00:02:11 [Party] Player "Mr. Tux" (id=3FCmlLdqs97wNYtgsvMTGavMyuZc44PrYyr2Gfkoti8=) joinded the party "Scarred Reapers" (id=15 ownerUID=3FCmlLdqs97wNYtgsvMTGavMyuZc44PrYyr2Gfkoti8= ownerName=Mr. Tux)
00:15:00 [Safezone] Player "Mr. Tux" (id=3FCmlLdqs97wNYtgsvMTGavMyuZc44PrYyr2Gfkoti8= pos=<7070.389648, 277.728394, 7036.903320>) Entered the safezone
00:16:02 [Market] Player "Mr. Tux" (id=3FCmlLdqs97wNYtgsvMTGavMyuZc44PrYyr2Gfkoti8=) has send a requested to sell ammo_45acp x83 at the trader "Ammo_Attachments (Taiki [Ammo & Attachments])" in market zone "Outpost 42" (pos=<7196.500000, 252.990005, 6976.500000>).
00:16:02 [Market] Player "Mr. Tux" (id=3FCmlLdqs97wNYtgsvMTGavMyuZc44PrYyr2Gfkoti8=) has sold ammo_45acp x83 at the trader "Ammo_Attachments (Taiki [Ammo & Attachments])" in market zone "Outpost 42" (pos=<7196.500000, 252.990005, 6976.500000>) and got 83.
00:16:11 [Market] Player "Mr. Tux" (id=3FCmlLdqs97wNYtgsvMTGavMyuZc44PrYyr2Gfkoti8=) has send a requested to sell ammo_9x39 x1 at the trader "Ammo_Attachments (Taiki [Ammo & Attachments])" in market zone "Outpost 42" (pos=<7196.500000, 252.990005, 6976.500000>).
00:16:11 [Market] Player "Mr. Tux" (id=3FCmlLdqs97wNYtgsvMTGavMyuZc44PrYyr2Gfkoti8=) has sold ammo_9x39 x1 at the trader "Ammo_Attachments (Taiki [Ammo & Attachments])" in market zone "Outpost 42" (pos=<7196.500000, 252.990005, 6976.500000>) and got 1.
00:16:11 [Market] Player "Mr. Tux" (id=3FCmlLdqs97wNYtgsvMTGavMyuZc44PrYyr2Gfkoti8=) has send a requested to sell ammo_9x39 x1 at the trader "Ammo_Attachments (Taiki [Ammo & Attachments])" in market zone "Outpost 42" (pos=<7196.500000, 252.990005, 6976.500000>).
00:16:11 [Market] Player "Mr. Tux" (id=3FCmlLdqs97wNYtgsvMTGavMyuZc44PrYyr2Gfkoti8=) has sold ammo_9x39 x1 at the trader "Ammo_Attachments (Taiki [Ammo & Attachments])" in market zone "Outpost 42" (pos=<7196.500000, 252.990005, 6976.500000>) and got 1.
00:16:12 [Market] Player "Mr. Tux" (id=3FCmlLdqs97wNYtgsvMTGavMyuZc44PrYyr2Gfkoti8=) has send a requested to sell ammo_9x39 x1 at the trader "Ammo_Attachments (Taiki [Ammo & Attachments])" in market zone "Outpost 42" (pos=<7196.500000, 252.990005, 6976.500000>).
00:16:12 [Market] Player "Mr. Tux" (id=3FCmlLdqs97wNYtgsvMTGavMyuZc44PrYyr2Gfkoti8=) has sold ammo_9x39 x1 at the trader "Ammo_Attachments (Taiki [Ammo & Attachments])" in market zone "Outpost 42" (pos=<7196.500000, 252.990005, 6976.500000>) and got 1.
00:16:40 [Market] Player "Mr. Tux" (id=3FCmlLdqs97wNYtgsvMTGavMyuZc44PrYyr2Gfkoti8=) has send a requested to sell m4_t3nrdsoptic x1 at the trader "Ammo_Attachments (Taiki [Ammo & Attachments])" in market zone "Outpost 42" (pos=<7196.500000, 252.990005, 6976.500000>).
00:16:40 [Market] Player "Mr. Tux" (id=3FCmlLdqs97wNYtgsvMTGavMyuZc44PrYyr2Gfkoti8=) has sold m4_t3nrdsoptic x1 at the trader "Ammo_Attachments (Taiki [Ammo & Attachments])" in market zone "Outpost 42" (pos=<7196.500000, 252.990005, 6976.500000>) and got 188.
00:16:47 [Market] Player "Mr. Tux" (id=3FCmlLdqs97wNYtgsvMTGavMyuZc44PrYyr2Gfkoti8=) has send a requested to sell universallight x1 at the trader "Ammo_Attachments (Taiki [Ammo & Attachments])" in market zone "Outpost 42" (pos=<7196.500000, 252.990005, 6976.500000>).
00:16:47 [Market] Player "Mr. Tux" (id=3FCmlLdqs97wNYtgsvMTGavMyuZc44PrYyr2Gfkoti8=) has sold universallight x1 at the trader "Ammo_Attachments (Taiki [Ammo & Attachments])" in market zone "Outpost 42" (pos=<7196.500000, 252.990005, 6976.500000>) and got 15.
00:17:13 [Market] Player "Mr. Tux" (id=3FCmlLdqs97wNYtgsvMTGavMyuZc44PrYyr2Gfkoti8=) has send a requested to sell ttc_xm2010 x1 at the trader "Weapons (Seth [Weapons])" in market zone "Outpost 42" (pos=<7196.500000, 252.990005, 6976.500000>).
00:17:14 [Market] Player "Mr. Tux" (id=3FCmlLdqs97wNYtgsvMTGavMyuZc44PrYyr2Gfkoti8=) has sold ttc_xm2010 x1 at the trader "Weapons (Seth [Weapons])" in market zone "Outpost 42" (pos=<7196.500000, 252.990005, 6976.500000>) and got 1500.
00:17:20 [Market] Player "Mr. Tux" (id=3FCmlLdqs97wNYtgsvMTGavMyuZc44PrYyr2Gfkoti8=) has send a requested to sell ttcsr25_desert x1 at the trader "Weapons (Seth [Weapons])" in market zone "Outpost 42" (pos=<7196.500000, 252.990005, 6976.500000>).
00:17:20 [Market] Player "Mr. Tux" (id=3FCmlLdqs97wNYtgsvMTGavMyuZc44PrYyr2Gfkoti8=) has sold ttcsr25_desert x1 at the trader "Weapons (Seth [Weapons])" in market zone "Outpost 42" (pos=<7196.500000, 252.990005, 6976.500000>) and got 3825.
00:18:28 [Market] Player "Mr. Tux" (id=3FCmlLdqs97wNYtgsvMTGavMyuZc44PrYyr2Gfkoti8=) has send a requested to sell expansion_vityazsn x1 at the trader "Weapons (Seth [Weapons])" in market zone "Outpost 42" (pos=<7196.500000, 252.990005, 6976.500000>).
00:18:28 [Market] Player "Mr. Tux" (id=3FCmlLdqs97wNYtgsvMTGavMyuZc44PrYyr2Gfkoti8=) has sold expansion_vityazsn x1 at the trader "Weapons (Seth [Weapons])" in market zone "Outpost 42" (pos=<7196.500000, 252.990005, 6976.500000>) and got 731.
00:18:43 [Market] Player "Mr. Tux" (id=3FCmlLdqs97wNYtgsvMTGavMyuZc44PrYyr2Gfkoti8=) has send a requested to sell acogoptic x1 at the trader "Ammo_Attachments (Taiki [Ammo & Attachments])" in market zone "Outpost 42" (pos=<7196.500000, 252.990005, 6976.500000>).
00:18:43 [Market] Player "Mr. Tux" (id=3FCmlLdqs97wNYtgsvMTGavMyuZc44PrYyr2Gfkoti8=) has sold acogoptic x1 at the trader "Ammo_Attachments (Taiki [Ammo & Attachments])" in market zone "Outpost 42" (pos=<7196.500000, 252.990005, 6976.500000>) and got 75.
00:18:45 [Market] Player "Mr. Tux" (id=3FCmlLdqs97wNYtgsvMTGavMyuZc44PrYyr2Gfkoti8=) has send a requested to sell huntingoptic x1 at the trader "Ammo_Attachments (Taiki [Ammo & Attachments])" in market zone "Outpost 42" (pos=<7196.500000, 252.990005, 6976.500000>).
00:18:45 [Market] Player "Mr. Tux" (id=3FCmlLdqs97wNYtgsvMTGavMyuZc44PrYyr2Gfkoti8=) has sold huntingoptic x1 at the trader "Ammo_Attachments (Taiki [Ammo & Attachments])" in market zone "Outpost 42" (pos=<7196.500000, 252.990005, 6976.500000>) and got 500.
00:19:33 [Market] Player "Mr. Tux" (id=3FCmlLdqs97wNYtgsvMTGavMyuZc44PrYyr2Gfkoti8=) has send a requested to purchase expansionexps3holooptic x1 from the trader "Ammo_Attachments (Taiki [Ammo & Attachments])" in market zone "Outpost 42" (pos=<7196.500000, 252.990005, 6976.500000>).
00:19:34 [Market] Player "Mr. Tux" (id=3FCmlLdqs97wNYtgsvMTGavMyuZc44PrYyr2Gfkoti8=) has bought expansionexps3holooptic x1 from the trader "Ammo_Attachments (Taiki [Ammo & Attachments])" in market zone "Outpost 42" (pos=<7196.500000, 252.990005, 6976.500000>) for a price of 250.
00:20:46 [Market] Player "Mr. Tux" (id=3FCmlLdqs97wNYtgsvMTGavMyuZc44PrYyr2Gfkoti8=) has send a requested to sell cowpelt x1 at the trader "Hunting_Fishing (Boris [Hunting Trader])" in market zone "Outpost 42" (pos=<7196.500000, 252.990005, 6976.500000>).
00:20:47 [Market] Player "Mr. Tux" (id=3FCmlLdqs97wNYtgsvMTGavMyuZc44PrYyr2Gfkoti8=) has sold cowpelt x1 at the trader "Hunting_Fishing (Boris [Hunting Trader])" in market zone "Outpost 42" (pos=<7196.500000, 252.990005, 6976.500000>) and got 1000.
00:20:47 [Market] Player "Mr. Tux" (id=3FCmlLdqs97wNYtgsvMTGavMyuZc44PrYyr2Gfkoti8=) has send a requested to sell cowpelt x1 at the trader "Hunting_Fishing (Boris [Hunting Trader])" in market zone "Outpost 42" (pos=<7196.500000, 252.990005, 6976.500000>).
00:20:47 [Market] Player "Mr. Tux" (id=3FCmlLdqs97wNYtgsvMTGavMyuZc44PrYyr2Gfkoti8=) has sold cowpelt x1 at the trader "Hunting_Fishing (Boris [Hunting Trader])" in market zone "Outpost 42" (pos=<7196.500000, 252.990005, 6976.500000>) and got 1000.
00:29:59 [Market] Player "Mr. Tux" (id=3FCmlLdqs97wNYtgsvMTGavMyuZc44PrYyr2Gfkoti8=) has send a requested to sell mag_ak74_30rnd x1 at the trader "Ammo_Attachments (Taiki [Ammo & Attachments])" in market zone "Outpost 42" (pos=<7196.500000, 252.990005, 6976.500000>).
00:29:59 [Market] Player "Mr. Tux" (id=3FCmlLdqs97wNYtgsvMTGavMyuZc44PrYyr2Gfkoti8=) has sold mag_ak74_30rnd x1 at the trader "Ammo_Attachments (Taiki [Ammo & Attachments])" in market zone "Outpost 42" (pos=<7196.500000, 252.990005, 6976.500000>) and got 28.
00:29:59 [Market] Player "Mr. Tux" (id=3FCmlLdqs97wNYtgsvMTGavMyuZc44PrYyr2Gfkoti8=) has send a requested to sell mag_ak74_30rnd x1 at the trader "Ammo_Attachments (Taiki [Ammo & Attachments])" in market zone "Outpost 42" (pos=<7196.500000, 252.990005, 6976.500000>).
00:30:00 [Market] Player "Mr. Tux" (id=3FCmlLdqs97wNYtgsvMTGavMyuZc44PrYyr2Gfkoti8=) has sold mag_ak74_30rnd x1 at the trader "Ammo_Attachments (Taiki [Ammo & Attachments])" in market zone "Outpost 42" (pos=<7196.500000, 252.990005, 6976.500000>) and got 82.
00:30:01 [Market] Player "Mr. Tux" (id=3FCmlLdqs97wNYtgsvMTGavMyuZc44PrYyr2Gfkoti8=) has send a requested to sell mag_ak74_30rnd x1 at the trader "Ammo_Attachments (Taiki [Ammo & Attachments])" in market zone "Outpost 42" (pos=<7196.500000, 252.990005, 6976.500000>).
00:30:01 [Market] Player "Mr. Tux" (id=3FCmlLdqs97wNYtgsvMTGavMyuZc44PrYyr2Gfkoti8=) has sold mag_ak74_30rnd x1 at the trader "Ammo_Attachments (Taiki [Ammo & Attachments])" in market zone "Outpost 42" (pos=<7196.500000, 252.990005, 6976.500000>) and got 28.
00:32:51 [Market] Player "Mr. Tux" (id=3FCmlLdqs97wNYtgsvMTGavMyuZc44PrYyr2Gfkoti8=) has send a requested to sell gp5gasmask x1 at the trader "MilitaryGear (Judy [Military Gear])" in market zone "Outpost 42" (pos=<7196.500000, 252.990005, 6976.500000>).
00:32:52 [Market] Player "Mr. Tux" (id=3FCmlLdqs97wNYtgsvMTGavMyuZc44PrYyr2Gfkoti8=) has sold gp5gasmask x1 at the trader "MilitaryGear (Judy [Military Gear])" in market zone "Outpost 42" (pos=<7196.500000, 252.990005, 6976.500000>) and got 250.
00:33:11 [Market] Player "Mr. Tux" (id=3FCmlLdqs97wNYtgsvMTGavMyuZc44PrYyr2Gfkoti8=) has send a requested to sell painkillertablets x1 at the trader "Medic (Lewis [Medic])" in market zone "Outpost 42" (pos=<7196.500000, 252.990005, 6976.500000>).
00:33:11 [Market] Player "Mr. Tux" (id=3FCmlLdqs97wNYtgsvMTGavMyuZc44PrYyr2Gfkoti8=) has sold painkillertablets x1 at the trader "Medic (Lewis [Medic])" in market zone "Outpost 42" (pos=<7196.500000, 252.990005, 6976.500000>) and got 5.
00:33:19 [Market] Player "Mr. Tux" (id=3FCmlLdqs97wNYtgsvMTGavMyuZc44PrYyr2Gfkoti8=) has send a requested to sell thermometer x1 at the trader "Medic (Lewis [Medic])" in market zone "Outpost 42" (pos=<7196.500000, 252.990005, 6976.500000>).
00:33:19 [Market] Player "Mr. Tux" (id=3FCmlLdqs97wNYtgsvMTGavMyuZc44PrYyr2Gfkoti8=) has sold thermometer x1 at the trader "Medic (Lewis [Medic])" in market zone "Outpost 42" (pos=<7196.500000, 252.990005, 6976.500000>) and got 12.
00:33:53 [Market] Player "Mr. Tux" (id=3FCmlLdqs97wNYtgsvMTGavMyuZc44PrYyr2Gfkoti8=) has send a requested to sell mvs_rucksack_multicam x1 at the trader "MilitaryGear (Judy [Military Gear])" in market zone "Outpost 42" (pos=<7196.500000, 252.990005, 6976.500000>).
00:33:53 [Market] Player "Mr. Tux" (id=3FCmlLdqs97wNYtgsvMTGavMyuZc44PrYyr2Gfkoti8=) has sold mvs_rucksack_multicam x1 at the trader "MilitaryGear (Judy [Military Gear])" in market zone "Outpost 42" (pos=<7196.500000, 252.990005, 6976.500000>) and got 4000.
00:34:47 [Market] Player "Mr. Tux" (id=3FCmlLdqs97wNYtgsvMTGavMyuZc44PrYyr2Gfkoti8=) has send a requested to sell bandagedressing x1 at the trader "Medic (Lewis [Medic])" in market zone "Outpost 42" (pos=<7196.500000, 252.990005, 6976.500000>).
00:34:47 [Market] Player "Mr. Tux" (id=3FCmlLdqs97wNYtgsvMTGavMyuZc44PrYyr2Gfkoti8=) has sold bandagedressing x1 at the trader "Medic (Lewis [Medic])" in market zone "Outpost 42" (pos=<7196.500000, 252.990005, 6976.500000>) and got 19.
00:35:20 [Market] Player "Mr. Tux" (id=3FCmlLdqs97wNYtgsvMTGavMyuZc44PrYyr2Gfkoti8=) has send a requested to sell bandagedressing x1 at the trader "Medic (Lewis [Medic])" in market zone "Outpost 42" (pos=<7196.500000, 252.990005, 6976.500000>).
00:35:20 [Market] Player "Mr. Tux" (id=3FCmlLdqs97wNYtgsvMTGavMyuZc44PrYyr2Gfkoti8=) has sold bandagedressing x1 at the trader "Medic (Lewis [Medic])" in market zone "Outpost 42" (pos=<7196.500000, 252.990005, 6976.500000>) and got 12.
00:38:00 [Market] Player "Mr. Tux" (id=3FCmlLdqs97wNYtgsvMTGavMyuZc44PrYyr2Gfkoti8=) has send a requested to purchase battery9v x1 from the trader "Tools_Supplies (Kaito [Tools & Supplies])" in market zone "Outpost 42" (pos=<7196.500000, 252.990005, 6976.500000>).
00:38:00 [Market] Player "Mr. Tux" (id=3FCmlLdqs97wNYtgsvMTGavMyuZc44PrYyr2Gfkoti8=) has bought battery9v x1 from the trader "Tools_Supplies (Kaito [Tools & Supplies])" in market zone "Outpost 42" (pos=<7196.500000, 252.990005, 6976.500000>) for a price of 50.
00:38:31 [Market] Player "Mr. Tux" (id=3FCmlLdqs97wNYtgsvMTGavMyuZc44PrYyr2Gfkoti8=) has send a requested to purchase weaponcleaningkit x1 from the trader "Tools_Supplies (Kaito [Tools & Supplies])" in market zone "Outpost 42" (pos=<7196.500000, 252.990005, 6976.500000>).
00:38:31 [Market] Player "Mr. Tux" (id=3FCmlLdqs97wNYtgsvMTGavMyuZc44PrYyr2Gfkoti8=) has bought weaponcleaningkit x1 from the trader "Tools_Supplies (Kaito [Tools & Supplies])" in market zone "Outpost 42" (pos=<7196.500000, 252.990005, 6976.500000>) for a price of 50.
00:41:59 [Market] Player "Mr. Tux" (id=3FCmlLdqs97wNYtgsvMTGavMyuZc44PrYyr2Gfkoti8=) has send a requested to purchase battery9v x1 from the trader "Tools_Supplies (Kaito [Tools & Supplies])" in market zone "Outpost 42" (pos=<7196.500000, 252.990005, 6976.500000>).
00:41:59 [Market] Player "Mr. Tux" (id=3FCmlLdqs97wNYtgsvMTGavMyuZc44PrYyr2Gfkoti8=) has bought battery9v x1 from the trader "Tools_Supplies (Kaito [Tools & Supplies])" in market zone "Outpost 42" (pos=<7196.500000, 252.990005, 6976.500000>) for a price of 50.
00:42:08 [Market] Player "Mr. Tux" (id=3FCmlLdqs97wNYtgsvMTGavMyuZc44PrYyr2Gfkoti8=) has send a requested to purchase sewingkit x1 from the trader "Tools_Supplies (Kaito [Tools & Supplies])" in market zone "Outpost 42" (pos=<7196.500000, 252.990005, 6976.500000>).
00:42:08 [Market] Player "Mr. Tux" (id=3FCmlLdqs97wNYtgsvMTGavMyuZc44PrYyr2Gfkoti8=) has bought sewingkit x1 from the trader "Tools_Supplies (Kaito [Tools & Supplies])" in market zone "Outpost 42" (pos=<7196.500000, 252.990005, 6976.500000>) for a price of 50.
00:44:35 [Market] Player "Mr. Tux" (id=3FCmlLdqs97wNYtgsvMTGavMyuZc44PrYyr2Gfkoti8=) has send a requested to sell aviatorglasses x1 at the trader "CivilianGear (Frida [Civilian Gear])" in market zone "Outpost 42" (pos=<7196.500000, 252.990005, 6976.500000>).
00:44:35 [Market] Player "Mr. Tux" (id=3FCmlLdqs97wNYtgsvMTGavMyuZc44PrYyr2Gfkoti8=) has sold aviatorglasses x1 at the trader "CivilianGear (Frida [Civilian Gear])" in market zone "Outpost 42" (pos=<7196.500000, 252.990005, 6976.500000>) and got 10.
00:44:37 [Market] Player "Mr. Tux" (id=3FCmlLdqs97wNYtgsvMTGavMyuZc44PrYyr2Gfkoti8=) has send a requested to purchase aviatorglasses x1 from the trader "CivilianGear (Frida [Civilian Gear])" in market zone "Outpost 42" (pos=<7196.500000, 252.990005, 6976.500000>).
00:44:37 [Market] Player "Mr. Tux" (id=3FCmlLdqs97wNYtgsvMTGavMyuZc44PrYyr2Gfkoti8=) has bought aviatorglasses x1 from the trader "CivilianGear (Frida [Civilian Gear])" in market zone "Outpost 42" (pos=<7196.500000, 252.990005, 6976.500000>) for a price of 40.
00:45:13 [Market] Player "Mr. Tux" (id=3FCmlLdqs97wNYtgsvMTGavMyuZc44PrYyr2Gfkoti8=) has send a requested to sell mvs_helmet_01_black x1 at the trader "MilitaryGear (Judy [Military Gear])" in market zone "Outpost 42" (pos=<7196.500000, 252.990005, 6976.500000>).
00:45:14 [Market] Player "Mr. Tux" (id=3FCmlLdqs97wNYtgsvMTGavMyuZc44PrYyr2Gfkoti8=) has sold mvs_helmet_01_black x1 at the trader "MilitaryGear (Judy [Military Gear])" in market zone "Outpost 42" (pos=<7196.500000, 252.990005, 6976.500000>) and got 156.
00:46:47 [Market] Player "Mr. Tux" (id=3FCmlLdqs97wNYtgsvMTGavMyuZc44PrYyr2Gfkoti8=) has send a requested to purchase flatcap_black x1 from the trader "CivilianGear (Frida [Civilian Gear])" in market zone "Outpost 42" (pos=<7196.500000, 252.990005, 6976.500000>).
00:46:47 [Market] Player "Mr. Tux" (id=3FCmlLdqs97wNYtgsvMTGavMyuZc44PrYyr2Gfkoti8=) has bought flatcap_black x1 from the trader "CivilianGear (Frida [Civilian Gear])" in market zone "Outpost 42" (pos=<7196.500000, 252.990005, 6976.500000>) for a price of 32.
00:48:00 [Market] Player "Mr. Tux" (id=3FCmlLdqs97wNYtgsvMTGavMyuZc44PrYyr2Gfkoti8=) has send a requested to purchase nailbox x1 from the trader "Tools_Supplies (Kaito [Tools & Supplies])" in market zone "Outpost 42" (pos=<7196.500000, 252.990005, 6976.500000>).
00:48:00 [Market] Player "Mr. Tux" (id=3FCmlLdqs97wNYtgsvMTGavMyuZc44PrYyr2Gfkoti8=) has bought nailbox x1 from the trader "Tools_Supplies (Kaito [Tools & Supplies])" in market zone "Outpost 42" (pos=<7196.500000, 252.990005, 6976.500000>) for a price of 500.
00:48:01 [Market] Player "Mr. Tux" (id=3FCmlLdqs97wNYtgsvMTGavMyuZc44PrYyr2Gfkoti8=) has send a requested to purchase nailbox x1 from the trader "Tools_Supplies (Kaito [Tools & Supplies])" in market zone "Outpost 42" (pos=<7196.500000, 252.990005, 6976.500000>).
00:48:01 [Market] Player "Mr. Tux" (id=3FCmlLdqs97wNYtgsvMTGavMyuZc44PrYyr2Gfkoti8=) has bought nailbox x1 from the trader "Tools_Supplies (Kaito [Tools & Supplies])" in market zone "Outpost 42" (pos=<7196.500000, 252.990005, 6976.500000>) for a price of 500.
00:48:01 [Market] Player "Mr. Tux" (id=3FCmlLdqs97wNYtgsvMTGavMyuZc44PrYyr2Gfkoti8=) has send a requested to purchase nailbox x1 from the trader "Tools_Supplies (Kaito [Tools & Supplies])" in market zone "Outpost 42" (pos=<7196.500000, 252.990005, 6976.500000>).
00:48:01 [Market] Player "Mr. Tux" (id=3FCmlLdqs97wNYtgsvMTGavMyuZc44PrYyr2Gfkoti8=) has bought nailbox x1 from the trader "Tools_Supplies (Kaito [Tools & Supplies])" in market zone "Outpost 42" (pos=<7196.500000, 252.990005, 6976.500000>) for a price of 500.
00:48:06 [Market] Player "Mr. Tux" (id=3FCmlLdqs97wNYtgsvMTGavMyuZc44PrYyr2Gfkoti8=) has send a requested to purchase woodaxe x1 from the trader "Tools_Supplies (Kaito [Tools & Supplies])" in market zone "Outpost 42" (pos=<7196.500000, 252.990005, 6976.500000>).
00:48:07 [Market] Player "Mr. Tux" (id=3FCmlLdqs97wNYtgsvMTGavMyuZc44PrYyr2Gfkoti8=) has bought woodaxe x1 from the trader "Tools_Supplies (Kaito [Tools & Supplies])" in market zone "Outpost 42" (pos=<7196.500000, 252.990005, 6976.500000>) for a price of 1000.
00:48:11 [Market] Player "Mr. Tux" (id=3FCmlLdqs97wNYtgsvMTGavMyuZc44PrYyr2Gfkoti8=) has send a requested to purchase hacksaw x1 from the trader "Tools_Supplies (Kaito [Tools & Supplies])" in market zone "Outpost 42" (pos=<7196.500000, 252.990005, 6976.500000>).
00:48:11 [Market] Player "Mr. Tux" (id=3FCmlLdqs97wNYtgsvMTGavMyuZc44PrYyr2Gfkoti8=) has bought hacksaw x1 from the trader "Tools_Supplies (Kaito [Tools & Supplies])" in market zone "Outpost 42" (pos=<7196.500000, 252.990005, 6976.500000>) for a price of 500.
00:49:31 [Market] Player "Mr. Tux" (id=3FCmlLdqs97wNYtgsvMTGavMyuZc44PrYyr2Gfkoti8=) has send a requested to sell cowsteakmeat x1 at the trader "Hunting_Fishing (Boris [Hunting Trader])" in market zone "Outpost 42" (pos=<7196.500000, 252.990005, 6976.500000>).
00:49:31 [Market] Player "Mr. Tux" (id=3FCmlLdqs97wNYtgsvMTGavMyuZc44PrYyr2Gfkoti8=) has sold cowsteakmeat x1 at the trader "Hunting_Fishing (Boris [Hunting Trader])" in market zone "Outpost 42" (pos=<7196.500000, 252.990005, 6976.500000>) and got 6.
00:49:31 [Market] Player "Mr. Tux" (id=3FCmlLdqs97wNYtgsvMTGavMyuZc44PrYyr2Gfkoti8=) has send a requested to sell cowsteakmeat x1 at the trader "Hunting_Fishing (Boris [Hunting Trader])" in market zone "Outpost 42" (pos=<7196.500000, 252.990005, 6976.500000>).
00:49:31 [Market] Player "Mr. Tux" (id=3FCmlLdqs97wNYtgsvMTGavMyuZc44PrYyr2Gfkoti8=) has sold cowsteakmeat x1 at the trader "Hunting_Fishing (Boris [Hunting Trader])" in market zone "Outpost 42" (pos=<7196.500000, 252.990005, 6976.500000>) and got 7.
00:49:32 [Market] Player "Mr. Tux" (id=3FCmlLdqs97wNYtgsvMTGavMyuZc44PrYyr2Gfkoti8=) has send a requested to sell cowsteakmeat x1 at the trader "Hunting_Fishing (Boris [Hunting Trader])" in market zone "Outpost 42" (pos=<7196.500000, 252.990005, 6976.500000>).
00:49:32 [Market] Player "Mr. Tux" (id=3FCmlLdqs97wNYtgsvMTGavMyuZc44PrYyr2Gfkoti8=) has sold cowsteakmeat x1 at the trader "Hunting_Fishing (Boris [Hunting Trader])" in market zone "Outpost 42" (pos=<7196.500000, 252.990005, 6976.500000>) and got 6.
00:50:07 [Market] Player "Mr. Tux" (id=3FCmlLdqs97wNYtgsvMTGavMyuZc44PrYyr2Gfkoti8=) has send a requested to purchase nailbox x1 from the trader "Tools_Supplies (Kaito [Tools & Supplies])" in market zone "Outpost 42" (pos=<7196.500000, 252.990005, 6976.500000>).
00:50:07 [Market] Player "Mr. Tux" (id=3FCmlLdqs97wNYtgsvMTGavMyuZc44PrYyr2Gfkoti8=) has bought nailbox x1 from the trader "Tools_Supplies (Kaito [Tools & Supplies])" in market zone "Outpost 42" (pos=<7196.500000, 252.990005, 6976.500000>) for a price of 500.
00:50:08 [Market] Player "Mr. Tux" (id=3FCmlLdqs97wNYtgsvMTGavMyuZc44PrYyr2Gfkoti8=) has send a requested to purchase nailbox x1 from the trader "Tools_Supplies (Kaito [Tools & Supplies])" in market zone "Outpost 42" (pos=<7196.500000, 252.990005, 6976.500000>).
00:50:08 [Market] Player "Mr. Tux" (id=3FCmlLdqs97wNYtgsvMTGavMyuZc44PrYyr2Gfkoti8=) has bought nailbox x1 from the trader "Tools_Supplies (Kaito [Tools & Supplies])" in market zone "Outpost 42" (pos=<7196.500000, 252.990005, 6976.500000>) for a price of 500.
00:52:05 [Safezone] Player "Mr. Tux" (id=3FCmlLdqs97wNYtgsvMTGavMyuZc44PrYyr2Gfkoti8= pos=<7288.936523, 272.585510, 7143.147949>) Left the safezone
02:13:09 [Safezone] Player "Mr. Tux" (id=3FCmlLdqs97wNYtgsvMTGavMyuZc44PrYyr2Gfkoti8= pos=<7245.740234, 262.738068, 7107.400879>) Entered the safezone
02:14:25 [Market] Player "Mr. Tux" (id=3FCmlLdqs97wNYtgsvMTGavMyuZc44PrYyr2Gfkoti8=) has send a requested to purchase hammer x2 from the trader "Tools_Supplies (Kaito [Tools & Supplies])" in market zone "Outpost 42" (pos=<7196.500000, 252.990005, 6976.500000>).
02:14:25 [Market] Player "Mr. Tux" (id=3FCmlLdqs97wNYtgsvMTGavMyuZc44PrYyr2Gfkoti8=) has bought hammer x2 from the trader "Tools_Supplies (Kaito [Tools & Supplies])" in market zone "Outpost 42" (pos=<7196.500000, 252.990005, 6976.500000>) for a price of 800.
02:14:31 [Market] Player "Mr. Tux" (id=3FCmlLdqs97wNYtgsvMTGavMyuZc44PrYyr2Gfkoti8=) has send a requested to purchase hacksaw x2 from the trader "Tools_Supplies (Kaito [Tools & Supplies])" in market zone "Outpost 42" (pos=<7196.500000, 252.990005, 6976.500000>).
02:14:31 [Market] Player "Mr. Tux" (id=3FCmlLdqs97wNYtgsvMTGavMyuZc44PrYyr2Gfkoti8=) has bought hacksaw x2 from the trader "Tools_Supplies (Kaito [Tools & Supplies])" in market zone "Outpost 42" (pos=<7196.500000, 252.990005, 6976.500000>) for a price of 1000.
02:16:28 [Market] Player "Mr. Tux" (id=3FCmlLdqs97wNYtgsvMTGavMyuZc44PrYyr2Gfkoti8=) has send a requested to sell cowsteakmeat x11 at the trader "Hunting_Fishing (Boris [Hunting Trader])" in market zone "Outpost 42" (pos=<7196.500000, 252.990005, 6976.500000>).
02:16:28 [Market] Player "Mr. Tux" (id=3FCmlLdqs97wNYtgsvMTGavMyuZc44PrYyr2Gfkoti8=) has sold cowsteakmeat x11 at the trader "Hunting_Fishing (Boris [Hunting Trader])" in market zone "Outpost 42" (pos=<7196.500000, 252.990005, 6976.500000>) and got 124.
02:18:07 [Market] Player "Mr. Tux" (id=3FCmlLdqs97wNYtgsvMTGavMyuZc44PrYyr2Gfkoti8=) has send a requested to purchase offroadhatchback x1 from the trader "GroundVehicles_Parts (Francis [Ground Vehicles & Parts])" in market zone "Outpost 42" (pos=<7196.500000, 252.990005, 6976.500000>).
02:18:07 [VehicleDeleted] OffroadHatchback (id=1EF091C94C442B839A8CAF8D320E2E1E pos=<0.000717, 0.754533, 0.042504>)
02:18:07 [Market] Player "Mr. Tux" (id=3FCmlLdqs97wNYtgsvMTGavMyuZc44PrYyr2Gfkoti8=) has bought offroadhatchback x1 from the trader "GroundVehicles_Parts (Francis [Ground Vehicles & Parts])" in market zone "Outpost 42" (pos=<7196.500000, 252.990005, 6976.500000>) for a price of 18000.
02:18:31 [VehicleCarKey] Player "Mr. Tux" (id=3FCmlLdqs97wNYtgsvMTGavMyuZc44PrYyr2Gfkoti8= pos=<7231.093262, 252.554932, 6958.109375>) used the  ExpansionCarKey to unlock OffroadHatchback (id=9944BE05614D1321F54E6D87FD69C012 pos=<7232.237793, 252.601547, 6960.243652>)
02:19:12 [VehicleCarKey] Player "Mr. Tux" (id=3FCmlLdqs97wNYtgsvMTGavMyuZc44PrYyr2Gfkoti8= pos=<7233.129883, 252.554474, 6957.998047>) used the  ExpansionCarKey to lock OffroadHatchback (id=9944BE05614D1321F54E6D87FD69C012 pos=<7232.237793, 252.601547, 6960.243652>)
02:19:37 [Market] Player "Mr. Tux" (id=3FCmlLdqs97wNYtgsvMTGavMyuZc44PrYyr2Gfkoti8=) has send a requested to purchase expansionstove x1 from the trader "BaseImprovement (Peter [Base Improvement])" in market zone "Outpost 42" (pos=<7196.500000, 252.990005, 6976.500000>).
02:19:37 [Market] Player "Mr. Tux" (id=3FCmlLdqs97wNYtgsvMTGavMyuZc44PrYyr2Gfkoti8=) has bought expansionstove x1 from the trader "BaseImprovement (Peter [Base Improvement])" in market zone "Outpost 42" (pos=<7196.500000, 252.990005, 6976.500000>) for a price of 1500.
02:19:56 [Market] Player "Mr. Tux" (id=3FCmlLdqs97wNYtgsvMTGavMyuZc44PrYyr2Gfkoti8=) has send a requested to purchase pot x2 from the trader "Tools_Supplies (Kaito [Tools & Supplies])" in market zone "Outpost 42" (pos=<7196.500000, 252.990005, 6976.500000>).
02:19:56 [Market] Player "Mr. Tux" (id=3FCmlLdqs97wNYtgsvMTGavMyuZc44PrYyr2Gfkoti8=) has bought pot x2 from the trader "Tools_Supplies (Kaito [Tools & Supplies])" in market zone "Outpost 42" (pos=<7196.500000, 252.990005, 6976.500000>) for a price of 50.
02:20:02 [Market] Player "Mr. Tux" (id=3FCmlLdqs97wNYtgsvMTGavMyuZc44PrYyr2Gfkoti8=) has send a requested to purchase largegascanister x3 from the trader "Tools_Supplies (Kaito [Tools & Supplies])" in market zone "Outpost 42" (pos=<7196.500000, 252.990005, 6976.500000>).
02:20:02 [Market] Player "Mr. Tux" (id=3FCmlLdqs97wNYtgsvMTGavMyuZc44PrYyr2Gfkoti8=) has bought largegascanister x3 from the trader "Tools_Supplies (Kaito [Tools & Supplies])" in market zone "Outpost 42" (pos=<7196.500000, 252.990005, 6976.500000>) for a price of 900.
02:20:39 [VehicleDeleted] OffroadHatchback (id=9944BE05614D1321F54E6D87FD69C012 pos=<7232.237793, 252.601547, 6960.243652>)
02:21:02 [VehicleCover] Player "Mr. Tux" (id=3FCmlLdqs97wNYtgsvMTGavMyuZc44PrYyr2Gfkoti8= pos=<7232.990234, 252.556076, 6958.401367>) uncovered vehicle "OffroadHatchback" (GlobalID=8000000080000000800000008000135D pos=<7232.237793, 252.601547, 6960.243652>)!
02:21:12 [VehicleCarKey] Player "Mr. Tux" (id=3FCmlLdqs97wNYtgsvMTGavMyuZc44PrYyr2Gfkoti8= pos=<7233.290527, 252.562469, 6962.880859>) used the  ExpansionCarKey to unlock OffroadHatchback (id=6FF375B0AF400A2191B3759764D61BBF pos=<7232.238281, 252.601532, 6960.243652>)
02:23:03 [VehicleCarKey] Player "Mr. Tux" (id=3FCmlLdqs97wNYtgsvMTGavMyuZc44PrYyr2Gfkoti8= pos=<7233.458496, 252.562454, 6962.234375>) used the  ExpansionCarKey to lock OffroadHatchback (id=6FF375B0AF400A2191B3759764D61BBF pos=<7232.238281, 252.601532, 6960.243652>)
02:23:06 [VehicleCarKey] Player "Mr. Tux" (id=3FCmlLdqs97wNYtgsvMTGavMyuZc44PrYyr2Gfkoti8= pos=<7233.410156, 252.560486, 6959.494141>) used the  ExpansionCarKey to unlock OffroadHatchback (id=6FF375B0AF400A2191B3759764D61BBF pos=<7232.238281, 252.601532, 6960.243652>)
02:23:11 [VehicleEnter] Player Mr. Tux [uid=3FCmlLdqs97wNYtgsvMTGavMyuZc44PrYyr2Gfkoti8=] entered vehicle Ada 4x4 (id=6FF375B0AF400A2191B3759764D61BBF pos=<7232.238281, 252.601532, 6960.243652>) as driver
02:24:09 [VehicleEngine] Player Mr. Tux [uid=3FCmlLdqs97wNYtgsvMTGavMyuZc44PrYyr2Gfkoti8=] started vehicle Ada 4x4 (Locked) (id=6FF375B0AF400A2191B3759764D61BBF pos=<7232.238281, 252.601532, 6960.243652>)
02:25:11 [VehicleEngine] Player Mr. Tux [uid=3FCmlLdqs97wNYtgsvMTGavMyuZc44PrYyr2Gfkoti8=] stopped vehicle Ada 4x4 (Locked) (id=6FF375B0AF400A2191B3759764D61BBF pos=<7145.840332, 259.239838, 6930.249512>)
02:25:18 [VehicleLeave] Player Mr. Tux [uid=3FCmlLdqs97wNYtgsvMTGavMyuZc44PrYyr2Gfkoti8=] left vehicle Ada 4x4 (id=6FF375B0AF400A2191B3759764D61BBF pos=<7145.841309, 259.239807, 6930.249512>)
02:25:28 [VehicleEnter] Player Mr. Tux [uid=3FCmlLdqs97wNYtgsvMTGavMyuZc44PrYyr2Gfkoti8=] entered vehicle Ada 4x4 (id=6FF375B0AF400A2191B3759764D61BBF pos=<7145.841309, 259.239777, 6930.249512>) as driver
02:25:59 [VehicleEngine] Player Mr. Tux [uid=3FCmlLdqs97wNYtgsvMTGavMyuZc44PrYyr2Gfkoti8=] started vehicle Ada 4x4 (id=6FF375B0AF400A2191B3759764D61BBF pos=<7145.841309, 259.239777, 6930.249512>)
02:26:12 [VehicleEngine] Player Mr. Tux [uid=3FCmlLdqs97wNYtgsvMTGavMyuZc44PrYyr2Gfkoti8=] stopped vehicle Ada 4x4 (id=6FF375B0AF400A2191B3759764D61BBF pos=<7112.435547, 264.386475, 6937.394043>)
02:26:16 [VehicleEngine] Player Mr. Tux [uid=3FCmlLdqs97wNYtgsvMTGavMyuZc44PrYyr2Gfkoti8=] started vehicle Ada 4x4 (id=6FF375B0AF400A2191B3759764D61BBF pos=<7114.265625, 264.432495, 6941.245117>)
02:27:15 [Safezone] Player "Mr. Tux" (id=3FCmlLdqs97wNYtgsvMTGavMyuZc44PrYyr2Gfkoti8= pos=<7145.616699, 262.484802, 7195.319824>) Left the safezone
02:29:09 [VehicleEngine] Player Mr. Tux [uid=3FCmlLdqs97wNYtgsvMTGavMyuZc44PrYyr2Gfkoti8=] stopped vehicle Ada 4x4 (id=6FF375B0AF400A2191B3759764D61BBF pos=<7239.342773, 296.079651, 7724.886230>)
02:29:14 [VehicleEngine] Player Mr. Tux [uid=3FCmlLdqs97wNYtgsvMTGavMyuZc44PrYyr2Gfkoti8=] started vehicle Ada 4x4 (id=6FF375B0AF400A2191B3759764D61BBF pos=<7238.079590, 296.059875, 7724.912598>)
02:43:29 [VehicleEngine] Player Mr. Tux [uid=3FCmlLdqs97wNYtgsvMTGavMyuZc44PrYyr2Gfkoti8=] stopped vehicle Ada 4x4 (id=6FF375B0AF400A2191B3759764D61BBF pos=<9168.691406, 263.734253, 11005.791016>)
02:43:32 [VehicleEngine] Player Mr. Tux [uid=3FCmlLdqs97wNYtgsvMTGavMyuZc44PrYyr2Gfkoti8=] started vehicle Ada 4x4 (id=6FF375B0AF400A2191B3759764D61BBF pos=<9167.527344, 263.763733, 11005.190430>)
02:44:09 [VehicleEngine] Player Mr. Tux [uid=3FCmlLdqs97wNYtgsvMTGavMyuZc44PrYyr2Gfkoti8=] stopped vehicle Ada 4x4 (Locked) (id=6FF375B0AF400A2191B3759764D61BBF pos=<9172.463867, 262.704315, 11034.641602>)
02:44:15 [VehicleLeave] Player Mr. Tux [uid=3FCmlLdqs97wNYtgsvMTGavMyuZc44PrYyr2Gfkoti8=] left vehicle Ada 4x4 (id=6FF375B0AF400A2191B3759764D61BBF pos=<9172.463867, 262.704346, 11034.641602>)
02:44:41 [VehicleEnter] Player Mr. Tux [uid=3FCmlLdqs97wNYtgsvMTGavMyuZc44PrYyr2Gfkoti8=] entered vehicle Ada 4x4 (id=6FF375B0AF400A2191B3759764D61BBF pos=<9172.463867, 262.704315, 11034.641602>) as driver
02:44:47 [VehicleEngine] Player Mr. Tux [uid=3FCmlLdqs97wNYtgsvMTGavMyuZc44PrYyr2Gfkoti8=] started vehicle Ada 4x4 (Locked) (id=6FF375B0AF400A2191B3759764D61BBF pos=<9172.463867, 262.704315, 11034.641602>)
02:45:05 [VehicleLeave] Player Mr. Tux [uid=3FCmlLdqs97wNYtgsvMTGavMyuZc44PrYyr2Gfkoti8=] left vehicle Ada 4x4 (id=6FF375B0AF400A2191B3759764D61BBF pos=<9163.718750, 263.538757, 11012.724609>)
02:45:44 [VehicleEnter] Player Mr. Tux [uid=3FCmlLdqs97wNYtgsvMTGavMyuZc44PrYyr2Gfkoti8=] entered vehicle Ada 4x4 (id=6FF375B0AF400A2191B3759764D61BBF pos=<9163.718750, 263.538757, 11012.724609>) as driver
02:45:50 [VehicleEngine] Player Mr. Tux [uid=3FCmlLdqs97wNYtgsvMTGavMyuZc44PrYyr2Gfkoti8=] started vehicle Ada 4x4 (id=6FF375B0AF400A2191B3759764D61BBF pos=<9163.718750, 263.538757, 11012.724609>)
02:46:04 [VehicleLeave] Player Mr. Tux [uid=3FCmlLdqs97wNYtgsvMTGavMyuZc44PrYyr2Gfkoti8=] left vehicle Ada 4x4 (id=6FF375B0AF400A2191B3759764D61BBF pos=<9142.831055, 263.346466, 11019.910156>)
02:46:14 [VehicleDeleted] OffroadHatchback (id=6FF375B0AF400A2191B3759764D61BBF pos=<9142.831055, 263.346497, 11019.910156>)
02:46:14 [VirtualGarage] Player "Mr. Tux" (id=3FCmlLdqs97wNYtgsvMTGavMyuZc44PrYyr2Gfkoti8= pos=<9139.204102, 263.256989, 11021.267578>) stored a vehicle "OffroadHatchback" (GlobalID=8000000080000000800000008000135D pos=<9142.831055, 263.346497, 11019.910156>)
02:46:53 [VehicleDeleted] OffroadHatchback (id=3A4713BC7449DF805968318E282A90CD pos=<0.000717, 0.754533, 0.042504>)
02:46:53 [VirtualGarage] Player "Mr. Tux" (id=3FCmlLdqs97wNYtgsvMTGavMyuZc44PrYyr2Gfkoti8= pos=<9138.826172, 263.272552, 11020.834961>) retrieved a vehicle "OffroadHatchback" (GlobalID=8000000080000000800000008000135D pos=<9142.831055, 263.346497, 11019.910156>)
02:47:03 [VehicleCarKey] Player "Mr. Tux" (id=3FCmlLdqs97wNYtgsvMTGavMyuZc44PrYyr2Gfkoti8= pos=<9141.319336, 263.341919, 11018.910156>) used the  ExpansionCarKey to lock OffroadHatchback (id=3C398D1FFC413351E4A3568D84D29229 pos=<9142.831055, 263.346466, 11019.910156>)
02:47:07 [VehicleDeleted] OffroadHatchback (id=3C398D1FFC413351E4A3568D84D29229 pos=<9142.831055, 263.346466, 11019.910156>)
02:47:07 [VirtualGarage] Player "Mr. Tux" (id=3FCmlLdqs97wNYtgsvMTGavMyuZc44PrYyr2Gfkoti8= pos=<9138.567383, 263.279846, 11020.632813>) stored a vehicle "OffroadHatchback" (GlobalID=8000000080000000800000008000135D pos=<9142.831055, 263.346466, 11019.910156>)
02:49:27 [VirtualGarage] Player "Mr. Tux" (id=3FCmlLdqs97wNYtgsvMTGavMyuZc44PrYyr2Gfkoti8= pos=<9139.726563, 263.259064, 11021.210938>) retrieved a vehicle "OffroadHatchback" (GlobalID=8000000080000000800000008000135D pos=<9142.831055, 263.346466, 11019.910156>)
02:49:48 [VehicleDeleted] OffroadHatchback (id=8F747F532B457697CF9B5897FFB585E3 pos=<9142.831055, 263.346527, 11019.910156>)
02:49:48 [VirtualGarage] Player "Mr. Tux" (id=3FCmlLdqs97wNYtgsvMTGavMyuZc44PrYyr2Gfkoti8= pos=<9139.010742, 263.266510, 11021.003906>) stored a vehicle "OffroadHatchback" (GlobalID=8000000080000000800000008000135D pos=<9142.831055, 263.346527, 11019.910156>)
02:51:20 [Party] Player "Mr. Tux" (id=3FCmlLdqs97wNYtgsvMTGavMyuZc44PrYyr2Gfkoti8=) left the party "Scarred Reapers" (id=15 ownerUID=3FCmlLdqs97wNYtgsvMTGavMyuZc44PrYyr2Gfkoti8= ownerName=Mr. Tux)
02:58:24 [Party] Player "Mr. Tux" (id=3FCmlLdqs97wNYtgsvMTGavMyuZc44PrYyr2Gfkoti8=) joinded the party "Scarred Reapers" (id=15 ownerUID=3FCmlLdqs97wNYtgsvMTGavMyuZc44PrYyr2Gfkoti8= ownerName=Mr. Tux)
03:34:51 [Party] Player "Mr. Tux" (id=3FCmlLdqs97wNYtgsvMTGavMyuZc44PrYyr2Gfkoti8=) left the party "Scarred Reapers" (id=15 ownerUID=3FCmlLdqs97wNYtgsvMTGavMyuZc44PrYyr2Gfkoti8= ownerName=Mr. Tux)
03:37:20 [Party] Player "Mr. Tux" (id=3FCmlLdqs97wNYtgsvMTGavMyuZc44PrYyr2Gfkoti8=) joinded the party "Scarred Reapers" (id=15 ownerUID=3FCmlLdqs97wNYtgsvMTGavMyuZc44PrYyr2Gfkoti8= ownerName=Mr. Tux)
03:47:28 [Safezone] Player "Mr. Tux" (id=3FCmlLdqs97wNYtgsvMTGavMyuZc44PrYyr2Gfkoti8= pos=<7277.758301, 259.704010, 7090.190430>) Entered the safezone
03:48:10 [Market] Player "Mr. Tux" (id=3FCmlLdqs97wNYtgsvMTGavMyuZc44PrYyr2Gfkoti8=) has send a requested to sell rabbitlegmeat x1 at the trader "Hunting_Fishing (Boris [Hunting Trader])" in market zone "Outpost 42" (pos=<7196.500000, 252.990005, 6976.500000>).
03:48:10 [Market] Player "Mr. Tux" (id=3FCmlLdqs97wNYtgsvMTGavMyuZc44PrYyr2Gfkoti8=) has sold rabbitlegmeat x1 at the trader "Hunting_Fishing (Boris [Hunting Trader])" in market zone "Outpost 42" (pos=<7196.500000, 252.990005, 6976.500000>) and got 6.
03:48:10 [Market] Player "Mr. Tux" (id=3FCmlLdqs97wNYtgsvMTGavMyuZc44PrYyr2Gfkoti8=) has send a requested to sell rabbitlegmeat x1 at the trader "Hunting_Fishing (Boris [Hunting Trader])" in market zone "Outpost 42" (pos=<7196.500000, 252.990005, 6976.500000>).
03:48:10 [Market] Player "Mr. Tux" (id=3FCmlLdqs97wNYtgsvMTGavMyuZc44PrYyr2Gfkoti8=) has sold rabbitlegmeat x1 at the trader "Hunting_Fishing (Boris [Hunting Trader])" in market zone "Outpost 42" (pos=<7196.500000, 252.990005, 6976.500000>) and got 7.
03:48:15 [Market] Player "Mr. Tux" (id=3FCmlLdqs97wNYtgsvMTGavMyuZc44PrYyr2Gfkoti8=) has send a requested to sell rabbitpelt x1 at the trader "Hunting_Fishing (Boris [Hunting Trader])" in market zone "Outpost 42" (pos=<7196.500000, 252.990005, 6976.500000>).
03:48:15 [Market] Player "Mr. Tux" (id=3FCmlLdqs97wNYtgsvMTGavMyuZc44PrYyr2Gfkoti8=) has sold rabbitpelt x1 at the trader "Hunting_Fishing (Boris [Hunting Trader])" in market zone "Outpost 42" (pos=<7196.500000, 252.990005, 6976.500000>) and got 1000.
03:48:16 [Market] Player "Mr. Tux" (id=3FCmlLdqs97wNYtgsvMTGavMyuZc44PrYyr2Gfkoti8=) has send a requested to sell rabbitpelt x1 at the trader "Hunting_Fishing (Boris [Hunting Trader])" in market zone "Outpost 42" (pos=<7196.500000, 252.990005, 6976.500000>).
03:48:16 [Market] Player "Mr. Tux" (id=3FCmlLdqs97wNYtgsvMTGavMyuZc44PrYyr2Gfkoti8=) has sold rabbitpelt x1 at the trader "Hunting_Fishing (Boris [Hunting Trader])" in market zone "Outpost 42" (pos=<7196.500000, 252.990005, 6976.500000>) and got 250.
03:48:33 [Market] Player "Mr. Tux" (id=3FCmlLdqs97wNYtgsvMTGavMyuZc44PrYyr2Gfkoti8=) has send a requested to purchase expansioncodelock x1 from the trader "BaseImprovement (Peter [Base Improvement])" in market zone "Outpost 42" (pos=<7196.500000, 252.990005, 6976.500000>).
03:48:33 [Market] Player "Mr. Tux" (id=3FCmlLdqs97wNYtgsvMTGavMyuZc44PrYyr2Gfkoti8=) has bought expansioncodelock x1 from the trader "BaseImprovement (Peter [Base Improvement])" in market zone "Outpost 42" (pos=<7196.500000, 252.990005, 6976.500000>) for a price of 1500.
03:48:59 [Market] Player "Mr. Tux" (id=3FCmlLdqs97wNYtgsvMTGavMyuZc44PrYyr2Gfkoti8=) has send a requested to purchase rope x1 from the trader "Tools_Supplies (Kaito [Tools & Supplies])" in market zone "Outpost 42" (pos=<7196.500000, 252.990005, 6976.500000>).
03:48:59 [Market] Player "Mr. Tux" (id=3FCmlLdqs97wNYtgsvMTGavMyuZc44PrYyr2Gfkoti8=) has bought rope x1 from the trader "Tools_Supplies (Kaito [Tools & Supplies])" in market zone "Outpost 42" (pos=<7196.500000, 252.990005, 6976.500000>) for a price of 100.
03:49:39 [Safezone] Player "Mr. Tux" (id=3FCmlLdqs97wNYtgsvMTGavMyuZc44PrYyr2Gfkoti8= pos=<7268.022949, 270.215057, 7165.041992>) Left the safezone
03:59:15 [Party] Player "Mr. Tux" (id=3FCmlLdqs97wNYtgsvMTGavMyuZc44PrYyr2Gfkoti8=) left the party "Scarred Reapers" (id=15 ownerUID=3FCmlLdqs97wNYtgsvMTGavMyuZc44PrYyr2Gfkoti8= ownerName=Mr. Tux)
