22:18:51 [Party] Player "Mr. Tux" (id=3FCmlLdqs97wNYtgsvMTGavMyuZc44PrYyr2Gfkoti8=) joinded the party "Scarred Reapers" (id=15 ownerUID=3FCmlLdqs97wNYtgsvMTGavMyuZc44PrYyr2Gfkoti8= ownerName=Mr. Tux)
23:13:26 [Party] Player "Mr. Tux" (id=3FCmlLdqs97wNYtgsvMTGavMyuZc44PrYyr2Gfkoti8=) left the party "Scarred Reapers" (id=15 ownerUID=3FCmlLdqs97wNYtgsvMTGavMyuZc44PrYyr2Gfkoti8= ownerName=Mr. Tux)
23:22:25 [Party] Player "Mr. Tux" (id=3FCmlLdqs97wNYtgsvMTGavMyuZc44PrYyr2Gfkoti8=) joinded the party "Scarred Reapers" (id=15 ownerUID=3FCmlLdqs97wNYtgsvMTGavMyuZc44PrYyr2Gfkoti8= ownerName=Mr. Tux)
23:36:54 [Market] Player "Mr. Tux" (id=3FCmlLdqs97wNYtgsvMTGavMyuZc44PrYyr2Gfkoti8=) has send a requested to sell ttc_mcx_tan_300blk x1 at the trader "BlackMarket (Lewis [Black Market])" in market zone "Black Market Trading Zone" (pos=<1385.420044, 303.220001, 9282.639648>).
23:36:54 [Market] Player "Mr. Tux" (id=3FCmlLdqs97wNYtgsvMTGavMyuZc44PrYyr2Gfkoti8=) has sold ttc_mcx_tan_300blk x1 at the trader "BlackMarket (Lewis [Black Market])" in market zone "Black Market Trading Zone" (pos=<1385.420044, 303.220001, 9282.639648>) and got 7575.
23:36:55 [Market] Player "Mr. Tux" (id=3FCmlLdqs97wNYtgsvMTGavMyuZc44PrYyr2Gfkoti8=) has send a requested to sell ttc_mcx_300blk x1 at the trader "BlackMarket (Lewis [Black Market])" in market zone "Black Market Trading Zone" (pos=<1385.420044, 303.220001, 9282.639648>).
23:36:55 [Market] Player "Mr. Tux" (id=3FCmlLdqs97wNYtgsvMTGavMyuZc44PrYyr2Gfkoti8=) has sold ttc_mcx_300blk x1 at the trader "BlackMarket (Lewis [Black Market])" in market zone "Black Market Trading Zone" (pos=<1385.420044, 303.220001, 9282.639648>) and got 7538.
23:36:58 [Market] Player "Mr. Tux" (id=3FCmlLdqs97wNYtgsvMTGavMyuZc44PrYyr2Gfkoti8=) has send a requested to sell expansionsatchel x1 at the trader "BlackMarket (Lewis [Black Market])" in market zone "Black Market Trading Zone" (pos=<1385.420044, 303.220001, 9282.639648>).
23:36:59 [Market] Player "Mr. Tux" (id=3FCmlLdqs97wNYtgsvMTGavMyuZc44PrYyr2Gfkoti8=) has sold expansionsatchel x1 at the trader "BlackMarket (Lewis [Black Market])" in market zone "Black Market Trading Zone" (pos=<1385.420044, 303.220001, 9282.639648>) and got 12500.
23:37:17 [Market] Player "Mr. Tux" (id=3FCmlLdqs97wNYtgsvMTGavMyuZc44PrYyr2Gfkoti8=) has send a requested to sell ammo_40mm_smoke_red x1 at the trader "BlackMarket (Lewis [Black Market])" in market zone "Black Market Trading Zone" (pos=<1385.420044, 303.220001, 9282.639648>).
23:37:18 [Market] Player "Mr. Tux" (id=3FCmlLdqs97wNYtgsvMTGavMyuZc44PrYyr2Gfkoti8=) has sold ammo_40mm_smoke_red x1 at the trader "BlackMarket (Lewis [Black Market])" in market zone "Black Market Trading Zone" (pos=<1385.420044, 303.220001, 9282.639648>) and got 250.
23:37:18 [Market] Player "Mr. Tux" (id=3FCmlLdqs97wNYtgsvMTGavMyuZc44PrYyr2Gfkoti8=) has send a requested to sell ammo_40mm_smoke_red x1 at the trader "BlackMarket (Lewis [Black Market])" in market zone "Black Market Trading Zone" (pos=<1385.420044, 303.220001, 9282.639648>).
23:37:18 [Market] Player "Mr. Tux" (id=3FCmlLdqs97wNYtgsvMTGavMyuZc44PrYyr2Gfkoti8=) has sold ammo_40mm_smoke_red x1 at the trader "BlackMarket (Lewis [Black Market])" in market zone "Black Market Trading Zone" (pos=<1385.420044, 303.220001, 9282.639648>) and got 250.
23:37:18 [Market] Player "Mr. Tux" (id=3FCmlLdqs97wNYtgsvMTGavMyuZc44PrYyr2Gfkoti8=) has send a requested to sell ammo_40mm_smoke_red x1 at the trader "BlackMarket (Lewis [Black Market])" in market zone "Black Market Trading Zone" (pos=<1385.420044, 303.220001, 9282.639648>).
23:37:19 [Market] Player "Mr. Tux" (id=3FCmlLdqs97wNYtgsvMTGavMyuZc44PrYyr2Gfkoti8=) has sold ammo_40mm_smoke_red x1 at the trader "BlackMarket (Lewis [Black Market])" in market zone "Black Market Trading Zone" (pos=<1385.420044, 303.220001, 9282.639648>) and got 188.
23:37:19 [Market] Player "Mr. Tux" (id=3FCmlLdqs97wNYtgsvMTGavMyuZc44PrYyr2Gfkoti8=) has send a requested to sell ammo_expansion_m203_smoke_purple x1 at the trader "BlackMarket (Lewis [Black Market])" in market zone "Black Market Trading Zone" (pos=<1385.420044, 303.220001, 9282.639648>).
23:37:20 [Market] Player "Mr. Tux" (id=3FCmlLdqs97wNYtgsvMTGavMyuZc44PrYyr2Gfkoti8=) has sold ammo_expansion_m203_smoke_purple x1 at the trader "BlackMarket (Lewis [Black Market])" in market zone "Black Market Trading Zone" (pos=<1385.420044, 303.220001, 9282.639648>) and got 150.
23:37:20 [Market] Player "Mr. Tux" (id=3FCmlLdqs97wNYtgsvMTGavMyuZc44PrYyr2Gfkoti8=) has send a requested to sell ammo_expansion_m203_smoke_purple x1 at the trader "BlackMarket (Lewis [Black Market])" in market zone "Black Market Trading Zone" (pos=<1385.420044, 303.220001, 9282.639648>).
23:37:20 [Market] Player "Mr. Tux" (id=3FCmlLdqs97wNYtgsvMTGavMyuZc44PrYyr2Gfkoti8=) has sold ammo_expansion_m203_smoke_purple x1 at the trader "BlackMarket (Lewis [Black Market])" in market zone "Black Market Trading Zone" (pos=<1385.420044, 303.220001, 9282.639648>) and got 150.
23:37:20 [Market] Player "Mr. Tux" (id=3FCmlLdqs97wNYtgsvMTGavMyuZc44PrYyr2Gfkoti8=) has send a requested to sell ammo_expansion_m203_smoke_purple x1 at the trader "BlackMarket (Lewis [Black Market])" in market zone "Black Market Trading Zone" (pos=<1385.420044, 303.220001, 9282.639648>).
23:37:20 [Market] Player "Mr. Tux" (id=3FCmlLdqs97wNYtgsvMTGavMyuZc44PrYyr2Gfkoti8=) has sold ammo_expansion_m203_smoke_purple x1 at the trader "BlackMarket (Lewis [Black Market])" in market zone "Black Market Trading Zone" (pos=<1385.420044, 303.220001, 9282.639648>) and got 150.
23:37:20 [Market] Player "Mr. Tux" (id=3FCmlLdqs97wNYtgsvMTGavMyuZc44PrYyr2Gfkoti8=) has send a requested to sell ammo_expansion_m203_smoke_purple x1 at the trader "BlackMarket (Lewis [Black Market])" in market zone "Black Market Trading Zone" (pos=<1385.420044, 303.220001, 9282.639648>).
23:37:21 [Market] Player "Mr. Tux" (id=3FCmlLdqs97wNYtgsvMTGavMyuZc44PrYyr2Gfkoti8=) has sold ammo_expansion_m203_smoke_purple x1 at the trader "BlackMarket (Lewis [Black Market])" in market zone "Black Market Trading Zone" (pos=<1385.420044, 303.220001, 9282.639648>) and got 150.
23:59:15 [Party] Player "Mr. Tux" (id=3FCmlLdqs97wNYtgsvMTGavMyuZc44PrYyr2Gfkoti8=) left the party "Scarred Reapers" (id=15 ownerUID=3FCmlLdqs97wNYtgsvMTGavMyuZc44PrYyr2Gfkoti8= ownerName=Mr. Tux)
