16:01:53 [Party] Player "Gladiator" (id=2f2EzOlgeHPaK9xNXxBDWWPE0ljPQPbKV3WyNh1HiZA=) joinded the party "Reapers" (id=22 ownerUID=2f2EzOlgeHPaK9xNXxBDWWPE0ljPQPbKV3WyNh1HiZA= ownerName=Gladiator)
16:02:07 [Party] Player "42cobra" (id=7jlJa0YJ0ppxWuiq1t34ec-CitMl82Ky24_qx8QK7Rs=) joinded the party "Reapers" (id=22 ownerUID=2f2EzOlgeHPaK9xNXxBDWWPE0ljPQPbKV3WyNh1HiZA= ownerName=Gladiator)
16:02:27 [Party] Player "42cobra" (id=7jlJa0YJ0ppxWuiq1t34ec-CitMl82Ky24_qx8QK7Rs=) left the party "Reapers" (id=22 ownerUID=2f2EzOlgeHPaK9xNXxBDWWPE0ljPQPbKV3WyNh1HiZA= ownerName=Gladiator)
16:03:07 [Party] Player "42cobra" (id=7jlJa0YJ0ppxWuiq1t34ec-CitMl82Ky24_qx8QK7Rs=) joinded the party "Reapers" (id=22 ownerUID=2f2EzOlgeHPaK9xNXxBDWWPE0ljPQPbKV3WyNh1HiZA= ownerName=Gladiator)
16:26:24 [Safezone] Player "Gladiator" (id=2f2EzOlgeHPaK9xNXxBDWWPE0ljPQPbKV3WyNh1HiZA= pos=<7148.549805, 264.280487, 7107.911133>) Entered the safezone
16:26:28 [Safezone] Player "42cobra" (id=7jlJa0YJ0ppxWuiq1t34ec-CitMl82Ky24_qx8QK7Rs= pos=<7146.997070, 264.311066, 7107.342285>) Entered the safezone
16:27:14 [Market] Player "Gladiator" (id=2f2EzOlgeHPaK9xNXxBDWWPE0ljPQPbKV3WyNh1HiZA=) has send a requested to sell winchester70 x1 at the trader "Weapons (Seth [Weapons])" in market zone "Outpost 42" (pos=<7196.500000, 252.990005, 6976.500000>).
16:27:14 [Market] Player "Gladiator" (id=2f2EzOlgeHPaK9xNXxBDWWPE0ljPQPbKV3WyNh1HiZA=) has sold winchester70 x1 at the trader "Weapons (Seth [Weapons])" in market zone "Outpost 42" (pos=<7196.500000, 252.990005, 6976.500000>) and got 250.
16:27:28 [Market] Player "Gladiator" (id=2f2EzOlgeHPaK9xNXxBDWWPE0ljPQPbKV3WyNh1HiZA=) has send a requested to sell ttc_glock17 x1 at the trader "Weapons (Seth [Weapons])" in market zone "Outpost 42" (pos=<7196.500000, 252.990005, 6976.500000>).
16:27:28 [Market] Player "Gladiator" (id=2f2EzOlgeHPaK9xNXxBDWWPE0ljPQPbKV3WyNh1HiZA=) has sold ttc_glock17 x1 at the trader "Weapons (Seth [Weapons])" in market zone "Outpost 42" (pos=<7196.500000, 252.990005, 6976.500000>) and got 250.
16:27:31 [Market] Player "Gladiator" (id=2f2EzOlgeHPaK9xNXxBDWWPE0ljPQPbKV3WyNh1HiZA=) has send a requested to sell glock19 x1 at the trader "Weapons (Seth [Weapons])" in market zone "Outpost 42" (pos=<7196.500000, 252.990005, 6976.500000>).
16:27:31 [Market] Player "Gladiator" (id=2f2EzOlgeHPaK9xNXxBDWWPE0ljPQPbKV3WyNh1HiZA=) has sold glock19 x1 at the trader "Weapons (Seth [Weapons])" in market zone "Outpost 42" (pos=<7196.500000, 252.990005, 6976.500000>) and got 62.
16:27:36 [Market] Player "Gladiator" (id=2f2EzOlgeHPaK9xNXxBDWWPE0ljPQPbKV3WyNh1HiZA=) has send a requested to sell ssg82 x1 at the trader "Weapons (Seth [Weapons])" in market zone "Outpost 42" (pos=<7196.500000, 252.990005, 6976.500000>).
16:27:36 [Market] Player "Gladiator" (id=2f2EzOlgeHPaK9xNXxBDWWPE0ljPQPbKV3WyNh1HiZA=) has sold ssg82 x1 at the trader "Weapons (Seth [Weapons])" in market zone "Outpost 42" (pos=<7196.500000, 252.990005, 6976.500000>) and got 1000.
16:27:50 [Market] Player "Gladiator" (id=2f2EzOlgeHPaK9xNXxBDWWPE0ljPQPbKV3WyNh1HiZA=) has send a requested to sell ammobox_12garubberslug_10rnd x1 at the trader "Ammo_Attachments (Taiki [Ammo & Attachments])" in market zone "Outpost 42" (pos=<7196.500000, 252.990005, 6976.500000>).
16:27:50 [Market] Player "Gladiator" (id=2f2EzOlgeHPaK9xNXxBDWWPE0ljPQPbKV3WyNh1HiZA=) has sold ammobox_12garubberslug_10rnd x1 at the trader "Ammo_Attachments (Taiki [Ammo & Attachments])" in market zone "Outpost 42" (pos=<7196.500000, 252.990005, 6976.500000>) and got 8.
16:27:55 [Market] Player "Gladiator" (id=2f2EzOlgeHPaK9xNXxBDWWPE0ljPQPbKV3WyNh1HiZA=) has send a requested to sell ammobox_12garubberslug_10rnd x1 at the trader "Ammo_Attachments (Taiki [Ammo & Attachments])" in market zone "Outpost 42" (pos=<7196.500000, 252.990005, 6976.500000>).
16:27:55 [Market] Player "Gladiator" (id=2f2EzOlgeHPaK9xNXxBDWWPE0ljPQPbKV3WyNh1HiZA=) has sold ammobox_12garubberslug_10rnd x1 at the trader "Ammo_Attachments (Taiki [Ammo & Attachments])" in market zone "Outpost 42" (pos=<7196.500000, 252.990005, 6976.500000>) and got 8.
16:27:59 [Market] Player "Gladiator" (id=2f2EzOlgeHPaK9xNXxBDWWPE0ljPQPbKV3WyNh1HiZA=) has send a requested to sell tlrlight x1 at the trader "Ammo_Attachments (Taiki [Ammo & Attachments])" in market zone "Outpost 42" (pos=<7196.500000, 252.990005, 6976.500000>).
16:28:00 [Market] Player "Gladiator" (id=2f2EzOlgeHPaK9xNXxBDWWPE0ljPQPbKV3WyNh1HiZA=) has sold tlrlight x1 at the trader "Ammo_Attachments (Taiki [Ammo & Attachments])" in market zone "Outpost 42" (pos=<7196.500000, 252.990005, 6976.500000>) and got 45.
16:28:25 [Market] Player "Gladiator" (id=2f2EzOlgeHPaK9xNXxBDWWPE0ljPQPbKV3WyNh1HiZA=) has send a requested to sell mag_glock_15rnd x1 at the trader "Ammo_Attachments (Taiki [Ammo & Attachments])" in market zone "Outpost 42" (pos=<7196.500000, 252.990005, 6976.500000>).
16:28:25 [Market] Player "Gladiator" (id=2f2EzOlgeHPaK9xNXxBDWWPE0ljPQPbKV3WyNh1HiZA=) has sold mag_glock_15rnd x1 at the trader "Ammo_Attachments (Taiki [Ammo & Attachments])" in market zone "Outpost 42" (pos=<7196.500000, 252.990005, 6976.500000>) and got 15.
16:28:28 [Market] Player "Gladiator" (id=2f2EzOlgeHPaK9xNXxBDWWPE0ljPQPbKV3WyNh1HiZA=) has send a requested to sell mag_ruger1022_30rnd x1 at the trader "Ammo_Attachments (Taiki [Ammo & Attachments])" in market zone "Outpost 42" (pos=<7196.500000, 252.990005, 6976.500000>).
16:28:28 [Market] Player "Gladiator" (id=2f2EzOlgeHPaK9xNXxBDWWPE0ljPQPbKV3WyNh1HiZA=) has sold mag_ruger1022_30rnd x1 at the trader "Ammo_Attachments (Taiki [Ammo & Attachments])" in market zone "Outpost 42" (pos=<7196.500000, 252.990005, 6976.500000>) and got 116.
16:28:30 [Market] Player "Gladiator" (id=2f2EzOlgeHPaK9xNXxBDWWPE0ljPQPbKV3WyNh1HiZA=) has send a requested to sell mag_ruger1022_30rnd x1 at the trader "Ammo_Attachments (Taiki [Ammo & Attachments])" in market zone "Outpost 42" (pos=<7196.500000, 252.990005, 6976.500000>).
16:28:30 [Market] Player "Gladiator" (id=2f2EzOlgeHPaK9xNXxBDWWPE0ljPQPbKV3WyNh1HiZA=) has sold mag_ruger1022_30rnd x1 at the trader "Ammo_Attachments (Taiki [Ammo & Attachments])" in market zone "Outpost 42" (pos=<7196.500000, 252.990005, 6976.500000>) and got 116.
16:28:33 [Market] Player "Gladiator" (id=2f2EzOlgeHPaK9xNXxBDWWPE0ljPQPbKV3WyNh1HiZA=) has send a requested to sell ttc_pp91_mag_20rnd x1 at the trader "Ammo_Attachments (Taiki [Ammo & Attachments])" in market zone "Outpost 42" (pos=<7196.500000, 252.990005, 6976.500000>).
16:28:33 [Market] Player "Gladiator" (id=2f2EzOlgeHPaK9xNXxBDWWPE0ljPQPbKV3WyNh1HiZA=) has sold ttc_pp91_mag_20rnd x1 at the trader "Ammo_Attachments (Taiki [Ammo & Attachments])" in market zone "Outpost 42" (pos=<7196.500000, 252.990005, 6976.500000>) and got 112.
16:29:17 [Market] Player "Gladiator" (id=2f2EzOlgeHPaK9xNXxBDWWPE0ljPQPbKV3WyNh1HiZA=) has send a requested to sell ammo_22 x14 at the trader "Ammo_Attachments (Taiki [Ammo & Attachments])" in market zone "Outpost 42" (pos=<7196.500000, 252.990005, 6976.500000>).
16:29:17 [Market] Player "Gladiator" (id=2f2EzOlgeHPaK9xNXxBDWWPE0ljPQPbKV3WyNh1HiZA=) has sold ammo_22 x14 at the trader "Ammo_Attachments (Taiki [Ammo & Attachments])" in market zone "Outpost 42" (pos=<7196.500000, 252.990005, 6976.500000>) and got 10.
16:29:27 [Market] Player "Gladiator" (id=2f2EzOlgeHPaK9xNXxBDWWPE0ljPQPbKV3WyNh1HiZA=) has send a requested to sell ammo_12gaslug x7 at the trader "Ammo_Attachments (Taiki [Ammo & Attachments])" in market zone "Outpost 42" (pos=<7196.500000, 252.990005, 6976.500000>).
16:29:27 [Market] Player "Gladiator" (id=2f2EzOlgeHPaK9xNXxBDWWPE0ljPQPbKV3WyNh1HiZA=) has sold ammo_12gaslug x7 at the trader "Ammo_Attachments (Taiki [Ammo & Attachments])" in market zone "Outpost 42" (pos=<7196.500000, 252.990005, 6976.500000>) and got 18.
16:29:38 [Market] Player "Gladiator" (id=2f2EzOlgeHPaK9xNXxBDWWPE0ljPQPbKV3WyNh1HiZA=) has send a requested to sell ammo_380 x8 at the trader "Ammo_Attachments (Taiki [Ammo & Attachments])" in market zone "Outpost 42" (pos=<7196.500000, 252.990005, 6976.500000>).
16:29:38 [Market] Player "Gladiator" (id=2f2EzOlgeHPaK9xNXxBDWWPE0ljPQPbKV3WyNh1HiZA=) has sold ammo_380 x8 at the trader "Ammo_Attachments (Taiki [Ammo & Attachments])" in market zone "Outpost 42" (pos=<7196.500000, 252.990005, 6976.500000>) and got 2.
16:29:44 [Market] Player "Gladiator" (id=2f2EzOlgeHPaK9xNXxBDWWPE0ljPQPbKV3WyNh1HiZA=) has send a requested to sell ammo_9x19 x25 at the trader "Ammo_Attachments (Taiki [Ammo & Attachments])" in market zone "Outpost 42" (pos=<7196.500000, 252.990005, 6976.500000>).
16:29:44 [Market] Player "Gladiator" (id=2f2EzOlgeHPaK9xNXxBDWWPE0ljPQPbKV3WyNh1HiZA=) has sold ammo_9x19 x25 at the trader "Ammo_Attachments (Taiki [Ammo & Attachments])" in market zone "Outpost 42" (pos=<7196.500000, 252.990005, 6976.500000>) and got 25.
16:29:51 [Market] Player "Gladiator" (id=2f2EzOlgeHPaK9xNXxBDWWPE0ljPQPbKV3WyNh1HiZA=) has send a requested to sell ammo_762x39 x26 at the trader "Ammo_Attachments (Taiki [Ammo & Attachments])" in market zone "Outpost 42" (pos=<7196.500000, 252.990005, 6976.500000>).
16:29:51 [Market] Player "Gladiator" (id=2f2EzOlgeHPaK9xNXxBDWWPE0ljPQPbKV3WyNh1HiZA=) has sold ammo_762x39 x26 at the trader "Ammo_Attachments (Taiki [Ammo & Attachments])" in market zone "Outpost 42" (pos=<7196.500000, 252.990005, 6976.500000>) and got 20.
16:30:23 [Market] Player "Gladiator" (id=2f2EzOlgeHPaK9xNXxBDWWPE0ljPQPbKV3WyNh1HiZA=) has send a requested to purchase puscopeoptic x1 from the trader "Ammo_Attachments (Taiki [Ammo & Attachments])" in market zone "Outpost 42" (pos=<7196.500000, 252.990005, 6976.500000>).
16:30:23 [Market] Player "Gladiator" (id=2f2EzOlgeHPaK9xNXxBDWWPE0ljPQPbKV3WyNh1HiZA=) has bought puscopeoptic x1 from the trader "Ammo_Attachments (Taiki [Ammo & Attachments])" in market zone "Outpost 42" (pos=<7196.500000, 252.990005, 6976.500000>) for a price of 900.
16:31:27 [Market] Player "Gladiator" (id=2f2EzOlgeHPaK9xNXxBDWWPE0ljPQPbKV3WyNh1HiZA=) has send a requested to purchase pickaxe x1 from the trader "Tools_Supplies (Kaito [Tools & Supplies])" in market zone "Outpost 42" (pos=<7196.500000, 252.990005, 6976.500000>).
16:31:28 [Market] Player "Gladiator" (id=2f2EzOlgeHPaK9xNXxBDWWPE0ljPQPbKV3WyNh1HiZA=) has bought pickaxe x1 from the trader "Tools_Supplies (Kaito [Tools & Supplies])" in market zone "Outpost 42" (pos=<7196.500000, 252.990005, 6976.500000>) for a price of 400.
16:31:44 [Market] Player "Gladiator" (id=2f2EzOlgeHPaK9xNXxBDWWPE0ljPQPbKV3WyNh1HiZA=) has send a requested to purchase whetstone x1 from the trader "Tools_Supplies (Kaito [Tools & Supplies])" in market zone "Outpost 42" (pos=<7196.500000, 252.990005, 6976.500000>).
16:31:44 [Market] Player "Gladiator" (id=2f2EzOlgeHPaK9xNXxBDWWPE0ljPQPbKV3WyNh1HiZA=) has bought whetstone x1 from the trader "Tools_Supplies (Kaito [Tools & Supplies])" in market zone "Outpost 42" (pos=<7196.500000, 252.990005, 6976.500000>) for a price of 200.
16:31:46 [Market] Player "Gladiator" (id=2f2EzOlgeHPaK9xNXxBDWWPE0ljPQPbKV3WyNh1HiZA=) has send a requested to purchase whetstone x1 from the trader "Tools_Supplies (Kaito [Tools & Supplies])" in market zone "Outpost 42" (pos=<7196.500000, 252.990005, 6976.500000>).
16:31:46 [Market] Player "Gladiator" (id=2f2EzOlgeHPaK9xNXxBDWWPE0ljPQPbKV3WyNh1HiZA=) has bought whetstone x1 from the trader "Tools_Supplies (Kaito [Tools & Supplies])" in market zone "Outpost 42" (pos=<7196.500000, 252.990005, 6976.500000>) for a price of 200.
16:31:48 [Market] Player "Gladiator" (id=2f2EzOlgeHPaK9xNXxBDWWPE0ljPQPbKV3WyNh1HiZA=) has send a requested to purchase whetstone x1 from the trader "Tools_Supplies (Kaito [Tools & Supplies])" in market zone "Outpost 42" (pos=<7196.500000, 252.990005, 6976.500000>).
16:31:48 [Market] Player "Gladiator" (id=2f2EzOlgeHPaK9xNXxBDWWPE0ljPQPbKV3WyNh1HiZA=) has bought whetstone x1 from the trader "Tools_Supplies (Kaito [Tools & Supplies])" in market zone "Outpost 42" (pos=<7196.500000, 252.990005, 6976.500000>) for a price of 200.
16:33:34 [Market] Player "Gladiator" (id=2f2EzOlgeHPaK9xNXxBDWWPE0ljPQPbKV3WyNh1HiZA=) has send a requested to purchase expansion_flag_pirate x1 from the trader "BaseImprovement (Peter [Base Improvement])" in market zone "Outpost 42" (pos=<7196.500000, 252.990005, 6976.500000>).
16:33:35 [Market] Player "Gladiator" (id=2f2EzOlgeHPaK9xNXxBDWWPE0ljPQPbKV3WyNh1HiZA=) has bought expansion_flag_pirate x1 from the trader "BaseImprovement (Peter [Base Improvement])" in market zone "Outpost 42" (pos=<7196.500000, 252.990005, 6976.500000>) for a price of 15.
16:33:38 [Market] Player "Gladiator" (id=2f2EzOlgeHPaK9xNXxBDWWPE0ljPQPbKV3WyNh1HiZA=) has send a requested to purchase expansion_flag_canada x1 from the trader "BaseImprovement (Peter [Base Improvement])" in market zone "Outpost 42" (pos=<7196.500000, 252.990005, 6976.500000>).
16:33:38 [Market] Player "Gladiator" (id=2f2EzOlgeHPaK9xNXxBDWWPE0ljPQPbKV3WyNh1HiZA=) has bought expansion_flag_canada x1 from the trader "BaseImprovement (Peter [Base Improvement])" in market zone "Outpost 42" (pos=<7196.500000, 252.990005, 6976.500000>) for a price of 15.
16:37:53 [Safezone] Player "Gladiator" (id=2f2EzOlgeHPaK9xNXxBDWWPE0ljPQPbKV3WyNh1HiZA= pos=<7292.024902, 273.254852, 7155.705078>) Left the safezone
16:38:04 [Safezone] Player "42cobra" (id=7jlJa0YJ0ppxWuiq1t34ec-CitMl82Ky24_qx8QK7Rs= pos=<7289.759766, 272.877411, 7151.679199>) Left the safezone
16:51:23 [Party] Player "42cobra" (id=7jlJa0YJ0ppxWuiq1t34ec-CitMl82Ky24_qx8QK7Rs=) joinded the party "Reapers" (id=22 ownerUID=2f2EzOlgeHPaK9xNXxBDWWPE0ljPQPbKV3WyNh1HiZA= ownerName=Gladiator)
16:51:47 [SpawnSelection] Player "42cobra" (id=7jlJa0YJ0ppxWuiq1t34ec-CitMl82Ky24_qx8QK7Rs=) spawned at <14273.200195, 3.400000, 13053.299805>
17:14:49 [Party] Player "42cobra" (id=7jlJa0YJ0ppxWuiq1t34ec-CitMl82Ky24_qx8QK7Rs=) joinded the party "Reapers" (id=22 ownerUID=2f2EzOlgeHPaK9xNXxBDWWPE0ljPQPbKV3WyNh1HiZA= ownerName=Gladiator)
17:17:40 [Party] Player "Gladiator" (id=2f2EzOlgeHPaK9xNXxBDWWPE0ljPQPbKV3WyNh1HiZA=) joinded the party "Reapers" (id=22 ownerUID=2f2EzOlgeHPaK9xNXxBDWWPE0ljPQPbKV3WyNh1HiZA= ownerName=Gladiator)
17:17:57 [SpawnSelection] Player "Gladiator" (id=2f2EzOlgeHPaK9xNXxBDWWPE0ljPQPbKV3WyNh1HiZA=) spawned at <4111.905762, 2.566264, 2193.932617>
17:18:53 [SpawnSelection] Player "42cobra" (id=7jlJa0YJ0ppxWuiq1t34ec-CitMl82Ky24_qx8QK7Rs=) spawned at <4111.905762, 2.566264, 2193.932617>
18:16:29 [Safezone] Player "Gladiator" (id=2f2EzOlgeHPaK9xNXxBDWWPE0ljPQPbKV3WyNh1HiZA= pos=<7167.383789, 251.140411, 6839.566895>) Entered the safezone
18:16:37 [Safezone] Player "42cobra" (id=7jlJa0YJ0ppxWuiq1t34ec-CitMl82Ky24_qx8QK7Rs= pos=<7177.361328, 249.266113, 6837.924316>) Entered the safezone
18:19:19 [Market] Player "42cobra" (id=7jlJa0YJ0ppxWuiq1t34ec-CitMl82Ky24_qx8QK7Rs=) has send a requested to sell ak_plasticbttstck x1 at the trader "Ammo_Attachments (Taiki [Ammo & Attachments])" in market zone "Outpost 42" (pos=<7196.500000, 252.990005, 6976.500000>).
18:19:19 [Market] Player "42cobra" (id=7jlJa0YJ0ppxWuiq1t34ec-CitMl82Ky24_qx8QK7Rs=) has sold ak_plasticbttstck x1 at the trader "Ammo_Attachments (Taiki [Ammo & Attachments])" in market zone "Outpost 42" (pos=<7196.500000, 252.990005, 6976.500000>) and got 50.
18:19:23 [Market] Player "42cobra" (id=7jlJa0YJ0ppxWuiq1t34ec-CitMl82Ky24_qx8QK7Rs=) has send a requested to sell ak74_woodbttstck x1 at the trader "Ammo_Attachments (Taiki [Ammo & Attachments])" in market zone "Outpost 42" (pos=<7196.500000, 252.990005, 6976.500000>).
18:19:24 [Market] Player "42cobra" (id=7jlJa0YJ0ppxWuiq1t34ec-CitMl82Ky24_qx8QK7Rs=) has sold ak74_woodbttstck x1 at the trader "Ammo_Attachments (Taiki [Ammo & Attachments])" in market zone "Outpost 42" (pos=<7196.500000, 252.990005, 6976.500000>) and got 19.
18:19:42 [Market] Player "42cobra" (id=7jlJa0YJ0ppxWuiq1t34ec-CitMl82Ky24_qx8QK7Rs=) has send a requested to sell ak_plastichndgrd x1 at the trader "Ammo_Attachments (Taiki [Ammo & Attachments])" in market zone "Outpost 42" (pos=<7196.500000, 252.990005, 6976.500000>).
18:19:42 [Market] Player "42cobra" (id=7jlJa0YJ0ppxWuiq1t34ec-CitMl82Ky24_qx8QK7Rs=) has sold ak_plastichndgrd x1 at the trader "Ammo_Attachments (Taiki [Ammo & Attachments])" in market zone "Outpost 42" (pos=<7196.500000, 252.990005, 6976.500000>) and got 100.
18:19:50 [Market] Player "42cobra" (id=7jlJa0YJ0ppxWuiq1t34ec-CitMl82Ky24_qx8QK7Rs=) has send a requested to sell mag_ij70_8rnd x1 at the trader "Ammo_Attachments (Taiki [Ammo & Attachments])" in market zone "Outpost 42" (pos=<7196.500000, 252.990005, 6976.500000>).
18:19:50 [Market] Player "42cobra" (id=7jlJa0YJ0ppxWuiq1t34ec-CitMl82Ky24_qx8QK7Rs=) has sold mag_ij70_8rnd x1 at the trader "Ammo_Attachments (Taiki [Ammo & Attachments])" in market zone "Outpost 42" (pos=<7196.500000, 252.990005, 6976.500000>) and got 25.
18:20:15 [Market] Player "42cobra" (id=7jlJa0YJ0ppxWuiq1t34ec-CitMl82Ky24_qx8QK7Rs=) has send a requested to sell mag_sg_30rnd x1 at the trader "Ammo_Attachments (Taiki [Ammo & Attachments])" in market zone "Outpost 42" (pos=<7196.500000, 252.990005, 6976.500000>).
18:20:15 [Market] Player "42cobra" (id=7jlJa0YJ0ppxWuiq1t34ec-CitMl82Ky24_qx8QK7Rs=) has sold mag_sg_30rnd x1 at the trader "Ammo_Attachments (Taiki [Ammo & Attachments])" in market zone "Outpost 42" (pos=<7196.500000, 252.990005, 6976.500000>) and got 205.
18:20:34 [Market] Player "42cobra" (id=7jlJa0YJ0ppxWuiq1t34ec-CitMl82Ky24_qx8QK7Rs=) has send a requested to sell kashtanoptic x1 at the trader "Ammo_Attachments (Taiki [Ammo & Attachments])" in market zone "Outpost 42" (pos=<7196.500000, 252.990005, 6976.500000>).
18:20:34 [Market] Player "42cobra" (id=7jlJa0YJ0ppxWuiq1t34ec-CitMl82Ky24_qx8QK7Rs=) has sold kashtanoptic x1 at the trader "Ammo_Attachments (Taiki [Ammo & Attachments])" in market zone "Outpost 42" (pos=<7196.500000, 252.990005, 6976.500000>) and got 262.
18:21:35 [Market] Player "42cobra" (id=7jlJa0YJ0ppxWuiq1t34ec-CitMl82Ky24_qx8QK7Rs=) has send a requested to sell akm x1 at the trader "Weapons (Seth [Weapons])" in market zone "Outpost 42" (pos=<7196.500000, 252.990005, 6976.500000>).
18:21:35 [Market] Player "42cobra" (id=7jlJa0YJ0ppxWuiq1t34ec-CitMl82Ky24_qx8QK7Rs=) has sold akm x1 at the trader "Weapons (Seth [Weapons])" in market zone "Outpost 42" (pos=<7196.500000, 252.990005, 6976.500000>) and got 1500.
18:21:44 [Market] Player "42cobra" (id=7jlJa0YJ0ppxWuiq1t34ec-CitMl82Ky24_qx8QK7Rs=) has send a requested to sell izh18 x1 at the trader "Weapons (Seth [Weapons])" in market zone "Outpost 42" (pos=<7196.500000, 252.990005, 6976.500000>).
18:21:44 [Market] Player "42cobra" (id=7jlJa0YJ0ppxWuiq1t34ec-CitMl82Ky24_qx8QK7Rs=) has sold izh18 x1 at the trader "Weapons (Seth [Weapons])" in market zone "Outpost 42" (pos=<7196.500000, 252.990005, 6976.500000>) and got 375.
18:21:58 [Market] Player "42cobra" (id=7jlJa0YJ0ppxWuiq1t34ec-CitMl82Ky24_qx8QK7Rs=) has send a requested to sell engraved1911 x1 at the trader "Weapons (Seth [Weapons])" in market zone "Outpost 42" (pos=<7196.500000, 252.990005, 6976.500000>).
18:21:58 [Market] Player "42cobra" (id=7jlJa0YJ0ppxWuiq1t34ec-CitMl82Ky24_qx8QK7Rs=) has sold engraved1911 x1 at the trader "Weapons (Seth [Weapons])" in market zone "Outpost 42" (pos=<7196.500000, 252.990005, 6976.500000>) and got 125.
18:22:03 [Market] Player "42cobra" (id=7jlJa0YJ0ppxWuiq1t34ec-CitMl82Ky24_qx8QK7Rs=) has send a requested to sell makarovij70 x1 at the trader "Weapons (Seth [Weapons])" in market zone "Outpost 42" (pos=<7196.500000, 252.990005, 6976.500000>).
18:22:03 [Market] Player "42cobra" (id=7jlJa0YJ0ppxWuiq1t34ec-CitMl82Ky24_qx8QK7Rs=) has sold makarovij70 x1 at the trader "Weapons (Seth [Weapons])" in market zone "Outpost 42" (pos=<7196.500000, 252.990005, 6976.500000>) and got 50.
18:22:06 [Market] Player "Gladiator" (id=2f2EzOlgeHPaK9xNXxBDWWPE0ljPQPbKV3WyNh1HiZA=) has send a requested to sell reflexoptic x1 at the trader "Ammo_Attachments (Taiki [Ammo & Attachments])" in market zone "Outpost 42" (pos=<7196.500000, 252.990005, 6976.500000>).
18:22:06 [Market] Player "Gladiator" (id=2f2EzOlgeHPaK9xNXxBDWWPE0ljPQPbKV3WyNh1HiZA=) has sold reflexoptic x1 at the trader "Ammo_Attachments (Taiki [Ammo & Attachments])" in market zone "Outpost 42" (pos=<7196.500000, 252.990005, 6976.500000>) and got 19.
18:22:09 [Market] Player "42cobra" (id=7jlJa0YJ0ppxWuiq1t34ec-CitMl82Ky24_qx8QK7Rs=) has send a requested to sell colt1911 x1 at the trader "Weapons (Seth [Weapons])" in market zone "Outpost 42" (pos=<7196.500000, 252.990005, 6976.500000>).
18:22:09 [Market] Player "42cobra" (id=7jlJa0YJ0ppxWuiq1t34ec-CitMl82Ky24_qx8QK7Rs=) has sold colt1911 x1 at the trader "Weapons (Seth [Weapons])" in market zone "Outpost 42" (pos=<7196.500000, 252.990005, 6976.500000>) and got 62.
18:22:10 [Market] Player "Gladiator" (id=2f2EzOlgeHPaK9xNXxBDWWPE0ljPQPbKV3WyNh1HiZA=) has send a requested to sell expansionreflexmrsoptic x1 at the trader "Ammo_Attachments (Taiki [Ammo & Attachments])" in market zone "Outpost 42" (pos=<7196.500000, 252.990005, 6976.500000>).
18:22:10 [Market] Player "Gladiator" (id=2f2EzOlgeHPaK9xNXxBDWWPE0ljPQPbKV3WyNh1HiZA=) has sold expansionreflexmrsoptic x1 at the trader "Ammo_Attachments (Taiki [Ammo & Attachments])" in market zone "Outpost 42" (pos=<7196.500000, 252.990005, 6976.500000>) and got 75.
18:22:13 [Market] Player "Gladiator" (id=2f2EzOlgeHPaK9xNXxBDWWPE0ljPQPbKV3WyNh1HiZA=) has send a requested to sell kobraoptic x1 at the trader "Ammo_Attachments (Taiki [Ammo & Attachments])" in market zone "Outpost 42" (pos=<7196.500000, 252.990005, 6976.500000>).
18:22:13 [Market] Player "Gladiator" (id=2f2EzOlgeHPaK9xNXxBDWWPE0ljPQPbKV3WyNh1HiZA=) has sold kobraoptic x1 at the trader "Ammo_Attachments (Taiki [Ammo & Attachments])" in market zone "Outpost 42" (pos=<7196.500000, 252.990005, 6976.500000>) and got 75.
18:22:23 [Market] Player "Gladiator" (id=2f2EzOlgeHPaK9xNXxBDWWPE0ljPQPbKV3WyNh1HiZA=) has send a requested to sell acogoptic x3 at the trader "Ammo_Attachments (Taiki [Ammo & Attachments])" in market zone "Outpost 42" (pos=<7196.500000, 252.990005, 6976.500000>).
18:22:23 [Market] Player "Gladiator" (id=2f2EzOlgeHPaK9xNXxBDWWPE0ljPQPbKV3WyNh1HiZA=) has sold acogoptic x3 at the trader "Ammo_Attachments (Taiki [Ammo & Attachments])" in market zone "Outpost 42" (pos=<7196.500000, 252.990005, 6976.500000>) and got 262.
18:22:49 [Market] Player "Gladiator" (id=2f2EzOlgeHPaK9xNXxBDWWPE0ljPQPbKV3WyNh1HiZA=) has send a requested to sell aks74u x1 at the trader "Weapons (Seth [Weapons])" in market zone "Outpost 42" (pos=<7196.500000, 252.990005, 6976.500000>).
18:22:49 [Market] Player "Gladiator" (id=2f2EzOlgeHPaK9xNXxBDWWPE0ljPQPbKV3WyNh1HiZA=) has sold aks74u x1 at the trader "Weapons (Seth [Weapons])" in market zone "Outpost 42" (pos=<7196.500000, 252.990005, 6976.500000>) and got 2038.
18:23:03 [Market] Player "Gladiator" (id=2f2EzOlgeHPaK9xNXxBDWWPE0ljPQPbKV3WyNh1HiZA=) has send a requested to sell colt1911 x1 at the trader "Weapons (Seth [Weapons])" in market zone "Outpost 42" (pos=<7196.500000, 252.990005, 6976.500000>).
18:23:03 [Market] Player "Gladiator" (id=2f2EzOlgeHPaK9xNXxBDWWPE0ljPQPbKV3WyNh1HiZA=) has sold colt1911 x1 at the trader "Weapons (Seth [Weapons])" in market zone "Outpost 42" (pos=<7196.500000, 252.990005, 6976.500000>) and got 125.
18:23:08 [Market] Player "Gladiator" (id=2f2EzOlgeHPaK9xNXxBDWWPE0ljPQPbKV3WyNh1HiZA=) has send a requested to sell expansion_m9 x1 at the trader "Weapons (Seth [Weapons])" in market zone "Outpost 42" (pos=<7196.500000, 252.990005, 6976.500000>).
18:23:09 [Market] Player "Gladiator" (id=2f2EzOlgeHPaK9xNXxBDWWPE0ljPQPbKV3WyNh1HiZA=) has sold expansion_m9 x1 at the trader "Weapons (Seth [Weapons])" in market zone "Outpost 42" (pos=<7196.500000, 252.990005, 6976.500000>) and got 62.
18:23:12 [Market] Player "Gladiator" (id=2f2EzOlgeHPaK9xNXxBDWWPE0ljPQPbKV3WyNh1HiZA=) has send a requested to sell makarovij70 x1 at the trader "Weapons (Seth [Weapons])" in market zone "Outpost 42" (pos=<7196.500000, 252.990005, 6976.500000>).
18:23:12 [Market] Player "Gladiator" (id=2f2EzOlgeHPaK9xNXxBDWWPE0ljPQPbKV3WyNh1HiZA=) has sold makarovij70 x1 at the trader "Weapons (Seth [Weapons])" in market zone "Outpost 42" (pos=<7196.500000, 252.990005, 6976.500000>) and got 12.
18:23:15 [Market] Player "Gladiator" (id=2f2EzOlgeHPaK9xNXxBDWWPE0ljPQPbKV3WyNh1HiZA=) has send a requested to sell makarovij70 x1 at the trader "Weapons (Seth [Weapons])" in market zone "Outpost 42" (pos=<7196.500000, 252.990005, 6976.500000>).
18:23:15 [Market] Player "Gladiator" (id=2f2EzOlgeHPaK9xNXxBDWWPE0ljPQPbKV3WyNh1HiZA=) has sold makarovij70 x1 at the trader "Weapons (Seth [Weapons])" in market zone "Outpost 42" (pos=<7196.500000, 252.990005, 6976.500000>) and got 50.
18:23:22 [Market] Player "Gladiator" (id=2f2EzOlgeHPaK9xNXxBDWWPE0ljPQPbKV3WyNh1HiZA=) has send a requested to sell izh18 x1 at the trader "Weapons (Seth [Weapons])" in market zone "Outpost 42" (pos=<7196.500000, 252.990005, 6976.500000>).
18:23:22 [Market] Player "Gladiator" (id=2f2EzOlgeHPaK9xNXxBDWWPE0ljPQPbKV3WyNh1HiZA=) has sold izh18 x1 at the trader "Weapons (Seth [Weapons])" in market zone "Outpost 42" (pos=<7196.500000, 252.990005, 6976.500000>) and got 500.
18:23:38 [Market] Player "42cobra" (id=7jlJa0YJ0ppxWuiq1t34ec-CitMl82Ky24_qx8QK7Rs=) has send a requested to sell platecarrierholster x1 at the trader "MilitaryGear (Judy [Military Gear])" in market zone "Outpost 42" (pos=<7196.500000, 252.990005, 6976.500000>).
18:23:39 [Market] Player "42cobra" (id=7jlJa0YJ0ppxWuiq1t34ec-CitMl82Ky24_qx8QK7Rs=) has sold platecarrierholster x1 at the trader "MilitaryGear (Judy [Military Gear])" in market zone "Outpost 42" (pos=<7196.500000, 252.990005, 6976.500000>) and got 30.
18:23:45 [Market] Player "Gladiator" (id=2f2EzOlgeHPaK9xNXxBDWWPE0ljPQPbKV3WyNh1HiZA=) has send a requested to sell mp5k x1 at the trader "Weapons (Seth [Weapons])" in market zone "Outpost 42" (pos=<7196.500000, 252.990005, 6976.500000>).
18:23:45 [Market] Player "Gladiator" (id=2f2EzOlgeHPaK9xNXxBDWWPE0ljPQPbKV3WyNh1HiZA=) has sold mp5k x1 at the trader "Weapons (Seth [Weapons])" in market zone "Outpost 42" (pos=<7196.500000, 252.990005, 6976.500000>) and got 437.
18:23:48 [Market] Player "42cobra" (id=7jlJa0YJ0ppxWuiq1t34ec-CitMl82Ky24_qx8QK7Rs=) has send a requested to sell ukassvest_khaki x1 at the trader "MilitaryGear (Judy [Military Gear])" in market zone "Outpost 42" (pos=<7196.500000, 252.990005, 6976.500000>).
18:23:48 [Market] Player "42cobra" (id=7jlJa0YJ0ppxWuiq1t34ec-CitMl82Ky24_qx8QK7Rs=) has sold ukassvest_khaki x1 at the trader "MilitaryGear (Judy [Military Gear])" in market zone "Outpost 42" (pos=<7196.500000, 252.990005, 6976.500000>) and got 11.
18:23:57 [Market] Player "42cobra" (id=7jlJa0YJ0ppxWuiq1t34ec-CitMl82Ky24_qx8QK7Rs=) has send a requested to sell militaryboots_brown x1 at the trader "MilitaryGear (Judy [Military Gear])" in market zone "Outpost 42" (pos=<7196.500000, 252.990005, 6976.500000>).
18:23:57 [Market] Player "42cobra" (id=7jlJa0YJ0ppxWuiq1t34ec-CitMl82Ky24_qx8QK7Rs=) has sold militaryboots_brown x1 at the trader "MilitaryGear (Judy [Military Gear])" in market zone "Outpost 42" (pos=<7196.500000, 252.990005, 6976.500000>) and got 50.
18:24:12 [Market] Player "42cobra" (id=7jlJa0YJ0ppxWuiq1t34ec-CitMl82Ky24_qx8QK7Rs=) has send a requested to sell mvs_balaclava_black x1 at the trader "MilitaryGear (Judy [Military Gear])" in market zone "Outpost 42" (pos=<7196.500000, 252.990005, 6976.500000>).
18:24:12 [Market] Player "42cobra" (id=7jlJa0YJ0ppxWuiq1t34ec-CitMl82Ky24_qx8QK7Rs=) has sold mvs_balaclava_black x1 at the trader "MilitaryGear (Judy [Military Gear])" in market zone "Outpost 42" (pos=<7196.500000, 252.990005, 6976.500000>) and got 206.
18:24:55 [Market] Player "Gladiator" (id=2f2EzOlgeHPaK9xNXxBDWWPE0ljPQPbKV3WyNh1HiZA=) has send a requested to sell nailbox x1 at the trader "Tools_Supplies (Kaito [Tools & Supplies])" in market zone "Outpost 42" (pos=<7196.500000, 252.990005, 6976.500000>).
18:24:55 [Market] Player "Gladiator" (id=2f2EzOlgeHPaK9xNXxBDWWPE0ljPQPbKV3WyNh1HiZA=) has sold nailbox x1 at the trader "Tools_Supplies (Kaito [Tools & Supplies])" in market zone "Outpost 42" (pos=<7196.500000, 252.990005, 6976.500000>) and got 250.
18:25:32 [Market] Player "42cobra" (id=7jlJa0YJ0ppxWuiq1t34ec-CitMl82Ky24_qx8QK7Rs=) has send a requested to sell ttc_uzi x1 at the trader "Weapons (Seth [Weapons])" in market zone "Outpost 42" (pos=<7196.500000, 252.990005, 6976.500000>).
18:25:33 [Market] Player "42cobra" (id=7jlJa0YJ0ppxWuiq1t34ec-CitMl82Ky24_qx8QK7Rs=) has sold ttc_uzi x1 at the trader "Weapons (Seth [Weapons])" in market zone "Outpost 42" (pos=<7196.500000, 252.990005, 6976.500000>) and got 1250.
18:26:23 [Market] Player "Gladiator" (id=2f2EzOlgeHPaK9xNXxBDWWPE0ljPQPbKV3WyNh1HiZA=) has send a requested to sell mag_ij70_8rnd x1 at the trader "Ammo_Attachments (Taiki [Ammo & Attachments])" in market zone "Outpost 42" (pos=<7196.500000, 252.990005, 6976.500000>).
18:26:23 [Market] Player "Gladiator" (id=2f2EzOlgeHPaK9xNXxBDWWPE0ljPQPbKV3WyNh1HiZA=) has sold mag_ij70_8rnd x1 at the trader "Ammo_Attachments (Taiki [Ammo & Attachments])" in market zone "Outpost 42" (pos=<7196.500000, 252.990005, 6976.500000>) and got 15.
18:26:26 [Market] Player "Gladiator" (id=2f2EzOlgeHPaK9xNXxBDWWPE0ljPQPbKV3WyNh1HiZA=) has send a requested to sell mag_ij70_8rnd x1 at the trader "Ammo_Attachments (Taiki [Ammo & Attachments])" in market zone "Outpost 42" (pos=<7196.500000, 252.990005, 6976.500000>).
18:26:26 [Market] Player "Gladiator" (id=2f2EzOlgeHPaK9xNXxBDWWPE0ljPQPbKV3WyNh1HiZA=) has sold mag_ij70_8rnd x1 at the trader "Ammo_Attachments (Taiki [Ammo & Attachments])" in market zone "Outpost 42" (pos=<7196.500000, 252.990005, 6976.500000>) and got 26.
18:26:29 [Market] Player "Gladiator" (id=2f2EzOlgeHPaK9xNXxBDWWPE0ljPQPbKV3WyNh1HiZA=) has send a requested to sell ttc_uzi_mag_30rnd x1 at the trader "Ammo_Attachments (Taiki [Ammo & Attachments])" in market zone "Outpost 42" (pos=<7196.500000, 252.990005, 6976.500000>).
18:26:29 [Market] Player "Gladiator" (id=2f2EzOlgeHPaK9xNXxBDWWPE0ljPQPbKV3WyNh1HiZA=) has sold ttc_uzi_mag_30rnd x1 at the trader "Ammo_Attachments (Taiki [Ammo & Attachments])" in market zone "Outpost 42" (pos=<7196.500000, 252.990005, 6976.500000>) and got 460.
18:26:32 [Market] Player "42cobra" (id=7jlJa0YJ0ppxWuiq1t34ec-CitMl82Ky24_qx8QK7Rs=) has send a requested to purchase combatboots_beige x1 from the trader "MilitaryGear (Judy [Military Gear])" in market zone "Outpost 42" (pos=<7196.500000, 252.990005, 6976.500000>).
18:26:32 [Market] Player "42cobra" (id=7jlJa0YJ0ppxWuiq1t34ec-CitMl82Ky24_qx8QK7Rs=) has bought combatboots_beige x1 from the trader "MilitaryGear (Judy [Military Gear])" in market zone "Outpost 42" (pos=<7196.500000, 252.990005, 6976.500000>) for a price of 80.
18:26:33 [Market] Player "Gladiator" (id=2f2EzOlgeHPaK9xNXxBDWWPE0ljPQPbKV3WyNh1HiZA=) has send a requested to sell mag_1911_7rnd x1 at the trader "Ammo_Attachments (Taiki [Ammo & Attachments])" in market zone "Outpost 42" (pos=<7196.500000, 252.990005, 6976.500000>).
18:26:33 [Market] Player "Gladiator" (id=2f2EzOlgeHPaK9xNXxBDWWPE0ljPQPbKV3WyNh1HiZA=) has sold mag_1911_7rnd x1 at the trader "Ammo_Attachments (Taiki [Ammo & Attachments])" in market zone "Outpost 42" (pos=<7196.500000, 252.990005, 6976.500000>) and got 8.
18:26:36 [Market] Player "Gladiator" (id=2f2EzOlgeHPaK9xNXxBDWWPE0ljPQPbKV3WyNh1HiZA=) has send a requested to sell mag_mp5_30rnd x1 at the trader "Ammo_Attachments (Taiki [Ammo & Attachments])" in market zone "Outpost 42" (pos=<7196.500000, 252.990005, 6976.500000>).
18:26:36 [Market] Player "Gladiator" (id=2f2EzOlgeHPaK9xNXxBDWWPE0ljPQPbKV3WyNh1HiZA=) has sold mag_mp5_30rnd x1 at the trader "Ammo_Attachments (Taiki [Ammo & Attachments])" in market zone "Outpost 42" (pos=<7196.500000, 252.990005, 6976.500000>) and got 86.
18:26:42 [Market] Player "Gladiator" (id=2f2EzOlgeHPaK9xNXxBDWWPE0ljPQPbKV3WyNh1HiZA=) has send a requested to sell mag_ruger1022_15rnd x1 at the trader "Ammo_Attachments (Taiki [Ammo & Attachments])" in market zone "Outpost 42" (pos=<7196.500000, 252.990005, 6976.500000>).
18:26:43 [Market] Player "Gladiator" (id=2f2EzOlgeHPaK9xNXxBDWWPE0ljPQPbKV3WyNh1HiZA=) has sold mag_ruger1022_15rnd x1 at the trader "Ammo_Attachments (Taiki [Ammo & Attachments])" in market zone "Outpost 42" (pos=<7196.500000, 252.990005, 6976.500000>) and got 127.
18:26:45 [Market] Player "Gladiator" (id=2f2EzOlgeHPaK9xNXxBDWWPE0ljPQPbKV3WyNh1HiZA=) has send a requested to sell mag_mp5_15rnd x1 at the trader "Ammo_Attachments (Taiki [Ammo & Attachments])" in market zone "Outpost 42" (pos=<7196.500000, 252.990005, 6976.500000>).
18:26:45 [Market] Player "Gladiator" (id=2f2EzOlgeHPaK9xNXxBDWWPE0ljPQPbKV3WyNh1HiZA=) has sold mag_mp5_15rnd x1 at the trader "Ammo_Attachments (Taiki [Ammo & Attachments])" in market zone "Outpost 42" (pos=<7196.500000, 252.990005, 6976.500000>) and got 59.
18:26:54 [Market] Player "Gladiator" (id=2f2EzOlgeHPaK9xNXxBDWWPE0ljPQPbKV3WyNh1HiZA=) has send a requested to sell ak74_woodbttstck x1 at the trader "Ammo_Attachments (Taiki [Ammo & Attachments])" in market zone "Outpost 42" (pos=<7196.500000, 252.990005, 6976.500000>).
18:26:55 [Market] Player "Gladiator" (id=2f2EzOlgeHPaK9xNXxBDWWPE0ljPQPbKV3WyNh1HiZA=) has sold ak74_woodbttstck x1 at the trader "Ammo_Attachments (Taiki [Ammo & Attachments])" in market zone "Outpost 42" (pos=<7196.500000, 252.990005, 6976.500000>) and got 75.
18:26:57 [Market] Player "Gladiator" (id=2f2EzOlgeHPaK9xNXxBDWWPE0ljPQPbKV3WyNh1HiZA=) has send a requested to sell saiga_bttstck x1 at the trader "Ammo_Attachments (Taiki [Ammo & Attachments])" in market zone "Outpost 42" (pos=<7196.500000, 252.990005, 6976.500000>).
18:26:57 [Market] Player "Gladiator" (id=2f2EzOlgeHPaK9xNXxBDWWPE0ljPQPbKV3WyNh1HiZA=) has sold saiga_bttstck x1 at the trader "Ammo_Attachments (Taiki [Ammo & Attachments])" in market zone "Outpost 42" (pos=<7196.500000, 252.990005, 6976.500000>) and got 75.
18:27:00 [Market] Player "42cobra" (id=7jlJa0YJ0ppxWuiq1t34ec-CitMl82Ky24_qx8QK7Rs=) has send a requested to sell combatboots_beige x1 at the trader "MilitaryGear (Judy [Military Gear])" in market zone "Outpost 42" (pos=<7196.500000, 252.990005, 6976.500000>).
18:27:00 [Market] Player "42cobra" (id=7jlJa0YJ0ppxWuiq1t34ec-CitMl82Ky24_qx8QK7Rs=) has sold combatboots_beige x1 at the trader "MilitaryGear (Judy [Military Gear])" in market zone "Outpost 42" (pos=<7196.500000, 252.990005, 6976.500000>) and got 40.
18:27:08 [Market] Player "Gladiator" (id=2f2EzOlgeHPaK9xNXxBDWWPE0ljPQPbKV3WyNh1HiZA=) has send a requested to sell ammobox_45acp_25rnd x1 at the trader "Ammo_Attachments (Taiki [Ammo & Attachments])" in market zone "Outpost 42" (pos=<7196.500000, 252.990005, 6976.500000>).
18:27:08 [Market] Player "Gladiator" (id=2f2EzOlgeHPaK9xNXxBDWWPE0ljPQPbKV3WyNh1HiZA=) has sold ammobox_45acp_25rnd x1 at the trader "Ammo_Attachments (Taiki [Ammo & Attachments])" in market zone "Outpost 42" (pos=<7196.500000, 252.990005, 6976.500000>) and got 15.
18:27:11 [Market] Player "Gladiator" (id=2f2EzOlgeHPaK9xNXxBDWWPE0ljPQPbKV3WyNh1HiZA=) has send a requested to sell ammobox_45acp_25rnd x1 at the trader "Ammo_Attachments (Taiki [Ammo & Attachments])" in market zone "Outpost 42" (pos=<7196.500000, 252.990005, 6976.500000>).
18:27:11 [Market] Player "Gladiator" (id=2f2EzOlgeHPaK9xNXxBDWWPE0ljPQPbKV3WyNh1HiZA=) has sold ammobox_45acp_25rnd x1 at the trader "Ammo_Attachments (Taiki [Ammo & Attachments])" in market zone "Outpost 42" (pos=<7196.500000, 252.990005, 6976.500000>) and got 15.
18:27:27 [Market] Player "Gladiator" (id=2f2EzOlgeHPaK9xNXxBDWWPE0ljPQPbKV3WyNh1HiZA=) has send a requested to sell ammobox_9x39_20rnd x1 at the trader "Ammo_Attachments (Taiki [Ammo & Attachments])" in market zone "Outpost 42" (pos=<7196.500000, 252.990005, 6976.500000>).
18:27:27 [Market] Player "Gladiator" (id=2f2EzOlgeHPaK9xNXxBDWWPE0ljPQPbKV3WyNh1HiZA=) has sold ammobox_9x39_20rnd x1 at the trader "Ammo_Attachments (Taiki [Ammo & Attachments])" in market zone "Outpost 42" (pos=<7196.500000, 252.990005, 6976.500000>) and got 6.
18:27:44 [Market] Player "Gladiator" (id=2f2EzOlgeHPaK9xNXxBDWWPE0ljPQPbKV3WyNh1HiZA=) has send a requested to sell ammobox_9x19_25rnd x1 at the trader "Ammo_Attachments (Taiki [Ammo & Attachments])" in market zone "Outpost 42" (pos=<7196.500000, 252.990005, 6976.500000>).
18:27:44 [Market] Player "Gladiator" (id=2f2EzOlgeHPaK9xNXxBDWWPE0ljPQPbKV3WyNh1HiZA=) has sold ammobox_9x19_25rnd x1 at the trader "Ammo_Attachments (Taiki [Ammo & Attachments])" in market zone "Outpost 42" (pos=<7196.500000, 252.990005, 6976.500000>) and got 5.
18:27:47 [Market] Player "Gladiator" (id=2f2EzOlgeHPaK9xNXxBDWWPE0ljPQPbKV3WyNh1HiZA=) has send a requested to sell ammobox_762x39_20rnd x1 at the trader "Ammo_Attachments (Taiki [Ammo & Attachments])" in market zone "Outpost 42" (pos=<7196.500000, 252.990005, 6976.500000>).
18:27:47 [Market] Player "Gladiator" (id=2f2EzOlgeHPaK9xNXxBDWWPE0ljPQPbKV3WyNh1HiZA=) has sold ammobox_762x39_20rnd x1 at the trader "Ammo_Attachments (Taiki [Ammo & Attachments])" in market zone "Outpost 42" (pos=<7196.500000, 252.990005, 6976.500000>) and got 16.
18:27:54 [Market] Player "Gladiator" (id=2f2EzOlgeHPaK9xNXxBDWWPE0ljPQPbKV3WyNh1HiZA=) has send a requested to sell ammo_9x39 x26 at the trader "Ammo_Attachments (Taiki [Ammo & Attachments])" in market zone "Outpost 42" (pos=<7196.500000, 252.990005, 6976.500000>).
18:27:55 [Market] Player "Gladiator" (id=2f2EzOlgeHPaK9xNXxBDWWPE0ljPQPbKV3WyNh1HiZA=) has sold ammo_9x39 x26 at the trader "Ammo_Attachments (Taiki [Ammo & Attachments])" in market zone "Outpost 42" (pos=<7196.500000, 252.990005, 6976.500000>) and got 26.
18:28:02 [Market] Player "Gladiator" (id=2f2EzOlgeHPaK9xNXxBDWWPE0ljPQPbKV3WyNh1HiZA=) has send a requested to sell ammo_762x54 x52 at the trader "Ammo_Attachments (Taiki [Ammo & Attachments])" in market zone "Outpost 42" (pos=<7196.500000, 252.990005, 6976.500000>).
18:28:02 [Market] Player "Gladiator" (id=2f2EzOlgeHPaK9xNXxBDWWPE0ljPQPbKV3WyNh1HiZA=) has sold ammo_762x54 x52 at the trader "Ammo_Attachments (Taiki [Ammo & Attachments])" in market zone "Outpost 42" (pos=<7196.500000, 252.990005, 6976.500000>) and got 25.
18:28:08 [Market] Player "Gladiator" (id=2f2EzOlgeHPaK9xNXxBDWWPE0ljPQPbKV3WyNh1HiZA=) has send a requested to sell ammo_762x39 x20 at the trader "Ammo_Attachments (Taiki [Ammo & Attachments])" in market zone "Outpost 42" (pos=<7196.500000, 252.990005, 6976.500000>).
18:28:08 [Market] Player "Gladiator" (id=2f2EzOlgeHPaK9xNXxBDWWPE0ljPQPbKV3WyNh1HiZA=) has sold ammo_762x39 x20 at the trader "Ammo_Attachments (Taiki [Ammo & Attachments])" in market zone "Outpost 42" (pos=<7196.500000, 252.990005, 6976.500000>) and got 16.
18:28:14 [Market] Player "Gladiator" (id=2f2EzOlgeHPaK9xNXxBDWWPE0ljPQPbKV3WyNh1HiZA=) has send a requested to sell ammo_545x39 x6 at the trader "Ammo_Attachments (Taiki [Ammo & Attachments])" in market zone "Outpost 42" (pos=<7196.500000, 252.990005, 6976.500000>).
18:28:14 [Market] Player "Gladiator" (id=2f2EzOlgeHPaK9xNXxBDWWPE0ljPQPbKV3WyNh1HiZA=) has sold ammo_545x39 x6 at the trader "Ammo_Attachments (Taiki [Ammo & Attachments])" in market zone "Outpost 42" (pos=<7196.500000, 252.990005, 6976.500000>) and got 4.
18:28:21 [Market] Player "Gladiator" (id=2f2EzOlgeHPaK9xNXxBDWWPE0ljPQPbKV3WyNh1HiZA=) has send a requested to sell ammo_45acp x59 at the trader "Ammo_Attachments (Taiki [Ammo & Attachments])" in market zone "Outpost 42" (pos=<7196.500000, 252.990005, 6976.500000>).
18:28:21 [Market] Player "Gladiator" (id=2f2EzOlgeHPaK9xNXxBDWWPE0ljPQPbKV3WyNh1HiZA=) has sold ammo_45acp x59 at the trader "Ammo_Attachments (Taiki [Ammo & Attachments])" in market zone "Outpost 42" (pos=<7196.500000, 252.990005, 6976.500000>) and got 43.
18:28:36 [Market] Player "42cobra" (id=7jlJa0YJ0ppxWuiq1t34ec-CitMl82Ky24_qx8QK7Rs=) has send a requested to purchase ttskoboots x1 from the trader "MilitaryGear (Judy [Military Gear])" in market zone "Outpost 42" (pos=<7196.500000, 252.990005, 6976.500000>).
18:28:36 [Market] Player "42cobra" (id=7jlJa0YJ0ppxWuiq1t34ec-CitMl82Ky24_qx8QK7Rs=) has bought ttskoboots x1 from the trader "MilitaryGear (Judy [Military Gear])" in market zone "Outpost 42" (pos=<7196.500000, 252.990005, 6976.500000>) for a price of 100.
18:28:40 [Market] Player "Gladiator" (id=2f2EzOlgeHPaK9xNXxBDWWPE0ljPQPbKV3WyNh1HiZA=) has send a requested to sell militaryboots_brown x1 at the trader "MilitaryGear (Judy [Military Gear])" in market zone "Outpost 42" (pos=<7196.500000, 252.990005, 6976.500000>).
18:28:40 [Market] Player "Gladiator" (id=2f2EzOlgeHPaK9xNXxBDWWPE0ljPQPbKV3WyNh1HiZA=) has sold militaryboots_brown x1 at the trader "MilitaryGear (Judy [Military Gear])" in market zone "Outpost 42" (pos=<7196.500000, 252.990005, 6976.500000>) and got 50.
18:28:45 [Market] Player "Gladiator" (id=2f2EzOlgeHPaK9xNXxBDWWPE0ljPQPbKV3WyNh1HiZA=) has send a requested to sell booniehat_tan x1 at the trader "MilitaryGear (Judy [Military Gear])" in market zone "Outpost 42" (pos=<7196.500000, 252.990005, 6976.500000>).
18:28:45 [Market] Player "Gladiator" (id=2f2EzOlgeHPaK9xNXxBDWWPE0ljPQPbKV3WyNh1HiZA=) has sold booniehat_tan x1 at the trader "MilitaryGear (Judy [Military Gear])" in market zone "Outpost 42" (pos=<7196.500000, 252.990005, 6976.500000>) and got 100.
18:29:00 [Market] Player "Gladiator" (id=2f2EzOlgeHPaK9xNXxBDWWPE0ljPQPbKV3WyNh1HiZA=) has send a requested to sell mvs_shirt_bdu_snow x1 at the trader "MilitaryGear (Judy [Military Gear])" in market zone "Outpost 42" (pos=<7196.500000, 252.990005, 6976.500000>).
18:29:00 [Market] Player "Gladiator" (id=2f2EzOlgeHPaK9xNXxBDWWPE0ljPQPbKV3WyNh1HiZA=) has sold mvs_shirt_bdu_snow x1 at the trader "MilitaryGear (Judy [Military Gear])" in market zone "Outpost 42" (pos=<7196.500000, 252.990005, 6976.500000>) and got 125.
18:29:05 [Market] Player "42cobra" (id=7jlJa0YJ0ppxWuiq1t34ec-CitMl82Ky24_qx8QK7Rs=) has send a requested to sell civilianbelt x1 at the trader "CivilianGear (Frida [Civilian Gear])" in market zone "Outpost 42" (pos=<7196.500000, 252.990005, 6976.500000>).
18:29:06 [Market] Player "42cobra" (id=7jlJa0YJ0ppxWuiq1t34ec-CitMl82Ky24_qx8QK7Rs=) has sold civilianbelt x1 at the trader "CivilianGear (Frida [Civilian Gear])" in market zone "Outpost 42" (pos=<7196.500000, 252.990005, 6976.500000>) and got 50.
18:29:17 [Market] Player "42cobra" (id=7jlJa0YJ0ppxWuiq1t34ec-CitMl82Ky24_qx8QK7Rs=) has send a requested to sell hoodie_green x1 at the trader "CivilianGear (Frida [Civilian Gear])" in market zone "Outpost 42" (pos=<7196.500000, 252.990005, 6976.500000>).
18:29:17 [Market] Player "42cobra" (id=7jlJa0YJ0ppxWuiq1t34ec-CitMl82Ky24_qx8QK7Rs=) has sold hoodie_green x1 at the trader "CivilianGear (Frida [Civilian Gear])" in market zone "Outpost 42" (pos=<7196.500000, 252.990005, 6976.500000>) and got 15.
18:29:27 [Market] Player "42cobra" (id=7jlJa0YJ0ppxWuiq1t34ec-CitMl82Ky24_qx8QK7Rs=) has send a requested to sell poncho_blackandwhite2 x1 at the trader "CivilianGear (Frida [Civilian Gear])" in market zone "Outpost 42" (pos=<7196.500000, 252.990005, 6976.500000>).
18:29:27 [Market] Player "42cobra" (id=7jlJa0YJ0ppxWuiq1t34ec-CitMl82Ky24_qx8QK7Rs=) has sold poncho_blackandwhite2 x1 at the trader "CivilianGear (Frida [Civilian Gear])" in market zone "Outpost 42" (pos=<7196.500000, 252.990005, 6976.500000>) and got 62.
18:29:39 [Market] Player "Gladiator" (id=2f2EzOlgeHPaK9xNXxBDWWPE0ljPQPbKV3WyNh1HiZA=) has send a requested to purchase militaryboots_redpunk x1 from the trader "MilitaryGear (Judy [Military Gear])" in market zone "Outpost 42" (pos=<7196.500000, 252.990005, 6976.500000>).
18:29:39 [Market] Player "Gladiator" (id=2f2EzOlgeHPaK9xNXxBDWWPE0ljPQPbKV3WyNh1HiZA=) has bought militaryboots_redpunk x1 from the trader "MilitaryGear (Judy [Military Gear])" in market zone "Outpost 42" (pos=<7196.500000, 252.990005, 6976.500000>) for a price of 100.
18:31:06 [Market] Player "42cobra" (id=7jlJa0YJ0ppxWuiq1t34ec-CitMl82Ky24_qx8QK7Rs=) has send a requested to sell tortillabag x1 at the trader "MilitaryGear (Judy [Military Gear])" in market zone "Outpost 42" (pos=<7196.500000, 252.990005, 6976.500000>).
18:31:06 [Market] Player "42cobra" (id=7jlJa0YJ0ppxWuiq1t34ec-CitMl82Ky24_qx8QK7Rs=) has sold tortillabag x1 at the trader "MilitaryGear (Judy [Military Gear])" in market zone "Outpost 42" (pos=<7196.500000, 252.990005, 6976.500000>) and got 90.
18:31:11 [Market] Player "Gladiator" (id=2f2EzOlgeHPaK9xNXxBDWWPE0ljPQPbKV3WyNh1HiZA=) has send a requested to sell tortillabag x1 at the trader "MilitaryGear (Judy [Military Gear])" in market zone "Outpost 42" (pos=<7196.500000, 252.990005, 6976.500000>).
18:31:12 [Market] Player "Gladiator" (id=2f2EzOlgeHPaK9xNXxBDWWPE0ljPQPbKV3WyNh1HiZA=) has sold tortillabag x1 at the trader "MilitaryGear (Judy [Military Gear])" in market zone "Outpost 42" (pos=<7196.500000, 252.990005, 6976.500000>) and got 22.
18:31:32 [Market] Player "Gladiator" (id=2f2EzOlgeHPaK9xNXxBDWWPE0ljPQPbKV3WyNh1HiZA=) has send a requested to sell jungleboots_beige x1 at the trader "CivilianGear (Frida [Civilian Gear])" in market zone "Outpost 42" (pos=<7196.500000, 252.990005, 6976.500000>).
18:31:32 [Market] Player "Gladiator" (id=2f2EzOlgeHPaK9xNXxBDWWPE0ljPQPbKV3WyNh1HiZA=) has sold jungleboots_beige x1 at the trader "CivilianGear (Frida [Civilian Gear])" in market zone "Outpost 42" (pos=<7196.500000, 252.990005, 6976.500000>) and got 11.
18:33:43 [Market] Player "42cobra" (id=7jlJa0YJ0ppxWuiq1t34ec-CitMl82Ky24_qx8QK7Rs=) has send a requested to purchase alicebag_green x1 from the trader "MilitaryGear (Judy [Military Gear])" in market zone "Outpost 42" (pos=<7196.500000, 252.990005, 6976.500000>).
18:33:43 [Market] Player "42cobra" (id=7jlJa0YJ0ppxWuiq1t34ec-CitMl82Ky24_qx8QK7Rs=) has bought alicebag_green x1 from the trader "MilitaryGear (Judy [Military Gear])" in market zone "Outpost 42" (pos=<7196.500000, 252.990005, 6976.500000>) for a price of 400.
18:35:03 [Party] Player "42cobra" (id=7jlJa0YJ0ppxWuiq1t34ec-CitMl82Ky24_qx8QK7Rs=) joinded the party "Reapers" (id=22 ownerUID=2f2EzOlgeHPaK9xNXxBDWWPE0ljPQPbKV3WyNh1HiZA= ownerName=Gladiator)
18:36:31 [SpawnSelection] Player "42cobra" (id=7jlJa0YJ0ppxWuiq1t34ec-CitMl82Ky24_qx8QK7Rs=) spawned at <7419.497070, 2.768386, 2576.503906>
18:39:08 [Market] Player "Gladiator" (id=2f2EzOlgeHPaK9xNXxBDWWPE0ljPQPbKV3WyNh1HiZA=) has send a requested to purchase expansion_pmii25optic x1 from the trader "Ammo_Attachments (Taiki [Ammo & Attachments])" in market zone "Outpost 42" (pos=<7196.500000, 252.990005, 6976.500000>).
18:39:08 [Market] Player "Gladiator" (id=2f2EzOlgeHPaK9xNXxBDWWPE0ljPQPbKV3WyNh1HiZA=) has bought expansion_pmii25optic x1 from the trader "Ammo_Attachments (Taiki [Ammo & Attachments])" in market zone "Outpost 42" (pos=<7196.500000, 252.990005, 6976.500000>) for a price of 1100.
18:40:27 [Market] Player "Gladiator" (id=2f2EzOlgeHPaK9xNXxBDWWPE0ljPQPbKV3WyNh1HiZA=) has send a requested to purchase ammobox_308win_20rnd x5 from the trader "Ammo_Attachments (Taiki [Ammo & Attachments])" in market zone "Outpost 42" (pos=<7196.500000, 252.990005, 6976.500000>).
18:40:27 [Market] Player "Gladiator" (id=2f2EzOlgeHPaK9xNXxBDWWPE0ljPQPbKV3WyNh1HiZA=) has bought ammobox_308win_20rnd x5 from the trader "Ammo_Attachments (Taiki [Ammo & Attachments])" in market zone "Outpost 42" (pos=<7196.500000, 252.990005, 6976.500000>) for a price of 160.
18:43:23 [Market] Player "Gladiator" (id=2f2EzOlgeHPaK9xNXxBDWWPE0ljPQPbKV3WyNh1HiZA=) has send a requested to purchase omnogloves_gray x1 from the trader "MilitaryGear (Judy [Military Gear])" in market zone "Outpost 42" (pos=<7196.500000, 252.990005, 6976.500000>).
18:43:23 [Market] Player "Gladiator" (id=2f2EzOlgeHPaK9xNXxBDWWPE0ljPQPbKV3WyNh1HiZA=) has bought omnogloves_gray x1 from the trader "MilitaryGear (Judy [Military Gear])" in market zone "Outpost 42" (pos=<7196.500000, 252.990005, 6976.500000>) for a price of 40.
18:44:43 [Market] Player "Gladiator" (id=2f2EzOlgeHPaK9xNXxBDWWPE0ljPQPbKV3WyNh1HiZA=) has send a requested to purchase militarygear_tacticalhelmet_atacs x1 from the trader "MilitaryGear (Judy [Military Gear])" in market zone "Outpost 42" (pos=<7196.500000, 252.990005, 6976.500000>).
18:44:43 [Market] Player "Gladiator" (id=2f2EzOlgeHPaK9xNXxBDWWPE0ljPQPbKV3WyNh1HiZA=) has bought militarygear_tacticalhelmet_atacs x1 from the trader "MilitaryGear (Judy [Military Gear])" in market zone "Outpost 42" (pos=<7196.500000, 252.990005, 6976.500000>) for a price of 1600.
18:45:42 [Market] Player "Gladiator" (id=2f2EzOlgeHPaK9xNXxBDWWPE0ljPQPbKV3WyNh1HiZA=) has send a requested to sell ukassvest_black x1 at the trader "MilitaryGear (Judy [Military Gear])" in market zone "Outpost 42" (pos=<7196.500000, 252.990005, 6976.500000>).
18:45:43 [Market] Player "Gladiator" (id=2f2EzOlgeHPaK9xNXxBDWWPE0ljPQPbKV3WyNh1HiZA=) has sold ukassvest_black x1 at the trader "MilitaryGear (Judy [Military Gear])" in market zone "Outpost 42" (pos=<7196.500000, 252.990005, 6976.500000>) and got 34.
18:45:47 [Market] Player "Gladiator" (id=2f2EzOlgeHPaK9xNXxBDWWPE0ljPQPbKV3WyNh1HiZA=) has send a requested to purchase smershvest x1 from the trader "MilitaryGear (Judy [Military Gear])" in market zone "Outpost 42" (pos=<7196.500000, 252.990005, 6976.500000>).
18:45:47 [Market] Player "Gladiator" (id=2f2EzOlgeHPaK9xNXxBDWWPE0ljPQPbKV3WyNh1HiZA=) has bought smershvest x1 from the trader "MilitaryGear (Judy [Military Gear])" in market zone "Outpost 42" (pos=<7196.500000, 252.990005, 6976.500000>) for a price of 150.
18:48:05 [Market] Player "Gladiator" (id=2f2EzOlgeHPaK9xNXxBDWWPE0ljPQPbKV3WyNh1HiZA=) has send a requested to purchase sewingkit x1 from the trader "Tools_Supplies (Kaito [Tools & Supplies])" in market zone "Outpost 42" (pos=<7196.500000, 252.990005, 6976.500000>).
18:48:05 [Market] Player "Gladiator" (id=2f2EzOlgeHPaK9xNXxBDWWPE0ljPQPbKV3WyNh1HiZA=) has bought sewingkit x1 from the trader "Tools_Supplies (Kaito [Tools & Supplies])" in market zone "Outpost 42" (pos=<7196.500000, 252.990005, 6976.500000>) for a price of 50.
18:48:07 [Market] Player "Gladiator" (id=2f2EzOlgeHPaK9xNXxBDWWPE0ljPQPbKV3WyNh1HiZA=) has send a requested to purchase sewingkit x1 from the trader "Tools_Supplies (Kaito [Tools & Supplies])" in market zone "Outpost 42" (pos=<7196.500000, 252.990005, 6976.500000>).
18:48:07 [Market] Player "Gladiator" (id=2f2EzOlgeHPaK9xNXxBDWWPE0ljPQPbKV3WyNh1HiZA=) has bought sewingkit x1 from the trader "Tools_Supplies (Kaito [Tools & Supplies])" in market zone "Outpost 42" (pos=<7196.500000, 252.990005, 6976.500000>) for a price of 50.
18:52:56 [Safezone] Player "42cobra" (id=7jlJa0YJ0ppxWuiq1t34ec-CitMl82Ky24_qx8QK7Rs= pos=<7224.622070, 249.163086, 6839.409180>) Entered the safezone
18:53:47 [Market] Player "Gladiator" (id=2f2EzOlgeHPaK9xNXxBDWWPE0ljPQPbKV3WyNh1HiZA=) has send a requested to purchase bandagedressing x1 from the trader "Medic (Lewis [Medic])" in market zone "Outpost 42" (pos=<7196.500000, 252.990005, 6976.500000>).
18:53:47 [Market] Player "Gladiator" (id=2f2EzOlgeHPaK9xNXxBDWWPE0ljPQPbKV3WyNh1HiZA=) has bought bandagedressing x1 from the trader "Medic (Lewis [Medic])" in market zone "Outpost 42" (pos=<7196.500000, 252.990005, 6976.500000>) for a price of 50.
18:53:48 [Market] Player "Gladiator" (id=2f2EzOlgeHPaK9xNXxBDWWPE0ljPQPbKV3WyNh1HiZA=) has send a requested to purchase bandagedressing x1 from the trader "Medic (Lewis [Medic])" in market zone "Outpost 42" (pos=<7196.500000, 252.990005, 6976.500000>).
18:53:48 [Market] Player "Gladiator" (id=2f2EzOlgeHPaK9xNXxBDWWPE0ljPQPbKV3WyNh1HiZA=) has bought bandagedressing x1 from the trader "Medic (Lewis [Medic])" in market zone "Outpost 42" (pos=<7196.500000, 252.990005, 6976.500000>) for a price of 50.
18:54:32 [Market] Player "Gladiator" (id=2f2EzOlgeHPaK9xNXxBDWWPE0ljPQPbKV3WyNh1HiZA=) has send a requested to purchase tetracyclineantibiotics x1 from the trader "Medic (Lewis [Medic])" in market zone "Outpost 42" (pos=<7196.500000, 252.990005, 6976.500000>).
18:54:32 [Market] Player "Gladiator" (id=2f2EzOlgeHPaK9xNXxBDWWPE0ljPQPbKV3WyNh1HiZA=) has bought tetracyclineantibiotics x1 from the trader "Medic (Lewis [Medic])" in market zone "Outpost 42" (pos=<7196.500000, 252.990005, 6976.500000>) for a price of 100.
18:54:42 [Market] Player "Gladiator" (id=2f2EzOlgeHPaK9xNXxBDWWPE0ljPQPbKV3WyNh1HiZA=) has send a requested to purchase charcoaltablets x1 from the trader "Medic (Lewis [Medic])" in market zone "Outpost 42" (pos=<7196.500000, 252.990005, 6976.500000>).
18:54:42 [Market] Player "Gladiator" (id=2f2EzOlgeHPaK9xNXxBDWWPE0ljPQPbKV3WyNh1HiZA=) has bought charcoaltablets x1 from the trader "Medic (Lewis [Medic])" in market zone "Outpost 42" (pos=<7196.500000, 252.990005, 6976.500000>) for a price of 50.
18:54:53 [Market] Player "Gladiator" (id=2f2EzOlgeHPaK9xNXxBDWWPE0ljPQPbKV3WyNh1HiZA=) has send a requested to purchase purificationtablets x1 from the trader "Medic (Lewis [Medic])" in market zone "Outpost 42" (pos=<7196.500000, 252.990005, 6976.500000>).
18:54:53 [Market] Player "Gladiator" (id=2f2EzOlgeHPaK9xNXxBDWWPE0ljPQPbKV3WyNh1HiZA=) has bought purificationtablets x1 from the trader "Medic (Lewis [Medic])" in market zone "Outpost 42" (pos=<7196.500000, 252.990005, 6976.500000>) for a price of 50.
18:54:57 [Market] Player "Gladiator" (id=2f2EzOlgeHPaK9xNXxBDWWPE0ljPQPbKV3WyNh1HiZA=) has send a requested to purchase vitaminbottle x1 from the trader "Medic (Lewis [Medic])" in market zone "Outpost 42" (pos=<7196.500000, 252.990005, 6976.500000>).
18:54:57 [Market] Player "Gladiator" (id=2f2EzOlgeHPaK9xNXxBDWWPE0ljPQPbKV3WyNh1HiZA=) has bought vitaminbottle x1 from the trader "Medic (Lewis [Medic])" in market zone "Outpost 42" (pos=<7196.500000, 252.990005, 6976.500000>) for a price of 75.
18:55:16 [Market] Player "Gladiator" (id=2f2EzOlgeHPaK9xNXxBDWWPE0ljPQPbKV3WyNh1HiZA=) has send a requested to purchase ammobox_308win_20rnd x1 from the trader "Ammo_Attachments (Taiki [Ammo & Attachments])" in market zone "Outpost 42" (pos=<7196.500000, 252.990005, 6976.500000>).
18:55:16 [Market] Player "Gladiator" (id=2f2EzOlgeHPaK9xNXxBDWWPE0ljPQPbKV3WyNh1HiZA=) has bought ammobox_308win_20rnd x1 from the trader "Ammo_Attachments (Taiki [Ammo & Attachments])" in market zone "Outpost 42" (pos=<7196.500000, 252.990005, 6976.500000>) for a price of 32.
18:55:30 [Market] Player "42cobra" (id=7jlJa0YJ0ppxWuiq1t34ec-CitMl82Ky24_qx8QK7Rs=) has send a requested to purchase bandagedressing x2 from the trader "Medic (Lewis [Medic])" in market zone "Outpost 42" (pos=<7196.500000, 252.990005, 6976.500000>).
18:55:30 [Market] Player "42cobra" (id=7jlJa0YJ0ppxWuiq1t34ec-CitMl82Ky24_qx8QK7Rs=) has bought bandagedressing x2 from the trader "Medic (Lewis [Medic])" in market zone "Outpost 42" (pos=<7196.500000, 252.990005, 6976.500000>) for a price of 100.
18:55:56 [Market] Player "42cobra" (id=7jlJa0YJ0ppxWuiq1t34ec-CitMl82Ky24_qx8QK7Rs=) has send a requested to purchase tetracyclineantibiotics x2 from the trader "Medic (Lewis [Medic])" in market zone "Outpost 42" (pos=<7196.500000, 252.990005, 6976.500000>).
18:55:56 [Market] Player "42cobra" (id=7jlJa0YJ0ppxWuiq1t34ec-CitMl82Ky24_qx8QK7Rs=) has bought tetracyclineantibiotics x2 from the trader "Medic (Lewis [Medic])" in market zone "Outpost 42" (pos=<7196.500000, 252.990005, 6976.500000>) for a price of 200.
18:56:14 [Market] Player "42cobra" (id=7jlJa0YJ0ppxWuiq1t34ec-CitMl82Ky24_qx8QK7Rs=) has send a requested to purchase purificationtablets x2 from the trader "Medic (Lewis [Medic])" in market zone "Outpost 42" (pos=<7196.500000, 252.990005, 6976.500000>).
18:56:14 [Market] Player "42cobra" (id=7jlJa0YJ0ppxWuiq1t34ec-CitMl82Ky24_qx8QK7Rs=) has bought purificationtablets x2 from the trader "Medic (Lewis [Medic])" in market zone "Outpost 42" (pos=<7196.500000, 252.990005, 6976.500000>) for a price of 100.
18:56:40 [Market] Player "42cobra" (id=7jlJa0YJ0ppxWuiq1t34ec-CitMl82Ky24_qx8QK7Rs=) has send a requested to purchase morphine x1 from the trader "Medic (Lewis [Medic])" in market zone "Outpost 42" (pos=<7196.500000, 252.990005, 6976.500000>).
18:56:40 [Market] Player "42cobra" (id=7jlJa0YJ0ppxWuiq1t34ec-CitMl82Ky24_qx8QK7Rs=) has bought morphine x1 from the trader "Medic (Lewis [Medic])" in market zone "Outpost 42" (pos=<7196.500000, 252.990005, 6976.500000>) for a price of 200.
18:58:32 [Market] Player "Gladiator" (id=2f2EzOlgeHPaK9xNXxBDWWPE0ljPQPbKV3WyNh1HiZA=) has send a requested to purchase ttc_g3_magazine_20rnd x1 from the trader "Ammo_Attachments (Taiki [Ammo & Attachments])" in market zone "Outpost 42" (pos=<7196.500000, 252.990005, 6976.500000>).
18:58:32 [Market] Player "Gladiator" (id=2f2EzOlgeHPaK9xNXxBDWWPE0ljPQPbKV3WyNh1HiZA=) has bought ttc_g3_magazine_20rnd x1 from the trader "Ammo_Attachments (Taiki [Ammo & Attachments])" in market zone "Outpost 42" (pos=<7196.500000, 252.990005, 6976.500000>) for a price of 240.
18:58:54 [Market] Player "Gladiator" (id=2f2EzOlgeHPaK9xNXxBDWWPE0ljPQPbKV3WyNh1HiZA=) has send a requested to sell ttc_g3_magazine_20rnd x1 at the trader "Ammo_Attachments (Taiki [Ammo & Attachments])" in market zone "Outpost 42" (pos=<7196.500000, 252.990005, 6976.500000>).
18:58:54 [Market] Player "Gladiator" (id=2f2EzOlgeHPaK9xNXxBDWWPE0ljPQPbKV3WyNh1HiZA=) has sold ttc_g3_magazine_20rnd x1 at the trader "Ammo_Attachments (Taiki [Ammo & Attachments])" in market zone "Outpost 42" (pos=<7196.500000, 252.990005, 6976.500000>) and got 120.
18:59:06 [Market] Player "Gladiator" (id=2f2EzOlgeHPaK9xNXxBDWWPE0ljPQPbKV3WyNh1HiZA=) has send a requested to sell expansion_pmii25optic x1 at the trader "Ammo_Attachments (Taiki [Ammo & Attachments])" in market zone "Outpost 42" (pos=<7196.500000, 252.990005, 6976.500000>).
18:59:06 [Market] Player "Gladiator" (id=2f2EzOlgeHPaK9xNXxBDWWPE0ljPQPbKV3WyNh1HiZA=) has sold expansion_pmii25optic x1 at the trader "Ammo_Attachments (Taiki [Ammo & Attachments])" in market zone "Outpost 42" (pos=<7196.500000, 252.990005, 6976.500000>) and got 550.
19:00:48 [Market] Player "Gladiator" (id=2f2EzOlgeHPaK9xNXxBDWWPE0ljPQPbKV3WyNh1HiZA=) has send a requested to purchase mag_expansion_m14_20rnd x1 from the trader "Ammo_Attachments (Taiki [Ammo & Attachments])" in market zone "Outpost 42" (pos=<7196.500000, 252.990005, 6976.500000>).
19:00:49 [Market] Player "Gladiator" (id=2f2EzOlgeHPaK9xNXxBDWWPE0ljPQPbKV3WyNh1HiZA=) has bought mag_expansion_m14_20rnd x1 from the trader "Ammo_Attachments (Taiki [Ammo & Attachments])" in market zone "Outpost 42" (pos=<7196.500000, 252.990005, 6976.500000>) for a price of 300.
19:00:50 [Market] Player "Gladiator" (id=2f2EzOlgeHPaK9xNXxBDWWPE0ljPQPbKV3WyNh1HiZA=) has send a requested to purchase mag_expansion_m14_20rnd x1 from the trader "Ammo_Attachments (Taiki [Ammo & Attachments])" in market zone "Outpost 42" (pos=<7196.500000, 252.990005, 6976.500000>).
19:00:50 [Market] Player "Gladiator" (id=2f2EzOlgeHPaK9xNXxBDWWPE0ljPQPbKV3WyNh1HiZA=) has bought mag_expansion_m14_20rnd x1 from the trader "Ammo_Attachments (Taiki [Ammo & Attachments])" in market zone "Outpost 42" (pos=<7196.500000, 252.990005, 6976.500000>) for a price of 300.
19:01:23 [Market] Player "Gladiator" (id=2f2EzOlgeHPaK9xNXxBDWWPE0ljPQPbKV3WyNh1HiZA=) has send a requested to purchase mag_expansion_m14_20rnd x1 from the trader "Ammo_Attachments (Taiki [Ammo & Attachments])" in market zone "Outpost 42" (pos=<7196.500000, 252.990005, 6976.500000>).
19:01:23 [Market] Player "Gladiator" (id=2f2EzOlgeHPaK9xNXxBDWWPE0ljPQPbKV3WyNh1HiZA=) has bought mag_expansion_m14_20rnd x1 from the trader "Ammo_Attachments (Taiki [Ammo & Attachments])" in market zone "Outpost 42" (pos=<7196.500000, 252.990005, 6976.500000>) for a price of 300.
19:01:25 [Market] Player "Gladiator" (id=2f2EzOlgeHPaK9xNXxBDWWPE0ljPQPbKV3WyNh1HiZA=) has send a requested to purchase mag_expansion_m14_20rnd x1 from the trader "Ammo_Attachments (Taiki [Ammo & Attachments])" in market zone "Outpost 42" (pos=<7196.500000, 252.990005, 6976.500000>).
19:01:25 [Market] Player "Gladiator" (id=2f2EzOlgeHPaK9xNXxBDWWPE0ljPQPbKV3WyNh1HiZA=) has bought mag_expansion_m14_20rnd x1 from the trader "Ammo_Attachments (Taiki [Ammo & Attachments])" in market zone "Outpost 42" (pos=<7196.500000, 252.990005, 6976.500000>) for a price of 300.
19:01:28 [Market] Player "42cobra" (id=7jlJa0YJ0ppxWuiq1t34ec-CitMl82Ky24_qx8QK7Rs=) has send a requested to purchase expansion_m14 x1 from the trader "Weapons (Seth [Weapons])" in market zone "Outpost 42" (pos=<7196.500000, 252.990005, 6976.500000>).
19:01:28 [Market] Player "42cobra" (id=7jlJa0YJ0ppxWuiq1t34ec-CitMl82Ky24_qx8QK7Rs=) has bought expansion_m14 x1 from the trader "Weapons (Seth [Weapons])" in market zone "Outpost 42" (pos=<7196.500000, 252.990005, 6976.500000>) for a price of 2500.
19:02:54 [Market] Player "42cobra" (id=7jlJa0YJ0ppxWuiq1t34ec-CitMl82Ky24_qx8QK7Rs=) has send a requested to purchase mag_expansion_m14_20rnd x1 from the trader "Ammo_Attachments (Taiki [Ammo & Attachments])" in market zone "Outpost 42" (pos=<7196.500000, 252.990005, 6976.500000>).
19:02:54 [Market] Player "42cobra" (id=7jlJa0YJ0ppxWuiq1t34ec-CitMl82Ky24_qx8QK7Rs=) has bought mag_expansion_m14_20rnd x1 from the trader "Ammo_Attachments (Taiki [Ammo & Attachments])" in market zone "Outpost 42" (pos=<7196.500000, 252.990005, 6976.500000>) for a price of 300.
19:04:05 [Market] Player "Gladiator" (id=2f2EzOlgeHPaK9xNXxBDWWPE0ljPQPbKV3WyNh1HiZA=) has send a requested to purchase canteen x1 from the trader "Consumables (Irena [Consumables])" in market zone "Outpost 42" (pos=<7196.500000, 252.990005, 6976.500000>).
19:04:05 [Market] Player "Gladiator" (id=2f2EzOlgeHPaK9xNXxBDWWPE0ljPQPbKV3WyNh1HiZA=) has bought canteen x1 from the trader "Consumables (Irena [Consumables])" in market zone "Outpost 42" (pos=<7196.500000, 252.990005, 6976.500000>) for a price of 200.
19:04:07 [Market] Player "Gladiator" (id=2f2EzOlgeHPaK9xNXxBDWWPE0ljPQPbKV3WyNh1HiZA=) has send a requested to purchase canteen x1 from the trader "Consumables (Irena [Consumables])" in market zone "Outpost 42" (pos=<7196.500000, 252.990005, 6976.500000>).
19:04:07 [Market] Player "Gladiator" (id=2f2EzOlgeHPaK9xNXxBDWWPE0ljPQPbKV3WyNh1HiZA=) has bought canteen x1 from the trader "Consumables (Irena [Consumables])" in market zone "Outpost 42" (pos=<7196.500000, 252.990005, 6976.500000>) for a price of 200.
19:04:08 [Market] Player "42cobra" (id=7jlJa0YJ0ppxWuiq1t34ec-CitMl82Ky24_qx8QK7Rs=) has send a requested to purchase ammobox_308win_20rnd x1 from the trader "Ammo_Attachments (Taiki [Ammo & Attachments])" in market zone "Outpost 42" (pos=<7196.500000, 252.990005, 6976.500000>).
19:04:08 [Market] Player "42cobra" (id=7jlJa0YJ0ppxWuiq1t34ec-CitMl82Ky24_qx8QK7Rs=) has bought ammobox_308win_20rnd x1 from the trader "Ammo_Attachments (Taiki [Ammo & Attachments])" in market zone "Outpost 42" (pos=<7196.500000, 252.990005, 6976.500000>) for a price of 32.
19:05:22 [Market] Player "Gladiator" (id=2f2EzOlgeHPaK9xNXxBDWWPE0ljPQPbKV3WyNh1HiZA=) has send a requested to purchase canteen x1 from the trader "Consumables (Irena [Consumables])" in market zone "Outpost 42" (pos=<7196.500000, 252.990005, 6976.500000>).
19:05:23 [Market] Player "Gladiator" (id=2f2EzOlgeHPaK9xNXxBDWWPE0ljPQPbKV3WyNh1HiZA=) has bought canteen x1 from the trader "Consumables (Irena [Consumables])" in market zone "Outpost 42" (pos=<7196.500000, 252.990005, 6976.500000>) for a price of 200.
19:05:26 [Market] Player "42cobra" (id=7jlJa0YJ0ppxWuiq1t34ec-CitMl82Ky24_qx8QK7Rs=) has send a requested to purchase ak_suppressor x1 from the trader "Ammo_Attachments (Taiki [Ammo & Attachments])" in market zone "Outpost 42" (pos=<7196.500000, 252.990005, 6976.500000>).
19:05:26 [Market] Player "42cobra" (id=7jlJa0YJ0ppxWuiq1t34ec-CitMl82Ky24_qx8QK7Rs=) has bought ak_suppressor x1 from the trader "Ammo_Attachments (Taiki [Ammo & Attachments])" in market zone "Outpost 42" (pos=<7196.500000, 252.990005, 6976.500000>) for a price of 500.
19:07:02 [Market] Player "42cobra" (id=7jlJa0YJ0ppxWuiq1t34ec-CitMl82Ky24_qx8QK7Rs=) has send a requested to sell ak_suppressor x1 at the trader "Ammo_Attachments (Taiki [Ammo & Attachments])" in market zone "Outpost 42" (pos=<7196.500000, 252.990005, 6976.500000>).
19:07:02 [Market] Player "42cobra" (id=7jlJa0YJ0ppxWuiq1t34ec-CitMl82Ky24_qx8QK7Rs=) has sold ak_suppressor x1 at the trader "Ammo_Attachments (Taiki [Ammo & Attachments])" in market zone "Outpost 42" (pos=<7196.500000, 252.990005, 6976.500000>) and got 250.
19:07:02 [Market] Player "Gladiator" (id=2f2EzOlgeHPaK9xNXxBDWWPE0ljPQPbKV3WyNh1HiZA=) has send a requested to purchase tacticalbaconcan x1 from the trader "Consumables (Irena [Consumables])" in market zone "Outpost 42" (pos=<7196.500000, 252.990005, 6976.500000>).
19:07:02 [Market] Player "Gladiator" (id=2f2EzOlgeHPaK9xNXxBDWWPE0ljPQPbKV3WyNh1HiZA=) has bought tacticalbaconcan x1 from the trader "Consumables (Irena [Consumables])" in market zone "Outpost 42" (pos=<7196.500000, 252.990005, 6976.500000>) for a price of 50.
19:07:04 [Market] Player "Gladiator" (id=2f2EzOlgeHPaK9xNXxBDWWPE0ljPQPbKV3WyNh1HiZA=) has send a requested to purchase tacticalbaconcan x1 from the trader "Consumables (Irena [Consumables])" in market zone "Outpost 42" (pos=<7196.500000, 252.990005, 6976.500000>).
19:07:04 [Market] Player "Gladiator" (id=2f2EzOlgeHPaK9xNXxBDWWPE0ljPQPbKV3WyNh1HiZA=) has bought tacticalbaconcan x1 from the trader "Consumables (Irena [Consumables])" in market zone "Outpost 42" (pos=<7196.500000, 252.990005, 6976.500000>) for a price of 50.
19:07:05 [Market] Player "Gladiator" (id=2f2EzOlgeHPaK9xNXxBDWWPE0ljPQPbKV3WyNh1HiZA=) has send a requested to purchase tacticalbaconcan x1 from the trader "Consumables (Irena [Consumables])" in market zone "Outpost 42" (pos=<7196.500000, 252.990005, 6976.500000>).
19:07:06 [Market] Player "Gladiator" (id=2f2EzOlgeHPaK9xNXxBDWWPE0ljPQPbKV3WyNh1HiZA=) has bought tacticalbaconcan x1 from the trader "Consumables (Irena [Consumables])" in market zone "Outpost 42" (pos=<7196.500000, 252.990005, 6976.500000>) for a price of 50.
19:08:50 [Market] Player "Gladiator" (id=2f2EzOlgeHPaK9xNXxBDWWPE0ljPQPbKV3WyNh1HiZA=) has send a requested to purchase canopener x1 from the trader "Tools_Supplies (Kaito [Tools & Supplies])" in market zone "Outpost 42" (pos=<7196.500000, 252.990005, 6976.500000>).
19:08:51 [Market] Player "Gladiator" (id=2f2EzOlgeHPaK9xNXxBDWWPE0ljPQPbKV3WyNh1HiZA=) has bought canopener x1 from the trader "Tools_Supplies (Kaito [Tools & Supplies])" in market zone "Outpost 42" (pos=<7196.500000, 252.990005, 6976.500000>) for a price of 10.
19:09:42 [Market] Player "Gladiator" (id=2f2EzOlgeHPaK9xNXxBDWWPE0ljPQPbKV3WyNh1HiZA=) has send a requested to sell lugwrench x1 at the trader "Tools_Supplies (Kaito [Tools & Supplies])" in market zone "Outpost 42" (pos=<7196.500000, 252.990005, 6976.500000>).
19:09:42 [Market] Player "Gladiator" (id=2f2EzOlgeHPaK9xNXxBDWWPE0ljPQPbKV3WyNh1HiZA=) has sold lugwrench x1 at the trader "Tools_Supplies (Kaito [Tools & Supplies])" in market zone "Outpost 42" (pos=<7196.500000, 252.990005, 6976.500000>) and got 150.
19:09:48 [Market] Player "42cobra" (id=7jlJa0YJ0ppxWuiq1t34ec-CitMl82Ky24_qx8QK7Rs=) has send a requested to sell mag_ij70_8rnd x2 at the trader "Ammo_Attachments (Taiki [Ammo & Attachments])" in market zone "Outpost 42" (pos=<7196.500000, 252.990005, 6976.500000>).
19:09:49 [Market] Player "42cobra" (id=7jlJa0YJ0ppxWuiq1t34ec-CitMl82Ky24_qx8QK7Rs=) has sold mag_ij70_8rnd x2 at the trader "Ammo_Attachments (Taiki [Ammo & Attachments])" in market zone "Outpost 42" (pos=<7196.500000, 252.990005, 6976.500000>) and got 54.
19:09:58 [Market] Player "Gladiator" (id=2f2EzOlgeHPaK9xNXxBDWWPE0ljPQPbKV3WyNh1HiZA=) has send a requested to sell combatknife x1 at the trader "Weapons (Seth [Weapons])" in market zone "Outpost 42" (pos=<7196.500000, 252.990005, 6976.500000>).
19:09:58 [Market] Player "Gladiator" (id=2f2EzOlgeHPaK9xNXxBDWWPE0ljPQPbKV3WyNh1HiZA=) has sold combatknife x1 at the trader "Weapons (Seth [Weapons])" in market zone "Outpost 42" (pos=<7196.500000, 252.990005, 6976.500000>) and got 25.
19:10:02 [Market] Player "Gladiator" (id=2f2EzOlgeHPaK9xNXxBDWWPE0ljPQPbKV3WyNh1HiZA=) has send a requested to purchase combatknife x1 from the trader "Weapons (Seth [Weapons])" in market zone "Outpost 42" (pos=<7196.500000, 252.990005, 6976.500000>).
19:10:02 [Market] Player "Gladiator" (id=2f2EzOlgeHPaK9xNXxBDWWPE0ljPQPbKV3WyNh1HiZA=) has bought combatknife x1 from the trader "Weapons (Seth [Weapons])" in market zone "Outpost 42" (pos=<7196.500000, 252.990005, 6976.500000>) for a price of 200.
19:10:25 [Market] Player "42cobra" (id=7jlJa0YJ0ppxWuiq1t34ec-CitMl82Ky24_qx8QK7Rs=) has send a requested to sell makarovij70 x1 at the trader "Weapons (Seth [Weapons])" in market zone "Outpost 42" (pos=<7196.500000, 252.990005, 6976.500000>).
19:10:25 [Market] Player "42cobra" (id=7jlJa0YJ0ppxWuiq1t34ec-CitMl82Ky24_qx8QK7Rs=) has sold makarovij70 x1 at the trader "Weapons (Seth [Weapons])" in market zone "Outpost 42" (pos=<7196.500000, 252.990005, 6976.500000>) and got 50.
19:11:47 [Market] Player "Gladiator" (id=2f2EzOlgeHPaK9xNXxBDWWPE0ljPQPbKV3WyNh1HiZA=) has send a requested to sell longhorn x1 at the trader "Weapons (Seth [Weapons])" in market zone "Outpost 42" (pos=<7196.500000, 252.990005, 6976.500000>).
19:11:47 [Market] Player "Gladiator" (id=2f2EzOlgeHPaK9xNXxBDWWPE0ljPQPbKV3WyNh1HiZA=) has sold longhorn x1 at the trader "Weapons (Seth [Weapons])" in market zone "Outpost 42" (pos=<7196.500000, 252.990005, 6976.500000>) and got 376.
19:15:14 [Market] Player "42cobra" (id=7jlJa0YJ0ppxWuiq1t34ec-CitMl82Ky24_qx8QK7Rs=) has send a requested to sell honey x1 at the trader "Consumables (Irena [Consumables])" in market zone "Outpost 42" (pos=<7196.500000, 252.990005, 6976.500000>).
19:15:14 [Market] Player "42cobra" (id=7jlJa0YJ0ppxWuiq1t34ec-CitMl82Ky24_qx8QK7Rs=) has sold honey x1 at the trader "Consumables (Irena [Consumables])" in market zone "Outpost 42" (pos=<7196.500000, 252.990005, 6976.500000>) and got 1.
19:15:18 [Market] Player "42cobra" (id=7jlJa0YJ0ppxWuiq1t34ec-CitMl82Ky24_qx8QK7Rs=) has send a requested to sell tacticalbaconcan x1 at the trader "Consumables (Irena [Consumables])" in market zone "Outpost 42" (pos=<7196.500000, 252.990005, 6976.500000>).
19:15:18 [Market] Player "42cobra" (id=7jlJa0YJ0ppxWuiq1t34ec-CitMl82Ky24_qx8QK7Rs=) has sold tacticalbaconcan x1 at the trader "Consumables (Irena [Consumables])" in market zone "Outpost 42" (pos=<7196.500000, 252.990005, 6976.500000>) and got 25.
19:16:28 [Market] Player "42cobra" (id=7jlJa0YJ0ppxWuiq1t34ec-CitMl82Ky24_qx8QK7Rs=) has send a requested to sell militaryboots_brown x1 at the trader "MilitaryGear (Judy [Military Gear])" in market zone "Outpost 42" (pos=<7196.500000, 252.990005, 6976.500000>).
19:16:28 [Market] Player "42cobra" (id=7jlJa0YJ0ppxWuiq1t34ec-CitMl82Ky24_qx8QK7Rs=) has sold militaryboots_brown x1 at the trader "MilitaryGear (Judy [Military Gear])" in market zone "Outpost 42" (pos=<7196.500000, 252.990005, 6976.500000>) and got 38.
19:17:15 [Market] Player "42cobra" (id=7jlJa0YJ0ppxWuiq1t34ec-CitMl82Ky24_qx8QK7Rs=) has send a requested to sell darkmotohelmet_red x1 at the trader "CivilianGear (Frida [Civilian Gear])" in market zone "Outpost 42" (pos=<7196.500000, 252.990005, 6976.500000>).
19:17:15 [Market] Player "42cobra" (id=7jlJa0YJ0ppxWuiq1t34ec-CitMl82Ky24_qx8QK7Rs=) has sold darkmotohelmet_red x1 at the trader "CivilianGear (Frida [Civilian Gear])" in market zone "Outpost 42" (pos=<7196.500000, 252.990005, 6976.500000>) and got 9.
19:19:49 [Market] Player "42cobra" (id=7jlJa0YJ0ppxWuiq1t34ec-CitMl82Ky24_qx8QK7Rs=) has send a requested to sell cargopants_grey x1 at the trader "CivilianGear (Frida [Civilian Gear])" in market zone "Outpost 42" (pos=<7196.500000, 252.990005, 6976.500000>).
19:19:49 [Market] Player "42cobra" (id=7jlJa0YJ0ppxWuiq1t34ec-CitMl82Ky24_qx8QK7Rs=) has sold cargopants_grey x1 at the trader "CivilianGear (Frida [Civilian Gear])" in market zone "Outpost 42" (pos=<7196.500000, 252.990005, 6976.500000>) and got 9.
19:20:06 [Market] Player "42cobra" (id=7jlJa0YJ0ppxWuiq1t34ec-CitMl82Ky24_qx8QK7Rs=) has send a requested to sell womansuit_white x1 at the trader "CivilianGear (Frida [Civilian Gear])" in market zone "Outpost 42" (pos=<7196.500000, 252.990005, 6976.500000>).
19:20:06 [Market] Player "42cobra" (id=7jlJa0YJ0ppxWuiq1t34ec-CitMl82Ky24_qx8QK7Rs=) has sold womansuit_white x1 at the trader "CivilianGear (Frida [Civilian Gear])" in market zone "Outpost 42" (pos=<7196.500000, 252.990005, 6976.500000>) and got 2.
19:25:36 [Market] Player "42cobra" (id=7jlJa0YJ0ppxWuiq1t34ec-CitMl82Ky24_qx8QK7Rs=) has send a requested to purchase m4_suppressor x1 from the trader "Ammo_Attachments (Taiki [Ammo & Attachments])" in market zone "Outpost 42" (pos=<7196.500000, 252.990005, 6976.500000>).
19:25:36 [Market] Player "42cobra" (id=7jlJa0YJ0ppxWuiq1t34ec-CitMl82Ky24_qx8QK7Rs=) has bought m4_suppressor x1 from the trader "Ammo_Attachments (Taiki [Ammo & Attachments])" in market zone "Outpost 42" (pos=<7196.500000, 252.990005, 6976.500000>) for a price of 500.
19:25:56 [Market] Player "Gladiator" (id=2f2EzOlgeHPaK9xNXxBDWWPE0ljPQPbKV3WyNh1HiZA=) has send a requested to purchase m4_suppressor x1 from the trader "Ammo_Attachments (Taiki [Ammo & Attachments])" in market zone "Outpost 42" (pos=<7196.500000, 252.990005, 6976.500000>).
19:25:56 [Market] Player "Gladiator" (id=2f2EzOlgeHPaK9xNXxBDWWPE0ljPQPbKV3WyNh1HiZA=) has bought m4_suppressor x1 from the trader "Ammo_Attachments (Taiki [Ammo & Attachments])" in market zone "Outpost 42" (pos=<7196.500000, 252.990005, 6976.500000>) for a price of 500.
19:29:39 [Market] Player "Gladiator" (id=2f2EzOlgeHPaK9xNXxBDWWPE0ljPQPbKV3WyNh1HiZA=) has send a requested to purchase tunacan x1 from the trader "Consumables (Irena [Consumables])" in market zone "Outpost 42" (pos=<7196.500000, 252.990005, 6976.500000>).
19:29:39 [Market] Player "Gladiator" (id=2f2EzOlgeHPaK9xNXxBDWWPE0ljPQPbKV3WyNh1HiZA=) has bought tunacan x1 from the trader "Consumables (Irena [Consumables])" in market zone "Outpost 42" (pos=<7196.500000, 252.990005, 6976.500000>) for a price of 10.
19:31:21 [SpawnSelection] Player "Defiant" (id=9pZGLlerKQvreTBoVd7cTp9GRQZOvkhsz4yE5aekEds=) spawned at <4543.990723, 2.901639, 2198.166260>
19:32:04 [Party] Player "Gladiator" (id=2f2EzOlgeHPaK9xNXxBDWWPE0ljPQPbKV3WyNh1HiZA=) invited the player "Defiant" (id=9pZGLlerKQvreTBoVd7cTp9GRQZOvkhsz4yE5aekEds=)to the party named Reapers
19:32:19 [Party] Player "Defiant" (id=9pZGLlerKQvreTBoVd7cTp9GRQZOvkhsz4yE5aekEds=) joinded the party "Reapers" (id=22 ownerUID=2f2EzOlgeHPaK9xNXxBDWWPE0ljPQPbKV3WyNh1HiZA= ownerName=Gladiator)
19:50:34 [Safezone] Player "Gladiator" (id=2f2EzOlgeHPaK9xNXxBDWWPE0ljPQPbKV3WyNh1HiZA= pos=<7148.205078, 262.076569, 7148.812988>) Left the safezone
19:51:58 [Safezone] Player "42cobra" (id=7jlJa0YJ0ppxWuiq1t34ec-CitMl82Ky24_qx8QK7Rs= pos=<7116.225586, 268.403656, 7147.496094>) Left the safezone
19:59:18 [Party] Player "Gladiator" (id=2f2EzOlgeHPaK9xNXxBDWWPE0ljPQPbKV3WyNh1HiZA=) left the party "Reapers" (id=22 ownerUID=2f2EzOlgeHPaK9xNXxBDWWPE0ljPQPbKV3WyNh1HiZA= ownerName=Gladiator)
19:59:18 [Party] Player "42cobra" (id=7jlJa0YJ0ppxWuiq1t34ec-CitMl82Ky24_qx8QK7Rs=) left the party "Reapers" (id=22 ownerUID=2f2EzOlgeHPaK9xNXxBDWWPE0ljPQPbKV3WyNh1HiZA= ownerName=Gladiator)
19:59:18 [Party] Player "Defiant" (id=9pZGLlerKQvreTBoVd7cTp9GRQZOvkhsz4yE5aekEds=) left the party "Reapers" (id=22 ownerUID=2f2EzOlgeHPaK9xNXxBDWWPE0ljPQPbKV3WyNh1HiZA= ownerName=Gladiator)
