20:05:31 [Party] Player "Mr. Tux" (id=3FCmlLdqs97wNYtgsvMTGavMyuZc44PrYyr2Gfkoti8=) joinded the party "Scarred Reapers" (id=15 ownerUID=3FCmlLdqs97wNYtgsvMTGavMyuZc44PrYyr2Gfkoti8= ownerName=Mr. Tux)
20:30:32 [Party] Player "Mr. Tux" (id=3FCmlLdqs97wNYtgsvMTGavMyuZc44PrYyr2Gfkoti8=) left the party "Scarred Reapers" (id=15 ownerUID=3FCmlLdqs97wNYtgsvMTGavMyuZc44PrYyr2Gfkoti8= ownerName=Mr. Tux)
20:41:36 [Party] Player "Mr. Tux" (id=3FCmlLdqs97wNYtgsvMTGavMyuZc44PrYyr2Gfkoti8=) joinded the party "Scarred Reapers" (id=15 ownerUID=3FCmlLdqs97wNYtgsvMTGavMyuZc44PrYyr2Gfkoti8= ownerName=Mr. Tux)
21:47:50 [Party] Player "Mr. Tux" (id=3FCmlLdqs97wNYtgsvMTGavMyuZc44PrYyr2Gfkoti8=) left the party "Scarred Reapers" (id=15 ownerUID=3FCmlLdqs97wNYtgsvMTGavMyuZc44PrYyr2Gfkoti8= ownerName=Mr. Tux)
21:48:44 [Party] Player "Mr. Tux" (id=3FCmlLdqs97wNYtgsvMTGavMyuZc44PrYyr2Gfkoti8=) joinded the party "Scarred Reapers" (id=15 ownerUID=3FCmlLdqs97wNYtgsvMTGavMyuZc44PrYyr2Gfkoti8= ownerName=Mr. Tux)
21:50:44 [Party] Player "Mr. Tux" (id=3FCmlLdqs97wNYtgsvMTGavMyuZc44PrYyr2Gfkoti8=) left the party "Scarred Reapers" (id=15 ownerUID=3FCmlLdqs97wNYtgsvMTGavMyuZc44PrYyr2Gfkoti8= ownerName=Mr. Tux)
21:51:40 [Party] Player "Mr. Tux" (id=3FCmlLdqs97wNYtgsvMTGavMyuZc44PrYyr2Gfkoti8=) joinded the party "Scarred Reapers" (id=15 ownerUID=3FCmlLdqs97wNYtgsvMTGavMyuZc44PrYyr2Gfkoti8= ownerName=Mr. Tux)
21:52:11 [Party] Player "Mr. Tux" (id=3FCmlLdqs97wNYtgsvMTGavMyuZc44PrYyr2Gfkoti8=) left the party "Scarred Reapers" (id=15 ownerUID=3FCmlLdqs97wNYtgsvMTGavMyuZc44PrYyr2Gfkoti8= ownerName=Mr. Tux)
22:05:46 [Party] Player "Mr. Tux" (id=3FCmlLdqs97wNYtgsvMTGavMyuZc44PrYyr2Gfkoti8=) joinded the party "Scarred Reapers" (id=15 ownerUID=3FCmlLdqs97wNYtgsvMTGavMyuZc44PrYyr2Gfkoti8= ownerName=Mr. Tux)
22:35:24 [Safezone] Player "Mr. Tux" (id=3FCmlLdqs97wNYtgsvMTGavMyuZc44PrYyr2Gfkoti8= pos=<7207.061523, 257.592346, 7113.669434>) Entered the safezone
22:36:04 [Market] Player "Mr. Tux" (id=3FCmlLdqs97wNYtgsvMTGavMyuZc44PrYyr2Gfkoti8=) has send a requested to sell ammobox_45acp_25rnd x1 at the trader "Ammo_Attachments (Taiki [Ammo & Attachments])" in market zone "Outpost 42" (pos=<7196.500000, 252.990005, 6976.500000>).
22:36:05 [Market] Player "Mr. Tux" (id=3FCmlLdqs97wNYtgsvMTGavMyuZc44PrYyr2Gfkoti8=) has sold ammobox_45acp_25rnd x1 at the trader "Ammo_Attachments (Taiki [Ammo & Attachments])" in market zone "Outpost 42" (pos=<7196.500000, 252.990005, 6976.500000>) and got 10.
22:36:24 [Market] Player "Mr. Tux" (id=3FCmlLdqs97wNYtgsvMTGavMyuZc44PrYyr2Gfkoti8=) has send a requested to sell tlrlight x1 at the trader "Ammo_Attachments (Taiki [Ammo & Attachments])" in market zone "Outpost 42" (pos=<7196.500000, 252.990005, 6976.500000>).
22:36:25 [Market] Player "Mr. Tux" (id=3FCmlLdqs97wNYtgsvMTGavMyuZc44PrYyr2Gfkoti8=) has sold tlrlight x1 at the trader "Ammo_Attachments (Taiki [Ammo & Attachments])" in market zone "Outpost 42" (pos=<7196.500000, 252.990005, 6976.500000>) and got 30.
22:37:13 [Market] Player "Mr. Tux" (id=3FCmlLdqs97wNYtgsvMTGavMyuZc44PrYyr2Gfkoti8=) has send a requested to sell glock19 x1 at the trader "Weapons (Seth [Weapons])" in market zone "Outpost 42" (pos=<7196.500000, 252.990005, 6976.500000>).
22:37:13 [Market] Player "Mr. Tux" (id=3FCmlLdqs97wNYtgsvMTGavMyuZc44PrYyr2Gfkoti8=) has sold glock19 x1 at the trader "Weapons (Seth [Weapons])" in market zone "Outpost 42" (pos=<7196.500000, 252.990005, 6976.500000>) and got 125.
22:37:16 [Market] Player "Mr. Tux" (id=3FCmlLdqs97wNYtgsvMTGavMyuZc44PrYyr2Gfkoti8=) has send a requested to sell glock19 x1 at the trader "Weapons (Seth [Weapons])" in market zone "Outpost 42" (pos=<7196.500000, 252.990005, 6976.500000>).
22:37:16 [Market] Player "Mr. Tux" (id=3FCmlLdqs97wNYtgsvMTGavMyuZc44PrYyr2Gfkoti8=) has sold glock19 x1 at the trader "Weapons (Seth [Weapons])" in market zone "Outpost 42" (pos=<7196.500000, 252.990005, 6976.500000>) and got 188.
22:37:19 [Market] Player "Mr. Tux" (id=3FCmlLdqs97wNYtgsvMTGavMyuZc44PrYyr2Gfkoti8=) has send a requested to sell mp133shotgun x1 at the trader "Weapons (Seth [Weapons])" in market zone "Outpost 42" (pos=<7196.500000, 252.990005, 6976.500000>).
22:37:20 [Market] Player "Mr. Tux" (id=3FCmlLdqs97wNYtgsvMTGavMyuZc44PrYyr2Gfkoti8=) has sold mp133shotgun x1 at the trader "Weapons (Seth [Weapons])" in market zone "Outpost 42" (pos=<7196.500000, 252.990005, 6976.500000>) and got 500.
22:38:04 [Market] Player "Mr. Tux" (id=3FCmlLdqs97wNYtgsvMTGavMyuZc44PrYyr2Gfkoti8=) has send a requested to sell platecarriervest_camo x1 at the trader "MilitaryGear (Judy [Military Gear])" in market zone "Outpost 42" (pos=<7196.500000, 252.990005, 6976.500000>).
22:38:05 [Market] Player "Mr. Tux" (id=3FCmlLdqs97wNYtgsvMTGavMyuZc44PrYyr2Gfkoti8=) has sold platecarriervest_camo x1 at the trader "MilitaryGear (Judy [Military Gear])" in market zone "Outpost 42" (pos=<7196.500000, 252.990005, 6976.500000>) and got 400.
22:38:27 [Market] Player "Mr. Tux" (id=3FCmlLdqs97wNYtgsvMTGavMyuZc44PrYyr2Gfkoti8=) has send a requested to sell policecap x1 at the trader "CivilianGear (Frida [Civilian Gear])" in market zone "Outpost 42" (pos=<7196.500000, 252.990005, 6976.500000>).
22:38:27 [Market] Player "Mr. Tux" (id=3FCmlLdqs97wNYtgsvMTGavMyuZc44PrYyr2Gfkoti8=) has sold policecap x1 at the trader "CivilianGear (Frida [Civilian Gear])" in market zone "Outpost 42" (pos=<7196.500000, 252.990005, 6976.500000>) and got 6.
22:38:56 [Market] Player "Mr. Tux" (id=3FCmlLdqs97wNYtgsvMTGavMyuZc44PrYyr2Gfkoti8=) has send a requested to purchase militaryberet_chdkz x1 from the trader "MilitaryGear (Judy [Military Gear])" in market zone "Outpost 42" (pos=<7196.500000, 252.990005, 6976.500000>).
22:38:56 [Market] Player "Mr. Tux" (id=3FCmlLdqs97wNYtgsvMTGavMyuZc44PrYyr2Gfkoti8=) has bought militaryberet_chdkz x1 from the trader "MilitaryGear (Judy [Military Gear])" in market zone "Outpost 42" (pos=<7196.500000, 252.990005, 6976.500000>) for a price of 26.
22:39:20 [Market] Player "Mr. Tux" (id=3FCmlLdqs97wNYtgsvMTGavMyuZc44PrYyr2Gfkoti8=) has send a requested to purchase largegascanister x1 from the trader "Tools_Supplies (Kaito [Tools & Supplies])" in market zone "Outpost 42" (pos=<7196.500000, 252.990005, 6976.500000>).
22:39:20 [Market] Player "Mr. Tux" (id=3FCmlLdqs97wNYtgsvMTGavMyuZc44PrYyr2Gfkoti8=) has bought largegascanister x1 from the trader "Tools_Supplies (Kaito [Tools & Supplies])" in market zone "Outpost 42" (pos=<7196.500000, 252.990005, 6976.500000>) for a price of 300.
22:39:29 [Market] Player "Mr. Tux" (id=3FCmlLdqs97wNYtgsvMTGavMyuZc44PrYyr2Gfkoti8=) has send a requested to sell personalradio x1 at the trader "Tools_Supplies (Kaito [Tools & Supplies])" in market zone "Outpost 42" (pos=<7196.500000, 252.990005, 6976.500000>).
22:39:29 [Market] Player "Mr. Tux" (id=3FCmlLdqs97wNYtgsvMTGavMyuZc44PrYyr2Gfkoti8=) has sold personalradio x1 at the trader "Tools_Supplies (Kaito [Tools & Supplies])" in market zone "Outpost 42" (pos=<7196.500000, 252.990005, 6976.500000>) and got 5.
22:39:41 [Market] Player "Mr. Tux" (id=3FCmlLdqs97wNYtgsvMTGavMyuZc44PrYyr2Gfkoti8=) has send a requested to sell handcuffkeys x1 at the trader "Tools_Supplies (Kaito [Tools & Supplies])" in market zone "Outpost 42" (pos=<7196.500000, 252.990005, 6976.500000>).
22:39:41 [Market] Player "Mr. Tux" (id=3FCmlLdqs97wNYtgsvMTGavMyuZc44PrYyr2Gfkoti8=) has sold handcuffkeys x1 at the trader "Tools_Supplies (Kaito [Tools & Supplies])" in market zone "Outpost 42" (pos=<7196.500000, 252.990005, 6976.500000>) and got 50.
22:39:44 [Market] Player "Mr. Tux" (id=3FCmlLdqs97wNYtgsvMTGavMyuZc44PrYyr2Gfkoti8=) has send a requested to sell pliers x1 at the trader "Tools_Supplies (Kaito [Tools & Supplies])" in market zone "Outpost 42" (pos=<7196.500000, 252.990005, 6976.500000>).
22:39:44 [Market] Player "Mr. Tux" (id=3FCmlLdqs97wNYtgsvMTGavMyuZc44PrYyr2Gfkoti8=) has sold pliers x1 at the trader "Tools_Supplies (Kaito [Tools & Supplies])" in market zone "Outpost 42" (pos=<7196.500000, 252.990005, 6976.500000>) and got 125.
22:39:47 [Market] Player "Mr. Tux" (id=3FCmlLdqs97wNYtgsvMTGavMyuZc44PrYyr2Gfkoti8=) has send a requested to purchase largegascanister x1 from the trader "Tools_Supplies (Kaito [Tools & Supplies])" in market zone "Outpost 42" (pos=<7196.500000, 252.990005, 6976.500000>).
22:39:47 [Market] Player "Mr. Tux" (id=3FCmlLdqs97wNYtgsvMTGavMyuZc44PrYyr2Gfkoti8=) has bought largegascanister x1 from the trader "Tools_Supplies (Kaito [Tools & Supplies])" in market zone "Outpost 42" (pos=<7196.500000, 252.990005, 6976.500000>) for a price of 300.
22:39:48 [Market] Player "Mr. Tux" (id=3FCmlLdqs97wNYtgsvMTGavMyuZc44PrYyr2Gfkoti8=) has send a requested to purchase largegascanister x1 from the trader "Tools_Supplies (Kaito [Tools & Supplies])" in market zone "Outpost 42" (pos=<7196.500000, 252.990005, 6976.500000>).
22:39:48 [Market] Player "Mr. Tux" (id=3FCmlLdqs97wNYtgsvMTGavMyuZc44PrYyr2Gfkoti8=) has bought largegascanister x1 from the trader "Tools_Supplies (Kaito [Tools & Supplies])" in market zone "Outpost 42" (pos=<7196.500000, 252.990005, 6976.500000>) for a price of 300.
22:40:04 [Market] Player "Mr. Tux" (id=3FCmlLdqs97wNYtgsvMTGavMyuZc44PrYyr2Gfkoti8=) has send a requested to sell bandagedressing x1 at the trader "Medic (Lewis [Medic])" in market zone "Outpost 42" (pos=<7196.500000, 252.990005, 6976.500000>).
22:40:04 [Market] Player "Mr. Tux" (id=3FCmlLdqs97wNYtgsvMTGavMyuZc44PrYyr2Gfkoti8=) has sold bandagedressing x1 at the trader "Medic (Lewis [Medic])" in market zone "Outpost 42" (pos=<7196.500000, 252.990005, 6976.500000>) and got 12.
22:40:06 [Market] Player "Mr. Tux" (id=3FCmlLdqs97wNYtgsvMTGavMyuZc44PrYyr2Gfkoti8=) has send a requested to sell salinebag x1 at the trader "Medic (Lewis [Medic])" in market zone "Outpost 42" (pos=<7196.500000, 252.990005, 6976.500000>).
22:40:06 [Market] Player "Mr. Tux" (id=3FCmlLdqs97wNYtgsvMTGavMyuZc44PrYyr2Gfkoti8=) has sold salinebag x1 at the trader "Medic (Lewis [Medic])" in market zone "Outpost 42" (pos=<7196.500000, 252.990005, 6976.500000>) and got 188.
22:40:09 [Market] Player "Mr. Tux" (id=3FCmlLdqs97wNYtgsvMTGavMyuZc44PrYyr2Gfkoti8=) has send a requested to sell gasmask_filter x1 at the trader "Medic (Lewis [Medic])" in market zone "Outpost 42" (pos=<7196.500000, 252.990005, 6976.500000>).
22:40:09 [Market] Player "Mr. Tux" (id=3FCmlLdqs97wNYtgsvMTGavMyuZc44PrYyr2Gfkoti8=) has sold gasmask_filter x1 at the trader "Medic (Lewis [Medic])" in market zone "Outpost 42" (pos=<7196.500000, 252.990005, 6976.500000>) and got 8.
22:40:31 [Market] Player "Mr. Tux" (id=3FCmlLdqs97wNYtgsvMTGavMyuZc44PrYyr2Gfkoti8=) has send a requested to sell rabbitpelt x1 at the trader "Hunting_Fishing (Boris [Hunting Trader])" in market zone "Outpost 42" (pos=<7196.500000, 252.990005, 6976.500000>).
22:40:32 [Market] Player "Mr. Tux" (id=3FCmlLdqs97wNYtgsvMTGavMyuZc44PrYyr2Gfkoti8=) has sold rabbitpelt x1 at the trader "Hunting_Fishing (Boris [Hunting Trader])" in market zone "Outpost 42" (pos=<7196.500000, 252.990005, 6976.500000>) and got 750.
22:45:22 [Safezone] Player "Mr. Tux" (id=3FCmlLdqs97wNYtgsvMTGavMyuZc44PrYyr2Gfkoti8= pos=<7291.874023, 273.087402, 7148.061035>) Left the safezone
22:48:57 [Party] Player "Mr. Tux" (id=3FCmlLdqs97wNYtgsvMTGavMyuZc44PrYyr2Gfkoti8=) left the party "Scarred Reapers" (id=15 ownerUID=3FCmlLdqs97wNYtgsvMTGavMyuZc44PrYyr2Gfkoti8= ownerName=Mr. Tux)
22:58:30 [Party] Player "Mr. Tux" (id=3FCmlLdqs97wNYtgsvMTGavMyuZc44PrYyr2Gfkoti8=) joinded the party "Scarred Reapers" (id=15 ownerUID=3FCmlLdqs97wNYtgsvMTGavMyuZc44PrYyr2Gfkoti8= ownerName=Mr. Tux)
23:19:02 [Safezone] Player "Mr. Tux" (id=3FCmlLdqs97wNYtgsvMTGavMyuZc44PrYyr2Gfkoti8= pos=<7100.892578, 274.369873, 7073.242676>) Entered the safezone
23:20:35 [Market] Player "Mr. Tux" (id=3FCmlLdqs97wNYtgsvMTGavMyuZc44PrYyr2Gfkoti8=) has send a requested to sell ak74_hndgrd x1 at the trader "Ammo_Attachments (Taiki [Ammo & Attachments])" in market zone "Outpost 42" (pos=<7196.500000, 252.990005, 6976.500000>).
23:20:35 [Market] Player "Mr. Tux" (id=3FCmlLdqs97wNYtgsvMTGavMyuZc44PrYyr2Gfkoti8=) has sold ak74_hndgrd x1 at the trader "Ammo_Attachments (Taiki [Ammo & Attachments])" in market zone "Outpost 42" (pos=<7196.500000, 252.990005, 6976.500000>) and got 75.
23:20:54 [Market] Player "Mr. Tux" (id=3FCmlLdqs97wNYtgsvMTGavMyuZc44PrYyr2Gfkoti8=) has send a requested to sell crudemachete x1 at the trader "Weapons (Seth [Weapons])" in market zone "Outpost 42" (pos=<7196.500000, 252.990005, 6976.500000>).
23:20:54 [Market] Player "Mr. Tux" (id=3FCmlLdqs97wNYtgsvMTGavMyuZc44PrYyr2Gfkoti8=) has sold crudemachete x1 at the trader "Weapons (Seth [Weapons])" in market zone "Outpost 42" (pos=<7196.500000, 252.990005, 6976.500000>) and got 75.
23:20:58 [Market] Player "Mr. Tux" (id=3FCmlLdqs97wNYtgsvMTGavMyuZc44PrYyr2Gfkoti8=) has send a requested to sell izh18 x1 at the trader "Weapons (Seth [Weapons])" in market zone "Outpost 42" (pos=<7196.500000, 252.990005, 6976.500000>).
23:20:58 [Market] Player "Mr. Tux" (id=3FCmlLdqs97wNYtgsvMTGavMyuZc44PrYyr2Gfkoti8=) has sold izh18 x1 at the trader "Weapons (Seth [Weapons])" in market zone "Outpost 42" (pos=<7196.500000, 252.990005, 6976.500000>) and got 125.
23:21:03 [Market] Player "Mr. Tux" (id=3FCmlLdqs97wNYtgsvMTGavMyuZc44PrYyr2Gfkoti8=) has send a requested to sell expansion_benellim4 x1 at the trader "Weapons (Seth [Weapons])" in market zone "Outpost 42" (pos=<7196.500000, 252.990005, 6976.500000>).
23:21:03 [Market] Player "Mr. Tux" (id=3FCmlLdqs97wNYtgsvMTGavMyuZc44PrYyr2Gfkoti8=) has sold expansion_benellim4 x1 at the trader "Weapons (Seth [Weapons])" in market zone "Outpost 42" (pos=<7196.500000, 252.990005, 6976.500000>) and got 575.
23:21:13 [Market] Player "Mr. Tux" (id=3FCmlLdqs97wNYtgsvMTGavMyuZc44PrYyr2Gfkoti8=) has send a requested to sell expansion_vityazsn x1 at the trader "Weapons (Seth [Weapons])" in market zone "Outpost 42" (pos=<7196.500000, 252.990005, 6976.500000>).
23:21:13 [Market] Player "Mr. Tux" (id=3FCmlLdqs97wNYtgsvMTGavMyuZc44PrYyr2Gfkoti8=) has sold expansion_vityazsn x1 at the trader "Weapons (Seth [Weapons])" in market zone "Outpost 42" (pos=<7196.500000, 252.990005, 6976.500000>) and got 219.
23:21:15 [Market] Player "Mr. Tux" (id=3FCmlLdqs97wNYtgsvMTGavMyuZc44PrYyr2Gfkoti8=) has send a requested to sell aks74u x1 at the trader "Weapons (Seth [Weapons])" in market zone "Outpost 42" (pos=<7196.500000, 252.990005, 6976.500000>).
23:21:15 [Market] Player "Mr. Tux" (id=3FCmlLdqs97wNYtgsvMTGavMyuZc44PrYyr2Gfkoti8=) has sold aks74u x1 at the trader "Weapons (Seth [Weapons])" in market zone "Outpost 42" (pos=<7196.500000, 252.990005, 6976.500000>) and got 1575.
23:21:20 [Market] Player "Mr. Tux" (id=3FCmlLdqs97wNYtgsvMTGavMyuZc44PrYyr2Gfkoti8=) has send a requested to sell expansion_benellim4 x1 at the trader "Weapons (Seth [Weapons])" in market zone "Outpost 42" (pos=<7196.500000, 252.990005, 6976.500000>).
23:21:20 [Market] Player "Mr. Tux" (id=3FCmlLdqs97wNYtgsvMTGavMyuZc44PrYyr2Gfkoti8=) has sold expansion_benellim4 x1 at the trader "Weapons (Seth [Weapons])" in market zone "Outpost 42" (pos=<7196.500000, 252.990005, 6976.500000>) and got 250.
23:21:51 [Market] Player "Mr. Tux" (id=3FCmlLdqs97wNYtgsvMTGavMyuZc44PrYyr2Gfkoti8=) has send a requested to sell tortillabag x1 at the trader "MilitaryGear (Judy [Military Gear])" in market zone "Outpost 42" (pos=<7196.500000, 252.990005, 6976.500000>).
23:21:51 [Market] Player "Mr. Tux" (id=3FCmlLdqs97wNYtgsvMTGavMyuZc44PrYyr2Gfkoti8=) has sold tortillabag x1 at the trader "MilitaryGear (Judy [Military Gear])" in market zone "Outpost 42" (pos=<7196.500000, 252.990005, 6976.500000>) and got 90.
23:22:03 [Market] Player "Mr. Tux" (id=3FCmlLdqs97wNYtgsvMTGavMyuZc44PrYyr2Gfkoti8=) has send a requested to sell militarygear_gp5gasmask_black x1 at the trader "MilitaryGear (Judy [Military Gear])" in market zone "Outpost 42" (pos=<7196.500000, 252.990005, 6976.500000>).
23:22:03 [Market] Player "Mr. Tux" (id=3FCmlLdqs97wNYtgsvMTGavMyuZc44PrYyr2Gfkoti8=) has sold militarygear_gp5gasmask_black x1 at the trader "MilitaryGear (Judy [Military Gear])" in market zone "Outpost 42" (pos=<7196.500000, 252.990005, 6976.500000>) and got 250.
23:22:17 [Market] Player "Mr. Tux" (id=3FCmlLdqs97wNYtgsvMTGavMyuZc44PrYyr2Gfkoti8=) has send a requested to sell mvs_opscore_snow x1 at the trader "MilitaryGear (Judy [Military Gear])" in market zone "Outpost 42" (pos=<7196.500000, 252.990005, 6976.500000>).
23:22:18 [Market] Player "Mr. Tux" (id=3FCmlLdqs97wNYtgsvMTGavMyuZc44PrYyr2Gfkoti8=) has sold mvs_opscore_snow x1 at the trader "MilitaryGear (Judy [Military Gear])" in market zone "Outpost 42" (pos=<7196.500000, 252.990005, 6976.500000>) and got 625.
23:23:22 [Market] Player "Mr. Tux" (id=3FCmlLdqs97wNYtgsvMTGavMyuZc44PrYyr2Gfkoti8=) has send a requested to purchase battery9v x1 from the trader "Tools_Supplies (Kaito [Tools & Supplies])" in market zone "Outpost 42" (pos=<7196.500000, 252.990005, 6976.500000>).
23:23:22 [Market] Player "Mr. Tux" (id=3FCmlLdqs97wNYtgsvMTGavMyuZc44PrYyr2Gfkoti8=) has bought battery9v x1 from the trader "Tools_Supplies (Kaito [Tools & Supplies])" in market zone "Outpost 42" (pos=<7196.500000, 252.990005, 6976.500000>) for a price of 50.
23:30:25 [Market] Player "Mr. Tux" (id=3FCmlLdqs97wNYtgsvMTGavMyuZc44PrYyr2Gfkoti8=) has send a requested to purchase expansionsafemini x1 from the trader "BaseImprovement (Peter [Base Improvement])" in market zone "Outpost 42" (pos=<7196.500000, 252.990005, 6976.500000>).
23:30:25 [Market] Player "Mr. Tux" (id=3FCmlLdqs97wNYtgsvMTGavMyuZc44PrYyr2Gfkoti8=) has bought expansionsafemini x1 from the trader "BaseImprovement (Peter [Base Improvement])" in market zone "Outpost 42" (pos=<7196.500000, 252.990005, 6976.500000>) for a price of 4000.
23:32:37 [Safezone] Player "Mr. Tux" (id=3FCmlLdqs97wNYtgsvMTGavMyuZc44PrYyr2Gfkoti8= pos=<7276.442871, 268.881378, 7125.533691>) Left the safezone
23:50:05 [Party] Player "Mr. Tux" (id=3FCmlLdqs97wNYtgsvMTGavMyuZc44PrYyr2Gfkoti8=) left the party "Scarred Reapers" (id=15 ownerUID=3FCmlLdqs97wNYtgsvMTGavMyuZc44PrYyr2Gfkoti8= ownerName=Mr. Tux)
