20:01:52 [Party] Player "Defiant" (id=9pZGLlerKQvreTBoVd7cTp9GRQZOvkhsz4yE5aekEds=) joinded the party "Reapers" (id=22 ownerUID=2f2EzOlgeHPaK9xNXxBDWWPE0ljPQPbKV3WyNh1HiZA= ownerName=Gladiator)
20:01:54 [Party] Player "42cobra" (id=7jlJa0YJ0ppxWuiq1t34ec-CitMl82Ky24_qx8QK7Rs=) joinded the party "Reapers" (id=22 ownerUID=2f2EzOlgeHPaK9xNXxBDWWPE0ljPQPbKV3WyNh1HiZA= ownerName=Gladiator)
20:02:05 [Party] Player "Gladiator" (id=2f2EzOlgeHPaK9xNXxBDWWPE0ljPQPbKV3WyNh1HiZA=) joinded the party "Reapers" (id=22 ownerUID=2f2EzOlgeHPaK9xNXxBDWWPE0ljPQPbKV3WyNh1HiZA= ownerName=Gladiator)
20:08:38 [Safezone] Player "Defiant" (id=9pZGLlerKQvreTBoVd7cTp9GRQZOvkhsz4yE5aekEds= pos=<7081.618652, 277.495331, 7056.490234>) Entered the safezone
20:10:23 [Safezone] Player "Gladiator" (id=2f2EzOlgeHPaK9xNXxBDWWPE0ljPQPbKV3WyNh1HiZA= pos=<7092.408203, 276.045380, 7070.048340>) Entered the safezone
20:10:46 [Market] Player "Defiant" (id=9pZGLlerKQvreTBoVd7cTp9GRQZOvkhsz4yE5aekEds=) has send a requested to sell aks74u x1 at the trader "Weapons (Seth [Weapons])" in market zone "Outpost 42" (pos=<7196.500000, 252.990005, 6976.500000>).
20:10:46 [Market] Player "Defiant" (id=9pZGLlerKQvreTBoVd7cTp9GRQZOvkhsz4yE5aekEds=) has sold aks74u x1 at the trader "Weapons (Seth [Weapons])" in market zone "Outpost 42" (pos=<7196.500000, 252.990005, 6976.500000>) and got 1538.
20:10:51 [Market] Player "Defiant" (id=9pZGLlerKQvreTBoVd7cTp9GRQZOvkhsz4yE5aekEds=) has send a requested to sell ttc_uzi x1 at the trader "Weapons (Seth [Weapons])" in market zone "Outpost 42" (pos=<7196.500000, 252.990005, 6976.500000>).
20:10:51 [Market] Player "Defiant" (id=9pZGLlerKQvreTBoVd7cTp9GRQZOvkhsz4yE5aekEds=) has sold ttc_uzi x1 at the trader "Weapons (Seth [Weapons])" in market zone "Outpost 42" (pos=<7196.500000, 252.990005, 6976.500000>) and got 938.
20:10:56 [Market] Player "Defiant" (id=9pZGLlerKQvreTBoVd7cTp9GRQZOvkhsz4yE5aekEds=) has send a requested to sell expansion_dt11 x1 at the trader "Weapons (Seth [Weapons])" in market zone "Outpost 42" (pos=<7196.500000, 252.990005, 6976.500000>).
20:10:56 [Market] Player "Defiant" (id=9pZGLlerKQvreTBoVd7cTp9GRQZOvkhsz4yE5aekEds=) has sold expansion_dt11 x1 at the trader "Weapons (Seth [Weapons])" in market zone "Outpost 42" (pos=<7196.500000, 252.990005, 6976.500000>) and got 250.
20:10:58 [Safezone] Player "42cobra" (id=7jlJa0YJ0ppxWuiq1t34ec-CitMl82Ky24_qx8QK7Rs= pos=<7137.844727, 264.519409, 7103.416992>) Entered the safezone
20:11:10 [Market] Player "Gladiator" (id=2f2EzOlgeHPaK9xNXxBDWWPE0ljPQPbKV3WyNh1HiZA=) has send a requested to sell aks74u x1 at the trader "Weapons (Seth [Weapons])" in market zone "Outpost 42" (pos=<7196.500000, 252.990005, 6976.500000>).
20:11:10 [Market] Player "Gladiator" (id=2f2EzOlgeHPaK9xNXxBDWWPE0ljPQPbKV3WyNh1HiZA=) has sold aks74u x1 at the trader "Weapons (Seth [Weapons])" in market zone "Outpost 42" (pos=<7196.500000, 252.990005, 6976.500000>) and got 519.
20:11:36 [Market] Player "Gladiator" (id=2f2EzOlgeHPaK9xNXxBDWWPE0ljPQPbKV3WyNh1HiZA=) has send a requested to sell universallight x1 at the trader "Ammo_Attachments (Taiki [Ammo & Attachments])" in market zone "Outpost 42" (pos=<7196.500000, 252.990005, 6976.500000>).
20:11:36 [Market] Player "Gladiator" (id=2f2EzOlgeHPaK9xNXxBDWWPE0ljPQPbKV3WyNh1HiZA=) has sold universallight x1 at the trader "Ammo_Attachments (Taiki [Ammo & Attachments])" in market zone "Outpost 42" (pos=<7196.500000, 252.990005, 6976.500000>) and got 15.
20:11:41 [Market] Player "Gladiator" (id=2f2EzOlgeHPaK9xNXxBDWWPE0ljPQPbKV3WyNh1HiZA=) has send a requested to sell universallight x1 at the trader "Ammo_Attachments (Taiki [Ammo & Attachments])" in market zone "Outpost 42" (pos=<7196.500000, 252.990005, 6976.500000>).
20:11:41 [Market] Player "Gladiator" (id=2f2EzOlgeHPaK9xNXxBDWWPE0ljPQPbKV3WyNh1HiZA=) has sold universallight x1 at the trader "Ammo_Attachments (Taiki [Ammo & Attachments])" in market zone "Outpost 42" (pos=<7196.500000, 252.990005, 6976.500000>) and got 60.
20:12:08 [Market] Player "Gladiator" (id=2f2EzOlgeHPaK9xNXxBDWWPE0ljPQPbKV3WyNh1HiZA=) has send a requested to sell deerpelt x1 at the trader "Hunting_Fishing (Boris [Hunting Trader])" in market zone "Outpost 42" (pos=<7196.500000, 252.990005, 6976.500000>).
20:12:08 [Market] Player "Gladiator" (id=2f2EzOlgeHPaK9xNXxBDWWPE0ljPQPbKV3WyNh1HiZA=) has sold deerpelt x1 at the trader "Hunting_Fishing (Boris [Hunting Trader])" in market zone "Outpost 42" (pos=<7196.500000, 252.990005, 6976.500000>) and got 375.
20:12:30 [Market] Player "Gladiator" (id=2f2EzOlgeHPaK9xNXxBDWWPE0ljPQPbKV3WyNh1HiZA=) has send a requested to sell mag_mp5_15rnd x1 at the trader "Ammo_Attachments (Taiki [Ammo & Attachments])" in market zone "Outpost 42" (pos=<7196.500000, 252.990005, 6976.500000>).
20:12:30 [Market] Player "Gladiator" (id=2f2EzOlgeHPaK9xNXxBDWWPE0ljPQPbKV3WyNh1HiZA=) has sold mag_mp5_15rnd x1 at the trader "Ammo_Attachments (Taiki [Ammo & Attachments])" in market zone "Outpost 42" (pos=<7196.500000, 252.990005, 6976.500000>) and got 43.
20:12:32 [Market] Player "Defiant" (id=9pZGLlerKQvreTBoVd7cTp9GRQZOvkhsz4yE5aekEds=) has send a requested to purchase tacticalbaconcan x1 from the trader "Consumables (Irena [Consumables])" in market zone "Outpost 42" (pos=<7196.500000, 252.990005, 6976.500000>).
20:12:32 [Market] Player "Defiant" (id=9pZGLlerKQvreTBoVd7cTp9GRQZOvkhsz4yE5aekEds=) has bought tacticalbaconcan x1 from the trader "Consumables (Irena [Consumables])" in market zone "Outpost 42" (pos=<7196.500000, 252.990005, 6976.500000>) for a price of 50.
20:12:33 [Market] Player "Defiant" (id=9pZGLlerKQvreTBoVd7cTp9GRQZOvkhsz4yE5aekEds=) has send a requested to purchase tacticalbaconcan x1 from the trader "Consumables (Irena [Consumables])" in market zone "Outpost 42" (pos=<7196.500000, 252.990005, 6976.500000>).
20:12:33 [Market] Player "Defiant" (id=9pZGLlerKQvreTBoVd7cTp9GRQZOvkhsz4yE5aekEds=) has bought tacticalbaconcan x1 from the trader "Consumables (Irena [Consumables])" in market zone "Outpost 42" (pos=<7196.500000, 252.990005, 6976.500000>) for a price of 50.
20:12:34 [Market] Player "Defiant" (id=9pZGLlerKQvreTBoVd7cTp9GRQZOvkhsz4yE5aekEds=) has send a requested to purchase tacticalbaconcan x1 from the trader "Consumables (Irena [Consumables])" in market zone "Outpost 42" (pos=<7196.500000, 252.990005, 6976.500000>).
20:12:34 [Market] Player "Defiant" (id=9pZGLlerKQvreTBoVd7cTp9GRQZOvkhsz4yE5aekEds=) has bought tacticalbaconcan x1 from the trader "Consumables (Irena [Consumables])" in market zone "Outpost 42" (pos=<7196.500000, 252.990005, 6976.500000>) for a price of 50.
20:12:34 [Market] Player "Defiant" (id=9pZGLlerKQvreTBoVd7cTp9GRQZOvkhsz4yE5aekEds=) has send a requested to purchase tacticalbaconcan x1 from the trader "Consumables (Irena [Consumables])" in market zone "Outpost 42" (pos=<7196.500000, 252.990005, 6976.500000>).
20:12:35 [Market] Player "Defiant" (id=9pZGLlerKQvreTBoVd7cTp9GRQZOvkhsz4yE5aekEds=) has bought tacticalbaconcan x1 from the trader "Consumables (Irena [Consumables])" in market zone "Outpost 42" (pos=<7196.500000, 252.990005, 6976.500000>) for a price of 50.
20:12:35 [Market] Player "Gladiator" (id=2f2EzOlgeHPaK9xNXxBDWWPE0ljPQPbKV3WyNh1HiZA=) has send a requested to sell ttc_xm2010_10rnd x1 at the trader "Ammo_Attachments (Taiki [Ammo & Attachments])" in market zone "Outpost 42" (pos=<7196.500000, 252.990005, 6976.500000>).
20:12:35 [Market] Player "Gladiator" (id=2f2EzOlgeHPaK9xNXxBDWWPE0ljPQPbKV3WyNh1HiZA=) has sold ttc_xm2010_10rnd x1 at the trader "Ammo_Attachments (Taiki [Ammo & Attachments])" in market zone "Outpost 42" (pos=<7196.500000, 252.990005, 6976.500000>) and got 31.
20:12:38 [Market] Player "Defiant" (id=9pZGLlerKQvreTBoVd7cTp9GRQZOvkhsz4yE5aekEds=) has send a requested to purchase canteen x1 from the trader "Consumables (Irena [Consumables])" in market zone "Outpost 42" (pos=<7196.500000, 252.990005, 6976.500000>).
20:12:38 [Market] Player "Defiant" (id=9pZGLlerKQvreTBoVd7cTp9GRQZOvkhsz4yE5aekEds=) has bought canteen x1 from the trader "Consumables (Irena [Consumables])" in market zone "Outpost 42" (pos=<7196.500000, 252.990005, 6976.500000>) for a price of 200.
20:12:38 [Market] Player "Gladiator" (id=2f2EzOlgeHPaK9xNXxBDWWPE0ljPQPbKV3WyNh1HiZA=) has send a requested to sell mag_ak101_30rnd x1 at the trader "Ammo_Attachments (Taiki [Ammo & Attachments])" in market zone "Outpost 42" (pos=<7196.500000, 252.990005, 6976.500000>).
20:12:38 [Market] Player "Gladiator" (id=2f2EzOlgeHPaK9xNXxBDWWPE0ljPQPbKV3WyNh1HiZA=) has sold mag_ak101_30rnd x1 at the trader "Ammo_Attachments (Taiki [Ammo & Attachments])" in market zone "Outpost 42" (pos=<7196.500000, 252.990005, 6976.500000>) and got 84.
20:12:38 [Market] Player "Defiant" (id=9pZGLlerKQvreTBoVd7cTp9GRQZOvkhsz4yE5aekEds=) has send a requested to purchase canteen x1 from the trader "Consumables (Irena [Consumables])" in market zone "Outpost 42" (pos=<7196.500000, 252.990005, 6976.500000>).
20:12:38 [Market] Player "Defiant" (id=9pZGLlerKQvreTBoVd7cTp9GRQZOvkhsz4yE5aekEds=) has bought canteen x1 from the trader "Consumables (Irena [Consumables])" in market zone "Outpost 42" (pos=<7196.500000, 252.990005, 6976.500000>) for a price of 200.
20:12:39 [Market] Player "Defiant" (id=9pZGLlerKQvreTBoVd7cTp9GRQZOvkhsz4yE5aekEds=) has send a requested to purchase canteen x1 from the trader "Consumables (Irena [Consumables])" in market zone "Outpost 42" (pos=<7196.500000, 252.990005, 6976.500000>).
20:12:39 [Market] Player "Defiant" (id=9pZGLlerKQvreTBoVd7cTp9GRQZOvkhsz4yE5aekEds=) has bought canteen x1 from the trader "Consumables (Irena [Consumables])" in market zone "Outpost 42" (pos=<7196.500000, 252.990005, 6976.500000>) for a price of 200.
20:12:40 [Market] Player "Gladiator" (id=2f2EzOlgeHPaK9xNXxBDWWPE0ljPQPbKV3WyNh1HiZA=) has send a requested to sell mag_cmag_30rnd x1 at the trader "Ammo_Attachments (Taiki [Ammo & Attachments])" in market zone "Outpost 42" (pos=<7196.500000, 252.990005, 6976.500000>).
20:12:40 [Market] Player "Gladiator" (id=2f2EzOlgeHPaK9xNXxBDWWPE0ljPQPbKV3WyNh1HiZA=) has sold mag_cmag_30rnd x1 at the trader "Ammo_Attachments (Taiki [Ammo & Attachments])" in market zone "Outpost 42" (pos=<7196.500000, 252.990005, 6976.500000>) and got 66.
20:12:46 [Market] Player "Gladiator" (id=2f2EzOlgeHPaK9xNXxBDWWPE0ljPQPbKV3WyNh1HiZA=) has send a requested to sell ammobox_762x39tracer_20rnd x1 at the trader "Ammo_Attachments (Taiki [Ammo & Attachments])" in market zone "Outpost 42" (pos=<7196.500000, 252.990005, 6976.500000>).
20:12:46 [Market] Player "Gladiator" (id=2f2EzOlgeHPaK9xNXxBDWWPE0ljPQPbKV3WyNh1HiZA=) has sold ammobox_762x39tracer_20rnd x1 at the trader "Ammo_Attachments (Taiki [Ammo & Attachments])" in market zone "Outpost 42" (pos=<7196.500000, 252.990005, 6976.500000>) and got 16.
20:12:47 [Market] Player "42cobra" (id=7jlJa0YJ0ppxWuiq1t34ec-CitMl82Ky24_qx8QK7Rs=) has send a requested to sell universallight x1 at the trader "Ammo_Attachments (Taiki [Ammo & Attachments])" in market zone "Outpost 42" (pos=<7196.500000, 252.990005, 6976.500000>).
20:12:48 [Market] Player "42cobra" (id=7jlJa0YJ0ppxWuiq1t34ec-CitMl82Ky24_qx8QK7Rs=) has sold universallight x1 at the trader "Ammo_Attachments (Taiki [Ammo & Attachments])" in market zone "Outpost 42" (pos=<7196.500000, 252.990005, 6976.500000>) and got 60.
20:12:51 [Market] Player "42cobra" (id=7jlJa0YJ0ppxWuiq1t34ec-CitMl82Ky24_qx8QK7Rs=) has send a requested to sell universallight x1 at the trader "Ammo_Attachments (Taiki [Ammo & Attachments])" in market zone "Outpost 42" (pos=<7196.500000, 252.990005, 6976.500000>).
20:12:51 [Market] Player "42cobra" (id=7jlJa0YJ0ppxWuiq1t34ec-CitMl82Ky24_qx8QK7Rs=) has sold universallight x1 at the trader "Ammo_Attachments (Taiki [Ammo & Attachments])" in market zone "Outpost 42" (pos=<7196.500000, 252.990005, 6976.500000>) and got 45.
20:13:26 [Market] Player "42cobra" (id=7jlJa0YJ0ppxWuiq1t34ec-CitMl82Ky24_qx8QK7Rs=) has send a requested to sell militarygear_coyotebag_flt x1 at the trader "MilitaryGear (Judy [Military Gear])" in market zone "Outpost 42" (pos=<7196.500000, 252.990005, 6976.500000>).
20:13:26 [Market] Player "42cobra" (id=7jlJa0YJ0ppxWuiq1t34ec-CitMl82Ky24_qx8QK7Rs=) has sold militarygear_coyotebag_flt x1 at the trader "MilitaryGear (Judy [Military Gear])" in market zone "Outpost 42" (pos=<7196.500000, 252.990005, 6976.500000>) and got 2200.
20:14:58 [Market] Player "42cobra" (id=7jlJa0YJ0ppxWuiq1t34ec-CitMl82Ky24_qx8QK7Rs=) has send a requested to sell morphine x1 at the trader "Medic (Lewis [Medic])" in market zone "Outpost 42" (pos=<7196.500000, 252.990005, 6976.500000>).
20:14:59 [Market] Player "42cobra" (id=7jlJa0YJ0ppxWuiq1t34ec-CitMl82Ky24_qx8QK7Rs=) has sold morphine x1 at the trader "Medic (Lewis [Medic])" in market zone "Outpost 42" (pos=<7196.500000, 252.990005, 6976.500000>) and got 100.
20:15:00 [Market] Player "42cobra" (id=7jlJa0YJ0ppxWuiq1t34ec-CitMl82Ky24_qx8QK7Rs=) has send a requested to sell purificationtablets x1 at the trader "Medic (Lewis [Medic])" in market zone "Outpost 42" (pos=<7196.500000, 252.990005, 6976.500000>).
20:15:00 [Market] Player "42cobra" (id=7jlJa0YJ0ppxWuiq1t34ec-CitMl82Ky24_qx8QK7Rs=) has sold purificationtablets x1 at the trader "Medic (Lewis [Medic])" in market zone "Outpost 42" (pos=<7196.500000, 252.990005, 6976.500000>) and got 25.
20:15:06 [Market] Player "42cobra" (id=7jlJa0YJ0ppxWuiq1t34ec-CitMl82Ky24_qx8QK7Rs=) has send a requested to sell tetracyclineantibiotics x1 at the trader "Medic (Lewis [Medic])" in market zone "Outpost 42" (pos=<7196.500000, 252.990005, 6976.500000>).
20:15:06 [Market] Player "42cobra" (id=7jlJa0YJ0ppxWuiq1t34ec-CitMl82Ky24_qx8QK7Rs=) has sold tetracyclineantibiotics x1 at the trader "Medic (Lewis [Medic])" in market zone "Outpost 42" (pos=<7196.500000, 252.990005, 6976.500000>) and got 50.
20:16:08 [Market] Player "42cobra" (id=7jlJa0YJ0ppxWuiq1t34ec-CitMl82Ky24_qx8QK7Rs=) has send a requested to sell deerpelt x1 at the trader "Hunting_Fishing (Boris [Hunting Trader])" in market zone "Outpost 42" (pos=<7196.500000, 252.990005, 6976.500000>).
20:16:08 [Market] Player "42cobra" (id=7jlJa0YJ0ppxWuiq1t34ec-CitMl82Ky24_qx8QK7Rs=) has sold deerpelt x1 at the trader "Hunting_Fishing (Boris [Hunting Trader])" in market zone "Outpost 42" (pos=<7196.500000, 252.990005, 6976.500000>) and got 1500.
20:16:21 [Market] Player "42cobra" (id=7jlJa0YJ0ppxWuiq1t34ec-CitMl82Ky24_qx8QK7Rs=) has send a requested to sell deersteakmeat x1 at the trader "Hunting_Fishing (Boris [Hunting Trader])" in market zone "Outpost 42" (pos=<7196.500000, 252.990005, 6976.500000>).
20:16:22 [Market] Player "42cobra" (id=7jlJa0YJ0ppxWuiq1t34ec-CitMl82Ky24_qx8QK7Rs=) has sold deersteakmeat x1 at the trader "Hunting_Fishing (Boris [Hunting Trader])" in market zone "Outpost 42" (pos=<7196.500000, 252.990005, 6976.500000>) and got 35.
20:16:38 [Market] Player "Defiant" (id=9pZGLlerKQvreTBoVd7cTp9GRQZOvkhsz4yE5aekEds=) has send a requested to purchase aug x1 from the trader "Weapons (Seth [Weapons])" in market zone "Outpost 42" (pos=<7196.500000, 252.990005, 6976.500000>).
20:16:38 [Market] Player "Defiant" (id=9pZGLlerKQvreTBoVd7cTp9GRQZOvkhsz4yE5aekEds=) has bought aug x1 from the trader "Weapons (Seth [Weapons])" in market zone "Outpost 42" (pos=<7196.500000, 252.990005, 6976.500000>) for a price of 1600.
20:17:14 [Market] Player "42cobra" (id=7jlJa0YJ0ppxWuiq1t34ec-CitMl82Ky24_qx8QK7Rs=) has send a requested to sell deersteakmeat x6 at the trader "Hunting_Fishing (Boris [Hunting Trader])" in market zone "Outpost 42" (pos=<7196.500000, 252.990005, 6976.500000>).
20:17:15 [Market] Player "42cobra" (id=7jlJa0YJ0ppxWuiq1t34ec-CitMl82Ky24_qx8QK7Rs=) has sold deersteakmeat x6 at the trader "Hunting_Fishing (Boris [Hunting Trader])" in market zone "Outpost 42" (pos=<7196.500000, 252.990005, 6976.500000>) and got 198.
20:17:20 [Market] Player "Defiant" (id=9pZGLlerKQvreTBoVd7cTp9GRQZOvkhsz4yE5aekEds=) has send a requested to purchase mag_aug_30rnd x1 from the trader "Ammo_Attachments (Taiki [Ammo & Attachments])" in market zone "Outpost 42" (pos=<7196.500000, 252.990005, 6976.500000>).
20:17:21 [Market] Player "Defiant" (id=9pZGLlerKQvreTBoVd7cTp9GRQZOvkhsz4yE5aekEds=) has bought mag_aug_30rnd x1 from the trader "Ammo_Attachments (Taiki [Ammo & Attachments])" in market zone "Outpost 42" (pos=<7196.500000, 252.990005, 6976.500000>) for a price of 280.
20:17:32 [Market] Player "Defiant" (id=9pZGLlerKQvreTBoVd7cTp9GRQZOvkhsz4yE5aekEds=) has send a requested to purchase ammobox_556x45_20rnd x1 from the trader "Ammo_Attachments (Taiki [Ammo & Attachments])" in market zone "Outpost 42" (pos=<7196.500000, 252.990005, 6976.500000>).
20:17:32 [Market] Player "Defiant" (id=9pZGLlerKQvreTBoVd7cTp9GRQZOvkhsz4yE5aekEds=) has bought ammobox_556x45_20rnd x1 from the trader "Ammo_Attachments (Taiki [Ammo & Attachments])" in market zone "Outpost 42" (pos=<7196.500000, 252.990005, 6976.500000>) for a price of 32.
20:17:36 [Market] Player "42cobra" (id=7jlJa0YJ0ppxWuiq1t34ec-CitMl82Ky24_qx8QK7Rs=) has send a requested to sell deersteakmeat x2 at the trader "Hunting_Fishing (Boris [Hunting Trader])" in market zone "Outpost 42" (pos=<7196.500000, 252.990005, 6976.500000>).
20:17:36 [Market] Player "42cobra" (id=7jlJa0YJ0ppxWuiq1t34ec-CitMl82Ky24_qx8QK7Rs=) has sold deersteakmeat x2 at the trader "Hunting_Fishing (Boris [Hunting Trader])" in market zone "Outpost 42" (pos=<7196.500000, 252.990005, 6976.500000>) and got 72.
20:18:04 [Market] Player "Gladiator" (id=2f2EzOlgeHPaK9xNXxBDWWPE0ljPQPbKV3WyNh1HiZA=) has send a requested to sell mvs_combat_vest_snow x1 at the trader "MilitaryGear (Judy [Military Gear])" in market zone "Outpost 42" (pos=<7196.500000, 252.990005, 6976.500000>).
20:18:04 [Market] Player "Gladiator" (id=2f2EzOlgeHPaK9xNXxBDWWPE0ljPQPbKV3WyNh1HiZA=) has sold mvs_combat_vest_snow x1 at the trader "MilitaryGear (Judy [Military Gear])" in market zone "Outpost 42" (pos=<7196.500000, 252.990005, 6976.500000>) and got 375.
20:18:13 [Market] Player "Gladiator" (id=2f2EzOlgeHPaK9xNXxBDWWPE0ljPQPbKV3WyNh1HiZA=) has send a requested to sell militarygear_gp5gasmask_brown x1 at the trader "MilitaryGear (Judy [Military Gear])" in market zone "Outpost 42" (pos=<7196.500000, 252.990005, 6976.500000>).
20:18:13 [Market] Player "Gladiator" (id=2f2EzOlgeHPaK9xNXxBDWWPE0ljPQPbKV3WyNh1HiZA=) has sold militarygear_gp5gasmask_brown x1 at the trader "MilitaryGear (Judy [Military Gear])" in market zone "Outpost 42" (pos=<7196.500000, 252.990005, 6976.500000>) and got 62.
20:18:21 [Market] Player "Defiant" (id=9pZGLlerKQvreTBoVd7cTp9GRQZOvkhsz4yE5aekEds=) has send a requested to sell makarovij70 x1 at the trader "Weapons (Seth [Weapons])" in market zone "Outpost 42" (pos=<7196.500000, 252.990005, 6976.500000>).
20:18:21 [Market] Player "Defiant" (id=9pZGLlerKQvreTBoVd7cTp9GRQZOvkhsz4yE5aekEds=) has sold makarovij70 x1 at the trader "Weapons (Seth [Weapons])" in market zone "Outpost 42" (pos=<7196.500000, 252.990005, 6976.500000>) and got 50.
20:20:35 [Market] Player "Defiant" (id=9pZGLlerKQvreTBoVd7cTp9GRQZOvkhsz4yE5aekEds=) has send a requested to purchase ammobox_556x45_20rnd x1 from the trader "Ammo_Attachments (Taiki [Ammo & Attachments])" in market zone "Outpost 42" (pos=<7196.500000, 252.990005, 6976.500000>).
20:20:35 [Market] Player "Defiant" (id=9pZGLlerKQvreTBoVd7cTp9GRQZOvkhsz4yE5aekEds=) has bought ammobox_556x45_20rnd x1 from the trader "Ammo_Attachments (Taiki [Ammo & Attachments])" in market zone "Outpost 42" (pos=<7196.500000, 252.990005, 6976.500000>) for a price of 32.
20:20:38 [Market] Player "Defiant" (id=9pZGLlerKQvreTBoVd7cTp9GRQZOvkhsz4yE5aekEds=) has send a requested to purchase ammobox_556x45_20rnd x1 from the trader "Ammo_Attachments (Taiki [Ammo & Attachments])" in market zone "Outpost 42" (pos=<7196.500000, 252.990005, 6976.500000>).
20:20:38 [Market] Player "Defiant" (id=9pZGLlerKQvreTBoVd7cTp9GRQZOvkhsz4yE5aekEds=) has bought ammobox_556x45_20rnd x1 from the trader "Ammo_Attachments (Taiki [Ammo & Attachments])" in market zone "Outpost 42" (pos=<7196.500000, 252.990005, 6976.500000>) for a price of 32.
20:21:10 [Market] Player "Gladiator" (id=2f2EzOlgeHPaK9xNXxBDWWPE0ljPQPbKV3WyNh1HiZA=) has send a requested to sell militarygear_mountainbag_dpm x1 at the trader "MilitaryGear (Judy [Military Gear])" in market zone "Outpost 42" (pos=<7196.500000, 252.990005, 6976.500000>).
20:21:10 [Market] Player "Gladiator" (id=2f2EzOlgeHPaK9xNXxBDWWPE0ljPQPbKV3WyNh1HiZA=) has sold militarygear_mountainbag_dpm x1 at the trader "MilitaryGear (Judy [Military Gear])" in market zone "Outpost 42" (pos=<7196.500000, 252.990005, 6976.500000>) and got 2100.
20:22:49 [Market] Player "Defiant" (id=9pZGLlerKQvreTBoVd7cTp9GRQZOvkhsz4yE5aekEds=) has send a requested to purchase acogoptic_6x x1 from the trader "Ammo_Attachments (Taiki [Ammo & Attachments])" in market zone "Outpost 42" (pos=<7196.500000, 252.990005, 6976.500000>).
20:22:49 [Market] Player "Defiant" (id=9pZGLlerKQvreTBoVd7cTp9GRQZOvkhsz4yE5aekEds=) has bought acogoptic_6x x1 from the trader "Ammo_Attachments (Taiki [Ammo & Attachments])" in market zone "Outpost 42" (pos=<7196.500000, 252.990005, 6976.500000>) for a price of 1200.
20:23:02 [Market] Player "42cobra" (id=7jlJa0YJ0ppxWuiq1t34ec-CitMl82Ky24_qx8QK7Rs=) has send a requested to purchase canteen x1 from the trader "Consumables (Irena [Consumables])" in market zone "Outpost 42" (pos=<7196.500000, 252.990005, 6976.500000>).
20:23:02 [Market] Player "42cobra" (id=7jlJa0YJ0ppxWuiq1t34ec-CitMl82Ky24_qx8QK7Rs=) has bought canteen x1 from the trader "Consumables (Irena [Consumables])" in market zone "Outpost 42" (pos=<7196.500000, 252.990005, 6976.500000>) for a price of 200.
20:23:10 [Market] Player "Gladiator" (id=2f2EzOlgeHPaK9xNXxBDWWPE0ljPQPbKV3WyNh1HiZA=) has send a requested to sell militarygear_mountainbag_multicam x1 at the trader "MilitaryGear (Judy [Military Gear])" in market zone "Outpost 42" (pos=<7196.500000, 252.990005, 6976.500000>).
20:23:10 [Market] Player "Gladiator" (id=2f2EzOlgeHPaK9xNXxBDWWPE0ljPQPbKV3WyNh1HiZA=) has sold militarygear_mountainbag_multicam x1 at the trader "MilitaryGear (Judy [Military Gear])" in market zone "Outpost 42" (pos=<7196.500000, 252.990005, 6976.500000>) and got 2100.
20:23:41 [Market] Player "42cobra" (id=7jlJa0YJ0ppxWuiq1t34ec-CitMl82Ky24_qx8QK7Rs=) has send a requested to purchase expansionmilkbottle x2 from the trader "Consumables (Irena [Consumables])" in market zone "Outpost 42" (pos=<7196.500000, 252.990005, 6976.500000>).
20:23:41 [Market] Player "42cobra" (id=7jlJa0YJ0ppxWuiq1t34ec-CitMl82Ky24_qx8QK7Rs=) has bought expansionmilkbottle x2 from the trader "Consumables (Irena [Consumables])" in market zone "Outpost 42" (pos=<7196.500000, 252.990005, 6976.500000>) for a price of 30.
20:23:47 [Market] Player "Defiant" (id=9pZGLlerKQvreTBoVd7cTp9GRQZOvkhsz4yE5aekEds=) has send a requested to purchase canopener x1 from the trader "Tools_Supplies (Kaito [Tools & Supplies])" in market zone "Outpost 42" (pos=<7196.500000, 252.990005, 6976.500000>).
20:23:47 [Market] Player "Defiant" (id=9pZGLlerKQvreTBoVd7cTp9GRQZOvkhsz4yE5aekEds=) has bought canopener x1 from the trader "Tools_Supplies (Kaito [Tools & Supplies])" in market zone "Outpost 42" (pos=<7196.500000, 252.990005, 6976.500000>) for a price of 10.
20:23:55 [Market] Player "42cobra" (id=7jlJa0YJ0ppxWuiq1t34ec-CitMl82Ky24_qx8QK7Rs=) has send a requested to purchase sodacan_cola x3 from the trader "Consumables (Irena [Consumables])" in market zone "Outpost 42" (pos=<7196.500000, 252.990005, 6976.500000>).
20:23:56 [Market] Player "42cobra" (id=7jlJa0YJ0ppxWuiq1t34ec-CitMl82Ky24_qx8QK7Rs=) has bought sodacan_cola x3 from the trader "Consumables (Irena [Consumables])" in market zone "Outpost 42" (pos=<7196.500000, 252.990005, 6976.500000>) for a price of 30.
20:23:56 [Market] Player "Gladiator" (id=2f2EzOlgeHPaK9xNXxBDWWPE0ljPQPbKV3WyNh1HiZA=) has send a requested to sell mvs_shirt_bdu x1 at the trader "MilitaryGear (Judy [Military Gear])" in market zone "Outpost 42" (pos=<7196.500000, 252.990005, 6976.500000>).
20:23:56 [Market] Player "Gladiator" (id=2f2EzOlgeHPaK9xNXxBDWWPE0ljPQPbKV3WyNh1HiZA=) has sold mvs_shirt_bdu x1 at the trader "MilitaryGear (Judy [Military Gear])" in market zone "Outpost 42" (pos=<7196.500000, 252.990005, 6976.500000>) and got 188.
20:24:41 [Market] Player "42cobra" (id=7jlJa0YJ0ppxWuiq1t34ec-CitMl82Ky24_qx8QK7Rs=) has send a requested to purchase tacticalbaconcan x2 from the trader "Consumables (Irena [Consumables])" in market zone "Outpost 42" (pos=<7196.500000, 252.990005, 6976.500000>).
20:24:41 [Market] Player "42cobra" (id=7jlJa0YJ0ppxWuiq1t34ec-CitMl82Ky24_qx8QK7Rs=) has bought tacticalbaconcan x2 from the trader "Consumables (Irena [Consumables])" in market zone "Outpost 42" (pos=<7196.500000, 252.990005, 6976.500000>) for a price of 100.
20:24:41 [Market] Player "Defiant" (id=9pZGLlerKQvreTBoVd7cTp9GRQZOvkhsz4yE5aekEds=) has send a requested to purchase alicebag_green x1 from the trader "MilitaryGear (Judy [Military Gear])" in market zone "Outpost 42" (pos=<7196.500000, 252.990005, 6976.500000>).
20:24:41 [Market] Player "Defiant" (id=9pZGLlerKQvreTBoVd7cTp9GRQZOvkhsz4yE5aekEds=) has bought alicebag_green x1 from the trader "MilitaryGear (Judy [Military Gear])" in market zone "Outpost 42" (pos=<7196.500000, 252.990005, 6976.500000>) for a price of 400.
20:24:53 [Market] Player "42cobra" (id=7jlJa0YJ0ppxWuiq1t34ec-CitMl82Ky24_qx8QK7Rs=) has send a requested to purchase bakedbeanscan x2 from the trader "Consumables (Irena [Consumables])" in market zone "Outpost 42" (pos=<7196.500000, 252.990005, 6976.500000>).
20:24:53 [Market] Player "42cobra" (id=7jlJa0YJ0ppxWuiq1t34ec-CitMl82Ky24_qx8QK7Rs=) has bought bakedbeanscan x2 from the trader "Consumables (Irena [Consumables])" in market zone "Outpost 42" (pos=<7196.500000, 252.990005, 6976.500000>) for a price of 60.
20:24:59 [Market] Player "Defiant" (id=9pZGLlerKQvreTBoVd7cTp9GRQZOvkhsz4yE5aekEds=) has send a requested to purchase mag_aug_30rnd x1 from the trader "Ammo_Attachments (Taiki [Ammo & Attachments])" in market zone "Outpost 42" (pos=<7196.500000, 252.990005, 6976.500000>).
20:24:59 [Market] Player "Defiant" (id=9pZGLlerKQvreTBoVd7cTp9GRQZOvkhsz4yE5aekEds=) has bought mag_aug_30rnd x1 from the trader "Ammo_Attachments (Taiki [Ammo & Attachments])" in market zone "Outpost 42" (pos=<7196.500000, 252.990005, 6976.500000>) for a price of 280.
20:25:00 [Market] Player "Defiant" (id=9pZGLlerKQvreTBoVd7cTp9GRQZOvkhsz4yE5aekEds=) has send a requested to purchase mag_aug_30rnd x1 from the trader "Ammo_Attachments (Taiki [Ammo & Attachments])" in market zone "Outpost 42" (pos=<7196.500000, 252.990005, 6976.500000>).
20:25:00 [Market] Player "Defiant" (id=9pZGLlerKQvreTBoVd7cTp9GRQZOvkhsz4yE5aekEds=) has bought mag_aug_30rnd x1 from the trader "Ammo_Attachments (Taiki [Ammo & Attachments])" in market zone "Outpost 42" (pos=<7196.500000, 252.990005, 6976.500000>) for a price of 280.
20:25:03 [Market] Player "Gladiator" (id=2f2EzOlgeHPaK9xNXxBDWWPE0ljPQPbKV3WyNh1HiZA=) has send a requested to sell ammo_762x39 x40 at the trader "Ammo_Attachments (Taiki [Ammo & Attachments])" in market zone "Outpost 42" (pos=<7196.500000, 252.990005, 6976.500000>).
20:25:03 [Market] Player "Gladiator" (id=2f2EzOlgeHPaK9xNXxBDWWPE0ljPQPbKV3WyNh1HiZA=) has sold ammo_762x39 x40 at the trader "Ammo_Attachments (Taiki [Ammo & Attachments])" in market zone "Outpost 42" (pos=<7196.500000, 252.990005, 6976.500000>) and got 31.
20:25:07 [Market] Player "42cobra" (id=7jlJa0YJ0ppxWuiq1t34ec-CitMl82Ky24_qx8QK7Rs=) has send a requested to purchase peachescan x2 from the trader "Consumables (Irena [Consumables])" in market zone "Outpost 42" (pos=<7196.500000, 252.990005, 6976.500000>).
20:25:07 [Market] Player "42cobra" (id=7jlJa0YJ0ppxWuiq1t34ec-CitMl82Ky24_qx8QK7Rs=) has bought peachescan x2 from the trader "Consumables (Irena [Consumables])" in market zone "Outpost 42" (pos=<7196.500000, 252.990005, 6976.500000>) for a price of 60.
20:25:09 [Market] Player "Defiant" (id=9pZGLlerKQvreTBoVd7cTp9GRQZOvkhsz4yE5aekEds=) has send a requested to purchase ammobox_556x45_20rnd x1 from the trader "Ammo_Attachments (Taiki [Ammo & Attachments])" in market zone "Outpost 42" (pos=<7196.500000, 252.990005, 6976.500000>).
20:25:09 [Market] Player "Defiant" (id=9pZGLlerKQvreTBoVd7cTp9GRQZOvkhsz4yE5aekEds=) has bought ammobox_556x45_20rnd x1 from the trader "Ammo_Attachments (Taiki [Ammo & Attachments])" in market zone "Outpost 42" (pos=<7196.500000, 252.990005, 6976.500000>) for a price of 32.
20:25:10 [Market] Player "Defiant" (id=9pZGLlerKQvreTBoVd7cTp9GRQZOvkhsz4yE5aekEds=) has send a requested to purchase ammobox_556x45_20rnd x1 from the trader "Ammo_Attachments (Taiki [Ammo & Attachments])" in market zone "Outpost 42" (pos=<7196.500000, 252.990005, 6976.500000>).
20:25:10 [Market] Player "Defiant" (id=9pZGLlerKQvreTBoVd7cTp9GRQZOvkhsz4yE5aekEds=) has bought ammobox_556x45_20rnd x1 from the trader "Ammo_Attachments (Taiki [Ammo & Attachments])" in market zone "Outpost 42" (pos=<7196.500000, 252.990005, 6976.500000>) for a price of 32.
20:25:10 [Market] Player "Defiant" (id=9pZGLlerKQvreTBoVd7cTp9GRQZOvkhsz4yE5aekEds=) has send a requested to purchase ammobox_556x45_20rnd x1 from the trader "Ammo_Attachments (Taiki [Ammo & Attachments])" in market zone "Outpost 42" (pos=<7196.500000, 252.990005, 6976.500000>).
20:25:10 [Market] Player "Defiant" (id=9pZGLlerKQvreTBoVd7cTp9GRQZOvkhsz4yE5aekEds=) has bought ammobox_556x45_20rnd x1 from the trader "Ammo_Attachments (Taiki [Ammo & Attachments])" in market zone "Outpost 42" (pos=<7196.500000, 252.990005, 6976.500000>) for a price of 32.
20:25:11 [Market] Player "Defiant" (id=9pZGLlerKQvreTBoVd7cTp9GRQZOvkhsz4yE5aekEds=) has send a requested to purchase ammobox_556x45_20rnd x1 from the trader "Ammo_Attachments (Taiki [Ammo & Attachments])" in market zone "Outpost 42" (pos=<7196.500000, 252.990005, 6976.500000>).
20:25:11 [Market] Player "Defiant" (id=9pZGLlerKQvreTBoVd7cTp9GRQZOvkhsz4yE5aekEds=) has bought ammobox_556x45_20rnd x1 from the trader "Ammo_Attachments (Taiki [Ammo & Attachments])" in market zone "Outpost 42" (pos=<7196.500000, 252.990005, 6976.500000>) for a price of 32.
20:25:12 [Market] Player "Defiant" (id=9pZGLlerKQvreTBoVd7cTp9GRQZOvkhsz4yE5aekEds=) has send a requested to purchase ammobox_556x45_20rnd x1 from the trader "Ammo_Attachments (Taiki [Ammo & Attachments])" in market zone "Outpost 42" (pos=<7196.500000, 252.990005, 6976.500000>).
20:25:12 [Market] Player "Defiant" (id=9pZGLlerKQvreTBoVd7cTp9GRQZOvkhsz4yE5aekEds=) has bought ammobox_556x45_20rnd x1 from the trader "Ammo_Attachments (Taiki [Ammo & Attachments])" in market zone "Outpost 42" (pos=<7196.500000, 252.990005, 6976.500000>) for a price of 32.
20:25:14 [Market] Player "Gladiator" (id=2f2EzOlgeHPaK9xNXxBDWWPE0ljPQPbKV3WyNh1HiZA=) has send a requested to sell ammo_762x39tracer x16 at the trader "Ammo_Attachments (Taiki [Ammo & Attachments])" in market zone "Outpost 42" (pos=<7196.500000, 252.990005, 6976.500000>).
20:25:14 [Market] Player "Gladiator" (id=2f2EzOlgeHPaK9xNXxBDWWPE0ljPQPbKV3WyNh1HiZA=) has sold ammo_762x39tracer x16 at the trader "Ammo_Attachments (Taiki [Ammo & Attachments])" in market zone "Outpost 42" (pos=<7196.500000, 252.990005, 6976.500000>) and got 16.
20:25:22 [Market] Player "Gladiator" (id=2f2EzOlgeHPaK9xNXxBDWWPE0ljPQPbKV3WyNh1HiZA=) has send a requested to sell ammo_9x39ap x28 at the trader "Ammo_Attachments (Taiki [Ammo & Attachments])" in market zone "Outpost 42" (pos=<7196.500000, 252.990005, 6976.500000>).
20:25:22 [Market] Player "Gladiator" (id=2f2EzOlgeHPaK9xNXxBDWWPE0ljPQPbKV3WyNh1HiZA=) has sold ammo_9x39ap x28 at the trader "Ammo_Attachments (Taiki [Ammo & Attachments])" in market zone "Outpost 42" (pos=<7196.500000, 252.990005, 6976.500000>) and got 14.
20:25:23 [Market] Player "42cobra" (id=7jlJa0YJ0ppxWuiq1t34ec-CitMl82Ky24_qx8QK7Rs=) has send a requested to purchase porkcan x2 from the trader "Consumables (Irena [Consumables])" in market zone "Outpost 42" (pos=<7196.500000, 252.990005, 6976.500000>).
20:25:23 [Market] Player "42cobra" (id=7jlJa0YJ0ppxWuiq1t34ec-CitMl82Ky24_qx8QK7Rs=) has bought porkcan x2 from the trader "Consumables (Irena [Consumables])" in market zone "Outpost 42" (pos=<7196.500000, 252.990005, 6976.500000>) for a price of 40.
20:25:32 [Market] Player "Gladiator" (id=2f2EzOlgeHPaK9xNXxBDWWPE0ljPQPbKV3WyNh1HiZA=) has send a requested to sell ammo_762x54tracer x18 at the trader "Ammo_Attachments (Taiki [Ammo & Attachments])" in market zone "Outpost 42" (pos=<7196.500000, 252.990005, 6976.500000>).
20:25:32 [Market] Player "Gladiator" (id=2f2EzOlgeHPaK9xNXxBDWWPE0ljPQPbKV3WyNh1HiZA=) has sold ammo_762x54tracer x18 at the trader "Ammo_Attachments (Taiki [Ammo & Attachments])" in market zone "Outpost 42" (pos=<7196.500000, 252.990005, 6976.500000>) and got 14.
20:25:39 [Market] Player "Gladiator" (id=2f2EzOlgeHPaK9xNXxBDWWPE0ljPQPbKV3WyNh1HiZA=) has send a requested to sell ammo_762x54 x11 at the trader "Ammo_Attachments (Taiki [Ammo & Attachments])" in market zone "Outpost 42" (pos=<7196.500000, 252.990005, 6976.500000>).
20:25:40 [Market] Player "Gladiator" (id=2f2EzOlgeHPaK9xNXxBDWWPE0ljPQPbKV3WyNh1HiZA=) has sold ammo_762x54 x11 at the trader "Ammo_Attachments (Taiki [Ammo & Attachments])" in market zone "Outpost 42" (pos=<7196.500000, 252.990005, 6976.500000>) and got 6.
20:26:03 [Market] Player "Defiant" (id=9pZGLlerKQvreTBoVd7cTp9GRQZOvkhsz4yE5aekEds=) has send a requested to sell mag_ij70_8rnd x1 at the trader "Ammo_Attachments (Taiki [Ammo & Attachments])" in market zone "Outpost 42" (pos=<7196.500000, 252.990005, 6976.500000>).
20:26:03 [Market] Player "Defiant" (id=9pZGLlerKQvreTBoVd7cTp9GRQZOvkhsz4yE5aekEds=) has sold mag_ij70_8rnd x1 at the trader "Ammo_Attachments (Taiki [Ammo & Attachments])" in market zone "Outpost 42" (pos=<7196.500000, 252.990005, 6976.500000>) and got 15.
20:26:04 [Market] Player "Defiant" (id=9pZGLlerKQvreTBoVd7cTp9GRQZOvkhsz4yE5aekEds=) has send a requested to sell mag_ij70_8rnd x1 at the trader "Ammo_Attachments (Taiki [Ammo & Attachments])" in market zone "Outpost 42" (pos=<7196.500000, 252.990005, 6976.500000>).
20:26:05 [Market] Player "Defiant" (id=9pZGLlerKQvreTBoVd7cTp9GRQZOvkhsz4yE5aekEds=) has sold mag_ij70_8rnd x1 at the trader "Ammo_Attachments (Taiki [Ammo & Attachments])" in market zone "Outpost 42" (pos=<7196.500000, 252.990005, 6976.500000>) and got 15.
20:26:31 [Market] Player "Gladiator" (id=2f2EzOlgeHPaK9xNXxBDWWPE0ljPQPbKV3WyNh1HiZA=) has send a requested to purchase magnum x1 from the trader "Weapons (Seth [Weapons])" in market zone "Outpost 42" (pos=<7196.500000, 252.990005, 6976.500000>).
20:26:31 [Market] Player "Gladiator" (id=2f2EzOlgeHPaK9xNXxBDWWPE0ljPQPbKV3WyNh1HiZA=) has bought magnum x1 from the trader "Weapons (Seth [Weapons])" in market zone "Outpost 42" (pos=<7196.500000, 252.990005, 6976.500000>) for a price of 2000.
20:27:00 [Market] Player "Gladiator" (id=2f2EzOlgeHPaK9xNXxBDWWPE0ljPQPbKV3WyNh1HiZA=) has send a requested to purchase ammobox_357_20rnd x5 from the trader "Ammo_Attachments (Taiki [Ammo & Attachments])" in market zone "Outpost 42" (pos=<7196.500000, 252.990005, 6976.500000>).
20:27:00 [Market] Player "Gladiator" (id=2f2EzOlgeHPaK9xNXxBDWWPE0ljPQPbKV3WyNh1HiZA=) has bought ammobox_357_20rnd x5 from the trader "Ammo_Attachments (Taiki [Ammo & Attachments])" in market zone "Outpost 42" (pos=<7196.500000, 252.990005, 6976.500000>) for a price of 160.
20:31:51 [Market] Player "42cobra" (id=7jlJa0YJ0ppxWuiq1t34ec-CitMl82Ky24_qx8QK7Rs=) has send a requested to purchase ammobox_308win_20rnd x5 from the trader "Ammo_Attachments (Taiki [Ammo & Attachments])" in market zone "Outpost 42" (pos=<7196.500000, 252.990005, 6976.500000>).
20:31:51 [Market] Player "42cobra" (id=7jlJa0YJ0ppxWuiq1t34ec-CitMl82Ky24_qx8QK7Rs=) has bought ammobox_308win_20rnd x5 from the trader "Ammo_Attachments (Taiki [Ammo & Attachments])" in market zone "Outpost 42" (pos=<7196.500000, 252.990005, 6976.500000>) for a price of 160.
20:32:06 [Market] Player "Defiant" (id=9pZGLlerKQvreTBoVd7cTp9GRQZOvkhsz4yE5aekEds=) has send a requested to sell ammo_762x54 x1 at the trader "Ammo_Attachments (Taiki [Ammo & Attachments])" in market zone "Outpost 42" (pos=<7196.500000, 252.990005, 6976.500000>).
20:32:06 [Market] Player "Defiant" (id=9pZGLlerKQvreTBoVd7cTp9GRQZOvkhsz4yE5aekEds=) has sold ammo_762x54 x1 at the trader "Ammo_Attachments (Taiki [Ammo & Attachments])" in market zone "Outpost 42" (pos=<7196.500000, 252.990005, 6976.500000>) and got 0.
20:33:13 [Market] Player "Gladiator" (id=2f2EzOlgeHPaK9xNXxBDWWPE0ljPQPbKV3WyNh1HiZA=) has send a requested to purchase battery9v x1 from the trader "Tools_Supplies (Kaito [Tools & Supplies])" in market zone "Outpost 42" (pos=<7196.500000, 252.990005, 6976.500000>).
20:33:13 [Market] Player "Gladiator" (id=2f2EzOlgeHPaK9xNXxBDWWPE0ljPQPbKV3WyNh1HiZA=) has bought battery9v x1 from the trader "Tools_Supplies (Kaito [Tools & Supplies])" in market zone "Outpost 42" (pos=<7196.500000, 252.990005, 6976.500000>) for a price of 50.
20:34:42 [Market] Player "42cobra" (id=7jlJa0YJ0ppxWuiq1t34ec-CitMl82Ky24_qx8QK7Rs=) has send a requested to purchase pp19 x1 from the trader "Weapons (Seth [Weapons])" in market zone "Outpost 42" (pos=<7196.500000, 252.990005, 6976.500000>).
20:34:42 [Market] Player "42cobra" (id=7jlJa0YJ0ppxWuiq1t34ec-CitMl82Ky24_qx8QK7Rs=) has bought pp19 x1 from the trader "Weapons (Seth [Weapons])" in market zone "Outpost 42" (pos=<7196.500000, 252.990005, 6976.500000>) for a price of 1150.
20:36:40 [Market] Player "42cobra" (id=7jlJa0YJ0ppxWuiq1t34ec-CitMl82Ky24_qx8QK7Rs=) has send a requested to purchase mag_pp19_64rnd x1 from the trader "Ammo_Attachments (Taiki [Ammo & Attachments])" in market zone "Outpost 42" (pos=<7196.500000, 252.990005, 6976.500000>).
20:36:40 [Market] Player "42cobra" (id=7jlJa0YJ0ppxWuiq1t34ec-CitMl82Ky24_qx8QK7Rs=) has bought mag_pp19_64rnd x1 from the trader "Ammo_Attachments (Taiki [Ammo & Attachments])" in market zone "Outpost 42" (pos=<7196.500000, 252.990005, 6976.500000>) for a price of 228.
20:37:12 [Market] Player "42cobra" (id=7jlJa0YJ0ppxWuiq1t34ec-CitMl82Ky24_qx8QK7Rs=) has send a requested to purchase ammobox_380_35rnd x8 from the trader "Ammo_Attachments (Taiki [Ammo & Attachments])" in market zone "Outpost 42" (pos=<7196.500000, 252.990005, 6976.500000>).
20:37:12 [Market] Player "42cobra" (id=7jlJa0YJ0ppxWuiq1t34ec-CitMl82Ky24_qx8QK7Rs=) has bought ammobox_380_35rnd x8 from the trader "Ammo_Attachments (Taiki [Ammo & Attachments])" in market zone "Outpost 42" (pos=<7196.500000, 252.990005, 6976.500000>) for a price of 448.
20:38:05 [Safezone] Player "Gladiator" (id=2f2EzOlgeHPaK9xNXxBDWWPE0ljPQPbKV3WyNh1HiZA= pos=<7293.819336, 260.017426, 7076.408203>) Entered the safezone
20:38:06 [Safezone] Player "Defiant" (id=9pZGLlerKQvreTBoVd7cTp9GRQZOvkhsz4yE5aekEds= pos=<7297.630371, 260.204712, 7073.182129>) Entered the safezone
20:38:18 [Safezone] Player "Defiant" (id=9pZGLlerKQvreTBoVd7cTp9GRQZOvkhsz4yE5aekEds= pos=<7296.789063, 260.140137, 7073.945313>) Entered the safezone
20:38:27 [Market] Player "42cobra" (id=7jlJa0YJ0ppxWuiq1t34ec-CitMl82Ky24_qx8QK7Rs=) has send a requested to purchase pistolsuppressor x1 from the trader "Ammo_Attachments (Taiki [Ammo & Attachments])" in market zone "Outpost 42" (pos=<7196.500000, 252.990005, 6976.500000>).
20:38:27 [Market] Player "42cobra" (id=7jlJa0YJ0ppxWuiq1t34ec-CitMl82Ky24_qx8QK7Rs=) has bought pistolsuppressor x1 from the trader "Ammo_Attachments (Taiki [Ammo & Attachments])" in market zone "Outpost 42" (pos=<7196.500000, 252.990005, 6976.500000>) for a price of 300.
20:38:38 [Safezone] Player "Gladiator" (id=2f2EzOlgeHPaK9xNXxBDWWPE0ljPQPbKV3WyNh1HiZA= pos=<7313.689453, 269.491821, 7104.675781>) Left the safezone
20:38:40 [Safezone] Player "Defiant" (id=9pZGLlerKQvreTBoVd7cTp9GRQZOvkhsz4yE5aekEds= pos=<7322.753906, 274.303375, 7113.563965>) Left the safezone
20:39:54 [Market] Player "42cobra" (id=7jlJa0YJ0ppxWuiq1t34ec-CitMl82Ky24_qx8QK7Rs=) has send a requested to purchase pistolsuppressor x1 from the trader "Ammo_Attachments (Taiki [Ammo & Attachments])" in market zone "Outpost 42" (pos=<7196.500000, 252.990005, 6976.500000>).
20:39:54 [Market] Player "42cobra" (id=7jlJa0YJ0ppxWuiq1t34ec-CitMl82Ky24_qx8QK7Rs=) has bought pistolsuppressor x1 from the trader "Ammo_Attachments (Taiki [Ammo & Attachments])" in market zone "Outpost 42" (pos=<7196.500000, 252.990005, 6976.500000>) for a price of 300.
20:42:00 [Market] Player "42cobra" (id=7jlJa0YJ0ppxWuiq1t34ec-CitMl82Ky24_qx8QK7Rs=) has send a requested to purchase m68optic x1 from the trader "Ammo_Attachments (Taiki [Ammo & Attachments])" in market zone "Outpost 42" (pos=<7196.500000, 252.990005, 6976.500000>).
20:42:00 [Market] Player "42cobra" (id=7jlJa0YJ0ppxWuiq1t34ec-CitMl82Ky24_qx8QK7Rs=) has bought m68optic x1 from the trader "Ammo_Attachments (Taiki [Ammo & Attachments])" in market zone "Outpost 42" (pos=<7196.500000, 252.990005, 6976.500000>) for a price of 550.
20:42:54 [Market] Player "42cobra" (id=7jlJa0YJ0ppxWuiq1t34ec-CitMl82Ky24_qx8QK7Rs=) has send a requested to sell m68optic x1 at the trader "Ammo_Attachments (Taiki [Ammo & Attachments])" in market zone "Outpost 42" (pos=<7196.500000, 252.990005, 6976.500000>).
20:42:54 [Market] Player "42cobra" (id=7jlJa0YJ0ppxWuiq1t34ec-CitMl82Ky24_qx8QK7Rs=) has sold m68optic x1 at the trader "Ammo_Attachments (Taiki [Ammo & Attachments])" in market zone "Outpost 42" (pos=<7196.500000, 252.990005, 6976.500000>) and got 275.
20:49:02 [Market] Player "42cobra" (id=7jlJa0YJ0ppxWuiq1t34ec-CitMl82Ky24_qx8QK7Rs=) has send a requested to purchase canopener x1 from the trader "Tools_Supplies (Kaito [Tools & Supplies])" in market zone "Outpost 42" (pos=<7196.500000, 252.990005, 6976.500000>).
20:49:03 [Market] Player "42cobra" (id=7jlJa0YJ0ppxWuiq1t34ec-CitMl82Ky24_qx8QK7Rs=) has bought canopener x1 from the trader "Tools_Supplies (Kaito [Tools & Supplies])" in market zone "Outpost 42" (pos=<7196.500000, 252.990005, 6976.500000>) for a price of 10.
20:49:09 [Market] Player "42cobra" (id=7jlJa0YJ0ppxWuiq1t34ec-CitMl82Ky24_qx8QK7Rs=) has send a requested to purchase pot x1 from the trader "Tools_Supplies (Kaito [Tools & Supplies])" in market zone "Outpost 42" (pos=<7196.500000, 252.990005, 6976.500000>).
20:49:09 [Market] Player "42cobra" (id=7jlJa0YJ0ppxWuiq1t34ec-CitMl82Ky24_qx8QK7Rs=) has bought pot x1 from the trader "Tools_Supplies (Kaito [Tools & Supplies])" in market zone "Outpost 42" (pos=<7196.500000, 252.990005, 6976.500000>) for a price of 25.
20:54:07 [Safezone] Player "42cobra" (id=7jlJa0YJ0ppxWuiq1t34ec-CitMl82Ky24_qx8QK7Rs= pos=<7257.630371, 268.463470, 7153.866699>) Left the safezone
21:15:13 [Party] Player "Gladiator" (id=2f2EzOlgeHPaK9xNXxBDWWPE0ljPQPbKV3WyNh1HiZA=) left the party "Reapers" (id=22 ownerUID=2f2EzOlgeHPaK9xNXxBDWWPE0ljPQPbKV3WyNh1HiZA= ownerName=Gladiator)
21:20:21 [Party] Player "Gladiator" (id=2f2EzOlgeHPaK9xNXxBDWWPE0ljPQPbKV3WyNh1HiZA=) joinded the party "Reapers" (id=22 ownerUID=2f2EzOlgeHPaK9xNXxBDWWPE0ljPQPbKV3WyNh1HiZA= ownerName=Gladiator)
21:41:04 [ExplosionDamageSystem] About to explode LandFuelFeed_Ammo from Land_FuelStation_Feed<9d63e550> at <7494.08, 122.3, 12662.3> EXPLOSION range 20 dropoff 5
21:41:04 [ExplosionDamageSystem] About to explode LandFuelFeed_Ammo from Land_FuelStation_Feed<9d63e550> at <7494.08, 122.3, 12662.3> EXPLOSION range 20 dropoff 5
21:41:15 [ExplosionDamageSystem] About to explode LandFuelFeed_Ammo from Land_FuelStation_Feed<9d638fb0> at <7491.5, 122.25, 12655> EXPLOSION range 20 dropoff 5
21:41:15 [ExplosionDamageSystem] About to explode LandFuelFeed_Ammo from Land_FuelStation_Feed<9d638fb0> at <7491.5, 122.25, 12655> EXPLOSION range 20 dropoff 5
21:41:16 [ExplosionDamageSystem] About to explode LandFuelFeed_Ammo from Land_FuelStation_Feed<9d63d430> at <7491.94, 122.25, 12648.3> EXPLOSION range 20 dropoff 5
21:41:16 [ExplosionDamageSystem] About to explode LandFuelFeed_Ammo from Land_FuelStation_Feed<9d63d430> at <7491.94, 122.25, 12648.3> EXPLOSION range 20 dropoff 5
22:11:57 [Safezone] Player "Gladiator" (id=2f2EzOlgeHPaK9xNXxBDWWPE0ljPQPbKV3WyNh1HiZA= pos=<7200.736816, 257.090790, 7116.347168>) Entered the safezone
22:12:04 [Safezone] Player "42cobra" (id=7jlJa0YJ0ppxWuiq1t34ec-CitMl82Ky24_qx8QK7Rs= pos=<7200.896484, 257.109955, 7116.323242>) Entered the safezone
22:12:38 [Market] Player "Gladiator" (id=2f2EzOlgeHPaK9xNXxBDWWPE0ljPQPbKV3WyNh1HiZA=) has send a requested to sell colt1911 x1 at the trader "Weapons (Seth [Weapons])" in market zone "Outpost 42" (pos=<7196.500000, 252.990005, 6976.500000>).
22:12:39 [Market] Player "Gladiator" (id=2f2EzOlgeHPaK9xNXxBDWWPE0ljPQPbKV3WyNh1HiZA=) has sold colt1911 x1 at the trader "Weapons (Seth [Weapons])" in market zone "Outpost 42" (pos=<7196.500000, 252.990005, 6976.500000>) and got 250.
22:12:55 [Market] Player "Gladiator" (id=2f2EzOlgeHPaK9xNXxBDWWPE0ljPQPbKV3WyNh1HiZA=) has send a requested to sell sks x1 at the trader "Weapons (Seth [Weapons])" in market zone "Outpost 42" (pos=<7196.500000, 252.990005, 6976.500000>).
22:12:55 [Market] Player "Gladiator" (id=2f2EzOlgeHPaK9xNXxBDWWPE0ljPQPbKV3WyNh1HiZA=) has sold sks x1 at the trader "Weapons (Seth [Weapons])" in market zone "Outpost 42" (pos=<7196.500000, 252.990005, 6976.500000>) and got 1250.
22:13:19 [Market] Player "Gladiator" (id=2f2EzOlgeHPaK9xNXxBDWWPE0ljPQPbKV3WyNh1HiZA=) has send a requested to sell ak74 x1 at the trader "Weapons (Seth [Weapons])" in market zone "Outpost 42" (pos=<7196.500000, 252.990005, 6976.500000>).
22:13:20 [Market] Player "Gladiator" (id=2f2EzOlgeHPaK9xNXxBDWWPE0ljPQPbKV3WyNh1HiZA=) has sold ak74 x1 at the trader "Weapons (Seth [Weapons])" in market zone "Outpost 42" (pos=<7196.500000, 252.990005, 6976.500000>) and got 525.
22:13:22 [Market] Player "42cobra" (id=7jlJa0YJ0ppxWuiq1t34ec-CitMl82Ky24_qx8QK7Rs=) has send a requested to sell ttc_m4dmrsnow x1 at the trader "Weapons (Seth [Weapons])" in market zone "Outpost 42" (pos=<7196.500000, 252.990005, 6976.500000>).
22:13:22 [Market] Player "42cobra" (id=7jlJa0YJ0ppxWuiq1t34ec-CitMl82Ky24_qx8QK7Rs=) has sold ttc_m4dmrsnow x1 at the trader "Weapons (Seth [Weapons])" in market zone "Outpost 42" (pos=<7196.500000, 252.990005, 6976.500000>) and got 4306.
22:13:42 [Market] Player "Gladiator" (id=2f2EzOlgeHPaK9xNXxBDWWPE0ljPQPbKV3WyNh1HiZA=) has send a requested to sell mag_cmag_10rnd x1 at the trader "Ammo_Attachments (Taiki [Ammo & Attachments])" in market zone "Outpost 42" (pos=<7196.500000, 252.990005, 6976.500000>).
22:13:42 [Market] Player "Gladiator" (id=2f2EzOlgeHPaK9xNXxBDWWPE0ljPQPbKV3WyNh1HiZA=) has sold mag_cmag_10rnd x1 at the trader "Ammo_Attachments (Taiki [Ammo & Attachments])" in market zone "Outpost 42" (pos=<7196.500000, 252.990005, 6976.500000>) and got 68.
22:13:47 [Market] Player "Gladiator" (id=2f2EzOlgeHPaK9xNXxBDWWPE0ljPQPbKV3WyNh1HiZA=) has send a requested to sell mag_cmag_20rnd x1 at the trader "Ammo_Attachments (Taiki [Ammo & Attachments])" in market zone "Outpost 42" (pos=<7196.500000, 252.990005, 6976.500000>).
22:13:47 [Market] Player "Gladiator" (id=2f2EzOlgeHPaK9xNXxBDWWPE0ljPQPbKV3WyNh1HiZA=) has sold mag_cmag_20rnd x1 at the trader "Ammo_Attachments (Taiki [Ammo & Attachments])" in market zone "Outpost 42" (pos=<7196.500000, 252.990005, 6976.500000>) and got 71.
22:13:50 [Market] Player "Gladiator" (id=2f2EzOlgeHPaK9xNXxBDWWPE0ljPQPbKV3WyNh1HiZA=) has send a requested to sell mag_ak74_30rnd x1 at the trader "Ammo_Attachments (Taiki [Ammo & Attachments])" in market zone "Outpost 42" (pos=<7196.500000, 252.990005, 6976.500000>).
22:13:51 [Market] Player "Gladiator" (id=2f2EzOlgeHPaK9xNXxBDWWPE0ljPQPbKV3WyNh1HiZA=) has sold mag_ak74_30rnd x1 at the trader "Ammo_Attachments (Taiki [Ammo & Attachments])" in market zone "Outpost 42" (pos=<7196.500000, 252.990005, 6976.500000>) and got 63.
22:13:54 [Market] Player "Gladiator" (id=2f2EzOlgeHPaK9xNXxBDWWPE0ljPQPbKV3WyNh1HiZA=) has send a requested to sell mag_saiga_5rnd x1 at the trader "Ammo_Attachments (Taiki [Ammo & Attachments])" in market zone "Outpost 42" (pos=<7196.500000, 252.990005, 6976.500000>).
22:13:54 [Market] Player "Gladiator" (id=2f2EzOlgeHPaK9xNXxBDWWPE0ljPQPbKV3WyNh1HiZA=) has sold mag_saiga_5rnd x1 at the trader "Ammo_Attachments (Taiki [Ammo & Attachments])" in market zone "Outpost 42" (pos=<7196.500000, 252.990005, 6976.500000>) and got 20.
22:13:54 [Safezone] Player "Defiant" (id=9pZGLlerKQvreTBoVd7cTp9GRQZOvkhsz4yE5aekEds= pos=<7200.720215, 257.088013, 7116.338379>) Entered the safezone
22:13:56 [Market] Player "Gladiator" (id=2f2EzOlgeHPaK9xNXxBDWWPE0ljPQPbKV3WyNh1HiZA=) has send a requested to sell mag_expansion_vityaz_30rnd x1 at the trader "Ammo_Attachments (Taiki [Ammo & Attachments])" in market zone "Outpost 42" (pos=<7196.500000, 252.990005, 6976.500000>).
22:13:57 [Market] Player "Gladiator" (id=2f2EzOlgeHPaK9xNXxBDWWPE0ljPQPbKV3WyNh1HiZA=) has sold mag_expansion_vityaz_30rnd x1 at the trader "Ammo_Attachments (Taiki [Ammo & Attachments])" in market zone "Outpost 42" (pos=<7196.500000, 252.990005, 6976.500000>) and got 57.
22:14:01 [Market] Player "Gladiator" (id=2f2EzOlgeHPaK9xNXxBDWWPE0ljPQPbKV3WyNh1HiZA=) has send a requested to sell ak_bayonet x1 at the trader "Ammo_Attachments (Taiki [Ammo & Attachments])" in market zone "Outpost 42" (pos=<7196.500000, 252.990005, 6976.500000>).
22:14:01 [Market] Player "Gladiator" (id=2f2EzOlgeHPaK9xNXxBDWWPE0ljPQPbKV3WyNh1HiZA=) has sold ak_bayonet x1 at the trader "Ammo_Attachments (Taiki [Ammo & Attachments])" in market zone "Outpost 42" (pos=<7196.500000, 252.990005, 6976.500000>) and got 38.
22:14:05 [Market] Player "Gladiator" (id=2f2EzOlgeHPaK9xNXxBDWWPE0ljPQPbKV3WyNh1HiZA=) has send a requested to sell ak_bayonet x1 at the trader "Ammo_Attachments (Taiki [Ammo & Attachments])" in market zone "Outpost 42" (pos=<7196.500000, 252.990005, 6976.500000>).
22:14:05 [Market] Player "Gladiator" (id=2f2EzOlgeHPaK9xNXxBDWWPE0ljPQPbKV3WyNh1HiZA=) has sold ak_bayonet x1 at the trader "Ammo_Attachments (Taiki [Ammo & Attachments])" in market zone "Outpost 42" (pos=<7196.500000, 252.990005, 6976.500000>) and got 56.
22:14:07 [Market] Player "42cobra" (id=7jlJa0YJ0ppxWuiq1t34ec-CitMl82Ky24_qx8QK7Rs=) has send a requested to sell cowpelt x1 at the trader "Hunting_Fishing (Boris [Hunting Trader])" in market zone "Outpost 42" (pos=<7196.500000, 252.990005, 6976.500000>).
22:14:07 [Market] Player "42cobra" (id=7jlJa0YJ0ppxWuiq1t34ec-CitMl82Ky24_qx8QK7Rs=) has sold cowpelt x1 at the trader "Hunting_Fishing (Boris [Hunting Trader])" in market zone "Outpost 42" (pos=<7196.500000, 252.990005, 6976.500000>) and got 500.
22:14:10 [Market] Player "Gladiator" (id=2f2EzOlgeHPaK9xNXxBDWWPE0ljPQPbKV3WyNh1HiZA=) has send a requested to sell ammobox_9x19_25rnd x1 at the trader "Ammo_Attachments (Taiki [Ammo & Attachments])" in market zone "Outpost 42" (pos=<7196.500000, 252.990005, 6976.500000>).
22:14:10 [Market] Player "Gladiator" (id=2f2EzOlgeHPaK9xNXxBDWWPE0ljPQPbKV3WyNh1HiZA=) has sold ammobox_9x19_25rnd x1 at the trader "Ammo_Attachments (Taiki [Ammo & Attachments])" in market zone "Outpost 42" (pos=<7196.500000, 252.990005, 6976.500000>) and got 10.
22:14:13 [Market] Player "Gladiator" (id=2f2EzOlgeHPaK9xNXxBDWWPE0ljPQPbKV3WyNh1HiZA=) has send a requested to sell ammobox_12gaslug_10rnd x1 at the trader "Ammo_Attachments (Taiki [Ammo & Attachments])" in market zone "Outpost 42" (pos=<7196.500000, 252.990005, 6976.500000>).
22:14:13 [Market] Player "Gladiator" (id=2f2EzOlgeHPaK9xNXxBDWWPE0ljPQPbKV3WyNh1HiZA=) has sold ammobox_12gaslug_10rnd x1 at the trader "Ammo_Attachments (Taiki [Ammo & Attachments])" in market zone "Outpost 42" (pos=<7196.500000, 252.990005, 6976.500000>) and got 20.
22:14:15 [Market] Player "Gladiator" (id=2f2EzOlgeHPaK9xNXxBDWWPE0ljPQPbKV3WyNh1HiZA=) has send a requested to sell ammobox_22_50rnd x1 at the trader "Ammo_Attachments (Taiki [Ammo & Attachments])" in market zone "Outpost 42" (pos=<7196.500000, 252.990005, 6976.500000>).
22:14:16 [Market] Player "Gladiator" (id=2f2EzOlgeHPaK9xNXxBDWWPE0ljPQPbKV3WyNh1HiZA=) has sold ammobox_22_50rnd x1 at the trader "Ammo_Attachments (Taiki [Ammo & Attachments])" in market zone "Outpost 42" (pos=<7196.500000, 252.990005, 6976.500000>) and got 10.
22:14:31 [Market] Player "Gladiator" (id=2f2EzOlgeHPaK9xNXxBDWWPE0ljPQPbKV3WyNh1HiZA=) has send a requested to sell rabbitpelt x1 at the trader "Hunting_Fishing (Boris [Hunting Trader])" in market zone "Outpost 42" (pos=<7196.500000, 252.990005, 6976.500000>).
22:14:31 [Market] Player "Gladiator" (id=2f2EzOlgeHPaK9xNXxBDWWPE0ljPQPbKV3WyNh1HiZA=) has sold rabbitpelt x1 at the trader "Hunting_Fishing (Boris [Hunting Trader])" in market zone "Outpost 42" (pos=<7196.500000, 252.990005, 6976.500000>) and got 1000.
22:14:35 [Market] Player "42cobra" (id=7jlJa0YJ0ppxWuiq1t34ec-CitMl82Ky24_qx8QK7Rs=) has send a requested to sell cowsteakmeat x6 at the trader "Hunting_Fishing (Boris [Hunting Trader])" in market zone "Outpost 42" (pos=<7196.500000, 252.990005, 6976.500000>).
22:14:35 [Market] Player "42cobra" (id=7jlJa0YJ0ppxWuiq1t34ec-CitMl82Ky24_qx8QK7Rs=) has sold cowsteakmeat x6 at the trader "Hunting_Fishing (Boris [Hunting Trader])" in market zone "Outpost 42" (pos=<7196.500000, 252.990005, 6976.500000>) and got 169.
22:14:37 [Market] Player "Defiant" (id=9pZGLlerKQvreTBoVd7cTp9GRQZOvkhsz4yE5aekEds=) has send a requested to sell militarygear_assaultbag_atacs x1 at the trader "MilitaryGear (Judy [Military Gear])" in market zone "Outpost 42" (pos=<7196.500000, 252.990005, 6976.500000>).
22:14:37 [Market] Player "Defiant" (id=9pZGLlerKQvreTBoVd7cTp9GRQZOvkhsz4yE5aekEds=) has sold militarygear_assaultbag_atacs x1 at the trader "MilitaryGear (Judy [Military Gear])" in market zone "Outpost 42" (pos=<7196.500000, 252.990005, 6976.500000>) and got 1000.
22:14:41 [Market] Player "Defiant" (id=9pZGLlerKQvreTBoVd7cTp9GRQZOvkhsz4yE5aekEds=) has send a requested to sell militarygear_huntingbag_splinter_dark x1 at the trader "MilitaryGear (Judy [Military Gear])" in market zone "Outpost 42" (pos=<7196.500000, 252.990005, 6976.500000>).
22:14:41 [Market] Player "Defiant" (id=9pZGLlerKQvreTBoVd7cTp9GRQZOvkhsz4yE5aekEds=) has sold militarygear_huntingbag_splinter_dark x1 at the trader "MilitaryGear (Judy [Military Gear])" in market zone "Outpost 42" (pos=<7196.500000, 252.990005, 6976.500000>) and got 1875.
22:14:59 [Market] Player "Defiant" (id=9pZGLlerKQvreTBoVd7cTp9GRQZOvkhsz4yE5aekEds=) has send a requested to sell cowpelt x1 at the trader "Hunting_Fishing (Boris [Hunting Trader])" in market zone "Outpost 42" (pos=<7196.500000, 252.990005, 6976.500000>).
22:15:00 [Market] Player "Defiant" (id=9pZGLlerKQvreTBoVd7cTp9GRQZOvkhsz4yE5aekEds=) has sold cowpelt x1 at the trader "Hunting_Fishing (Boris [Hunting Trader])" in market zone "Outpost 42" (pos=<7196.500000, 252.990005, 6976.500000>) and got 1000.
22:15:02 [Market] Player "Gladiator" (id=2f2EzOlgeHPaK9xNXxBDWWPE0ljPQPbKV3WyNh1HiZA=) has send a requested to sell mvs_gorkapants_multicam_black x1 at the trader "MilitaryGear (Judy [Military Gear])" in market zone "Outpost 42" (pos=<7196.500000, 252.990005, 6976.500000>).
22:15:02 [Market] Player "Gladiator" (id=2f2EzOlgeHPaK9xNXxBDWWPE0ljPQPbKV3WyNh1HiZA=) has sold mvs_gorkapants_multicam_black x1 at the trader "MilitaryGear (Judy [Military Gear])" in market zone "Outpost 42" (pos=<7196.500000, 252.990005, 6976.500000>) and got 150.
22:15:11 [Market] Player "Gladiator" (id=2f2EzOlgeHPaK9xNXxBDWWPE0ljPQPbKV3WyNh1HiZA=) has send a requested to sell mvs_altyn_visor_od x1 at the trader "MilitaryGear (Judy [Military Gear])" in market zone "Outpost 42" (pos=<7196.500000, 252.990005, 6976.500000>).
22:15:11 [Market] Player "Gladiator" (id=2f2EzOlgeHPaK9xNXxBDWWPE0ljPQPbKV3WyNh1HiZA=) has sold mvs_altyn_visor_od x1 at the trader "MilitaryGear (Judy [Military Gear])" in market zone "Outpost 42" (pos=<7196.500000, 252.990005, 6976.500000>) and got 925.
22:15:16 [Market] Player "Gladiator" (id=2f2EzOlgeHPaK9xNXxBDWWPE0ljPQPbKV3WyNh1HiZA=) has send a requested to sell mvs_armoredhelmet_multicam_tropic x1 at the trader "MilitaryGear (Judy [Military Gear])" in market zone "Outpost 42" (pos=<7196.500000, 252.990005, 6976.500000>).
22:15:16 [Market] Player "Gladiator" (id=2f2EzOlgeHPaK9xNXxBDWWPE0ljPQPbKV3WyNh1HiZA=) has sold mvs_armoredhelmet_multicam_tropic x1 at the trader "MilitaryGear (Judy [Military Gear])" in market zone "Outpost 42" (pos=<7196.500000, 252.990005, 6976.500000>) and got 1125.
22:15:22 [Market] Player "Defiant" (id=9pZGLlerKQvreTBoVd7cTp9GRQZOvkhsz4yE5aekEds=) has send a requested to sell ttc_mp5sd x1 at the trader "Weapons (Seth [Weapons])" in market zone "Outpost 42" (pos=<7196.500000, 252.990005, 6976.500000>).
22:15:22 [Market] Player "Defiant" (id=9pZGLlerKQvreTBoVd7cTp9GRQZOvkhsz4yE5aekEds=) has sold ttc_mp5sd x1 at the trader "Weapons (Seth [Weapons])" in market zone "Outpost 42" (pos=<7196.500000, 252.990005, 6976.500000>) and got 1625.
22:15:27 [Market] Player "Gladiator" (id=2f2EzOlgeHPaK9xNXxBDWWPE0ljPQPbKV3WyNh1HiZA=) has send a requested to sell militarygear_highcapvest_tiger x1 at the trader "MilitaryGear (Judy [Military Gear])" in market zone "Outpost 42" (pos=<7196.500000, 252.990005, 6976.500000>).
22:15:27 [Market] Player "Gladiator" (id=2f2EzOlgeHPaK9xNXxBDWWPE0ljPQPbKV3WyNh1HiZA=) has sold militarygear_highcapvest_tiger x1 at the trader "MilitaryGear (Judy [Military Gear])" in market zone "Outpost 42" (pos=<7196.500000, 252.990005, 6976.500000>) and got 200.
22:15:58 [Market] Player "Gladiator" (id=2f2EzOlgeHPaK9xNXxBDWWPE0ljPQPbKV3WyNh1HiZA=) has send a requested to sell militarygear_coyotebag_splinter_dark x1 at the trader "MilitaryGear (Judy [Military Gear])" in market zone "Outpost 42" (pos=<7196.500000, 252.990005, 6976.500000>).
22:15:58 [Market] Player "Gladiator" (id=2f2EzOlgeHPaK9xNXxBDWWPE0ljPQPbKV3WyNh1HiZA=) has sold militarygear_coyotebag_splinter_dark x1 at the trader "MilitaryGear (Judy [Military Gear])" in market zone "Outpost 42" (pos=<7196.500000, 252.990005, 6976.500000>) and got 1650.
22:16:51 [Market] Player "Defiant" (id=9pZGLlerKQvreTBoVd7cTp9GRQZOvkhsz4yE5aekEds=) has send a requested to purchase militarygear_tacticalhelmet_atacs x1 from the trader "MilitaryGear (Judy [Military Gear])" in market zone "Outpost 42" (pos=<7196.500000, 252.990005, 6976.500000>).
22:16:52 [Market] Player "Defiant" (id=9pZGLlerKQvreTBoVd7cTp9GRQZOvkhsz4yE5aekEds=) has bought militarygear_tacticalhelmet_atacs x1 from the trader "MilitaryGear (Judy [Military Gear])" in market zone "Outpost 42" (pos=<7196.500000, 252.990005, 6976.500000>) for a price of 1600.
22:20:43 [Market] Player "42cobra" (id=7jlJa0YJ0ppxWuiq1t34ec-CitMl82Ky24_qx8QK7Rs=) has send a requested to sell ammobox_762x39tracer_20rnd x1 at the trader "Ammo_Attachments (Taiki [Ammo & Attachments])" in market zone "Outpost 42" (pos=<7196.500000, 252.990005, 6976.500000>).
22:20:43 [Market] Player "42cobra" (id=7jlJa0YJ0ppxWuiq1t34ec-CitMl82Ky24_qx8QK7Rs=) has sold ammobox_762x39tracer_20rnd x1 at the trader "Ammo_Attachments (Taiki [Ammo & Attachments])" in market zone "Outpost 42" (pos=<7196.500000, 252.990005, 6976.500000>) and got 16.
22:21:06 [Market] Player "Defiant" (id=9pZGLlerKQvreTBoVd7cTp9GRQZOvkhsz4yE5aekEds=) has send a requested to purchase mag_aug_30rnd x1 from the trader "Ammo_Attachments (Taiki [Ammo & Attachments])" in market zone "Outpost 42" (pos=<7196.500000, 252.990005, 6976.500000>).
22:21:06 [Market] Player "Defiant" (id=9pZGLlerKQvreTBoVd7cTp9GRQZOvkhsz4yE5aekEds=) has bought mag_aug_30rnd x1 from the trader "Ammo_Attachments (Taiki [Ammo & Attachments])" in market zone "Outpost 42" (pos=<7196.500000, 252.990005, 6976.500000>) for a price of 280.
22:21:07 [Market] Player "Defiant" (id=9pZGLlerKQvreTBoVd7cTp9GRQZOvkhsz4yE5aekEds=) has send a requested to purchase mag_aug_30rnd x1 from the trader "Ammo_Attachments (Taiki [Ammo & Attachments])" in market zone "Outpost 42" (pos=<7196.500000, 252.990005, 6976.500000>).
22:21:07 [Market] Player "Defiant" (id=9pZGLlerKQvreTBoVd7cTp9GRQZOvkhsz4yE5aekEds=) has bought mag_aug_30rnd x1 from the trader "Ammo_Attachments (Taiki [Ammo & Attachments])" in market zone "Outpost 42" (pos=<7196.500000, 252.990005, 6976.500000>) for a price of 280.
22:21:23 [Market] Player "Defiant" (id=9pZGLlerKQvreTBoVd7cTp9GRQZOvkhsz4yE5aekEds=) has send a requested to purchase mag_ssg82_5rnd x1 from the trader "Ammo_Attachments (Taiki [Ammo & Attachments])" in market zone "Outpost 42" (pos=<7196.500000, 252.990005, 6976.500000>).
22:21:24 [Market] Player "Defiant" (id=9pZGLlerKQvreTBoVd7cTp9GRQZOvkhsz4yE5aekEds=) has bought mag_ssg82_5rnd x1 from the trader "Ammo_Attachments (Taiki [Ammo & Attachments])" in market zone "Outpost 42" (pos=<7196.500000, 252.990005, 6976.500000>) for a price of 260.
22:21:25 [Market] Player "Defiant" (id=9pZGLlerKQvreTBoVd7cTp9GRQZOvkhsz4yE5aekEds=) has send a requested to purchase mag_ssg82_5rnd x1 from the trader "Ammo_Attachments (Taiki [Ammo & Attachments])" in market zone "Outpost 42" (pos=<7196.500000, 252.990005, 6976.500000>).
22:21:25 [Market] Player "Defiant" (id=9pZGLlerKQvreTBoVd7cTp9GRQZOvkhsz4yE5aekEds=) has bought mag_ssg82_5rnd x1 from the trader "Ammo_Attachments (Taiki [Ammo & Attachments])" in market zone "Outpost 42" (pos=<7196.500000, 252.990005, 6976.500000>) for a price of 260.
22:21:42 [Market] Player "Gladiator" (id=2f2EzOlgeHPaK9xNXxBDWWPE0ljPQPbKV3WyNh1HiZA=) has send a requested to purchase battery9v x1 from the trader "Tools_Supplies (Kaito [Tools & Supplies])" in market zone "Outpost 42" (pos=<7196.500000, 252.990005, 6976.500000>).
22:21:42 [Market] Player "Gladiator" (id=2f2EzOlgeHPaK9xNXxBDWWPE0ljPQPbKV3WyNh1HiZA=) has bought battery9v x1 from the trader "Tools_Supplies (Kaito [Tools & Supplies])" in market zone "Outpost 42" (pos=<7196.500000, 252.990005, 6976.500000>) for a price of 50.
22:21:44 [Market] Player "Defiant" (id=9pZGLlerKQvreTBoVd7cTp9GRQZOvkhsz4yE5aekEds=) has send a requested to purchase mag_expansion_taser x1 from the trader "Ammo_Attachments (Taiki [Ammo & Attachments])" in market zone "Outpost 42" (pos=<7196.500000, 252.990005, 6976.500000>).
22:21:44 [Market] Player "Defiant" (id=9pZGLlerKQvreTBoVd7cTp9GRQZOvkhsz4yE5aekEds=) has bought mag_expansion_taser x1 from the trader "Ammo_Attachments (Taiki [Ammo & Attachments])" in market zone "Outpost 42" (pos=<7196.500000, 252.990005, 6976.500000>) for a price of 20.
22:23:07 [Market] Player "Gladiator" (id=2f2EzOlgeHPaK9xNXxBDWWPE0ljPQPbKV3WyNh1HiZA=) has send a requested to purchase expansion_pmii25optic x1 from the trader "Ammo_Attachments (Taiki [Ammo & Attachments])" in market zone "Outpost 42" (pos=<7196.500000, 252.990005, 6976.500000>).
22:23:07 [Market] Player "Gladiator" (id=2f2EzOlgeHPaK9xNXxBDWWPE0ljPQPbKV3WyNh1HiZA=) has bought expansion_pmii25optic x1 from the trader "Ammo_Attachments (Taiki [Ammo & Attachments])" in market zone "Outpost 42" (pos=<7196.500000, 252.990005, 6976.500000>) for a price of 1100.
22:23:24 [Market] Player "42cobra" (id=7jlJa0YJ0ppxWuiq1t34ec-CitMl82Ky24_qx8QK7Rs=) has send a requested to purchase kobraoptic x1 from the trader "Ammo_Attachments (Taiki [Ammo & Attachments])" in market zone "Outpost 42" (pos=<7196.500000, 252.990005, 6976.500000>).
22:23:25 [Market] Player "42cobra" (id=7jlJa0YJ0ppxWuiq1t34ec-CitMl82Ky24_qx8QK7Rs=) has bought kobraoptic x1 from the trader "Ammo_Attachments (Taiki [Ammo & Attachments])" in market zone "Outpost 42" (pos=<7196.500000, 252.990005, 6976.500000>) for a price of 650.
22:23:45 [Market] Player "Defiant" (id=9pZGLlerKQvreTBoVd7cTp9GRQZOvkhsz4yE5aekEds=) has send a requested to purchase nvgoggles x1 from the trader "Tools_Supplies (Kaito [Tools & Supplies])" in market zone "Outpost 42" (pos=<7196.500000, 252.990005, 6976.500000>).
22:23:45 [Market] Player "Defiant" (id=9pZGLlerKQvreTBoVd7cTp9GRQZOvkhsz4yE5aekEds=) has bought nvgoggles x1 from the trader "Tools_Supplies (Kaito [Tools & Supplies])" in market zone "Outpost 42" (pos=<7196.500000, 252.990005, 6976.500000>) for a price of 1250.
22:24:07 [Market] Player "Defiant" (id=9pZGLlerKQvreTBoVd7cTp9GRQZOvkhsz4yE5aekEds=) has send a requested to purchase battery9v x1 from the trader "Tools_Supplies (Kaito [Tools & Supplies])" in market zone "Outpost 42" (pos=<7196.500000, 252.990005, 6976.500000>).
22:24:07 [Market] Player "Defiant" (id=9pZGLlerKQvreTBoVd7cTp9GRQZOvkhsz4yE5aekEds=) has bought battery9v x1 from the trader "Tools_Supplies (Kaito [Tools & Supplies])" in market zone "Outpost 42" (pos=<7196.500000, 252.990005, 6976.500000>) for a price of 50.
22:25:06 [Market] Player "42cobra" (id=7jlJa0YJ0ppxWuiq1t34ec-CitMl82Ky24_qx8QK7Rs=) has send a requested to purchase militarygear_tacticalhelmet_atacs x1 from the trader "MilitaryGear (Judy [Military Gear])" in market zone "Outpost 42" (pos=<7196.500000, 252.990005, 6976.500000>).
22:25:06 [Market] Player "42cobra" (id=7jlJa0YJ0ppxWuiq1t34ec-CitMl82Ky24_qx8QK7Rs=) has bought militarygear_tacticalhelmet_atacs x1 from the trader "MilitaryGear (Judy [Military Gear])" in market zone "Outpost 42" (pos=<7196.500000, 252.990005, 6976.500000>) for a price of 1600.
22:25:48 [Market] Player "42cobra" (id=7jlJa0YJ0ppxWuiq1t34ec-CitMl82Ky24_qx8QK7Rs=) has send a requested to purchase battery9v x1 from the trader "Tools_Supplies (Kaito [Tools & Supplies])" in market zone "Outpost 42" (pos=<7196.500000, 252.990005, 6976.500000>).
22:25:48 [Market] Player "42cobra" (id=7jlJa0YJ0ppxWuiq1t34ec-CitMl82Ky24_qx8QK7Rs=) has bought battery9v x1 from the trader "Tools_Supplies (Kaito [Tools & Supplies])" in market zone "Outpost 42" (pos=<7196.500000, 252.990005, 6976.500000>) for a price of 50.
22:26:02 [Market] Player "Defiant" (id=9pZGLlerKQvreTBoVd7cTp9GRQZOvkhsz4yE5aekEds=) has send a requested to purchase bandagedressing x1 from the trader "Medic (Lewis [Medic])" in market zone "Outpost 42" (pos=<7196.500000, 252.990005, 6976.500000>).
22:26:02 [Market] Player "Defiant" (id=9pZGLlerKQvreTBoVd7cTp9GRQZOvkhsz4yE5aekEds=) has bought bandagedressing x1 from the trader "Medic (Lewis [Medic])" in market zone "Outpost 42" (pos=<7196.500000, 252.990005, 6976.500000>) for a price of 50.
22:26:03 [Market] Player "Defiant" (id=9pZGLlerKQvreTBoVd7cTp9GRQZOvkhsz4yE5aekEds=) has send a requested to purchase bandagedressing x1 from the trader "Medic (Lewis [Medic])" in market zone "Outpost 42" (pos=<7196.500000, 252.990005, 6976.500000>).
22:26:03 [Market] Player "Defiant" (id=9pZGLlerKQvreTBoVd7cTp9GRQZOvkhsz4yE5aekEds=) has bought bandagedressing x1 from the trader "Medic (Lewis [Medic])" in market zone "Outpost 42" (pos=<7196.500000, 252.990005, 6976.500000>) for a price of 50.
22:26:04 [Market] Player "Defiant" (id=9pZGLlerKQvreTBoVd7cTp9GRQZOvkhsz4yE5aekEds=) has send a requested to purchase bandagedressing x1 from the trader "Medic (Lewis [Medic])" in market zone "Outpost 42" (pos=<7196.500000, 252.990005, 6976.500000>).
22:26:04 [Market] Player "Defiant" (id=9pZGLlerKQvreTBoVd7cTp9GRQZOvkhsz4yE5aekEds=) has bought bandagedressing x1 from the trader "Medic (Lewis [Medic])" in market zone "Outpost 42" (pos=<7196.500000, 252.990005, 6976.500000>) for a price of 50.
22:26:07 [Market] Player "42cobra" (id=7jlJa0YJ0ppxWuiq1t34ec-CitMl82Ky24_qx8QK7Rs=) has send a requested to purchase nvgoggles x1 from the trader "Tools_Supplies (Kaito [Tools & Supplies])" in market zone "Outpost 42" (pos=<7196.500000, 252.990005, 6976.500000>).
22:26:07 [Market] Player "42cobra" (id=7jlJa0YJ0ppxWuiq1t34ec-CitMl82Ky24_qx8QK7Rs=) has bought nvgoggles x1 from the trader "Tools_Supplies (Kaito [Tools & Supplies])" in market zone "Outpost 42" (pos=<7196.500000, 252.990005, 6976.500000>) for a price of 1250.
22:26:14 [Market] Player "Defiant" (id=9pZGLlerKQvreTBoVd7cTp9GRQZOvkhsz4yE5aekEds=) has send a requested to purchase vitaminbottle x1 from the trader "Medic (Lewis [Medic])" in market zone "Outpost 42" (pos=<7196.500000, 252.990005, 6976.500000>).
22:26:14 [Market] Player "Defiant" (id=9pZGLlerKQvreTBoVd7cTp9GRQZOvkhsz4yE5aekEds=) has bought vitaminbottle x1 from the trader "Medic (Lewis [Medic])" in market zone "Outpost 42" (pos=<7196.500000, 252.990005, 6976.500000>) for a price of 75.
22:26:28 [Market] Player "Defiant" (id=9pZGLlerKQvreTBoVd7cTp9GRQZOvkhsz4yE5aekEds=) has send a requested to purchase charcoaltablets x1 from the trader "Medic (Lewis [Medic])" in market zone "Outpost 42" (pos=<7196.500000, 252.990005, 6976.500000>).
22:26:29 [Market] Player "Defiant" (id=9pZGLlerKQvreTBoVd7cTp9GRQZOvkhsz4yE5aekEds=) has bought charcoaltablets x1 from the trader "Medic (Lewis [Medic])" in market zone "Outpost 42" (pos=<7196.500000, 252.990005, 6976.500000>) for a price of 50.
22:26:30 [Market] Player "Defiant" (id=9pZGLlerKQvreTBoVd7cTp9GRQZOvkhsz4yE5aekEds=) has send a requested to purchase painkillertablets x1 from the trader "Medic (Lewis [Medic])" in market zone "Outpost 42" (pos=<7196.500000, 252.990005, 6976.500000>).
22:26:30 [Market] Player "Defiant" (id=9pZGLlerKQvreTBoVd7cTp9GRQZOvkhsz4yE5aekEds=) has bought painkillertablets x1 from the trader "Medic (Lewis [Medic])" in market zone "Outpost 42" (pos=<7196.500000, 252.990005, 6976.500000>) for a price of 100.
22:29:12 [Market] Player "42cobra" (id=7jlJa0YJ0ppxWuiq1t34ec-CitMl82Ky24_qx8QK7Rs=) has send a requested to purchase universallight x1 from the trader "Ammo_Attachments (Taiki [Ammo & Attachments])" in market zone "Outpost 42" (pos=<7196.500000, 252.990005, 6976.500000>).
22:29:13 [Market] Player "42cobra" (id=7jlJa0YJ0ppxWuiq1t34ec-CitMl82Ky24_qx8QK7Rs=) has bought universallight x1 from the trader "Ammo_Attachments (Taiki [Ammo & Attachments])" in market zone "Outpost 42" (pos=<7196.500000, 252.990005, 6976.500000>) for a price of 120.
22:34:06 [Market] Player "Gladiator" (id=2f2EzOlgeHPaK9xNXxBDWWPE0ljPQPbKV3WyNh1HiZA=) has send a requested to purchase ghillieatt_tan x1 from the trader "MilitaryGear (Judy [Military Gear])" in market zone "Outpost 42" (pos=<7196.500000, 252.990005, 6976.500000>).
22:34:06 [Market] Player "Gladiator" (id=2f2EzOlgeHPaK9xNXxBDWWPE0ljPQPbKV3WyNh1HiZA=) has bought ghillieatt_tan x1 from the trader "MilitaryGear (Judy [Military Gear])" in market zone "Outpost 42" (pos=<7196.500000, 252.990005, 6976.500000>) for a price of 500.
22:34:46 [Market] Player "42cobra" (id=7jlJa0YJ0ppxWuiq1t34ec-CitMl82Ky24_qx8QK7Rs=) has send a requested to purchase ghillieatt_tan x1 from the trader "MilitaryGear (Judy [Military Gear])" in market zone "Outpost 42" (pos=<7196.500000, 252.990005, 6976.500000>).
22:34:46 [Market] Player "42cobra" (id=7jlJa0YJ0ppxWuiq1t34ec-CitMl82Ky24_qx8QK7Rs=) has bought ghillieatt_tan x1 from the trader "MilitaryGear (Judy [Military Gear])" in market zone "Outpost 42" (pos=<7196.500000, 252.990005, 6976.500000>) for a price of 500.
22:35:06 [Market] Player "42cobra" (id=7jlJa0YJ0ppxWuiq1t34ec-CitMl82Ky24_qx8QK7Rs=) has send a requested to purchase ghillieatt_tan x1 from the trader "MilitaryGear (Judy [Military Gear])" in market zone "Outpost 42" (pos=<7196.500000, 252.990005, 6976.500000>).
22:35:06 [Market] Player "42cobra" (id=7jlJa0YJ0ppxWuiq1t34ec-CitMl82Ky24_qx8QK7Rs=) has bought ghillieatt_tan x1 from the trader "MilitaryGear (Judy [Military Gear])" in market zone "Outpost 42" (pos=<7196.500000, 252.990005, 6976.500000>) for a price of 500.
22:35:12 [Market] Player "42cobra" (id=7jlJa0YJ0ppxWuiq1t34ec-CitMl82Ky24_qx8QK7Rs=) has send a requested to purchase ghillietop_tan x1 from the trader "MilitaryGear (Judy [Military Gear])" in market zone "Outpost 42" (pos=<7196.500000, 252.990005, 6976.500000>).
22:35:12 [Market] Player "42cobra" (id=7jlJa0YJ0ppxWuiq1t34ec-CitMl82Ky24_qx8QK7Rs=) has bought ghillietop_tan x1 from the trader "MilitaryGear (Judy [Military Gear])" in market zone "Outpost 42" (pos=<7196.500000, 252.990005, 6976.500000>) for a price of 500.
22:35:16 [Market] Player "42cobra" (id=7jlJa0YJ0ppxWuiq1t34ec-CitMl82Ky24_qx8QK7Rs=) has send a requested to purchase ghillietop_tan x1 from the trader "MilitaryGear (Judy [Military Gear])" in market zone "Outpost 42" (pos=<7196.500000, 252.990005, 6976.500000>).
22:35:16 [Market] Player "42cobra" (id=7jlJa0YJ0ppxWuiq1t34ec-CitMl82Ky24_qx8QK7Rs=) has bought ghillietop_tan x1 from the trader "MilitaryGear (Judy [Military Gear])" in market zone "Outpost 42" (pos=<7196.500000, 252.990005, 6976.500000>) for a price of 500.
22:35:51 [Market] Player "42cobra" (id=7jlJa0YJ0ppxWuiq1t34ec-CitMl82Ky24_qx8QK7Rs=) has send a requested to sell ghillieatt_tan x1 at the trader "MilitaryGear (Judy [Military Gear])" in market zone "Outpost 42" (pos=<7196.500000, 252.990005, 6976.500000>).
22:35:51 [Market] Player "42cobra" (id=7jlJa0YJ0ppxWuiq1t34ec-CitMl82Ky24_qx8QK7Rs=) has sold ghillieatt_tan x1 at the trader "MilitaryGear (Judy [Military Gear])" in market zone "Outpost 42" (pos=<7196.500000, 252.990005, 6976.500000>) and got 250.
22:36:08 [Market] Player "42cobra" (id=7jlJa0YJ0ppxWuiq1t34ec-CitMl82Ky24_qx8QK7Rs=) has send a requested to sell ghillietop_tan x2 at the trader "MilitaryGear (Judy [Military Gear])" in market zone "Outpost 42" (pos=<7196.500000, 252.990005, 6976.500000>).
22:36:08 [Market] Player "42cobra" (id=7jlJa0YJ0ppxWuiq1t34ec-CitMl82Ky24_qx8QK7Rs=) has sold ghillietop_tan x2 at the trader "MilitaryGear (Judy [Military Gear])" in market zone "Outpost 42" (pos=<7196.500000, 252.990005, 6976.500000>) and got 500.
22:36:17 [Market] Player "Gladiator" (id=2f2EzOlgeHPaK9xNXxBDWWPE0ljPQPbKV3WyNh1HiZA=) has send a requested to purchase pickaxe x1 from the trader "Tools_Supplies (Kaito [Tools & Supplies])" in market zone "Outpost 42" (pos=<7196.500000, 252.990005, 6976.500000>).
22:36:17 [Market] Player "Gladiator" (id=2f2EzOlgeHPaK9xNXxBDWWPE0ljPQPbKV3WyNh1HiZA=) has bought pickaxe x1 from the trader "Tools_Supplies (Kaito [Tools & Supplies])" in market zone "Outpost 42" (pos=<7196.500000, 252.990005, 6976.500000>) for a price of 400.
22:37:14 [Market] Player "Gladiator" (id=2f2EzOlgeHPaK9xNXxBDWWPE0ljPQPbKV3WyNh1HiZA=) has send a requested to purchase shovel x1 from the trader "Tools_Supplies (Kaito [Tools & Supplies])" in market zone "Outpost 42" (pos=<7196.500000, 252.990005, 6976.500000>).
22:37:14 [Market] Player "Gladiator" (id=2f2EzOlgeHPaK9xNXxBDWWPE0ljPQPbKV3WyNh1HiZA=) has bought shovel x1 from the trader "Tools_Supplies (Kaito [Tools & Supplies])" in market zone "Outpost 42" (pos=<7196.500000, 252.990005, 6976.500000>) for a price of 300.
22:37:16 [Market] Player "Gladiator" (id=2f2EzOlgeHPaK9xNXxBDWWPE0ljPQPbKV3WyNh1HiZA=) has send a requested to purchase sledgehammer x1 from the trader "Tools_Supplies (Kaito [Tools & Supplies])" in market zone "Outpost 42" (pos=<7196.500000, 252.990005, 6976.500000>).
22:37:17 [Market] Player "Gladiator" (id=2f2EzOlgeHPaK9xNXxBDWWPE0ljPQPbKV3WyNh1HiZA=) has bought sledgehammer x1 from the trader "Tools_Supplies (Kaito [Tools & Supplies])" in market zone "Outpost 42" (pos=<7196.500000, 252.990005, 6976.500000>) for a price of 400.
22:37:34 [Market] Player "Gladiator" (id=2f2EzOlgeHPaK9xNXxBDWWPE0ljPQPbKV3WyNh1HiZA=) has send a requested to purchase whetstone x1 from the trader "Tools_Supplies (Kaito [Tools & Supplies])" in market zone "Outpost 42" (pos=<7196.500000, 252.990005, 6976.500000>).
22:37:34 [Market] Player "Gladiator" (id=2f2EzOlgeHPaK9xNXxBDWWPE0ljPQPbKV3WyNh1HiZA=) has bought whetstone x1 from the trader "Tools_Supplies (Kaito [Tools & Supplies])" in market zone "Outpost 42" (pos=<7196.500000, 252.990005, 6976.500000>) for a price of 200.
22:37:35 [Market] Player "Gladiator" (id=2f2EzOlgeHPaK9xNXxBDWWPE0ljPQPbKV3WyNh1HiZA=) has send a requested to purchase whetstone x1 from the trader "Tools_Supplies (Kaito [Tools & Supplies])" in market zone "Outpost 42" (pos=<7196.500000, 252.990005, 6976.500000>).
22:37:35 [Market] Player "Gladiator" (id=2f2EzOlgeHPaK9xNXxBDWWPE0ljPQPbKV3WyNh1HiZA=) has bought whetstone x1 from the trader "Tools_Supplies (Kaito [Tools & Supplies])" in market zone "Outpost 42" (pos=<7196.500000, 252.990005, 6976.500000>) for a price of 200.
22:37:37 [Market] Player "Gladiator" (id=2f2EzOlgeHPaK9xNXxBDWWPE0ljPQPbKV3WyNh1HiZA=) has send a requested to purchase whetstone x1 from the trader "Tools_Supplies (Kaito [Tools & Supplies])" in market zone "Outpost 42" (pos=<7196.500000, 252.990005, 6976.500000>).
22:37:37 [Market] Player "Gladiator" (id=2f2EzOlgeHPaK9xNXxBDWWPE0ljPQPbKV3WyNh1HiZA=) has bought whetstone x1 from the trader "Tools_Supplies (Kaito [Tools & Supplies])" in market zone "Outpost 42" (pos=<7196.500000, 252.990005, 6976.500000>) for a price of 200.
22:37:38 [Market] Player "Gladiator" (id=2f2EzOlgeHPaK9xNXxBDWWPE0ljPQPbKV3WyNh1HiZA=) has send a requested to purchase whetstone x1 from the trader "Tools_Supplies (Kaito [Tools & Supplies])" in market zone "Outpost 42" (pos=<7196.500000, 252.990005, 6976.500000>).
22:37:38 [Market] Player "Gladiator" (id=2f2EzOlgeHPaK9xNXxBDWWPE0ljPQPbKV3WyNh1HiZA=) has bought whetstone x1 from the trader "Tools_Supplies (Kaito [Tools & Supplies])" in market zone "Outpost 42" (pos=<7196.500000, 252.990005, 6976.500000>) for a price of 200.
22:37:43 [Market] Player "Gladiator" (id=2f2EzOlgeHPaK9xNXxBDWWPE0ljPQPbKV3WyNh1HiZA=) has send a requested to purchase pliers x1 from the trader "Tools_Supplies (Kaito [Tools & Supplies])" in market zone "Outpost 42" (pos=<7196.500000, 252.990005, 6976.500000>).
22:37:43 [Market] Player "Gladiator" (id=2f2EzOlgeHPaK9xNXxBDWWPE0ljPQPbKV3WyNh1HiZA=) has bought pliers x1 from the trader "Tools_Supplies (Kaito [Tools & Supplies])" in market zone "Outpost 42" (pos=<7196.500000, 252.990005, 6976.500000>) for a price of 500.
22:37:44 [Market] Player "Gladiator" (id=2f2EzOlgeHPaK9xNXxBDWWPE0ljPQPbKV3WyNh1HiZA=) has send a requested to purchase pliers x1 from the trader "Tools_Supplies (Kaito [Tools & Supplies])" in market zone "Outpost 42" (pos=<7196.500000, 252.990005, 6976.500000>).
22:37:44 [Market] Player "Gladiator" (id=2f2EzOlgeHPaK9xNXxBDWWPE0ljPQPbKV3WyNh1HiZA=) has bought pliers x1 from the trader "Tools_Supplies (Kaito [Tools & Supplies])" in market zone "Outpost 42" (pos=<7196.500000, 252.990005, 6976.500000>) for a price of 500.
22:37:50 [Market] Player "Gladiator" (id=2f2EzOlgeHPaK9xNXxBDWWPE0ljPQPbKV3WyNh1HiZA=) has send a requested to purchase nailbox x1 from the trader "Tools_Supplies (Kaito [Tools & Supplies])" in market zone "Outpost 42" (pos=<7196.500000, 252.990005, 6976.500000>).
22:37:50 [Market] Player "Gladiator" (id=2f2EzOlgeHPaK9xNXxBDWWPE0ljPQPbKV3WyNh1HiZA=) has bought nailbox x1 from the trader "Tools_Supplies (Kaito [Tools & Supplies])" in market zone "Outpost 42" (pos=<7196.500000, 252.990005, 6976.500000>) for a price of 500.
22:37:52 [Market] Player "Gladiator" (id=2f2EzOlgeHPaK9xNXxBDWWPE0ljPQPbKV3WyNh1HiZA=) has send a requested to purchase nailbox x1 from the trader "Tools_Supplies (Kaito [Tools & Supplies])" in market zone "Outpost 42" (pos=<7196.500000, 252.990005, 6976.500000>).
22:37:52 [Market] Player "Gladiator" (id=2f2EzOlgeHPaK9xNXxBDWWPE0ljPQPbKV3WyNh1HiZA=) has bought nailbox x1 from the trader "Tools_Supplies (Kaito [Tools & Supplies])" in market zone "Outpost 42" (pos=<7196.500000, 252.990005, 6976.500000>) for a price of 500.
22:37:54 [Market] Player "Gladiator" (id=2f2EzOlgeHPaK9xNXxBDWWPE0ljPQPbKV3WyNh1HiZA=) has send a requested to purchase nailbox x1 from the trader "Tools_Supplies (Kaito [Tools & Supplies])" in market zone "Outpost 42" (pos=<7196.500000, 252.990005, 6976.500000>).
22:37:54 [Market] Player "Gladiator" (id=2f2EzOlgeHPaK9xNXxBDWWPE0ljPQPbKV3WyNh1HiZA=) has bought nailbox x1 from the trader "Tools_Supplies (Kaito [Tools & Supplies])" in market zone "Outpost 42" (pos=<7196.500000, 252.990005, 6976.500000>) for a price of 500.
22:37:55 [Market] Player "Gladiator" (id=2f2EzOlgeHPaK9xNXxBDWWPE0ljPQPbKV3WyNh1HiZA=) has send a requested to purchase nailbox x1 from the trader "Tools_Supplies (Kaito [Tools & Supplies])" in market zone "Outpost 42" (pos=<7196.500000, 252.990005, 6976.500000>).
22:37:56 [Market] Player "Gladiator" (id=2f2EzOlgeHPaK9xNXxBDWWPE0ljPQPbKV3WyNh1HiZA=) has bought nailbox x1 from the trader "Tools_Supplies (Kaito [Tools & Supplies])" in market zone "Outpost 42" (pos=<7196.500000, 252.990005, 6976.500000>) for a price of 500.
22:37:57 [Market] Player "Gladiator" (id=2f2EzOlgeHPaK9xNXxBDWWPE0ljPQPbKV3WyNh1HiZA=) has send a requested to purchase nailbox x1 from the trader "Tools_Supplies (Kaito [Tools & Supplies])" in market zone "Outpost 42" (pos=<7196.500000, 252.990005, 6976.500000>).
22:37:57 [Market] Player "Gladiator" (id=2f2EzOlgeHPaK9xNXxBDWWPE0ljPQPbKV3WyNh1HiZA=) has bought nailbox x1 from the trader "Tools_Supplies (Kaito [Tools & Supplies])" in market zone "Outpost 42" (pos=<7196.500000, 252.990005, 6976.500000>) for a price of 500.
22:38:01 [Market] Player "Gladiator" (id=2f2EzOlgeHPaK9xNXxBDWWPE0ljPQPbKV3WyNh1HiZA=) has send a requested to purchase metalwire x1 from the trader "Tools_Supplies (Kaito [Tools & Supplies])" in market zone "Outpost 42" (pos=<7196.500000, 252.990005, 6976.500000>).
22:38:02 [Market] Player "Gladiator" (id=2f2EzOlgeHPaK9xNXxBDWWPE0ljPQPbKV3WyNh1HiZA=) has bought metalwire x1 from the trader "Tools_Supplies (Kaito [Tools & Supplies])" in market zone "Outpost 42" (pos=<7196.500000, 252.990005, 6976.500000>) for a price of 15.
22:38:04 [Market] Player "Gladiator" (id=2f2EzOlgeHPaK9xNXxBDWWPE0ljPQPbKV3WyNh1HiZA=) has send a requested to purchase metalwire x1 from the trader "Tools_Supplies (Kaito [Tools & Supplies])" in market zone "Outpost 42" (pos=<7196.500000, 252.990005, 6976.500000>).
22:38:04 [Market] Player "Gladiator" (id=2f2EzOlgeHPaK9xNXxBDWWPE0ljPQPbKV3WyNh1HiZA=) has bought metalwire x1 from the trader "Tools_Supplies (Kaito [Tools & Supplies])" in market zone "Outpost 42" (pos=<7196.500000, 252.990005, 6976.500000>) for a price of 15.
22:38:19 [Market] Player "Gladiator" (id=2f2EzOlgeHPaK9xNXxBDWWPE0ljPQPbKV3WyNh1HiZA=) has send a requested to purchase rope x1 from the trader "Tools_Supplies (Kaito [Tools & Supplies])" in market zone "Outpost 42" (pos=<7196.500000, 252.990005, 6976.500000>).
22:38:19 [Market] Player "Gladiator" (id=2f2EzOlgeHPaK9xNXxBDWWPE0ljPQPbKV3WyNh1HiZA=) has bought rope x1 from the trader "Tools_Supplies (Kaito [Tools & Supplies])" in market zone "Outpost 42" (pos=<7196.500000, 252.990005, 6976.500000>) for a price of 100.
22:38:22 [Market] Player "Gladiator" (id=2f2EzOlgeHPaK9xNXxBDWWPE0ljPQPbKV3WyNh1HiZA=) has send a requested to purchase rope x1 from the trader "Tools_Supplies (Kaito [Tools & Supplies])" in market zone "Outpost 42" (pos=<7196.500000, 252.990005, 6976.500000>).
22:38:22 [Market] Player "Defiant" (id=9pZGLlerKQvreTBoVd7cTp9GRQZOvkhsz4yE5aekEds=) has send a requested to purchase metalwire x1 from the trader "Tools_Supplies (Kaito [Tools & Supplies])" in market zone "Outpost 42" (pos=<7196.500000, 252.990005, 6976.500000>).
22:38:22 [Market] Player "Gladiator" (id=2f2EzOlgeHPaK9xNXxBDWWPE0ljPQPbKV3WyNh1HiZA=) has bought rope x1 from the trader "Tools_Supplies (Kaito [Tools & Supplies])" in market zone "Outpost 42" (pos=<7196.500000, 252.990005, 6976.500000>) for a price of 100.
22:38:22 [Market] Player "Defiant" (id=9pZGLlerKQvreTBoVd7cTp9GRQZOvkhsz4yE5aekEds=) has bought metalwire x1 from the trader "Tools_Supplies (Kaito [Tools & Supplies])" in market zone "Outpost 42" (pos=<7196.500000, 252.990005, 6976.500000>) for a price of 15.
22:38:24 [Market] Player "Defiant" (id=9pZGLlerKQvreTBoVd7cTp9GRQZOvkhsz4yE5aekEds=) has send a requested to purchase metalwire x1 from the trader "Tools_Supplies (Kaito [Tools & Supplies])" in market zone "Outpost 42" (pos=<7196.500000, 252.990005, 6976.500000>).
22:38:24 [Market] Player "Defiant" (id=9pZGLlerKQvreTBoVd7cTp9GRQZOvkhsz4yE5aekEds=) has bought metalwire x1 from the trader "Tools_Supplies (Kaito [Tools & Supplies])" in market zone "Outpost 42" (pos=<7196.500000, 252.990005, 6976.500000>) for a price of 15.
22:38:42 [Market] Player "Defiant" (id=9pZGLlerKQvreTBoVd7cTp9GRQZOvkhsz4yE5aekEds=) has send a requested to purchase whetstone x1 from the trader "Tools_Supplies (Kaito [Tools & Supplies])" in market zone "Outpost 42" (pos=<7196.500000, 252.990005, 6976.500000>).
22:38:43 [Market] Player "Defiant" (id=9pZGLlerKQvreTBoVd7cTp9GRQZOvkhsz4yE5aekEds=) has bought whetstone x1 from the trader "Tools_Supplies (Kaito [Tools & Supplies])" in market zone "Outpost 42" (pos=<7196.500000, 252.990005, 6976.500000>) for a price of 200.
22:38:43 [Market] Player "Defiant" (id=9pZGLlerKQvreTBoVd7cTp9GRQZOvkhsz4yE5aekEds=) has send a requested to purchase whetstone x1 from the trader "Tools_Supplies (Kaito [Tools & Supplies])" in market zone "Outpost 42" (pos=<7196.500000, 252.990005, 6976.500000>).
22:38:43 [Market] Player "Defiant" (id=9pZGLlerKQvreTBoVd7cTp9GRQZOvkhsz4yE5aekEds=) has bought whetstone x1 from the trader "Tools_Supplies (Kaito [Tools & Supplies])" in market zone "Outpost 42" (pos=<7196.500000, 252.990005, 6976.500000>) for a price of 200.
22:38:44 [Market] Player "Defiant" (id=9pZGLlerKQvreTBoVd7cTp9GRQZOvkhsz4yE5aekEds=) has send a requested to purchase whetstone x1 from the trader "Tools_Supplies (Kaito [Tools & Supplies])" in market zone "Outpost 42" (pos=<7196.500000, 252.990005, 6976.500000>).
22:38:44 [Market] Player "Defiant" (id=9pZGLlerKQvreTBoVd7cTp9GRQZOvkhsz4yE5aekEds=) has bought whetstone x1 from the trader "Tools_Supplies (Kaito [Tools & Supplies])" in market zone "Outpost 42" (pos=<7196.500000, 252.990005, 6976.500000>) for a price of 200.
22:42:01 [Market] Player "Gladiator" (id=2f2EzOlgeHPaK9xNXxBDWWPE0ljPQPbKV3WyNh1HiZA=) has send a requested to purchase flag_snake x1 from the trader "BaseImprovement (Peter [Base Improvement])" in market zone "Outpost 42" (pos=<7196.500000, 252.990005, 6976.500000>).
22:42:01 [Market] Player "Gladiator" (id=2f2EzOlgeHPaK9xNXxBDWWPE0ljPQPbKV3WyNh1HiZA=) has bought flag_snake x1 from the trader "BaseImprovement (Peter [Base Improvement])" in market zone "Outpost 42" (pos=<7196.500000, 252.990005, 6976.500000>) for a price of 15.
22:42:54 [Safezone] Player "42cobra" (id=7jlJa0YJ0ppxWuiq1t34ec-CitMl82Ky24_qx8QK7Rs= pos=<7283.201172, 272.130157, 7157.592285>) Left the safezone
22:42:56 [Safezone] Player "Defiant" (id=9pZGLlerKQvreTBoVd7cTp9GRQZOvkhsz4yE5aekEds= pos=<7320.024902, 276.628052, 7135.040039>) Left the safezone
22:43:02 [Safezone] Player "Gladiator" (id=2f2EzOlgeHPaK9xNXxBDWWPE0ljPQPbKV3WyNh1HiZA= pos=<7320.635742, 276.872162, 7136.435547>) Left the safezone
22:59:48 [ExplosionDamageSystem] About to explode FlashGrenade_Ammo from FlashGrenade<fd1b7dc0> at <8987.61, 229.05, 11552.1> EXPLOSION range 20 dropoff 5
23:11:52 [Territory] Player "Gladiator" (id=2f2EzOlgeHPaK9xNXxBDWWPE0ljPQPbKV3WyNh1HiZA=) created territory Reapers at <9731.843750, 161.391190, 13160.005859>
23:47:39 [Party] Player "Defiant" (id=9pZGLlerKQvreTBoVd7cTp9GRQZOvkhsz4yE5aekEds=) left the party "Reapers" (id=22 ownerUID=2f2EzOlgeHPaK9xNXxBDWWPE0ljPQPbKV3WyNh1HiZA= ownerName=Gladiator)
23:59:15 [Party] Player "42cobra" (id=7jlJa0YJ0ppxWuiq1t34ec-CitMl82Ky24_qx8QK7Rs=) left the party "Reapers" (id=22 ownerUID=2f2EzOlgeHPaK9xNXxBDWWPE0ljPQPbKV3WyNh1HiZA= ownerName=Gladiator)
23:59:15 [Party] Player "Gladiator" (id=2f2EzOlgeHPaK9xNXxBDWWPE0ljPQPbKV3WyNh1HiZA=) left the party "Reapers" (id=22 ownerUID=2f2EzOlgeHPaK9xNXxBDWWPE0ljPQPbKV3WyNh1HiZA= ownerName=Gladiator)
