08:58:50 [VehicleCover] Player "Rando" (id=JvvCHnGuyh_nfZYJHhwPEuqC4PLOVPMEAKGSXu_-8kY= pos=<4679.130371, 281.012451, 4701.586426>) uncovered vehicle "OffroadHatchback" (GlobalID=80000000800000008000000080001F0E pos=<4681.840820, 281.053101, 4701.795410>)!
08:59:01 [VehicleCarKey] Player "Rando" (id=JvvCHnGuyh_nfZYJHhwPEuqC4PLOVPMEAKGSXu_-8kY= pos=<4680.770508, 281.012390, 4700.055664>) used the  ExpansionCarKey to unlock OffroadHatchback (id=3D6EF2958F4D393EA7E5F9BE366B58CC pos=<4681.840820, 281.053101, 4701.795410>)
09:05:22 [VehicleDeleted] OffroadHatchback (id=3D6EF2958F4D393EA7E5F9BE366B58CC pos=<4681.840820, 281.053101, 4701.795410>)
09:15:20 [VehicleCover] Player "Rando" (id=JvvCHnGuyh_nfZYJHhwPEuqC4PLOVPMEAKGSXu_-8kY= pos=<4679.140625, 281.012451, 4701.625000>) uncovered vehicle "OffroadHatchback" (GlobalID=80000000800000008000000080001F0E pos=<4681.840820, 281.053101, 4701.795410>)!
09:15:25 [VehicleCarKey] Player "Rando" (id=JvvCHnGuyh_nfZYJHhwPEuqC4PLOVPMEAKGSXu_-8kY= pos=<4679.770996, 281.012421, 4700.418945>) used the  ExpansionCarKey to lock OffroadHatchback (id=BF4704F82E441982F7BC908584746E93 pos=<4681.840820, 281.053070, 4701.795410>)
09:16:34 [VehicleDeleted] OffroadHatchback (id=BF4704F82E441982F7BC908584746E93 pos=<4681.840820, 281.053070, 4701.795410>)
10:19:15 [VehicleCover] Player "Rando" (id=JvvCHnGuyh_nfZYJHhwPEuqC4PLOVPMEAKGSXu_-8kY= pos=<4679.052734, 281.012482, 4702.686035>) uncovered vehicle "OffroadHatchback" (GlobalID=80000000800000008000000080001F0E pos=<4681.840820, 281.053070, 4701.795410>)!
10:20:41 [VehicleDeleted] OffroadHatchback (id=3F6082581642C7FF455CF68E1C7BED3A pos=<4681.840820, 281.053162, 4701.795410>)
10:37:44 [VehicleCover] Player "Rando" (id=JvvCHnGuyh_nfZYJHhwPEuqC4PLOVPMEAKGSXu_-8kY= pos=<4679.353516, 281.012482, 4702.426758>) uncovered vehicle "OffroadHatchback" (GlobalID=80000000800000008000000080001F0E pos=<4681.840820, 281.053162, 4701.795410>)!
10:37:48 [VehicleCarKey] Player "Rando" (id=JvvCHnGuyh_nfZYJHhwPEuqC4PLOVPMEAKGSXu_-8kY= pos=<4679.353516, 281.012482, 4702.426758>) used the  ExpansionCarKey to unlock OffroadHatchback (id=96DC7AA1D2453E731BA09C87F17E8761 pos=<4681.840820, 281.053131, 4701.795410>)
10:43:03 [VehicleEnter] Player Rando [uid=JvvCHnGuyh_nfZYJHhwPEuqC4PLOVPMEAKGSXu_-8kY=] entered vehicle Ada 4x4 (id=96DC7AA1D2453E731BA09C87F17E8761 pos=<4681.840820, 281.053162, 4701.795410>) as driver
10:43:07 [VehicleEngine] Player Rando [uid=JvvCHnGuyh_nfZYJHhwPEuqC4PLOVPMEAKGSXu_-8kY=] started vehicle Ada 4x4 (id=96DC7AA1D2453E731BA09C87F17E8761 pos=<4681.840820, 281.053162, 4701.795410>)
10:52:11 [VehicleLeave] Player Rando [uid=JvvCHnGuyh_nfZYJHhwPEuqC4PLOVPMEAKGSXu_-8kY=] left vehicle Ada 4x4 (id=96DC7AA1D2453E731BA09C87F17E8761 pos=<6396.883301, 304.094391, 7761.376953>)
10:53:25 [VehicleDeleted] OffroadHatchback (id=96DC7AA1D2453E731BA09C87F17E8761 pos=<6396.883301, 304.094391, 7761.376953>)
10:58:47 [VehicleCover] Player "Rando" (id=JvvCHnGuyh_nfZYJHhwPEuqC4PLOVPMEAKGSXu_-8kY= pos=<6397.120117, 304.235352, 7763.601074>) uncovered vehicle "OffroadHatchback" (GlobalID=80000000800000008000000080001F0E pos=<6396.883301, 304.094391, 7761.376953>)!
10:58:54 [VehicleEnter] Player Rando [uid=JvvCHnGuyh_nfZYJHhwPEuqC4PLOVPMEAKGSXu_-8kY=] entered vehicle Ada 4x4 (id=0F31F31516428C07B6F3D8851381BDAD pos=<6396.884277, 304.094299, 7761.376465>) as driver
11:00:06 [VehicleEngine] Player Rando [uid=JvvCHnGuyh_nfZYJHhwPEuqC4PLOVPMEAKGSXu_-8kY=] started vehicle Ada 4x4 (id=0F31F31516428C07B6F3D8851381BDAD pos=<6396.883789, 304.094482, 7761.375977>)
11:05:45 [Safezone] Player "Rando" (id=JvvCHnGuyh_nfZYJHhwPEuqC4PLOVPMEAKGSXu_-8kY= pos=<7147.589844, 265.186096, 7107.577637>) Entered the safezone
11:06:06 [VehicleEngine] Player Rando [uid=JvvCHnGuyh_nfZYJHhwPEuqC4PLOVPMEAKGSXu_-8kY=] stopped vehicle Ada 4x4 (id=0F31F31516428C07B6F3D8851381BDAD pos=<7136.744141, 266.217438, 7010.369629>)
11:06:08 [VehicleLeave] Player Rando [uid=JvvCHnGuyh_nfZYJHhwPEuqC4PLOVPMEAKGSXu_-8kY=] left vehicle Ada 4x4 (id=0F31F31516428C07B6F3D8851381BDAD pos=<7136.744141, 266.217438, 7010.369629>)
11:07:23 [VehicleCarKey] Player "Rando" (id=JvvCHnGuyh_nfZYJHhwPEuqC4PLOVPMEAKGSXu_-8kY= pos=<7138.217773, 266.339050, 7013.331543>) used the  ExpansionCarKey to lock OffroadHatchback (id=0F31F31516428C07B6F3D8851381BDAD pos=<7136.744141, 266.217468, 7010.369629>)
11:08:04 [Market] Player "Rando" (id=JvvCHnGuyh_nfZYJHhwPEuqC4PLOVPMEAKGSXu_-8kY=) has send a requested to sell ttc_sg552_black x1 at the trader "Weapons (Seth [Weapons])" in market zone "Outpost 42" (pos=<7196.500000, 252.990005, 6976.500000>).
11:08:04 [Market] Player "Rando" (id=JvvCHnGuyh_nfZYJHhwPEuqC4PLOVPMEAKGSXu_-8kY=) has sold ttc_sg552_black x1 at the trader "Weapons (Seth [Weapons])" in market zone "Outpost 42" (pos=<7196.500000, 252.990005, 6976.500000>) and got 2075.
11:08:07 [Market] Player "Rando" (id=JvvCHnGuyh_nfZYJHhwPEuqC4PLOVPMEAKGSXu_-8kY=) has send a requested to sell mp5k x1 at the trader "Weapons (Seth [Weapons])" in market zone "Outpost 42" (pos=<7196.500000, 252.990005, 6976.500000>).
11:08:07 [Market] Player "Rando" (id=JvvCHnGuyh_nfZYJHhwPEuqC4PLOVPMEAKGSXu_-8kY=) has sold mp5k x1 at the trader "Weapons (Seth [Weapons])" in market zone "Outpost 42" (pos=<7196.500000, 252.990005, 6976.500000>) and got 412.
11:08:08 [Market] Player "Rando" (id=JvvCHnGuyh_nfZYJHhwPEuqC4PLOVPMEAKGSXu_-8kY=) has send a requested to sell mp5k x1 at the trader "Weapons (Seth [Weapons])" in market zone "Outpost 42" (pos=<7196.500000, 252.990005, 6976.500000>).
11:08:08 [Market] Player "Rando" (id=JvvCHnGuyh_nfZYJHhwPEuqC4PLOVPMEAKGSXu_-8kY=) has sold mp5k x1 at the trader "Weapons (Seth [Weapons])" in market zone "Outpost 42" (pos=<7196.500000, 252.990005, 6976.500000>) and got 362.
11:08:09 [Market] Player "Rando" (id=JvvCHnGuyh_nfZYJHhwPEuqC4PLOVPMEAKGSXu_-8kY=) has send a requested to sell ump45 x1 at the trader "Weapons (Seth [Weapons])" in market zone "Outpost 42" (pos=<7196.500000, 252.990005, 6976.500000>).
11:08:09 [Market] Player "Rando" (id=JvvCHnGuyh_nfZYJHhwPEuqC4PLOVPMEAKGSXu_-8kY=) has sold ump45 x1 at the trader "Weapons (Seth [Weapons])" in market zone "Outpost 42" (pos=<7196.500000, 252.990005, 6976.500000>) and got 200.
11:08:40 [VehicleDeleted] OffroadHatchback (id=0F31F31516428C07B6F3D8851381BDAD pos=<7136.744141, 266.217468, 7010.369629>)
11:12:12 [VehicleCover] Player "Rando" (id=JvvCHnGuyh_nfZYJHhwPEuqC4PLOVPMEAKGSXu_-8kY= pos=<7138.162598, 266.146484, 7009.952148>) uncovered vehicle "OffroadHatchback" (GlobalID=80000000800000008000000080001F0E pos=<7136.744141, 266.217468, 7010.369629>)!
11:12:18 [VehicleCarKey] Player "Rando" (id=JvvCHnGuyh_nfZYJHhwPEuqC4PLOVPMEAKGSXu_-8kY= pos=<7137.771973, 266.321014, 7012.331543>) used the  ExpansionCarKey to unlock OffroadHatchback (id=51B6BC5CFB4AA0BF211F6F9EB02F2CFA pos=<7136.744141, 266.217346, 7010.367676>)
11:13:50 [Market] Player "Rando" (id=JvvCHnGuyh_nfZYJHhwPEuqC4PLOVPMEAKGSXu_-8kY=) has send a requested to sell m16a2 x1 at the trader "Weapons (Seth [Weapons])" in market zone "Outpost 42" (pos=<7196.500000, 252.990005, 6976.500000>).
11:13:50 [Market] Player "Rando" (id=JvvCHnGuyh_nfZYJHhwPEuqC4PLOVPMEAKGSXu_-8kY=) has sold m16a2 x1 at the trader "Weapons (Seth [Weapons])" in market zone "Outpost 42" (pos=<7196.500000, 252.990005, 6976.500000>) and got 1500.
11:13:53 [Market] Player "Rando" (id=JvvCHnGuyh_nfZYJHhwPEuqC4PLOVPMEAKGSXu_-8kY=) has send a requested to sell m16a2 x1 at the trader "Weapons (Seth [Weapons])" in market zone "Outpost 42" (pos=<7196.500000, 252.990005, 6976.500000>).
11:13:54 [Market] Player "Rando" (id=JvvCHnGuyh_nfZYJHhwPEuqC4PLOVPMEAKGSXu_-8kY=) has sold m16a2 x1 at the trader "Weapons (Seth [Weapons])" in market zone "Outpost 42" (pos=<7196.500000, 252.990005, 6976.500000>) and got 2000.
11:13:58 [Market] Player "Rando" (id=JvvCHnGuyh_nfZYJHhwPEuqC4PLOVPMEAKGSXu_-8kY=) has send a requested to sell aks74u x1 at the trader "Weapons (Seth [Weapons])" in market zone "Outpost 42" (pos=<7196.500000, 252.990005, 6976.500000>).
11:13:58 [Market] Player "Rando" (id=JvvCHnGuyh_nfZYJHhwPEuqC4PLOVPMEAKGSXu_-8kY=) has sold aks74u x1 at the trader "Weapons (Seth [Weapons])" in market zone "Outpost 42" (pos=<7196.500000, 252.990005, 6976.500000>) and got 556.
11:14:00 [Market] Player "Rando" (id=JvvCHnGuyh_nfZYJHhwPEuqC4PLOVPMEAKGSXu_-8kY=) has send a requested to sell expansion_mp5 x1 at the trader "Weapons (Seth [Weapons])" in market zone "Outpost 42" (pos=<7196.500000, 252.990005, 6976.500000>).
11:14:00 [Market] Player "Rando" (id=JvvCHnGuyh_nfZYJHhwPEuqC4PLOVPMEAKGSXu_-8kY=) has sold expansion_mp5 x1 at the trader "Weapons (Seth [Weapons])" in market zone "Outpost 42" (pos=<7196.500000, 252.990005, 6976.500000>) and got 200.
11:14:01 [Market] Player "Rando" (id=JvvCHnGuyh_nfZYJHhwPEuqC4PLOVPMEAKGSXu_-8kY=) has send a requested to sell mp5k x1 at the trader "Weapons (Seth [Weapons])" in market zone "Outpost 42" (pos=<7196.500000, 252.990005, 6976.500000>).
11:14:01 [Market] Player "Rando" (id=JvvCHnGuyh_nfZYJHhwPEuqC4PLOVPMEAKGSXu_-8kY=) has sold mp5k x1 at the trader "Weapons (Seth [Weapons])" in market zone "Outpost 42" (pos=<7196.500000, 252.990005, 6976.500000>) and got 375.
11:14:29 [VehicleDeleted] OffroadHatchback (id=51B6BC5CFB4AA0BF211F6F9EB02F2CFA pos=<7136.744141, 266.217346, 7010.367676>)
11:14:31 [Market] Player "Rando" (id=JvvCHnGuyh_nfZYJHhwPEuqC4PLOVPMEAKGSXu_-8kY=) has send a requested to purchase mag_expansion_m9_15rnd x1 from the trader "Ammo_Attachments (Taiki [Ammo & Attachments])" in market zone "Outpost 42" (pos=<7196.500000, 252.990005, 6976.500000>).
11:14:31 [Market] Player "Rando" (id=JvvCHnGuyh_nfZYJHhwPEuqC4PLOVPMEAKGSXu_-8kY=) has bought mag_expansion_m9_15rnd x1 from the trader "Ammo_Attachments (Taiki [Ammo & Attachments])" in market zone "Outpost 42" (pos=<7196.500000, 252.990005, 6976.500000>) for a price of 70.
11:14:32 [Market] Player "Rando" (id=JvvCHnGuyh_nfZYJHhwPEuqC4PLOVPMEAKGSXu_-8kY=) has send a requested to purchase mag_expansion_m9_15rnd x1 from the trader "Ammo_Attachments (Taiki [Ammo & Attachments])" in market zone "Outpost 42" (pos=<7196.500000, 252.990005, 6976.500000>).
11:14:32 [Market] Player "Rando" (id=JvvCHnGuyh_nfZYJHhwPEuqC4PLOVPMEAKGSXu_-8kY=) has bought mag_expansion_m9_15rnd x1 from the trader "Ammo_Attachments (Taiki [Ammo & Attachments])" in market zone "Outpost 42" (pos=<7196.500000, 252.990005, 6976.500000>) for a price of 70.
11:14:56 [Market] Player "Rando" (id=JvvCHnGuyh_nfZYJHhwPEuqC4PLOVPMEAKGSXu_-8kY=) has send a requested to purchase ammobox_9x19_25rnd x1 from the trader "Ammo_Attachments (Taiki [Ammo & Attachments])" in market zone "Outpost 42" (pos=<7196.500000, 252.990005, 6976.500000>).
11:14:56 [Market] Player "Rando" (id=JvvCHnGuyh_nfZYJHhwPEuqC4PLOVPMEAKGSXu_-8kY=) has bought ammobox_9x19_25rnd x1 from the trader "Ammo_Attachments (Taiki [Ammo & Attachments])" in market zone "Outpost 42" (pos=<7196.500000, 252.990005, 6976.500000>) for a price of 40.
11:14:57 [Market] Player "Rando" (id=JvvCHnGuyh_nfZYJHhwPEuqC4PLOVPMEAKGSXu_-8kY=) has send a requested to purchase ammobox_9x19_25rnd x1 from the trader "Ammo_Attachments (Taiki [Ammo & Attachments])" in market zone "Outpost 42" (pos=<7196.500000, 252.990005, 6976.500000>).
11:14:57 [Market] Player "Rando" (id=JvvCHnGuyh_nfZYJHhwPEuqC4PLOVPMEAKGSXu_-8kY=) has bought ammobox_9x19_25rnd x1 from the trader "Ammo_Attachments (Taiki [Ammo & Attachments])" in market zone "Outpost 42" (pos=<7196.500000, 252.990005, 6976.500000>) for a price of 40.
11:14:58 [Market] Player "Rando" (id=JvvCHnGuyh_nfZYJHhwPEuqC4PLOVPMEAKGSXu_-8kY=) has send a requested to purchase ammobox_9x19_25rnd x1 from the trader "Ammo_Attachments (Taiki [Ammo & Attachments])" in market zone "Outpost 42" (pos=<7196.500000, 252.990005, 6976.500000>).
11:14:58 [Market] Player "Rando" (id=JvvCHnGuyh_nfZYJHhwPEuqC4PLOVPMEAKGSXu_-8kY=) has bought ammobox_9x19_25rnd x1 from the trader "Ammo_Attachments (Taiki [Ammo & Attachments])" in market zone "Outpost 42" (pos=<7196.500000, 252.990005, 6976.500000>) for a price of 40.
11:14:58 [Market] Player "Rando" (id=JvvCHnGuyh_nfZYJHhwPEuqC4PLOVPMEAKGSXu_-8kY=) has send a requested to purchase ammobox_9x19_25rnd x1 from the trader "Ammo_Attachments (Taiki [Ammo & Attachments])" in market zone "Outpost 42" (pos=<7196.500000, 252.990005, 6976.500000>).
11:14:58 [Market] Player "Rando" (id=JvvCHnGuyh_nfZYJHhwPEuqC4PLOVPMEAKGSXu_-8kY=) has bought ammobox_9x19_25rnd x1 from the trader "Ammo_Attachments (Taiki [Ammo & Attachments])" in market zone "Outpost 42" (pos=<7196.500000, 252.990005, 6976.500000>) for a price of 40.
11:15:20 [Market] Player "Rando" (id=JvvCHnGuyh_nfZYJHhwPEuqC4PLOVPMEAKGSXu_-8kY=) has send a requested to purchase expansioncodelock x1 from the trader "BaseImprovement (Peter [Base Improvement])" in market zone "Outpost 42" (pos=<7196.500000, 252.990005, 6976.500000>).
11:15:20 [Market] Player "Rando" (id=JvvCHnGuyh_nfZYJHhwPEuqC4PLOVPMEAKGSXu_-8kY=) has bought expansioncodelock x1 from the trader "BaseImprovement (Peter [Base Improvement])" in market zone "Outpost 42" (pos=<7196.500000, 252.990005, 6976.500000>) for a price of 1500.
11:16:27 [Market] Player "Rando" (id=JvvCHnGuyh_nfZYJHhwPEuqC4PLOVPMEAKGSXu_-8kY=) has send a requested to purchase msp_militarycrate_brown x1 from the trader "BaseImprovement (Peter [Base Improvement])" in market zone "Outpost 42" (pos=<7196.500000, 252.990005, 6976.500000>).
11:16:27 [Market] Player "Rando" (id=JvvCHnGuyh_nfZYJHhwPEuqC4PLOVPMEAKGSXu_-8kY=) has bought msp_militarycrate_brown x1 from the trader "BaseImprovement (Peter [Base Improvement])" in market zone "Outpost 42" (pos=<7196.500000, 252.990005, 6976.500000>) for a price of 2500.
11:17:02 [Market] Player "Rando" (id=JvvCHnGuyh_nfZYJHhwPEuqC4PLOVPMEAKGSXu_-8kY=) has send a requested to purchase battery9v x1 from the trader "Tools_Supplies (Kaito [Tools & Supplies])" in market zone "Outpost 42" (pos=<7196.500000, 252.990005, 6976.500000>).
11:17:02 [Market] Player "Rando" (id=JvvCHnGuyh_nfZYJHhwPEuqC4PLOVPMEAKGSXu_-8kY=) has bought battery9v x1 from the trader "Tools_Supplies (Kaito [Tools & Supplies])" in market zone "Outpost 42" (pos=<7196.500000, 252.990005, 6976.500000>) for a price of 50.
11:17:02 [Market] Player "Rando" (id=JvvCHnGuyh_nfZYJHhwPEuqC4PLOVPMEAKGSXu_-8kY=) has send a requested to purchase battery9v x1 from the trader "Tools_Supplies (Kaito [Tools & Supplies])" in market zone "Outpost 42" (pos=<7196.500000, 252.990005, 6976.500000>).
11:17:02 [Market] Player "Rando" (id=JvvCHnGuyh_nfZYJHhwPEuqC4PLOVPMEAKGSXu_-8kY=) has bought battery9v x1 from the trader "Tools_Supplies (Kaito [Tools & Supplies])" in market zone "Outpost 42" (pos=<7196.500000, 252.990005, 6976.500000>) for a price of 50.
11:17:06 [Market] Player "Rando" (id=JvvCHnGuyh_nfZYJHhwPEuqC4PLOVPMEAKGSXu_-8kY=) has send a requested to purchase nvgoggles x1 from the trader "Tools_Supplies (Kaito [Tools & Supplies])" in market zone "Outpost 42" (pos=<7196.500000, 252.990005, 6976.500000>).
11:17:07 [Market] Player "Rando" (id=JvvCHnGuyh_nfZYJHhwPEuqC4PLOVPMEAKGSXu_-8kY=) has bought nvgoggles x1 from the trader "Tools_Supplies (Kaito [Tools & Supplies])" in market zone "Outpost 42" (pos=<7196.500000, 252.990005, 6976.500000>) for a price of 1250.
11:17:14 [Market] Player "Rando" (id=JvvCHnGuyh_nfZYJHhwPEuqC4PLOVPMEAKGSXu_-8kY=) has send a requested to purchase leathersewingkit x1 from the trader "Tools_Supplies (Kaito [Tools & Supplies])" in market zone "Outpost 42" (pos=<7196.500000, 252.990005, 6976.500000>).
11:17:14 [Market] Player "Rando" (id=JvvCHnGuyh_nfZYJHhwPEuqC4PLOVPMEAKGSXu_-8kY=) has bought leathersewingkit x1 from the trader "Tools_Supplies (Kaito [Tools & Supplies])" in market zone "Outpost 42" (pos=<7196.500000, 252.990005, 6976.500000>) for a price of 50.
11:17:16 [Market] Player "Rando" (id=JvvCHnGuyh_nfZYJHhwPEuqC4PLOVPMEAKGSXu_-8kY=) has send a requested to purchase sewingkit x1 from the trader "Tools_Supplies (Kaito [Tools & Supplies])" in market zone "Outpost 42" (pos=<7196.500000, 252.990005, 6976.500000>).
11:17:16 [Market] Player "Rando" (id=JvvCHnGuyh_nfZYJHhwPEuqC4PLOVPMEAKGSXu_-8kY=) has bought sewingkit x1 from the trader "Tools_Supplies (Kaito [Tools & Supplies])" in market zone "Outpost 42" (pos=<7196.500000, 252.990005, 6976.500000>) for a price of 50.
11:17:18 [Market] Player "Rando" (id=JvvCHnGuyh_nfZYJHhwPEuqC4PLOVPMEAKGSXu_-8kY=) has send a requested to purchase electronicrepairkit x1 from the trader "Tools_Supplies (Kaito [Tools & Supplies])" in market zone "Outpost 42" (pos=<7196.500000, 252.990005, 6976.500000>).
11:17:18 [Market] Player "Rando" (id=JvvCHnGuyh_nfZYJHhwPEuqC4PLOVPMEAKGSXu_-8kY=) has bought electronicrepairkit x1 from the trader "Tools_Supplies (Kaito [Tools & Supplies])" in market zone "Outpost 42" (pos=<7196.500000, 252.990005, 6976.500000>) for a price of 1000.
11:17:28 [Market] Player "Rando" (id=JvvCHnGuyh_nfZYJHhwPEuqC4PLOVPMEAKGSXu_-8kY=) has send a requested to purchase nailbox x1 from the trader "Tools_Supplies (Kaito [Tools & Supplies])" in market zone "Outpost 42" (pos=<7196.500000, 252.990005, 6976.500000>).
11:17:28 [Market] Player "Rando" (id=JvvCHnGuyh_nfZYJHhwPEuqC4PLOVPMEAKGSXu_-8kY=) has bought nailbox x1 from the trader "Tools_Supplies (Kaito [Tools & Supplies])" in market zone "Outpost 42" (pos=<7196.500000, 252.990005, 6976.500000>) for a price of 500.
11:19:14 [VehicleCover] Player "Rando" (id=JvvCHnGuyh_nfZYJHhwPEuqC4PLOVPMEAKGSXu_-8kY= pos=<7137.577637, 266.057220, 7008.735352>) uncovered vehicle "OffroadHatchback" (GlobalID=80000000800000008000000080001F0E pos=<7136.744141, 266.217346, 7010.367676>)!
11:19:21 [VehicleEnter] Player Rando [uid=JvvCHnGuyh_nfZYJHhwPEuqC4PLOVPMEAKGSXu_-8kY=] entered vehicle Ada 4x4 (id=4547F420544516602046FEAA7A1386ED pos=<7136.743652, 266.217133, 7010.365723>) as driver
11:19:32 [VehicleEngine] Player Rando [uid=JvvCHnGuyh_nfZYJHhwPEuqC4PLOVPMEAKGSXu_-8kY=] started vehicle Ada 4x4 (id=4547F420544516602046FEAA7A1386ED pos=<7136.744141, 266.217163, 7010.365723>)
11:20:03 [Safezone] Player "Rando" (id=JvvCHnGuyh_nfZYJHhwPEuqC4PLOVPMEAKGSXu_-8kY= pos=<7134.349609, 264.004211, 7250.156250>) Left the safezone
11:34:01 [VehicleLeave] Player Rando [uid=JvvCHnGuyh_nfZYJHhwPEuqC4PLOVPMEAKGSXu_-8kY=] left vehicle Ada 4x4 (id=4547F420544516602046FEAA7A1386ED pos=<4680.906250, 281.053192, 4705.034180>)
11:34:07 [VehicleEnter] Player Rando [uid=JvvCHnGuyh_nfZYJHhwPEuqC4PLOVPMEAKGSXu_-8kY=] entered vehicle Ada 4x4 (id=4547F420544516602046FEAA7A1386ED pos=<4680.906250, 281.053192, 4705.034180>) as driver
11:34:10 [VehicleEngine] Player Rando [uid=JvvCHnGuyh_nfZYJHhwPEuqC4PLOVPMEAKGSXu_-8kY=] started vehicle Ada 4x4 (id=4547F420544516602046FEAA7A1386ED pos=<4680.906250, 281.053223, 4705.034180>)
11:34:59 [VehicleLeave] Player Rando [uid=JvvCHnGuyh_nfZYJHhwPEuqC4PLOVPMEAKGSXu_-8kY=] left vehicle Ada 4x4 (id=4547F420544516602046FEAA7A1386ED pos=<4680.901855, 281.051910, 4703.138672>)
11:36:27 [VehicleDeleted] OffroadHatchback (id=4547F420544516602046FEAA7A1386ED pos=<4680.901855, 281.051880, 4703.138672>)
11:36:31 [BaseRaiding] ExpansionWall6x3 (<4673.438965, 281.102417, 4706.399414>) Code set by player "Rando" (ID = "JvvCHnGuyh_nfZYJHhwPEuqC4PLOVPMEAKGSXu_-8kY=" at <4674.980469, 281.352112, 4704.719727>) and the code is 6654
11:39:34 [VehicleCover] Player "Rando" (id=JvvCHnGuyh_nfZYJHhwPEuqC4PLOVPMEAKGSXu_-8kY= pos=<4683.227539, 281.012451, 4701.868652>) uncovered vehicle "OffroadHatchback" (GlobalID=80000000800000008000000080001F0E pos=<4680.901855, 281.051880, 4703.138672>)!
11:39:42 [VehicleEnter] Player Rando [uid=JvvCHnGuyh_nfZYJHhwPEuqC4PLOVPMEAKGSXu_-8kY=] entered vehicle Ada 4x4 (id=7F6A19A1104EBD9FA85A89AF8F036DA4 pos=<4680.903809, 281.051697, 4703.138184>) as driver
11:39:44 [VehicleEngine] Player Rando [uid=JvvCHnGuyh_nfZYJHhwPEuqC4PLOVPMEAKGSXu_-8kY=] started vehicle Ada 4x4 (id=7F6A19A1104EBD9FA85A89AF8F036DA4 pos=<4680.903809, 281.051697, 4703.138184>)
11:39:54 [VehicleEngine] Player Rando [uid=JvvCHnGuyh_nfZYJHhwPEuqC4PLOVPMEAKGSXu_-8kY=] stopped vehicle Ada 4x4 (id=7F6A19A1104EBD9FA85A89AF8F036DA4 pos=<4683.077148, 281.053223, 4702.536621>)
11:39:57 [VehicleLeave] Player Rando [uid=JvvCHnGuyh_nfZYJHhwPEuqC4PLOVPMEAKGSXu_-8kY=] left vehicle Ada 4x4 (id=7F6A19A1104EBD9FA85A89AF8F036DA4 pos=<4683.077148, 281.053192, 4702.537109>)
11:43:11 [VehicleDeleted] OffroadHatchback (id=7F6A19A1104EBD9FA85A89AF8F036DA4 pos=<4683.077148, 281.053223, 4702.537109>)
