16:02:48 [Safezone] Player "Soullessmonarcs" (id=3JRWaVBlu0rexFl5dzKjDY8AHl_--AJHXa-aQMieyik= pos=<7182.106445, 253.025742, 6980.375000>) Entered the safezone
16:02:48 [Party] Player "Soullessmonarcs" (id=3JRWaVBlu0rexFl5dzKjDY8AHl_--AJHXa-aQMieyik=) joinded the party "Soulless" (id=23 ownerUID=3JRWaVBlu0rexFl5dzKjDY8AHl_--AJHXa-aQMieyik= ownerName=Soullessmonarcs)
16:02:49 [Safezone] Player "WolfMadness" (id=c4HSBe2kjxrPMaliQvxlVkqXx1B002mwOfk2xAqaYKQ= pos=<7183.224609, 253.048233, 6971.022949>) Entered the safezone
16:02:49 [Party] Player "WolfMadness" (id=c4HSBe2kjxrPMaliQvxlVkqXx1B002mwOfk2xAqaYKQ=) joinded the party "Soulless" (id=23 ownerUID=3JRWaVBlu0rexFl5dzKjDY8AHl_--AJHXa-aQMieyik= ownerName=Soullessmonarcs)
16:03:05 [Market] Player "Soullessmonarcs" (id=3JRWaVBlu0rexFl5dzKjDY8AHl_--AJHXa-aQMieyik=) has send a requested to sell sledgehammer x1 at the trader "Tools_Supplies (Kaito [Tools & Supplies])" in market zone "Outpost 42" (pos=<7196.500000, 252.990005, 6976.500000>).
16:03:05 [Market] Player "Soullessmonarcs" (id=3JRWaVBlu0rexFl5dzKjDY8AHl_--AJHXa-aQMieyik=) has sold sledgehammer x1 at the trader "Tools_Supplies (Kaito [Tools & Supplies])" in market zone "Outpost 42" (pos=<7196.500000, 252.990005, 6976.500000>) and got 150.
16:03:20 [Market] Player "Soullessmonarcs" (id=3JRWaVBlu0rexFl5dzKjDY8AHl_--AJHXa-aQMieyik=) has send a requested to sell rangefinder x1 at the trader "Tools_Supplies (Kaito [Tools & Supplies])" in market zone "Outpost 42" (pos=<7196.500000, 252.990005, 6976.500000>).
16:03:20 [Market] Player "Soullessmonarcs" (id=3JRWaVBlu0rexFl5dzKjDY8AHl_--AJHXa-aQMieyik=) has sold rangefinder x1 at the trader "Tools_Supplies (Kaito [Tools & Supplies])" in market zone "Outpost 42" (pos=<7196.500000, 252.990005, 6976.500000>) and got 562.
16:03:33 [Market] Player "Soullessmonarcs" (id=3JRWaVBlu0rexFl5dzKjDY8AHl_--AJHXa-aQMieyik=) has send a requested to sell gasmask_filter x1 at the trader "Medic (Lewis [Medic])" in market zone "Outpost 42" (pos=<7196.500000, 252.990005, 6976.500000>).
16:03:34 [Market] Player "Soullessmonarcs" (id=3JRWaVBlu0rexFl5dzKjDY8AHl_--AJHXa-aQMieyik=) has sold gasmask_filter x1 at the trader "Medic (Lewis [Medic])" in market zone "Outpost 42" (pos=<7196.500000, 252.990005, 6976.500000>) and got 89.
16:03:48 [Market] Player "Soullessmonarcs" (id=3JRWaVBlu0rexFl5dzKjDY8AHl_--AJHXa-aQMieyik=) has send a requested to sell sodacan_spite x1 at the trader "Consumables (Irena [Consumables])" in market zone "Outpost 42" (pos=<7196.500000, 252.990005, 6976.500000>).
16:03:48 [Market] Player "Soullessmonarcs" (id=3JRWaVBlu0rexFl5dzKjDY8AHl_--AJHXa-aQMieyik=) has sold sodacan_spite x1 at the trader "Consumables (Irena [Consumables])" in market zone "Outpost 42" (pos=<7196.500000, 252.990005, 6976.500000>) and got 1.
16:03:49 [Market] Player "Soullessmonarcs" (id=3JRWaVBlu0rexFl5dzKjDY8AHl_--AJHXa-aQMieyik=) has send a requested to sell sodacan_spite x1 at the trader "Consumables (Irena [Consumables])" in market zone "Outpost 42" (pos=<7196.500000, 252.990005, 6976.500000>).
16:03:49 [Market] Player "Soullessmonarcs" (id=3JRWaVBlu0rexFl5dzKjDY8AHl_--AJHXa-aQMieyik=) has sold sodacan_spite x1 at the trader "Consumables (Irena [Consumables])" in market zone "Outpost 42" (pos=<7196.500000, 252.990005, 6976.500000>) and got 1.
16:04:02 [Market] Player "Soullessmonarcs" (id=3JRWaVBlu0rexFl5dzKjDY8AHl_--AJHXa-aQMieyik=) has send a requested to sell ak_suppressor x1 at the trader "Ammo_Attachments (Taiki [Ammo & Attachments])" in market zone "Outpost 42" (pos=<7196.500000, 252.990005, 6976.500000>).
16:04:02 [Market] Player "Soullessmonarcs" (id=3JRWaVBlu0rexFl5dzKjDY8AHl_--AJHXa-aQMieyik=) has sold ak_suppressor x1 at the trader "Ammo_Attachments (Taiki [Ammo & Attachments])" in market zone "Outpost 42" (pos=<7196.500000, 252.990005, 6976.500000>) and got 250.
16:04:33 [Market] Player "Soullessmonarcs" (id=3JRWaVBlu0rexFl5dzKjDY8AHl_--AJHXa-aQMieyik=) has send a requested to sell ammo_45acp x47 at the trader "Ammo_Attachments (Taiki [Ammo & Attachments])" in market zone "Outpost 42" (pos=<7196.500000, 252.990005, 6976.500000>).
16:04:33 [Market] Player "Soullessmonarcs" (id=3JRWaVBlu0rexFl5dzKjDY8AHl_--AJHXa-aQMieyik=) has sold ammo_45acp x47 at the trader "Ammo_Attachments (Taiki [Ammo & Attachments])" in market zone "Outpost 42" (pos=<7196.500000, 252.990005, 6976.500000>) and got 47.
16:05:02 [Market] Player "Soullessmonarcs" (id=3JRWaVBlu0rexFl5dzKjDY8AHl_--AJHXa-aQMieyik=) has send a requested to purchase expansioncodelock x1 from the trader "BaseImprovement (Peter [Base Improvement])" in market zone "Outpost 42" (pos=<7196.500000, 252.990005, 6976.500000>).
16:05:02 [Market] Player "Soullessmonarcs" (id=3JRWaVBlu0rexFl5dzKjDY8AHl_--AJHXa-aQMieyik=) has bought expansioncodelock x1 from the trader "BaseImprovement (Peter [Base Improvement])" in market zone "Outpost 42" (pos=<7196.500000, 252.990005, 6976.500000>) for a price of 1500.
16:05:57 [Market] Player "WolfMadness" (id=c4HSBe2kjxrPMaliQvxlVkqXx1B002mwOfk2xAqaYKQ=) has send a requested to purchase canteen x1 from the trader "Consumables (Irena [Consumables])" in market zone "Outpost 42" (pos=<7196.500000, 252.990005, 6976.500000>).
16:05:57 [Market] Player "WolfMadness" (id=c4HSBe2kjxrPMaliQvxlVkqXx1B002mwOfk2xAqaYKQ=) has bought canteen x1 from the trader "Consumables (Irena [Consumables])" in market zone "Outpost 42" (pos=<7196.500000, 252.990005, 6976.500000>) for a price of 200.
16:06:08 [Market] Player "Soullessmonarcs" (id=3JRWaVBlu0rexFl5dzKjDY8AHl_--AJHXa-aQMieyik=) has send a requested to sell usmcpants_desert x1 at the trader "MilitaryGear (Judy [Military Gear])" in market zone "Outpost 42" (pos=<7196.500000, 252.990005, 6976.500000>).
16:06:08 [Market] Player "Soullessmonarcs" (id=3JRWaVBlu0rexFl5dzKjDY8AHl_--AJHXa-aQMieyik=) has sold usmcpants_desert x1 at the trader "MilitaryGear (Judy [Military Gear])" in market zone "Outpost 42" (pos=<7196.500000, 252.990005, 6976.500000>) and got 0.
16:06:47 [Market] Player "Soullessmonarcs" (id=3JRWaVBlu0rexFl5dzKjDY8AHl_--AJHXa-aQMieyik=) has send a requested to purchase cargopants_beige x1 from the trader "CivilianGear (Frida [Civilian Gear])" in market zone "Outpost 42" (pos=<7196.500000, 252.990005, 6976.500000>).
16:06:47 [Market] Player "Soullessmonarcs" (id=3JRWaVBlu0rexFl5dzKjDY8AHl_--AJHXa-aQMieyik=) has bought cargopants_beige x1 from the trader "CivilianGear (Frida [Civilian Gear])" in market zone "Outpost 42" (pos=<7196.500000, 252.990005, 6976.500000>) for a price of 35.
16:06:52 [Market] Player "Soullessmonarcs" (id=3JRWaVBlu0rexFl5dzKjDY8AHl_--AJHXa-aQMieyik=) has send a requested to purchase hunterpants_winter x1 from the trader "CivilianGear (Frida [Civilian Gear])" in market zone "Outpost 42" (pos=<7196.500000, 252.990005, 6976.500000>).
16:06:52 [Market] Player "Soullessmonarcs" (id=3JRWaVBlu0rexFl5dzKjDY8AHl_--AJHXa-aQMieyik=) has bought hunterpants_winter x1 from the trader "CivilianGear (Frida [Civilian Gear])" in market zone "Outpost 42" (pos=<7196.500000, 252.990005, 6976.500000>) for a price of 90.
16:06:53 [Market] Player "Soullessmonarcs" (id=3JRWaVBlu0rexFl5dzKjDY8AHl_--AJHXa-aQMieyik=) has send a requested to sell cargopants_beige x1 at the trader "CivilianGear (Frida [Civilian Gear])" in market zone "Outpost 42" (pos=<7196.500000, 252.990005, 6976.500000>).
16:06:54 [Market] Player "Soullessmonarcs" (id=3JRWaVBlu0rexFl5dzKjDY8AHl_--AJHXa-aQMieyik=) has sold cargopants_beige x1 at the trader "CivilianGear (Frida [Civilian Gear])" in market zone "Outpost 42" (pos=<7196.500000, 252.990005, 6976.500000>) and got 18.
16:07:40 [Market] Player "Soullessmonarcs" (id=3JRWaVBlu0rexFl5dzKjDY8AHl_--AJHXa-aQMieyik=) has send a requested to sell roadflare x1 at the trader "Tools_Supplies (Kaito [Tools & Supplies])" in market zone "Outpost 42" (pos=<7196.500000, 252.990005, 6976.500000>).
16:07:40 [Market] Player "Soullessmonarcs" (id=3JRWaVBlu0rexFl5dzKjDY8AHl_--AJHXa-aQMieyik=) has sold roadflare x1 at the trader "Tools_Supplies (Kaito [Tools & Supplies])" in market zone "Outpost 42" (pos=<7196.500000, 252.990005, 6976.500000>) and got 2.
16:07:49 [Market] Player "Soullessmonarcs" (id=3JRWaVBlu0rexFl5dzKjDY8AHl_--AJHXa-aQMieyik=) has send a requested to sell batterycharger x1 at the trader "Tools_Supplies (Kaito [Tools & Supplies])" in market zone "Outpost 42" (pos=<7196.500000, 252.990005, 6976.500000>).
16:07:49 [Market] Player "Soullessmonarcs" (id=3JRWaVBlu0rexFl5dzKjDY8AHl_--AJHXa-aQMieyik=) has sold batterycharger x1 at the trader "Tools_Supplies (Kaito [Tools & Supplies])" in market zone "Outpost 42" (pos=<7196.500000, 252.990005, 6976.500000>) and got 20.
16:11:34 [Market] Player "WolfMadness" (id=c4HSBe2kjxrPMaliQvxlVkqXx1B002mwOfk2xAqaYKQ=) has send a requested to sell colt1911 x1 at the trader "Weapons (Seth [Weapons])" in market zone "Outpost 42" (pos=<7196.500000, 252.990005, 6976.500000>).
16:11:34 [Market] Player "WolfMadness" (id=c4HSBe2kjxrPMaliQvxlVkqXx1B002mwOfk2xAqaYKQ=) has sold colt1911 x1 at the trader "Weapons (Seth [Weapons])" in market zone "Outpost 42" (pos=<7196.500000, 252.990005, 6976.500000>) and got 62.
16:12:20 [Market] Player "WolfMadness" (id=c4HSBe2kjxrPMaliQvxlVkqXx1B002mwOfk2xAqaYKQ=) has send a requested to sell tactical_leg_holster_black x1 at the trader "MilitaryGear (Judy [Military Gear])" in market zone "Outpost 42" (pos=<7196.500000, 252.990005, 6976.500000>).
16:12:20 [Market] Player "WolfMadness" (id=c4HSBe2kjxrPMaliQvxlVkqXx1B002mwOfk2xAqaYKQ=) has sold tactical_leg_holster_black x1 at the trader "MilitaryGear (Judy [Military Gear])" in market zone "Outpost 42" (pos=<7196.500000, 252.990005, 6976.500000>) and got 62.
16:12:53 [Market] Player "WolfMadness" (id=c4HSBe2kjxrPMaliQvxlVkqXx1B002mwOfk2xAqaYKQ=) has send a requested to sell smershvest x1 at the trader "MilitaryGear (Judy [Military Gear])" in market zone "Outpost 42" (pos=<7196.500000, 252.990005, 6976.500000>).
16:12:53 [Market] Player "WolfMadness" (id=c4HSBe2kjxrPMaliQvxlVkqXx1B002mwOfk2xAqaYKQ=) has sold smershvest x1 at the trader "MilitaryGear (Judy [Military Gear])" in market zone "Outpost 42" (pos=<7196.500000, 252.990005, 6976.500000>) and got 57.
16:14:32 [Market] Player "Soullessmonarcs" (id=3JRWaVBlu0rexFl5dzKjDY8AHl_--AJHXa-aQMieyik=) has send a requested to purchase lockpick x1 from the trader "Tools_Supplies (Kaito [Tools & Supplies])" in market zone "Outpost 42" (pos=<7196.500000, 252.990005, 6976.500000>).
16:14:32 [Market] Player "Soullessmonarcs" (id=3JRWaVBlu0rexFl5dzKjDY8AHl_--AJHXa-aQMieyik=) has bought lockpick x1 from the trader "Tools_Supplies (Kaito [Tools & Supplies])" in market zone "Outpost 42" (pos=<7196.500000, 252.990005, 6976.500000>) for a price of 300.
16:14:52 [Market] Player "Soullessmonarcs" (id=3JRWaVBlu0rexFl5dzKjDY8AHl_--AJHXa-aQMieyik=) has send a requested to purchase handsaw x1 from the trader "Tools_Supplies (Kaito [Tools & Supplies])" in market zone "Outpost 42" (pos=<7196.500000, 252.990005, 6976.500000>).
16:14:52 [Market] Player "Soullessmonarcs" (id=3JRWaVBlu0rexFl5dzKjDY8AHl_--AJHXa-aQMieyik=) has bought handsaw x1 from the trader "Tools_Supplies (Kaito [Tools & Supplies])" in market zone "Outpost 42" (pos=<7196.500000, 252.990005, 6976.500000>) for a price of 500.
16:15:26 [Market] Player "Soullessmonarcs" (id=3JRWaVBlu0rexFl5dzKjDY8AHl_--AJHXa-aQMieyik=) has send a requested to purchase expansion_flag_scotland x1 from the trader "BaseImprovement (Peter [Base Improvement])" in market zone "Outpost 42" (pos=<7196.500000, 252.990005, 6976.500000>).
16:15:26 [Market] Player "Soullessmonarcs" (id=3JRWaVBlu0rexFl5dzKjDY8AHl_--AJHXa-aQMieyik=) has bought expansion_flag_scotland x1 from the trader "BaseImprovement (Peter [Base Improvement])" in market zone "Outpost 42" (pos=<7196.500000, 252.990005, 6976.500000>) for a price of 15.
16:18:06 [Safezone] Player "Soullessmonarcs" (id=3JRWaVBlu0rexFl5dzKjDY8AHl_--AJHXa-aQMieyik= pos=<6997.488281, 286.011841, 6995.519531>) Left the safezone
16:18:11 [Safezone] Player "WolfMadness" (id=c4HSBe2kjxrPMaliQvxlVkqXx1B002mwOfk2xAqaYKQ= pos=<6997.896973, 284.890472, 6986.830078>) Left the safezone
16:21:36 [Safezone] Player "WolfMadness" (id=c4HSBe2kjxrPMaliQvxlVkqXx1B002mwOfk2xAqaYKQ= pos=<7063.464844, 277.694824, 7020.058105>) Entered the safezone
16:21:43 [Safezone] Player "Soullessmonarcs" (id=3JRWaVBlu0rexFl5dzKjDY8AHl_--AJHXa-aQMieyik= pos=<7063.815918, 277.770569, 7021.106445>) Entered the safezone
16:22:30 [Market] Player "WolfMadness" (id=c4HSBe2kjxrPMaliQvxlVkqXx1B002mwOfk2xAqaYKQ=) has send a requested to sell deersteakmeat x1 at the trader "Hunting_Fishing (Boris [Hunting Trader])" in market zone "Outpost 42" (pos=<7196.500000, 252.990005, 6976.500000>).
16:22:30 [Market] Player "WolfMadness" (id=c4HSBe2kjxrPMaliQvxlVkqXx1B002mwOfk2xAqaYKQ=) has sold deersteakmeat x1 at the trader "Hunting_Fishing (Boris [Hunting Trader])" in market zone "Outpost 42" (pos=<7196.500000, 252.990005, 6976.500000>) and got 31.
16:22:33 [Market] Player "WolfMadness" (id=c4HSBe2kjxrPMaliQvxlVkqXx1B002mwOfk2xAqaYKQ=) has send a requested to sell deerpelt x1 at the trader "Hunting_Fishing (Boris [Hunting Trader])" in market zone "Outpost 42" (pos=<7196.500000, 252.990005, 6976.500000>).
16:22:33 [Market] Player "WolfMadness" (id=c4HSBe2kjxrPMaliQvxlVkqXx1B002mwOfk2xAqaYKQ=) has sold deerpelt x1 at the trader "Hunting_Fishing (Boris [Hunting Trader])" in market zone "Outpost 42" (pos=<7196.500000, 252.990005, 6976.500000>) and got 1125.
16:22:45 [Market] Player "WolfMadness" (id=c4HSBe2kjxrPMaliQvxlVkqXx1B002mwOfk2xAqaYKQ=) has send a requested to sell ammobox_556x45_20rnd x1 at the trader "Ammo_Attachments (Taiki [Ammo & Attachments])" in market zone "Outpost 42" (pos=<7196.500000, 252.990005, 6976.500000>).
16:22:45 [Market] Player "WolfMadness" (id=c4HSBe2kjxrPMaliQvxlVkqXx1B002mwOfk2xAqaYKQ=) has sold ammobox_556x45_20rnd x1 at the trader "Ammo_Attachments (Taiki [Ammo & Attachments])" in market zone "Outpost 42" (pos=<7196.500000, 252.990005, 6976.500000>) and got 16.
16:22:46 [Market] Player "WolfMadness" (id=c4HSBe2kjxrPMaliQvxlVkqXx1B002mwOfk2xAqaYKQ=) has send a requested to sell ammobox_556x45_20rnd x1 at the trader "Ammo_Attachments (Taiki [Ammo & Attachments])" in market zone "Outpost 42" (pos=<7196.500000, 252.990005, 6976.500000>).
16:22:46 [Market] Player "WolfMadness" (id=c4HSBe2kjxrPMaliQvxlVkqXx1B002mwOfk2xAqaYKQ=) has sold ammobox_556x45_20rnd x1 at the trader "Ammo_Attachments (Taiki [Ammo & Attachments])" in market zone "Outpost 42" (pos=<7196.500000, 252.990005, 6976.500000>) and got 16.
16:22:52 [Market] Player "WolfMadness" (id=c4HSBe2kjxrPMaliQvxlVkqXx1B002mwOfk2xAqaYKQ=) has send a requested to sell expansion_g36 x1 at the trader "Weapons (Seth [Weapons])" in market zone "Outpost 42" (pos=<7196.500000, 252.990005, 6976.500000>).
16:22:52 [Market] Player "WolfMadness" (id=c4HSBe2kjxrPMaliQvxlVkqXx1B002mwOfk2xAqaYKQ=) has sold expansion_g36 x1 at the trader "Weapons (Seth [Weapons])" in market zone "Outpost 42" (pos=<7196.500000, 252.990005, 6976.500000>) and got 1125.
16:24:14 [Market] Player "Soullessmonarcs" (id=3JRWaVBlu0rexFl5dzKjDY8AHl_--AJHXa-aQMieyik=) has send a requested to sell deersteakmeat x10 at the trader "Hunting_Fishing (Boris [Hunting Trader])" in market zone "Outpost 42" (pos=<7196.500000, 252.990005, 6976.500000>).
16:24:14 [Market] Player "Soullessmonarcs" (id=3JRWaVBlu0rexFl5dzKjDY8AHl_--AJHXa-aQMieyik=) has sold deersteakmeat x10 at the trader "Hunting_Fishing (Boris [Hunting Trader])" in market zone "Outpost 42" (pos=<7196.500000, 252.990005, 6976.500000>) and got 325.
16:25:25 [Market] Player "Soullessmonarcs" (id=3JRWaVBlu0rexFl5dzKjDY8AHl_--AJHXa-aQMieyik=) has send a requested to purchase ammobox_762x39_20rnd x1 from the trader "Ammo_Attachments (Taiki [Ammo & Attachments])" in market zone "Outpost 42" (pos=<7196.500000, 252.990005, 6976.500000>).
16:25:25 [Market] Player "Soullessmonarcs" (id=3JRWaVBlu0rexFl5dzKjDY8AHl_--AJHXa-aQMieyik=) has bought ammobox_762x39_20rnd x1 from the trader "Ammo_Attachments (Taiki [Ammo & Attachments])" in market zone "Outpost 42" (pos=<7196.500000, 252.990005, 6976.500000>) for a price of 32.
16:25:26 [Market] Player "Soullessmonarcs" (id=3JRWaVBlu0rexFl5dzKjDY8AHl_--AJHXa-aQMieyik=) has send a requested to purchase ammobox_762x39_20rnd x1 from the trader "Ammo_Attachments (Taiki [Ammo & Attachments])" in market zone "Outpost 42" (pos=<7196.500000, 252.990005, 6976.500000>).
16:25:26 [Market] Player "Soullessmonarcs" (id=3JRWaVBlu0rexFl5dzKjDY8AHl_--AJHXa-aQMieyik=) has bought ammobox_762x39_20rnd x1 from the trader "Ammo_Attachments (Taiki [Ammo & Attachments])" in market zone "Outpost 42" (pos=<7196.500000, 252.990005, 6976.500000>) for a price of 32.
16:25:27 [Market] Player "Soullessmonarcs" (id=3JRWaVBlu0rexFl5dzKjDY8AHl_--AJHXa-aQMieyik=) has send a requested to purchase ammobox_762x39_20rnd x1 from the trader "Ammo_Attachments (Taiki [Ammo & Attachments])" in market zone "Outpost 42" (pos=<7196.500000, 252.990005, 6976.500000>).
16:25:27 [Market] Player "Soullessmonarcs" (id=3JRWaVBlu0rexFl5dzKjDY8AHl_--AJHXa-aQMieyik=) has bought ammobox_762x39_20rnd x1 from the trader "Ammo_Attachments (Taiki [Ammo & Attachments])" in market zone "Outpost 42" (pos=<7196.500000, 252.990005, 6976.500000>) for a price of 32.
16:25:27 [Market] Player "Soullessmonarcs" (id=3JRWaVBlu0rexFl5dzKjDY8AHl_--AJHXa-aQMieyik=) has send a requested to purchase ammobox_762x39_20rnd x1 from the trader "Ammo_Attachments (Taiki [Ammo & Attachments])" in market zone "Outpost 42" (pos=<7196.500000, 252.990005, 6976.500000>).
16:25:28 [Market] Player "Soullessmonarcs" (id=3JRWaVBlu0rexFl5dzKjDY8AHl_--AJHXa-aQMieyik=) has bought ammobox_762x39_20rnd x1 from the trader "Ammo_Attachments (Taiki [Ammo & Attachments])" in market zone "Outpost 42" (pos=<7196.500000, 252.990005, 6976.500000>) for a price of 32.
16:25:46 [Market] Player "Soullessmonarcs" (id=3JRWaVBlu0rexFl5dzKjDY8AHl_--AJHXa-aQMieyik=) has send a requested to sell ammo_762x39 x1 at the trader "Ammo_Attachments (Taiki [Ammo & Attachments])" in market zone "Outpost 42" (pos=<7196.500000, 252.990005, 6976.500000>).
16:25:47 [Market] Player "Soullessmonarcs" (id=3JRWaVBlu0rexFl5dzKjDY8AHl_--AJHXa-aQMieyik=) has sold ammo_762x39 x1 at the trader "Ammo_Attachments (Taiki [Ammo & Attachments])" in market zone "Outpost 42" (pos=<7196.500000, 252.990005, 6976.500000>) and got 1.
16:25:54 [Market] Player "Soullessmonarcs" (id=3JRWaVBlu0rexFl5dzKjDY8AHl_--AJHXa-aQMieyik=) has send a requested to sell ammo_762x39 x19 at the trader "Ammo_Attachments (Taiki [Ammo & Attachments])" in market zone "Outpost 42" (pos=<7196.500000, 252.990005, 6976.500000>).
16:25:54 [Market] Player "Soullessmonarcs" (id=3JRWaVBlu0rexFl5dzKjDY8AHl_--AJHXa-aQMieyik=) has sold ammo_762x39 x19 at the trader "Ammo_Attachments (Taiki [Ammo & Attachments])" in market zone "Outpost 42" (pos=<7196.500000, 252.990005, 6976.500000>) and got 19.
16:25:58 [Market] Player "Soullessmonarcs" (id=3JRWaVBlu0rexFl5dzKjDY8AHl_--AJHXa-aQMieyik=) has send a requested to sell ammobox_762x39_20rnd x3 at the trader "Ammo_Attachments (Taiki [Ammo & Attachments])" in market zone "Outpost 42" (pos=<7196.500000, 252.990005, 6976.500000>).
16:25:59 [Market] Player "Soullessmonarcs" (id=3JRWaVBlu0rexFl5dzKjDY8AHl_--AJHXa-aQMieyik=) has sold ammobox_762x39_20rnd x3 at the trader "Ammo_Attachments (Taiki [Ammo & Attachments])" in market zone "Outpost 42" (pos=<7196.500000, 252.990005, 6976.500000>) and got 48.
16:26:17 [Market] Player "Soullessmonarcs" (id=3JRWaVBlu0rexFl5dzKjDY8AHl_--AJHXa-aQMieyik=) has send a requested to purchase ammobox_545x39_20rnd x4 from the trader "Ammo_Attachments (Taiki [Ammo & Attachments])" in market zone "Outpost 42" (pos=<7196.500000, 252.990005, 6976.500000>).
16:26:17 [Market] Player "Soullessmonarcs" (id=3JRWaVBlu0rexFl5dzKjDY8AHl_--AJHXa-aQMieyik=) has bought ammobox_545x39_20rnd x4 from the trader "Ammo_Attachments (Taiki [Ammo & Attachments])" in market zone "Outpost 42" (pos=<7196.500000, 252.990005, 6976.500000>) for a price of 128.
16:27:10 [Safezone] Player "WolfMadness" (id=c4HSBe2kjxrPMaliQvxlVkqXx1B002mwOfk2xAqaYKQ= pos=<7030.718262, 285.305359, 7094.434082>) Left the safezone
16:28:03 [Safezone] Player "Soullessmonarcs" (id=3JRWaVBlu0rexFl5dzKjDY8AHl_--AJHXa-aQMieyik= pos=<7033.791016, 284.939423, 7093.118164>) Left the safezone
16:52:30 [SpawnSelection] Player "ToyBoxx" (id=YPmBwzH85kJWfGJO1qpoWAVt8hglOIzUgdYaBVNiHFM=) spawned at <13910.900391, 5.300000, 13624.900391>
17:18:01 [Party] Player "WolfMadness" (id=c4HSBe2kjxrPMaliQvxlVkqXx1B002mwOfk2xAqaYKQ=) joinded the party "Soulless" (id=23 ownerUID=3JRWaVBlu0rexFl5dzKjDY8AHl_--AJHXa-aQMieyik= ownerName=Soullessmonarcs)
17:18:49 [SpawnSelection] Player "WolfMadness" (id=c4HSBe2kjxrPMaliQvxlVkqXx1B002mwOfk2xAqaYKQ=) spawned at <2031.425415, 2.290743, 2150.743408>
17:23:00 [Market] Player "Soullessmonarcs" (id=3JRWaVBlu0rexFl5dzKjDY8AHl_--AJHXa-aQMieyik=) has send a requested to sell ttc_mcx_tan_300blk x1 at the trader "BlackMarket (Lewis [Black Market])" in market zone "Black Market Trading Zone" (pos=<1385.420044, 303.220001, 9282.639648>).
17:23:00 [Market] Player "Soullessmonarcs" (id=3JRWaVBlu0rexFl5dzKjDY8AHl_--AJHXa-aQMieyik=) has sold ttc_mcx_tan_300blk x1 at the trader "BlackMarket (Lewis [Black Market])" in market zone "Black Market Trading Zone" (pos=<1385.420044, 303.220001, 9282.639648>) and got 10075.
17:23:03 [Market] Player "Soullessmonarcs" (id=3JRWaVBlu0rexFl5dzKjDY8AHl_--AJHXa-aQMieyik=) has send a requested to sell expansionammorpg x1 at the trader "BlackMarket (Lewis [Black Market])" in market zone "Black Market Trading Zone" (pos=<1385.420044, 303.220001, 9282.639648>).
17:23:04 [Market] Player "Soullessmonarcs" (id=3JRWaVBlu0rexFl5dzKjDY8AHl_--AJHXa-aQMieyik=) has sold expansionammorpg x1 at the trader "BlackMarket (Lewis [Black Market])" in market zone "Black Market Trading Zone" (pos=<1385.420044, 303.220001, 9282.639648>) and got 875.
17:23:04 [Market] Player "Soullessmonarcs" (id=3JRWaVBlu0rexFl5dzKjDY8AHl_--AJHXa-aQMieyik=) has send a requested to sell expansionammorpg x1 at the trader "BlackMarket (Lewis [Black Market])" in market zone "Black Market Trading Zone" (pos=<1385.420044, 303.220001, 9282.639648>).
17:23:05 [Market] Player "Soullessmonarcs" (id=3JRWaVBlu0rexFl5dzKjDY8AHl_--AJHXa-aQMieyik=) has sold expansionammorpg x1 at the trader "BlackMarket (Lewis [Black Market])" in market zone "Black Market Trading Zone" (pos=<1385.420044, 303.220001, 9282.639648>) and got 875.
17:24:28 [Market] Player "Soullessmonarcs" (id=3JRWaVBlu0rexFl5dzKjDY8AHl_--AJHXa-aQMieyik=) has send a requested to purchase ttc_universal_suppressor_tavor x1 from the trader "BlackMarket (Lewis [Black Market])" in market zone "Black Market Trading Zone" (pos=<1385.420044, 303.220001, 9282.639648>).
17:24:28 [Market] Player "Soullessmonarcs" (id=3JRWaVBlu0rexFl5dzKjDY8AHl_--AJHXa-aQMieyik=) has bought ttc_universal_suppressor_tavor x1 from the trader "BlackMarket (Lewis [Black Market])" in market zone "Black Market Trading Zone" (pos=<1385.420044, 303.220001, 9282.639648>) for a price of 4000.
17:24:52 [Market] Player "Soullessmonarcs" (id=3JRWaVBlu0rexFl5dzKjDY8AHl_--AJHXa-aQMieyik=) has send a requested to purchase ttc_universal_suppressor_tavor x1 from the trader "BlackMarket (Lewis [Black Market])" in market zone "Black Market Trading Zone" (pos=<1385.420044, 303.220001, 9282.639648>).
17:24:52 [Market] Player "Soullessmonarcs" (id=3JRWaVBlu0rexFl5dzKjDY8AHl_--AJHXa-aQMieyik=) has bought ttc_universal_suppressor_tavor x1 from the trader "BlackMarket (Lewis [Black Market])" in market zone "Black Market Trading Zone" (pos=<1385.420044, 303.220001, 9282.639648>) for a price of 4000.
17:25:06 [Market] Player "Soullessmonarcs" (id=3JRWaVBlu0rexFl5dzKjDY8AHl_--AJHXa-aQMieyik=) has send a requested to purchase ttc_300cmag x1 from the trader "BlackMarket (Lewis [Black Market])" in market zone "Black Market Trading Zone" (pos=<1385.420044, 303.220001, 9282.639648>).
17:25:06 [Market] Player "Soullessmonarcs" (id=3JRWaVBlu0rexFl5dzKjDY8AHl_--AJHXa-aQMieyik=) has bought ttc_300cmag x1 from the trader "BlackMarket (Lewis [Black Market])" in market zone "Black Market Trading Zone" (pos=<1385.420044, 303.220001, 9282.639648>) for a price of 2000.
17:26:45 [Market] Player "Soullessmonarcs" (id=3JRWaVBlu0rexFl5dzKjDY8AHl_--AJHXa-aQMieyik=) has send a requested to sell ttc_300cmag x1 at the trader "BlackMarket (Lewis [Black Market])" in market zone "Black Market Trading Zone" (pos=<1385.420044, 303.220001, 9282.639648>).
17:26:46 [Market] Player "Soullessmonarcs" (id=3JRWaVBlu0rexFl5dzKjDY8AHl_--AJHXa-aQMieyik=) has sold ttc_300cmag x1 at the trader "BlackMarket (Lewis [Black Market])" in market zone "Black Market Trading Zone" (pos=<1385.420044, 303.220001, 9282.639648>) and got 490.
17:26:48 [Market] Player "Soullessmonarcs" (id=3JRWaVBlu0rexFl5dzKjDY8AHl_--AJHXa-aQMieyik=) has send a requested to sell ttc_ammo_300blk x1 at the trader "BlackMarket (Lewis [Black Market])" in market zone "Black Market Trading Zone" (pos=<1385.420044, 303.220001, 9282.639648>).
17:26:49 [Market] Player "Soullessmonarcs" (id=3JRWaVBlu0rexFl5dzKjDY8AHl_--AJHXa-aQMieyik=) has sold ttc_ammo_300blk x1 at the trader "BlackMarket (Lewis [Black Market])" in market zone "Black Market Trading Zone" (pos=<1385.420044, 303.220001, 9282.639648>) and got 30.
17:26:53 [Party] Player "WolfMadness" (id=c4HSBe2kjxrPMaliQvxlVkqXx1B002mwOfk2xAqaYKQ=) left the party "Soulless" (id=23 ownerUID=3JRWaVBlu0rexFl5dzKjDY8AHl_--AJHXa-aQMieyik= ownerName=Soullessmonarcs)
17:26:56 [Market] Player "Soullessmonarcs" (id=3JRWaVBlu0rexFl5dzKjDY8AHl_--AJHXa-aQMieyik=) has send a requested to sell ttc_ammo_300blk x16 at the trader "BlackMarket (Lewis [Black Market])" in market zone "Black Market Trading Zone" (pos=<1385.420044, 303.220001, 9282.639648>).
17:26:57 [Market] Player "Soullessmonarcs" (id=3JRWaVBlu0rexFl5dzKjDY8AHl_--AJHXa-aQMieyik=) has sold ttc_ammo_300blk x16 at the trader "BlackMarket (Lewis [Black Market])" in market zone "Black Market Trading Zone" (pos=<1385.420044, 303.220001, 9282.639648>) and got 480.
17:27:58 [Party] Player "Soullessmonarcs" (id=3JRWaVBlu0rexFl5dzKjDY8AHl_--AJHXa-aQMieyik=) left the party "Soulless" (id=23 ownerUID=3JRWaVBlu0rexFl5dzKjDY8AHl_--AJHXa-aQMieyik= ownerName=Soullessmonarcs)
18:31:40 [SpawnSelection] Player "ToyBoxx" (id=YPmBwzH85kJWfGJO1qpoWAVt8hglOIzUgdYaBVNiHFM=) spawned at <13910.900391, 5.300000, 13624.900391>
