17:22:09 [Market] Player "Rando" (id=JvvCHnGuyh_nfZYJHhwPEuqC4PLOVPMEAKGSXu_-8kY=) has send a requested to sell expansion_mp7 x1 at the trader "BlackMarket (Lewis [Black Market])" in market zone "Black Market Trading Zone" (pos=<1385.420044, 303.220001, 9282.639648>).
17:22:09 [Market] Player "Rando" (id=JvvCHnGuyh_nfZYJHhwPEuqC4PLOVPMEAKGSXu_-8kY=) has sold expansion_mp7 x1 at the trader "BlackMarket (Lewis [Black Market])" in market zone "Black Market Trading Zone" (pos=<1385.420044, 303.220001, 9282.639648>) and got 2490.
17:23:25 [Market] Player "Rando" (id=JvvCHnGuyh_nfZYJHhwPEuqC4PLOVPMEAKGSXu_-8kY=) has send a requested to sell ttc_ammobox_338mm_10rnd x1 at the trader "BlackMarket (Lewis [Black Market])" in market zone "Black Market Trading Zone" (pos=<1385.420044, 303.220001, 9282.639648>).
17:23:25 [Market] Player "Rando" (id=JvvCHnGuyh_nfZYJHhwPEuqC4PLOVPMEAKGSXu_-8kY=) has sold ttc_ammobox_338mm_10rnd x1 at the trader "BlackMarket (Lewis [Black Market])" in market zone "Black Market Trading Zone" (pos=<1385.420044, 303.220001, 9282.639648>) and got 200.
17:44:56 [Safezone] Player "Rando" (id=JvvCHnGuyh_nfZYJHhwPEuqC4PLOVPMEAKGSXu_-8kY= pos=<7064.874023, 277.910645, 7023.944336>) Entered the safezone
17:45:54 [Market] Player "Rando" (id=JvvCHnGuyh_nfZYJHhwPEuqC4PLOVPMEAKGSXu_-8kY=) has send a requested to sell ttc_g3 x1 at the trader "Weapons (Seth [Weapons])" in market zone "Outpost 42" (pos=<7196.500000, 252.990005, 6976.500000>).
17:45:54 [Market] Player "Rando" (id=JvvCHnGuyh_nfZYJHhwPEuqC4PLOVPMEAKGSXu_-8kY=) has sold ttc_g3 x1 at the trader "Weapons (Seth [Weapons])" in market zone "Outpost 42" (pos=<7196.500000, 252.990005, 6976.500000>) and got 4750.
17:45:57 [Market] Player "Rando" (id=JvvCHnGuyh_nfZYJHhwPEuqC4PLOVPMEAKGSXu_-8kY=) has send a requested to sell fal x1 at the trader "Weapons (Seth [Weapons])" in market zone "Outpost 42" (pos=<7196.500000, 252.990005, 6976.500000>).
17:45:57 [Market] Player "Rando" (id=JvvCHnGuyh_nfZYJHhwPEuqC4PLOVPMEAKGSXu_-8kY=) has sold fal x1 at the trader "Weapons (Seth [Weapons])" in market zone "Outpost 42" (pos=<7196.500000, 252.990005, 6976.500000>) and got 3050.
17:46:02 [Market] Player "Rando" (id=JvvCHnGuyh_nfZYJHhwPEuqC4PLOVPMEAKGSXu_-8kY=) has send a requested to sell expansion_m16 x1 at the trader "Weapons (Seth [Weapons])" in market zone "Outpost 42" (pos=<7196.500000, 252.990005, 6976.500000>).
17:46:03 [Market] Player "Rando" (id=JvvCHnGuyh_nfZYJHhwPEuqC4PLOVPMEAKGSXu_-8kY=) has sold expansion_m16 x1 at the trader "Weapons (Seth [Weapons])" in market zone "Outpost 42" (pos=<7196.500000, 252.990005, 6976.500000>) and got 2000.
17:46:08 [Market] Player "Rando" (id=JvvCHnGuyh_nfZYJHhwPEuqC4PLOVPMEAKGSXu_-8kY=) has send a requested to sell fnx45 x1 at the trader "Weapons (Seth [Weapons])" in market zone "Outpost 42" (pos=<7196.500000, 252.990005, 6976.500000>).
17:46:08 [Market] Player "Rando" (id=JvvCHnGuyh_nfZYJHhwPEuqC4PLOVPMEAKGSXu_-8kY=) has sold fnx45 x1 at the trader "Weapons (Seth [Weapons])" in market zone "Outpost 42" (pos=<7196.500000, 252.990005, 6976.500000>) and got 188.
17:46:17 [Market] Player "Rando" (id=JvvCHnGuyh_nfZYJHhwPEuqC4PLOVPMEAKGSXu_-8kY=) has send a requested to sell ump45 x1 at the trader "Weapons (Seth [Weapons])" in market zone "Outpost 42" (pos=<7196.500000, 252.990005, 6976.500000>).
17:46:17 [Market] Player "Rando" (id=JvvCHnGuyh_nfZYJHhwPEuqC4PLOVPMEAKGSXu_-8kY=) has sold ump45 x1 at the trader "Weapons (Seth [Weapons])" in market zone "Outpost 42" (pos=<7196.500000, 252.990005, 6976.500000>) and got 400.
17:46:20 [Market] Player "Rando" (id=JvvCHnGuyh_nfZYJHhwPEuqC4PLOVPMEAKGSXu_-8kY=) has send a requested to sell expansion_vityazsn x1 at the trader "Weapons (Seth [Weapons])" in market zone "Outpost 42" (pos=<7196.500000, 252.990005, 6976.500000>).
17:46:20 [Market] Player "Rando" (id=JvvCHnGuyh_nfZYJHhwPEuqC4PLOVPMEAKGSXu_-8kY=) has sold expansion_vityazsn x1 at the trader "Weapons (Seth [Weapons])" in market zone "Outpost 42" (pos=<7196.500000, 252.990005, 6976.500000>) and got 263.
17:46:38 [Market] Player "Rando" (id=JvvCHnGuyh_nfZYJHhwPEuqC4PLOVPMEAKGSXu_-8kY=) has send a requested to sell ammobox_357_20rnd x1 at the trader "Ammo_Attachments (Taiki [Ammo & Attachments])" in market zone "Outpost 42" (pos=<7196.500000, 252.990005, 6976.500000>).
17:46:38 [Market] Player "Rando" (id=JvvCHnGuyh_nfZYJHhwPEuqC4PLOVPMEAKGSXu_-8kY=) has sold ammobox_357_20rnd x1 at the trader "Ammo_Attachments (Taiki [Ammo & Attachments])" in market zone "Outpost 42" (pos=<7196.500000, 252.990005, 6976.500000>) and got 16.
17:46:39 [Market] Player "Rando" (id=JvvCHnGuyh_nfZYJHhwPEuqC4PLOVPMEAKGSXu_-8kY=) has send a requested to sell ammobox_545x39_20rnd x1 at the trader "Ammo_Attachments (Taiki [Ammo & Attachments])" in market zone "Outpost 42" (pos=<7196.500000, 252.990005, 6976.500000>).
17:46:39 [Market] Player "Rando" (id=JvvCHnGuyh_nfZYJHhwPEuqC4PLOVPMEAKGSXu_-8kY=) has sold ammobox_545x39_20rnd x1 at the trader "Ammo_Attachments (Taiki [Ammo & Attachments])" in market zone "Outpost 42" (pos=<7196.500000, 252.990005, 6976.500000>) and got 16.
17:46:40 [Market] Player "Rando" (id=JvvCHnGuyh_nfZYJHhwPEuqC4PLOVPMEAKGSXu_-8kY=) has send a requested to sell ammobox_545x39_20rnd x1 at the trader "Ammo_Attachments (Taiki [Ammo & Attachments])" in market zone "Outpost 42" (pos=<7196.500000, 252.990005, 6976.500000>).
17:46:40 [Market] Player "Rando" (id=JvvCHnGuyh_nfZYJHhwPEuqC4PLOVPMEAKGSXu_-8kY=) has sold ammobox_545x39_20rnd x1 at the trader "Ammo_Attachments (Taiki [Ammo & Attachments])" in market zone "Outpost 42" (pos=<7196.500000, 252.990005, 6976.500000>) and got 16.
17:46:41 [Market] Player "Rando" (id=JvvCHnGuyh_nfZYJHhwPEuqC4PLOVPMEAKGSXu_-8kY=) has send a requested to sell ammobox_545x39_20rnd x1 at the trader "Ammo_Attachments (Taiki [Ammo & Attachments])" in market zone "Outpost 42" (pos=<7196.500000, 252.990005, 6976.500000>).
17:46:41 [Market] Player "Rando" (id=JvvCHnGuyh_nfZYJHhwPEuqC4PLOVPMEAKGSXu_-8kY=) has sold ammobox_545x39_20rnd x1 at the trader "Ammo_Attachments (Taiki [Ammo & Attachments])" in market zone "Outpost 42" (pos=<7196.500000, 252.990005, 6976.500000>) and got 16.
17:46:42 [Market] Player "Rando" (id=JvvCHnGuyh_nfZYJHhwPEuqC4PLOVPMEAKGSXu_-8kY=) has send a requested to sell ammobox_545x39_20rnd x1 at the trader "Ammo_Attachments (Taiki [Ammo & Attachments])" in market zone "Outpost 42" (pos=<7196.500000, 252.990005, 6976.500000>).
17:46:42 [Market] Player "Rando" (id=JvvCHnGuyh_nfZYJHhwPEuqC4PLOVPMEAKGSXu_-8kY=) has sold ammobox_545x39_20rnd x1 at the trader "Ammo_Attachments (Taiki [Ammo & Attachments])" in market zone "Outpost 42" (pos=<7196.500000, 252.990005, 6976.500000>) and got 16.
17:46:43 [Market] Player "Rando" (id=JvvCHnGuyh_nfZYJHhwPEuqC4PLOVPMEAKGSXu_-8kY=) has send a requested to sell ammobox_762x39_20rnd x1 at the trader "Ammo_Attachments (Taiki [Ammo & Attachments])" in market zone "Outpost 42" (pos=<7196.500000, 252.990005, 6976.500000>).
17:46:43 [Market] Player "Rando" (id=JvvCHnGuyh_nfZYJHhwPEuqC4PLOVPMEAKGSXu_-8kY=) has sold ammobox_762x39_20rnd x1 at the trader "Ammo_Attachments (Taiki [Ammo & Attachments])" in market zone "Outpost 42" (pos=<7196.500000, 252.990005, 6976.500000>) and got 16.
17:46:43 [Market] Player "Rando" (id=JvvCHnGuyh_nfZYJHhwPEuqC4PLOVPMEAKGSXu_-8kY=) has send a requested to sell ammobox_762x39_20rnd x1 at the trader "Ammo_Attachments (Taiki [Ammo & Attachments])" in market zone "Outpost 42" (pos=<7196.500000, 252.990005, 6976.500000>).
17:46:43 [Market] Player "Rando" (id=JvvCHnGuyh_nfZYJHhwPEuqC4PLOVPMEAKGSXu_-8kY=) has sold ammobox_762x39_20rnd x1 at the trader "Ammo_Attachments (Taiki [Ammo & Attachments])" in market zone "Outpost 42" (pos=<7196.500000, 252.990005, 6976.500000>) and got 4.
17:46:44 [Market] Player "Rando" (id=JvvCHnGuyh_nfZYJHhwPEuqC4PLOVPMEAKGSXu_-8kY=) has send a requested to sell ammobox_762x39_20rnd x1 at the trader "Ammo_Attachments (Taiki [Ammo & Attachments])" in market zone "Outpost 42" (pos=<7196.500000, 252.990005, 6976.500000>).
17:46:44 [Market] Player "Rando" (id=JvvCHnGuyh_nfZYJHhwPEuqC4PLOVPMEAKGSXu_-8kY=) has sold ammobox_762x39_20rnd x1 at the trader "Ammo_Attachments (Taiki [Ammo & Attachments])" in market zone "Outpost 42" (pos=<7196.500000, 252.990005, 6976.500000>) and got 16.
17:46:45 [Market] Player "Rando" (id=JvvCHnGuyh_nfZYJHhwPEuqC4PLOVPMEAKGSXu_-8kY=) has send a requested to sell ammobox_762x54_20rnd x1 at the trader "Ammo_Attachments (Taiki [Ammo & Attachments])" in market zone "Outpost 42" (pos=<7196.500000, 252.990005, 6976.500000>).
17:46:45 [Market] Player "Rando" (id=JvvCHnGuyh_nfZYJHhwPEuqC4PLOVPMEAKGSXu_-8kY=) has sold ammobox_762x54_20rnd x1 at the trader "Ammo_Attachments (Taiki [Ammo & Attachments])" in market zone "Outpost 42" (pos=<7196.500000, 252.990005, 6976.500000>) and got 16.
17:46:46 [Market] Player "Rando" (id=JvvCHnGuyh_nfZYJHhwPEuqC4PLOVPMEAKGSXu_-8kY=) has send a requested to sell ammobox_762x54tracer_20rnd x1 at the trader "Ammo_Attachments (Taiki [Ammo & Attachments])" in market zone "Outpost 42" (pos=<7196.500000, 252.990005, 6976.500000>).
17:46:46 [Market] Player "Rando" (id=JvvCHnGuyh_nfZYJHhwPEuqC4PLOVPMEAKGSXu_-8kY=) has sold ammobox_762x54tracer_20rnd x1 at the trader "Ammo_Attachments (Taiki [Ammo & Attachments])" in market zone "Outpost 42" (pos=<7196.500000, 252.990005, 6976.500000>) and got 16.
17:47:07 [Market] Player "Rando" (id=JvvCHnGuyh_nfZYJHhwPEuqC4PLOVPMEAKGSXu_-8kY=) has send a requested to sell mag_expansion_mp7_40rnd x1 at the trader "Ammo_Attachments (Taiki [Ammo & Attachments])" in market zone "Outpost 42" (pos=<7196.500000, 252.990005, 6976.500000>).
17:47:07 [Market] Player "Rando" (id=JvvCHnGuyh_nfZYJHhwPEuqC4PLOVPMEAKGSXu_-8kY=) has sold mag_expansion_mp7_40rnd x1 at the trader "Ammo_Attachments (Taiki [Ammo & Attachments])" in market zone "Outpost 42" (pos=<7196.500000, 252.990005, 6976.500000>) and got 65.
17:47:12 [Market] Player "Rando" (id=JvvCHnGuyh_nfZYJHhwPEuqC4PLOVPMEAKGSXu_-8kY=) has send a requested to sell ttc_scarhmag x1 at the trader "Ammo_Attachments (Taiki [Ammo & Attachments])" in market zone "Outpost 42" (pos=<7196.500000, 252.990005, 6976.500000>).
17:47:12 [Market] Player "Rando" (id=JvvCHnGuyh_nfZYJHhwPEuqC4PLOVPMEAKGSXu_-8kY=) has sold ttc_scarhmag x1 at the trader "Ammo_Attachments (Taiki [Ammo & Attachments])" in market zone "Outpost 42" (pos=<7196.500000, 252.990005, 6976.500000>) and got 38.
17:48:06 [Market] Player "Rando" (id=JvvCHnGuyh_nfZYJHhwPEuqC4PLOVPMEAKGSXu_-8kY=) has send a requested to purchase offroadhatchback x1 from the trader "GroundVehicles_Parts (Francis [Ground Vehicles & Parts])" in market zone "Outpost 42" (pos=<7196.500000, 252.990005, 6976.500000>).
17:48:06 [VehicleDeleted] OffroadHatchback (id=31AC555C5F41C3EC679D0D818B60D8F7 pos=<0.000717, 0.754533, 0.042504>)
17:48:06 [Market] Player "Rando" (id=JvvCHnGuyh_nfZYJHhwPEuqC4PLOVPMEAKGSXu_-8kY=) has bought offroadhatchback x1 from the trader "GroundVehicles_Parts (Francis [Ground Vehicles & Parts])" in market zone "Outpost 42" (pos=<7196.500000, 252.990005, 6976.500000>) for a price of 18000.
17:50:06 [VehicleCarKey] Player "Rando" (id=JvvCHnGuyh_nfZYJHhwPEuqC4PLOVPMEAKGSXu_-8kY= pos=<7233.019043, 252.558014, 6958.889648>) used the  ExpansionCarKey to unlock OffroadHatchback (id=C180199D6D48129F931FB5AD4B041493 pos=<7231.707520, 252.598740, 6958.960449>)
17:50:16 [VehicleEnter] Player Rando [uid=JvvCHnGuyh_nfZYJHhwPEuqC4PLOVPMEAKGSXu_-8kY=] entered vehicle Ada 4x4 (id=C180199D6D48129F931FB5AD4B041493 pos=<7231.707520, 252.598740, 6958.960449>) as driver
17:51:35 [VehicleEngine] Player Rando [uid=JvvCHnGuyh_nfZYJHhwPEuqC4PLOVPMEAKGSXu_-8kY=] started vehicle Ada 4x4 (id=C180199D6D48129F931FB5AD4B041493 pos=<7231.707520, 252.598724, 6958.960449>)
17:52:14 [VehicleLeave] Player Rando [uid=JvvCHnGuyh_nfZYJHhwPEuqC4PLOVPMEAKGSXu_-8kY=] left vehicle Ada 4x4 (id=C180199D6D48129F931FB5AD4B041493 pos=<7210.681152, 251.782562, 6888.664063>)
17:52:37 [VehicleEnter] Player Rando [uid=JvvCHnGuyh_nfZYJHhwPEuqC4PLOVPMEAKGSXu_-8kY=] entered vehicle Ada 4x4 (id=C180199D6D48129F931FB5AD4B041493 pos=<7210.681152, 251.782532, 6888.664063>) as driver
17:52:42 [VehicleEngine] Player Rando [uid=JvvCHnGuyh_nfZYJHhwPEuqC4PLOVPMEAKGSXu_-8kY=] started vehicle Ada 4x4 (id=C180199D6D48129F931FB5AD4B041493 pos=<7210.681152, 251.782562, 6888.664063>)
17:53:08 [Safezone] Player "Rando" (id=JvvCHnGuyh_nfZYJHhwPEuqC4PLOVPMEAKGSXu_-8kY= pos=<7256.971191, 253.766403, 6776.057617>) Left the safezone
17:57:41 [Safezone] Player "Rando" (id=JvvCHnGuyh_nfZYJHhwPEuqC4PLOVPMEAKGSXu_-8kY= pos=<7102.335449, 264.873108, 6873.335938>) Entered the safezone
17:58:24 [Safezone] Player "Rando" (id=JvvCHnGuyh_nfZYJHhwPEuqC4PLOVPMEAKGSXu_-8kY= pos=<7142.751465, 263.422089, 7209.701660>) Left the safezone
17:59:26 [VehicleEngine] Player Rando [uid=JvvCHnGuyh_nfZYJHhwPEuqC4PLOVPMEAKGSXu_-8kY=] stopped vehicle Ada 4x4 (id=C180199D6D48129F931FB5AD4B041493 pos=<7104.587891, 291.859619, 7637.711914>)
17:59:34 [VehicleLeave] Player Rando [uid=JvvCHnGuyh_nfZYJHhwPEuqC4PLOVPMEAKGSXu_-8kY=] left vehicle Ada 4x4 (id=C180199D6D48129F931FB5AD4B041493 pos=<7104.587891, 291.859650, 7637.711914>)
18:00:56 [VehicleDeleted] OffroadHatchback (id=C180199D6D48129F931FB5AD4B041493 pos=<7104.587891, 291.859619, 7637.711914>)
18:03:55 [VehicleCover] Player "Rando" (id=JvvCHnGuyh_nfZYJHhwPEuqC4PLOVPMEAKGSXu_-8kY= pos=<7103.575195, 291.754028, 7636.615723>) uncovered vehicle "OffroadHatchback" (GlobalID=80000000800000008000000080001F0E pos=<7104.587891, 291.859619, 7637.711914>)!
18:04:04 [VehicleEnter] Player Rando [uid=JvvCHnGuyh_nfZYJHhwPEuqC4PLOVPMEAKGSXu_-8kY=] entered vehicle Ada 4x4 (id=FC8DE828C649539D148B9C9207CB73FE pos=<7104.588379, 291.859528, 7637.710449>) as driver
18:04:09 [VehicleEngine] Player Rando [uid=JvvCHnGuyh_nfZYJHhwPEuqC4PLOVPMEAKGSXu_-8kY=] started vehicle Ada 4x4 (id=FC8DE828C649539D148B9C9207CB73FE pos=<7104.588379, 291.859467, 7637.710449>)
18:05:11 [Safezone] Player "Rando" (id=JvvCHnGuyh_nfZYJHhwPEuqC4PLOVPMEAKGSXu_-8kY= pos=<7145.756836, 265.224457, 7106.844727>) Entered the safezone
18:05:27 [VehicleEngine] Player Rando [uid=JvvCHnGuyh_nfZYJHhwPEuqC4PLOVPMEAKGSXu_-8kY=] stopped vehicle Ada 4x4 (id=FC8DE828C649539D148B9C9207CB73FE pos=<7137.004883, 266.392792, 7014.948730>)
18:05:33 [VehicleLeave] Player Rando [uid=JvvCHnGuyh_nfZYJHhwPEuqC4PLOVPMEAKGSXu_-8kY=] left vehicle Ada 4x4 (id=FC8DE828C649539D148B9C9207CB73FE pos=<7137.005371, 266.392822, 7014.948730>)
18:05:44 [VehicleCarKey] Player "Rando" (id=JvvCHnGuyh_nfZYJHhwPEuqC4PLOVPMEAKGSXu_-8kY= pos=<7138.557129, 266.353394, 7015.122559>) used the  ExpansionCarKey to lock OffroadHatchback (id=FC8DE828C649539D148B9C9207CB73FE pos=<7137.005371, 266.392822, 7014.948730>)
18:06:32 [Market] Player "Rando" (id=JvvCHnGuyh_nfZYJHhwPEuqC4PLOVPMEAKGSXu_-8kY=) has send a requested to sell expansion_pmii25optic x1 at the trader "Ammo_Attachments (Taiki [Ammo & Attachments])" in market zone "Outpost 42" (pos=<7196.500000, 252.990005, 6976.500000>).
18:06:32 [Market] Player "Rando" (id=JvvCHnGuyh_nfZYJHhwPEuqC4PLOVPMEAKGSXu_-8kY=) has sold expansion_pmii25optic x1 at the trader "Ammo_Attachments (Taiki [Ammo & Attachments])" in market zone "Outpost 42" (pos=<7196.500000, 252.990005, 6976.500000>) and got 412.
18:06:46 [VehicleDeleted] OffroadHatchback (id=FC8DE828C649539D148B9C9207CB73FE pos=<7137.005371, 266.392822, 7014.948730>)
18:06:47 [Market] Player "Rando" (id=JvvCHnGuyh_nfZYJHhwPEuqC4PLOVPMEAKGSXu_-8kY=) has send a requested to sell ttc_holo x1 at the trader "Ammo_Attachments (Taiki [Ammo & Attachments])" in market zone "Outpost 42" (pos=<7196.500000, 252.990005, 6976.500000>).
18:06:47 [Market] Player "Rando" (id=JvvCHnGuyh_nfZYJHhwPEuqC4PLOVPMEAKGSXu_-8kY=) has sold ttc_holo x1 at the trader "Ammo_Attachments (Taiki [Ammo & Attachments])" in market zone "Outpost 42" (pos=<7196.500000, 252.990005, 6976.500000>) and got 1250.
18:06:49 [Market] Player "Rando" (id=JvvCHnGuyh_nfZYJHhwPEuqC4PLOVPMEAKGSXu_-8kY=) has send a requested to sell fnp45_mrdsoptic x1 at the trader "Ammo_Attachments (Taiki [Ammo & Attachments])" in market zone "Outpost 42" (pos=<7196.500000, 252.990005, 6976.500000>).
18:06:49 [Market] Player "Rando" (id=JvvCHnGuyh_nfZYJHhwPEuqC4PLOVPMEAKGSXu_-8kY=) has sold fnp45_mrdsoptic x1 at the trader "Ammo_Attachments (Taiki [Ammo & Attachments])" in market zone "Outpost 42" (pos=<7196.500000, 252.990005, 6976.500000>) and got 31.
18:07:16 [Market] Player "Rando" (id=JvvCHnGuyh_nfZYJHhwPEuqC4PLOVPMEAKGSXu_-8kY=) has send a requested to sell sardinescan x1 at the trader "Consumables (Irena [Consumables])" in market zone "Outpost 42" (pos=<7196.500000, 252.990005, 6976.500000>).
18:07:16 [Market] Player "Rando" (id=JvvCHnGuyh_nfZYJHhwPEuqC4PLOVPMEAKGSXu_-8kY=) has sold sardinescan x1 at the trader "Consumables (Irena [Consumables])" in market zone "Outpost 42" (pos=<7196.500000, 252.990005, 6976.500000>) and got 10.
18:07:26 [Market] Player "Rando" (id=JvvCHnGuyh_nfZYJHhwPEuqC4PLOVPMEAKGSXu_-8kY=) has send a requested to purchase marmalade x1 from the trader "Consumables (Irena [Consumables])" in market zone "Outpost 42" (pos=<7196.500000, 252.990005, 6976.500000>).
18:07:26 [Market] Player "Rando" (id=JvvCHnGuyh_nfZYJHhwPEuqC4PLOVPMEAKGSXu_-8kY=) has bought marmalade x1 from the trader "Consumables (Irena [Consumables])" in market zone "Outpost 42" (pos=<7196.500000, 252.990005, 6976.500000>) for a price of 25.
18:07:27 [Market] Player "Rando" (id=JvvCHnGuyh_nfZYJHhwPEuqC4PLOVPMEAKGSXu_-8kY=) has send a requested to purchase marmalade x1 from the trader "Consumables (Irena [Consumables])" in market zone "Outpost 42" (pos=<7196.500000, 252.990005, 6976.500000>).
18:07:27 [Market] Player "Rando" (id=JvvCHnGuyh_nfZYJHhwPEuqC4PLOVPMEAKGSXu_-8kY=) has bought marmalade x1 from the trader "Consumables (Irena [Consumables])" in market zone "Outpost 42" (pos=<7196.500000, 252.990005, 6976.500000>) for a price of 25.
18:07:28 [Market] Player "Rando" (id=JvvCHnGuyh_nfZYJHhwPEuqC4PLOVPMEAKGSXu_-8kY=) has send a requested to purchase marmalade x1 from the trader "Consumables (Irena [Consumables])" in market zone "Outpost 42" (pos=<7196.500000, 252.990005, 6976.500000>).
18:07:28 [Market] Player "Rando" (id=JvvCHnGuyh_nfZYJHhwPEuqC4PLOVPMEAKGSXu_-8kY=) has bought marmalade x1 from the trader "Consumables (Irena [Consumables])" in market zone "Outpost 42" (pos=<7196.500000, 252.990005, 6976.500000>) for a price of 25.
18:07:29 [Market] Player "Rando" (id=JvvCHnGuyh_nfZYJHhwPEuqC4PLOVPMEAKGSXu_-8kY=) has send a requested to purchase marmalade x1 from the trader "Consumables (Irena [Consumables])" in market zone "Outpost 42" (pos=<7196.500000, 252.990005, 6976.500000>).
18:07:29 [Market] Player "Rando" (id=JvvCHnGuyh_nfZYJHhwPEuqC4PLOVPMEAKGSXu_-8kY=) has bought marmalade x1 from the trader "Consumables (Irena [Consumables])" in market zone "Outpost 42" (pos=<7196.500000, 252.990005, 6976.500000>) for a price of 25.
18:07:30 [Market] Player "Rando" (id=JvvCHnGuyh_nfZYJHhwPEuqC4PLOVPMEAKGSXu_-8kY=) has send a requested to purchase marmalade x1 from the trader "Consumables (Irena [Consumables])" in market zone "Outpost 42" (pos=<7196.500000, 252.990005, 6976.500000>).
18:07:30 [Market] Player "Rando" (id=JvvCHnGuyh_nfZYJHhwPEuqC4PLOVPMEAKGSXu_-8kY=) has bought marmalade x1 from the trader "Consumables (Irena [Consumables])" in market zone "Outpost 42" (pos=<7196.500000, 252.990005, 6976.500000>) for a price of 25.
18:08:47 [VehicleCover] Player "Rando" (id=JvvCHnGuyh_nfZYJHhwPEuqC4PLOVPMEAKGSXu_-8kY= pos=<7137.623535, 266.285583, 7011.848633>) uncovered vehicle "OffroadHatchback" (GlobalID=80000000800000008000000080001F0E pos=<7137.005371, 266.392822, 7014.948730>)!
18:08:53 [VehicleCarKey] Player "Rando" (id=JvvCHnGuyh_nfZYJHhwPEuqC4PLOVPMEAKGSXu_-8kY= pos=<7139.066406, 266.307953, 7012.153320>) used the  ExpansionCarKey to unlock OffroadHatchback (id=6A7F9A5A4D45F603DD4EEBA5266604C0 pos=<7137.004883, 266.392822, 7014.948730>)
18:09:02 [VehicleEnter] Player Rando [uid=JvvCHnGuyh_nfZYJHhwPEuqC4PLOVPMEAKGSXu_-8kY=] entered vehicle Ada 4x4 (id=6A7F9A5A4D45F603DD4EEBA5266604C0 pos=<7137.004883, 266.392853, 7014.948730>) as driver
18:09:08 [VehicleEngine] Player Rando [uid=JvvCHnGuyh_nfZYJHhwPEuqC4PLOVPMEAKGSXu_-8kY=] started vehicle Ada 4x4 (id=6A7F9A5A4D45F603DD4EEBA5266604C0 pos=<7137.004883, 266.392822, 7014.948730>)
18:09:43 [Safezone] Player "Rando" (id=JvvCHnGuyh_nfZYJHhwPEuqC4PLOVPMEAKGSXu_-8kY= pos=<7139.878906, 264.428192, 7280.066406>) Left the safezone
18:19:01 [VehicleEngine] Player Rando [uid=JvvCHnGuyh_nfZYJHhwPEuqC4PLOVPMEAKGSXu_-8kY=] stopped vehicle Ada 4x4 (id=6A7F9A5A4D45F603DD4EEBA5266604C0 pos=<6831.693359, 283.944061, 7609.942871>)
18:22:09 [VehicleEngine] Player Rando [uid=JvvCHnGuyh_nfZYJHhwPEuqC4PLOVPMEAKGSXu_-8kY=] started vehicle Ada 4x4 (id=6A7F9A5A4D45F603DD4EEBA5266604C0 pos=<6831.693359, 283.944031, 7609.942871>)
18:27:35 [VehicleEngine] Player Rando [uid=JvvCHnGuyh_nfZYJHhwPEuqC4PLOVPMEAKGSXu_-8kY=] stopped vehicle Ada 4x4 (id=6A7F9A5A4D45F603DD4EEBA5266604C0 pos=<5845.474121, 277.807434, 10106.557617>)
18:27:40 [VehicleLeave] Player Rando [uid=JvvCHnGuyh_nfZYJHhwPEuqC4PLOVPMEAKGSXu_-8kY=] left vehicle Ada 4x4 (id=6A7F9A5A4D45F603DD4EEBA5266604C0 pos=<5845.474121, 277.807404, 10106.557617>)
18:28:07 [VehicleEnter] Player Rando [uid=JvvCHnGuyh_nfZYJHhwPEuqC4PLOVPMEAKGSXu_-8kY=] entered vehicle Ada 4x4 (id=6A7F9A5A4D45F603DD4EEBA5266604C0 pos=<5845.474121, 277.807434, 10106.557617>) as driver
18:28:09 [VehicleEngine] Player Rando [uid=JvvCHnGuyh_nfZYJHhwPEuqC4PLOVPMEAKGSXu_-8kY=] started vehicle Ada 4x4 (id=6A7F9A5A4D45F603DD4EEBA5266604C0 pos=<5845.474121, 277.807434, 10106.557617>)
18:28:46 [VehicleEngine] Player Rando [uid=JvvCHnGuyh_nfZYJHhwPEuqC4PLOVPMEAKGSXu_-8kY=] stopped vehicle Ada 4x4 (id=6A7F9A5A4D45F603DD4EEBA5266604C0 pos=<5840.691406, 277.832825, 10107.387695>)
18:28:51 [VehicleLeave] Player Rando [uid=JvvCHnGuyh_nfZYJHhwPEuqC4PLOVPMEAKGSXu_-8kY=] left vehicle Ada 4x4 (id=6A7F9A5A4D45F603DD4EEBA5266604C0 pos=<5840.691406, 277.832825, 10107.387695>)
18:29:47 [VehicleEnter] Player Rando [uid=JvvCHnGuyh_nfZYJHhwPEuqC4PLOVPMEAKGSXu_-8kY=] entered vehicle Ada 4x4 (id=6A7F9A5A4D45F603DD4EEBA5266604C0 pos=<5840.690918, 277.832825, 10107.387695>) as driver
18:29:52 [VehicleEngine] Player Rando [uid=JvvCHnGuyh_nfZYJHhwPEuqC4PLOVPMEAKGSXu_-8kY=] started vehicle Ada 4x4 (id=6A7F9A5A4D45F603DD4EEBA5266604C0 pos=<5840.691406, 277.832825, 10107.387695>)
18:31:48 [VehicleEngine] Player Rando [uid=JvvCHnGuyh_nfZYJHhwPEuqC4PLOVPMEAKGSXu_-8kY=] stopped vehicle Ada 4x4 (id=6A7F9A5A4D45F603DD4EEBA5266604C0 pos=<4951.775391, 333.906464, 10405.622070>)
18:31:52 [VehicleLeave] Player Rando [uid=JvvCHnGuyh_nfZYJHhwPEuqC4PLOVPMEAKGSXu_-8kY=] left vehicle Ada 4x4 (id=6A7F9A5A4D45F603DD4EEBA5266604C0 pos=<4951.775391, 333.906494, 10405.622070>)
18:33:13 [VehicleDeleted] OffroadHatchback (id=6A7F9A5A4D45F603DD4EEBA5266604C0 pos=<4951.775391, 333.906494, 10405.622070>)
18:36:52 [VehicleCover] Player "Rando" (id=JvvCHnGuyh_nfZYJHhwPEuqC4PLOVPMEAKGSXu_-8kY= pos=<4949.305664, 333.848480, 10403.563477>) uncovered vehicle "OffroadHatchback" (GlobalID=80000000800000008000000080001F0E pos=<4951.775391, 333.906494, 10405.622070>)!
18:37:00 [VehicleEnter] Player Rando [uid=JvvCHnGuyh_nfZYJHhwPEuqC4PLOVPMEAKGSXu_-8kY=] entered vehicle Ada 4x4 (id=109D007BBB4371F7C848CEBE7197AF8A pos=<4951.775391, 333.906464, 10405.622070>) as driver
18:37:04 [VehicleEngine] Player Rando [uid=JvvCHnGuyh_nfZYJHhwPEuqC4PLOVPMEAKGSXu_-8kY=] started vehicle Ada 4x4 (id=109D007BBB4371F7C848CEBE7197AF8A pos=<4951.775391, 333.906494, 10405.622070>)
18:38:33 [VehicleEngine] Player Rando [uid=JvvCHnGuyh_nfZYJHhwPEuqC4PLOVPMEAKGSXu_-8kY=] stopped vehicle Ada 4x4 (id=109D007BBB4371F7C848CEBE7197AF8A pos=<4981.785645, 339.043213, 9968.502930>)
18:38:36 [VehicleLeave] Player Rando [uid=JvvCHnGuyh_nfZYJHhwPEuqC4PLOVPMEAKGSXu_-8kY=] left vehicle Ada 4x4 (id=109D007BBB4371F7C848CEBE7197AF8A pos=<4981.785645, 339.043213, 9968.502930>)
18:38:44 [VehicleCarKey] Player "Rando" (id=JvvCHnGuyh_nfZYJHhwPEuqC4PLOVPMEAKGSXu_-8kY= pos=<4982.226563, 339.002441, 9969.759766>) used the  ExpansionCarKey to lock OffroadHatchback (id=109D007BBB4371F7C848CEBE7197AF8A pos=<4981.785645, 339.043213, 9968.502930>)
18:39:57 [VehicleDeleted] OffroadHatchback (id=109D007BBB4371F7C848CEBE7197AF8A pos=<4981.785645, 339.043213, 9968.502930>)
18:42:37 [VehicleCover] Player "Rando" (id=JvvCHnGuyh_nfZYJHhwPEuqC4PLOVPMEAKGSXu_-8kY= pos=<4978.577148, 339.002441, 9967.977539>) uncovered vehicle "OffroadHatchback" (GlobalID=80000000800000008000000080001F0E pos=<4981.785645, 339.043213, 9968.502930>)!
18:42:45 [VehicleCarKey] Player "Rando" (id=JvvCHnGuyh_nfZYJHhwPEuqC4PLOVPMEAKGSXu_-8kY= pos=<4982.547852, 339.002380, 9970.311523>) used the  ExpansionCarKey to unlock OffroadHatchback (id=9582714D9F4BC8E3AE0FDCB66D04B5CC pos=<4981.785645, 339.043213, 9968.502930>)
18:42:55 [VehicleEnter] Player Rando [uid=JvvCHnGuyh_nfZYJHhwPEuqC4PLOVPMEAKGSXu_-8kY=] entered vehicle Ada 4x4 (id=9582714D9F4BC8E3AE0FDCB66D04B5CC pos=<4981.785645, 339.043213, 9968.502930>) as driver
18:43:02 [VehicleEngine] Player Rando [uid=JvvCHnGuyh_nfZYJHhwPEuqC4PLOVPMEAKGSXu_-8kY=] started vehicle Ada 4x4 (id=9582714D9F4BC8E3AE0FDCB66D04B5CC pos=<4981.785645, 339.043182, 9968.502930>)
18:44:09 [VehicleLeave] Player Rando [uid=JvvCHnGuyh_nfZYJHhwPEuqC4PLOVPMEAKGSXu_-8kY=] left vehicle Ada 4x4 (id=9582714D9F4BC8E3AE0FDCB66D04B5CC pos=<5348.737305, 338.047028, 9753.442383>)
18:46:40 [VehicleDeleted] OffroadHatchback (id=9582714D9F4BC8E3AE0FDCB66D04B5CC pos=<5348.737305, 338.047028, 9753.442383>)
18:46:58 [VehicleCover] Player "Rando" (id=JvvCHnGuyh_nfZYJHhwPEuqC4PLOVPMEAKGSXu_-8kY= pos=<5351.004395, 338.165863, 9753.672852>) uncovered vehicle "OffroadHatchback" (GlobalID=80000000800000008000000080001F0E pos=<5348.737305, 338.047028, 9753.442383>)!
18:47:05 [VehicleCarKey] Player "Rando" (id=JvvCHnGuyh_nfZYJHhwPEuqC4PLOVPMEAKGSXu_-8kY= pos=<5350.157227, 338.048309, 9754.354492>) used the  ExpansionCarKey to lock OffroadHatchback (id=0B55A8E21A40019A897A90A5B6A26864 pos=<5348.735840, 338.046844, 9753.443359>)
18:48:28 [VehicleDeleted] OffroadHatchback (id=0B55A8E21A40019A897A90A5B6A26864 pos=<5348.735840, 338.046844, 9753.443359>)
19:14:26 [VehicleCover] Player "Rando" (id=JvvCHnGuyh_nfZYJHhwPEuqC4PLOVPMEAKGSXu_-8kY= pos=<5350.769531, 338.220367, 9752.695313>) uncovered vehicle "OffroadHatchback" (GlobalID=80000000800000008000000080001F0E pos=<5348.735840, 338.046844, 9753.443359>)!
19:15:57 [VehicleCarKey] Player "Rando" (id=JvvCHnGuyh_nfZYJHhwPEuqC4PLOVPMEAKGSXu_-8kY= pos=<5349.717773, 338.027161, 9754.174805>) used the  ExpansionCarKey to unlock OffroadHatchback (id=5CF21F68074D356179799CAA6E6E4577 pos=<5348.734375, 338.046661, 9753.444336>)
19:16:11 [VehicleEnter] Player Rando [uid=JvvCHnGuyh_nfZYJHhwPEuqC4PLOVPMEAKGSXu_-8kY=] entered vehicle Ada 4x4 (id=5CF21F68074D356179799CAA6E6E4577 pos=<5348.574707, 338.041870, 9753.369141>) as driver
19:18:14 [VehicleEngine] Player Rando [uid=JvvCHnGuyh_nfZYJHhwPEuqC4PLOVPMEAKGSXu_-8kY=] started vehicle Ada 4x4 (id=5CF21F68074D356179799CAA6E6E4577 pos=<5348.574707, 338.041840, 9753.369141>)
19:20:52 [VehicleEngine] Player Rando [uid=JvvCHnGuyh_nfZYJHhwPEuqC4PLOVPMEAKGSXu_-8kY=] stopped vehicle Ada 4x4 (id=5CF21F68074D356179799CAA6E6E4577 pos=<4591.631836, 339.053192, 9530.884766>)
19:21:02 [VehicleLeave] Player Rando [uid=JvvCHnGuyh_nfZYJHhwPEuqC4PLOVPMEAKGSXu_-8kY=] left vehicle Ada 4x4 (id=5CF21F68074D356179799CAA6E6E4577 pos=<4591.631836, 339.053162, 9530.884766>)
19:21:08 [VehicleCarKey] Player "Rando" (id=JvvCHnGuyh_nfZYJHhwPEuqC4PLOVPMEAKGSXu_-8kY= pos=<4592.958984, 339.012390, 9529.195313>) used the  ExpansionCarKey to lock OffroadHatchback (id=5CF21F68074D356179799CAA6E6E4577 pos=<4591.631836, 339.053192, 9530.884766>)
19:22:28 [VehicleDeleted] OffroadHatchback (id=5CF21F68074D356179799CAA6E6E4577 pos=<4591.631836, 339.053192, 9530.884766>)
19:28:30 [VehicleCover] Player "Rando" (id=JvvCHnGuyh_nfZYJHhwPEuqC4PLOVPMEAKGSXu_-8kY= pos=<4595.083008, 339.012451, 9531.094727>) uncovered vehicle "OffroadHatchback" (GlobalID=80000000800000008000000080001F0E pos=<4591.631836, 339.053192, 9530.884766>)!
19:28:35 [VehicleCarKey] Player "Rando" (id=JvvCHnGuyh_nfZYJHhwPEuqC4PLOVPMEAKGSXu_-8kY= pos=<4592.722168, 339.012421, 9529.057617>) used the  ExpansionCarKey to unlock OffroadHatchback (id=B0B1F9E6C147A8B2DF7CEB9C17DF8C2A pos=<4591.631836, 339.053192, 9530.884766>)
19:28:44 [VehicleEnter] Player Rando [uid=JvvCHnGuyh_nfZYJHhwPEuqC4PLOVPMEAKGSXu_-8kY=] entered vehicle Ada 4x4 (id=B0B1F9E6C147A8B2DF7CEB9C17DF8C2A pos=<4591.582031, 339.053192, 9530.983398>) as driver
19:28:47 [VehicleEngine] Player Rando [uid=JvvCHnGuyh_nfZYJHhwPEuqC4PLOVPMEAKGSXu_-8kY=] started vehicle Ada 4x4 (id=B0B1F9E6C147A8B2DF7CEB9C17DF8C2A pos=<4591.582031, 339.053192, 9530.983398>)
19:35:20 [VehicleEngine] Player Rando [uid=JvvCHnGuyh_nfZYJHhwPEuqC4PLOVPMEAKGSXu_-8kY=] stopped vehicle Ada 4x4 (id=B0B1F9E6C147A8B2DF7CEB9C17DF8C2A pos=<2723.573975, 364.227783, 6782.636719>)
19:35:27 [VehicleLeave] Player Rando [uid=JvvCHnGuyh_nfZYJHhwPEuqC4PLOVPMEAKGSXu_-8kY=] left vehicle Ada 4x4 (id=B0B1F9E6C147A8B2DF7CEB9C17DF8C2A pos=<2723.573975, 364.227692, 6782.636719>)
19:36:49 [VehicleDeleted] OffroadHatchback (id=B0B1F9E6C147A8B2DF7CEB9C17DF8C2A pos=<2723.573975, 364.227783, 6782.636719>)
19:37:39 [VehicleCover] Player "Rando" (id=JvvCHnGuyh_nfZYJHhwPEuqC4PLOVPMEAKGSXu_-8kY= pos=<2721.187012, 364.095764, 6781.188477>) uncovered vehicle "OffroadHatchback" (GlobalID=80000000800000008000000080001F0E pos=<2723.573975, 364.227783, 6782.636719>)!
19:37:47 [VehicleEnter] Player Rando [uid=JvvCHnGuyh_nfZYJHhwPEuqC4PLOVPMEAKGSXu_-8kY=] entered vehicle Ada 4x4 (id=5F83CC9241407CA491C82AB3A4389B72 pos=<2723.574463, 364.227783, 6782.637207>) as driver
19:37:52 [VehicleEngine] Player Rando [uid=JvvCHnGuyh_nfZYJHhwPEuqC4PLOVPMEAKGSXu_-8kY=] started vehicle Ada 4x4 (id=5F83CC9241407CA491C82AB3A4389B72 pos=<2723.574463, 364.227814, 6782.637207>)
19:38:54 [VehicleEngine] Player Rando [uid=JvvCHnGuyh_nfZYJHhwPEuqC4PLOVPMEAKGSXu_-8kY=] stopped vehicle Ada 4x4 (id=5F83CC9241407CA491C82AB3A4389B72 pos=<2389.882080, 362.978546, 6712.792480>)
19:38:58 [VehicleLeave] Player Rando [uid=JvvCHnGuyh_nfZYJHhwPEuqC4PLOVPMEAKGSXu_-8kY=] left vehicle Ada 4x4 (id=5F83CC9241407CA491C82AB3A4389B72 pos=<2389.882080, 362.978546, 6712.792480>)
19:41:18 [VehicleDeleted] OffroadHatchback (id=5F83CC9241407CA491C82AB3A4389B72 pos=<2389.882080, 362.978546, 6712.792480>)
19:43:24 [VehicleCover] Player "Rando" (id=JvvCHnGuyh_nfZYJHhwPEuqC4PLOVPMEAKGSXu_-8kY= pos=<2386.992920, 363.075317, 6713.189453>) uncovered vehicle "OffroadHatchback" (GlobalID=80000000800000008000000080001F0E pos=<2389.882080, 362.978546, 6712.792480>)!
19:43:31 [VehicleEnter] Player Rando [uid=JvvCHnGuyh_nfZYJHhwPEuqC4PLOVPMEAKGSXu_-8kY=] entered vehicle Ada 4x4 (id=97E77E01784632BE25084588C7ED65B8 pos=<2389.883057, 362.978485, 6712.792480>) as driver
19:43:36 [VehicleEngine] Player Rando [uid=JvvCHnGuyh_nfZYJHhwPEuqC4PLOVPMEAKGSXu_-8kY=] started vehicle Ada 4x4 (id=97E77E01784632BE25084588C7ED65B8 pos=<2389.883057, 362.978485, 6712.792480>)
19:47:04 [VehicleEngine] Player Rando [uid=JvvCHnGuyh_nfZYJHhwPEuqC4PLOVPMEAKGSXu_-8kY=] stopped vehicle Ada 4x4 (id=97E77E01784632BE25084588C7ED65B8 pos=<2682.223877, 206.097198, 5351.876953>)
19:47:14 [VehicleLeave] Player Rando [uid=JvvCHnGuyh_nfZYJHhwPEuqC4PLOVPMEAKGSXu_-8kY=] left vehicle Ada 4x4 (id=97E77E01784632BE25084588C7ED65B8 pos=<2682.223877, 206.097260, 5351.876953>)
19:47:21 [VehicleCarKey] Player "Rando" (id=JvvCHnGuyh_nfZYJHhwPEuqC4PLOVPMEAKGSXu_-8kY= pos=<2684.624512, 206.204224, 5352.411133>) used the  ExpansionCarKey to lock OffroadHatchback (id=97E77E01784632BE25084588C7ED65B8 pos=<2682.223877, 206.097244, 5351.876953>)
19:47:31 [VehicleCarKey] Player "Rando" (id=JvvCHnGuyh_nfZYJHhwPEuqC4PLOVPMEAKGSXu_-8kY= pos=<2683.624512, 206.138351, 5352.346680>) used the  ExpansionCarKey to unlock OffroadHatchback (id=97E77E01784632BE25084588C7ED65B8 pos=<2682.223877, 206.097244, 5351.876953>)
19:51:20 [VehicleCarKey] Player "Rando" (id=JvvCHnGuyh_nfZYJHhwPEuqC4PLOVPMEAKGSXu_-8kY= pos=<2683.563477, 206.127289, 5352.554199>) used the  ExpansionCarKey to lock OffroadHatchback (id=97E77E01784632BE25084588C7ED65B8 pos=<2682.223877, 206.097244, 5351.876953>)
19:52:04 [VehicleDeleted] OffroadHatchback (id=97E77E01784632BE25084588C7ED65B8 pos=<2682.223877, 206.097244, 5351.876953>)
