20:53:44 [SpawnSelection] Player "ToyBoxx" (id=YPmBwzH85kJWfGJO1qpoWAVt8hglOIzUgdYaBVNiHFM=) spawned at <14273.200195, 3.400000, 13053.299805>
23:16:54 [Party] Player "Mr. Tux" (id=3FCmlLdqs97wNYtgsvMTGavMyuZc44PrYyr2Gfkoti8=) joinded the party "Scarred Reapers" (id=15 ownerUID=3FCmlLdqs97wNYtgsvMTGavMyuZc44PrYyr2Gfkoti8= ownerName=Mr. Tux)
23:37:24 [Safezone] Player "Mr. Tux" (id=3FCmlLdqs97wNYtgsvMTGavMyuZc44PrYyr2Gfkoti8= pos=<7253.251953, 263.586761, 7104.193359>) Entered the safezone
23:41:32 [Market] Player "Mr. Tux" (id=3FCmlLdqs97wNYtgsvMTGavMyuZc44PrYyr2Gfkoti8=) has send a requested to sell ttc_aek973 x1 at the trader "Weapons (Seth [Weapons])" in market zone "Outpost 42" (pos=<7196.500000, 252.990005, 6976.500000>).
23:41:32 [Market] Player "Mr. Tux" (id=3FCmlLdqs97wNYtgsvMTGavMyuZc44PrYyr2Gfkoti8=) has sold ttc_aek973 x1 at the trader "Weapons (Seth [Weapons])" in market zone "Outpost 42" (pos=<7196.500000, 252.990005, 6976.500000>) and got 1312.
23:41:43 [Market] Player "Mr. Tux" (id=3FCmlLdqs97wNYtgsvMTGavMyuZc44PrYyr2Gfkoti8=) has send a requested to sell akm x1 at the trader "Weapons (Seth [Weapons])" in market zone "Outpost 42" (pos=<7196.500000, 252.990005, 6976.500000>).
23:41:43 [Market] Player "Mr. Tux" (id=3FCmlLdqs97wNYtgsvMTGavMyuZc44PrYyr2Gfkoti8=) has sold akm x1 at the trader "Weapons (Seth [Weapons])" in market zone "Outpost 42" (pos=<7196.500000, 252.990005, 6976.500000>) and got 1725.
23:43:19 [Market] Player "Mr. Tux" (id=3FCmlLdqs97wNYtgsvMTGavMyuZc44PrYyr2Gfkoti8=) has send a requested to purchase ttc_ak12_drum_90rnd x1 from the trader "Ammo_Attachments (Taiki [Ammo & Attachments])" in market zone "Outpost 42" (pos=<7196.500000, 252.990005, 6976.500000>).
23:43:19 [Market] Player "Mr. Tux" (id=3FCmlLdqs97wNYtgsvMTGavMyuZc44PrYyr2Gfkoti8=) has bought ttc_ak12_drum_90rnd x1 from the trader "Ammo_Attachments (Taiki [Ammo & Attachments])" in market zone "Outpost 42" (pos=<7196.500000, 252.990005, 6976.500000>) for a price of 800.
23:44:18 [Market] Player "Mr. Tux" (id=3FCmlLdqs97wNYtgsvMTGavMyuZc44PrYyr2Gfkoti8=) has send a requested to purchase ttc_m24new_mag_5rnd x1 from the trader "Ammo_Attachments (Taiki [Ammo & Attachments])" in market zone "Outpost 42" (pos=<7196.500000, 252.990005, 6976.500000>).
23:44:18 [Market] Player "Mr. Tux" (id=3FCmlLdqs97wNYtgsvMTGavMyuZc44PrYyr2Gfkoti8=) has bought ttc_m24new_mag_5rnd x1 from the trader "Ammo_Attachments (Taiki [Ammo & Attachments])" in market zone "Outpost 42" (pos=<7196.500000, 252.990005, 6976.500000>) for a price of 1775.
23:44:40 [Market] Player "Mr. Tux" (id=3FCmlLdqs97wNYtgsvMTGavMyuZc44PrYyr2Gfkoti8=) has send a requested to sell ttc_m24new_mag_5rnd x1 at the trader "Ammo_Attachments (Taiki [Ammo & Attachments])" in market zone "Outpost 42" (pos=<7196.500000, 252.990005, 6976.500000>).
23:44:40 [Market] Player "Mr. Tux" (id=3FCmlLdqs97wNYtgsvMTGavMyuZc44PrYyr2Gfkoti8=) has sold ttc_m24new_mag_5rnd x1 at the trader "Ammo_Attachments (Taiki [Ammo & Attachments])" in market zone "Outpost 42" (pos=<7196.500000, 252.990005, 6976.500000>) and got 888.
23:44:42 [Market] Player "Mr. Tux" (id=3FCmlLdqs97wNYtgsvMTGavMyuZc44PrYyr2Gfkoti8=) has send a requested to purchase ttc_m24mag_5rnd x1 from the trader "Ammo_Attachments (Taiki [Ammo & Attachments])" in market zone "Outpost 42" (pos=<7196.500000, 252.990005, 6976.500000>).
23:44:42 [Market] Player "Mr. Tux" (id=3FCmlLdqs97wNYtgsvMTGavMyuZc44PrYyr2Gfkoti8=) has bought ttc_m24mag_5rnd x1 from the trader "Ammo_Attachments (Taiki [Ammo & Attachments])" in market zone "Outpost 42" (pos=<7196.500000, 252.990005, 6976.500000>) for a price of 1075.
23:45:15 [Market] Player "Mr. Tux" (id=3FCmlLdqs97wNYtgsvMTGavMyuZc44PrYyr2Gfkoti8=) has send a requested to sell ttc_m24mag_5rnd x1 at the trader "Ammo_Attachments (Taiki [Ammo & Attachments])" in market zone "Outpost 42" (pos=<7196.500000, 252.990005, 6976.500000>).
23:45:15 [Market] Player "Mr. Tux" (id=3FCmlLdqs97wNYtgsvMTGavMyuZc44PrYyr2Gfkoti8=) has sold ttc_m24mag_5rnd x1 at the trader "Ammo_Attachments (Taiki [Ammo & Attachments])" in market zone "Outpost 42" (pos=<7196.500000, 252.990005, 6976.500000>) and got 100.
23:47:11 [Market] Player "Mr. Tux" (id=3FCmlLdqs97wNYtgsvMTGavMyuZc44PrYyr2Gfkoti8=) has send a requested to purchase ttc_ak12 x1 from the trader "Weapons (Seth [Weapons])" in market zone "Outpost 42" (pos=<7196.500000, 252.990005, 6976.500000>).
23:47:11 [Market] Player "Mr. Tux" (id=3FCmlLdqs97wNYtgsvMTGavMyuZc44PrYyr2Gfkoti8=) has bought ttc_ak12 x1 from the trader "Weapons (Seth [Weapons])" in market zone "Outpost 42" (pos=<7196.500000, 252.990005, 6976.500000>) for a price of 4100.
23:49:00 [Market] Player "Mr. Tux" (id=3FCmlLdqs97wNYtgsvMTGavMyuZc44PrYyr2Gfkoti8=) has send a requested to sell ak74 x1 at the trader "Weapons (Seth [Weapons])" in market zone "Outpost 42" (pos=<7196.500000, 252.990005, 6976.500000>).
23:49:00 [Market] Player "Mr. Tux" (id=3FCmlLdqs97wNYtgsvMTGavMyuZc44PrYyr2Gfkoti8=) has sold ak74 x1 at the trader "Weapons (Seth [Weapons])" in market zone "Outpost 42" (pos=<7196.500000, 252.990005, 6976.500000>) and got 1900.
23:51:48 [Market] Player "Mr. Tux" (id=3FCmlLdqs97wNYtgsvMTGavMyuZc44PrYyr2Gfkoti8=) has send a requested to sell mag_ak74_30rnd x1 at the trader "Ammo_Attachments (Taiki [Ammo & Attachments])" in market zone "Outpost 42" (pos=<7196.500000, 252.990005, 6976.500000>).
23:51:48 [Market] Player "Mr. Tux" (id=3FCmlLdqs97wNYtgsvMTGavMyuZc44PrYyr2Gfkoti8=) has sold mag_ak74_30rnd x1 at the trader "Ammo_Attachments (Taiki [Ammo & Attachments])" in market zone "Outpost 42" (pos=<7196.500000, 252.990005, 6976.500000>) and got 110.
23:52:38 [Market] Player "Mr. Tux" (id=3FCmlLdqs97wNYtgsvMTGavMyuZc44PrYyr2Gfkoti8=) has send a requested to purchase woodaxe x1 from the trader "Tools_Supplies (Kaito [Tools & Supplies])" in market zone "Outpost 42" (pos=<7196.500000, 252.990005, 6976.500000>).
23:52:38 [Market] Player "Mr. Tux" (id=3FCmlLdqs97wNYtgsvMTGavMyuZc44PrYyr2Gfkoti8=) has bought woodaxe x1 from the trader "Tools_Supplies (Kaito [Tools & Supplies])" in market zone "Outpost 42" (pos=<7196.500000, 252.990005, 6976.500000>) for a price of 1000.
23:55:57 [Market] Player "Mr. Tux" (id=3FCmlLdqs97wNYtgsvMTGavMyuZc44PrYyr2Gfkoti8=) has send a requested to purchase mvs_rucksack_black x1 from the trader "MilitaryGear (Judy [Military Gear])" in market zone "Outpost 42" (pos=<7196.500000, 252.990005, 6976.500000>).
23:55:57 [Market] Player "Mr. Tux" (id=3FCmlLdqs97wNYtgsvMTGavMyuZc44PrYyr2Gfkoti8=) has bought mvs_rucksack_black x1 from the trader "MilitaryGear (Judy [Military Gear])" in market zone "Outpost 42" (pos=<7196.500000, 252.990005, 6976.500000>) for a price of 8150.
23:57:54 [Market] Player "Mr. Tux" (id=3FCmlLdqs97wNYtgsvMTGavMyuZc44PrYyr2Gfkoti8=) has send a requested to sell alicebag_camo x1 at the trader "MilitaryGear (Judy [Military Gear])" in market zone "Outpost 42" (pos=<7196.500000, 252.990005, 6976.500000>).
23:57:55 [Market] Player "Mr. Tux" (id=3FCmlLdqs97wNYtgsvMTGavMyuZc44PrYyr2Gfkoti8=) has sold alicebag_camo x1 at the trader "MilitaryGear (Judy [Military Gear])" in market zone "Outpost 42" (pos=<7196.500000, 252.990005, 6976.500000>) and got 150.
23:59:15 [Party] Player "Mr. Tux" (id=3FCmlLdqs97wNYtgsvMTGavMyuZc44PrYyr2Gfkoti8=) left the party "Scarred Reapers" (id=15 ownerUID=3FCmlLdqs97wNYtgsvMTGavMyuZc44PrYyr2Gfkoti8= ownerName=Mr. Tux)
