22:32:06 [Party] Player "Mr. Tux" (id=3FCmlLdqs97wNYtgsvMTGavMyuZc44PrYyr2Gfkoti8=) joinded the party "Scarred Reapers" (id=15 ownerUID=3FCmlLdqs97wNYtgsvMTGavMyuZc44PrYyr2Gfkoti8= ownerName=Mr. Tux)
22:43:30 [ExplosionDamageSystem] About to explode M67Grenade_Ammo from M67Grenade<9b86bcc0> at <1655.38, 421.99, 14349.9> EXPLOSION range 20 dropoff 5
23:21:27 [Market] Player "Mr. Tux" (id=3FCmlLdqs97wNYtgsvMTGavMyuZc44PrYyr2Gfkoti8=) has send a requested to sell expansionammolaw x1 at the trader "BlackMarket (Lewis [Black Market])" in market zone "Black Market Trading Zone" (pos=<1385.420044, 303.220001, 9282.639648>).
23:21:27 [Market] Player "Mr. Tux" (id=3FCmlLdqs97wNYtgsvMTGavMyuZc44PrYyr2Gfkoti8=) has sold expansionammolaw x1 at the trader "BlackMarket (Lewis [Black Market])" in market zone "Black Market Trading Zone" (pos=<1385.420044, 303.220001, 9282.639648>) and got 3500.
23:21:27 [Market] Player "Mr. Tux" (id=3FCmlLdqs97wNYtgsvMTGavMyuZc44PrYyr2Gfkoti8=) has send a requested to sell expansionammolaw x1 at the trader "BlackMarket (Lewis [Black Market])" in market zone "Black Market Trading Zone" (pos=<1385.420044, 303.220001, 9282.639648>).
23:21:27 [Market] Player "Mr. Tux" (id=3FCmlLdqs97wNYtgsvMTGavMyuZc44PrYyr2Gfkoti8=) has sold expansionammolaw x1 at the trader "BlackMarket (Lewis [Black Market])" in market zone "Black Market Trading Zone" (pos=<1385.420044, 303.220001, 9282.639648>) and got 3500.
23:21:42 [Market] Player "Mr. Tux" (id=3FCmlLdqs97wNYtgsvMTGavMyuZc44PrYyr2Gfkoti8=) has send a requested to sell ttc_ammobox_277_20rnd x1 at the trader "BlackMarket (Lewis [Black Market])" in market zone "Black Market Trading Zone" (pos=<1385.420044, 303.220001, 9282.639648>).
23:21:42 [Market] Player "Mr. Tux" (id=3FCmlLdqs97wNYtgsvMTGavMyuZc44PrYyr2Gfkoti8=) has sold ttc_ammobox_277_20rnd x1 at the trader "BlackMarket (Lewis [Black Market])" in market zone "Black Market Trading Zone" (pos=<1385.420044, 303.220001, 9282.639648>) and got 50.
23:22:30 [Market] Player "Mr. Tux" (id=3FCmlLdqs97wNYtgsvMTGavMyuZc44PrYyr2Gfkoti8=) has send a requested to sell ttc_honey_suppressor x1 at the trader "BlackMarket (Lewis [Black Market])" in market zone "Black Market Trading Zone" (pos=<1385.420044, 303.220001, 9282.639648>).
23:22:30 [Market] Player "Mr. Tux" (id=3FCmlLdqs97wNYtgsvMTGavMyuZc44PrYyr2Gfkoti8=) has sold ttc_honey_suppressor x1 at the trader "BlackMarket (Lewis [Black Market])" in market zone "Black Market Trading Zone" (pos=<1385.420044, 303.220001, 9282.639648>) and got 500.
23:23:12 [Market] Player "Mr. Tux" (id=3FCmlLdqs97wNYtgsvMTGavMyuZc44PrYyr2Gfkoti8=) has send a requested to sell ttc_mrad x1 at the trader "BlackMarket (Lewis [Black Market])" in market zone "Black Market Trading Zone" (pos=<1385.420044, 303.220001, 9282.639648>).
23:23:12 [Market] Player "Mr. Tux" (id=3FCmlLdqs97wNYtgsvMTGavMyuZc44PrYyr2Gfkoti8=) has sold ttc_mrad x1 at the trader "BlackMarket (Lewis [Black Market])" in market zone "Black Market Trading Zone" (pos=<1385.420044, 303.220001, 9282.639648>) and got 7500.
23:23:21 [Market] Player "Mr. Tux" (id=3FCmlLdqs97wNYtgsvMTGavMyuZc44PrYyr2Gfkoti8=) has send a requested to sell ammo_40mm_explosive x1 at the trader "BlackMarket (Lewis [Black Market])" in market zone "Black Market Trading Zone" (pos=<1385.420044, 303.220001, 9282.639648>).
23:23:21 [Market] Player "Mr. Tux" (id=3FCmlLdqs97wNYtgsvMTGavMyuZc44PrYyr2Gfkoti8=) has sold ammo_40mm_explosive x1 at the trader "BlackMarket (Lewis [Black Market])" in market zone "Black Market Trading Zone" (pos=<1385.420044, 303.220001, 9282.639648>) and got 62.
23:23:23 [Market] Player "Mr. Tux" (id=3FCmlLdqs97wNYtgsvMTGavMyuZc44PrYyr2Gfkoti8=) has send a requested to sell ttc_ammo_338 x1 at the trader "BlackMarket (Lewis [Black Market])" in market zone "Black Market Trading Zone" (pos=<1385.420044, 303.220001, 9282.639648>).
23:23:23 [Market] Player "Mr. Tux" (id=3FCmlLdqs97wNYtgsvMTGavMyuZc44PrYyr2Gfkoti8=) has sold ttc_ammo_338 x1 at the trader "BlackMarket (Lewis [Black Market])" in market zone "Black Market Trading Zone" (pos=<1385.420044, 303.220001, 9282.639648>) and got 66.
23:23:23 [Market] Player "Mr. Tux" (id=3FCmlLdqs97wNYtgsvMTGavMyuZc44PrYyr2Gfkoti8=) has send a requested to sell ttc_ammo_338 x1 at the trader "BlackMarket (Lewis [Black Market])" in market zone "Black Market Trading Zone" (pos=<1385.420044, 303.220001, 9282.639648>).
23:23:23 [Market] Player "Mr. Tux" (id=3FCmlLdqs97wNYtgsvMTGavMyuZc44PrYyr2Gfkoti8=) has sold ttc_ammo_338 x1 at the trader "BlackMarket (Lewis [Black Market])" in market zone "Black Market Trading Zone" (pos=<1385.420044, 303.220001, 9282.639648>) and got 66.
23:23:27 [Market] Player "Mr. Tux" (id=3FCmlLdqs97wNYtgsvMTGavMyuZc44PrYyr2Gfkoti8=) has send a requested to sell ttc_ammobox_338mm_10rnd x1 at the trader "BlackMarket (Lewis [Black Market])" in market zone "Black Market Trading Zone" (pos=<1385.420044, 303.220001, 9282.639648>).
23:23:28 [Market] Player "Mr. Tux" (id=3FCmlLdqs97wNYtgsvMTGavMyuZc44PrYyr2Gfkoti8=) has sold ttc_ammobox_338mm_10rnd x1 at the trader "BlackMarket (Lewis [Black Market])" in market zone "Black Market Trading Zone" (pos=<1385.420044, 303.220001, 9282.639648>) and got 50.
23:55:10 [Party] Player "Mr. Tux" (id=3FCmlLdqs97wNYtgsvMTGavMyuZc44PrYyr2Gfkoti8=) left the party "Scarred Reapers" (id=15 ownerUID=3FCmlLdqs97wNYtgsvMTGavMyuZc44PrYyr2Gfkoti8= ownerName=Mr. Tux)
