12:01:54 [Party] Player "WolfMadness" (id=c4HSBe2kjxrPMaliQvxlVkqXx1B002mwOfk2xAqaYKQ=) joinded the party "Soulless" (id=23 ownerUID=3JRWaVBlu0rexFl5dzKjDY8AHl_--AJHXa-aQMieyik= ownerName=Soullessmonarcs)
12:02:21 [Party] Player "WolfMadness" (id=c4HSBe2kjxrPMaliQvxlVkqXx1B002mwOfk2xAqaYKQ=) left the party "Soulless" (id=23 ownerUID=3JRWaVBlu0rexFl5dzKjDY8AHl_--AJHXa-aQMieyik= ownerName=Soullessmonarcs)
12:02:52 [Party] Player "WolfMadness" (id=c4HSBe2kjxrPMaliQvxlVkqXx1B002mwOfk2xAqaYKQ=) joinded the party "Soulless" (id=23 ownerUID=3JRWaVBlu0rexFl5dzKjDY8AHl_--AJHXa-aQMieyik= ownerName=Soullessmonarcs)
12:35:21 [Party] Player "Soullessmonarcs" (id=3JRWaVBlu0rexFl5dzKjDY8AHl_--AJHXa-aQMieyik=) joinded the party "Soulless" (id=23 ownerUID=3JRWaVBlu0rexFl5dzKjDY8AHl_--AJHXa-aQMieyik= ownerName=Soullessmonarcs)
13:15:09 [Safezone] Player "WolfMadness" (id=c4HSBe2kjxrPMaliQvxlVkqXx1B002mwOfk2xAqaYKQ= pos=<7295.165527, 260.048370, 7075.685547>) Entered the safezone
13:16:08 [Party] Player "Soullessmonarcs" (id=3JRWaVBlu0rexFl5dzKjDY8AHl_--AJHXa-aQMieyik=) left the party "Soulless" (id=23 ownerUID=3JRWaVBlu0rexFl5dzKjDY8AHl_--AJHXa-aQMieyik= ownerName=Soullessmonarcs)
13:18:24 [Market] Player "WolfMadness" (id=c4HSBe2kjxrPMaliQvxlVkqXx1B002mwOfk2xAqaYKQ=) has send a requested to sell sardinescan x1 at the trader "Consumables (Irena [Consumables])" in market zone "Outpost 42" (pos=<7196.500000, 252.990005, 6976.500000>).
13:18:24 [Market] Player "WolfMadness" (id=c4HSBe2kjxrPMaliQvxlVkqXx1B002mwOfk2xAqaYKQ=) has sold sardinescan x1 at the trader "Consumables (Irena [Consumables])" in market zone "Outpost 42" (pos=<7196.500000, 252.990005, 6976.500000>) and got 10.
13:18:25 [Market] Player "WolfMadness" (id=c4HSBe2kjxrPMaliQvxlVkqXx1B002mwOfk2xAqaYKQ=) has send a requested to sell tunacan x1 at the trader "Consumables (Irena [Consumables])" in market zone "Outpost 42" (pos=<7196.500000, 252.990005, 6976.500000>).
13:18:25 [Market] Player "WolfMadness" (id=c4HSBe2kjxrPMaliQvxlVkqXx1B002mwOfk2xAqaYKQ=) has sold tunacan x1 at the trader "Consumables (Irena [Consumables])" in market zone "Outpost 42" (pos=<7196.500000, 252.990005, 6976.500000>) and got 4.
13:18:26 [Market] Player "WolfMadness" (id=c4HSBe2kjxrPMaliQvxlVkqXx1B002mwOfk2xAqaYKQ=) has send a requested to sell powderedmilk x1 at the trader "Consumables (Irena [Consumables])" in market zone "Outpost 42" (pos=<7196.500000, 252.990005, 6976.500000>).
13:18:26 [Market] Player "WolfMadness" (id=c4HSBe2kjxrPMaliQvxlVkqXx1B002mwOfk2xAqaYKQ=) has sold powderedmilk x1 at the trader "Consumables (Irena [Consumables])" in market zone "Outpost 42" (pos=<7196.500000, 252.990005, 6976.500000>) and got 2.
13:18:27 [Market] Player "WolfMadness" (id=c4HSBe2kjxrPMaliQvxlVkqXx1B002mwOfk2xAqaYKQ=) has send a requested to sell zagorky x1 at the trader "Consumables (Irena [Consumables])" in market zone "Outpost 42" (pos=<7196.500000, 252.990005, 6976.500000>).
13:18:27 [Market] Player "WolfMadness" (id=c4HSBe2kjxrPMaliQvxlVkqXx1B002mwOfk2xAqaYKQ=) has sold zagorky x1 at the trader "Consumables (Irena [Consumables])" in market zone "Outpost 42" (pos=<7196.500000, 252.990005, 6976.500000>) and got 4.
13:18:27 [Market] Player "WolfMadness" (id=c4HSBe2kjxrPMaliQvxlVkqXx1B002mwOfk2xAqaYKQ=) has send a requested to sell zagorkypeanuts x1 at the trader "Consumables (Irena [Consumables])" in market zone "Outpost 42" (pos=<7196.500000, 252.990005, 6976.500000>).
13:18:27 [Market] Player "WolfMadness" (id=c4HSBe2kjxrPMaliQvxlVkqXx1B002mwOfk2xAqaYKQ=) has sold zagorkypeanuts x1 at the trader "Consumables (Irena [Consumables])" in market zone "Outpost 42" (pos=<7196.500000, 252.990005, 6976.500000>) and got 4.
13:18:30 [Market] Player "WolfMadness" (id=c4HSBe2kjxrPMaliQvxlVkqXx1B002mwOfk2xAqaYKQ=) has send a requested to sell sodacan_kvass x1 at the trader "Consumables (Irena [Consumables])" in market zone "Outpost 42" (pos=<7196.500000, 252.990005, 6976.500000>).
13:18:30 [Market] Player "WolfMadness" (id=c4HSBe2kjxrPMaliQvxlVkqXx1B002mwOfk2xAqaYKQ=) has sold sodacan_kvass x1 at the trader "Consumables (Irena [Consumables])" in market zone "Outpost 42" (pos=<7196.500000, 252.990005, 6976.500000>) and got 1.
13:18:30 [Market] Player "WolfMadness" (id=c4HSBe2kjxrPMaliQvxlVkqXx1B002mwOfk2xAqaYKQ=) has send a requested to sell sodacan_pipsi x1 at the trader "Consumables (Irena [Consumables])" in market zone "Outpost 42" (pos=<7196.500000, 252.990005, 6976.500000>).
13:18:30 [Market] Player "WolfMadness" (id=c4HSBe2kjxrPMaliQvxlVkqXx1B002mwOfk2xAqaYKQ=) has sold sodacan_pipsi x1 at the trader "Consumables (Irena [Consumables])" in market zone "Outpost 42" (pos=<7196.500000, 252.990005, 6976.500000>) and got 1.
13:18:31 [Market] Player "WolfMadness" (id=c4HSBe2kjxrPMaliQvxlVkqXx1B002mwOfk2xAqaYKQ=) has send a requested to sell sodacan_pipsi x1 at the trader "Consumables (Irena [Consumables])" in market zone "Outpost 42" (pos=<7196.500000, 252.990005, 6976.500000>).
13:18:31 [Market] Player "WolfMadness" (id=c4HSBe2kjxrPMaliQvxlVkqXx1B002mwOfk2xAqaYKQ=) has sold sodacan_pipsi x1 at the trader "Consumables (Irena [Consumables])" in market zone "Outpost 42" (pos=<7196.500000, 252.990005, 6976.500000>) and got 5.
13:18:32 [Market] Player "WolfMadness" (id=c4HSBe2kjxrPMaliQvxlVkqXx1B002mwOfk2xAqaYKQ=) has send a requested to sell sodacan_spite x1 at the trader "Consumables (Irena [Consumables])" in market zone "Outpost 42" (pos=<7196.500000, 252.990005, 6976.500000>).
13:18:32 [Market] Player "WolfMadness" (id=c4HSBe2kjxrPMaliQvxlVkqXx1B002mwOfk2xAqaYKQ=) has sold sodacan_spite x1 at the trader "Consumables (Irena [Consumables])" in market zone "Outpost 42" (pos=<7196.500000, 252.990005, 6976.500000>) and got 1.
13:19:33 [Market] Player "WolfMadness" (id=c4HSBe2kjxrPMaliQvxlVkqXx1B002mwOfk2xAqaYKQ=) has send a requested to sell magnum x1 at the trader "Weapons (Seth [Weapons])" in market zone "Outpost 42" (pos=<7196.500000, 252.990005, 6976.500000>).
13:19:33 [Market] Player "WolfMadness" (id=c4HSBe2kjxrPMaliQvxlVkqXx1B002mwOfk2xAqaYKQ=) has sold magnum x1 at the trader "Weapons (Seth [Weapons])" in market zone "Outpost 42" (pos=<7196.500000, 252.990005, 6976.500000>) and got 750.
13:19:34 [Market] Player "WolfMadness" (id=c4HSBe2kjxrPMaliQvxlVkqXx1B002mwOfk2xAqaYKQ=) has send a requested to sell colt1911 x1 at the trader "Weapons (Seth [Weapons])" in market zone "Outpost 42" (pos=<7196.500000, 252.990005, 6976.500000>).
13:19:34 [Market] Player "WolfMadness" (id=c4HSBe2kjxrPMaliQvxlVkqXx1B002mwOfk2xAqaYKQ=) has sold colt1911 x1 at the trader "Weapons (Seth [Weapons])" in market zone "Outpost 42" (pos=<7196.500000, 252.990005, 6976.500000>) and got 250.
13:20:27 [Market] Player "WolfMadness" (id=c4HSBe2kjxrPMaliQvxlVkqXx1B002mwOfk2xAqaYKQ=) has send a requested to sell startkitiv x1 at the trader "Medic (Lewis [Medic])" in market zone "Outpost 42" (pos=<7196.500000, 252.990005, 6976.500000>).
13:20:27 [Market] Player "WolfMadness" (id=c4HSBe2kjxrPMaliQvxlVkqXx1B002mwOfk2xAqaYKQ=) has sold startkitiv x1 at the trader "Medic (Lewis [Medic])" in market zone "Outpost 42" (pos=<7196.500000, 252.990005, 6976.500000>) and got 25.
13:20:28 [Market] Player "WolfMadness" (id=c4HSBe2kjxrPMaliQvxlVkqXx1B002mwOfk2xAqaYKQ=) has send a requested to sell thermometer x1 at the trader "Medic (Lewis [Medic])" in market zone "Outpost 42" (pos=<7196.500000, 252.990005, 6976.500000>).
13:20:28 [Market] Player "WolfMadness" (id=c4HSBe2kjxrPMaliQvxlVkqXx1B002mwOfk2xAqaYKQ=) has sold thermometer x1 at the trader "Medic (Lewis [Medic])" in market zone "Outpost 42" (pos=<7196.500000, 252.990005, 6976.500000>) and got 6.
13:20:30 [Market] Player "WolfMadness" (id=c4HSBe2kjxrPMaliQvxlVkqXx1B002mwOfk2xAqaYKQ=) has send a requested to sell bloodtestkit x1 at the trader "Medic (Lewis [Medic])" in market zone "Outpost 42" (pos=<7196.500000, 252.990005, 6976.500000>).
13:20:30 [Market] Player "WolfMadness" (id=c4HSBe2kjxrPMaliQvxlVkqXx1B002mwOfk2xAqaYKQ=) has sold bloodtestkit x1 at the trader "Medic (Lewis [Medic])" in market zone "Outpost 42" (pos=<7196.500000, 252.990005, 6976.500000>) and got 25.
13:21:10 [Market] Player "WolfMadness" (id=c4HSBe2kjxrPMaliQvxlVkqXx1B002mwOfk2xAqaYKQ=) has send a requested to sell charcoaltablets x1 at the trader "Medic (Lewis [Medic])" in market zone "Outpost 42" (pos=<7196.500000, 252.990005, 6976.500000>).
13:21:10 [Market] Player "WolfMadness" (id=c4HSBe2kjxrPMaliQvxlVkqXx1B002mwOfk2xAqaYKQ=) has sold charcoaltablets x1 at the trader "Medic (Lewis [Medic])" in market zone "Outpost 42" (pos=<7196.500000, 252.990005, 6976.500000>) and got 8.
13:21:11 [Market] Player "WolfMadness" (id=c4HSBe2kjxrPMaliQvxlVkqXx1B002mwOfk2xAqaYKQ=) has send a requested to sell charcoaltablets x1 at the trader "Medic (Lewis [Medic])" in market zone "Outpost 42" (pos=<7196.500000, 252.990005, 6976.500000>).
13:21:11 [Market] Player "WolfMadness" (id=c4HSBe2kjxrPMaliQvxlVkqXx1B002mwOfk2xAqaYKQ=) has sold charcoaltablets x1 at the trader "Medic (Lewis [Medic])" in market zone "Outpost 42" (pos=<7196.500000, 252.990005, 6976.500000>) and got 25.
13:21:11 [Market] Player "WolfMadness" (id=c4HSBe2kjxrPMaliQvxlVkqXx1B002mwOfk2xAqaYKQ=) has send a requested to sell charcoaltablets x1 at the trader "Medic (Lewis [Medic])" in market zone "Outpost 42" (pos=<7196.500000, 252.990005, 6976.500000>).
13:21:11 [Market] Player "WolfMadness" (id=c4HSBe2kjxrPMaliQvxlVkqXx1B002mwOfk2xAqaYKQ=) has sold charcoaltablets x1 at the trader "Medic (Lewis [Medic])" in market zone "Outpost 42" (pos=<7196.500000, 252.990005, 6976.500000>) and got 12.
13:21:12 [Market] Player "WolfMadness" (id=c4HSBe2kjxrPMaliQvxlVkqXx1B002mwOfk2xAqaYKQ=) has send a requested to sell painkillertablets x1 at the trader "Medic (Lewis [Medic])" in market zone "Outpost 42" (pos=<7196.500000, 252.990005, 6976.500000>).
13:21:12 [Market] Player "WolfMadness" (id=c4HSBe2kjxrPMaliQvxlVkqXx1B002mwOfk2xAqaYKQ=) has sold painkillertablets x1 at the trader "Medic (Lewis [Medic])" in market zone "Outpost 42" (pos=<7196.500000, 252.990005, 6976.500000>) and got 11.
13:21:12 [Market] Player "WolfMadness" (id=c4HSBe2kjxrPMaliQvxlVkqXx1B002mwOfk2xAqaYKQ=) has send a requested to sell epinephrine x1 at the trader "Medic (Lewis [Medic])" in market zone "Outpost 42" (pos=<7196.500000, 252.990005, 6976.500000>).
13:21:12 [Market] Player "WolfMadness" (id=c4HSBe2kjxrPMaliQvxlVkqXx1B002mwOfk2xAqaYKQ=) has sold epinephrine x1 at the trader "Medic (Lewis [Medic])" in market zone "Outpost 42" (pos=<7196.500000, 252.990005, 6976.500000>) and got 75.
13:21:13 [Market] Player "WolfMadness" (id=c4HSBe2kjxrPMaliQvxlVkqXx1B002mwOfk2xAqaYKQ=) has send a requested to sell epinephrine x1 at the trader "Medic (Lewis [Medic])" in market zone "Outpost 42" (pos=<7196.500000, 252.990005, 6976.500000>).
13:21:13 [Market] Player "WolfMadness" (id=c4HSBe2kjxrPMaliQvxlVkqXx1B002mwOfk2xAqaYKQ=) has sold epinephrine x1 at the trader "Medic (Lewis [Medic])" in market zone "Outpost 42" (pos=<7196.500000, 252.990005, 6976.500000>) and got 100.
13:21:13 [Market] Player "WolfMadness" (id=c4HSBe2kjxrPMaliQvxlVkqXx1B002mwOfk2xAqaYKQ=) has send a requested to sell epinephrine x1 at the trader "Medic (Lewis [Medic])" in market zone "Outpost 42" (pos=<7196.500000, 252.990005, 6976.500000>).
13:21:13 [Market] Player "WolfMadness" (id=c4HSBe2kjxrPMaliQvxlVkqXx1B002mwOfk2xAqaYKQ=) has sold epinephrine x1 at the trader "Medic (Lewis [Medic])" in market zone "Outpost 42" (pos=<7196.500000, 252.990005, 6976.500000>) and got 75.
13:21:30 [Market] Player "WolfMadness" (id=c4HSBe2kjxrPMaliQvxlVkqXx1B002mwOfk2xAqaYKQ=) has send a requested to sell pliers x1 at the trader "Tools_Supplies (Kaito [Tools & Supplies])" in market zone "Outpost 42" (pos=<7196.500000, 252.990005, 6976.500000>).
13:21:30 [Market] Player "WolfMadness" (id=c4HSBe2kjxrPMaliQvxlVkqXx1B002mwOfk2xAqaYKQ=) has sold pliers x1 at the trader "Tools_Supplies (Kaito [Tools & Supplies])" in market zone "Outpost 42" (pos=<7196.500000, 252.990005, 6976.500000>) and got 62.
13:21:35 [Market] Player "WolfMadness" (id=c4HSBe2kjxrPMaliQvxlVkqXx1B002mwOfk2xAqaYKQ=) has send a requested to sell netting x1 at the trader "Tools_Supplies (Kaito [Tools & Supplies])" in market zone "Outpost 42" (pos=<7196.500000, 252.990005, 6976.500000>).
13:21:35 [Market] Player "WolfMadness" (id=c4HSBe2kjxrPMaliQvxlVkqXx1B002mwOfk2xAqaYKQ=) has sold netting x1 at the trader "Tools_Supplies (Kaito [Tools & Supplies])" in market zone "Outpost 42" (pos=<7196.500000, 252.990005, 6976.500000>) and got 62.
13:21:35 [Market] Player "WolfMadness" (id=c4HSBe2kjxrPMaliQvxlVkqXx1B002mwOfk2xAqaYKQ=) has send a requested to sell netting x1 at the trader "Tools_Supplies (Kaito [Tools & Supplies])" in market zone "Outpost 42" (pos=<7196.500000, 252.990005, 6976.500000>).
13:21:35 [Market] Player "WolfMadness" (id=c4HSBe2kjxrPMaliQvxlVkqXx1B002mwOfk2xAqaYKQ=) has sold netting x1 at the trader "Tools_Supplies (Kaito [Tools & Supplies])" in market zone "Outpost 42" (pos=<7196.500000, 252.990005, 6976.500000>) and got 62.
13:21:40 [Market] Player "WolfMadness" (id=c4HSBe2kjxrPMaliQvxlVkqXx1B002mwOfk2xAqaYKQ=) has send a requested to sell matchbox x1 at the trader "Tools_Supplies (Kaito [Tools & Supplies])" in market zone "Outpost 42" (pos=<7196.500000, 252.990005, 6976.500000>).
13:21:40 [Market] Player "WolfMadness" (id=c4HSBe2kjxrPMaliQvxlVkqXx1B002mwOfk2xAqaYKQ=) has sold matchbox x1 at the trader "Tools_Supplies (Kaito [Tools & Supplies])" in market zone "Outpost 42" (pos=<7196.500000, 252.990005, 6976.500000>) and got 12.
13:21:41 [Market] Player "WolfMadness" (id=c4HSBe2kjxrPMaliQvxlVkqXx1B002mwOfk2xAqaYKQ=) has send a requested to sell matchbox x1 at the trader "Tools_Supplies (Kaito [Tools & Supplies])" in market zone "Outpost 42" (pos=<7196.500000, 252.990005, 6976.500000>).
13:21:41 [Market] Player "WolfMadness" (id=c4HSBe2kjxrPMaliQvxlVkqXx1B002mwOfk2xAqaYKQ=) has sold matchbox x1 at the trader "Tools_Supplies (Kaito [Tools & Supplies])" in market zone "Outpost 42" (pos=<7196.500000, 252.990005, 6976.500000>) and got 12.
13:21:53 [Market] Player "WolfMadness" (id=c4HSBe2kjxrPMaliQvxlVkqXx1B002mwOfk2xAqaYKQ=) has send a requested to sell largegascanister x1 at the trader "Tools_Supplies (Kaito [Tools & Supplies])" in market zone "Outpost 42" (pos=<7196.500000, 252.990005, 6976.500000>).
13:21:53 [Market] Player "WolfMadness" (id=c4HSBe2kjxrPMaliQvxlVkqXx1B002mwOfk2xAqaYKQ=) has sold largegascanister x1 at the trader "Tools_Supplies (Kaito [Tools & Supplies])" in market zone "Outpost 42" (pos=<7196.500000, 252.990005, 6976.500000>) and got 150.
13:22:18 [Market] Player "WolfMadness" (id=c4HSBe2kjxrPMaliQvxlVkqXx1B002mwOfk2xAqaYKQ=) has send a requested to sell ammo_45acp x1 at the trader "Ammo_Attachments (Taiki [Ammo & Attachments])" in market zone "Outpost 42" (pos=<7196.500000, 252.990005, 6976.500000>).
13:22:18 [Market] Player "WolfMadness" (id=c4HSBe2kjxrPMaliQvxlVkqXx1B002mwOfk2xAqaYKQ=) has sold ammo_45acp x1 at the trader "Ammo_Attachments (Taiki [Ammo & Attachments])" in market zone "Outpost 42" (pos=<7196.500000, 252.990005, 6976.500000>) and got 1.
13:22:18 [Market] Player "WolfMadness" (id=c4HSBe2kjxrPMaliQvxlVkqXx1B002mwOfk2xAqaYKQ=) has send a requested to sell ammo_45acp x1 at the trader "Ammo_Attachments (Taiki [Ammo & Attachments])" in market zone "Outpost 42" (pos=<7196.500000, 252.990005, 6976.500000>).
13:22:18 [Market] Player "WolfMadness" (id=c4HSBe2kjxrPMaliQvxlVkqXx1B002mwOfk2xAqaYKQ=) has sold ammo_45acp x1 at the trader "Ammo_Attachments (Taiki [Ammo & Attachments])" in market zone "Outpost 42" (pos=<7196.500000, 252.990005, 6976.500000>) and got 1.
13:22:18 [Market] Player "WolfMadness" (id=c4HSBe2kjxrPMaliQvxlVkqXx1B002mwOfk2xAqaYKQ=) has send a requested to sell ammo_45acp x1 at the trader "Ammo_Attachments (Taiki [Ammo & Attachments])" in market zone "Outpost 42" (pos=<7196.500000, 252.990005, 6976.500000>).
13:22:18 [Market] Player "WolfMadness" (id=c4HSBe2kjxrPMaliQvxlVkqXx1B002mwOfk2xAqaYKQ=) has sold ammo_45acp x1 at the trader "Ammo_Attachments (Taiki [Ammo & Attachments])" in market zone "Outpost 42" (pos=<7196.500000, 252.990005, 6976.500000>) and got 1.
13:22:46 [Market] Player "WolfMadness" (id=c4HSBe2kjxrPMaliQvxlVkqXx1B002mwOfk2xAqaYKQ=) has send a requested to sell platecarrierpouches x1 at the trader "MilitaryGear (Judy [Military Gear])" in market zone "Outpost 42" (pos=<7196.500000, 252.990005, 6976.500000>).
13:22:46 [Market] Player "WolfMadness" (id=c4HSBe2kjxrPMaliQvxlVkqXx1B002mwOfk2xAqaYKQ=) has sold platecarrierpouches x1 at the trader "MilitaryGear (Judy [Military Gear])" in market zone "Outpost 42" (pos=<7196.500000, 252.990005, 6976.500000>) and got 38.
13:23:25 [Market] Player "WolfMadness" (id=c4HSBe2kjxrPMaliQvxlVkqXx1B002mwOfk2xAqaYKQ=) has send a requested to purchase sewingkit x1 from the trader "Tools_Supplies (Kaito [Tools & Supplies])" in market zone "Outpost 42" (pos=<7196.500000, 252.990005, 6976.500000>).
13:23:25 [Market] Player "WolfMadness" (id=c4HSBe2kjxrPMaliQvxlVkqXx1B002mwOfk2xAqaYKQ=) has bought sewingkit x1 from the trader "Tools_Supplies (Kaito [Tools & Supplies])" in market zone "Outpost 42" (pos=<7196.500000, 252.990005, 6976.500000>) for a price of 50.
13:23:27 [Market] Player "WolfMadness" (id=c4HSBe2kjxrPMaliQvxlVkqXx1B002mwOfk2xAqaYKQ=) has send a requested to purchase leathersewingkit x1 from the trader "Tools_Supplies (Kaito [Tools & Supplies])" in market zone "Outpost 42" (pos=<7196.500000, 252.990005, 6976.500000>).
13:23:27 [Market] Player "WolfMadness" (id=c4HSBe2kjxrPMaliQvxlVkqXx1B002mwOfk2xAqaYKQ=) has bought leathersewingkit x1 from the trader "Tools_Supplies (Kaito [Tools & Supplies])" in market zone "Outpost 42" (pos=<7196.500000, 252.990005, 6976.500000>) for a price of 50.
13:24:39 [Market] Player "WolfMadness" (id=c4HSBe2kjxrPMaliQvxlVkqXx1B002mwOfk2xAqaYKQ=) has send a requested to sell surgicalgloves_lightblue x1 at the trader "CivilianGear (Frida [Civilian Gear])" in market zone "Outpost 42" (pos=<7196.500000, 252.990005, 6976.500000>).
13:24:39 [Market] Player "WolfMadness" (id=c4HSBe2kjxrPMaliQvxlVkqXx1B002mwOfk2xAqaYKQ=) has sold surgicalgloves_lightblue x1 at the trader "CivilianGear (Frida [Civilian Gear])" in market zone "Outpost 42" (pos=<7196.500000, 252.990005, 6976.500000>) and got 1.
13:24:45 [Market] Player "WolfMadness" (id=c4HSBe2kjxrPMaliQvxlVkqXx1B002mwOfk2xAqaYKQ=) has send a requested to purchase cargopants_grey x1 from the trader "CivilianGear (Frida [Civilian Gear])" in market zone "Outpost 42" (pos=<7196.500000, 252.990005, 6976.500000>).
13:24:46 [Market] Player "WolfMadness" (id=c4HSBe2kjxrPMaliQvxlVkqXx1B002mwOfk2xAqaYKQ=) has bought cargopants_grey x1 from the trader "CivilianGear (Frida [Civilian Gear])" in market zone "Outpost 42" (pos=<7196.500000, 252.990005, 6976.500000>) for a price of 35.
13:24:47 [Market] Player "WolfMadness" (id=c4HSBe2kjxrPMaliQvxlVkqXx1B002mwOfk2xAqaYKQ=) has send a requested to sell hunterpants_winter x1 at the trader "CivilianGear (Frida [Civilian Gear])" in market zone "Outpost 42" (pos=<7196.500000, 252.990005, 6976.500000>).
13:24:47 [Market] Player "WolfMadness" (id=c4HSBe2kjxrPMaliQvxlVkqXx1B002mwOfk2xAqaYKQ=) has sold hunterpants_winter x1 at the trader "CivilianGear (Frida [Civilian Gear])" in market zone "Outpost 42" (pos=<7196.500000, 252.990005, 6976.500000>) and got 34.
13:24:48 [Market] Player "WolfMadness" (id=c4HSBe2kjxrPMaliQvxlVkqXx1B002mwOfk2xAqaYKQ=) has send a requested to sell cargopants_grey x1 at the trader "CivilianGear (Frida [Civilian Gear])" in market zone "Outpost 42" (pos=<7196.500000, 252.990005, 6976.500000>).
13:24:48 [Market] Player "WolfMadness" (id=c4HSBe2kjxrPMaliQvxlVkqXx1B002mwOfk2xAqaYKQ=) has sold cargopants_grey x1 at the trader "CivilianGear (Frida [Civilian Gear])" in market zone "Outpost 42" (pos=<7196.500000, 252.990005, 6976.500000>) and got 18.
13:24:49 [Market] Player "WolfMadness" (id=c4HSBe2kjxrPMaliQvxlVkqXx1B002mwOfk2xAqaYKQ=) has send a requested to sell cargopants_grey x1 at the trader "CivilianGear (Frida [Civilian Gear])" in market zone "Outpost 42" (pos=<7196.500000, 252.990005, 6976.500000>).
13:24:49 [Market] Player "WolfMadness" (id=c4HSBe2kjxrPMaliQvxlVkqXx1B002mwOfk2xAqaYKQ=) has sold cargopants_grey x1 at the trader "CivilianGear (Frida [Civilian Gear])" in market zone "Outpost 42" (pos=<7196.500000, 252.990005, 6976.500000>) and got 18.
13:25:04 [Market] Player "WolfMadness" (id=c4HSBe2kjxrPMaliQvxlVkqXx1B002mwOfk2xAqaYKQ=) has send a requested to sell leathersewingkit x1 at the trader "Tools_Supplies (Kaito [Tools & Supplies])" in market zone "Outpost 42" (pos=<7196.500000, 252.990005, 6976.500000>).
13:25:04 [Market] Player "WolfMadness" (id=c4HSBe2kjxrPMaliQvxlVkqXx1B002mwOfk2xAqaYKQ=) has sold leathersewingkit x1 at the trader "Tools_Supplies (Kaito [Tools & Supplies])" in market zone "Outpost 42" (pos=<7196.500000, 252.990005, 6976.500000>) and got 25.
13:25:05 [Market] Player "WolfMadness" (id=c4HSBe2kjxrPMaliQvxlVkqXx1B002mwOfk2xAqaYKQ=) has send a requested to sell sewingkit x1 at the trader "Tools_Supplies (Kaito [Tools & Supplies])" in market zone "Outpost 42" (pos=<7196.500000, 252.990005, 6976.500000>).
13:25:06 [Market] Player "WolfMadness" (id=c4HSBe2kjxrPMaliQvxlVkqXx1B002mwOfk2xAqaYKQ=) has sold sewingkit x1 at the trader "Tools_Supplies (Kaito [Tools & Supplies])" in market zone "Outpost 42" (pos=<7196.500000, 252.990005, 6976.500000>) and got 12.
13:25:49 [Market] Player "WolfMadness" (id=c4HSBe2kjxrPMaliQvxlVkqXx1B002mwOfk2xAqaYKQ=) has send a requested to sell mp5k x1 at the trader "Weapons (Seth [Weapons])" in market zone "Outpost 42" (pos=<7196.500000, 252.990005, 6976.500000>).
13:25:49 [Market] Player "WolfMadness" (id=c4HSBe2kjxrPMaliQvxlVkqXx1B002mwOfk2xAqaYKQ=) has sold mp5k x1 at the trader "Weapons (Seth [Weapons])" in market zone "Outpost 42" (pos=<7196.500000, 252.990005, 6976.500000>) and got 562.
13:26:00 [Market] Player "WolfMadness" (id=c4HSBe2kjxrPMaliQvxlVkqXx1B002mwOfk2xAqaYKQ=) has send a requested to sell expansionreflexmrsoptic x1 at the trader "Ammo_Attachments (Taiki [Ammo & Attachments])" in market zone "Outpost 42" (pos=<7196.500000, 252.990005, 6976.500000>).
13:26:00 [Market] Player "WolfMadness" (id=c4HSBe2kjxrPMaliQvxlVkqXx1B002mwOfk2xAqaYKQ=) has sold expansionreflexmrsoptic x1 at the trader "Ammo_Attachments (Taiki [Ammo & Attachments])" in market zone "Outpost 42" (pos=<7196.500000, 252.990005, 6976.500000>) and got 75.
13:26:03 [Market] Player "WolfMadness" (id=c4HSBe2kjxrPMaliQvxlVkqXx1B002mwOfk2xAqaYKQ=) has send a requested to sell ammobox_00buck_10rnd x1 at the trader "Ammo_Attachments (Taiki [Ammo & Attachments])" in market zone "Outpost 42" (pos=<7196.500000, 252.990005, 6976.500000>).
13:26:03 [Market] Player "WolfMadness" (id=c4HSBe2kjxrPMaliQvxlVkqXx1B002mwOfk2xAqaYKQ=) has sold ammobox_00buck_10rnd x1 at the trader "Ammo_Attachments (Taiki [Ammo & Attachments])" in market zone "Outpost 42" (pos=<7196.500000, 252.990005, 6976.500000>) and got 20.
13:26:23 [Party] Player "Soullessmonarcs" (id=3JRWaVBlu0rexFl5dzKjDY8AHl_--AJHXa-aQMieyik=) joinded the party "Soulless" (id=23 ownerUID=3JRWaVBlu0rexFl5dzKjDY8AHl_--AJHXa-aQMieyik= ownerName=Soullessmonarcs)
13:26:41 [Market] Player "WolfMadness" (id=c4HSBe2kjxrPMaliQvxlVkqXx1B002mwOfk2xAqaYKQ=) has send a requested to sell ukassvest_camo x1 at the trader "MilitaryGear (Judy [Military Gear])" in market zone "Outpost 42" (pos=<7196.500000, 252.990005, 6976.500000>).
13:26:41 [Market] Player "WolfMadness" (id=c4HSBe2kjxrPMaliQvxlVkqXx1B002mwOfk2xAqaYKQ=) has sold ukassvest_camo x1 at the trader "MilitaryGear (Judy [Military Gear])" in market zone "Outpost 42" (pos=<7196.500000, 252.990005, 6976.500000>) and got 34.
13:27:19 [Market] Player "WolfMadness" (id=c4HSBe2kjxrPMaliQvxlVkqXx1B002mwOfk2xAqaYKQ=) has send a requested to purchase expansionbread1 x1 from the trader "Consumables (Irena [Consumables])" in market zone "Outpost 42" (pos=<7196.500000, 252.990005, 6976.500000>).
13:27:19 [Market] Player "WolfMadness" (id=c4HSBe2kjxrPMaliQvxlVkqXx1B002mwOfk2xAqaYKQ=) has bought expansionbread1 x1 from the trader "Consumables (Irena [Consumables])" in market zone "Outpost 42" (pos=<7196.500000, 252.990005, 6976.500000>) for a price of 20.
13:28:27 [Market] Player "WolfMadness" (id=c4HSBe2kjxrPMaliQvxlVkqXx1B002mwOfk2xAqaYKQ=) has send a requested to sell firstaidkit x1 at the trader "Medic (Lewis [Medic])" in market zone "Outpost 42" (pos=<7196.500000, 252.990005, 6976.500000>).
13:28:27 [Market] Player "WolfMadness" (id=c4HSBe2kjxrPMaliQvxlVkqXx1B002mwOfk2xAqaYKQ=) has sold firstaidkit x1 at the trader "Medic (Lewis [Medic])" in market zone "Outpost 42" (pos=<7196.500000, 252.990005, 6976.500000>) and got 19.
13:29:44 [Market] Player "WolfMadness" (id=c4HSBe2kjxrPMaliQvxlVkqXx1B002mwOfk2xAqaYKQ=) has send a requested to sell radarcap_blue x1 at the trader "CivilianGear (Frida [Civilian Gear])" in market zone "Outpost 42" (pos=<7196.500000, 252.990005, 6976.500000>).
13:29:44 [Market] Player "WolfMadness" (id=c4HSBe2kjxrPMaliQvxlVkqXx1B002mwOfk2xAqaYKQ=) has sold radarcap_blue x1 at the trader "CivilianGear (Frida [Civilian Gear])" in market zone "Outpost 42" (pos=<7196.500000, 252.990005, 6976.500000>) and got 5.
13:30:00 [Market] Player "WolfMadness" (id=c4HSBe2kjxrPMaliQvxlVkqXx1B002mwOfk2xAqaYKQ=) has send a requested to purchase battery9v x1 from the trader "Tools_Supplies (Kaito [Tools & Supplies])" in market zone "Outpost 42" (pos=<7196.500000, 252.990005, 6976.500000>).
13:30:00 [Market] Player "WolfMadness" (id=c4HSBe2kjxrPMaliQvxlVkqXx1B002mwOfk2xAqaYKQ=) has bought battery9v x1 from the trader "Tools_Supplies (Kaito [Tools & Supplies])" in market zone "Outpost 42" (pos=<7196.500000, 252.990005, 6976.500000>) for a price of 50.
13:30:01 [Market] Player "WolfMadness" (id=c4HSBe2kjxrPMaliQvxlVkqXx1B002mwOfk2xAqaYKQ=) has send a requested to purchase battery9v x1 from the trader "Tools_Supplies (Kaito [Tools & Supplies])" in market zone "Outpost 42" (pos=<7196.500000, 252.990005, 6976.500000>).
13:30:02 [Market] Player "WolfMadness" (id=c4HSBe2kjxrPMaliQvxlVkqXx1B002mwOfk2xAqaYKQ=) has bought battery9v x1 from the trader "Tools_Supplies (Kaito [Tools & Supplies])" in market zone "Outpost 42" (pos=<7196.500000, 252.990005, 6976.500000>) for a price of 50.
13:30:16 [Market] Player "WolfMadness" (id=c4HSBe2kjxrPMaliQvxlVkqXx1B002mwOfk2xAqaYKQ=) has send a requested to purchase woodaxe x1 from the trader "Tools_Supplies (Kaito [Tools & Supplies])" in market zone "Outpost 42" (pos=<7196.500000, 252.990005, 6976.500000>).
13:30:16 [Market] Player "WolfMadness" (id=c4HSBe2kjxrPMaliQvxlVkqXx1B002mwOfk2xAqaYKQ=) has bought woodaxe x1 from the trader "Tools_Supplies (Kaito [Tools & Supplies])" in market zone "Outpost 42" (pos=<7196.500000, 252.990005, 6976.500000>) for a price of 1000.
13:33:03 [Market] Player "WolfMadness" (id=c4HSBe2kjxrPMaliQvxlVkqXx1B002mwOfk2xAqaYKQ=) has send a requested to purchase peachescan x1 from the trader "Consumables (Irena [Consumables])" in market zone "Outpost 42" (pos=<7196.500000, 252.990005, 6976.500000>).
13:33:04 [Market] Player "WolfMadness" (id=c4HSBe2kjxrPMaliQvxlVkqXx1B002mwOfk2xAqaYKQ=) has bought peachescan x1 from the trader "Consumables (Irena [Consumables])" in market zone "Outpost 42" (pos=<7196.500000, 252.990005, 6976.500000>) for a price of 30.
13:33:04 [Market] Player "WolfMadness" (id=c4HSBe2kjxrPMaliQvxlVkqXx1B002mwOfk2xAqaYKQ=) has send a requested to purchase peachescan x1 from the trader "Consumables (Irena [Consumables])" in market zone "Outpost 42" (pos=<7196.500000, 252.990005, 6976.500000>).
13:33:04 [Market] Player "WolfMadness" (id=c4HSBe2kjxrPMaliQvxlVkqXx1B002mwOfk2xAqaYKQ=) has bought peachescan x1 from the trader "Consumables (Irena [Consumables])" in market zone "Outpost 42" (pos=<7196.500000, 252.990005, 6976.500000>) for a price of 30.
13:33:04 [Market] Player "WolfMadness" (id=c4HSBe2kjxrPMaliQvxlVkqXx1B002mwOfk2xAqaYKQ=) has send a requested to purchase peachescan x1 from the trader "Consumables (Irena [Consumables])" in market zone "Outpost 42" (pos=<7196.500000, 252.990005, 6976.500000>).
13:33:05 [Market] Player "WolfMadness" (id=c4HSBe2kjxrPMaliQvxlVkqXx1B002mwOfk2xAqaYKQ=) has bought peachescan x1 from the trader "Consumables (Irena [Consumables])" in market zone "Outpost 42" (pos=<7196.500000, 252.990005, 6976.500000>) for a price of 30.
13:33:05 [Market] Player "WolfMadness" (id=c4HSBe2kjxrPMaliQvxlVkqXx1B002mwOfk2xAqaYKQ=) has send a requested to purchase peachescan x1 from the trader "Consumables (Irena [Consumables])" in market zone "Outpost 42" (pos=<7196.500000, 252.990005, 6976.500000>).
13:33:06 [Market] Player "WolfMadness" (id=c4HSBe2kjxrPMaliQvxlVkqXx1B002mwOfk2xAqaYKQ=) has bought peachescan x1 from the trader "Consumables (Irena [Consumables])" in market zone "Outpost 42" (pos=<7196.500000, 252.990005, 6976.500000>) for a price of 30.
13:33:06 [Market] Player "WolfMadness" (id=c4HSBe2kjxrPMaliQvxlVkqXx1B002mwOfk2xAqaYKQ=) has send a requested to purchase peachescan x1 from the trader "Consumables (Irena [Consumables])" in market zone "Outpost 42" (pos=<7196.500000, 252.990005, 6976.500000>).
13:33:06 [Market] Player "WolfMadness" (id=c4HSBe2kjxrPMaliQvxlVkqXx1B002mwOfk2xAqaYKQ=) has bought peachescan x1 from the trader "Consumables (Irena [Consumables])" in market zone "Outpost 42" (pos=<7196.500000, 252.990005, 6976.500000>) for a price of 30.
13:33:15 [Market] Player "WolfMadness" (id=c4HSBe2kjxrPMaliQvxlVkqXx1B002mwOfk2xAqaYKQ=) has send a requested to purchase peachescan x1 from the trader "Consumables (Irena [Consumables])" in market zone "Outpost 42" (pos=<7196.500000, 252.990005, 6976.500000>).
13:33:15 [Market] Player "WolfMadness" (id=c4HSBe2kjxrPMaliQvxlVkqXx1B002mwOfk2xAqaYKQ=) has bought peachescan x1 from the trader "Consumables (Irena [Consumables])" in market zone "Outpost 42" (pos=<7196.500000, 252.990005, 6976.500000>) for a price of 30.
13:33:17 [Market] Player "WolfMadness" (id=c4HSBe2kjxrPMaliQvxlVkqXx1B002mwOfk2xAqaYKQ=) has send a requested to purchase expansionbread1 x1 from the trader "Consumables (Irena [Consumables])" in market zone "Outpost 42" (pos=<7196.500000, 252.990005, 6976.500000>).
13:33:17 [Market] Player "WolfMadness" (id=c4HSBe2kjxrPMaliQvxlVkqXx1B002mwOfk2xAqaYKQ=) has bought expansionbread1 x1 from the trader "Consumables (Irena [Consumables])" in market zone "Outpost 42" (pos=<7196.500000, 252.990005, 6976.500000>) for a price of 20.
13:34:17 [Safezone] Player "WolfMadness" (id=c4HSBe2kjxrPMaliQvxlVkqXx1B002mwOfk2xAqaYKQ= pos=<7303.227051, 274.503998, 7144.841309>) Left the safezone
13:54:54 [Party] Player "Soullessmonarcs" (id=3JRWaVBlu0rexFl5dzKjDY8AHl_--AJHXa-aQMieyik=) joinded the party "Soulless" (id=23 ownerUID=3JRWaVBlu0rexFl5dzKjDY8AHl_--AJHXa-aQMieyik= ownerName=Soullessmonarcs)
13:55:07 [SpawnSelection] Player "Soullessmonarcs" (id=3JRWaVBlu0rexFl5dzKjDY8AHl_--AJHXa-aQMieyik=) spawned at <14142.400391, 4.300000, 13290.200195>
14:21:14 [ExplosionDamageSystem] About to explode FlashGrenade_Ammo from FlashGrenade<8bcb56d0> at <9983.18, 158.47, 13170.8> EXPLOSION range 20 dropoff 5
14:22:48 [ExplosionDamageSystem] About to explode Explosion_40mm_Ammo from M79<95ce1db0> at <9959.87, 157.8, 13188.9> EXPLOSION range 20 dropoff 5
14:28:59 [Party] Player "WolfMadness" (id=c4HSBe2kjxrPMaliQvxlVkqXx1B002mwOfk2xAqaYKQ=) joinded the party "Soulless" (id=23 ownerUID=3JRWaVBlu0rexFl5dzKjDY8AHl_--AJHXa-aQMieyik= ownerName=Soullessmonarcs)
14:29:08 [SpawnSelection] Player "WolfMadness" (id=c4HSBe2kjxrPMaliQvxlVkqXx1B002mwOfk2xAqaYKQ=) spawned at <14407.299805, 3.000000, 13253.000000>
14:39:24 [Party] Player "42cobra" (id=7jlJa0YJ0ppxWuiq1t34ec-CitMl82Ky24_qx8QK7Rs=) joinded the party "Reapers" (id=22 ownerUID=2f2EzOlgeHPaK9xNXxBDWWPE0ljPQPbKV3WyNh1HiZA= ownerName=Gladiator)
14:43:10 [Party] Player "42cobra" (id=7jlJa0YJ0ppxWuiq1t34ec-CitMl82Ky24_qx8QK7Rs=) left the party "Reapers" (id=22 ownerUID=2f2EzOlgeHPaK9xNXxBDWWPE0ljPQPbKV3WyNh1HiZA= ownerName=Gladiator)
14:46:50 [Party] Player "42cobra" (id=7jlJa0YJ0ppxWuiq1t34ec-CitMl82Ky24_qx8QK7Rs=) joinded the party "Reapers" (id=22 ownerUID=2f2EzOlgeHPaK9xNXxBDWWPE0ljPQPbKV3WyNh1HiZA= ownerName=Gladiator)
14:47:13 [SpawnSelection] Player "42cobra" (id=7jlJa0YJ0ppxWuiq1t34ec-CitMl82Ky24_qx8QK7Rs=) spawned at <4543.990723, 2.901639, 2198.166260>
15:15:38 [VehicleDeleted] OffroadHatchback (id=A52F438649495A042E0860A925ABE47C pos=<0.000717, 0.754533, 0.042504>)
15:15:38 [VirtualGarage] Player "WolfMadness" (id=c4HSBe2kjxrPMaliQvxlVkqXx1B002mwOfk2xAqaYKQ= pos=<9139.927734, 263.234619, 11021.888672>) retrieved a vehicle "OffroadHatchback" (GlobalID=8000000080000000800000008000135D pos=<9142.831055, 263.346527, 11019.910156>)
15:16:35 [Party] Player "42cobra" (id=7jlJa0YJ0ppxWuiq1t34ec-CitMl82Ky24_qx8QK7Rs=) joinded the party "Reapers" (id=22 ownerUID=2f2EzOlgeHPaK9xNXxBDWWPE0ljPQPbKV3WyNh1HiZA= ownerName=Gladiator)
15:17:01 [SpawnSelection] Player "42cobra" (id=7jlJa0YJ0ppxWuiq1t34ec-CitMl82Ky24_qx8QK7Rs=) spawned at <14273.200195, 3.400000, 13053.299805>
15:17:33 [MissionAirdrop] An airdrop is heading towards "Skalisty Island" (pos=<13452.000000, 0.000000, 3112.000000> type=Random_Skalisty Island) with a ExpansionAirdropContainer
15:17:48 [VehicleDeleted] OffroadHatchback (id=4DF188854245FF6E7E185CA37EB9F9D3 pos=<9142.831055, 263.346558, 11019.910156>)
15:18:57 [VehicleCover] Player "Soullessmonarcs" (id=3JRWaVBlu0rexFl5dzKjDY8AHl_--AJHXa-aQMieyik= pos=<9142.323242, 263.397797, 11017.377930>) uncovered vehicle "OffroadHatchback" (GlobalID=8000000080000000800000008000135D pos=<9142.831055, 263.346558, 11019.910156>)!
15:20:56 [VehicleDeleted] OffroadHatchback (id=8E53BC57E74CD84807D6DB8EE05D0C1B pos=<9143.090820, 263.344635, 11019.963867>)
15:38:17 [Party] Player "42cobra" (id=7jlJa0YJ0ppxWuiq1t34ec-CitMl82Ky24_qx8QK7Rs=) left the party "Reapers" (id=22 ownerUID=2f2EzOlgeHPaK9xNXxBDWWPE0ljPQPbKV3WyNh1HiZA= ownerName=Gladiator)
15:44:10 [SpawnSelection] Player "ToyBoxx" (id=YPmBwzH85kJWfGJO1qpoWAVt8hglOIzUgdYaBVNiHFM=) spawned at <2031.425415, 2.290743, 2150.743408>
15:59:16 [Party] Player "WolfMadness" (id=c4HSBe2kjxrPMaliQvxlVkqXx1B002mwOfk2xAqaYKQ=) left the party "Soulless" (id=23 ownerUID=3JRWaVBlu0rexFl5dzKjDY8AHl_--AJHXa-aQMieyik= ownerName=Soullessmonarcs)
15:59:16 [Party] Player "Soullessmonarcs" (id=3JRWaVBlu0rexFl5dzKjDY8AHl_--AJHXa-aQMieyik=) left the party "Soulless" (id=23 ownerUID=3JRWaVBlu0rexFl5dzKjDY8AHl_--AJHXa-aQMieyik= ownerName=Soullessmonarcs)
