08:02:25 [Party] Player "WolfMadness" (id=c4HSBe2kjxrPMaliQvxlVkqXx1B002mwOfk2xAqaYKQ=) joinded the party "Soulless" (id=23 ownerUID=3JRWaVBlu0rexFl5dzKjDY8AHl_--AJHXa-aQMieyik= ownerName=Soullessmonarcs)
08:17:39 [Party] Player "WolfMadness" (id=c4HSBe2kjxrPMaliQvxlVkqXx1B002mwOfk2xAqaYKQ=) joinded the party "Soulless" (id=23 ownerUID=3JRWaVBlu0rexFl5dzKjDY8AHl_--AJHXa-aQMieyik= ownerName=Soullessmonarcs)
08:18:27 [SpawnSelection] Player "WolfMadness" (id=c4HSBe2kjxrPMaliQvxlVkqXx1B002mwOfk2xAqaYKQ=) spawned at <12915.700195, 4.400000, 9278.200195>
09:01:31 [Safezone] Player "WolfMadness" (id=c4HSBe2kjxrPMaliQvxlVkqXx1B002mwOfk2xAqaYKQ= pos=<7335.109375, 268.074860, 6995.867676>) Entered the safezone
09:06:44 [Market] Player "WolfMadness" (id=c4HSBe2kjxrPMaliQvxlVkqXx1B002mwOfk2xAqaYKQ=) has send a requested to sell izh18shotgun x1 at the trader "Weapons (Seth [Weapons])" in market zone "Outpost 42" (pos=<7196.500000, 252.990005, 6976.500000>).
09:06:44 [Market] Player "WolfMadness" (id=c4HSBe2kjxrPMaliQvxlVkqXx1B002mwOfk2xAqaYKQ=) has sold izh18shotgun x1 at the trader "Weapons (Seth [Weapons])" in market zone "Outpost 42" (pos=<7196.500000, 252.990005, 6976.500000>) and got 100.
09:06:47 [Market] Player "WolfMadness" (id=c4HSBe2kjxrPMaliQvxlVkqXx1B002mwOfk2xAqaYKQ=) has send a requested to sell b95 x1 at the trader "Weapons (Seth [Weapons])" in market zone "Outpost 42" (pos=<7196.500000, 252.990005, 6976.500000>).
09:06:48 [Market] Player "WolfMadness" (id=c4HSBe2kjxrPMaliQvxlVkqXx1B002mwOfk2xAqaYKQ=) has sold b95 x1 at the trader "Weapons (Seth [Weapons])" in market zone "Outpost 42" (pos=<7196.500000, 252.990005, 6976.500000>) and got 1500.
09:06:58 [Market] Player "WolfMadness" (id=c4HSBe2kjxrPMaliQvxlVkqXx1B002mwOfk2xAqaYKQ=) has send a requested to sell ammobox_00buck_10rnd x1 at the trader "Ammo_Attachments (Taiki [Ammo & Attachments])" in market zone "Outpost 42" (pos=<7196.500000, 252.990005, 6976.500000>).
09:06:59 [Market] Player "WolfMadness" (id=c4HSBe2kjxrPMaliQvxlVkqXx1B002mwOfk2xAqaYKQ=) has sold ammobox_00buck_10rnd x1 at the trader "Ammo_Attachments (Taiki [Ammo & Attachments])" in market zone "Outpost 42" (pos=<7196.500000, 252.990005, 6976.500000>) and got 20.
09:07:23 [Market] Player "WolfMadness" (id=c4HSBe2kjxrPMaliQvxlVkqXx1B002mwOfk2xAqaYKQ=) has send a requested to sell surgicalmask x1 at the trader "CivilianGear (Frida [Civilian Gear])" in market zone "Outpost 42" (pos=<7196.500000, 252.990005, 6976.500000>).
09:07:23 [Market] Player "WolfMadness" (id=c4HSBe2kjxrPMaliQvxlVkqXx1B002mwOfk2xAqaYKQ=) has sold surgicalmask x1 at the trader "CivilianGear (Frida [Civilian Gear])" in market zone "Outpost 42" (pos=<7196.500000, 252.990005, 6976.500000>) and got 8.
09:07:55 [Market] Player "WolfMadness" (id=c4HSBe2kjxrPMaliQvxlVkqXx1B002mwOfk2xAqaYKQ=) has send a requested to sell binoculars x1 at the trader "Tools_Supplies (Kaito [Tools & Supplies])" in market zone "Outpost 42" (pos=<7196.500000, 252.990005, 6976.500000>).
09:07:55 [Market] Player "WolfMadness" (id=c4HSBe2kjxrPMaliQvxlVkqXx1B002mwOfk2xAqaYKQ=) has sold binoculars x1 at the trader "Tools_Supplies (Kaito [Tools & Supplies])" in market zone "Outpost 42" (pos=<7196.500000, 252.990005, 6976.500000>) and got 125.
09:07:56 [Market] Player "WolfMadness" (id=c4HSBe2kjxrPMaliQvxlVkqXx1B002mwOfk2xAqaYKQ=) has send a requested to sell binoculars x1 at the trader "Tools_Supplies (Kaito [Tools & Supplies])" in market zone "Outpost 42" (pos=<7196.500000, 252.990005, 6976.500000>).
09:07:56 [Market] Player "WolfMadness" (id=c4HSBe2kjxrPMaliQvxlVkqXx1B002mwOfk2xAqaYKQ=) has sold binoculars x1 at the trader "Tools_Supplies (Kaito [Tools & Supplies])" in market zone "Outpost 42" (pos=<7196.500000, 252.990005, 6976.500000>) and got 250.
09:07:57 [Market] Player "WolfMadness" (id=c4HSBe2kjxrPMaliQvxlVkqXx1B002mwOfk2xAqaYKQ=) has send a requested to sell hatchet x1 at the trader "Tools_Supplies (Kaito [Tools & Supplies])" in market zone "Outpost 42" (pos=<7196.500000, 252.990005, 6976.500000>).
09:07:57 [Market] Player "WolfMadness" (id=c4HSBe2kjxrPMaliQvxlVkqXx1B002mwOfk2xAqaYKQ=) has sold hatchet x1 at the trader "Tools_Supplies (Kaito [Tools & Supplies])" in market zone "Outpost 42" (pos=<7196.500000, 252.990005, 6976.500000>) and got 0.
09:08:01 [Market] Player "WolfMadness" (id=c4HSBe2kjxrPMaliQvxlVkqXx1B002mwOfk2xAqaYKQ=) has send a requested to sell roadflare x1 at the trader "Tools_Supplies (Kaito [Tools & Supplies])" in market zone "Outpost 42" (pos=<7196.500000, 252.990005, 6976.500000>).
09:08:01 [Market] Player "WolfMadness" (id=c4HSBe2kjxrPMaliQvxlVkqXx1B002mwOfk2xAqaYKQ=) has sold roadflare x1 at the trader "Tools_Supplies (Kaito [Tools & Supplies])" in market zone "Outpost 42" (pos=<7196.500000, 252.990005, 6976.500000>) and got 0.
09:08:04 [Market] Player "WolfMadness" (id=c4HSBe2kjxrPMaliQvxlVkqXx1B002mwOfk2xAqaYKQ=) has send a requested to sell battery9v x1 at the trader "Tools_Supplies (Kaito [Tools & Supplies])" in market zone "Outpost 42" (pos=<7196.500000, 252.990005, 6976.500000>).
09:08:04 [Market] Player "WolfMadness" (id=c4HSBe2kjxrPMaliQvxlVkqXx1B002mwOfk2xAqaYKQ=) has sold battery9v x1 at the trader "Tools_Supplies (Kaito [Tools & Supplies])" in market zone "Outpost 42" (pos=<7196.500000, 252.990005, 6976.500000>) and got 0.
09:08:16 [Market] Player "WolfMadness" (id=c4HSBe2kjxrPMaliQvxlVkqXx1B002mwOfk2xAqaYKQ=) has send a requested to sell thermometer x1 at the trader "Medic (Lewis [Medic])" in market zone "Outpost 42" (pos=<7196.500000, 252.990005, 6976.500000>).
09:08:16 [Market] Player "WolfMadness" (id=c4HSBe2kjxrPMaliQvxlVkqXx1B002mwOfk2xAqaYKQ=) has sold thermometer x1 at the trader "Medic (Lewis [Medic])" in market zone "Outpost 42" (pos=<7196.500000, 252.990005, 6976.500000>) and got 12.
09:08:16 [Market] Player "WolfMadness" (id=c4HSBe2kjxrPMaliQvxlVkqXx1B002mwOfk2xAqaYKQ=) has send a requested to sell thermometer x1 at the trader "Medic (Lewis [Medic])" in market zone "Outpost 42" (pos=<7196.500000, 252.990005, 6976.500000>).
09:08:16 [Market] Player "WolfMadness" (id=c4HSBe2kjxrPMaliQvxlVkqXx1B002mwOfk2xAqaYKQ=) has sold thermometer x1 at the trader "Medic (Lewis [Medic])" in market zone "Outpost 42" (pos=<7196.500000, 252.990005, 6976.500000>) and got 25.
09:11:44 [Market] Player "WolfMadness" (id=c4HSBe2kjxrPMaliQvxlVkqXx1B002mwOfk2xAqaYKQ=) has send a requested to sell ammo_380 x1 at the trader "Ammo_Attachments (Taiki [Ammo & Attachments])" in market zone "Outpost 42" (pos=<7196.500000, 252.990005, 6976.500000>).
09:11:44 [Market] Player "WolfMadness" (id=c4HSBe2kjxrPMaliQvxlVkqXx1B002mwOfk2xAqaYKQ=) has sold ammo_380 x1 at the trader "Ammo_Attachments (Taiki [Ammo & Attachments])" in market zone "Outpost 42" (pos=<7196.500000, 252.990005, 6976.500000>) and got 0.
09:11:44 [Market] Player "WolfMadness" (id=c4HSBe2kjxrPMaliQvxlVkqXx1B002mwOfk2xAqaYKQ=) has send a requested to sell ammo_380 x1 at the trader "Ammo_Attachments (Taiki [Ammo & Attachments])" in market zone "Outpost 42" (pos=<7196.500000, 252.990005, 6976.500000>).
09:11:44 [Market] Player "WolfMadness" (id=c4HSBe2kjxrPMaliQvxlVkqXx1B002mwOfk2xAqaYKQ=) has sold ammo_380 x1 at the trader "Ammo_Attachments (Taiki [Ammo & Attachments])" in market zone "Outpost 42" (pos=<7196.500000, 252.990005, 6976.500000>) and got 0.
09:11:44 [Market] Player "WolfMadness" (id=c4HSBe2kjxrPMaliQvxlVkqXx1B002mwOfk2xAqaYKQ=) has send a requested to sell ammo_380 x1 at the trader "Ammo_Attachments (Taiki [Ammo & Attachments])" in market zone "Outpost 42" (pos=<7196.500000, 252.990005, 6976.500000>).
09:11:44 [Market] Player "WolfMadness" (id=c4HSBe2kjxrPMaliQvxlVkqXx1B002mwOfk2xAqaYKQ=) has sold ammo_380 x1 at the trader "Ammo_Attachments (Taiki [Ammo & Attachments])" in market zone "Outpost 42" (pos=<7196.500000, 252.990005, 6976.500000>) and got 0.
09:11:45 [Market] Player "WolfMadness" (id=c4HSBe2kjxrPMaliQvxlVkqXx1B002mwOfk2xAqaYKQ=) has send a requested to sell ammo_380 x1 at the trader "Ammo_Attachments (Taiki [Ammo & Attachments])" in market zone "Outpost 42" (pos=<7196.500000, 252.990005, 6976.500000>).
09:11:45 [Market] Player "WolfMadness" (id=c4HSBe2kjxrPMaliQvxlVkqXx1B002mwOfk2xAqaYKQ=) has sold ammo_380 x1 at the trader "Ammo_Attachments (Taiki [Ammo & Attachments])" in market zone "Outpost 42" (pos=<7196.500000, 252.990005, 6976.500000>) and got 0.
09:11:45 [Market] Player "WolfMadness" (id=c4HSBe2kjxrPMaliQvxlVkqXx1B002mwOfk2xAqaYKQ=) has send a requested to sell ammo_380 x1 at the trader "Ammo_Attachments (Taiki [Ammo & Attachments])" in market zone "Outpost 42" (pos=<7196.500000, 252.990005, 6976.500000>).
09:11:45 [Market] Player "WolfMadness" (id=c4HSBe2kjxrPMaliQvxlVkqXx1B002mwOfk2xAqaYKQ=) has sold ammo_380 x1 at the trader "Ammo_Attachments (Taiki [Ammo & Attachments])" in market zone "Outpost 42" (pos=<7196.500000, 252.990005, 6976.500000>) and got 0.
09:11:45 [Market] Player "WolfMadness" (id=c4HSBe2kjxrPMaliQvxlVkqXx1B002mwOfk2xAqaYKQ=) has send a requested to sell ammo_380 x1 at the trader "Ammo_Attachments (Taiki [Ammo & Attachments])" in market zone "Outpost 42" (pos=<7196.500000, 252.990005, 6976.500000>).
09:11:45 [Market] Player "WolfMadness" (id=c4HSBe2kjxrPMaliQvxlVkqXx1B002mwOfk2xAqaYKQ=) has sold ammo_380 x1 at the trader "Ammo_Attachments (Taiki [Ammo & Attachments])" in market zone "Outpost 42" (pos=<7196.500000, 252.990005, 6976.500000>) and got 0.
09:11:45 [Market] Player "WolfMadness" (id=c4HSBe2kjxrPMaliQvxlVkqXx1B002mwOfk2xAqaYKQ=) has send a requested to sell ammo_380 x1 at the trader "Ammo_Attachments (Taiki [Ammo & Attachments])" in market zone "Outpost 42" (pos=<7196.500000, 252.990005, 6976.500000>).
09:11:45 [Market] Player "WolfMadness" (id=c4HSBe2kjxrPMaliQvxlVkqXx1B002mwOfk2xAqaYKQ=) has sold ammo_380 x1 at the trader "Ammo_Attachments (Taiki [Ammo & Attachments])" in market zone "Outpost 42" (pos=<7196.500000, 252.990005, 6976.500000>) and got 0.
09:11:45 [Market] Player "WolfMadness" (id=c4HSBe2kjxrPMaliQvxlVkqXx1B002mwOfk2xAqaYKQ=) has send a requested to sell ammo_380 x1 at the trader "Ammo_Attachments (Taiki [Ammo & Attachments])" in market zone "Outpost 42" (pos=<7196.500000, 252.990005, 6976.500000>).
09:11:46 [Market] Player "WolfMadness" (id=c4HSBe2kjxrPMaliQvxlVkqXx1B002mwOfk2xAqaYKQ=) has sold ammo_380 x1 at the trader "Ammo_Attachments (Taiki [Ammo & Attachments])" in market zone "Outpost 42" (pos=<7196.500000, 252.990005, 6976.500000>) and got 0.
09:11:46 [Market] Player "WolfMadness" (id=c4HSBe2kjxrPMaliQvxlVkqXx1B002mwOfk2xAqaYKQ=) has send a requested to sell ammo_380 x1 at the trader "Ammo_Attachments (Taiki [Ammo & Attachments])" in market zone "Outpost 42" (pos=<7196.500000, 252.990005, 6976.500000>).
09:11:46 [Market] Player "WolfMadness" (id=c4HSBe2kjxrPMaliQvxlVkqXx1B002mwOfk2xAqaYKQ=) has sold ammo_380 x1 at the trader "Ammo_Attachments (Taiki [Ammo & Attachments])" in market zone "Outpost 42" (pos=<7196.500000, 252.990005, 6976.500000>) and got 0.
09:11:46 [Market] Player "WolfMadness" (id=c4HSBe2kjxrPMaliQvxlVkqXx1B002mwOfk2xAqaYKQ=) has send a requested to sell ammo_380 x1 at the trader "Ammo_Attachments (Taiki [Ammo & Attachments])" in market zone "Outpost 42" (pos=<7196.500000, 252.990005, 6976.500000>).
09:11:46 [Market] Player "WolfMadness" (id=c4HSBe2kjxrPMaliQvxlVkqXx1B002mwOfk2xAqaYKQ=) has sold ammo_380 x1 at the trader "Ammo_Attachments (Taiki [Ammo & Attachments])" in market zone "Outpost 42" (pos=<7196.500000, 252.990005, 6976.500000>) and got 0.
09:11:46 [Market] Player "WolfMadness" (id=c4HSBe2kjxrPMaliQvxlVkqXx1B002mwOfk2xAqaYKQ=) has send a requested to sell ammo_380 x1 at the trader "Ammo_Attachments (Taiki [Ammo & Attachments])" in market zone "Outpost 42" (pos=<7196.500000, 252.990005, 6976.500000>).
09:11:46 [Market] Player "WolfMadness" (id=c4HSBe2kjxrPMaliQvxlVkqXx1B002mwOfk2xAqaYKQ=) has sold ammo_380 x1 at the trader "Ammo_Attachments (Taiki [Ammo & Attachments])" in market zone "Outpost 42" (pos=<7196.500000, 252.990005, 6976.500000>) and got 0.
09:11:46 [Market] Player "WolfMadness" (id=c4HSBe2kjxrPMaliQvxlVkqXx1B002mwOfk2xAqaYKQ=) has send a requested to sell ammo_380 x1 at the trader "Ammo_Attachments (Taiki [Ammo & Attachments])" in market zone "Outpost 42" (pos=<7196.500000, 252.990005, 6976.500000>).
09:11:46 [Market] Player "WolfMadness" (id=c4HSBe2kjxrPMaliQvxlVkqXx1B002mwOfk2xAqaYKQ=) has sold ammo_380 x1 at the trader "Ammo_Attachments (Taiki [Ammo & Attachments])" in market zone "Outpost 42" (pos=<7196.500000, 252.990005, 6976.500000>) and got 0.
09:11:47 [Market] Player "WolfMadness" (id=c4HSBe2kjxrPMaliQvxlVkqXx1B002mwOfk2xAqaYKQ=) has send a requested to sell ammo_380 x1 at the trader "Ammo_Attachments (Taiki [Ammo & Attachments])" in market zone "Outpost 42" (pos=<7196.500000, 252.990005, 6976.500000>).
09:11:47 [Market] Player "WolfMadness" (id=c4HSBe2kjxrPMaliQvxlVkqXx1B002mwOfk2xAqaYKQ=) has sold ammo_380 x1 at the trader "Ammo_Attachments (Taiki [Ammo & Attachments])" in market zone "Outpost 42" (pos=<7196.500000, 252.990005, 6976.500000>) and got 0.
09:11:47 [Market] Player "WolfMadness" (id=c4HSBe2kjxrPMaliQvxlVkqXx1B002mwOfk2xAqaYKQ=) has send a requested to sell ammo_380 x1 at the trader "Ammo_Attachments (Taiki [Ammo & Attachments])" in market zone "Outpost 42" (pos=<7196.500000, 252.990005, 6976.500000>).
09:11:47 [Market] Player "WolfMadness" (id=c4HSBe2kjxrPMaliQvxlVkqXx1B002mwOfk2xAqaYKQ=) has sold ammo_380 x1 at the trader "Ammo_Attachments (Taiki [Ammo & Attachments])" in market zone "Outpost 42" (pos=<7196.500000, 252.990005, 6976.500000>) and got 0.
09:11:47 [Market] Player "WolfMadness" (id=c4HSBe2kjxrPMaliQvxlVkqXx1B002mwOfk2xAqaYKQ=) has send a requested to sell ammo_380 x1 at the trader "Ammo_Attachments (Taiki [Ammo & Attachments])" in market zone "Outpost 42" (pos=<7196.500000, 252.990005, 6976.500000>).
09:11:47 [Market] Player "WolfMadness" (id=c4HSBe2kjxrPMaliQvxlVkqXx1B002mwOfk2xAqaYKQ=) has sold ammo_380 x1 at the trader "Ammo_Attachments (Taiki [Ammo & Attachments])" in market zone "Outpost 42" (pos=<7196.500000, 252.990005, 6976.500000>) and got 0.
09:11:47 [Market] Player "WolfMadness" (id=c4HSBe2kjxrPMaliQvxlVkqXx1B002mwOfk2xAqaYKQ=) has send a requested to sell ammo_380 x1 at the trader "Ammo_Attachments (Taiki [Ammo & Attachments])" in market zone "Outpost 42" (pos=<7196.500000, 252.990005, 6976.500000>).
09:11:47 [Market] Player "WolfMadness" (id=c4HSBe2kjxrPMaliQvxlVkqXx1B002mwOfk2xAqaYKQ=) has sold ammo_380 x1 at the trader "Ammo_Attachments (Taiki [Ammo & Attachments])" in market zone "Outpost 42" (pos=<7196.500000, 252.990005, 6976.500000>) and got 0.
09:11:47 [Market] Player "WolfMadness" (id=c4HSBe2kjxrPMaliQvxlVkqXx1B002mwOfk2xAqaYKQ=) has send a requested to sell ammo_380 x1 at the trader "Ammo_Attachments (Taiki [Ammo & Attachments])" in market zone "Outpost 42" (pos=<7196.500000, 252.990005, 6976.500000>).
09:11:47 [Market] Player "WolfMadness" (id=c4HSBe2kjxrPMaliQvxlVkqXx1B002mwOfk2xAqaYKQ=) has sold ammo_380 x1 at the trader "Ammo_Attachments (Taiki [Ammo & Attachments])" in market zone "Outpost 42" (pos=<7196.500000, 252.990005, 6976.500000>) and got 0.
09:11:47 [Market] Player "WolfMadness" (id=c4HSBe2kjxrPMaliQvxlVkqXx1B002mwOfk2xAqaYKQ=) has send a requested to sell ammo_380 x1 at the trader "Ammo_Attachments (Taiki [Ammo & Attachments])" in market zone "Outpost 42" (pos=<7196.500000, 252.990005, 6976.500000>).
09:11:48 [Market] Player "WolfMadness" (id=c4HSBe2kjxrPMaliQvxlVkqXx1B002mwOfk2xAqaYKQ=) has sold ammo_380 x1 at the trader "Ammo_Attachments (Taiki [Ammo & Attachments])" in market zone "Outpost 42" (pos=<7196.500000, 252.990005, 6976.500000>) and got 0.
09:11:48 [Market] Player "WolfMadness" (id=c4HSBe2kjxrPMaliQvxlVkqXx1B002mwOfk2xAqaYKQ=) has send a requested to sell ammo_380 x1 at the trader "Ammo_Attachments (Taiki [Ammo & Attachments])" in market zone "Outpost 42" (pos=<7196.500000, 252.990005, 6976.500000>).
09:11:48 [Market] Player "WolfMadness" (id=c4HSBe2kjxrPMaliQvxlVkqXx1B002mwOfk2xAqaYKQ=) has sold ammo_380 x1 at the trader "Ammo_Attachments (Taiki [Ammo & Attachments])" in market zone "Outpost 42" (pos=<7196.500000, 252.990005, 6976.500000>) and got 0.
09:11:59 [Market] Player "WolfMadness" (id=c4HSBe2kjxrPMaliQvxlVkqXx1B002mwOfk2xAqaYKQ=) has send a requested to sell greathelm x1 at the trader "MilitaryGear (Judy [Military Gear])" in market zone "Outpost 42" (pos=<7196.500000, 252.990005, 6976.500000>).
09:11:59 [Market] Player "WolfMadness" (id=c4HSBe2kjxrPMaliQvxlVkqXx1B002mwOfk2xAqaYKQ=) has sold greathelm x1 at the trader "MilitaryGear (Judy [Military Gear])" in market zone "Outpost 42" (pos=<7196.500000, 252.990005, 6976.500000>) and got 1250.
09:13:46 [Market] Player "WolfMadness" (id=c4HSBe2kjxrPMaliQvxlVkqXx1B002mwOfk2xAqaYKQ=) has send a requested to sell beaniehat_black x1 at the trader "CivilianGear (Frida [Civilian Gear])" in market zone "Outpost 42" (pos=<7196.500000, 252.990005, 6976.500000>).
09:13:46 [Market] Player "WolfMadness" (id=c4HSBe2kjxrPMaliQvxlVkqXx1B002mwOfk2xAqaYKQ=) has sold beaniehat_black x1 at the trader "CivilianGear (Frida [Civilian Gear])" in market zone "Outpost 42" (pos=<7196.500000, 252.990005, 6976.500000>) and got 4.
09:14:00 [Market] Player "WolfMadness" (id=c4HSBe2kjxrPMaliQvxlVkqXx1B002mwOfk2xAqaYKQ=) has send a requested to sell flashlight x1 at the trader "Tools_Supplies (Kaito [Tools & Supplies])" in market zone "Outpost 42" (pos=<7196.500000, 252.990005, 6976.500000>).
09:14:00 [Market] Player "WolfMadness" (id=c4HSBe2kjxrPMaliQvxlVkqXx1B002mwOfk2xAqaYKQ=) has sold flashlight x1 at the trader "Tools_Supplies (Kaito [Tools & Supplies])" in market zone "Outpost 42" (pos=<7196.500000, 252.990005, 6976.500000>) and got 3.
09:15:42 [Market] Player "WolfMadness" (id=c4HSBe2kjxrPMaliQvxlVkqXx1B002mwOfk2xAqaYKQ=) has send a requested to purchase canteen x1 from the trader "Consumables (Irena [Consumables])" in market zone "Outpost 42" (pos=<7196.500000, 252.990005, 6976.500000>).
09:15:42 [Market] Player "WolfMadness" (id=c4HSBe2kjxrPMaliQvxlVkqXx1B002mwOfk2xAqaYKQ=) has bought canteen x1 from the trader "Consumables (Irena [Consumables])" in market zone "Outpost 42" (pos=<7196.500000, 252.990005, 6976.500000>) for a price of 200.
09:16:12 [Market] Player "WolfMadness" (id=c4HSBe2kjxrPMaliQvxlVkqXx1B002mwOfk2xAqaYKQ=) has send a requested to sell canteen x1 at the trader "Consumables (Irena [Consumables])" in market zone "Outpost 42" (pos=<7196.500000, 252.990005, 6976.500000>).
09:16:12 [Market] Player "WolfMadness" (id=c4HSBe2kjxrPMaliQvxlVkqXx1B002mwOfk2xAqaYKQ=) has sold canteen x1 at the trader "Consumables (Irena [Consumables])" in market zone "Outpost 42" (pos=<7196.500000, 252.990005, 6976.500000>) and got 100.
09:16:27 [Market] Player "WolfMadness" (id=c4HSBe2kjxrPMaliQvxlVkqXx1B002mwOfk2xAqaYKQ=) has send a requested to purchase waterbottle x1 from the trader "Consumables (Irena [Consumables])" in market zone "Outpost 42" (pos=<7196.500000, 252.990005, 6976.500000>).
09:16:28 [Market] Player "WolfMadness" (id=c4HSBe2kjxrPMaliQvxlVkqXx1B002mwOfk2xAqaYKQ=) has bought waterbottle x1 from the trader "Consumables (Irena [Consumables])" in market zone "Outpost 42" (pos=<7196.500000, 252.990005, 6976.500000>) for a price of 25.
09:18:29 [Market] Player "WolfMadness" (id=c4HSBe2kjxrPMaliQvxlVkqXx1B002mwOfk2xAqaYKQ=) has send a requested to purchase flashlight x1 from the trader "Tools_Supplies (Kaito [Tools & Supplies])" in market zone "Outpost 42" (pos=<7196.500000, 252.990005, 6976.500000>).
09:18:29 [Market] Player "WolfMadness" (id=c4HSBe2kjxrPMaliQvxlVkqXx1B002mwOfk2xAqaYKQ=) has bought flashlight x1 from the trader "Tools_Supplies (Kaito [Tools & Supplies])" in market zone "Outpost 42" (pos=<7196.500000, 252.990005, 6976.500000>) for a price of 25.
09:18:32 [Market] Player "WolfMadness" (id=c4HSBe2kjxrPMaliQvxlVkqXx1B002mwOfk2xAqaYKQ=) has send a requested to purchase battery9v x1 from the trader "Tools_Supplies (Kaito [Tools & Supplies])" in market zone "Outpost 42" (pos=<7196.500000, 252.990005, 6976.500000>).
09:18:32 [Market] Player "WolfMadness" (id=c4HSBe2kjxrPMaliQvxlVkqXx1B002mwOfk2xAqaYKQ=) has bought battery9v x1 from the trader "Tools_Supplies (Kaito [Tools & Supplies])" in market zone "Outpost 42" (pos=<7196.500000, 252.990005, 6976.500000>) for a price of 50.
09:18:59 [Market] Player "WolfMadness" (id=c4HSBe2kjxrPMaliQvxlVkqXx1B002mwOfk2xAqaYKQ=) has send a requested to purchase huntingknife x1 from the trader "Tools_Supplies (Kaito [Tools & Supplies])" in market zone "Outpost 42" (pos=<7196.500000, 252.990005, 6976.500000>).
09:18:59 [Market] Player "WolfMadness" (id=c4HSBe2kjxrPMaliQvxlVkqXx1B002mwOfk2xAqaYKQ=) has bought huntingknife x1 from the trader "Tools_Supplies (Kaito [Tools & Supplies])" in market zone "Outpost 42" (pos=<7196.500000, 252.990005, 6976.500000>) for a price of 75.
09:21:39 [Safezone] Player "WolfMadness" (id=c4HSBe2kjxrPMaliQvxlVkqXx1B002mwOfk2xAqaYKQ= pos=<7207.007324, 259.181122, 7182.117676>) Left the safezone
09:37:16 [Safezone] Player "WolfMadness" (id=c4HSBe2kjxrPMaliQvxlVkqXx1B002mwOfk2xAqaYKQ= pos=<7200.179199, 257.013702, 7116.285645>) Entered the safezone
09:38:13 [Market] Player "WolfMadness" (id=c4HSBe2kjxrPMaliQvxlVkqXx1B002mwOfk2xAqaYKQ=) has send a requested to sell thinframesglasses x1 at the trader "CivilianGear (Frida [Civilian Gear])" in market zone "Outpost 42" (pos=<7196.500000, 252.990005, 6976.500000>).
09:38:13 [Market] Player "WolfMadness" (id=c4HSBe2kjxrPMaliQvxlVkqXx1B002mwOfk2xAqaYKQ=) has sold thinframesglasses x1 at the trader "CivilianGear (Frida [Civilian Gear])" in market zone "Outpost 42" (pos=<7196.500000, 252.990005, 6976.500000>) and got 5.
09:38:35 [Market] Player "WolfMadness" (id=c4HSBe2kjxrPMaliQvxlVkqXx1B002mwOfk2xAqaYKQ=) has send a requested to sell pliers x1 at the trader "Tools_Supplies (Kaito [Tools & Supplies])" in market zone "Outpost 42" (pos=<7196.500000, 252.990005, 6976.500000>).
09:38:35 [Market] Player "WolfMadness" (id=c4HSBe2kjxrPMaliQvxlVkqXx1B002mwOfk2xAqaYKQ=) has sold pliers x1 at the trader "Tools_Supplies (Kaito [Tools & Supplies])" in market zone "Outpost 42" (pos=<7196.500000, 252.990005, 6976.500000>) and got 188.
09:38:38 [Market] Player "WolfMadness" (id=c4HSBe2kjxrPMaliQvxlVkqXx1B002mwOfk2xAqaYKQ=) has send a requested to sell pipewrench x1 at the trader "Tools_Supplies (Kaito [Tools & Supplies])" in market zone "Outpost 42" (pos=<7196.500000, 252.990005, 6976.500000>).
09:38:38 [Market] Player "WolfMadness" (id=c4HSBe2kjxrPMaliQvxlVkqXx1B002mwOfk2xAqaYKQ=) has sold pipewrench x1 at the trader "Tools_Supplies (Kaito [Tools & Supplies])" in market zone "Outpost 42" (pos=<7196.500000, 252.990005, 6976.500000>) and got 75.
09:38:39 [Market] Player "WolfMadness" (id=c4HSBe2kjxrPMaliQvxlVkqXx1B002mwOfk2xAqaYKQ=) has send a requested to sell pitchfork x1 at the trader "Tools_Supplies (Kaito [Tools & Supplies])" in market zone "Outpost 42" (pos=<7196.500000, 252.990005, 6976.500000>).
09:38:39 [Market] Player "WolfMadness" (id=c4HSBe2kjxrPMaliQvxlVkqXx1B002mwOfk2xAqaYKQ=) has sold pitchfork x1 at the trader "Tools_Supplies (Kaito [Tools & Supplies])" in market zone "Outpost 42" (pos=<7196.500000, 252.990005, 6976.500000>) and got 38.
09:38:42 [Market] Player "WolfMadness" (id=c4HSBe2kjxrPMaliQvxlVkqXx1B002mwOfk2xAqaYKQ=) has send a requested to sell flashlight x1 at the trader "Tools_Supplies (Kaito [Tools & Supplies])" in market zone "Outpost 42" (pos=<7196.500000, 252.990005, 6976.500000>).
09:38:42 [Market] Player "WolfMadness" (id=c4HSBe2kjxrPMaliQvxlVkqXx1B002mwOfk2xAqaYKQ=) has sold flashlight x1 at the trader "Tools_Supplies (Kaito [Tools & Supplies])" in market zone "Outpost 42" (pos=<7196.500000, 252.990005, 6976.500000>) and got 9.
09:38:50 [Market] Player "WolfMadness" (id=c4HSBe2kjxrPMaliQvxlVkqXx1B002mwOfk2xAqaYKQ=) has send a requested to sell paper x1 at the trader "Tools_Supplies (Kaito [Tools & Supplies])" in market zone "Outpost 42" (pos=<7196.500000, 252.990005, 6976.500000>).
09:38:50 [Market] Player "WolfMadness" (id=c4HSBe2kjxrPMaliQvxlVkqXx1B002mwOfk2xAqaYKQ=) has sold paper x1 at the trader "Tools_Supplies (Kaito [Tools & Supplies])" in market zone "Outpost 42" (pos=<7196.500000, 252.990005, 6976.500000>) and got 0.
09:39:47 [Market] Player "WolfMadness" (id=c4HSBe2kjxrPMaliQvxlVkqXx1B002mwOfk2xAqaYKQ=) has send a requested to purchase charcoaltablets x1 from the trader "Medic (Lewis [Medic])" in market zone "Outpost 42" (pos=<7196.500000, 252.990005, 6976.500000>).
09:39:47 [Market] Player "WolfMadness" (id=c4HSBe2kjxrPMaliQvxlVkqXx1B002mwOfk2xAqaYKQ=) has bought charcoaltablets x1 from the trader "Medic (Lewis [Medic])" in market zone "Outpost 42" (pos=<7196.500000, 252.990005, 6976.500000>) for a price of 50.
09:39:48 [Market] Player "WolfMadness" (id=c4HSBe2kjxrPMaliQvxlVkqXx1B002mwOfk2xAqaYKQ=) has send a requested to purchase tetracyclineantibiotics x1 from the trader "Medic (Lewis [Medic])" in market zone "Outpost 42" (pos=<7196.500000, 252.990005, 6976.500000>).
09:39:48 [Market] Player "WolfMadness" (id=c4HSBe2kjxrPMaliQvxlVkqXx1B002mwOfk2xAqaYKQ=) has bought tetracyclineantibiotics x1 from the trader "Medic (Lewis [Medic])" in market zone "Outpost 42" (pos=<7196.500000, 252.990005, 6976.500000>) for a price of 100.
09:39:49 [Market] Player "WolfMadness" (id=c4HSBe2kjxrPMaliQvxlVkqXx1B002mwOfk2xAqaYKQ=) has send a requested to purchase painkillertablets x1 from the trader "Medic (Lewis [Medic])" in market zone "Outpost 42" (pos=<7196.500000, 252.990005, 6976.500000>).
09:39:50 [Market] Player "WolfMadness" (id=c4HSBe2kjxrPMaliQvxlVkqXx1B002mwOfk2xAqaYKQ=) has bought painkillertablets x1 from the trader "Medic (Lewis [Medic])" in market zone "Outpost 42" (pos=<7196.500000, 252.990005, 6976.500000>) for a price of 100.
09:39:51 [Market] Player "WolfMadness" (id=c4HSBe2kjxrPMaliQvxlVkqXx1B002mwOfk2xAqaYKQ=) has send a requested to purchase epinephrine x1 from the trader "Medic (Lewis [Medic])" in market zone "Outpost 42" (pos=<7196.500000, 252.990005, 6976.500000>).
09:39:51 [Market] Player "WolfMadness" (id=c4HSBe2kjxrPMaliQvxlVkqXx1B002mwOfk2xAqaYKQ=) has bought epinephrine x1 from the trader "Medic (Lewis [Medic])" in market zone "Outpost 42" (pos=<7196.500000, 252.990005, 6976.500000>) for a price of 200.
09:39:52 [Market] Player "WolfMadness" (id=c4HSBe2kjxrPMaliQvxlVkqXx1B002mwOfk2xAqaYKQ=) has send a requested to purchase morphine x1 from the trader "Medic (Lewis [Medic])" in market zone "Outpost 42" (pos=<7196.500000, 252.990005, 6976.500000>).
09:39:52 [Market] Player "WolfMadness" (id=c4HSBe2kjxrPMaliQvxlVkqXx1B002mwOfk2xAqaYKQ=) has bought morphine x1 from the trader "Medic (Lewis [Medic])" in market zone "Outpost 42" (pos=<7196.500000, 252.990005, 6976.500000>) for a price of 200.
09:40:00 [Market] Player "WolfMadness" (id=c4HSBe2kjxrPMaliQvxlVkqXx1B002mwOfk2xAqaYKQ=) has send a requested to purchase anticheminjector x1 from the trader "Medic (Lewis [Medic])" in market zone "Outpost 42" (pos=<7196.500000, 252.990005, 6976.500000>).
09:40:00 [Market] Player "WolfMadness" (id=c4HSBe2kjxrPMaliQvxlVkqXx1B002mwOfk2xAqaYKQ=) has bought anticheminjector x1 from the trader "Medic (Lewis [Medic])" in market zone "Outpost 42" (pos=<7196.500000, 252.990005, 6976.500000>) for a price of 300.
09:40:06 [Market] Player "WolfMadness" (id=c4HSBe2kjxrPMaliQvxlVkqXx1B002mwOfk2xAqaYKQ=) has send a requested to purchase firstaidkit x1 from the trader "Medic (Lewis [Medic])" in market zone "Outpost 42" (pos=<7196.500000, 252.990005, 6976.500000>).
09:40:06 [Market] Player "WolfMadness" (id=c4HSBe2kjxrPMaliQvxlVkqXx1B002mwOfk2xAqaYKQ=) has bought firstaidkit x1 from the trader "Medic (Lewis [Medic])" in market zone "Outpost 42" (pos=<7196.500000, 252.990005, 6976.500000>) for a price of 50.
09:40:07 [Market] Player "WolfMadness" (id=c4HSBe2kjxrPMaliQvxlVkqXx1B002mwOfk2xAqaYKQ=) has send a requested to purchase bandagedressing x1 from the trader "Medic (Lewis [Medic])" in market zone "Outpost 42" (pos=<7196.500000, 252.990005, 6976.500000>).
09:40:07 [Market] Player "WolfMadness" (id=c4HSBe2kjxrPMaliQvxlVkqXx1B002mwOfk2xAqaYKQ=) has bought bandagedressing x1 from the trader "Medic (Lewis [Medic])" in market zone "Outpost 42" (pos=<7196.500000, 252.990005, 6976.500000>) for a price of 50.
09:41:35 [Market] Player "WolfMadness" (id=c4HSBe2kjxrPMaliQvxlVkqXx1B002mwOfk2xAqaYKQ=) has send a requested to sell mag_ij70_8rnd x1 at the trader "Ammo_Attachments (Taiki [Ammo & Attachments])" in market zone "Outpost 42" (pos=<7196.500000, 252.990005, 6976.500000>).
09:41:35 [Market] Player "WolfMadness" (id=c4HSBe2kjxrPMaliQvxlVkqXx1B002mwOfk2xAqaYKQ=) has sold mag_ij70_8rnd x1 at the trader "Ammo_Attachments (Taiki [Ammo & Attachments])" in market zone "Outpost 42" (pos=<7196.500000, 252.990005, 6976.500000>) and got 27.
09:41:36 [Market] Player "WolfMadness" (id=c4HSBe2kjxrPMaliQvxlVkqXx1B002mwOfk2xAqaYKQ=) has send a requested to sell mag_ij70_8rnd x1 at the trader "Ammo_Attachments (Taiki [Ammo & Attachments])" in market zone "Outpost 42" (pos=<7196.500000, 252.990005, 6976.500000>).
09:41:36 [Market] Player "WolfMadness" (id=c4HSBe2kjxrPMaliQvxlVkqXx1B002mwOfk2xAqaYKQ=) has sold mag_ij70_8rnd x1 at the trader "Ammo_Attachments (Taiki [Ammo & Attachments])" in market zone "Outpost 42" (pos=<7196.500000, 252.990005, 6976.500000>) and got 27.
09:41:37 [Market] Player "WolfMadness" (id=c4HSBe2kjxrPMaliQvxlVkqXx1B002mwOfk2xAqaYKQ=) has send a requested to sell mag_p1_8rnd x1 at the trader "Ammo_Attachments (Taiki [Ammo & Attachments])" in market zone "Outpost 42" (pos=<7196.500000, 252.990005, 6976.500000>).
09:41:38 [Market] Player "WolfMadness" (id=c4HSBe2kjxrPMaliQvxlVkqXx1B002mwOfk2xAqaYKQ=) has sold mag_p1_8rnd x1 at the trader "Ammo_Attachments (Taiki [Ammo & Attachments])" in market zone "Outpost 42" (pos=<7196.500000, 252.990005, 6976.500000>) and got 26.
09:41:40 [Market] Player "WolfMadness" (id=c4HSBe2kjxrPMaliQvxlVkqXx1B002mwOfk2xAqaYKQ=) has send a requested to sell ammo_12gaslug x1 at the trader "Ammo_Attachments (Taiki [Ammo & Attachments])" in market zone "Outpost 42" (pos=<7196.500000, 252.990005, 6976.500000>).
09:41:40 [Market] Player "WolfMadness" (id=c4HSBe2kjxrPMaliQvxlVkqXx1B002mwOfk2xAqaYKQ=) has sold ammo_12gaslug x1 at the trader "Ammo_Attachments (Taiki [Ammo & Attachments])" in market zone "Outpost 42" (pos=<7196.500000, 252.990005, 6976.500000>) and got 2.
09:41:40 [Market] Player "WolfMadness" (id=c4HSBe2kjxrPMaliQvxlVkqXx1B002mwOfk2xAqaYKQ=) has send a requested to sell ammo_12gaslug x1 at the trader "Ammo_Attachments (Taiki [Ammo & Attachments])" in market zone "Outpost 42" (pos=<7196.500000, 252.990005, 6976.500000>).
09:41:41 [Market] Player "WolfMadness" (id=c4HSBe2kjxrPMaliQvxlVkqXx1B002mwOfk2xAqaYKQ=) has sold ammo_12gaslug x1 at the trader "Ammo_Attachments (Taiki [Ammo & Attachments])" in market zone "Outpost 42" (pos=<7196.500000, 252.990005, 6976.500000>) and got 2.
09:47:03 [Safezone] Player "WolfMadness" (id=c4HSBe2kjxrPMaliQvxlVkqXx1B002mwOfk2xAqaYKQ= pos=<7070.606445, 279.360474, 7101.302734>) Left the safezone
09:50:06 [Party] Player "WolfMadness" (id=c4HSBe2kjxrPMaliQvxlVkqXx1B002mwOfk2xAqaYKQ=) joinded the party "Soulless" (id=23 ownerUID=3JRWaVBlu0rexFl5dzKjDY8AHl_--AJHXa-aQMieyik= ownerName=Soullessmonarcs)
09:51:34 [SpawnSelection] Player "WolfMadness" (id=c4HSBe2kjxrPMaliQvxlVkqXx1B002mwOfk2xAqaYKQ=) spawned at <14273.200195, 3.400000, 13053.299805>
09:52:10 [Party] Player "WolfMadness" (id=c4HSBe2kjxrPMaliQvxlVkqXx1B002mwOfk2xAqaYKQ=) left the party "Soulless" (id=23 ownerUID=3JRWaVBlu0rexFl5dzKjDY8AHl_--AJHXa-aQMieyik= ownerName=Soullessmonarcs)
10:14:55 [Party] Player "WolfMadness" (id=c4HSBe2kjxrPMaliQvxlVkqXx1B002mwOfk2xAqaYKQ=) joinded the party "Soulless" (id=23 ownerUID=3JRWaVBlu0rexFl5dzKjDY8AHl_--AJHXa-aQMieyik= ownerName=Soullessmonarcs)
11:29:01 [Party] Player "WolfMadness" (id=c4HSBe2kjxrPMaliQvxlVkqXx1B002mwOfk2xAqaYKQ=) left the party "Soulless" (id=23 ownerUID=3JRWaVBlu0rexFl5dzKjDY8AHl_--AJHXa-aQMieyik= ownerName=Soullessmonarcs)
11:30:26 [Party] Player "WolfMadness" (id=c4HSBe2kjxrPMaliQvxlVkqXx1B002mwOfk2xAqaYKQ=) joinded the party "Soulless" (id=23 ownerUID=3JRWaVBlu0rexFl5dzKjDY8AHl_--AJHXa-aQMieyik= ownerName=Soullessmonarcs)
11:48:47 [Party] Player "WolfMadness" (id=c4HSBe2kjxrPMaliQvxlVkqXx1B002mwOfk2xAqaYKQ=) joinded the party "Soulless" (id=23 ownerUID=3JRWaVBlu0rexFl5dzKjDY8AHl_--AJHXa-aQMieyik= ownerName=Soullessmonarcs)
11:48:55 [SpawnSelection] Player "WolfMadness" (id=c4HSBe2kjxrPMaliQvxlVkqXx1B002mwOfk2xAqaYKQ=) spawned at <14273.200195, 3.400000, 13053.299805>
11:59:16 [Party] Player "WolfMadness" (id=c4HSBe2kjxrPMaliQvxlVkqXx1B002mwOfk2xAqaYKQ=) left the party "Soulless" (id=23 ownerUID=3JRWaVBlu0rexFl5dzKjDY8AHl_--AJHXa-aQMieyik= ownerName=Soullessmonarcs)
