09:32:18 [VehicleCover] Player "Rando" (id=JvvCHnGuyh_nfZYJHhwPEuqC4PLOVPMEAKGSXu_-8kY= pos=<2680.578857, 205.944458, 5351.759766>) uncovered vehicle "OffroadHatchback" (GlobalID=80000000800000008000000080001F0E pos=<2682.223877, 206.097244, 5351.876953>)!
09:32:22 [VehicleCarKey] Player "Rando" (id=JvvCHnGuyh_nfZYJHhwPEuqC4PLOVPMEAKGSXu_-8kY= pos=<2680.995117, 206.205002, 5352.270020>) used the  ExpansionCarKey to unlock OffroadHatchback (id=CC8627E0594623F71A5829A768A1B054 pos=<2682.224121, 206.097229, 5351.877441>)
09:34:50 [VehicleEnter] Player Rando [uid=JvvCHnGuyh_nfZYJHhwPEuqC4PLOVPMEAKGSXu_-8kY=] entered vehicle Ada 4x4 (id=CC8627E0594623F71A5829A768A1B054 pos=<2682.224121, 206.097244, 5351.877441>) as driver
09:36:08 [VehicleEngine] Player Rando [uid=JvvCHnGuyh_nfZYJHhwPEuqC4PLOVPMEAKGSXu_-8kY=] started vehicle Ada 4x4 (id=CC8627E0594623F71A5829A768A1B054 pos=<2682.224121, 206.097260, 5351.877441>)
09:48:15 [Safezone] Player "Rando" (id=JvvCHnGuyh_nfZYJHhwPEuqC4PLOVPMEAKGSXu_-8kY= pos=<7144.604492, 265.244934, 7106.465332>) Entered the safezone
09:49:24 [VehicleEngine] Player Rando [uid=JvvCHnGuyh_nfZYJHhwPEuqC4PLOVPMEAKGSXu_-8kY=] stopped vehicle Ada 4x4 (id=CC8627E0594623F71A5829A768A1B054 pos=<7138.454102, 266.259979, 7010.954102>)
09:49:28 [VehicleLeave] Player Rando [uid=JvvCHnGuyh_nfZYJHhwPEuqC4PLOVPMEAKGSXu_-8kY=] left vehicle Ada 4x4 (id=CC8627E0594623F71A5829A768A1B054 pos=<7138.454102, 266.259979, 7010.954102>)
09:51:07 [VehicleCarKey] Player "Rando" (id=JvvCHnGuyh_nfZYJHhwPEuqC4PLOVPMEAKGSXu_-8kY= pos=<7136.741211, 266.108398, 7009.433105>) used the  ExpansionCarKey to lock OffroadHatchback (id=CC8627E0594623F71A5829A768A1B054 pos=<7138.454102, 266.260010, 7010.954102>)
09:51:59 [Market] Player "Rando" (id=JvvCHnGuyh_nfZYJHhwPEuqC4PLOVPMEAKGSXu_-8kY=) has send a requested to sell expansion_g36 x1 at the trader "Weapons (Seth [Weapons])" in market zone "Outpost 42" (pos=<7196.500000, 252.990005, 6976.500000>).
09:52:00 [Market] Player "Rando" (id=JvvCHnGuyh_nfZYJHhwPEuqC4PLOVPMEAKGSXu_-8kY=) has sold expansion_g36 x1 at the trader "Weapons (Seth [Weapons])" in market zone "Outpost 42" (pos=<7196.500000, 252.990005, 6976.500000>) and got 1500.
09:52:01 [Market] Player "Rando" (id=JvvCHnGuyh_nfZYJHhwPEuqC4PLOVPMEAKGSXu_-8kY=) has send a requested to sell expansion_g36 x1 at the trader "Weapons (Seth [Weapons])" in market zone "Outpost 42" (pos=<7196.500000, 252.990005, 6976.500000>).
09:52:01 [Market] Player "Rando" (id=JvvCHnGuyh_nfZYJHhwPEuqC4PLOVPMEAKGSXu_-8kY=) has sold expansion_g36 x1 at the trader "Weapons (Seth [Weapons])" in market zone "Outpost 42" (pos=<7196.500000, 252.990005, 6976.500000>) and got 375.
09:52:03 [Market] Player "Rando" (id=JvvCHnGuyh_nfZYJHhwPEuqC4PLOVPMEAKGSXu_-8kY=) has send a requested to sell expansion_g36 x1 at the trader "Weapons (Seth [Weapons])" in market zone "Outpost 42" (pos=<7196.500000, 252.990005, 6976.500000>).
09:52:03 [Market] Player "Rando" (id=JvvCHnGuyh_nfZYJHhwPEuqC4PLOVPMEAKGSXu_-8kY=) has sold expansion_g36 x1 at the trader "Weapons (Seth [Weapons])" in market zone "Outpost 42" (pos=<7196.500000, 252.990005, 6976.500000>) and got 1125.
09:52:05 [Market] Player "Rando" (id=JvvCHnGuyh_nfZYJHhwPEuqC4PLOVPMEAKGSXu_-8kY=) has send a requested to sell fal x1 at the trader "Weapons (Seth [Weapons])" in market zone "Outpost 42" (pos=<7196.500000, 252.990005, 6976.500000>).
09:52:05 [Market] Player "Rando" (id=JvvCHnGuyh_nfZYJHhwPEuqC4PLOVPMEAKGSXu_-8kY=) has sold fal x1 at the trader "Weapons (Seth [Weapons])" in market zone "Outpost 42" (pos=<7196.500000, 252.990005, 6976.500000>) and got 2300.
09:52:08 [Market] Player "Rando" (id=JvvCHnGuyh_nfZYJHhwPEuqC4PLOVPMEAKGSXu_-8kY=) has send a requested to sell m16a2 x1 at the trader "Weapons (Seth [Weapons])" in market zone "Outpost 42" (pos=<7196.500000, 252.990005, 6976.500000>).
09:52:08 [Market] Player "Rando" (id=JvvCHnGuyh_nfZYJHhwPEuqC4PLOVPMEAKGSXu_-8kY=) has sold m16a2 x1 at the trader "Weapons (Seth [Weapons])" in market zone "Outpost 42" (pos=<7196.500000, 252.990005, 6976.500000>) and got 500.
09:52:09 [VehicleDeleted] OffroadHatchback (id=CC8627E0594623F71A5829A768A1B054 pos=<7138.454102, 266.260010, 7010.954102>)
09:52:11 [Market] Player "Rando" (id=JvvCHnGuyh_nfZYJHhwPEuqC4PLOVPMEAKGSXu_-8kY=) has send a requested to sell ttc_m16 x1 at the trader "Weapons (Seth [Weapons])" in market zone "Outpost 42" (pos=<7196.500000, 252.990005, 6976.500000>).
09:52:11 [Market] Player "Rando" (id=JvvCHnGuyh_nfZYJHhwPEuqC4PLOVPMEAKGSXu_-8kY=) has sold ttc_m16 x1 at the trader "Weapons (Seth [Weapons])" in market zone "Outpost 42" (pos=<7196.500000, 252.990005, 6976.500000>) and got 1500.
09:52:15 [Market] Player "Rando" (id=JvvCHnGuyh_nfZYJHhwPEuqC4PLOVPMEAKGSXu_-8kY=) has send a requested to sell expansion_m16 x1 at the trader "Weapons (Seth [Weapons])" in market zone "Outpost 42" (pos=<7196.500000, 252.990005, 6976.500000>).
09:52:15 [Market] Player "Rando" (id=JvvCHnGuyh_nfZYJHhwPEuqC4PLOVPMEAKGSXu_-8kY=) has sold expansion_m16 x1 at the trader "Weapons (Seth [Weapons])" in market zone "Outpost 42" (pos=<7196.500000, 252.990005, 6976.500000>) and got 500.
09:52:23 [Market] Player "Rando" (id=JvvCHnGuyh_nfZYJHhwPEuqC4PLOVPMEAKGSXu_-8kY=) has send a requested to sell expansion_benellim4 x1 at the trader "Weapons (Seth [Weapons])" in market zone "Outpost 42" (pos=<7196.500000, 252.990005, 6976.500000>).
09:52:23 [Market] Player "Rando" (id=JvvCHnGuyh_nfZYJHhwPEuqC4PLOVPMEAKGSXu_-8kY=) has sold expansion_benellim4 x1 at the trader "Weapons (Seth [Weapons])" in market zone "Outpost 42" (pos=<7196.500000, 252.990005, 6976.500000>) and got 750.
09:52:26 [Market] Player "Rando" (id=JvvCHnGuyh_nfZYJHhwPEuqC4PLOVPMEAKGSXu_-8kY=) has send a requested to sell ump45 x1 at the trader "Weapons (Seth [Weapons])" in market zone "Outpost 42" (pos=<7196.500000, 252.990005, 6976.500000>).
09:52:26 [Market] Player "Rando" (id=JvvCHnGuyh_nfZYJHhwPEuqC4PLOVPMEAKGSXu_-8kY=) has sold ump45 x1 at the trader "Weapons (Seth [Weapons])" in market zone "Outpost 42" (pos=<7196.500000, 252.990005, 6976.500000>) and got 300.
09:53:26 [Market] Player "Rando" (id=JvvCHnGuyh_nfZYJHhwPEuqC4PLOVPMEAKGSXu_-8kY=) has send a requested to purchase ammobox_556x45_20rnd x1 from the trader "Ammo_Attachments (Taiki [Ammo & Attachments])" in market zone "Outpost 42" (pos=<7196.500000, 252.990005, 6976.500000>).
09:53:26 [Market] Player "Rando" (id=JvvCHnGuyh_nfZYJHhwPEuqC4PLOVPMEAKGSXu_-8kY=) has bought ammobox_556x45_20rnd x1 from the trader "Ammo_Attachments (Taiki [Ammo & Attachments])" in market zone "Outpost 42" (pos=<7196.500000, 252.990005, 6976.500000>) for a price of 32.
09:53:27 [Market] Player "Rando" (id=JvvCHnGuyh_nfZYJHhwPEuqC4PLOVPMEAKGSXu_-8kY=) has send a requested to purchase ammobox_556x45_20rnd x1 from the trader "Ammo_Attachments (Taiki [Ammo & Attachments])" in market zone "Outpost 42" (pos=<7196.500000, 252.990005, 6976.500000>).
09:53:27 [Market] Player "Rando" (id=JvvCHnGuyh_nfZYJHhwPEuqC4PLOVPMEAKGSXu_-8kY=) has bought ammobox_556x45_20rnd x1 from the trader "Ammo_Attachments (Taiki [Ammo & Attachments])" in market zone "Outpost 42" (pos=<7196.500000, 252.990005, 6976.500000>) for a price of 32.
09:53:28 [Market] Player "Rando" (id=JvvCHnGuyh_nfZYJHhwPEuqC4PLOVPMEAKGSXu_-8kY=) has send a requested to purchase ammobox_556x45_20rnd x1 from the trader "Ammo_Attachments (Taiki [Ammo & Attachments])" in market zone "Outpost 42" (pos=<7196.500000, 252.990005, 6976.500000>).
09:53:28 [Market] Player "Rando" (id=JvvCHnGuyh_nfZYJHhwPEuqC4PLOVPMEAKGSXu_-8kY=) has bought ammobox_556x45_20rnd x1 from the trader "Ammo_Attachments (Taiki [Ammo & Attachments])" in market zone "Outpost 42" (pos=<7196.500000, 252.990005, 6976.500000>) for a price of 32.
09:53:28 [Market] Player "Rando" (id=JvvCHnGuyh_nfZYJHhwPEuqC4PLOVPMEAKGSXu_-8kY=) has send a requested to purchase ammobox_556x45_20rnd x1 from the trader "Ammo_Attachments (Taiki [Ammo & Attachments])" in market zone "Outpost 42" (pos=<7196.500000, 252.990005, 6976.500000>).
09:53:28 [Market] Player "Rando" (id=JvvCHnGuyh_nfZYJHhwPEuqC4PLOVPMEAKGSXu_-8kY=) has bought ammobox_556x45_20rnd x1 from the trader "Ammo_Attachments (Taiki [Ammo & Attachments])" in market zone "Outpost 42" (pos=<7196.500000, 252.990005, 6976.500000>) for a price of 32.
09:53:29 [Market] Player "Rando" (id=JvvCHnGuyh_nfZYJHhwPEuqC4PLOVPMEAKGSXu_-8kY=) has send a requested to purchase ammobox_556x45_20rnd x1 from the trader "Ammo_Attachments (Taiki [Ammo & Attachments])" in market zone "Outpost 42" (pos=<7196.500000, 252.990005, 6976.500000>).
09:53:29 [Market] Player "Rando" (id=JvvCHnGuyh_nfZYJHhwPEuqC4PLOVPMEAKGSXu_-8kY=) has bought ammobox_556x45_20rnd x1 from the trader "Ammo_Attachments (Taiki [Ammo & Attachments])" in market zone "Outpost 42" (pos=<7196.500000, 252.990005, 6976.500000>) for a price of 32.
09:53:30 [Market] Player "Rando" (id=JvvCHnGuyh_nfZYJHhwPEuqC4PLOVPMEAKGSXu_-8kY=) has send a requested to purchase ammobox_556x45_20rnd x1 from the trader "Ammo_Attachments (Taiki [Ammo & Attachments])" in market zone "Outpost 42" (pos=<7196.500000, 252.990005, 6976.500000>).
09:53:30 [Market] Player "Rando" (id=JvvCHnGuyh_nfZYJHhwPEuqC4PLOVPMEAKGSXu_-8kY=) has bought ammobox_556x45_20rnd x1 from the trader "Ammo_Attachments (Taiki [Ammo & Attachments])" in market zone "Outpost 42" (pos=<7196.500000, 252.990005, 6976.500000>) for a price of 32.
09:53:31 [Market] Player "Rando" (id=JvvCHnGuyh_nfZYJHhwPEuqC4PLOVPMEAKGSXu_-8kY=) has send a requested to purchase ammobox_556x45_20rnd x1 from the trader "Ammo_Attachments (Taiki [Ammo & Attachments])" in market zone "Outpost 42" (pos=<7196.500000, 252.990005, 6976.500000>).
09:53:32 [Market] Player "Rando" (id=JvvCHnGuyh_nfZYJHhwPEuqC4PLOVPMEAKGSXu_-8kY=) has bought ammobox_556x45_20rnd x1 from the trader "Ammo_Attachments (Taiki [Ammo & Attachments])" in market zone "Outpost 42" (pos=<7196.500000, 252.990005, 6976.500000>) for a price of 32.
09:53:32 [Market] Player "Rando" (id=JvvCHnGuyh_nfZYJHhwPEuqC4PLOVPMEAKGSXu_-8kY=) has send a requested to purchase ammobox_556x45_20rnd x1 from the trader "Ammo_Attachments (Taiki [Ammo & Attachments])" in market zone "Outpost 42" (pos=<7196.500000, 252.990005, 6976.500000>).
09:53:32 [Market] Player "Rando" (id=JvvCHnGuyh_nfZYJHhwPEuqC4PLOVPMEAKGSXu_-8kY=) has bought ammobox_556x45_20rnd x1 from the trader "Ammo_Attachments (Taiki [Ammo & Attachments])" in market zone "Outpost 42" (pos=<7196.500000, 252.990005, 6976.500000>) for a price of 32.
09:53:33 [Market] Player "Rando" (id=JvvCHnGuyh_nfZYJHhwPEuqC4PLOVPMEAKGSXu_-8kY=) has send a requested to purchase ammobox_556x45_20rnd x1 from the trader "Ammo_Attachments (Taiki [Ammo & Attachments])" in market zone "Outpost 42" (pos=<7196.500000, 252.990005, 6976.500000>).
09:53:33 [Market] Player "Rando" (id=JvvCHnGuyh_nfZYJHhwPEuqC4PLOVPMEAKGSXu_-8kY=) has bought ammobox_556x45_20rnd x1 from the trader "Ammo_Attachments (Taiki [Ammo & Attachments])" in market zone "Outpost 42" (pos=<7196.500000, 252.990005, 6976.500000>) for a price of 32.
09:53:34 [Market] Player "Rando" (id=JvvCHnGuyh_nfZYJHhwPEuqC4PLOVPMEAKGSXu_-8kY=) has send a requested to purchase ammobox_556x45_20rnd x1 from the trader "Ammo_Attachments (Taiki [Ammo & Attachments])" in market zone "Outpost 42" (pos=<7196.500000, 252.990005, 6976.500000>).
09:53:34 [Market] Player "Rando" (id=JvvCHnGuyh_nfZYJHhwPEuqC4PLOVPMEAKGSXu_-8kY=) has bought ammobox_556x45_20rnd x1 from the trader "Ammo_Attachments (Taiki [Ammo & Attachments])" in market zone "Outpost 42" (pos=<7196.500000, 252.990005, 6976.500000>) for a price of 32.
09:54:12 [Market] Player "Rando" (id=JvvCHnGuyh_nfZYJHhwPEuqC4PLOVPMEAKGSXu_-8kY=) has send a requested to purchase mag_stanagcoupled_30rnd x1 from the trader "Ammo_Attachments (Taiki [Ammo & Attachments])" in market zone "Outpost 42" (pos=<7196.500000, 252.990005, 6976.500000>).
09:54:12 [Market] Player "Rando" (id=JvvCHnGuyh_nfZYJHhwPEuqC4PLOVPMEAKGSXu_-8kY=) has bought mag_stanagcoupled_30rnd x1 from the trader "Ammo_Attachments (Taiki [Ammo & Attachments])" in market zone "Outpost 42" (pos=<7196.500000, 252.990005, 6976.500000>) for a price of 340.
09:55:33 [Market] Player "Rando" (id=JvvCHnGuyh_nfZYJHhwPEuqC4PLOVPMEAKGSXu_-8kY=) has send a requested to sell expansion_pmii25optic x1 at the trader "Ammo_Attachments (Taiki [Ammo & Attachments])" in market zone "Outpost 42" (pos=<7196.500000, 252.990005, 6976.500000>).
09:55:33 [Market] Player "Rando" (id=JvvCHnGuyh_nfZYJHhwPEuqC4PLOVPMEAKGSXu_-8kY=) has sold expansion_pmii25optic x1 at the trader "Ammo_Attachments (Taiki [Ammo & Attachments])" in market zone "Outpost 42" (pos=<7196.500000, 252.990005, 6976.500000>) and got 550.
09:56:46 [Market] Player "Rando" (id=JvvCHnGuyh_nfZYJHhwPEuqC4PLOVPMEAKGSXu_-8kY=) has send a requested to purchase marmalade x1 from the trader "Consumables (Irena [Consumables])" in market zone "Outpost 42" (pos=<7196.500000, 252.990005, 6976.500000>).
09:56:46 [Market] Player "Rando" (id=JvvCHnGuyh_nfZYJHhwPEuqC4PLOVPMEAKGSXu_-8kY=) has bought marmalade x1 from the trader "Consumables (Irena [Consumables])" in market zone "Outpost 42" (pos=<7196.500000, 252.990005, 6976.500000>) for a price of 25.
09:56:47 [Market] Player "Rando" (id=JvvCHnGuyh_nfZYJHhwPEuqC4PLOVPMEAKGSXu_-8kY=) has send a requested to purchase marmalade x1 from the trader "Consumables (Irena [Consumables])" in market zone "Outpost 42" (pos=<7196.500000, 252.990005, 6976.500000>).
09:56:47 [Market] Player "Rando" (id=JvvCHnGuyh_nfZYJHhwPEuqC4PLOVPMEAKGSXu_-8kY=) has bought marmalade x1 from the trader "Consumables (Irena [Consumables])" in market zone "Outpost 42" (pos=<7196.500000, 252.990005, 6976.500000>) for a price of 25.
09:57:10 [Market] Player "Rando" (id=JvvCHnGuyh_nfZYJHhwPEuqC4PLOVPMEAKGSXu_-8kY=) has send a requested to purchase sewingkit x1 from the trader "Tools_Supplies (Kaito [Tools & Supplies])" in market zone "Outpost 42" (pos=<7196.500000, 252.990005, 6976.500000>).
09:57:10 [Market] Player "Rando" (id=JvvCHnGuyh_nfZYJHhwPEuqC4PLOVPMEAKGSXu_-8kY=) has bought sewingkit x1 from the trader "Tools_Supplies (Kaito [Tools & Supplies])" in market zone "Outpost 42" (pos=<7196.500000, 252.990005, 6976.500000>) for a price of 50.
09:58:18 [Market] Player "Rando" (id=JvvCHnGuyh_nfZYJHhwPEuqC4PLOVPMEAKGSXu_-8kY=) has send a requested to purchase expansioncodelock x1 from the trader "BaseImprovement (Peter [Base Improvement])" in market zone "Outpost 42" (pos=<7196.500000, 252.990005, 6976.500000>).
09:58:18 [Market] Player "Rando" (id=JvvCHnGuyh_nfZYJHhwPEuqC4PLOVPMEAKGSXu_-8kY=) has bought expansioncodelock x1 from the trader "BaseImprovement (Peter [Base Improvement])" in market zone "Outpost 42" (pos=<7196.500000, 252.990005, 6976.500000>) for a price of 1500.
09:58:47 [Market] Player "Rando" (id=JvvCHnGuyh_nfZYJHhwPEuqC4PLOVPMEAKGSXu_-8kY=) has send a requested to purchase shovel x1 from the trader "Tools_Supplies (Kaito [Tools & Supplies])" in market zone "Outpost 42" (pos=<7196.500000, 252.990005, 6976.500000>).
09:58:47 [Market] Player "Rando" (id=JvvCHnGuyh_nfZYJHhwPEuqC4PLOVPMEAKGSXu_-8kY=) has bought shovel x1 from the trader "Tools_Supplies (Kaito [Tools & Supplies])" in market zone "Outpost 42" (pos=<7196.500000, 252.990005, 6976.500000>) for a price of 300.
09:58:52 [Market] Player "Rando" (id=JvvCHnGuyh_nfZYJHhwPEuqC4PLOVPMEAKGSXu_-8kY=) has send a requested to purchase woodaxe x1 from the trader "Tools_Supplies (Kaito [Tools & Supplies])" in market zone "Outpost 42" (pos=<7196.500000, 252.990005, 6976.500000>).
09:58:52 [Market] Player "Rando" (id=JvvCHnGuyh_nfZYJHhwPEuqC4PLOVPMEAKGSXu_-8kY=) has bought woodaxe x1 from the trader "Tools_Supplies (Kaito [Tools & Supplies])" in market zone "Outpost 42" (pos=<7196.500000, 252.990005, 6976.500000>) for a price of 1000.
09:59:11 [Market] Player "Rando" (id=JvvCHnGuyh_nfZYJHhwPEuqC4PLOVPMEAKGSXu_-8kY=) has send a requested to purchase hatchet x1 from the trader "Tools_Supplies (Kaito [Tools & Supplies])" in market zone "Outpost 42" (pos=<7196.500000, 252.990005, 6976.500000>).
09:59:11 [Market] Player "Rando" (id=JvvCHnGuyh_nfZYJHhwPEuqC4PLOVPMEAKGSXu_-8kY=) has bought hatchet x1 from the trader "Tools_Supplies (Kaito [Tools & Supplies])" in market zone "Outpost 42" (pos=<7196.500000, 252.990005, 6976.500000>) for a price of 1000.
09:59:20 [Market] Player "Rando" (id=JvvCHnGuyh_nfZYJHhwPEuqC4PLOVPMEAKGSXu_-8kY=) has send a requested to purchase nailbox x1 from the trader "Tools_Supplies (Kaito [Tools & Supplies])" in market zone "Outpost 42" (pos=<7196.500000, 252.990005, 6976.500000>).
09:59:20 [Market] Player "Rando" (id=JvvCHnGuyh_nfZYJHhwPEuqC4PLOVPMEAKGSXu_-8kY=) has bought nailbox x1 from the trader "Tools_Supplies (Kaito [Tools & Supplies])" in market zone "Outpost 42" (pos=<7196.500000, 252.990005, 6976.500000>) for a price of 500.
09:59:21 [Market] Player "Rando" (id=JvvCHnGuyh_nfZYJHhwPEuqC4PLOVPMEAKGSXu_-8kY=) has send a requested to purchase nailbox x1 from the trader "Tools_Supplies (Kaito [Tools & Supplies])" in market zone "Outpost 42" (pos=<7196.500000, 252.990005, 6976.500000>).
09:59:21 [Market] Player "Rando" (id=JvvCHnGuyh_nfZYJHhwPEuqC4PLOVPMEAKGSXu_-8kY=) has bought nailbox x1 from the trader "Tools_Supplies (Kaito [Tools & Supplies])" in market zone "Outpost 42" (pos=<7196.500000, 252.990005, 6976.500000>) for a price of 500.
09:59:22 [Market] Player "Rando" (id=JvvCHnGuyh_nfZYJHhwPEuqC4PLOVPMEAKGSXu_-8kY=) has send a requested to purchase nailbox x1 from the trader "Tools_Supplies (Kaito [Tools & Supplies])" in market zone "Outpost 42" (pos=<7196.500000, 252.990005, 6976.500000>).
09:59:22 [Market] Player "Rando" (id=JvvCHnGuyh_nfZYJHhwPEuqC4PLOVPMEAKGSXu_-8kY=) has bought nailbox x1 from the trader "Tools_Supplies (Kaito [Tools & Supplies])" in market zone "Outpost 42" (pos=<7196.500000, 252.990005, 6976.500000>) for a price of 500.
10:01:02 [Market] Player "Rando" (id=JvvCHnGuyh_nfZYJHhwPEuqC4PLOVPMEAKGSXu_-8kY=) has send a requested to purchase msp_fourdoor_militarylocker_kit x1 from the trader "BaseImprovement (Peter [Base Improvement])" in market zone "Outpost 42" (pos=<7196.500000, 252.990005, 6976.500000>).
10:01:02 [Market] Player "Rando" (id=JvvCHnGuyh_nfZYJHhwPEuqC4PLOVPMEAKGSXu_-8kY=) has bought msp_fourdoor_militarylocker_kit x1 from the trader "BaseImprovement (Peter [Base Improvement])" in market zone "Outpost 42" (pos=<7196.500000, 252.990005, 6976.500000>) for a price of 2003.
10:03:35 [Market] Player "Rando" (id=JvvCHnGuyh_nfZYJHhwPEuqC4PLOVPMEAKGSXu_-8kY=) has send a requested to purchase nvgoggles x1 from the trader "Tools_Supplies (Kaito [Tools & Supplies])" in market zone "Outpost 42" (pos=<7196.500000, 252.990005, 6976.500000>).
10:03:35 [Market] Player "Rando" (id=JvvCHnGuyh_nfZYJHhwPEuqC4PLOVPMEAKGSXu_-8kY=) has bought nvgoggles x1 from the trader "Tools_Supplies (Kaito [Tools & Supplies])" in market zone "Outpost 42" (pos=<7196.500000, 252.990005, 6976.500000>) for a price of 1250.
10:03:38 [Market] Player "Rando" (id=JvvCHnGuyh_nfZYJHhwPEuqC4PLOVPMEAKGSXu_-8kY=) has send a requested to purchase battery9v x1 from the trader "Tools_Supplies (Kaito [Tools & Supplies])" in market zone "Outpost 42" (pos=<7196.500000, 252.990005, 6976.500000>).
10:03:38 [Market] Player "Rando" (id=JvvCHnGuyh_nfZYJHhwPEuqC4PLOVPMEAKGSXu_-8kY=) has bought battery9v x1 from the trader "Tools_Supplies (Kaito [Tools & Supplies])" in market zone "Outpost 42" (pos=<7196.500000, 252.990005, 6976.500000>) for a price of 50.
10:03:39 [Market] Player "Rando" (id=JvvCHnGuyh_nfZYJHhwPEuqC4PLOVPMEAKGSXu_-8kY=) has send a requested to purchase battery9v x1 from the trader "Tools_Supplies (Kaito [Tools & Supplies])" in market zone "Outpost 42" (pos=<7196.500000, 252.990005, 6976.500000>).
10:03:39 [Market] Player "Rando" (id=JvvCHnGuyh_nfZYJHhwPEuqC4PLOVPMEAKGSXu_-8kY=) has bought battery9v x1 from the trader "Tools_Supplies (Kaito [Tools & Supplies])" in market zone "Outpost 42" (pos=<7196.500000, 252.990005, 6976.500000>) for a price of 50.
10:03:40 [Market] Player "Rando" (id=JvvCHnGuyh_nfZYJHhwPEuqC4PLOVPMEAKGSXu_-8kY=) has send a requested to purchase battery9v x1 from the trader "Tools_Supplies (Kaito [Tools & Supplies])" in market zone "Outpost 42" (pos=<7196.500000, 252.990005, 6976.500000>).
10:03:40 [Market] Player "Rando" (id=JvvCHnGuyh_nfZYJHhwPEuqC4PLOVPMEAKGSXu_-8kY=) has bought battery9v x1 from the trader "Tools_Supplies (Kaito [Tools & Supplies])" in market zone "Outpost 42" (pos=<7196.500000, 252.990005, 6976.500000>) for a price of 50.
10:03:41 [Market] Player "Rando" (id=JvvCHnGuyh_nfZYJHhwPEuqC4PLOVPMEAKGSXu_-8kY=) has send a requested to purchase battery9v x1 from the trader "Tools_Supplies (Kaito [Tools & Supplies])" in market zone "Outpost 42" (pos=<7196.500000, 252.990005, 6976.500000>).
10:03:41 [Market] Player "Rando" (id=JvvCHnGuyh_nfZYJHhwPEuqC4PLOVPMEAKGSXu_-8kY=) has bought battery9v x1 from the trader "Tools_Supplies (Kaito [Tools & Supplies])" in market zone "Outpost 42" (pos=<7196.500000, 252.990005, 6976.500000>) for a price of 50.
10:04:44 [VehicleCover] Player "Rando" (id=JvvCHnGuyh_nfZYJHhwPEuqC4PLOVPMEAKGSXu_-8kY= pos=<7139.018555, 265.974823, 7007.611816>) uncovered vehicle "OffroadHatchback" (GlobalID=80000000800000008000000080001F0E pos=<7138.454102, 266.260010, 7010.954102>)!
10:04:48 [VehicleCarKey] Player "Rando" (id=JvvCHnGuyh_nfZYJHhwPEuqC4PLOVPMEAKGSXu_-8kY= pos=<7140.291016, 265.966034, 7008.493164>) used the  ExpansionCarKey to unlock OffroadHatchback (id=BF185BF97249DF65882597A4CCBC4782 pos=<7138.454102, 266.259918, 7010.952637>)
10:06:57 [VehicleEnter] Player Rando [uid=JvvCHnGuyh_nfZYJHhwPEuqC4PLOVPMEAKGSXu_-8kY=] entered vehicle Ada 4x4 (id=BF185BF97249DF65882597A4CCBC4782 pos=<7138.454102, 266.259888, 7010.952637>) as driver
10:07:00 [VehicleEngine] Player Rando [uid=JvvCHnGuyh_nfZYJHhwPEuqC4PLOVPMEAKGSXu_-8kY=] started vehicle Ada 4x4 (id=BF185BF97249DF65882597A4CCBC4782 pos=<7138.454102, 266.259888, 7010.952637>)
10:11:16 [Safezone] Player "Rando" (id=JvvCHnGuyh_nfZYJHhwPEuqC4PLOVPMEAKGSXu_-8kY= pos=<7136.787598, 264.087677, 7237.937012>) Left the safezone
10:13:27 [VehicleLeave] Player Rando [uid=JvvCHnGuyh_nfZYJHhwPEuqC4PLOVPMEAKGSXu_-8kY=] left vehicle Ada 4x4 (id=BF185BF97249DF65882597A4CCBC4782 pos=<6228.018555, 298.399445, 7656.356934>)
10:14:09 [VehicleEnter] Player Rando [uid=JvvCHnGuyh_nfZYJHhwPEuqC4PLOVPMEAKGSXu_-8kY=] entered vehicle Ada 4x4 (id=BF185BF97249DF65882597A4CCBC4782 pos=<6228.018555, 298.399414, 7656.356934>) as driver
10:14:13 [VehicleEngine] Player Rando [uid=JvvCHnGuyh_nfZYJHhwPEuqC4PLOVPMEAKGSXu_-8kY=] started vehicle Ada 4x4 (id=BF185BF97249DF65882597A4CCBC4782 pos=<6228.018555, 298.399475, 7656.356934>)
10:21:59 [VehicleEngine] Player Rando [uid=JvvCHnGuyh_nfZYJHhwPEuqC4PLOVPMEAKGSXu_-8kY=] stopped vehicle Ada 4x4 (id=BF185BF97249DF65882597A4CCBC4782 pos=<2839.041016, 204.601990, 5276.794922>)
10:22:03 [VehicleLeave] Player Rando [uid=JvvCHnGuyh_nfZYJHhwPEuqC4PLOVPMEAKGSXu_-8kY=] left vehicle Ada 4x4 (id=BF185BF97249DF65882597A4CCBC4782 pos=<2839.041016, 204.601959, 5276.794922>)
10:22:14 [VehicleCarKey] Player "Rando" (id=JvvCHnGuyh_nfZYJHhwPEuqC4PLOVPMEAKGSXu_-8kY= pos=<2838.140137, 204.546310, 5278.296875>) used the  ExpansionCarKey to lock OffroadHatchback (id=BF185BF97249DF65882597A4CCBC4782 pos=<2839.041016, 204.601990, 5276.794922>)
10:23:32 [VehicleDeleted] OffroadHatchback (id=BF185BF97249DF65882597A4CCBC4782 pos=<2839.041016, 204.601990, 5276.794922>)
11:04:16 [VehicleCover] Player "Rando" (id=JvvCHnGuyh_nfZYJHhwPEuqC4PLOVPMEAKGSXu_-8kY= pos=<2841.363037, 204.593079, 5277.954102>) uncovered vehicle "OffroadHatchback" (GlobalID=80000000800000008000000080001F0E pos=<2839.041016, 204.601990, 5276.794922>)!
11:04:21 [VehicleCarKey] Player "Rando" (id=JvvCHnGuyh_nfZYJHhwPEuqC4PLOVPMEAKGSXu_-8kY= pos=<2839.162354, 204.561523, 5278.470215>) used the  ExpansionCarKey to unlock OffroadHatchback (id=6DE121590140401384D53BBE46B2AD63 pos=<2839.040771, 204.601990, 5276.794922>)
11:04:28 [VehicleEnter] Player Rando [uid=JvvCHnGuyh_nfZYJHhwPEuqC4PLOVPMEAKGSXu_-8kY=] entered vehicle Ada 4x4 (id=6DE121590140401384D53BBE46B2AD63 pos=<2839.040771, 204.601990, 5276.794922>) as driver
11:04:32 [VehicleEngine] Player Rando [uid=JvvCHnGuyh_nfZYJHhwPEuqC4PLOVPMEAKGSXu_-8kY=] started vehicle Ada 4x4 (id=6DE121590140401384D53BBE46B2AD63 pos=<2839.040771, 204.601990, 5276.794922>)
11:15:15 [VehicleEngine] Player Rando [uid=JvvCHnGuyh_nfZYJHhwPEuqC4PLOVPMEAKGSXu_-8kY=] stopped vehicle Ada 4x4 (id=6DE121590140401384D53BBE46B2AD63 pos=<1349.735962, 137.816833, 4108.917969>)
11:15:19 [VehicleLeave] Player Rando [uid=JvvCHnGuyh_nfZYJHhwPEuqC4PLOVPMEAKGSXu_-8kY=] left vehicle Ada 4x4 (id=6DE121590140401384D53BBE46B2AD63 pos=<1349.735962, 137.816818, 4108.918457>)
11:16:26 [VehicleDeleted] OffroadHatchback (id=6DE121590140401384D53BBE46B2AD63 pos=<1349.735840, 137.816833, 4108.918457>)
11:23:52 [VehicleCover] Player "Rando" (id=JvvCHnGuyh_nfZYJHhwPEuqC4PLOVPMEAKGSXu_-8kY= pos=<1346.313843, 137.732910, 4109.013184>) uncovered vehicle "OffroadHatchback" (GlobalID=80000000800000008000000080001F0E pos=<1349.735840, 137.816833, 4108.918457>)!
11:25:51 [VehicleDeleted] OffroadHatchback (id=481FC25C6142FF458DB828B0C71F78A8 pos=<1349.735596, 137.816818, 4108.918457>)
11:26:39 [VehicleCover] Player "Rando" (id=JvvCHnGuyh_nfZYJHhwPEuqC4PLOVPMEAKGSXu_-8kY= pos=<1346.147095, 137.732803, 4108.781250>) uncovered vehicle "OffroadHatchback" (GlobalID=80000000800000008000000080001F0E pos=<1349.735596, 137.816818, 4108.918457>)!
11:27:34 [VehicleCarKey] Player "Rando" (id=JvvCHnGuyh_nfZYJHhwPEuqC4PLOVPMEAKGSXu_-8kY= pos=<1348.252441, 137.764511, 4109.867188>) used the  ExpansionCarKey to lock OffroadHatchback (id=CDB6E5143F4D64166DEBD299A9290F67 pos=<1349.735352, 137.816803, 4108.918457>)
11:29:26 [VehicleDeleted] OffroadHatchback (id=CDB6E5143F4D64166DEBD299A9290F67 pos=<1349.735352, 137.816803, 4108.918457>)
11:36:11 [VehicleCover] Player "Rando" (id=JvvCHnGuyh_nfZYJHhwPEuqC4PLOVPMEAKGSXu_-8kY= pos=<1347.115112, 137.730576, 4108.739746>) uncovered vehicle "OffroadHatchback" (GlobalID=80000000800000008000000080001F0E pos=<1349.735352, 137.816803, 4108.918457>)!
11:36:21 [VehicleCarKey] Player "Rando" (id=JvvCHnGuyh_nfZYJHhwPEuqC4PLOVPMEAKGSXu_-8kY= pos=<1349.197876, 137.806885, 4110.759277>) used the  ExpansionCarKey to unlock OffroadHatchback (id=C041A3B75044DE409DB38FA99A36CA72 pos=<1349.735107, 137.816803, 4108.918457>)
11:36:28 [VehicleEnter] Player Rando [uid=JvvCHnGuyh_nfZYJHhwPEuqC4PLOVPMEAKGSXu_-8kY=] entered vehicle Ada 4x4 (id=C041A3B75044DE409DB38FA99A36CA72 pos=<1349.735107, 137.816818, 4108.918457>) as driver
11:37:00 [VehicleEngine] Player Rando [uid=JvvCHnGuyh_nfZYJHhwPEuqC4PLOVPMEAKGSXu_-8kY=] started vehicle Ada 4x4 (id=C041A3B75044DE409DB38FA99A36CA72 pos=<1349.735107, 137.816803, 4108.918457>)
11:38:05 [VehicleLeave] Player Rando [uid=JvvCHnGuyh_nfZYJHhwPEuqC4PLOVPMEAKGSXu_-8kY=] left vehicle Ada 4x4 (id=C041A3B75044DE409DB38FA99A36CA72 pos=<1393.035889, 138.175186, 4030.309326>)
11:38:34 [VehicleEnter] Player Rando [uid=JvvCHnGuyh_nfZYJHhwPEuqC4PLOVPMEAKGSXu_-8kY=] entered vehicle Ada 4x4 (id=C041A3B75044DE409DB38FA99A36CA72 pos=<1393.035522, 138.175293, 4030.309326>) as driver
11:38:37 [VehicleEngine] Player Rando [uid=JvvCHnGuyh_nfZYJHhwPEuqC4PLOVPMEAKGSXu_-8kY=] started vehicle Ada 4x4 (id=C041A3B75044DE409DB38FA99A36CA72 pos=<1393.035645, 138.175278, 4030.309326>)
11:39:29 [VehicleEngine] Player Rando [uid=JvvCHnGuyh_nfZYJHhwPEuqC4PLOVPMEAKGSXu_-8kY=] stopped vehicle Ada 4x4 (id=C041A3B75044DE409DB38FA99A36CA72 pos=<1629.300049, 143.790878, 3864.752197>)
11:39:34 [VehicleLeave] Player Rando [uid=JvvCHnGuyh_nfZYJHhwPEuqC4PLOVPMEAKGSXu_-8kY=] left vehicle Ada 4x4 (id=C041A3B75044DE409DB38FA99A36CA72 pos=<1629.300049, 143.790878, 3864.752197>)
11:39:40 [VehicleCarKey] Player "Rando" (id=JvvCHnGuyh_nfZYJHhwPEuqC4PLOVPMEAKGSXu_-8kY= pos=<1628.192505, 143.728729, 3866.450928>) used the  ExpansionCarKey to lock OffroadHatchback (id=C041A3B75044DE409DB38FA99A36CA72 pos=<1629.300049, 143.790878, 3864.752197>)
11:40:39 [VehicleDeleted] OffroadHatchback (id=C041A3B75044DE409DB38FA99A36CA72 pos=<1629.300049, 143.790878, 3864.752197>)
11:42:16 [VehicleCover] Player "Rando" (id=JvvCHnGuyh_nfZYJHhwPEuqC4PLOVPMEAKGSXu_-8kY= pos=<1628.185425, 143.728683, 3866.445801>) uncovered vehicle "OffroadHatchback" (GlobalID=80000000800000008000000080001F0E pos=<1629.300049, 143.790878, 3864.752197>)!
11:42:23 [VehicleCarKey] Player "Rando" (id=JvvCHnGuyh_nfZYJHhwPEuqC4PLOVPMEAKGSXu_-8kY= pos=<1628.185425, 143.728683, 3866.445801>) used the  ExpansionCarKey to unlock OffroadHatchback (id=0A68DBC8A74B58769C79CF83D04DF8CC pos=<1629.300171, 143.790878, 3864.752197>)
11:42:29 [VehicleEnter] Player Rando [uid=JvvCHnGuyh_nfZYJHhwPEuqC4PLOVPMEAKGSXu_-8kY=] entered vehicle Ada 4x4 (id=0A68DBC8A74B58769C79CF83D04DF8CC pos=<1629.300171, 143.790878, 3864.752197>) as driver
11:42:32 [VehicleEngine] Player Rando [uid=JvvCHnGuyh_nfZYJHhwPEuqC4PLOVPMEAKGSXu_-8kY=] started vehicle Ada 4x4 (id=0A68DBC8A74B58769C79CF83D04DF8CC pos=<1629.300171, 143.790878, 3864.752197>)
11:46:06 [VehicleEngine] Player Rando [uid=JvvCHnGuyh_nfZYJHhwPEuqC4PLOVPMEAKGSXu_-8kY=] stopped vehicle Ada 4x4 (id=0A68DBC8A74B58769C79CF83D04DF8CC pos=<2635.912842, 196.203186, 5127.090332>)
11:46:36 [VehicleLeave] Player Rando [uid=JvvCHnGuyh_nfZYJHhwPEuqC4PLOVPMEAKGSXu_-8kY=] left vehicle Ada 4x4 (id=0A68DBC8A74B58769C79CF83D04DF8CC pos=<2635.912842, 196.203201, 5127.090332>)
11:48:16 [VehicleDeleted] OffroadHatchback (id=0A68DBC8A74B58769C79CF83D04DF8CC pos=<2635.912842, 196.203171, 5127.090332>)
11:53:34 [VehicleCover] Player "Rando" (id=JvvCHnGuyh_nfZYJHhwPEuqC4PLOVPMEAKGSXu_-8kY= pos=<2635.630127, 196.162491, 5129.342285>) uncovered vehicle "OffroadHatchback" (GlobalID=80000000800000008000000080001F0E pos=<2635.912842, 196.203171, 5127.090332>)!
11:53:40 [VehicleEnter] Player Rando [uid=JvvCHnGuyh_nfZYJHhwPEuqC4PLOVPMEAKGSXu_-8kY=] entered vehicle Ada 4x4 (id=9EF01A5CF6407B88A92ACC969307FE86 pos=<2635.912842, 196.203186, 5127.090332>) as driver
11:53:44 [VehicleEngine] Player Rando [uid=JvvCHnGuyh_nfZYJHhwPEuqC4PLOVPMEAKGSXu_-8kY=] started vehicle Ada 4x4 (id=9EF01A5CF6407B88A92ACC969307FE86 pos=<2635.912842, 196.203171, 5127.090332>)
11:57:11 [VehicleEngine] Player Rando [uid=JvvCHnGuyh_nfZYJHhwPEuqC4PLOVPMEAKGSXu_-8kY=] stopped vehicle Ada 4x4 (id=9EF01A5CF6407B88A92ACC969307FE86 pos=<4407.183594, 320.109558, 5681.764648>)
11:57:16 [VehicleLeave] Player Rando [uid=JvvCHnGuyh_nfZYJHhwPEuqC4PLOVPMEAKGSXu_-8kY=] left vehicle Ada 4x4 (id=9EF01A5CF6407B88A92ACC969307FE86 pos=<4407.183594, 320.109528, 5681.764160>)
11:57:25 [VehicleCarKey] Player "Rando" (id=JvvCHnGuyh_nfZYJHhwPEuqC4PLOVPMEAKGSXu_-8kY= pos=<4408.967285, 320.154205, 5680.334473>) used the  ExpansionCarKey to lock OffroadHatchback (id=9EF01A5CF6407B88A92ACC969307FE86 pos=<4407.183594, 320.109528, 5681.764648>)
11:58:35 [VehicleDeleted] OffroadHatchback (id=9EF01A5CF6407B88A92ACC969307FE86 pos=<4407.183594, 320.109528, 5681.764648>)
