21:01:25 [SpawnSelection] Player "42cobra" (id=7jlJa0YJ0ppxWuiq1t34ec-CitMl82Ky24_qx8QK7Rs=) spawned at <3507.422852, 3.008609, 2101.454590>
21:32:04 [SpawnSelection] Player "42cobra" (id=7jlJa0YJ0ppxWuiq1t34ec-CitMl82Ky24_qx8QK7Rs=) spawned at <12321.939453, 2.926140, 3446.666748>
22:54:54 [Party] Player "Mr. Tux" (id=3FCmlLdqs97wNYtgsvMTGavMyuZc44PrYyr2Gfkoti8=) joinded the party "Scarred Reapers" (id=15 ownerUID=3FCmlLdqs97wNYtgsvMTGavMyuZc44PrYyr2Gfkoti8= ownerName=Mr. Tux)
23:04:49 [SpawnSelection] Player "42cobra" (id=7jlJa0YJ0ppxWuiq1t34ec-CitMl82Ky24_qx8QK7Rs=) spawned at <3507.422852, 3.008609, 2101.454590>
23:05:39 [Party] Player "Mr. Tux" (id=3FCmlLdqs97wNYtgsvMTGavMyuZc44PrYyr2Gfkoti8=) joinded the party "Scarred Reapers" (id=15 ownerUID=3FCmlLdqs97wNYtgsvMTGavMyuZc44PrYyr2Gfkoti8= ownerName=Mr. Tux)
23:05:56 [SpawnSelection] Player "Mr. Tux" (id=3FCmlLdqs97wNYtgsvMTGavMyuZc44PrYyr2Gfkoti8=) spawned at <4111.905762, 2.566264, 2193.932617>
23:38:14 [Party] Player "Mr. Tux" (id=3FCmlLdqs97wNYtgsvMTGavMyuZc44PrYyr2Gfkoti8=) left the party "Scarred Reapers" (id=15 ownerUID=3FCmlLdqs97wNYtgsvMTGavMyuZc44PrYyr2Gfkoti8= ownerName=Mr. Tux)
23:43:42 [SpawnSelection] Player "42cobra" (id=7jlJa0YJ0ppxWuiq1t34ec-CitMl82Ky24_qx8QK7Rs=) spawned at <12188.570313, 2.727290, 3422.332275>
23:45:56 [Party] Player "Mr. Tux" (id=3FCmlLdqs97wNYtgsvMTGavMyuZc44PrYyr2Gfkoti8=) joinded the party "Scarred Reapers" (id=15 ownerUID=3FCmlLdqs97wNYtgsvMTGavMyuZc44PrYyr2Gfkoti8= ownerName=Mr. Tux)
23:54:21 [Safezone] Player "Mr. Tux" (id=3FCmlLdqs97wNYtgsvMTGavMyuZc44PrYyr2Gfkoti8= pos=<7242.141113, 262.101898, 7108.399902>) Entered the safezone
23:55:02 [Market] Player "Mr. Tux" (id=3FCmlLdqs97wNYtgsvMTGavMyuZc44PrYyr2Gfkoti8=) has send a requested to sell nbchoodyellow x1 at the trader "Medic (Lewis [Medic])" in market zone "Outpost 42" (pos=<7196.500000, 252.990005, 6976.500000>).
23:55:02 [Market] Player "Mr. Tux" (id=3FCmlLdqs97wNYtgsvMTGavMyuZc44PrYyr2Gfkoti8=) has sold nbchoodyellow x1 at the trader "Medic (Lewis [Medic])" in market zone "Outpost 42" (pos=<7196.500000, 252.990005, 6976.500000>) and got 25.
23:55:03 [Market] Player "Mr. Tux" (id=3FCmlLdqs97wNYtgsvMTGavMyuZc44PrYyr2Gfkoti8=) has send a requested to sell nbcpantsyellow x1 at the trader "Medic (Lewis [Medic])" in market zone "Outpost 42" (pos=<7196.500000, 252.990005, 6976.500000>).
23:55:03 [Market] Player "Mr. Tux" (id=3FCmlLdqs97wNYtgsvMTGavMyuZc44PrYyr2Gfkoti8=) has sold nbcpantsyellow x1 at the trader "Medic (Lewis [Medic])" in market zone "Outpost 42" (pos=<7196.500000, 252.990005, 6976.500000>) and got 500.
23:55:11 [Market] Player "Mr. Tux" (id=3FCmlLdqs97wNYtgsvMTGavMyuZc44PrYyr2Gfkoti8=) has send a requested to sell morphine x1 at the trader "Medic (Lewis [Medic])" in market zone "Outpost 42" (pos=<7196.500000, 252.990005, 6976.500000>).
23:55:11 [Market] Player "Mr. Tux" (id=3FCmlLdqs97wNYtgsvMTGavMyuZc44PrYyr2Gfkoti8=) has sold morphine x1 at the trader "Medic (Lewis [Medic])" in market zone "Outpost 42" (pos=<7196.500000, 252.990005, 6976.500000>) and got 100.
23:55:29 [Market] Player "Mr. Tux" (id=3FCmlLdqs97wNYtgsvMTGavMyuZc44PrYyr2Gfkoti8=) has send a requested to sell startkitiv x1 at the trader "Medic (Lewis [Medic])" in market zone "Outpost 42" (pos=<7196.500000, 252.990005, 6976.500000>).
23:55:29 [Market] Player "Mr. Tux" (id=3FCmlLdqs97wNYtgsvMTGavMyuZc44PrYyr2Gfkoti8=) has sold startkitiv x1 at the trader "Medic (Lewis [Medic])" in market zone "Outpost 42" (pos=<7196.500000, 252.990005, 6976.500000>) and got 25.
23:56:00 [Market] Player "Mr. Tux" (id=3FCmlLdqs97wNYtgsvMTGavMyuZc44PrYyr2Gfkoti8=) has send a requested to sell mag_ij70_8rnd x1 at the trader "Ammo_Attachments (Taiki [Ammo & Attachments])" in market zone "Outpost 42" (pos=<7196.500000, 252.990005, 6976.500000>).
23:56:01 [Market] Player "Mr. Tux" (id=3FCmlLdqs97wNYtgsvMTGavMyuZc44PrYyr2Gfkoti8=) has sold mag_ij70_8rnd x1 at the trader "Ammo_Attachments (Taiki [Ammo & Attachments])" in market zone "Outpost 42" (pos=<7196.500000, 252.990005, 6976.500000>) and got 27.
23:56:01 [Market] Player "Mr. Tux" (id=3FCmlLdqs97wNYtgsvMTGavMyuZc44PrYyr2Gfkoti8=) has send a requested to sell mag_ij70_8rnd x1 at the trader "Ammo_Attachments (Taiki [Ammo & Attachments])" in market zone "Outpost 42" (pos=<7196.500000, 252.990005, 6976.500000>).
23:56:01 [Market] Player "Mr. Tux" (id=3FCmlLdqs97wNYtgsvMTGavMyuZc44PrYyr2Gfkoti8=) has sold mag_ij70_8rnd x1 at the trader "Ammo_Attachments (Taiki [Ammo & Attachments])" in market zone "Outpost 42" (pos=<7196.500000, 252.990005, 6976.500000>) and got 27.
23:56:13 [Market] Player "Mr. Tux" (id=3FCmlLdqs97wNYtgsvMTGavMyuZc44PrYyr2Gfkoti8=) has send a requested to sell expansionkar98scopeoptic x1 at the trader "Ammo_Attachments (Taiki [Ammo & Attachments])" in market zone "Outpost 42" (pos=<7196.500000, 252.990005, 6976.500000>).
23:56:13 [Market] Player "Mr. Tux" (id=3FCmlLdqs97wNYtgsvMTGavMyuZc44PrYyr2Gfkoti8=) has sold expansionkar98scopeoptic x1 at the trader "Ammo_Attachments (Taiki [Ammo & Attachments])" in market zone "Outpost 42" (pos=<7196.500000, 252.990005, 6976.500000>) and got 550.
23:56:26 [Market] Player "Mr. Tux" (id=3FCmlLdqs97wNYtgsvMTGavMyuZc44PrYyr2Gfkoti8=) has send a requested to sell makarovij70 x1 at the trader "Weapons (Seth [Weapons])" in market zone "Outpost 42" (pos=<7196.500000, 252.990005, 6976.500000>).
23:56:26 [Market] Player "Mr. Tux" (id=3FCmlLdqs97wNYtgsvMTGavMyuZc44PrYyr2Gfkoti8=) has sold makarovij70 x1 at the trader "Weapons (Seth [Weapons])" in market zone "Outpost 42" (pos=<7196.500000, 252.990005, 6976.500000>) and got 50.
23:56:48 [Market] Player "Mr. Tux" (id=3FCmlLdqs97wNYtgsvMTGavMyuZc44PrYyr2Gfkoti8=) has send a requested to sell militarygear_gasmask_black x1 at the trader "MilitaryGear (Judy [Military Gear])" in market zone "Outpost 42" (pos=<7196.500000, 252.990005, 6976.500000>).
23:56:48 [Market] Player "Mr. Tux" (id=3FCmlLdqs97wNYtgsvMTGavMyuZc44PrYyr2Gfkoti8=) has sold militarygear_gasmask_black x1 at the trader "MilitaryGear (Judy [Military Gear])" in market zone "Outpost 42" (pos=<7196.500000, 252.990005, 6976.500000>) and got 186.
23:57:16 [Market] Player "Mr. Tux" (id=3FCmlLdqs97wNYtgsvMTGavMyuZc44PrYyr2Gfkoti8=) has send a requested to sell mediumgascanister x1 at the trader "Tools_Supplies (Kaito [Tools & Supplies])" in market zone "Outpost 42" (pos=<7196.500000, 252.990005, 6976.500000>).
23:57:16 [Market] Player "Mr. Tux" (id=3FCmlLdqs97wNYtgsvMTGavMyuZc44PrYyr2Gfkoti8=) has sold mediumgascanister x1 at the trader "Tools_Supplies (Kaito [Tools & Supplies])" in market zone "Outpost 42" (pos=<7196.500000, 252.990005, 6976.500000>) and got 75.
23:57:43 [Market] Player "Mr. Tux" (id=3FCmlLdqs97wNYtgsvMTGavMyuZc44PrYyr2Gfkoti8=) has send a requested to purchase hacksaw x4 from the trader "Tools_Supplies (Kaito [Tools & Supplies])" in market zone "Outpost 42" (pos=<7196.500000, 252.990005, 6976.500000>).
23:57:43 [Market] Player "Mr. Tux" (id=3FCmlLdqs97wNYtgsvMTGavMyuZc44PrYyr2Gfkoti8=) has bought hacksaw x4 from the trader "Tools_Supplies (Kaito [Tools & Supplies])" in market zone "Outpost 42" (pos=<7196.500000, 252.990005, 6976.500000>) for a price of 2000.
23:57:50 [Market] Player "Mr. Tux" (id=3FCmlLdqs97wNYtgsvMTGavMyuZc44PrYyr2Gfkoti8=) has send a requested to purchase hammer x1 from the trader "Tools_Supplies (Kaito [Tools & Supplies])" in market zone "Outpost 42" (pos=<7196.500000, 252.990005, 6976.500000>).
23:57:51 [Market] Player "Mr. Tux" (id=3FCmlLdqs97wNYtgsvMTGavMyuZc44PrYyr2Gfkoti8=) has bought hammer x1 from the trader "Tools_Supplies (Kaito [Tools & Supplies])" in market zone "Outpost 42" (pos=<7196.500000, 252.990005, 6976.500000>) for a price of 400.
23:57:53 [Market] Player "Mr. Tux" (id=3FCmlLdqs97wNYtgsvMTGavMyuZc44PrYyr2Gfkoti8=) has send a requested to purchase hammer x1 from the trader "Tools_Supplies (Kaito [Tools & Supplies])" in market zone "Outpost 42" (pos=<7196.500000, 252.990005, 6976.500000>).
23:57:53 [Market] Player "Mr. Tux" (id=3FCmlLdqs97wNYtgsvMTGavMyuZc44PrYyr2Gfkoti8=) has bought hammer x1 from the trader "Tools_Supplies (Kaito [Tools & Supplies])" in market zone "Outpost 42" (pos=<7196.500000, 252.990005, 6976.500000>) for a price of 400.
23:58:04 [Market] Player "Mr. Tux" (id=3FCmlLdqs97wNYtgsvMTGavMyuZc44PrYyr2Gfkoti8=) has send a requested to purchase nailbox x6 from the trader "Tools_Supplies (Kaito [Tools & Supplies])" in market zone "Outpost 42" (pos=<7196.500000, 252.990005, 6976.500000>).
23:58:04 [Market] Player "Mr. Tux" (id=3FCmlLdqs97wNYtgsvMTGavMyuZc44PrYyr2Gfkoti8=) has bought nailbox x6 from the trader "Tools_Supplies (Kaito [Tools & Supplies])" in market zone "Outpost 42" (pos=<7196.500000, 252.990005, 6976.500000>) for a price of 3000.
23:58:16 [Market] Player "Mr. Tux" (id=3FCmlLdqs97wNYtgsvMTGavMyuZc44PrYyr2Gfkoti8=) has send a requested to purchase nailbox x1 from the trader "Tools_Supplies (Kaito [Tools & Supplies])" in market zone "Outpost 42" (pos=<7196.500000, 252.990005, 6976.500000>).
23:58:16 [Market] Player "Mr. Tux" (id=3FCmlLdqs97wNYtgsvMTGavMyuZc44PrYyr2Gfkoti8=) has bought nailbox x1 from the trader "Tools_Supplies (Kaito [Tools & Supplies])" in market zone "Outpost 42" (pos=<7196.500000, 252.990005, 6976.500000>) for a price of 500.
23:59:17 [Party] Player "Mr. Tux" (id=3FCmlLdqs97wNYtgsvMTGavMyuZc44PrYyr2Gfkoti8=) left the party "Scarred Reapers" (id=15 ownerUID=3FCmlLdqs97wNYtgsvMTGavMyuZc44PrYyr2Gfkoti8= ownerName=Mr. Tux)
