20:22:20 [VehicleCover] Player "Rando" (id=JvvCHnGuyh_nfZYJHhwPEuqC4PLOVPMEAKGSXu_-8kY= pos=<4450.570801, 338.928101, 9529.047852>) uncovered vehicle "OffroadHatchback" (GlobalID=80000000800000008000000080001F0E pos=<4448.261719, 339.023712, 9530.250977>)!
20:22:27 [VehicleCarKey] Player "Rando" (id=JvvCHnGuyh_nfZYJHhwPEuqC4PLOVPMEAKGSXu_-8kY= pos=<4448.115723, 339.160950, 9528.272461>) used the  ExpansionCarKey to unlock OffroadHatchback (id=4A8E19BDAB444B1402BB92B213A55C9E pos=<4448.262207, 339.023651, 9530.250977>)
20:22:34 [VehicleEnter] Player Rando [uid=JvvCHnGuyh_nfZYJHhwPEuqC4PLOVPMEAKGSXu_-8kY=] entered vehicle Ada 4x4 (id=4A8E19BDAB444B1402BB92B213A55C9E pos=<4448.262207, 339.023682, 9530.250977>) as driver
20:23:43 [VehicleLeave] Player Rando [uid=JvvCHnGuyh_nfZYJHhwPEuqC4PLOVPMEAKGSXu_-8kY=] left vehicle Ada 4x4 (id=4A8E19BDAB444B1402BB92B213A55C9E pos=<4448.262207, 339.023651, 9530.251953>)
20:24:14 [VehicleCarKey] Player "Rando" (id=JvvCHnGuyh_nfZYJHhwPEuqC4PLOVPMEAKGSXu_-8kY= pos=<4450.453125, 338.888031, 9529.523438>) used the  ExpansionCarKey to lock OffroadHatchback (id=4A8E19BDAB444B1402BB92B213A55C9E pos=<4448.262207, 339.023621, 9530.251953>)
20:25:25 [VehicleDeleted] OffroadHatchback (id=4A8E19BDAB444B1402BB92B213A55C9E pos=<4448.262207, 339.023621, 9530.251953>)
20:40:10 [VehicleCover] Player "Rando" (id=JvvCHnGuyh_nfZYJHhwPEuqC4PLOVPMEAKGSXu_-8kY= pos=<4448.475098, 338.875305, 9531.756836>) uncovered vehicle "OffroadHatchback" (GlobalID=80000000800000008000000080001F0E pos=<4448.262207, 339.023621, 9530.251953>)!
20:40:16 [VehicleCarKey] Player "Rando" (id=JvvCHnGuyh_nfZYJHhwPEuqC4PLOVPMEAKGSXu_-8kY= pos=<4448.065918, 339.103333, 9529.051758>) used the  ExpansionCarKey to unlock OffroadHatchback (id=974FFF840E4FD42446E2F7A052280124 pos=<4448.262695, 339.023560, 9530.252930>)
20:40:17 [VehicleCarKey] Player "Rando" (id=JvvCHnGuyh_nfZYJHhwPEuqC4PLOVPMEAKGSXu_-8kY= pos=<4448.065918, 339.103333, 9529.051758>) used the  ExpansionCarKey to lock OffroadHatchback (id=974FFF840E4FD42446E2F7A052280124 pos=<4448.262695, 339.023560, 9530.252930>)
20:40:18 [VehicleCarKey] Player "Rando" (id=JvvCHnGuyh_nfZYJHhwPEuqC4PLOVPMEAKGSXu_-8kY= pos=<4448.065918, 339.103333, 9529.051758>) used the  ExpansionCarKey to unlock OffroadHatchback (id=974FFF840E4FD42446E2F7A052280124 pos=<4448.262695, 339.023560, 9530.252930>)
20:40:24 [VehicleEnter] Player Rando [uid=JvvCHnGuyh_nfZYJHhwPEuqC4PLOVPMEAKGSXu_-8kY=] entered vehicle Ada 4x4 (id=974FFF840E4FD42446E2F7A052280124 pos=<4448.262695, 339.023529, 9530.252930>) as driver
20:40:29 [VehicleEngine] Player Rando [uid=JvvCHnGuyh_nfZYJHhwPEuqC4PLOVPMEAKGSXu_-8kY=] started vehicle Ada 4x4 (id=974FFF840E4FD42446E2F7A052280124 pos=<4448.262695, 339.023529, 9530.252930>)
20:46:49 [VehicleLeave] Player Rando [uid=JvvCHnGuyh_nfZYJHhwPEuqC4PLOVPMEAKGSXu_-8kY=] left vehicle Ada 4x4 (id=974FFF840E4FD42446E2F7A052280124 pos=<4295.325684, 329.810364, 5575.650879>)
20:48:07 [VehicleEnter] Player Rando [uid=JvvCHnGuyh_nfZYJHhwPEuqC4PLOVPMEAKGSXu_-8kY=] entered vehicle Ada 4x4 (id=974FFF840E4FD42446E2F7A052280124 pos=<4295.325684, 329.810394, 5575.650879>) as driver
20:48:12 [VehicleEngine] Player Rando [uid=JvvCHnGuyh_nfZYJHhwPEuqC4PLOVPMEAKGSXu_-8kY=] started vehicle Ada 4x4 (id=974FFF840E4FD42446E2F7A052280124 pos=<4295.325684, 329.810364, 5575.650879>)
20:49:47 [VehicleLeave] Player Rando [uid=JvvCHnGuyh_nfZYJHhwPEuqC4PLOVPMEAKGSXu_-8kY=] left vehicle Ada 4x4 (id=974FFF840E4FD42446E2F7A052280124 pos=<4673.751465, 281.051971, 4700.291504>)
20:50:02 [VehicleDeleted] OffroadHatchback (id=974FFF840E4FD42446E2F7A052280124 pos=<4673.751465, 281.051971, 4700.291504>)
20:50:02 [VirtualGarage] Player "Rando" (id=JvvCHnGuyh_nfZYJHhwPEuqC4PLOVPMEAKGSXu_-8kY= pos=<4679.613770, 281.104187, 4713.971191>) stored a vehicle "OffroadHatchback" (GlobalID=80000000800000008000000080001F0E pos=<4673.751465, 281.051971, 4700.291504>)
21:09:22 [Safezone] Player "Caged Rage81" (id=GWTeBMtw-uYUd4uXvvI-KfhtsqlA1Dyz6uqis-pJdA4= pos=<7146.314941, 255.437729, 6845.872070>) Entered the safezone
21:16:43 [Market] Player "Caged Rage81" (id=GWTeBMtw-uYUd4uXvvI-KfhtsqlA1Dyz6uqis-pJdA4=) has send a requested to sell deagle x1 at the trader "Weapons (Seth [Weapons])" in market zone "Outpost 42" (pos=<7196.500000, 252.990005, 6976.500000>).
21:16:43 [Market] Player "Caged Rage81" (id=GWTeBMtw-uYUd4uXvvI-KfhtsqlA1Dyz6uqis-pJdA4=) has sold deagle x1 at the trader "Weapons (Seth [Weapons])" in market zone "Outpost 42" (pos=<7196.500000, 252.990005, 6976.500000>) and got 1500.
21:17:36 [Market] Player "Caged Rage81" (id=GWTeBMtw-uYUd4uXvvI-KfhtsqlA1Dyz6uqis-pJdA4=) has send a requested to sell colt1911 x1 at the trader "Weapons (Seth [Weapons])" in market zone "Outpost 42" (pos=<7196.500000, 252.990005, 6976.500000>).
21:17:36 [Market] Player "Caged Rage81" (id=GWTeBMtw-uYUd4uXvvI-KfhtsqlA1Dyz6uqis-pJdA4=) has sold colt1911 x1 at the trader "Weapons (Seth [Weapons])" in market zone "Outpost 42" (pos=<7196.500000, 252.990005, 6976.500000>) and got 188.
21:19:07 [Market] Player "Caged Rage81" (id=GWTeBMtw-uYUd4uXvvI-KfhtsqlA1Dyz6uqis-pJdA4=) has send a requested to sell ump45 x1 at the trader "Weapons (Seth [Weapons])" in market zone "Outpost 42" (pos=<7196.500000, 252.990005, 6976.500000>).
21:19:07 [Market] Player "Caged Rage81" (id=GWTeBMtw-uYUd4uXvvI-KfhtsqlA1Dyz6uqis-pJdA4=) has sold ump45 x1 at the trader "Weapons (Seth [Weapons])" in market zone "Outpost 42" (pos=<7196.500000, 252.990005, 6976.500000>) and got 400.
21:25:09 [Market] Player "Caged Rage81" (id=GWTeBMtw-uYUd4uXvvI-KfhtsqlA1Dyz6uqis-pJdA4=) has send a requested to sell m4_mpbttstck x1 at the trader "Ammo_Attachments (Taiki [Ammo & Attachments])" in market zone "Outpost 42" (pos=<7196.500000, 252.990005, 6976.500000>).
21:25:09 [Market] Player "Caged Rage81" (id=GWTeBMtw-uYUd4uXvvI-KfhtsqlA1Dyz6uqis-pJdA4=) has sold m4_mpbttstck x1 at the trader "Ammo_Attachments (Taiki [Ammo & Attachments])" in market zone "Outpost 42" (pos=<7196.500000, 252.990005, 6976.500000>) and got 56.
21:27:16 [Market] Player "Caged Rage81" (id=GWTeBMtw-uYUd4uXvvI-KfhtsqlA1Dyz6uqis-pJdA4=) has send a requested to sell ttc_holo x1 at the trader "Ammo_Attachments (Taiki [Ammo & Attachments])" in market zone "Outpost 42" (pos=<7196.500000, 252.990005, 6976.500000>).
21:27:16 [Market] Player "Caged Rage81" (id=GWTeBMtw-uYUd4uXvvI-KfhtsqlA1Dyz6uqis-pJdA4=) has sold ttc_holo x1 at the trader "Ammo_Attachments (Taiki [Ammo & Attachments])" in market zone "Outpost 42" (pos=<7196.500000, 252.990005, 6976.500000>) and got 2500.
21:27:18 [Market] Player "Caged Rage81" (id=GWTeBMtw-uYUd4uXvvI-KfhtsqlA1Dyz6uqis-pJdA4=) has send a requested to sell ttc_holo x1 at the trader "Ammo_Attachments (Taiki [Ammo & Attachments])" in market zone "Outpost 42" (pos=<7196.500000, 252.990005, 6976.500000>).
21:27:18 [Market] Player "Caged Rage81" (id=GWTeBMtw-uYUd4uXvvI-KfhtsqlA1Dyz6uqis-pJdA4=) has sold ttc_holo x1 at the trader "Ammo_Attachments (Taiki [Ammo & Attachments])" in market zone "Outpost 42" (pos=<7196.500000, 252.990005, 6976.500000>) and got 2500.
21:30:58 [Market] Player "Caged Rage81" (id=GWTeBMtw-uYUd4uXvvI-KfhtsqlA1Dyz6uqis-pJdA4=) has send a requested to purchase lunchmeat x1 from the trader "Consumables (Irena [Consumables])" in market zone "Outpost 42" (pos=<7196.500000, 252.990005, 6976.500000>).
21:30:58 [Market] Player "Caged Rage81" (id=GWTeBMtw-uYUd4uXvvI-KfhtsqlA1Dyz6uqis-pJdA4=) has bought lunchmeat x1 from the trader "Consumables (Irena [Consumables])" in market zone "Outpost 42" (pos=<7196.500000, 252.990005, 6976.500000>) for a price of 20.
21:31:03 [Market] Player "Caged Rage81" (id=GWTeBMtw-uYUd4uXvvI-KfhtsqlA1Dyz6uqis-pJdA4=) has send a requested to purchase lunchmeat x1 from the trader "Consumables (Irena [Consumables])" in market zone "Outpost 42" (pos=<7196.500000, 252.990005, 6976.500000>).
21:31:04 [Market] Player "Caged Rage81" (id=GWTeBMtw-uYUd4uXvvI-KfhtsqlA1Dyz6uqis-pJdA4=) has bought lunchmeat x1 from the trader "Consumables (Irena [Consumables])" in market zone "Outpost 42" (pos=<7196.500000, 252.990005, 6976.500000>) for a price of 20.
21:33:40 [Market] Player "Caged Rage81" (id=GWTeBMtw-uYUd4uXvvI-KfhtsqlA1Dyz6uqis-pJdA4=) has send a requested to sell personalradio x1 at the trader "Tools_Supplies (Kaito [Tools & Supplies])" in market zone "Outpost 42" (pos=<7196.500000, 252.990005, 6976.500000>).
21:33:40 [Market] Player "Caged Rage81" (id=GWTeBMtw-uYUd4uXvvI-KfhtsqlA1Dyz6uqis-pJdA4=) has sold personalradio x1 at the trader "Tools_Supplies (Kaito [Tools & Supplies])" in market zone "Outpost 42" (pos=<7196.500000, 252.990005, 6976.500000>) and got 5.
21:34:28 [Market] Player "Caged Rage81" (id=GWTeBMtw-uYUd4uXvvI-KfhtsqlA1Dyz6uqis-pJdA4=) has send a requested to sell ducttape x1 at the trader "Tools_Supplies (Kaito [Tools & Supplies])" in market zone "Outpost 42" (pos=<7196.500000, 252.990005, 6976.500000>).
21:34:28 [Market] Player "Caged Rage81" (id=GWTeBMtw-uYUd4uXvvI-KfhtsqlA1Dyz6uqis-pJdA4=) has sold ducttape x1 at the trader "Tools_Supplies (Kaito [Tools & Supplies])" in market zone "Outpost 42" (pos=<7196.500000, 252.990005, 6976.500000>) and got 100.
21:49:35 [Market] Player "Caged Rage81" (id=GWTeBMtw-uYUd4uXvvI-KfhtsqlA1Dyz6uqis-pJdA4=) has send a requested to sell ttc_svt40 x1 at the trader "Weapons (Seth [Weapons])" in market zone "Outpost 42" (pos=<7196.500000, 252.990005, 6976.500000>).
21:49:35 [Market] Player "Caged Rage81" (id=GWTeBMtw-uYUd4uXvvI-KfhtsqlA1Dyz6uqis-pJdA4=) has sold ttc_svt40 x1 at the trader "Weapons (Seth [Weapons])" in market zone "Outpost 42" (pos=<7196.500000, 252.990005, 6976.500000>) and got 4000.
21:54:23 [Market] Player "Caged Rage81" (id=GWTeBMtw-uYUd4uXvvI-KfhtsqlA1Dyz6uqis-pJdA4=) has send a requested to sell ttc_mpx x1 at the trader "Weapons (Seth [Weapons])" in market zone "Outpost 42" (pos=<7196.500000, 252.990005, 6976.500000>).
21:54:23 [Market] Player "Caged Rage81" (id=GWTeBMtw-uYUd4uXvvI-KfhtsqlA1Dyz6uqis-pJdA4=) has sold ttc_mpx x1 at the trader "Weapons (Seth [Weapons])" in market zone "Outpost 42" (pos=<7196.500000, 252.990005, 6976.500000>) and got 937.
22:04:49 [Market] Player "Caged Rage81" (id=GWTeBMtw-uYUd4uXvvI-KfhtsqlA1Dyz6uqis-pJdA4=) has send a requested to sell ammo_45acp x1 at the trader "Ammo_Attachments (Taiki [Ammo & Attachments])" in market zone "Outpost 42" (pos=<7196.500000, 252.990005, 6976.500000>).
22:04:49 [Market] Player "Caged Rage81" (id=GWTeBMtw-uYUd4uXvvI-KfhtsqlA1Dyz6uqis-pJdA4=) has sold ammo_45acp x1 at the trader "Ammo_Attachments (Taiki [Ammo & Attachments])" in market zone "Outpost 42" (pos=<7196.500000, 252.990005, 6976.500000>) and got 0.
22:05:16 [Market] Player "Caged Rage81" (id=GWTeBMtw-uYUd4uXvvI-KfhtsqlA1Dyz6uqis-pJdA4=) has send a requested to sell ammo_45acp x154 at the trader "Ammo_Attachments (Taiki [Ammo & Attachments])" in market zone "Outpost 42" (pos=<7196.500000, 252.990005, 6976.500000>).
22:05:16 [Market] Player "Caged Rage81" (id=GWTeBMtw-uYUd4uXvvI-KfhtsqlA1Dyz6uqis-pJdA4=) has sold ammo_45acp x154 at the trader "Ammo_Attachments (Taiki [Ammo & Attachments])" in market zone "Outpost 42" (pos=<7196.500000, 252.990005, 6976.500000>) and got 96.
22:05:25 [Market] Player "Caged Rage81" (id=GWTeBMtw-uYUd4uXvvI-KfhtsqlA1Dyz6uqis-pJdA4=) has send a requested to sell ammo_9x39 x1 at the trader "Ammo_Attachments (Taiki [Ammo & Attachments])" in market zone "Outpost 42" (pos=<7196.500000, 252.990005, 6976.500000>).
22:05:25 [Market] Player "Caged Rage81" (id=GWTeBMtw-uYUd4uXvvI-KfhtsqlA1Dyz6uqis-pJdA4=) has sold ammo_9x39 x1 at the trader "Ammo_Attachments (Taiki [Ammo & Attachments])" in market zone "Outpost 42" (pos=<7196.500000, 252.990005, 6976.500000>) and got 0.
22:05:48 [Market] Player "Caged Rage81" (id=GWTeBMtw-uYUd4uXvvI-KfhtsqlA1Dyz6uqis-pJdA4=) has send a requested to sell ammo_9x39 x59 at the trader "Ammo_Attachments (Taiki [Ammo & Attachments])" in market zone "Outpost 42" (pos=<7196.500000, 252.990005, 6976.500000>).
22:05:48 [Market] Player "Caged Rage81" (id=GWTeBMtw-uYUd4uXvvI-KfhtsqlA1Dyz6uqis-pJdA4=) has sold ammo_9x39 x59 at the trader "Ammo_Attachments (Taiki [Ammo & Attachments])" in market zone "Outpost 42" (pos=<7196.500000, 252.990005, 6976.500000>) and got 31.
22:07:32 [Market] Player "Caged Rage81" (id=GWTeBMtw-uYUd4uXvvI-KfhtsqlA1Dyz6uqis-pJdA4=) has send a requested to sell puscopeoptic x1 at the trader "Ammo_Attachments (Taiki [Ammo & Attachments])" in market zone "Outpost 42" (pos=<7196.500000, 252.990005, 6976.500000>).
22:07:32 [Market] Player "Caged Rage81" (id=GWTeBMtw-uYUd4uXvvI-KfhtsqlA1Dyz6uqis-pJdA4=) has sold puscopeoptic x1 at the trader "Ammo_Attachments (Taiki [Ammo & Attachments])" in market zone "Outpost 42" (pos=<7196.500000, 252.990005, 6976.500000>) and got 338.
22:08:02 [Market] Player "Caged Rage81" (id=GWTeBMtw-uYUd4uXvvI-KfhtsqlA1Dyz6uqis-pJdA4=) has send a requested to sell ttc_mag_svt40_10rnd x1 at the trader "Ammo_Attachments (Taiki [Ammo & Attachments])" in market zone "Outpost 42" (pos=<7196.500000, 252.990005, 6976.500000>).
22:08:02 [Market] Player "Caged Rage81" (id=GWTeBMtw-uYUd4uXvvI-KfhtsqlA1Dyz6uqis-pJdA4=) has sold ttc_mag_svt40_10rnd x1 at the trader "Ammo_Attachments (Taiki [Ammo & Attachments])" in market zone "Outpost 42" (pos=<7196.500000, 252.990005, 6976.500000>) and got 112.
22:08:04 [Market] Player "Caged Rage81" (id=GWTeBMtw-uYUd4uXvvI-KfhtsqlA1Dyz6uqis-pJdA4=) has send a requested to sell mag_ump_25rnd x1 at the trader "Ammo_Attachments (Taiki [Ammo & Attachments])" in market zone "Outpost 42" (pos=<7196.500000, 252.990005, 6976.500000>).
22:08:04 [Market] Player "Caged Rage81" (id=GWTeBMtw-uYUd4uXvvI-KfhtsqlA1Dyz6uqis-pJdA4=) has sold mag_ump_25rnd x1 at the trader "Ammo_Attachments (Taiki [Ammo & Attachments])" in market zone "Outpost 42" (pos=<7196.500000, 252.990005, 6976.500000>) and got 56.
22:08:07 [Market] Player "Caged Rage81" (id=GWTeBMtw-uYUd4uXvvI-KfhtsqlA1Dyz6uqis-pJdA4=) has send a requested to sell mag_1911_7rnd x1 at the trader "Ammo_Attachments (Taiki [Ammo & Attachments])" in market zone "Outpost 42" (pos=<7196.500000, 252.990005, 6976.500000>).
22:08:08 [Market] Player "Caged Rage81" (id=GWTeBMtw-uYUd4uXvvI-KfhtsqlA1Dyz6uqis-pJdA4=) has sold mag_1911_7rnd x1 at the trader "Ammo_Attachments (Taiki [Ammo & Attachments])" in market zone "Outpost 42" (pos=<7196.500000, 252.990005, 6976.500000>) and got 5.
22:08:18 [Market] Player "Caged Rage81" (id=GWTeBMtw-uYUd4uXvvI-KfhtsqlA1Dyz6uqis-pJdA4=) has send a requested to sell mag_sg_30rnd x1 at the trader "Ammo_Attachments (Taiki [Ammo & Attachments])" in market zone "Outpost 42" (pos=<7196.500000, 252.990005, 6976.500000>).
22:08:18 [Market] Player "Caged Rage81" (id=GWTeBMtw-uYUd4uXvvI-KfhtsqlA1Dyz6uqis-pJdA4=) has sold mag_sg_30rnd x1 at the trader "Ammo_Attachments (Taiki [Ammo & Attachments])" in market zone "Outpost 42" (pos=<7196.500000, 252.990005, 6976.500000>) and got 250.
22:09:32 [Market] Player "Caged Rage81" (id=GWTeBMtw-uYUd4uXvvI-KfhtsqlA1Dyz6uqis-pJdA4=) has send a requested to sell ttc_mpx_mag_60rnd x1 at the trader "Ammo_Attachments (Taiki [Ammo & Attachments])" in market zone "Outpost 42" (pos=<7196.500000, 252.990005, 6976.500000>).
22:09:32 [Market] Player "Caged Rage81" (id=GWTeBMtw-uYUd4uXvvI-KfhtsqlA1Dyz6uqis-pJdA4=) has sold ttc_mpx_mag_60rnd x1 at the trader "Ammo_Attachments (Taiki [Ammo & Attachments])" in market zone "Outpost 42" (pos=<7196.500000, 252.990005, 6976.500000>) and got 450.
22:09:38 [Market] Player "Caged Rage81" (id=GWTeBMtw-uYUd4uXvvI-KfhtsqlA1Dyz6uqis-pJdA4=) has send a requested to sell ttc_mpx_mag_60rnd x1 at the trader "Ammo_Attachments (Taiki [Ammo & Attachments])" in market zone "Outpost 42" (pos=<7196.500000, 252.990005, 6976.500000>).
22:09:38 [Market] Player "Caged Rage81" (id=GWTeBMtw-uYUd4uXvvI-KfhtsqlA1Dyz6uqis-pJdA4=) has sold ttc_mpx_mag_60rnd x1 at the trader "Ammo_Attachments (Taiki [Ammo & Attachments])" in market zone "Outpost 42" (pos=<7196.500000, 252.990005, 6976.500000>) and got 338.
22:11:27 [Market] Player "Caged Rage81" (id=GWTeBMtw-uYUd4uXvvI-KfhtsqlA1Dyz6uqis-pJdA4=) has send a requested to purchase militaryboots_redpunk x1 from the trader "MilitaryGear (Judy [Military Gear])" in market zone "Outpost 42" (pos=<7196.500000, 252.990005, 6976.500000>).
22:11:27 [Market] Player "Caged Rage81" (id=GWTeBMtw-uYUd4uXvvI-KfhtsqlA1Dyz6uqis-pJdA4=) has bought militaryboots_redpunk x1 from the trader "MilitaryGear (Judy [Military Gear])" in market zone "Outpost 42" (pos=<7196.500000, 252.990005, 6976.500000>) for a price of 100.
22:12:39 [Market] Player "Caged Rage81" (id=GWTeBMtw-uYUd4uXvvI-KfhtsqlA1Dyz6uqis-pJdA4=) has send a requested to sell militaryboots_brown x1 at the trader "MilitaryGear (Judy [Military Gear])" in market zone "Outpost 42" (pos=<7196.500000, 252.990005, 6976.500000>).
22:12:39 [Market] Player "Caged Rage81" (id=GWTeBMtw-uYUd4uXvvI-KfhtsqlA1Dyz6uqis-pJdA4=) has sold militaryboots_brown x1 at the trader "MilitaryGear (Judy [Military Gear])" in market zone "Outpost 42" (pos=<7196.500000, 252.990005, 6976.500000>) and got 50.
22:19:26 [Safezone] Player "Caged Rage81" (id=GWTeBMtw-uYUd4uXvvI-KfhtsqlA1Dyz6uqis-pJdA4= pos=<7274.524902, 267.343628, 7120.200195>) Left the safezone
22:36:23 [Party] Player "Mr. Tux" (id=3FCmlLdqs97wNYtgsvMTGavMyuZc44PrYyr2Gfkoti8=) joinded the party "Scarred Reapers" (id=15 ownerUID=3FCmlLdqs97wNYtgsvMTGavMyuZc44PrYyr2Gfkoti8= ownerName=Mr. Tux)
23:59:15 [Party] Player "Mr. Tux" (id=3FCmlLdqs97wNYtgsvMTGavMyuZc44PrYyr2Gfkoti8=) left the party "Scarred Reapers" (id=15 ownerUID=3FCmlLdqs97wNYtgsvMTGavMyuZc44PrYyr2Gfkoti8= ownerName=Mr. Tux)
