00:06:19 [Party] Player "Mr. Tux" (id=3FCmlLdqs97wNYtgsvMTGavMyuZc44PrYyr2Gfkoti8=) joinded the party "Scarred Reapers" (id=15 ownerUID=3FCmlLdqs97wNYtgsvMTGavMyuZc44PrYyr2Gfkoti8= ownerName=Mr. Tux)
00:06:50 [Party] Player "Mr. Tux" (id=3FCmlLdqs97wNYtgsvMTGavMyuZc44PrYyr2Gfkoti8=) left the party "Scarred Reapers" (id=15 ownerUID=3FCmlLdqs97wNYtgsvMTGavMyuZc44PrYyr2Gfkoti8= ownerName=Mr. Tux)
00:08:46 [Party] Player "Mr. Tux" (id=3FCmlLdqs97wNYtgsvMTGavMyuZc44PrYyr2Gfkoti8=) joinded the party "Scarred Reapers" (id=15 ownerUID=3FCmlLdqs97wNYtgsvMTGavMyuZc44PrYyr2Gfkoti8= ownerName=Mr. Tux)
00:41:15 [ExplosionDamageSystem] About to explode M67Grenade_Ammo from M67Grenade<6022590> at <4564.54, 318.01, 8359.87> EXPLOSION range 20 dropoff 5
00:53:47 [Safezone] Player "Mr. Tux" (id=3FCmlLdqs97wNYtgsvMTGavMyuZc44PrYyr2Gfkoti8= pos=<7064.205078, 277.696442, 7020.918945>) Entered the safezone
00:55:24 [Market] Player "Mr. Tux" (id=3FCmlLdqs97wNYtgsvMTGavMyuZc44PrYyr2Gfkoti8=) has send a requested to sell ammo_45acp x98 at the trader "Ammo_Attachments (Taiki [Ammo & Attachments])" in market zone "Outpost 42" (pos=<7196.500000, 252.990005, 6976.500000>).
00:55:24 [Market] Player "Mr. Tux" (id=3FCmlLdqs97wNYtgsvMTGavMyuZc44PrYyr2Gfkoti8=) has sold ammo_45acp x98 at the trader "Ammo_Attachments (Taiki [Ammo & Attachments])" in market zone "Outpost 42" (pos=<7196.500000, 252.990005, 6976.500000>) and got 74.
00:55:36 [Market] Player "Mr. Tux" (id=3FCmlLdqs97wNYtgsvMTGavMyuZc44PrYyr2Gfkoti8=) has send a requested to sell ammo_556x45 x4 at the trader "Ammo_Attachments (Taiki [Ammo & Attachments])" in market zone "Outpost 42" (pos=<7196.500000, 252.990005, 6976.500000>).
00:55:37 [Market] Player "Mr. Tux" (id=3FCmlLdqs97wNYtgsvMTGavMyuZc44PrYyr2Gfkoti8=) has sold ammo_556x45 x4 at the trader "Ammo_Attachments (Taiki [Ammo & Attachments])" in market zone "Outpost 42" (pos=<7196.500000, 252.990005, 6976.500000>) and got 4.
00:56:14 [Market] Player "Mr. Tux" (id=3FCmlLdqs97wNYtgsvMTGavMyuZc44PrYyr2Gfkoti8=) has send a requested to sell ttc_buttstock_ak12 x1 at the trader "Ammo_Attachments (Taiki [Ammo & Attachments])" in market zone "Outpost 42" (pos=<7196.500000, 252.990005, 6976.500000>).
00:56:15 [Market] Player "Mr. Tux" (id=3FCmlLdqs97wNYtgsvMTGavMyuZc44PrYyr2Gfkoti8=) has sold ttc_buttstock_ak12 x1 at the trader "Ammo_Attachments (Taiki [Ammo & Attachments])" in market zone "Outpost 42" (pos=<7196.500000, 252.990005, 6976.500000>) and got 75.
00:56:18 [Market] Player "Mr. Tux" (id=3FCmlLdqs97wNYtgsvMTGavMyuZc44PrYyr2Gfkoti8=) has send a requested to sell ammobox_12gaslug_10rnd x1 at the trader "Ammo_Attachments (Taiki [Ammo & Attachments])" in market zone "Outpost 42" (pos=<7196.500000, 252.990005, 6976.500000>).
00:56:18 [Market] Player "Mr. Tux" (id=3FCmlLdqs97wNYtgsvMTGavMyuZc44PrYyr2Gfkoti8=) has sold ammobox_12gaslug_10rnd x1 at the trader "Ammo_Attachments (Taiki [Ammo & Attachments])" in market zone "Outpost 42" (pos=<7196.500000, 252.990005, 6976.500000>) and got 5.
00:56:52 [Market] Player "Mr. Tux" (id=3FCmlLdqs97wNYtgsvMTGavMyuZc44PrYyr2Gfkoti8=) has send a requested to sell ammo_545x39 x47 at the trader "Ammo_Attachments (Taiki [Ammo & Attachments])" in market zone "Outpost 42" (pos=<7196.500000, 252.990005, 6976.500000>).
00:56:53 [Market] Player "Mr. Tux" (id=3FCmlLdqs97wNYtgsvMTGavMyuZc44PrYyr2Gfkoti8=) has sold ammo_545x39 x47 at the trader "Ammo_Attachments (Taiki [Ammo & Attachments])" in market zone "Outpost 42" (pos=<7196.500000, 252.990005, 6976.500000>) and got 35.
00:58:47 [Market] Player "Mr. Tux" (id=3FCmlLdqs97wNYtgsvMTGavMyuZc44PrYyr2Gfkoti8=) has send a requested to sell ammo_9x19 x90 at the trader "Ammo_Attachments (Taiki [Ammo & Attachments])" in market zone "Outpost 42" (pos=<7196.500000, 252.990005, 6976.500000>).
00:58:47 [Market] Player "Mr. Tux" (id=3FCmlLdqs97wNYtgsvMTGavMyuZc44PrYyr2Gfkoti8=) has sold ammo_9x19 x90 at the trader "Ammo_Attachments (Taiki [Ammo & Attachments])" in market zone "Outpost 42" (pos=<7196.500000, 252.990005, 6976.500000>) and got 90.
00:59:01 [Market] Player "Mr. Tux" (id=3FCmlLdqs97wNYtgsvMTGavMyuZc44PrYyr2Gfkoti8=) has send a requested to sell mag_ak101_30rnd x1 at the trader "Ammo_Attachments (Taiki [Ammo & Attachments])" in market zone "Outpost 42" (pos=<7196.500000, 252.990005, 6976.500000>).
00:59:01 [Market] Player "Mr. Tux" (id=3FCmlLdqs97wNYtgsvMTGavMyuZc44PrYyr2Gfkoti8=) has sold mag_ak101_30rnd x1 at the trader "Ammo_Attachments (Taiki [Ammo & Attachments])" in market zone "Outpost 42" (pos=<7196.500000, 252.990005, 6976.500000>) and got 110.
01:00:51 [Market] Player "Mr. Tux" (id=3FCmlLdqs97wNYtgsvMTGavMyuZc44PrYyr2Gfkoti8=) has send a requested to sell flashlight x1 at the trader "Tools_Supplies (Kaito [Tools & Supplies])" in market zone "Outpost 42" (pos=<7196.500000, 252.990005, 6976.500000>).
01:00:52 [Market] Player "Mr. Tux" (id=3FCmlLdqs97wNYtgsvMTGavMyuZc44PrYyr2Gfkoti8=) has sold flashlight x1 at the trader "Tools_Supplies (Kaito [Tools & Supplies])" in market zone "Outpost 42" (pos=<7196.500000, 252.990005, 6976.500000>) and got 6.
01:01:27 [Market] Player "Mr. Tux" (id=3FCmlLdqs97wNYtgsvMTGavMyuZc44PrYyr2Gfkoti8=) has send a requested to sell gasmask_filter x1 at the trader "Medic (Lewis [Medic])" in market zone "Outpost 42" (pos=<7196.500000, 252.990005, 6976.500000>).
01:01:27 [Market] Player "Mr. Tux" (id=3FCmlLdqs97wNYtgsvMTGavMyuZc44PrYyr2Gfkoti8=) has sold gasmask_filter x1 at the trader "Medic (Lewis [Medic])" in market zone "Outpost 42" (pos=<7196.500000, 252.990005, 6976.500000>) and got 42.
01:03:31 [Market] Player "Mr. Tux" (id=3FCmlLdqs97wNYtgsvMTGavMyuZc44PrYyr2Gfkoti8=) has send a requested to sell wildboarpelt x1 at the trader "Hunting_Fishing (Boris [Hunting Trader])" in market zone "Outpost 42" (pos=<7196.500000, 252.990005, 6976.500000>).
01:03:31 [Market] Player "Mr. Tux" (id=3FCmlLdqs97wNYtgsvMTGavMyuZc44PrYyr2Gfkoti8=) has sold wildboarpelt x1 at the trader "Hunting_Fishing (Boris [Hunting Trader])" in market zone "Outpost 42" (pos=<7196.500000, 252.990005, 6976.500000>) and got 500.
01:03:34 [Market] Player "Mr. Tux" (id=3FCmlLdqs97wNYtgsvMTGavMyuZc44PrYyr2Gfkoti8=) has send a requested to sell pigsteakmeat x1 at the trader "Hunting_Fishing (Boris [Hunting Trader])" in market zone "Outpost 42" (pos=<7196.500000, 252.990005, 6976.500000>).
01:03:34 [Market] Player "Mr. Tux" (id=3FCmlLdqs97wNYtgsvMTGavMyuZc44PrYyr2Gfkoti8=) has sold pigsteakmeat x1 at the trader "Hunting_Fishing (Boris [Hunting Trader])" in market zone "Outpost 42" (pos=<7196.500000, 252.990005, 6976.500000>) and got 15.
01:03:37 [Market] Player "Mr. Tux" (id=3FCmlLdqs97wNYtgsvMTGavMyuZc44PrYyr2Gfkoti8=) has send a requested to sell pigsteakmeat x1 at the trader "Hunting_Fishing (Boris [Hunting Trader])" in market zone "Outpost 42" (pos=<7196.500000, 252.990005, 6976.500000>).
01:03:37 [Market] Player "Mr. Tux" (id=3FCmlLdqs97wNYtgsvMTGavMyuZc44PrYyr2Gfkoti8=) has sold pigsteakmeat x1 at the trader "Hunting_Fishing (Boris [Hunting Trader])" in market zone "Outpost 42" (pos=<7196.500000, 252.990005, 6976.500000>) and got 18.
01:03:56 [Market] Player "Mr. Tux" (id=3FCmlLdqs97wNYtgsvMTGavMyuZc44PrYyr2Gfkoti8=) has send a requested to sell mvs_6b47_helmet_od x1 at the trader "MilitaryGear (Judy [Military Gear])" in market zone "Outpost 42" (pos=<7196.500000, 252.990005, 6976.500000>).
01:03:57 [Market] Player "Mr. Tux" (id=3FCmlLdqs97wNYtgsvMTGavMyuZc44PrYyr2Gfkoti8=) has sold mvs_6b47_helmet_od x1 at the trader "MilitaryGear (Judy [Military Gear])" in market zone "Outpost 42" (pos=<7196.500000, 252.990005, 6976.500000>) and got 925.
01:09:06 [Market] Player "Mr. Tux" (id=3FCmlLdqs97wNYtgsvMTGavMyuZc44PrYyr2Gfkoti8=) has send a requested to sell pigsteakmeat x1 at the trader "Hunting_Fishing (Boris [Hunting Trader])" in market zone "Outpost 42" (pos=<7196.500000, 252.990005, 6976.500000>).
01:09:07 [Market] Player "Mr. Tux" (id=3FCmlLdqs97wNYtgsvMTGavMyuZc44PrYyr2Gfkoti8=) has sold pigsteakmeat x1 at the trader "Hunting_Fishing (Boris [Hunting Trader])" in market zone "Outpost 42" (pos=<7196.500000, 252.990005, 6976.500000>) and got 20.
01:09:09 [Market] Player "Mr. Tux" (id=3FCmlLdqs97wNYtgsvMTGavMyuZc44PrYyr2Gfkoti8=) has send a requested to sell pigsteakmeat x1 at the trader "Hunting_Fishing (Boris [Hunting Trader])" in market zone "Outpost 42" (pos=<7196.500000, 252.990005, 6976.500000>).
01:09:09 [Market] Player "Mr. Tux" (id=3FCmlLdqs97wNYtgsvMTGavMyuZc44PrYyr2Gfkoti8=) has sold pigsteakmeat x1 at the trader "Hunting_Fishing (Boris [Hunting Trader])" in market zone "Outpost 42" (pos=<7196.500000, 252.990005, 6976.500000>) and got 16.
01:09:40 [Market] Player "Mr. Tux" (id=3FCmlLdqs97wNYtgsvMTGavMyuZc44PrYyr2Gfkoti8=) has send a requested to sell ttc_308stanag x1 at the trader "Ammo_Attachments (Taiki [Ammo & Attachments])" in market zone "Outpost 42" (pos=<7196.500000, 252.990005, 6976.500000>).
01:09:40 [Market] Player "Mr. Tux" (id=3FCmlLdqs97wNYtgsvMTGavMyuZc44PrYyr2Gfkoti8=) has sold ttc_308stanag x1 at the trader "Ammo_Attachments (Taiki [Ammo & Attachments])" in market zone "Outpost 42" (pos=<7196.500000, 252.990005, 6976.500000>) and got 50.
01:10:15 [Market] Player "Mr. Tux" (id=3FCmlLdqs97wNYtgsvMTGavMyuZc44PrYyr2Gfkoti8=) has send a requested to sell painkillertablets x1 at the trader "Medic (Lewis [Medic])" in market zone "Outpost 42" (pos=<7196.500000, 252.990005, 6976.500000>).
01:10:15 [Market] Player "Mr. Tux" (id=3FCmlLdqs97wNYtgsvMTGavMyuZc44PrYyr2Gfkoti8=) has sold painkillertablets x1 at the trader "Medic (Lewis [Medic])" in market zone "Outpost 42" (pos=<7196.500000, 252.990005, 6976.500000>) and got 46.
01:21:29 [Market] Player "Mr. Tux" (id=3FCmlLdqs97wNYtgsvMTGavMyuZc44PrYyr2Gfkoti8=) has send a requested to sell ammo_762x54 x20 at the trader "Ammo_Attachments (Taiki [Ammo & Attachments])" in market zone "Outpost 42" (pos=<7196.500000, 252.990005, 6976.500000>).
01:21:30 [Market] Player "Mr. Tux" (id=3FCmlLdqs97wNYtgsvMTGavMyuZc44PrYyr2Gfkoti8=) has sold ammo_762x54 x20 at the trader "Ammo_Attachments (Taiki [Ammo & Attachments])" in market zone "Outpost 42" (pos=<7196.500000, 252.990005, 6976.500000>) and got 20.
01:24:20 [Market] Player "Mr. Tux" (id=3FCmlLdqs97wNYtgsvMTGavMyuZc44PrYyr2Gfkoti8=) has send a requested to purchase tlrlight x1 from the trader "Ammo_Attachments (Taiki [Ammo & Attachments])" in market zone "Outpost 42" (pos=<7196.500000, 252.990005, 6976.500000>).
01:24:20 [Market] Player "Mr. Tux" (id=3FCmlLdqs97wNYtgsvMTGavMyuZc44PrYyr2Gfkoti8=) has bought tlrlight x1 from the trader "Ammo_Attachments (Taiki [Ammo & Attachments])" in market zone "Outpost 42" (pos=<7196.500000, 252.990005, 6976.500000>) for a price of 120.
01:25:11 [Market] Player "Mr. Tux" (id=3FCmlLdqs97wNYtgsvMTGavMyuZc44PrYyr2Gfkoti8=) has send a requested to sell militarygear_alicebag_tiger x1 at the trader "MilitaryGear (Judy [Military Gear])" in market zone "Outpost 42" (pos=<7196.500000, 252.990005, 6976.500000>).
01:25:12 [Market] Player "Mr. Tux" (id=3FCmlLdqs97wNYtgsvMTGavMyuZc44PrYyr2Gfkoti8=) has sold militarygear_alicebag_tiger x1 at the trader "MilitaryGear (Judy [Military Gear])" in market zone "Outpost 42" (pos=<7196.500000, 252.990005, 6976.500000>) and got 750.
01:26:04 [Market] Player "Mr. Tux" (id=3FCmlLdqs97wNYtgsvMTGavMyuZc44PrYyr2Gfkoti8=) has send a requested to sell hammer x1 at the trader "Tools_Supplies (Kaito [Tools & Supplies])" in market zone "Outpost 42" (pos=<7196.500000, 252.990005, 6976.500000>).
01:26:04 [Market] Player "Mr. Tux" (id=3FCmlLdqs97wNYtgsvMTGavMyuZc44PrYyr2Gfkoti8=) has sold hammer x1 at the trader "Tools_Supplies (Kaito [Tools & Supplies])" in market zone "Outpost 42" (pos=<7196.500000, 252.990005, 6976.500000>) and got 50.
01:26:24 [Market] Player "Mr. Tux" (id=3FCmlLdqs97wNYtgsvMTGavMyuZc44PrYyr2Gfkoti8=) has send a requested to purchase nailbox x5 from the trader "Tools_Supplies (Kaito [Tools & Supplies])" in market zone "Outpost 42" (pos=<7196.500000, 252.990005, 6976.500000>).
01:26:25 [Market] Player "Mr. Tux" (id=3FCmlLdqs97wNYtgsvMTGavMyuZc44PrYyr2Gfkoti8=) has bought nailbox x5 from the trader "Tools_Supplies (Kaito [Tools & Supplies])" in market zone "Outpost 42" (pos=<7196.500000, 252.990005, 6976.500000>) for a price of 2500.
01:27:32 [Safezone] Player "Mr. Tux" (id=3FCmlLdqs97wNYtgsvMTGavMyuZc44PrYyr2Gfkoti8= pos=<7018.181641, 276.725983, 6889.857422>) Left the safezone
01:33:40 [Party] Player "Mr. Tux" (id=3FCmlLdqs97wNYtgsvMTGavMyuZc44PrYyr2Gfkoti8=) left the party "Scarred Reapers" (id=15 ownerUID=3FCmlLdqs97wNYtgsvMTGavMyuZc44PrYyr2Gfkoti8= ownerName=Mr. Tux)
01:34:21 [Party] Player "Mr. Tux" (id=3FCmlLdqs97wNYtgsvMTGavMyuZc44PrYyr2Gfkoti8=) joinded the party "Scarred Reapers" (id=15 ownerUID=3FCmlLdqs97wNYtgsvMTGavMyuZc44PrYyr2Gfkoti8= ownerName=Mr. Tux)
02:09:46 [Safezone] Player "Mr. Tux" (id=3FCmlLdqs97wNYtgsvMTGavMyuZc44PrYyr2Gfkoti8= pos=<7155.977539, 263.870239, 7110.418457>) Entered the safezone
02:10:34 [Market] Player "Mr. Tux" (id=3FCmlLdqs97wNYtgsvMTGavMyuZc44PrYyr2Gfkoti8=) has send a requested to sell cowpelt x1 at the trader "Hunting_Fishing (Boris [Hunting Trader])" in market zone "Outpost 42" (pos=<7196.500000, 252.990005, 6976.500000>).
02:10:34 [Market] Player "Mr. Tux" (id=3FCmlLdqs97wNYtgsvMTGavMyuZc44PrYyr2Gfkoti8=) has sold cowpelt x1 at the trader "Hunting_Fishing (Boris [Hunting Trader])" in market zone "Outpost 42" (pos=<7196.500000, 252.990005, 6976.500000>) and got 1000.
02:10:38 [Market] Player "Mr. Tux" (id=3FCmlLdqs97wNYtgsvMTGavMyuZc44PrYyr2Gfkoti8=) has send a requested to sell cowsteakmeat x1 at the trader "Hunting_Fishing (Boris [Hunting Trader])" in market zone "Outpost 42" (pos=<7196.500000, 252.990005, 6976.500000>).
02:10:38 [Market] Player "Mr. Tux" (id=3FCmlLdqs97wNYtgsvMTGavMyuZc44PrYyr2Gfkoti8=) has sold cowsteakmeat x1 at the trader "Hunting_Fishing (Boris [Hunting Trader])" in market zone "Outpost 42" (pos=<7196.500000, 252.990005, 6976.500000>) and got 24.
02:10:38 [Market] Player "Mr. Tux" (id=3FCmlLdqs97wNYtgsvMTGavMyuZc44PrYyr2Gfkoti8=) has send a requested to sell cowsteakmeat x1 at the trader "Hunting_Fishing (Boris [Hunting Trader])" in market zone "Outpost 42" (pos=<7196.500000, 252.990005, 6976.500000>).
02:10:38 [Market] Player "Mr. Tux" (id=3FCmlLdqs97wNYtgsvMTGavMyuZc44PrYyr2Gfkoti8=) has sold cowsteakmeat x1 at the trader "Hunting_Fishing (Boris [Hunting Trader])" in market zone "Outpost 42" (pos=<7196.500000, 252.990005, 6976.500000>) and got 24.
02:10:38 [Market] Player "Mr. Tux" (id=3FCmlLdqs97wNYtgsvMTGavMyuZc44PrYyr2Gfkoti8=) has send a requested to sell cowsteakmeat x1 at the trader "Hunting_Fishing (Boris [Hunting Trader])" in market zone "Outpost 42" (pos=<7196.500000, 252.990005, 6976.500000>).
02:10:38 [Market] Player "Mr. Tux" (id=3FCmlLdqs97wNYtgsvMTGavMyuZc44PrYyr2Gfkoti8=) has sold cowsteakmeat x1 at the trader "Hunting_Fishing (Boris [Hunting Trader])" in market zone "Outpost 42" (pos=<7196.500000, 252.990005, 6976.500000>) and got 26.
02:10:39 [Market] Player "Mr. Tux" (id=3FCmlLdqs97wNYtgsvMTGavMyuZc44PrYyr2Gfkoti8=) has send a requested to sell cowsteakmeat x1 at the trader "Hunting_Fishing (Boris [Hunting Trader])" in market zone "Outpost 42" (pos=<7196.500000, 252.990005, 6976.500000>).
02:10:39 [Market] Player "Mr. Tux" (id=3FCmlLdqs97wNYtgsvMTGavMyuZc44PrYyr2Gfkoti8=) has sold cowsteakmeat x1 at the trader "Hunting_Fishing (Boris [Hunting Trader])" in market zone "Outpost 42" (pos=<7196.500000, 252.990005, 6976.500000>) and got 25.
02:11:36 [Market] Player "Mr. Tux" (id=3FCmlLdqs97wNYtgsvMTGavMyuZc44PrYyr2Gfkoti8=) has send a requested to sell rope x7 at the trader "Tools_Supplies (Kaito [Tools & Supplies])" in market zone "Outpost 42" (pos=<7196.500000, 252.990005, 6976.500000>).
02:11:36 [Market] Player "Mr. Tux" (id=3FCmlLdqs97wNYtgsvMTGavMyuZc44PrYyr2Gfkoti8=) has sold rope x7 at the trader "Tools_Supplies (Kaito [Tools & Supplies])" in market zone "Outpost 42" (pos=<7196.500000, 252.990005, 6976.500000>) and got 350.
02:12:31 [Safezone] Player "Mr. Tux" (id=3FCmlLdqs97wNYtgsvMTGavMyuZc44PrYyr2Gfkoti8= pos=<7147.162598, 261.271912, 7176.792480>) Left the safezone
02:14:13 [Safezone] Player "Mr. Tux" (id=3FCmlLdqs97wNYtgsvMTGavMyuZc44PrYyr2Gfkoti8= pos=<7166.565918, 261.433746, 7113.139160>) Entered the safezone
02:15:18 [Market] Player "Mr. Tux" (id=3FCmlLdqs97wNYtgsvMTGavMyuZc44PrYyr2Gfkoti8=) has send a requested to sell cowsteakmeat x13 at the trader "Hunting_Fishing (Boris [Hunting Trader])" in market zone "Outpost 42" (pos=<7196.500000, 252.990005, 6976.500000>).
02:15:19 [Market] Player "Mr. Tux" (id=3FCmlLdqs97wNYtgsvMTGavMyuZc44PrYyr2Gfkoti8=) has sold cowsteakmeat x13 at the trader "Hunting_Fishing (Boris [Hunting Trader])" in market zone "Outpost 42" (pos=<7196.500000, 252.990005, 6976.500000>) and got 338.
02:17:11 [Safezone] Player "Mr. Tux" (id=3FCmlLdqs97wNYtgsvMTGavMyuZc44PrYyr2Gfkoti8= pos=<7155.323730, 262.550659, 7138.003418>) Left the safezone
02:20:07 [Party] Player "Mr. Tux" (id=3FCmlLdqs97wNYtgsvMTGavMyuZc44PrYyr2Gfkoti8=) left the party "Scarred Reapers" (id=15 ownerUID=3FCmlLdqs97wNYtgsvMTGavMyuZc44PrYyr2Gfkoti8= ownerName=Mr. Tux)
02:25:47 [Party] Player "Mr. Tux" (id=3FCmlLdqs97wNYtgsvMTGavMyuZc44PrYyr2Gfkoti8=) joinded the party "Scarred Reapers" (id=15 ownerUID=3FCmlLdqs97wNYtgsvMTGavMyuZc44PrYyr2Gfkoti8= ownerName=Mr. Tux)
03:11:07 [Party] Player "Mr. Tux" (id=3FCmlLdqs97wNYtgsvMTGavMyuZc44PrYyr2Gfkoti8=) left the party "Scarred Reapers" (id=15 ownerUID=3FCmlLdqs97wNYtgsvMTGavMyuZc44PrYyr2Gfkoti8= ownerName=Mr. Tux)
